

================================================================
== Vitis HLS Report for 'sha2561'
================================================================
* Date:           Thu Jul 27 01:32:15 2023

* Version:        2022.1 (Build 3526262 on Mon Apr 18 15:47:01 MDT 2022)
* Project:        shat
* Solution:       solution1 (Vivado IP Flow Target)
* Product family: virtexuplus
* Target device:  xcu280-fsvh2892-2L-e


================================================================
== Performance Estimates
================================================================
+ Timing: 
    * Summary: 
    +--------+----------+----------+------------+
    |  Clock |  Target  | Estimated| Uncertainty|
    +--------+----------+----------+------------+
    |ap_clk  |  10.00 ns|  7.175 ns|     2.70 ns|
    +--------+----------+----------+------------+

+ Latency: 
    * Summary: 
    +---------+---------+----------+----------+-----+-----+---------+
    |  Latency (cycles) |  Latency (absolute) |  Interval | Pipeline|
    |   min   |   max   |    min   |    max   | min | max |   Type  |
    +---------+---------+----------+----------+-----+-----+---------+
    |        ?|        ?|         ?|         ?|    ?|    ?|       no|
    +---------+---------+----------+----------+-----+-----+---------+

    + Detail: 
        * Instance: 
        N/A

        * Loop: 
        +-------------------+---------+---------+----------+-----------+-----------+------+----------+
        |                   |  Latency (cycles) | Iteration|  Initiation Interval  | Trip |          |
        |     Loop Name     |   min   |   max   |  Latency |  achieved |   target  | Count| Pipelined|
        +-------------------+---------+---------+----------+-----------+-----------+------+----------+
        |- VITIS_LOOP_90_1  |        ?|        ?|      3400|          -|          -|     ?|        no|
        +-------------------+---------+---------+----------+-----------+-----------+------+----------+

============================================================
+ Verbose Summary: Synthesis Manager
============================================================
InlineROM: 1
ExposeGlobal: 0
============================================================
+ Verbose Summary: CDFG Model
============================================================
IsTopModel: 0
ResetActiveHigh: 1
IsCombinational: 0
IsDatapathOnly: 0
HasWiredReturn: 1
HasMFsm: 0
HasVarLatency: 1
IsPipeline: 0
IsRtlPipelined: 0
IsInstanceOverlapped: 0
IsDontTouch: 0
HasImplIP: 0
IsGatedGlobalClock: 0


============================================================
+ Verbose Summary: Schedule
============================================================
* Number of FSM states : 6
* Pipeline : 0
* Dataflow Pipeline: 0

* FSM state transitions: 
1 --> 2 
2 --> 3 6 
3 --> 4 
4 --> 5 
5 --> 2 
6 --> 

* FSM state operations: 

State 1 <SV = 0> <Delay = 0.00>
ST_1 : Operation 7 [1/1] (0.00ns)   --->   "%sha256ctx_bitlen_0 = alloca i32 1"   --->   Operation 7 'alloca' 'sha256ctx_bitlen_0' <Predicate = true> <Delay = 0.00>
ST_1 : Operation 8 [1/1] (0.00ns)   --->   "%sha256ctx_bitlen_1 = alloca i32 1"   --->   Operation 8 'alloca' 'sha256ctx_bitlen_1' <Predicate = true> <Delay = 0.00>
ST_1 : Operation 9 [1/1] (0.00ns)   --->   "%seg_buf = alloca i32 1"   --->   Operation 9 'alloca' 'seg_buf' <Predicate = true> <Delay = 0.00>
ST_1 : Operation 10 [1/1] (0.00ns)   --->   "%seg_buf_1 = alloca i32 1"   --->   Operation 10 'alloca' 'seg_buf_1' <Predicate = true> <Delay = 0.00>
ST_1 : Operation 11 [1/1] (0.00ns)   --->   "%seg_buf_2 = alloca i32 1"   --->   Operation 11 'alloca' 'seg_buf_2' <Predicate = true> <Delay = 0.00>
ST_1 : Operation 12 [1/1] (0.00ns)   --->   "%seg_buf_3 = alloca i32 1"   --->   Operation 12 'alloca' 'seg_buf_3' <Predicate = true> <Delay = 0.00>
ST_1 : Operation 13 [1/1] (0.00ns)   --->   "%seg_buf_4 = alloca i32 1"   --->   Operation 13 'alloca' 'seg_buf_4' <Predicate = true> <Delay = 0.00>
ST_1 : Operation 14 [1/1] (0.00ns)   --->   "%seg_buf_5 = alloca i32 1"   --->   Operation 14 'alloca' 'seg_buf_5' <Predicate = true> <Delay = 0.00>
ST_1 : Operation 15 [1/1] (0.00ns)   --->   "%seg_buf_6 = alloca i32 1"   --->   Operation 15 'alloca' 'seg_buf_6' <Predicate = true> <Delay = 0.00>
ST_1 : Operation 16 [1/1] (0.00ns)   --->   "%seg_buf_7 = alloca i32 1"   --->   Operation 16 'alloca' 'seg_buf_7' <Predicate = true> <Delay = 0.00>
ST_1 : Operation 17 [1/1] (0.00ns)   --->   "%seg_buf_8 = alloca i32 1"   --->   Operation 17 'alloca' 'seg_buf_8' <Predicate = true> <Delay = 0.00>
ST_1 : Operation 18 [1/1] (0.00ns)   --->   "%seg_buf_9 = alloca i32 1"   --->   Operation 18 'alloca' 'seg_buf_9' <Predicate = true> <Delay = 0.00>
ST_1 : Operation 19 [1/1] (0.00ns)   --->   "%seg_buf_10 = alloca i32 1"   --->   Operation 19 'alloca' 'seg_buf_10' <Predicate = true> <Delay = 0.00>
ST_1 : Operation 20 [1/1] (0.00ns)   --->   "%seg_buf_11 = alloca i32 1"   --->   Operation 20 'alloca' 'seg_buf_11' <Predicate = true> <Delay = 0.00>
ST_1 : Operation 21 [1/1] (0.00ns)   --->   "%seg_buf_12 = alloca i32 1"   --->   Operation 21 'alloca' 'seg_buf_12' <Predicate = true> <Delay = 0.00>
ST_1 : Operation 22 [1/1] (0.00ns)   --->   "%seg_buf_13 = alloca i32 1"   --->   Operation 22 'alloca' 'seg_buf_13' <Predicate = true> <Delay = 0.00>
ST_1 : Operation 23 [1/1] (0.00ns)   --->   "%seg_buf_14 = alloca i32 1"   --->   Operation 23 'alloca' 'seg_buf_14' <Predicate = true> <Delay = 0.00>
ST_1 : Operation 24 [1/1] (0.00ns)   --->   "%seg_buf_15 = alloca i32 1"   --->   Operation 24 'alloca' 'seg_buf_15' <Predicate = true> <Delay = 0.00>
ST_1 : Operation 25 [1/1] (0.00ns)   --->   "%seg_buf_16 = alloca i32 1"   --->   Operation 25 'alloca' 'seg_buf_16' <Predicate = true> <Delay = 0.00>
ST_1 : Operation 26 [1/1] (0.00ns)   --->   "%seg_buf_17 = alloca i32 1"   --->   Operation 26 'alloca' 'seg_buf_17' <Predicate = true> <Delay = 0.00>
ST_1 : Operation 27 [1/1] (0.00ns)   --->   "%seg_buf_18 = alloca i32 1"   --->   Operation 27 'alloca' 'seg_buf_18' <Predicate = true> <Delay = 0.00>
ST_1 : Operation 28 [1/1] (0.00ns)   --->   "%seg_buf_19 = alloca i32 1"   --->   Operation 28 'alloca' 'seg_buf_19' <Predicate = true> <Delay = 0.00>
ST_1 : Operation 29 [1/1] (0.00ns)   --->   "%seg_buf_20 = alloca i32 1"   --->   Operation 29 'alloca' 'seg_buf_20' <Predicate = true> <Delay = 0.00>
ST_1 : Operation 30 [1/1] (0.00ns)   --->   "%seg_buf_21 = alloca i32 1"   --->   Operation 30 'alloca' 'seg_buf_21' <Predicate = true> <Delay = 0.00>
ST_1 : Operation 31 [1/1] (0.00ns)   --->   "%seg_buf_22 = alloca i32 1"   --->   Operation 31 'alloca' 'seg_buf_22' <Predicate = true> <Delay = 0.00>
ST_1 : Operation 32 [1/1] (0.00ns)   --->   "%seg_buf_23 = alloca i32 1"   --->   Operation 32 'alloca' 'seg_buf_23' <Predicate = true> <Delay = 0.00>
ST_1 : Operation 33 [1/1] (0.00ns)   --->   "%seg_buf_24 = alloca i32 1"   --->   Operation 33 'alloca' 'seg_buf_24' <Predicate = true> <Delay = 0.00>
ST_1 : Operation 34 [1/1] (0.00ns)   --->   "%seg_buf_25 = alloca i32 1"   --->   Operation 34 'alloca' 'seg_buf_25' <Predicate = true> <Delay = 0.00>
ST_1 : Operation 35 [1/1] (0.00ns)   --->   "%seg_buf_26 = alloca i32 1"   --->   Operation 35 'alloca' 'seg_buf_26' <Predicate = true> <Delay = 0.00>
ST_1 : Operation 36 [1/1] (0.00ns)   --->   "%seg_buf_27 = alloca i32 1"   --->   Operation 36 'alloca' 'seg_buf_27' <Predicate = true> <Delay = 0.00>
ST_1 : Operation 37 [1/1] (0.00ns)   --->   "%seg_buf_28 = alloca i32 1"   --->   Operation 37 'alloca' 'seg_buf_28' <Predicate = true> <Delay = 0.00>
ST_1 : Operation 38 [1/1] (0.00ns)   --->   "%seg_buf_29 = alloca i32 1"   --->   Operation 38 'alloca' 'seg_buf_29' <Predicate = true> <Delay = 0.00>
ST_1 : Operation 39 [1/1] (0.00ns)   --->   "%seg_buf_30 = alloca i32 1"   --->   Operation 39 'alloca' 'seg_buf_30' <Predicate = true> <Delay = 0.00>
ST_1 : Operation 40 [1/1] (0.00ns)   --->   "%seg_buf_31 = alloca i32 1"   --->   Operation 40 'alloca' 'seg_buf_31' <Predicate = true> <Delay = 0.00>
ST_1 : Operation 41 [1/1] (0.00ns)   --->   "%seg_buf_32 = alloca i32 1"   --->   Operation 41 'alloca' 'seg_buf_32' <Predicate = true> <Delay = 0.00>
ST_1 : Operation 42 [1/1] (0.00ns)   --->   "%seg_buf_33 = alloca i32 1"   --->   Operation 42 'alloca' 'seg_buf_33' <Predicate = true> <Delay = 0.00>
ST_1 : Operation 43 [1/1] (0.00ns)   --->   "%seg_buf_34 = alloca i32 1"   --->   Operation 43 'alloca' 'seg_buf_34' <Predicate = true> <Delay = 0.00>
ST_1 : Operation 44 [1/1] (0.00ns)   --->   "%seg_buf_35 = alloca i32 1"   --->   Operation 44 'alloca' 'seg_buf_35' <Predicate = true> <Delay = 0.00>
ST_1 : Operation 45 [1/1] (0.00ns)   --->   "%seg_buf_36 = alloca i32 1"   --->   Operation 45 'alloca' 'seg_buf_36' <Predicate = true> <Delay = 0.00>
ST_1 : Operation 46 [1/1] (0.00ns)   --->   "%seg_buf_37 = alloca i32 1"   --->   Operation 46 'alloca' 'seg_buf_37' <Predicate = true> <Delay = 0.00>
ST_1 : Operation 47 [1/1] (0.00ns)   --->   "%seg_buf_38 = alloca i32 1"   --->   Operation 47 'alloca' 'seg_buf_38' <Predicate = true> <Delay = 0.00>
ST_1 : Operation 48 [1/1] (0.00ns)   --->   "%seg_buf_39 = alloca i32 1"   --->   Operation 48 'alloca' 'seg_buf_39' <Predicate = true> <Delay = 0.00>
ST_1 : Operation 49 [1/1] (0.00ns)   --->   "%seg_buf_40 = alloca i32 1"   --->   Operation 49 'alloca' 'seg_buf_40' <Predicate = true> <Delay = 0.00>
ST_1 : Operation 50 [1/1] (0.00ns)   --->   "%seg_buf_41 = alloca i32 1"   --->   Operation 50 'alloca' 'seg_buf_41' <Predicate = true> <Delay = 0.00>
ST_1 : Operation 51 [1/1] (0.00ns)   --->   "%seg_buf_42 = alloca i32 1"   --->   Operation 51 'alloca' 'seg_buf_42' <Predicate = true> <Delay = 0.00>
ST_1 : Operation 52 [1/1] (0.00ns)   --->   "%seg_buf_43 = alloca i32 1"   --->   Operation 52 'alloca' 'seg_buf_43' <Predicate = true> <Delay = 0.00>
ST_1 : Operation 53 [1/1] (0.00ns)   --->   "%seg_buf_44 = alloca i32 1"   --->   Operation 53 'alloca' 'seg_buf_44' <Predicate = true> <Delay = 0.00>
ST_1 : Operation 54 [1/1] (0.00ns)   --->   "%seg_buf_45 = alloca i32 1"   --->   Operation 54 'alloca' 'seg_buf_45' <Predicate = true> <Delay = 0.00>
ST_1 : Operation 55 [1/1] (0.00ns)   --->   "%seg_buf_46 = alloca i32 1"   --->   Operation 55 'alloca' 'seg_buf_46' <Predicate = true> <Delay = 0.00>
ST_1 : Operation 56 [1/1] (0.00ns)   --->   "%seg_buf_47 = alloca i32 1"   --->   Operation 56 'alloca' 'seg_buf_47' <Predicate = true> <Delay = 0.00>
ST_1 : Operation 57 [1/1] (0.00ns)   --->   "%seg_buf_48 = alloca i32 1"   --->   Operation 57 'alloca' 'seg_buf_48' <Predicate = true> <Delay = 0.00>
ST_1 : Operation 58 [1/1] (0.00ns)   --->   "%seg_buf_49 = alloca i32 1"   --->   Operation 58 'alloca' 'seg_buf_49' <Predicate = true> <Delay = 0.00>
ST_1 : Operation 59 [1/1] (0.00ns)   --->   "%seg_buf_50 = alloca i32 1"   --->   Operation 59 'alloca' 'seg_buf_50' <Predicate = true> <Delay = 0.00>
ST_1 : Operation 60 [1/1] (0.00ns)   --->   "%seg_buf_51 = alloca i32 1"   --->   Operation 60 'alloca' 'seg_buf_51' <Predicate = true> <Delay = 0.00>
ST_1 : Operation 61 [1/1] (0.00ns)   --->   "%seg_buf_52 = alloca i32 1"   --->   Operation 61 'alloca' 'seg_buf_52' <Predicate = true> <Delay = 0.00>
ST_1 : Operation 62 [1/1] (0.00ns)   --->   "%seg_buf_53 = alloca i32 1"   --->   Operation 62 'alloca' 'seg_buf_53' <Predicate = true> <Delay = 0.00>
ST_1 : Operation 63 [1/1] (0.00ns)   --->   "%seg_buf_54 = alloca i32 1"   --->   Operation 63 'alloca' 'seg_buf_54' <Predicate = true> <Delay = 0.00>
ST_1 : Operation 64 [1/1] (0.00ns)   --->   "%seg_buf_55 = alloca i32 1"   --->   Operation 64 'alloca' 'seg_buf_55' <Predicate = true> <Delay = 0.00>
ST_1 : Operation 65 [1/1] (0.00ns)   --->   "%seg_buf_56 = alloca i32 1"   --->   Operation 65 'alloca' 'seg_buf_56' <Predicate = true> <Delay = 0.00>
ST_1 : Operation 66 [1/1] (0.00ns)   --->   "%seg_buf_57 = alloca i32 1"   --->   Operation 66 'alloca' 'seg_buf_57' <Predicate = true> <Delay = 0.00>
ST_1 : Operation 67 [1/1] (0.00ns)   --->   "%seg_buf_58 = alloca i32 1"   --->   Operation 67 'alloca' 'seg_buf_58' <Predicate = true> <Delay = 0.00>
ST_1 : Operation 68 [1/1] (0.00ns)   --->   "%seg_buf_59 = alloca i32 1"   --->   Operation 68 'alloca' 'seg_buf_59' <Predicate = true> <Delay = 0.00>
ST_1 : Operation 69 [1/1] (0.00ns)   --->   "%seg_buf_60 = alloca i32 1"   --->   Operation 69 'alloca' 'seg_buf_60' <Predicate = true> <Delay = 0.00>
ST_1 : Operation 70 [1/1] (0.00ns)   --->   "%seg_buf_61 = alloca i32 1"   --->   Operation 70 'alloca' 'seg_buf_61' <Predicate = true> <Delay = 0.00>
ST_1 : Operation 71 [1/1] (0.00ns)   --->   "%seg_buf_62 = alloca i32 1"   --->   Operation 71 'alloca' 'seg_buf_62' <Predicate = true> <Delay = 0.00>
ST_1 : Operation 72 [1/1] (0.00ns)   --->   "%seg_buf_63 = alloca i32 1"   --->   Operation 72 'alloca' 'seg_buf_63' <Predicate = true> <Delay = 0.00>
ST_1 : Operation 73 [1/1] (0.00ns)   --->   "%sha256ctx_datalen = alloca i32 1"   --->   Operation 73 'alloca' 'sha256ctx_datalen' <Predicate = true> <Delay = 0.00>
ST_1 : Operation 74 [1/1] (0.00ns)   --->   "%sha256ctx_state_7_0 = alloca i32 1"   --->   Operation 74 'alloca' 'sha256ctx_state_7_0' <Predicate = true> <Delay = 0.00>
ST_1 : Operation 75 [1/1] (0.00ns)   --->   "%sha256ctx_state_6_0 = alloca i32 1"   --->   Operation 75 'alloca' 'sha256ctx_state_6_0' <Predicate = true> <Delay = 0.00>
ST_1 : Operation 76 [1/1] (0.00ns)   --->   "%sha256ctx_state_0_0 = alloca i32 1"   --->   Operation 76 'alloca' 'sha256ctx_state_0_0' <Predicate = true> <Delay = 0.00>
ST_1 : Operation 77 [1/1] (0.00ns)   --->   "%sha256ctx_state_1_0 = alloca i32 1"   --->   Operation 77 'alloca' 'sha256ctx_state_1_0' <Predicate = true> <Delay = 0.00>
ST_1 : Operation 78 [1/1] (0.00ns)   --->   "%sha256ctx_state_2_0 = alloca i32 1"   --->   Operation 78 'alloca' 'sha256ctx_state_2_0' <Predicate = true> <Delay = 0.00>
ST_1 : Operation 79 [1/1] (0.00ns)   --->   "%sha256ctx_state_3_0 = alloca i32 1"   --->   Operation 79 'alloca' 'sha256ctx_state_3_0' <Predicate = true> <Delay = 0.00>
ST_1 : Operation 80 [1/1] (0.00ns)   --->   "%sha256ctx_state_4_0 = alloca i32 1"   --->   Operation 80 'alloca' 'sha256ctx_state_4_0' <Predicate = true> <Delay = 0.00>
ST_1 : Operation 81 [1/1] (0.00ns)   --->   "%sha256ctx_state_5_0 = alloca i32 1"   --->   Operation 81 'alloca' 'sha256ctx_state_5_0' <Predicate = true> <Delay = 0.00>
ST_1 : Operation 82 [1/1] (0.00ns)   --->   "%seg_buf_96_loc = alloca i64 1"   --->   Operation 82 'alloca' 'seg_buf_96_loc' <Predicate = true> <Delay = 0.00>
ST_1 : Operation 83 [1/1] (0.00ns)   --->   "%seg_buf_97_loc = alloca i64 1"   --->   Operation 83 'alloca' 'seg_buf_97_loc' <Predicate = true> <Delay = 0.00>
ST_1 : Operation 84 [1/1] (0.00ns)   --->   "%seg_buf_98_loc = alloca i64 1"   --->   Operation 84 'alloca' 'seg_buf_98_loc' <Predicate = true> <Delay = 0.00>
ST_1 : Operation 85 [1/1] (0.00ns)   --->   "%seg_buf_99_loc = alloca i64 1"   --->   Operation 85 'alloca' 'seg_buf_99_loc' <Predicate = true> <Delay = 0.00>
ST_1 : Operation 86 [1/1] (0.00ns)   --->   "%seg_buf_100_loc = alloca i64 1"   --->   Operation 86 'alloca' 'seg_buf_100_loc' <Predicate = true> <Delay = 0.00>
ST_1 : Operation 87 [1/1] (0.00ns)   --->   "%seg_buf_101_loc = alloca i64 1"   --->   Operation 87 'alloca' 'seg_buf_101_loc' <Predicate = true> <Delay = 0.00>
ST_1 : Operation 88 [1/1] (0.00ns)   --->   "%seg_buf_102_loc = alloca i64 1"   --->   Operation 88 'alloca' 'seg_buf_102_loc' <Predicate = true> <Delay = 0.00>
ST_1 : Operation 89 [1/1] (0.00ns)   --->   "%seg_buf_103_loc = alloca i64 1"   --->   Operation 89 'alloca' 'seg_buf_103_loc' <Predicate = true> <Delay = 0.00>
ST_1 : Operation 90 [1/1] (0.00ns)   --->   "%seg_buf_104_loc = alloca i64 1"   --->   Operation 90 'alloca' 'seg_buf_104_loc' <Predicate = true> <Delay = 0.00>
ST_1 : Operation 91 [1/1] (0.00ns)   --->   "%seg_buf_105_loc = alloca i64 1"   --->   Operation 91 'alloca' 'seg_buf_105_loc' <Predicate = true> <Delay = 0.00>
ST_1 : Operation 92 [1/1] (0.00ns)   --->   "%seg_buf_106_loc = alloca i64 1"   --->   Operation 92 'alloca' 'seg_buf_106_loc' <Predicate = true> <Delay = 0.00>
ST_1 : Operation 93 [1/1] (0.00ns)   --->   "%seg_buf_107_loc = alloca i64 1"   --->   Operation 93 'alloca' 'seg_buf_107_loc' <Predicate = true> <Delay = 0.00>
ST_1 : Operation 94 [1/1] (0.00ns)   --->   "%seg_buf_108_loc = alloca i64 1"   --->   Operation 94 'alloca' 'seg_buf_108_loc' <Predicate = true> <Delay = 0.00>
ST_1 : Operation 95 [1/1] (0.00ns)   --->   "%seg_buf_109_loc = alloca i64 1"   --->   Operation 95 'alloca' 'seg_buf_109_loc' <Predicate = true> <Delay = 0.00>
ST_1 : Operation 96 [1/1] (0.00ns)   --->   "%seg_buf_110_loc = alloca i64 1"   --->   Operation 96 'alloca' 'seg_buf_110_loc' <Predicate = true> <Delay = 0.00>
ST_1 : Operation 97 [1/1] (0.00ns)   --->   "%seg_buf_111_loc = alloca i64 1"   --->   Operation 97 'alloca' 'seg_buf_111_loc' <Predicate = true> <Delay = 0.00>
ST_1 : Operation 98 [1/1] (0.00ns)   --->   "%seg_buf_112_loc = alloca i64 1"   --->   Operation 98 'alloca' 'seg_buf_112_loc' <Predicate = true> <Delay = 0.00>
ST_1 : Operation 99 [1/1] (0.00ns)   --->   "%seg_buf_113_loc = alloca i64 1"   --->   Operation 99 'alloca' 'seg_buf_113_loc' <Predicate = true> <Delay = 0.00>
ST_1 : Operation 100 [1/1] (0.00ns)   --->   "%seg_buf_114_loc = alloca i64 1"   --->   Operation 100 'alloca' 'seg_buf_114_loc' <Predicate = true> <Delay = 0.00>
ST_1 : Operation 101 [1/1] (0.00ns)   --->   "%seg_buf_115_loc = alloca i64 1"   --->   Operation 101 'alloca' 'seg_buf_115_loc' <Predicate = true> <Delay = 0.00>
ST_1 : Operation 102 [1/1] (0.00ns)   --->   "%seg_buf_116_loc = alloca i64 1"   --->   Operation 102 'alloca' 'seg_buf_116_loc' <Predicate = true> <Delay = 0.00>
ST_1 : Operation 103 [1/1] (0.00ns)   --->   "%seg_buf_117_loc = alloca i64 1"   --->   Operation 103 'alloca' 'seg_buf_117_loc' <Predicate = true> <Delay = 0.00>
ST_1 : Operation 104 [1/1] (0.00ns)   --->   "%seg_buf_118_loc = alloca i64 1"   --->   Operation 104 'alloca' 'seg_buf_118_loc' <Predicate = true> <Delay = 0.00>
ST_1 : Operation 105 [1/1] (0.00ns)   --->   "%seg_buf_119_loc = alloca i64 1"   --->   Operation 105 'alloca' 'seg_buf_119_loc' <Predicate = true> <Delay = 0.00>
ST_1 : Operation 106 [1/1] (0.00ns)   --->   "%seg_buf_120_loc = alloca i64 1"   --->   Operation 106 'alloca' 'seg_buf_120_loc' <Predicate = true> <Delay = 0.00>
ST_1 : Operation 107 [1/1] (0.00ns)   --->   "%seg_buf_121_loc = alloca i64 1"   --->   Operation 107 'alloca' 'seg_buf_121_loc' <Predicate = true> <Delay = 0.00>
ST_1 : Operation 108 [1/1] (0.00ns)   --->   "%seg_buf_122_loc = alloca i64 1"   --->   Operation 108 'alloca' 'seg_buf_122_loc' <Predicate = true> <Delay = 0.00>
ST_1 : Operation 109 [1/1] (0.00ns)   --->   "%seg_buf_123_loc = alloca i64 1"   --->   Operation 109 'alloca' 'seg_buf_123_loc' <Predicate = true> <Delay = 0.00>
ST_1 : Operation 110 [1/1] (0.00ns)   --->   "%seg_buf_124_loc = alloca i64 1"   --->   Operation 110 'alloca' 'seg_buf_124_loc' <Predicate = true> <Delay = 0.00>
ST_1 : Operation 111 [1/1] (0.00ns)   --->   "%seg_buf_125_loc = alloca i64 1"   --->   Operation 111 'alloca' 'seg_buf_125_loc' <Predicate = true> <Delay = 0.00>
ST_1 : Operation 112 [1/1] (0.00ns)   --->   "%seg_buf_126_loc = alloca i64 1"   --->   Operation 112 'alloca' 'seg_buf_126_loc' <Predicate = true> <Delay = 0.00>
ST_1 : Operation 113 [1/1] (0.00ns)   --->   "%seg_buf_127_loc = alloca i64 1"   --->   Operation 113 'alloca' 'seg_buf_127_loc' <Predicate = true> <Delay = 0.00>
ST_1 : Operation 114 [1/1] (0.00ns)   --->   "%conv11_loc = alloca i64 1"   --->   Operation 114 'alloca' 'conv11_loc' <Predicate = true> <Delay = 0.00>
ST_1 : Operation 115 [1/1] (0.00ns)   --->   "%conv13_loc = alloca i64 1"   --->   Operation 115 'alloca' 'conv13_loc' <Predicate = true> <Delay = 0.00>
ST_1 : Operation 116 [1/1] (0.00ns)   --->   "%conv15_loc = alloca i64 1"   --->   Operation 116 'alloca' 'conv15_loc' <Predicate = true> <Delay = 0.00>
ST_1 : Operation 117 [1/1] (0.00ns)   --->   "%conv17_loc = alloca i64 1"   --->   Operation 117 'alloca' 'conv17_loc' <Predicate = true> <Delay = 0.00>
ST_1 : Operation 118 [1/1] (0.00ns)   --->   "%conv19_loc = alloca i64 1"   --->   Operation 118 'alloca' 'conv19_loc' <Predicate = true> <Delay = 0.00>
ST_1 : Operation 119 [1/1] (0.00ns)   --->   "%conv21_loc = alloca i64 1"   --->   Operation 119 'alloca' 'conv21_loc' <Predicate = true> <Delay = 0.00>
ST_1 : Operation 120 [1/1] (0.00ns)   --->   "%conv23_loc = alloca i64 1"   --->   Operation 120 'alloca' 'conv23_loc' <Predicate = true> <Delay = 0.00>
ST_1 : Operation 121 [1/1] (0.00ns)   --->   "%conv25_loc = alloca i64 1"   --->   Operation 121 'alloca' 'conv25_loc' <Predicate = true> <Delay = 0.00>
ST_1 : Operation 122 [1/1] (0.00ns)   --->   "%conv27_loc = alloca i64 1"   --->   Operation 122 'alloca' 'conv27_loc' <Predicate = true> <Delay = 0.00>
ST_1 : Operation 123 [1/1] (0.00ns)   --->   "%conv29_loc = alloca i64 1"   --->   Operation 123 'alloca' 'conv29_loc' <Predicate = true> <Delay = 0.00>
ST_1 : Operation 124 [1/1] (0.00ns)   --->   "%conv31_loc = alloca i64 1"   --->   Operation 124 'alloca' 'conv31_loc' <Predicate = true> <Delay = 0.00>
ST_1 : Operation 125 [1/1] (0.00ns)   --->   "%conv33_loc = alloca i64 1"   --->   Operation 125 'alloca' 'conv33_loc' <Predicate = true> <Delay = 0.00>
ST_1 : Operation 126 [1/1] (0.00ns)   --->   "%conv35_loc = alloca i64 1"   --->   Operation 126 'alloca' 'conv35_loc' <Predicate = true> <Delay = 0.00>
ST_1 : Operation 127 [1/1] (0.00ns)   --->   "%conv37_loc = alloca i64 1"   --->   Operation 127 'alloca' 'conv37_loc' <Predicate = true> <Delay = 0.00>
ST_1 : Operation 128 [1/1] (0.00ns)   --->   "%conv39_loc = alloca i64 1"   --->   Operation 128 'alloca' 'conv39_loc' <Predicate = true> <Delay = 0.00>
ST_1 : Operation 129 [1/1] (0.00ns)   --->   "%conv41_loc = alloca i64 1"   --->   Operation 129 'alloca' 'conv41_loc' <Predicate = true> <Delay = 0.00>
ST_1 : Operation 130 [1/1] (0.00ns)   --->   "%conv43_loc = alloca i64 1"   --->   Operation 130 'alloca' 'conv43_loc' <Predicate = true> <Delay = 0.00>
ST_1 : Operation 131 [1/1] (0.00ns)   --->   "%conv45_loc = alloca i64 1"   --->   Operation 131 'alloca' 'conv45_loc' <Predicate = true> <Delay = 0.00>
ST_1 : Operation 132 [1/1] (0.00ns)   --->   "%conv47_loc = alloca i64 1"   --->   Operation 132 'alloca' 'conv47_loc' <Predicate = true> <Delay = 0.00>
ST_1 : Operation 133 [1/1] (0.00ns)   --->   "%conv49_loc = alloca i64 1"   --->   Operation 133 'alloca' 'conv49_loc' <Predicate = true> <Delay = 0.00>
ST_1 : Operation 134 [1/1] (0.00ns)   --->   "%conv51_loc = alloca i64 1"   --->   Operation 134 'alloca' 'conv51_loc' <Predicate = true> <Delay = 0.00>
ST_1 : Operation 135 [1/1] (0.00ns)   --->   "%conv53_loc = alloca i64 1"   --->   Operation 135 'alloca' 'conv53_loc' <Predicate = true> <Delay = 0.00>
ST_1 : Operation 136 [1/1] (0.00ns)   --->   "%conv55_loc = alloca i64 1"   --->   Operation 136 'alloca' 'conv55_loc' <Predicate = true> <Delay = 0.00>
ST_1 : Operation 137 [1/1] (0.00ns)   --->   "%conv57_loc = alloca i64 1"   --->   Operation 137 'alloca' 'conv57_loc' <Predicate = true> <Delay = 0.00>
ST_1 : Operation 138 [1/1] (0.00ns)   --->   "%conv59_loc = alloca i64 1"   --->   Operation 138 'alloca' 'conv59_loc' <Predicate = true> <Delay = 0.00>
ST_1 : Operation 139 [1/1] (0.00ns)   --->   "%conv61_loc = alloca i64 1"   --->   Operation 139 'alloca' 'conv61_loc' <Predicate = true> <Delay = 0.00>
ST_1 : Operation 140 [1/1] (0.00ns)   --->   "%conv63_loc = alloca i64 1"   --->   Operation 140 'alloca' 'conv63_loc' <Predicate = true> <Delay = 0.00>
ST_1 : Operation 141 [1/1] (0.00ns)   --->   "%conv65_loc = alloca i64 1"   --->   Operation 141 'alloca' 'conv65_loc' <Predicate = true> <Delay = 0.00>
ST_1 : Operation 142 [1/1] (0.00ns)   --->   "%conv67_loc = alloca i64 1"   --->   Operation 142 'alloca' 'conv67_loc' <Predicate = true> <Delay = 0.00>
ST_1 : Operation 143 [1/1] (0.00ns)   --->   "%conv69_loc = alloca i64 1"   --->   Operation 143 'alloca' 'conv69_loc' <Predicate = true> <Delay = 0.00>
ST_1 : Operation 144 [1/1] (0.00ns)   --->   "%conv71_loc = alloca i64 1"   --->   Operation 144 'alloca' 'conv71_loc' <Predicate = true> <Delay = 0.00>
ST_1 : Operation 145 [1/1] (0.00ns)   --->   "%conv73_loc = alloca i64 1"   --->   Operation 145 'alloca' 'conv73_loc' <Predicate = true> <Delay = 0.00>
ST_1 : Operation 146 [1/1] (0.00ns)   --->   "%specinterface_ln0 = specinterface void @_ssdm_op_SpecInterface, i584 %output_r, void @empty, i32 0, i32 0, void @empty_0, i32 0, i32 0, void @empty_1, void @empty_1, void @empty_1, i32 0, i32 0, i32 0, i32 0, void @empty_1, void @empty_1, i32 4294967295, i32 0"   --->   Operation 146 'specinterface' 'specinterface_ln0' <Predicate = true> <Delay = 0.00>
ST_1 : Operation 147 [1/1] (0.00ns)   --->   "%specinterface_ln0 = specinterface void @_ssdm_op_SpecInterface, i584 %input_r, void @empty, i32 0, i32 0, void @empty_0, i32 0, i32 0, void @empty_1, void @empty_1, void @empty_1, i32 0, i32 0, i32 0, i32 0, void @empty_1, void @empty_1, i32 4294967295, i32 0"   --->   Operation 147 'specinterface' 'specinterface_ln0' <Predicate = true> <Delay = 0.00>
ST_1 : Operation 148 [1/1] (0.00ns)   --->   "%specinterface_ln0 = specinterface void @_ssdm_op_SpecInterface, i32 0, void @empty_3, i32 0, i32 0, void @empty_1, i32 0, i32 0, void @empty_1, void @empty_1, void @empty_1, i32 0, i32 0, i32 0, i32 0, void @empty_1, void @empty_1, i32 4294967295, i32 0"   --->   Operation 148 'specinterface' 'specinterface_ln0' <Predicate = true> <Delay = 0.00>
ST_1 : Operation 149 [1/1] (0.00ns)   --->   "%sha256ctx_data = alloca i64 1" [sha1/sha2561.cpp:87]   --->   Operation 149 'alloca' 'sha256ctx_data' <Predicate = true> <Delay = 0.00>
ST_1 : Operation 150 [1/1] (0.00ns)   --->   "%store_ln90 = store i32 2600822924, i32 %sha256ctx_state_5_0" [sha1/sha2561.cpp:90]   --->   Operation 150 'store' 'store_ln90' <Predicate = true> <Delay = 0.00>
ST_1 : Operation 151 [1/1] (0.00ns)   --->   "%store_ln90 = store i32 1359893119, i32 %sha256ctx_state_4_0" [sha1/sha2561.cpp:90]   --->   Operation 151 'store' 'store_ln90' <Predicate = true> <Delay = 0.00>
ST_1 : Operation 152 [1/1] (0.00ns)   --->   "%store_ln90 = store i32 2773480762, i32 %sha256ctx_state_3_0" [sha1/sha2561.cpp:90]   --->   Operation 152 'store' 'store_ln90' <Predicate = true> <Delay = 0.00>
ST_1 : Operation 153 [1/1] (0.00ns)   --->   "%store_ln90 = store i32 1013904242, i32 %sha256ctx_state_2_0" [sha1/sha2561.cpp:90]   --->   Operation 153 'store' 'store_ln90' <Predicate = true> <Delay = 0.00>
ST_1 : Operation 154 [1/1] (0.00ns)   --->   "%store_ln90 = store i32 3144134277, i32 %sha256ctx_state_1_0" [sha1/sha2561.cpp:90]   --->   Operation 154 'store' 'store_ln90' <Predicate = true> <Delay = 0.00>
ST_1 : Operation 155 [1/1] (0.00ns)   --->   "%store_ln90 = store i32 1779033703, i32 %sha256ctx_state_0_0" [sha1/sha2561.cpp:90]   --->   Operation 155 'store' 'store_ln90' <Predicate = true> <Delay = 0.00>
ST_1 : Operation 156 [1/1] (0.00ns)   --->   "%store_ln90 = store i32 528734635, i32 %sha256ctx_state_6_0" [sha1/sha2561.cpp:90]   --->   Operation 156 'store' 'store_ln90' <Predicate = true> <Delay = 0.00>
ST_1 : Operation 157 [1/1] (0.00ns)   --->   "%store_ln90 = store i32 1541459225, i32 %sha256ctx_state_7_0" [sha1/sha2561.cpp:90]   --->   Operation 157 'store' 'store_ln90' <Predicate = true> <Delay = 0.00>
ST_1 : Operation 158 [1/1] (0.00ns)   --->   "%store_ln90 = store i32 0, i32 %sha256ctx_datalen" [sha1/sha2561.cpp:90]   --->   Operation 158 'store' 'store_ln90' <Predicate = true> <Delay = 0.00>
ST_1 : Operation 159 [1/1] (0.00ns)   --->   "%store_ln90 = store i32 0, i32 %sha256ctx_bitlen_1" [sha1/sha2561.cpp:90]   --->   Operation 159 'store' 'store_ln90' <Predicate = true> <Delay = 0.00>
ST_1 : Operation 160 [1/1] (0.00ns)   --->   "%store_ln90 = store i32 0, i32 %sha256ctx_bitlen_0" [sha1/sha2561.cpp:90]   --->   Operation 160 'store' 'store_ln90' <Predicate = true> <Delay = 0.00>
ST_1 : Operation 161 [1/1] (0.00ns)   --->   "%br_ln90 = br void %do.body" [sha1/sha2561.cpp:90]   --->   Operation 161 'br' 'br_ln90' <Predicate = true> <Delay = 0.00>

State 2 <SV = 1> <Delay = 1.83>
ST_2 : Operation 162 [1/1] (0.00ns)   --->   "%input_r_read = read i584 @_ssdm_op_Read.axis.volatile.i584P128A, i584 %input_r" [/share/xilinx/Vitis_HLS/2022.1/common/technology/autopilot/hls_stream_39.h:145]   --->   Operation 162 'read' 'input_r_read' <Predicate = true> <Delay = 0.00> <CoreInst = "axis">   --->   Core 123 'axis' <Latency = 0> <II = 1> <Delay = 1.00> <Adapter> <Opcode : >
ST_2 : Operation 163 [1/1] (0.00ns)   --->   "%trunc_ln145 = trunc i584 %input_r_read" [/share/xilinx/Vitis_HLS/2022.1/common/technology/autopilot/hls_stream_39.h:145]   --->   Operation 163 'trunc' 'trunc_ln145' <Predicate = true> <Delay = 0.00>
ST_2 : Operation 164 [1/1] (0.00ns)   --->   "%tmp = bitselect i1 @_ssdm_op_BitSelect.i1.i584.i32, i584 %input_r_read, i32 582" [/share/xilinx/Vitis_HLS/2022.1/common/technology/autopilot/hls_stream_39.h:145]   --->   Operation 164 'bitselect' 'tmp' <Predicate = true> <Delay = 0.00>
ST_2 : Operation 165 [1/1] (0.00ns)   --->   "%br_ln92 = br i1 %tmp, void %VITIS_LOOP_94_2, void %do.end" [sha1/sha2561.cpp:92]   --->   Operation 165 'br' 'br_ln92' <Predicate = true> <Delay = 0.00>
ST_2 : Operation 166 [1/1] (0.00ns)   --->   "%seg_buf_load = load i8 %seg_buf"   --->   Operation 166 'load' 'seg_buf_load' <Predicate = (!tmp)> <Delay = 0.00>
ST_2 : Operation 167 [1/1] (0.00ns)   --->   "%seg_buf_1_load = load i8 %seg_buf_1"   --->   Operation 167 'load' 'seg_buf_1_load' <Predicate = (!tmp)> <Delay = 0.00>
ST_2 : Operation 168 [1/1] (0.00ns)   --->   "%seg_buf_2_load = load i8 %seg_buf_2"   --->   Operation 168 'load' 'seg_buf_2_load' <Predicate = (!tmp)> <Delay = 0.00>
ST_2 : Operation 169 [1/1] (0.00ns)   --->   "%seg_buf_3_load = load i8 %seg_buf_3"   --->   Operation 169 'load' 'seg_buf_3_load' <Predicate = (!tmp)> <Delay = 0.00>
ST_2 : Operation 170 [1/1] (0.00ns)   --->   "%seg_buf_4_load = load i8 %seg_buf_4"   --->   Operation 170 'load' 'seg_buf_4_load' <Predicate = (!tmp)> <Delay = 0.00>
ST_2 : Operation 171 [1/1] (0.00ns)   --->   "%seg_buf_5_load = load i8 %seg_buf_5"   --->   Operation 171 'load' 'seg_buf_5_load' <Predicate = (!tmp)> <Delay = 0.00>
ST_2 : Operation 172 [1/1] (0.00ns)   --->   "%seg_buf_6_load = load i8 %seg_buf_6"   --->   Operation 172 'load' 'seg_buf_6_load' <Predicate = (!tmp)> <Delay = 0.00>
ST_2 : Operation 173 [1/1] (0.00ns)   --->   "%seg_buf_7_load = load i8 %seg_buf_7"   --->   Operation 173 'load' 'seg_buf_7_load' <Predicate = (!tmp)> <Delay = 0.00>
ST_2 : Operation 174 [1/1] (0.00ns)   --->   "%seg_buf_8_load = load i8 %seg_buf_8"   --->   Operation 174 'load' 'seg_buf_8_load' <Predicate = (!tmp)> <Delay = 0.00>
ST_2 : Operation 175 [1/1] (0.00ns)   --->   "%seg_buf_9_load = load i8 %seg_buf_9"   --->   Operation 175 'load' 'seg_buf_9_load' <Predicate = (!tmp)> <Delay = 0.00>
ST_2 : Operation 176 [1/1] (0.00ns)   --->   "%seg_buf_10_load = load i8 %seg_buf_10"   --->   Operation 176 'load' 'seg_buf_10_load' <Predicate = (!tmp)> <Delay = 0.00>
ST_2 : Operation 177 [1/1] (0.00ns)   --->   "%seg_buf_11_load = load i8 %seg_buf_11"   --->   Operation 177 'load' 'seg_buf_11_load' <Predicate = (!tmp)> <Delay = 0.00>
ST_2 : Operation 178 [1/1] (0.00ns)   --->   "%seg_buf_12_load = load i8 %seg_buf_12"   --->   Operation 178 'load' 'seg_buf_12_load' <Predicate = (!tmp)> <Delay = 0.00>
ST_2 : Operation 179 [1/1] (0.00ns)   --->   "%seg_buf_13_load = load i8 %seg_buf_13"   --->   Operation 179 'load' 'seg_buf_13_load' <Predicate = (!tmp)> <Delay = 0.00>
ST_2 : Operation 180 [1/1] (0.00ns)   --->   "%seg_buf_14_load = load i8 %seg_buf_14"   --->   Operation 180 'load' 'seg_buf_14_load' <Predicate = (!tmp)> <Delay = 0.00>
ST_2 : Operation 181 [1/1] (0.00ns)   --->   "%seg_buf_15_load = load i8 %seg_buf_15"   --->   Operation 181 'load' 'seg_buf_15_load' <Predicate = (!tmp)> <Delay = 0.00>
ST_2 : Operation 182 [1/1] (0.00ns)   --->   "%seg_buf_16_load = load i8 %seg_buf_16"   --->   Operation 182 'load' 'seg_buf_16_load' <Predicate = (!tmp)> <Delay = 0.00>
ST_2 : Operation 183 [1/1] (0.00ns)   --->   "%seg_buf_17_load = load i8 %seg_buf_17"   --->   Operation 183 'load' 'seg_buf_17_load' <Predicate = (!tmp)> <Delay = 0.00>
ST_2 : Operation 184 [1/1] (0.00ns)   --->   "%seg_buf_18_load = load i8 %seg_buf_18"   --->   Operation 184 'load' 'seg_buf_18_load' <Predicate = (!tmp)> <Delay = 0.00>
ST_2 : Operation 185 [1/1] (0.00ns)   --->   "%seg_buf_19_load = load i8 %seg_buf_19"   --->   Operation 185 'load' 'seg_buf_19_load' <Predicate = (!tmp)> <Delay = 0.00>
ST_2 : Operation 186 [1/1] (0.00ns)   --->   "%seg_buf_20_load = load i8 %seg_buf_20"   --->   Operation 186 'load' 'seg_buf_20_load' <Predicate = (!tmp)> <Delay = 0.00>
ST_2 : Operation 187 [1/1] (0.00ns)   --->   "%seg_buf_21_load = load i8 %seg_buf_21"   --->   Operation 187 'load' 'seg_buf_21_load' <Predicate = (!tmp)> <Delay = 0.00>
ST_2 : Operation 188 [1/1] (0.00ns)   --->   "%seg_buf_22_load = load i8 %seg_buf_22"   --->   Operation 188 'load' 'seg_buf_22_load' <Predicate = (!tmp)> <Delay = 0.00>
ST_2 : Operation 189 [1/1] (0.00ns)   --->   "%seg_buf_23_load = load i8 %seg_buf_23"   --->   Operation 189 'load' 'seg_buf_23_load' <Predicate = (!tmp)> <Delay = 0.00>
ST_2 : Operation 190 [1/1] (0.00ns)   --->   "%seg_buf_24_load = load i8 %seg_buf_24"   --->   Operation 190 'load' 'seg_buf_24_load' <Predicate = (!tmp)> <Delay = 0.00>
ST_2 : Operation 191 [1/1] (0.00ns)   --->   "%seg_buf_25_load = load i8 %seg_buf_25"   --->   Operation 191 'load' 'seg_buf_25_load' <Predicate = (!tmp)> <Delay = 0.00>
ST_2 : Operation 192 [1/1] (0.00ns)   --->   "%seg_buf_26_load = load i8 %seg_buf_26"   --->   Operation 192 'load' 'seg_buf_26_load' <Predicate = (!tmp)> <Delay = 0.00>
ST_2 : Operation 193 [1/1] (0.00ns)   --->   "%seg_buf_27_load = load i8 %seg_buf_27"   --->   Operation 193 'load' 'seg_buf_27_load' <Predicate = (!tmp)> <Delay = 0.00>
ST_2 : Operation 194 [1/1] (0.00ns)   --->   "%seg_buf_28_load = load i8 %seg_buf_28"   --->   Operation 194 'load' 'seg_buf_28_load' <Predicate = (!tmp)> <Delay = 0.00>
ST_2 : Operation 195 [1/1] (0.00ns)   --->   "%seg_buf_29_load = load i8 %seg_buf_29"   --->   Operation 195 'load' 'seg_buf_29_load' <Predicate = (!tmp)> <Delay = 0.00>
ST_2 : Operation 196 [1/1] (0.00ns)   --->   "%seg_buf_30_load = load i8 %seg_buf_30"   --->   Operation 196 'load' 'seg_buf_30_load' <Predicate = (!tmp)> <Delay = 0.00>
ST_2 : Operation 197 [1/1] (0.00ns)   --->   "%seg_buf_31_load = load i8 %seg_buf_31"   --->   Operation 197 'load' 'seg_buf_31_load' <Predicate = (!tmp)> <Delay = 0.00>
ST_2 : Operation 198 [1/1] (0.00ns)   --->   "%seg_buf_32_load = load i8 %seg_buf_32"   --->   Operation 198 'load' 'seg_buf_32_load' <Predicate = (!tmp)> <Delay = 0.00>
ST_2 : Operation 199 [1/1] (0.00ns)   --->   "%seg_buf_33_load = load i8 %seg_buf_33"   --->   Operation 199 'load' 'seg_buf_33_load' <Predicate = (!tmp)> <Delay = 0.00>
ST_2 : Operation 200 [1/1] (0.00ns)   --->   "%seg_buf_34_load = load i8 %seg_buf_34"   --->   Operation 200 'load' 'seg_buf_34_load' <Predicate = (!tmp)> <Delay = 0.00>
ST_2 : Operation 201 [1/1] (0.00ns)   --->   "%seg_buf_35_load = load i8 %seg_buf_35"   --->   Operation 201 'load' 'seg_buf_35_load' <Predicate = (!tmp)> <Delay = 0.00>
ST_2 : Operation 202 [1/1] (0.00ns)   --->   "%seg_buf_36_load = load i8 %seg_buf_36"   --->   Operation 202 'load' 'seg_buf_36_load' <Predicate = (!tmp)> <Delay = 0.00>
ST_2 : Operation 203 [1/1] (0.00ns)   --->   "%seg_buf_37_load = load i8 %seg_buf_37"   --->   Operation 203 'load' 'seg_buf_37_load' <Predicate = (!tmp)> <Delay = 0.00>
ST_2 : Operation 204 [1/1] (0.00ns)   --->   "%seg_buf_38_load = load i8 %seg_buf_38"   --->   Operation 204 'load' 'seg_buf_38_load' <Predicate = (!tmp)> <Delay = 0.00>
ST_2 : Operation 205 [1/1] (0.00ns)   --->   "%seg_buf_39_load = load i8 %seg_buf_39"   --->   Operation 205 'load' 'seg_buf_39_load' <Predicate = (!tmp)> <Delay = 0.00>
ST_2 : Operation 206 [1/1] (0.00ns)   --->   "%seg_buf_40_load = load i8 %seg_buf_40"   --->   Operation 206 'load' 'seg_buf_40_load' <Predicate = (!tmp)> <Delay = 0.00>
ST_2 : Operation 207 [1/1] (0.00ns)   --->   "%seg_buf_41_load = load i8 %seg_buf_41"   --->   Operation 207 'load' 'seg_buf_41_load' <Predicate = (!tmp)> <Delay = 0.00>
ST_2 : Operation 208 [1/1] (0.00ns)   --->   "%seg_buf_42_load = load i8 %seg_buf_42"   --->   Operation 208 'load' 'seg_buf_42_load' <Predicate = (!tmp)> <Delay = 0.00>
ST_2 : Operation 209 [1/1] (0.00ns)   --->   "%seg_buf_43_load = load i8 %seg_buf_43"   --->   Operation 209 'load' 'seg_buf_43_load' <Predicate = (!tmp)> <Delay = 0.00>
ST_2 : Operation 210 [1/1] (0.00ns)   --->   "%seg_buf_44_load = load i8 %seg_buf_44"   --->   Operation 210 'load' 'seg_buf_44_load' <Predicate = (!tmp)> <Delay = 0.00>
ST_2 : Operation 211 [1/1] (0.00ns)   --->   "%seg_buf_45_load = load i8 %seg_buf_45"   --->   Operation 211 'load' 'seg_buf_45_load' <Predicate = (!tmp)> <Delay = 0.00>
ST_2 : Operation 212 [1/1] (0.00ns)   --->   "%seg_buf_46_load = load i8 %seg_buf_46"   --->   Operation 212 'load' 'seg_buf_46_load' <Predicate = (!tmp)> <Delay = 0.00>
ST_2 : Operation 213 [1/1] (0.00ns)   --->   "%seg_buf_47_load = load i8 %seg_buf_47"   --->   Operation 213 'load' 'seg_buf_47_load' <Predicate = (!tmp)> <Delay = 0.00>
ST_2 : Operation 214 [1/1] (0.00ns)   --->   "%seg_buf_48_load = load i8 %seg_buf_48"   --->   Operation 214 'load' 'seg_buf_48_load' <Predicate = (!tmp)> <Delay = 0.00>
ST_2 : Operation 215 [1/1] (0.00ns)   --->   "%seg_buf_49_load = load i8 %seg_buf_49"   --->   Operation 215 'load' 'seg_buf_49_load' <Predicate = (!tmp)> <Delay = 0.00>
ST_2 : Operation 216 [1/1] (0.00ns)   --->   "%seg_buf_50_load = load i8 %seg_buf_50"   --->   Operation 216 'load' 'seg_buf_50_load' <Predicate = (!tmp)> <Delay = 0.00>
ST_2 : Operation 217 [1/1] (0.00ns)   --->   "%seg_buf_51_load = load i8 %seg_buf_51"   --->   Operation 217 'load' 'seg_buf_51_load' <Predicate = (!tmp)> <Delay = 0.00>
ST_2 : Operation 218 [1/1] (0.00ns)   --->   "%seg_buf_52_load = load i8 %seg_buf_52"   --->   Operation 218 'load' 'seg_buf_52_load' <Predicate = (!tmp)> <Delay = 0.00>
ST_2 : Operation 219 [1/1] (0.00ns)   --->   "%seg_buf_53_load = load i8 %seg_buf_53"   --->   Operation 219 'load' 'seg_buf_53_load' <Predicate = (!tmp)> <Delay = 0.00>
ST_2 : Operation 220 [1/1] (0.00ns)   --->   "%seg_buf_54_load = load i8 %seg_buf_54"   --->   Operation 220 'load' 'seg_buf_54_load' <Predicate = (!tmp)> <Delay = 0.00>
ST_2 : Operation 221 [1/1] (0.00ns)   --->   "%seg_buf_55_load = load i8 %seg_buf_55"   --->   Operation 221 'load' 'seg_buf_55_load' <Predicate = (!tmp)> <Delay = 0.00>
ST_2 : Operation 222 [1/1] (0.00ns)   --->   "%seg_buf_56_load = load i8 %seg_buf_56"   --->   Operation 222 'load' 'seg_buf_56_load' <Predicate = (!tmp)> <Delay = 0.00>
ST_2 : Operation 223 [1/1] (0.00ns)   --->   "%seg_buf_57_load = load i8 %seg_buf_57"   --->   Operation 223 'load' 'seg_buf_57_load' <Predicate = (!tmp)> <Delay = 0.00>
ST_2 : Operation 224 [1/1] (0.00ns)   --->   "%seg_buf_58_load = load i8 %seg_buf_58"   --->   Operation 224 'load' 'seg_buf_58_load' <Predicate = (!tmp)> <Delay = 0.00>
ST_2 : Operation 225 [1/1] (0.00ns)   --->   "%seg_buf_59_load = load i8 %seg_buf_59"   --->   Operation 225 'load' 'seg_buf_59_load' <Predicate = (!tmp)> <Delay = 0.00>
ST_2 : Operation 226 [1/1] (0.00ns)   --->   "%seg_buf_60_load = load i8 %seg_buf_60"   --->   Operation 226 'load' 'seg_buf_60_load' <Predicate = (!tmp)> <Delay = 0.00>
ST_2 : Operation 227 [1/1] (0.00ns)   --->   "%seg_buf_61_load = load i8 %seg_buf_61"   --->   Operation 227 'load' 'seg_buf_61_load' <Predicate = (!tmp)> <Delay = 0.00>
ST_2 : Operation 228 [1/1] (0.00ns)   --->   "%seg_buf_62_load = load i8 %seg_buf_62"   --->   Operation 228 'load' 'seg_buf_62_load' <Predicate = (!tmp)> <Delay = 0.00>
ST_2 : Operation 229 [1/1] (0.00ns)   --->   "%seg_buf_63_load = load i8 %seg_buf_63"   --->   Operation 229 'load' 'seg_buf_63_load' <Predicate = (!tmp)> <Delay = 0.00>
ST_2 : Operation 230 [1/1] (0.00ns)   --->   "%trunc_ln145_1 = trunc i584 %input_r_read" [/share/xilinx/Vitis_HLS/2022.1/common/technology/autopilot/hls_stream_39.h:145]   --->   Operation 230 'trunc' 'trunc_ln145_1' <Predicate = (!tmp)> <Delay = 0.00>
ST_2 : Operation 231 [1/1] (0.00ns)   --->   "%zext_ln174 = zext i583 %trunc_ln145" [/share/xilinx/Vitis_HLS/2022.1/common/technology/autopilot/hls_stream_39.h:174]   --->   Operation 231 'zext' 'zext_ln174' <Predicate = (!tmp)> <Delay = 0.00>
ST_2 : Operation 232 [1/1] (0.00ns)   --->   "%write_ln174 = write void @_ssdm_op_Write.axis.volatile.i584P128A, i584 %output_r, i584 %zext_ln174" [/share/xilinx/Vitis_HLS/2022.1/common/technology/autopilot/hls_stream_39.h:174]   --->   Operation 232 'write' 'write_ln174' <Predicate = (!tmp)> <Delay = 0.00> <CoreInst = "axis">   --->   Core 123 'axis' <Latency = 0> <II = 1> <Delay = 1.00> <Adapter> <Opcode : >
ST_2 : Operation 233 [2/2] (1.83ns)   --->   "%call_ln145 = call void @sha2561_Pipeline_VITIS_LOOP_94_2, i8 %seg_buf_63_load, i8 %seg_buf_62_load, i8 %seg_buf_61_load, i8 %seg_buf_60_load, i8 %seg_buf_59_load, i8 %seg_buf_58_load, i8 %seg_buf_57_load, i8 %seg_buf_56_load, i8 %seg_buf_55_load, i8 %seg_buf_54_load, i8 %seg_buf_53_load, i8 %seg_buf_52_load, i8 %seg_buf_51_load, i8 %seg_buf_50_load, i8 %seg_buf_49_load, i8 %seg_buf_48_load, i8 %seg_buf_47_load, i8 %seg_buf_46_load, i8 %seg_buf_45_load, i8 %seg_buf_44_load, i8 %seg_buf_43_load, i8 %seg_buf_42_load, i8 %seg_buf_41_load, i8 %seg_buf_40_load, i8 %seg_buf_39_load, i8 %seg_buf_38_load, i8 %seg_buf_37_load, i8 %seg_buf_36_load, i8 %seg_buf_35_load, i8 %seg_buf_34_load, i8 %seg_buf_33_load, i8 %seg_buf_32_load, i8 %seg_buf_31_load, i8 %seg_buf_30_load, i8 %seg_buf_29_load, i8 %seg_buf_28_load, i8 %seg_buf_27_load, i8 %seg_buf_26_load, i8 %seg_buf_25_load, i8 %seg_buf_24_load, i8 %seg_buf_23_load, i8 %seg_buf_22_load, i8 %seg_buf_21_load, i8 %seg_buf_20_load, i8 %seg_buf_19_load, i8 %seg_buf_18_load, i8 %seg_buf_17_load, i8 %seg_buf_16_load, i8 %seg_buf_15_load, i8 %seg_buf_14_load, i8 %seg_buf_13_load, i8 %seg_buf_12_load, i8 %seg_buf_11_load, i8 %seg_buf_10_load, i8 %seg_buf_9_load, i8 %seg_buf_8_load, i8 %seg_buf_7_load, i8 %seg_buf_6_load, i8 %seg_buf_5_load, i8 %seg_buf_4_load, i8 %seg_buf_3_load, i8 %seg_buf_2_load, i8 %seg_buf_1_load, i8 %seg_buf_load, i512 %trunc_ln145_1, i8 %conv73_loc, i8 %conv71_loc, i8 %conv69_loc, i8 %conv67_loc, i8 %conv65_loc, i8 %conv63_loc, i8 %conv61_loc, i8 %conv59_loc, i8 %conv57_loc, i8 %conv55_loc, i8 %conv53_loc, i8 %conv51_loc, i8 %conv49_loc, i8 %conv47_loc, i8 %conv45_loc, i8 %conv43_loc, i8 %conv41_loc, i8 %conv39_loc, i8 %conv37_loc, i8 %conv35_loc, i8 %conv33_loc, i8 %conv31_loc, i8 %conv29_loc, i8 %conv27_loc, i8 %conv25_loc, i8 %conv23_loc, i8 %conv21_loc, i8 %conv19_loc, i8 %conv17_loc, i8 %conv15_loc, i8 %conv13_loc, i8 %conv11_loc, i8 %seg_buf_127_loc, i8 %seg_buf_126_loc, i8 %seg_buf_125_loc, i8 %seg_buf_124_loc, i8 %seg_buf_123_loc, i8 %seg_buf_122_loc, i8 %seg_buf_121_loc, i8 %seg_buf_120_loc, i8 %seg_buf_119_loc, i8 %seg_buf_118_loc, i8 %seg_buf_117_loc, i8 %seg_buf_116_loc, i8 %seg_buf_115_loc, i8 %seg_buf_114_loc, i8 %seg_buf_113_loc, i8 %seg_buf_112_loc, i8 %seg_buf_111_loc, i8 %seg_buf_110_loc, i8 %seg_buf_109_loc, i8 %seg_buf_108_loc, i8 %seg_buf_107_loc, i8 %seg_buf_106_loc, i8 %seg_buf_105_loc, i8 %seg_buf_104_loc, i8 %seg_buf_103_loc, i8 %seg_buf_102_loc, i8 %seg_buf_101_loc, i8 %seg_buf_100_loc, i8 %seg_buf_99_loc, i8 %seg_buf_98_loc, i8 %seg_buf_97_loc, i8 %seg_buf_96_loc" [/share/xilinx/Vitis_HLS/2022.1/common/technology/autopilot/hls_stream_39.h:145]   --->   Operation 233 'call' 'call_ln145' <Predicate = (!tmp)> <Delay = 1.83> <CoreType = "Generic">   --->   Core 0 '' <Latency = 0> <II = 1> <Delay = 1.00> <Generic> <Opcode : >
ST_2 : Operation 234 [1/1] (0.00ns)   --->   "%sha256ctx_bitlen_0_load = load i32 %sha256ctx_bitlen_0" [sha1/sha2561.cpp:103]   --->   Operation 234 'load' 'sha256ctx_bitlen_0_load' <Predicate = (tmp)> <Delay = 0.00>
ST_2 : Operation 235 [1/1] (0.00ns)   --->   "%sha256ctx_bitlen_1_load = load i32 %sha256ctx_bitlen_1" [sha1/sha2561.cpp:103]   --->   Operation 235 'load' 'sha256ctx_bitlen_1_load' <Predicate = (tmp)> <Delay = 0.00>
ST_2 : Operation 236 [1/1] (0.00ns)   --->   "%seg_buf_32_load_1 = load i8 %seg_buf_32" [sha1/sha2561.cpp:103]   --->   Operation 236 'load' 'seg_buf_32_load_1' <Predicate = (tmp)> <Delay = 0.00>
ST_2 : Operation 237 [1/1] (0.00ns)   --->   "%seg_buf_33_load_1 = load i8 %seg_buf_33" [sha1/sha2561.cpp:103]   --->   Operation 237 'load' 'seg_buf_33_load_1' <Predicate = (tmp)> <Delay = 0.00>
ST_2 : Operation 238 [1/1] (0.00ns)   --->   "%seg_buf_34_load_1 = load i8 %seg_buf_34" [sha1/sha2561.cpp:103]   --->   Operation 238 'load' 'seg_buf_34_load_1' <Predicate = (tmp)> <Delay = 0.00>
ST_2 : Operation 239 [1/1] (0.00ns)   --->   "%seg_buf_35_load_1 = load i8 %seg_buf_35" [sha1/sha2561.cpp:103]   --->   Operation 239 'load' 'seg_buf_35_load_1' <Predicate = (tmp)> <Delay = 0.00>
ST_2 : Operation 240 [1/1] (0.00ns)   --->   "%seg_buf_36_load_1 = load i8 %seg_buf_36" [sha1/sha2561.cpp:103]   --->   Operation 240 'load' 'seg_buf_36_load_1' <Predicate = (tmp)> <Delay = 0.00>
ST_2 : Operation 241 [1/1] (0.00ns)   --->   "%seg_buf_37_load_1 = load i8 %seg_buf_37" [sha1/sha2561.cpp:103]   --->   Operation 241 'load' 'seg_buf_37_load_1' <Predicate = (tmp)> <Delay = 0.00>
ST_2 : Operation 242 [1/1] (0.00ns)   --->   "%seg_buf_38_load_1 = load i8 %seg_buf_38" [sha1/sha2561.cpp:103]   --->   Operation 242 'load' 'seg_buf_38_load_1' <Predicate = (tmp)> <Delay = 0.00>
ST_2 : Operation 243 [1/1] (0.00ns)   --->   "%seg_buf_39_load_1 = load i8 %seg_buf_39" [sha1/sha2561.cpp:103]   --->   Operation 243 'load' 'seg_buf_39_load_1' <Predicate = (tmp)> <Delay = 0.00>
ST_2 : Operation 244 [1/1] (0.00ns)   --->   "%seg_buf_40_load_1 = load i8 %seg_buf_40" [sha1/sha2561.cpp:103]   --->   Operation 244 'load' 'seg_buf_40_load_1' <Predicate = (tmp)> <Delay = 0.00>
ST_2 : Operation 245 [1/1] (0.00ns)   --->   "%seg_buf_41_load_1 = load i8 %seg_buf_41" [sha1/sha2561.cpp:103]   --->   Operation 245 'load' 'seg_buf_41_load_1' <Predicate = (tmp)> <Delay = 0.00>
ST_2 : Operation 246 [1/1] (0.00ns)   --->   "%seg_buf_42_load_1 = load i8 %seg_buf_42" [sha1/sha2561.cpp:103]   --->   Operation 246 'load' 'seg_buf_42_load_1' <Predicate = (tmp)> <Delay = 0.00>
ST_2 : Operation 247 [1/1] (0.00ns)   --->   "%seg_buf_43_load_1 = load i8 %seg_buf_43" [sha1/sha2561.cpp:103]   --->   Operation 247 'load' 'seg_buf_43_load_1' <Predicate = (tmp)> <Delay = 0.00>
ST_2 : Operation 248 [1/1] (0.00ns)   --->   "%seg_buf_44_load_1 = load i8 %seg_buf_44" [sha1/sha2561.cpp:103]   --->   Operation 248 'load' 'seg_buf_44_load_1' <Predicate = (tmp)> <Delay = 0.00>
ST_2 : Operation 249 [1/1] (0.00ns)   --->   "%seg_buf_45_load_1 = load i8 %seg_buf_45" [sha1/sha2561.cpp:103]   --->   Operation 249 'load' 'seg_buf_45_load_1' <Predicate = (tmp)> <Delay = 0.00>
ST_2 : Operation 250 [1/1] (0.00ns)   --->   "%seg_buf_46_load_1 = load i8 %seg_buf_46" [sha1/sha2561.cpp:103]   --->   Operation 250 'load' 'seg_buf_46_load_1' <Predicate = (tmp)> <Delay = 0.00>
ST_2 : Operation 251 [1/1] (0.00ns)   --->   "%seg_buf_47_load_1 = load i8 %seg_buf_47" [sha1/sha2561.cpp:103]   --->   Operation 251 'load' 'seg_buf_47_load_1' <Predicate = (tmp)> <Delay = 0.00>
ST_2 : Operation 252 [1/1] (0.00ns)   --->   "%seg_buf_48_load_1 = load i8 %seg_buf_48" [sha1/sha2561.cpp:103]   --->   Operation 252 'load' 'seg_buf_48_load_1' <Predicate = (tmp)> <Delay = 0.00>
ST_2 : Operation 253 [1/1] (0.00ns)   --->   "%seg_buf_49_load_1 = load i8 %seg_buf_49" [sha1/sha2561.cpp:103]   --->   Operation 253 'load' 'seg_buf_49_load_1' <Predicate = (tmp)> <Delay = 0.00>
ST_2 : Operation 254 [1/1] (0.00ns)   --->   "%seg_buf_50_load_1 = load i8 %seg_buf_50" [sha1/sha2561.cpp:103]   --->   Operation 254 'load' 'seg_buf_50_load_1' <Predicate = (tmp)> <Delay = 0.00>
ST_2 : Operation 255 [1/1] (0.00ns)   --->   "%seg_buf_51_load_1 = load i8 %seg_buf_51" [sha1/sha2561.cpp:103]   --->   Operation 255 'load' 'seg_buf_51_load_1' <Predicate = (tmp)> <Delay = 0.00>
ST_2 : Operation 256 [1/1] (0.00ns)   --->   "%seg_buf_52_load_1 = load i8 %seg_buf_52" [sha1/sha2561.cpp:103]   --->   Operation 256 'load' 'seg_buf_52_load_1' <Predicate = (tmp)> <Delay = 0.00>
ST_2 : Operation 257 [1/1] (0.00ns)   --->   "%seg_buf_53_load_1 = load i8 %seg_buf_53" [sha1/sha2561.cpp:103]   --->   Operation 257 'load' 'seg_buf_53_load_1' <Predicate = (tmp)> <Delay = 0.00>
ST_2 : Operation 258 [1/1] (0.00ns)   --->   "%seg_buf_54_load_1 = load i8 %seg_buf_54" [sha1/sha2561.cpp:103]   --->   Operation 258 'load' 'seg_buf_54_load_1' <Predicate = (tmp)> <Delay = 0.00>
ST_2 : Operation 259 [1/1] (0.00ns)   --->   "%seg_buf_55_load_1 = load i8 %seg_buf_55" [sha1/sha2561.cpp:103]   --->   Operation 259 'load' 'seg_buf_55_load_1' <Predicate = (tmp)> <Delay = 0.00>
ST_2 : Operation 260 [1/1] (0.00ns)   --->   "%seg_buf_56_load_1 = load i8 %seg_buf_56" [sha1/sha2561.cpp:103]   --->   Operation 260 'load' 'seg_buf_56_load_1' <Predicate = (tmp)> <Delay = 0.00>
ST_2 : Operation 261 [1/1] (0.00ns)   --->   "%seg_buf_57_load_1 = load i8 %seg_buf_57" [sha1/sha2561.cpp:103]   --->   Operation 261 'load' 'seg_buf_57_load_1' <Predicate = (tmp)> <Delay = 0.00>
ST_2 : Operation 262 [1/1] (0.00ns)   --->   "%seg_buf_58_load_1 = load i8 %seg_buf_58" [sha1/sha2561.cpp:103]   --->   Operation 262 'load' 'seg_buf_58_load_1' <Predicate = (tmp)> <Delay = 0.00>
ST_2 : Operation 263 [1/1] (0.00ns)   --->   "%seg_buf_59_load_1 = load i8 %seg_buf_59" [sha1/sha2561.cpp:103]   --->   Operation 263 'load' 'seg_buf_59_load_1' <Predicate = (tmp)> <Delay = 0.00>
ST_2 : Operation 264 [1/1] (0.00ns)   --->   "%seg_buf_60_load_1 = load i8 %seg_buf_60" [sha1/sha2561.cpp:103]   --->   Operation 264 'load' 'seg_buf_60_load_1' <Predicate = (tmp)> <Delay = 0.00>
ST_2 : Operation 265 [1/1] (0.00ns)   --->   "%seg_buf_61_load_1 = load i8 %seg_buf_61" [sha1/sha2561.cpp:103]   --->   Operation 265 'load' 'seg_buf_61_load_1' <Predicate = (tmp)> <Delay = 0.00>
ST_2 : Operation 266 [1/1] (0.00ns)   --->   "%seg_buf_62_load_1 = load i8 %seg_buf_62" [sha1/sha2561.cpp:103]   --->   Operation 266 'load' 'seg_buf_62_load_1' <Predicate = (tmp)> <Delay = 0.00>
ST_2 : Operation 267 [1/1] (0.00ns)   --->   "%seg_buf_63_load_1 = load i8 %seg_buf_63" [sha1/sha2561.cpp:103]   --->   Operation 267 'load' 'seg_buf_63_load_1' <Predicate = (tmp)> <Delay = 0.00>
ST_2 : Operation 268 [1/1] (0.00ns)   --->   "%sha256ctx_datalen_load = load i32 %sha256ctx_datalen" [sha1/sha2561.cpp:103]   --->   Operation 268 'load' 'sha256ctx_datalen_load' <Predicate = (tmp)> <Delay = 0.00>
ST_2 : Operation 269 [1/1] (0.00ns)   --->   "%sha256ctx_state_7_0_load = load i32 %sha256ctx_state_7_0" [sha1/sha2561.cpp:103]   --->   Operation 269 'load' 'sha256ctx_state_7_0_load' <Predicate = (tmp)> <Delay = 0.00>
ST_2 : Operation 270 [1/1] (0.00ns)   --->   "%sha256ctx_state_6_0_load = load i32 %sha256ctx_state_6_0" [sha1/sha2561.cpp:103]   --->   Operation 270 'load' 'sha256ctx_state_6_0_load' <Predicate = (tmp)> <Delay = 0.00>
ST_2 : Operation 271 [1/1] (0.00ns)   --->   "%sha256ctx_state_0_0_load = load i32 %sha256ctx_state_0_0" [sha1/sha2561.cpp:103]   --->   Operation 271 'load' 'sha256ctx_state_0_0_load' <Predicate = (tmp)> <Delay = 0.00>
ST_2 : Operation 272 [1/1] (0.00ns)   --->   "%sha256ctx_state_1_0_load = load i32 %sha256ctx_state_1_0" [sha1/sha2561.cpp:103]   --->   Operation 272 'load' 'sha256ctx_state_1_0_load' <Predicate = (tmp)> <Delay = 0.00>
ST_2 : Operation 273 [1/1] (0.00ns)   --->   "%sha256ctx_state_2_0_load = load i32 %sha256ctx_state_2_0" [sha1/sha2561.cpp:103]   --->   Operation 273 'load' 'sha256ctx_state_2_0_load' <Predicate = (tmp)> <Delay = 0.00>
ST_2 : Operation 274 [1/1] (0.00ns)   --->   "%sha256ctx_state_3_0_load = load i32 %sha256ctx_state_3_0" [sha1/sha2561.cpp:103]   --->   Operation 274 'load' 'sha256ctx_state_3_0_load' <Predicate = (tmp)> <Delay = 0.00>
ST_2 : Operation 275 [1/1] (0.00ns)   --->   "%sha256ctx_state_4_0_load = load i32 %sha256ctx_state_4_0" [sha1/sha2561.cpp:103]   --->   Operation 275 'load' 'sha256ctx_state_4_0_load' <Predicate = (tmp)> <Delay = 0.00>
ST_2 : Operation 276 [1/1] (0.00ns)   --->   "%sha256ctx_state_5_0_load = load i32 %sha256ctx_state_5_0" [sha1/sha2561.cpp:103]   --->   Operation 276 'load' 'sha256ctx_state_5_0_load' <Predicate = (tmp)> <Delay = 0.00>
ST_2 : Operation 277 [1/1] (0.00ns)   --->   "%trunc_ln145_2 = partselect i6 @_ssdm_op_PartSelect.i6.i584.i32.i32, i584 %input_r_read, i32 576, i32 581" [/share/xilinx/Vitis_HLS/2022.1/common/technology/autopilot/hls_stream_39.h:145]   --->   Operation 277 'partselect' 'trunc_ln145_2' <Predicate = (tmp)> <Delay = 0.00>
ST_2 : Operation 278 [2/2] (0.85ns)   --->   "%call_ret = call i256 @sha256_final, i8 %sha256ctx_data, i32 %sha256ctx_datalen_load, i32 %sha256ctx_bitlen_0_load, i32 %sha256ctx_bitlen_1_load, i32 %sha256ctx_state_0_0_load, i32 %sha256ctx_state_1_0_load, i32 %sha256ctx_state_2_0_load, i32 %sha256ctx_state_3_0_load, i32 %sha256ctx_state_4_0_load, i32 %sha256ctx_state_5_0_load, i32 %sha256ctx_state_6_0_load, i32 %sha256ctx_state_7_0_load, i8 %seg_buf_63_load_1, i8 %seg_buf_62_load_1, i8 %seg_buf_61_load_1, i8 %seg_buf_60_load_1, i8 %seg_buf_59_load_1, i8 %seg_buf_58_load_1, i8 %seg_buf_57_load_1, i8 %seg_buf_56_load_1, i8 %seg_buf_55_load_1, i8 %seg_buf_54_load_1, i8 %seg_buf_53_load_1, i8 %seg_buf_52_load_1, i8 %seg_buf_51_load_1, i8 %seg_buf_50_load_1, i8 %seg_buf_49_load_1, i8 %seg_buf_48_load_1, i8 %seg_buf_47_load_1, i8 %seg_buf_46_load_1, i8 %seg_buf_45_load_1, i8 %seg_buf_44_load_1, i8 %seg_buf_43_load_1, i8 %seg_buf_42_load_1, i8 %seg_buf_41_load_1, i8 %seg_buf_40_load_1, i8 %seg_buf_39_load_1, i8 %seg_buf_38_load_1, i8 %seg_buf_37_load_1, i8 %seg_buf_36_load_1, i8 %seg_buf_35_load_1, i8 %seg_buf_34_load_1, i8 %seg_buf_33_load_1, i8 %seg_buf_32_load_1" [sha1/sha2561.cpp:103]   --->   Operation 278 'call' 'call_ret' <Predicate = (tmp)> <Delay = 0.85> <CoreType = "Generic">   --->   Core 0 '' <Latency = 0> <II = 1> <Delay = 1.00> <Generic> <Opcode : >

State 3 <SV = 2> <Delay = 0.98>
ST_3 : Operation 279 [1/2] (0.98ns)   --->   "%call_ln145 = call void @sha2561_Pipeline_VITIS_LOOP_94_2, i8 %seg_buf_63_load, i8 %seg_buf_62_load, i8 %seg_buf_61_load, i8 %seg_buf_60_load, i8 %seg_buf_59_load, i8 %seg_buf_58_load, i8 %seg_buf_57_load, i8 %seg_buf_56_load, i8 %seg_buf_55_load, i8 %seg_buf_54_load, i8 %seg_buf_53_load, i8 %seg_buf_52_load, i8 %seg_buf_51_load, i8 %seg_buf_50_load, i8 %seg_buf_49_load, i8 %seg_buf_48_load, i8 %seg_buf_47_load, i8 %seg_buf_46_load, i8 %seg_buf_45_load, i8 %seg_buf_44_load, i8 %seg_buf_43_load, i8 %seg_buf_42_load, i8 %seg_buf_41_load, i8 %seg_buf_40_load, i8 %seg_buf_39_load, i8 %seg_buf_38_load, i8 %seg_buf_37_load, i8 %seg_buf_36_load, i8 %seg_buf_35_load, i8 %seg_buf_34_load, i8 %seg_buf_33_load, i8 %seg_buf_32_load, i8 %seg_buf_31_load, i8 %seg_buf_30_load, i8 %seg_buf_29_load, i8 %seg_buf_28_load, i8 %seg_buf_27_load, i8 %seg_buf_26_load, i8 %seg_buf_25_load, i8 %seg_buf_24_load, i8 %seg_buf_23_load, i8 %seg_buf_22_load, i8 %seg_buf_21_load, i8 %seg_buf_20_load, i8 %seg_buf_19_load, i8 %seg_buf_18_load, i8 %seg_buf_17_load, i8 %seg_buf_16_load, i8 %seg_buf_15_load, i8 %seg_buf_14_load, i8 %seg_buf_13_load, i8 %seg_buf_12_load, i8 %seg_buf_11_load, i8 %seg_buf_10_load, i8 %seg_buf_9_load, i8 %seg_buf_8_load, i8 %seg_buf_7_load, i8 %seg_buf_6_load, i8 %seg_buf_5_load, i8 %seg_buf_4_load, i8 %seg_buf_3_load, i8 %seg_buf_2_load, i8 %seg_buf_1_load, i8 %seg_buf_load, i512 %trunc_ln145_1, i8 %conv73_loc, i8 %conv71_loc, i8 %conv69_loc, i8 %conv67_loc, i8 %conv65_loc, i8 %conv63_loc, i8 %conv61_loc, i8 %conv59_loc, i8 %conv57_loc, i8 %conv55_loc, i8 %conv53_loc, i8 %conv51_loc, i8 %conv49_loc, i8 %conv47_loc, i8 %conv45_loc, i8 %conv43_loc, i8 %conv41_loc, i8 %conv39_loc, i8 %conv37_loc, i8 %conv35_loc, i8 %conv33_loc, i8 %conv31_loc, i8 %conv29_loc, i8 %conv27_loc, i8 %conv25_loc, i8 %conv23_loc, i8 %conv21_loc, i8 %conv19_loc, i8 %conv17_loc, i8 %conv15_loc, i8 %conv13_loc, i8 %conv11_loc, i8 %seg_buf_127_loc, i8 %seg_buf_126_loc, i8 %seg_buf_125_loc, i8 %seg_buf_124_loc, i8 %seg_buf_123_loc, i8 %seg_buf_122_loc, i8 %seg_buf_121_loc, i8 %seg_buf_120_loc, i8 %seg_buf_119_loc, i8 %seg_buf_118_loc, i8 %seg_buf_117_loc, i8 %seg_buf_116_loc, i8 %seg_buf_115_loc, i8 %seg_buf_114_loc, i8 %seg_buf_113_loc, i8 %seg_buf_112_loc, i8 %seg_buf_111_loc, i8 %seg_buf_110_loc, i8 %seg_buf_109_loc, i8 %seg_buf_108_loc, i8 %seg_buf_107_loc, i8 %seg_buf_106_loc, i8 %seg_buf_105_loc, i8 %seg_buf_104_loc, i8 %seg_buf_103_loc, i8 %seg_buf_102_loc, i8 %seg_buf_101_loc, i8 %seg_buf_100_loc, i8 %seg_buf_99_loc, i8 %seg_buf_98_loc, i8 %seg_buf_97_loc, i8 %seg_buf_96_loc" [/share/xilinx/Vitis_HLS/2022.1/common/technology/autopilot/hls_stream_39.h:145]   --->   Operation 279 'call' 'call_ln145' <Predicate = true> <Delay = 0.98> <CoreType = "Generic">   --->   Core 0 '' <Latency = 0> <II = 1> <Delay = 1.00> <Generic> <Opcode : >

State 4 <SV = 3> <Delay = 1.41>
ST_4 : Operation 280 [1/1] (0.00ns)   --->   "%conv73_loc_load = load i8 %conv73_loc"   --->   Operation 280 'load' 'conv73_loc_load' <Predicate = true> <Delay = 0.00>
ST_4 : Operation 281 [1/1] (0.00ns)   --->   "%conv71_loc_load = load i8 %conv71_loc"   --->   Operation 281 'load' 'conv71_loc_load' <Predicate = true> <Delay = 0.00>
ST_4 : Operation 282 [1/1] (0.00ns)   --->   "%conv69_loc_load = load i8 %conv69_loc"   --->   Operation 282 'load' 'conv69_loc_load' <Predicate = true> <Delay = 0.00>
ST_4 : Operation 283 [1/1] (0.00ns)   --->   "%conv67_loc_load = load i8 %conv67_loc"   --->   Operation 283 'load' 'conv67_loc_load' <Predicate = true> <Delay = 0.00>
ST_4 : Operation 284 [1/1] (0.00ns)   --->   "%conv65_loc_load = load i8 %conv65_loc"   --->   Operation 284 'load' 'conv65_loc_load' <Predicate = true> <Delay = 0.00>
ST_4 : Operation 285 [1/1] (0.00ns)   --->   "%conv63_loc_load = load i8 %conv63_loc"   --->   Operation 285 'load' 'conv63_loc_load' <Predicate = true> <Delay = 0.00>
ST_4 : Operation 286 [1/1] (0.00ns)   --->   "%conv61_loc_load = load i8 %conv61_loc"   --->   Operation 286 'load' 'conv61_loc_load' <Predicate = true> <Delay = 0.00>
ST_4 : Operation 287 [1/1] (0.00ns)   --->   "%conv59_loc_load = load i8 %conv59_loc"   --->   Operation 287 'load' 'conv59_loc_load' <Predicate = true> <Delay = 0.00>
ST_4 : Operation 288 [1/1] (0.00ns)   --->   "%conv57_loc_load = load i8 %conv57_loc"   --->   Operation 288 'load' 'conv57_loc_load' <Predicate = true> <Delay = 0.00>
ST_4 : Operation 289 [1/1] (0.00ns)   --->   "%conv55_loc_load = load i8 %conv55_loc"   --->   Operation 289 'load' 'conv55_loc_load' <Predicate = true> <Delay = 0.00>
ST_4 : Operation 290 [1/1] (0.00ns)   --->   "%conv53_loc_load = load i8 %conv53_loc"   --->   Operation 290 'load' 'conv53_loc_load' <Predicate = true> <Delay = 0.00>
ST_4 : Operation 291 [1/1] (0.00ns)   --->   "%conv51_loc_load = load i8 %conv51_loc"   --->   Operation 291 'load' 'conv51_loc_load' <Predicate = true> <Delay = 0.00>
ST_4 : Operation 292 [1/1] (0.00ns)   --->   "%conv49_loc_load = load i8 %conv49_loc"   --->   Operation 292 'load' 'conv49_loc_load' <Predicate = true> <Delay = 0.00>
ST_4 : Operation 293 [1/1] (0.00ns)   --->   "%conv47_loc_load = load i8 %conv47_loc"   --->   Operation 293 'load' 'conv47_loc_load' <Predicate = true> <Delay = 0.00>
ST_4 : Operation 294 [1/1] (0.00ns)   --->   "%conv45_loc_load = load i8 %conv45_loc"   --->   Operation 294 'load' 'conv45_loc_load' <Predicate = true> <Delay = 0.00>
ST_4 : Operation 295 [1/1] (0.00ns)   --->   "%conv43_loc_load = load i8 %conv43_loc"   --->   Operation 295 'load' 'conv43_loc_load' <Predicate = true> <Delay = 0.00>
ST_4 : Operation 296 [1/1] (0.00ns)   --->   "%conv41_loc_load = load i8 %conv41_loc"   --->   Operation 296 'load' 'conv41_loc_load' <Predicate = true> <Delay = 0.00>
ST_4 : Operation 297 [1/1] (0.00ns)   --->   "%conv39_loc_load = load i8 %conv39_loc"   --->   Operation 297 'load' 'conv39_loc_load' <Predicate = true> <Delay = 0.00>
ST_4 : Operation 298 [1/1] (0.00ns)   --->   "%conv37_loc_load = load i8 %conv37_loc"   --->   Operation 298 'load' 'conv37_loc_load' <Predicate = true> <Delay = 0.00>
ST_4 : Operation 299 [1/1] (0.00ns)   --->   "%conv35_loc_load = load i8 %conv35_loc"   --->   Operation 299 'load' 'conv35_loc_load' <Predicate = true> <Delay = 0.00>
ST_4 : Operation 300 [1/1] (0.00ns)   --->   "%conv33_loc_load = load i8 %conv33_loc"   --->   Operation 300 'load' 'conv33_loc_load' <Predicate = true> <Delay = 0.00>
ST_4 : Operation 301 [1/1] (0.00ns)   --->   "%conv31_loc_load = load i8 %conv31_loc"   --->   Operation 301 'load' 'conv31_loc_load' <Predicate = true> <Delay = 0.00>
ST_4 : Operation 302 [1/1] (0.00ns)   --->   "%conv29_loc_load = load i8 %conv29_loc"   --->   Operation 302 'load' 'conv29_loc_load' <Predicate = true> <Delay = 0.00>
ST_4 : Operation 303 [1/1] (0.00ns)   --->   "%conv27_loc_load = load i8 %conv27_loc"   --->   Operation 303 'load' 'conv27_loc_load' <Predicate = true> <Delay = 0.00>
ST_4 : Operation 304 [1/1] (0.00ns)   --->   "%conv25_loc_load = load i8 %conv25_loc"   --->   Operation 304 'load' 'conv25_loc_load' <Predicate = true> <Delay = 0.00>
ST_4 : Operation 305 [1/1] (0.00ns)   --->   "%conv23_loc_load = load i8 %conv23_loc"   --->   Operation 305 'load' 'conv23_loc_load' <Predicate = true> <Delay = 0.00>
ST_4 : Operation 306 [1/1] (0.00ns)   --->   "%conv21_loc_load = load i8 %conv21_loc"   --->   Operation 306 'load' 'conv21_loc_load' <Predicate = true> <Delay = 0.00>
ST_4 : Operation 307 [1/1] (0.00ns)   --->   "%conv19_loc_load = load i8 %conv19_loc"   --->   Operation 307 'load' 'conv19_loc_load' <Predicate = true> <Delay = 0.00>
ST_4 : Operation 308 [1/1] (0.00ns)   --->   "%conv17_loc_load = load i8 %conv17_loc"   --->   Operation 308 'load' 'conv17_loc_load' <Predicate = true> <Delay = 0.00>
ST_4 : Operation 309 [1/1] (0.00ns)   --->   "%conv15_loc_load = load i8 %conv15_loc"   --->   Operation 309 'load' 'conv15_loc_load' <Predicate = true> <Delay = 0.00>
ST_4 : Operation 310 [1/1] (0.00ns)   --->   "%conv13_loc_load = load i8 %conv13_loc"   --->   Operation 310 'load' 'conv13_loc_load' <Predicate = true> <Delay = 0.00>
ST_4 : Operation 311 [1/1] (0.00ns)   --->   "%conv11_loc_load = load i8 %conv11_loc"   --->   Operation 311 'load' 'conv11_loc_load' <Predicate = true> <Delay = 0.00>
ST_4 : Operation 312 [1/1] (0.00ns)   --->   "%seg_buf_127_loc_load = load i8 %seg_buf_127_loc"   --->   Operation 312 'load' 'seg_buf_127_loc_load' <Predicate = true> <Delay = 0.00>
ST_4 : Operation 313 [1/1] (0.00ns)   --->   "%seg_buf_126_loc_load = load i8 %seg_buf_126_loc"   --->   Operation 313 'load' 'seg_buf_126_loc_load' <Predicate = true> <Delay = 0.00>
ST_4 : Operation 314 [1/1] (0.00ns)   --->   "%seg_buf_125_loc_load = load i8 %seg_buf_125_loc"   --->   Operation 314 'load' 'seg_buf_125_loc_load' <Predicate = true> <Delay = 0.00>
ST_4 : Operation 315 [1/1] (0.00ns)   --->   "%seg_buf_124_loc_load = load i8 %seg_buf_124_loc"   --->   Operation 315 'load' 'seg_buf_124_loc_load' <Predicate = true> <Delay = 0.00>
ST_4 : Operation 316 [1/1] (0.00ns)   --->   "%seg_buf_123_loc_load = load i8 %seg_buf_123_loc"   --->   Operation 316 'load' 'seg_buf_123_loc_load' <Predicate = true> <Delay = 0.00>
ST_4 : Operation 317 [1/1] (0.00ns)   --->   "%seg_buf_122_loc_load = load i8 %seg_buf_122_loc"   --->   Operation 317 'load' 'seg_buf_122_loc_load' <Predicate = true> <Delay = 0.00>
ST_4 : Operation 318 [1/1] (0.00ns)   --->   "%seg_buf_121_loc_load = load i8 %seg_buf_121_loc"   --->   Operation 318 'load' 'seg_buf_121_loc_load' <Predicate = true> <Delay = 0.00>
ST_4 : Operation 319 [1/1] (0.00ns)   --->   "%seg_buf_120_loc_load = load i8 %seg_buf_120_loc"   --->   Operation 319 'load' 'seg_buf_120_loc_load' <Predicate = true> <Delay = 0.00>
ST_4 : Operation 320 [1/1] (0.00ns)   --->   "%seg_buf_119_loc_load = load i8 %seg_buf_119_loc"   --->   Operation 320 'load' 'seg_buf_119_loc_load' <Predicate = true> <Delay = 0.00>
ST_4 : Operation 321 [1/1] (0.00ns)   --->   "%seg_buf_118_loc_load = load i8 %seg_buf_118_loc"   --->   Operation 321 'load' 'seg_buf_118_loc_load' <Predicate = true> <Delay = 0.00>
ST_4 : Operation 322 [1/1] (0.00ns)   --->   "%seg_buf_117_loc_load = load i8 %seg_buf_117_loc"   --->   Operation 322 'load' 'seg_buf_117_loc_load' <Predicate = true> <Delay = 0.00>
ST_4 : Operation 323 [1/1] (0.00ns)   --->   "%seg_buf_116_loc_load = load i8 %seg_buf_116_loc"   --->   Operation 323 'load' 'seg_buf_116_loc_load' <Predicate = true> <Delay = 0.00>
ST_4 : Operation 324 [1/1] (0.00ns)   --->   "%seg_buf_115_loc_load = load i8 %seg_buf_115_loc"   --->   Operation 324 'load' 'seg_buf_115_loc_load' <Predicate = true> <Delay = 0.00>
ST_4 : Operation 325 [1/1] (0.00ns)   --->   "%seg_buf_114_loc_load = load i8 %seg_buf_114_loc"   --->   Operation 325 'load' 'seg_buf_114_loc_load' <Predicate = true> <Delay = 0.00>
ST_4 : Operation 326 [1/1] (0.00ns)   --->   "%seg_buf_113_loc_load = load i8 %seg_buf_113_loc"   --->   Operation 326 'load' 'seg_buf_113_loc_load' <Predicate = true> <Delay = 0.00>
ST_4 : Operation 327 [1/1] (0.00ns)   --->   "%seg_buf_112_loc_load = load i8 %seg_buf_112_loc"   --->   Operation 327 'load' 'seg_buf_112_loc_load' <Predicate = true> <Delay = 0.00>
ST_4 : Operation 328 [1/1] (0.00ns)   --->   "%seg_buf_111_loc_load = load i8 %seg_buf_111_loc"   --->   Operation 328 'load' 'seg_buf_111_loc_load' <Predicate = true> <Delay = 0.00>
ST_4 : Operation 329 [1/1] (0.00ns)   --->   "%seg_buf_110_loc_load = load i8 %seg_buf_110_loc"   --->   Operation 329 'load' 'seg_buf_110_loc_load' <Predicate = true> <Delay = 0.00>
ST_4 : Operation 330 [1/1] (0.00ns)   --->   "%seg_buf_109_loc_load = load i8 %seg_buf_109_loc"   --->   Operation 330 'load' 'seg_buf_109_loc_load' <Predicate = true> <Delay = 0.00>
ST_4 : Operation 331 [1/1] (0.00ns)   --->   "%seg_buf_108_loc_load = load i8 %seg_buf_108_loc"   --->   Operation 331 'load' 'seg_buf_108_loc_load' <Predicate = true> <Delay = 0.00>
ST_4 : Operation 332 [1/1] (0.00ns)   --->   "%seg_buf_107_loc_load = load i8 %seg_buf_107_loc"   --->   Operation 332 'load' 'seg_buf_107_loc_load' <Predicate = true> <Delay = 0.00>
ST_4 : Operation 333 [1/1] (0.00ns)   --->   "%seg_buf_106_loc_load = load i8 %seg_buf_106_loc"   --->   Operation 333 'load' 'seg_buf_106_loc_load' <Predicate = true> <Delay = 0.00>
ST_4 : Operation 334 [1/1] (0.00ns)   --->   "%seg_buf_105_loc_load = load i8 %seg_buf_105_loc"   --->   Operation 334 'load' 'seg_buf_105_loc_load' <Predicate = true> <Delay = 0.00>
ST_4 : Operation 335 [1/1] (0.00ns)   --->   "%seg_buf_104_loc_load = load i8 %seg_buf_104_loc"   --->   Operation 335 'load' 'seg_buf_104_loc_load' <Predicate = true> <Delay = 0.00>
ST_4 : Operation 336 [1/1] (0.00ns)   --->   "%seg_buf_103_loc_load = load i8 %seg_buf_103_loc"   --->   Operation 336 'load' 'seg_buf_103_loc_load' <Predicate = true> <Delay = 0.00>
ST_4 : Operation 337 [1/1] (0.00ns)   --->   "%seg_buf_102_loc_load = load i8 %seg_buf_102_loc"   --->   Operation 337 'load' 'seg_buf_102_loc_load' <Predicate = true> <Delay = 0.00>
ST_4 : Operation 338 [1/1] (0.00ns)   --->   "%seg_buf_101_loc_load = load i8 %seg_buf_101_loc"   --->   Operation 338 'load' 'seg_buf_101_loc_load' <Predicate = true> <Delay = 0.00>
ST_4 : Operation 339 [1/1] (0.00ns)   --->   "%seg_buf_100_loc_load = load i8 %seg_buf_100_loc"   --->   Operation 339 'load' 'seg_buf_100_loc_load' <Predicate = true> <Delay = 0.00>
ST_4 : Operation 340 [1/1] (0.00ns)   --->   "%seg_buf_99_loc_load = load i8 %seg_buf_99_loc"   --->   Operation 340 'load' 'seg_buf_99_loc_load' <Predicate = true> <Delay = 0.00>
ST_4 : Operation 341 [1/1] (0.00ns)   --->   "%seg_buf_98_loc_load = load i8 %seg_buf_98_loc"   --->   Operation 341 'load' 'seg_buf_98_loc_load' <Predicate = true> <Delay = 0.00>
ST_4 : Operation 342 [1/1] (0.00ns)   --->   "%seg_buf_97_loc_load = load i8 %seg_buf_97_loc"   --->   Operation 342 'load' 'seg_buf_97_loc_load' <Predicate = true> <Delay = 0.00>
ST_4 : Operation 343 [1/1] (0.00ns)   --->   "%seg_buf_96_loc_load = load i8 %seg_buf_96_loc"   --->   Operation 343 'load' 'seg_buf_96_loc_load' <Predicate = true> <Delay = 0.00>
ST_4 : Operation 344 [2/2] (1.41ns)   --->   "%call_ln0 = call void @sha2561_Pipeline_VITIS_LOOP_90_1, i8 %conv73_loc_load, i8 %conv71_loc_load, i8 %conv69_loc_load, i8 %conv67_loc_load, i8 %conv65_loc_load, i8 %conv63_loc_load, i8 %conv61_loc_load, i8 %conv59_loc_load, i8 %conv57_loc_load, i8 %conv55_loc_load, i8 %conv53_loc_load, i8 %conv51_loc_load, i8 %conv49_loc_load, i8 %conv47_loc_load, i8 %conv45_loc_load, i8 %conv43_loc_load, i8 %conv41_loc_load, i8 %conv39_loc_load, i8 %conv37_loc_load, i8 %conv35_loc_load, i8 %conv33_loc_load, i8 %conv31_loc_load, i8 %conv29_loc_load, i8 %conv27_loc_load, i8 %conv25_loc_load, i8 %conv23_loc_load, i8 %conv21_loc_load, i8 %conv19_loc_load, i8 %conv17_loc_load, i8 %conv15_loc_load, i8 %conv13_loc_load, i8 %conv11_loc_load, i8 %seg_buf_96_loc_load, i8 %seg_buf_97_loc_load, i8 %seg_buf_98_loc_load, i8 %seg_buf_99_loc_load, i8 %seg_buf_100_loc_load, i8 %seg_buf_101_loc_load, i8 %seg_buf_102_loc_load, i8 %seg_buf_103_loc_load, i8 %seg_buf_104_loc_load, i8 %seg_buf_105_loc_load, i8 %seg_buf_106_loc_load, i8 %seg_buf_107_loc_load, i8 %seg_buf_108_loc_load, i8 %seg_buf_109_loc_load, i8 %seg_buf_110_loc_load, i8 %seg_buf_111_loc_load, i8 %seg_buf_112_loc_load, i8 %seg_buf_113_loc_load, i8 %seg_buf_114_loc_load, i8 %seg_buf_115_loc_load, i8 %seg_buf_116_loc_load, i8 %seg_buf_117_loc_load, i8 %seg_buf_118_loc_load, i8 %seg_buf_119_loc_load, i8 %seg_buf_120_loc_load, i8 %seg_buf_121_loc_load, i8 %seg_buf_122_loc_load, i8 %seg_buf_123_loc_load, i8 %seg_buf_124_loc_load, i8 %seg_buf_125_loc_load, i8 %seg_buf_126_loc_load, i8 %seg_buf_127_loc_load, i8 %sha256ctx_data, i32 %sha256ctx_state_5_0, i32 %sha256ctx_state_4_0, i32 %sha256ctx_state_3_0, i32 %sha256ctx_state_2_0, i32 %sha256ctx_state_1_0, i32 %sha256ctx_state_0_0, i32 %sha256ctx_state_6_0, i32 %sha256ctx_state_7_0, i32 %sha256ctx_bitlen_1, i32 %sha256ctx_bitlen_0, i32 %sha256ctx_datalen"   --->   Operation 344 'call' 'call_ln0' <Predicate = true> <Delay = 1.41> <CoreType = "Generic">   --->   Core 0 '' <Latency = 0> <II = 1> <Delay = 1.00> <Generic> <Opcode : >
ST_4 : Operation 345 [1/1] (0.00ns)   --->   "%store_ln100 = store i8 %conv73_loc_load, i8 %seg_buf_63" [sha1/sha2561.cpp:100]   --->   Operation 345 'store' 'store_ln100' <Predicate = true> <Delay = 0.00>
ST_4 : Operation 346 [1/1] (0.00ns)   --->   "%store_ln100 = store i8 %conv71_loc_load, i8 %seg_buf_62" [sha1/sha2561.cpp:100]   --->   Operation 346 'store' 'store_ln100' <Predicate = true> <Delay = 0.00>
ST_4 : Operation 347 [1/1] (0.00ns)   --->   "%store_ln100 = store i8 %conv69_loc_load, i8 %seg_buf_61" [sha1/sha2561.cpp:100]   --->   Operation 347 'store' 'store_ln100' <Predicate = true> <Delay = 0.00>
ST_4 : Operation 348 [1/1] (0.00ns)   --->   "%store_ln100 = store i8 %conv67_loc_load, i8 %seg_buf_60" [sha1/sha2561.cpp:100]   --->   Operation 348 'store' 'store_ln100' <Predicate = true> <Delay = 0.00>
ST_4 : Operation 349 [1/1] (0.00ns)   --->   "%store_ln100 = store i8 %conv65_loc_load, i8 %seg_buf_59" [sha1/sha2561.cpp:100]   --->   Operation 349 'store' 'store_ln100' <Predicate = true> <Delay = 0.00>
ST_4 : Operation 350 [1/1] (0.00ns)   --->   "%store_ln100 = store i8 %conv63_loc_load, i8 %seg_buf_58" [sha1/sha2561.cpp:100]   --->   Operation 350 'store' 'store_ln100' <Predicate = true> <Delay = 0.00>
ST_4 : Operation 351 [1/1] (0.00ns)   --->   "%store_ln100 = store i8 %conv61_loc_load, i8 %seg_buf_57" [sha1/sha2561.cpp:100]   --->   Operation 351 'store' 'store_ln100' <Predicate = true> <Delay = 0.00>
ST_4 : Operation 352 [1/1] (0.00ns)   --->   "%store_ln100 = store i8 %conv59_loc_load, i8 %seg_buf_56" [sha1/sha2561.cpp:100]   --->   Operation 352 'store' 'store_ln100' <Predicate = true> <Delay = 0.00>
ST_4 : Operation 353 [1/1] (0.00ns)   --->   "%store_ln100 = store i8 %conv57_loc_load, i8 %seg_buf_55" [sha1/sha2561.cpp:100]   --->   Operation 353 'store' 'store_ln100' <Predicate = true> <Delay = 0.00>
ST_4 : Operation 354 [1/1] (0.00ns)   --->   "%store_ln100 = store i8 %conv55_loc_load, i8 %seg_buf_54" [sha1/sha2561.cpp:100]   --->   Operation 354 'store' 'store_ln100' <Predicate = true> <Delay = 0.00>
ST_4 : Operation 355 [1/1] (0.00ns)   --->   "%store_ln100 = store i8 %conv53_loc_load, i8 %seg_buf_53" [sha1/sha2561.cpp:100]   --->   Operation 355 'store' 'store_ln100' <Predicate = true> <Delay = 0.00>
ST_4 : Operation 356 [1/1] (0.00ns)   --->   "%store_ln100 = store i8 %conv51_loc_load, i8 %seg_buf_52" [sha1/sha2561.cpp:100]   --->   Operation 356 'store' 'store_ln100' <Predicate = true> <Delay = 0.00>
ST_4 : Operation 357 [1/1] (0.00ns)   --->   "%store_ln100 = store i8 %conv49_loc_load, i8 %seg_buf_51" [sha1/sha2561.cpp:100]   --->   Operation 357 'store' 'store_ln100' <Predicate = true> <Delay = 0.00>
ST_4 : Operation 358 [1/1] (0.00ns)   --->   "%store_ln100 = store i8 %conv47_loc_load, i8 %seg_buf_50" [sha1/sha2561.cpp:100]   --->   Operation 358 'store' 'store_ln100' <Predicate = true> <Delay = 0.00>
ST_4 : Operation 359 [1/1] (0.00ns)   --->   "%store_ln100 = store i8 %conv45_loc_load, i8 %seg_buf_49" [sha1/sha2561.cpp:100]   --->   Operation 359 'store' 'store_ln100' <Predicate = true> <Delay = 0.00>
ST_4 : Operation 360 [1/1] (0.00ns)   --->   "%store_ln100 = store i8 %conv43_loc_load, i8 %seg_buf_48" [sha1/sha2561.cpp:100]   --->   Operation 360 'store' 'store_ln100' <Predicate = true> <Delay = 0.00>
ST_4 : Operation 361 [1/1] (0.00ns)   --->   "%store_ln100 = store i8 %conv41_loc_load, i8 %seg_buf_47" [sha1/sha2561.cpp:100]   --->   Operation 361 'store' 'store_ln100' <Predicate = true> <Delay = 0.00>
ST_4 : Operation 362 [1/1] (0.00ns)   --->   "%store_ln100 = store i8 %conv39_loc_load, i8 %seg_buf_46" [sha1/sha2561.cpp:100]   --->   Operation 362 'store' 'store_ln100' <Predicate = true> <Delay = 0.00>
ST_4 : Operation 363 [1/1] (0.00ns)   --->   "%store_ln100 = store i8 %conv37_loc_load, i8 %seg_buf_45" [sha1/sha2561.cpp:100]   --->   Operation 363 'store' 'store_ln100' <Predicate = true> <Delay = 0.00>
ST_4 : Operation 364 [1/1] (0.00ns)   --->   "%store_ln100 = store i8 %conv35_loc_load, i8 %seg_buf_44" [sha1/sha2561.cpp:100]   --->   Operation 364 'store' 'store_ln100' <Predicate = true> <Delay = 0.00>
ST_4 : Operation 365 [1/1] (0.00ns)   --->   "%store_ln100 = store i8 %conv33_loc_load, i8 %seg_buf_43" [sha1/sha2561.cpp:100]   --->   Operation 365 'store' 'store_ln100' <Predicate = true> <Delay = 0.00>
ST_4 : Operation 366 [1/1] (0.00ns)   --->   "%store_ln100 = store i8 %conv31_loc_load, i8 %seg_buf_42" [sha1/sha2561.cpp:100]   --->   Operation 366 'store' 'store_ln100' <Predicate = true> <Delay = 0.00>
ST_4 : Operation 367 [1/1] (0.00ns)   --->   "%store_ln100 = store i8 %conv29_loc_load, i8 %seg_buf_41" [sha1/sha2561.cpp:100]   --->   Operation 367 'store' 'store_ln100' <Predicate = true> <Delay = 0.00>
ST_4 : Operation 368 [1/1] (0.00ns)   --->   "%store_ln100 = store i8 %conv27_loc_load, i8 %seg_buf_40" [sha1/sha2561.cpp:100]   --->   Operation 368 'store' 'store_ln100' <Predicate = true> <Delay = 0.00>
ST_4 : Operation 369 [1/1] (0.00ns)   --->   "%store_ln100 = store i8 %conv25_loc_load, i8 %seg_buf_39" [sha1/sha2561.cpp:100]   --->   Operation 369 'store' 'store_ln100' <Predicate = true> <Delay = 0.00>
ST_4 : Operation 370 [1/1] (0.00ns)   --->   "%store_ln100 = store i8 %conv23_loc_load, i8 %seg_buf_38" [sha1/sha2561.cpp:100]   --->   Operation 370 'store' 'store_ln100' <Predicate = true> <Delay = 0.00>
ST_4 : Operation 371 [1/1] (0.00ns)   --->   "%store_ln100 = store i8 %conv21_loc_load, i8 %seg_buf_37" [sha1/sha2561.cpp:100]   --->   Operation 371 'store' 'store_ln100' <Predicate = true> <Delay = 0.00>
ST_4 : Operation 372 [1/1] (0.00ns)   --->   "%store_ln100 = store i8 %conv19_loc_load, i8 %seg_buf_36" [sha1/sha2561.cpp:100]   --->   Operation 372 'store' 'store_ln100' <Predicate = true> <Delay = 0.00>
ST_4 : Operation 373 [1/1] (0.00ns)   --->   "%store_ln100 = store i8 %conv17_loc_load, i8 %seg_buf_35" [sha1/sha2561.cpp:100]   --->   Operation 373 'store' 'store_ln100' <Predicate = true> <Delay = 0.00>
ST_4 : Operation 374 [1/1] (0.00ns)   --->   "%store_ln100 = store i8 %conv15_loc_load, i8 %seg_buf_34" [sha1/sha2561.cpp:100]   --->   Operation 374 'store' 'store_ln100' <Predicate = true> <Delay = 0.00>
ST_4 : Operation 375 [1/1] (0.00ns)   --->   "%store_ln100 = store i8 %conv13_loc_load, i8 %seg_buf_33" [sha1/sha2561.cpp:100]   --->   Operation 375 'store' 'store_ln100' <Predicate = true> <Delay = 0.00>
ST_4 : Operation 376 [1/1] (0.00ns)   --->   "%store_ln100 = store i8 %conv11_loc_load, i8 %seg_buf_32" [sha1/sha2561.cpp:100]   --->   Operation 376 'store' 'store_ln100' <Predicate = true> <Delay = 0.00>
ST_4 : Operation 377 [1/1] (0.00ns)   --->   "%store_ln100 = store i8 %seg_buf_127_loc_load, i8 %seg_buf_31" [sha1/sha2561.cpp:100]   --->   Operation 377 'store' 'store_ln100' <Predicate = true> <Delay = 0.00>
ST_4 : Operation 378 [1/1] (0.00ns)   --->   "%store_ln100 = store i8 %seg_buf_126_loc_load, i8 %seg_buf_30" [sha1/sha2561.cpp:100]   --->   Operation 378 'store' 'store_ln100' <Predicate = true> <Delay = 0.00>
ST_4 : Operation 379 [1/1] (0.00ns)   --->   "%store_ln100 = store i8 %seg_buf_125_loc_load, i8 %seg_buf_29" [sha1/sha2561.cpp:100]   --->   Operation 379 'store' 'store_ln100' <Predicate = true> <Delay = 0.00>
ST_4 : Operation 380 [1/1] (0.00ns)   --->   "%store_ln100 = store i8 %seg_buf_124_loc_load, i8 %seg_buf_28" [sha1/sha2561.cpp:100]   --->   Operation 380 'store' 'store_ln100' <Predicate = true> <Delay = 0.00>
ST_4 : Operation 381 [1/1] (0.00ns)   --->   "%store_ln100 = store i8 %seg_buf_123_loc_load, i8 %seg_buf_27" [sha1/sha2561.cpp:100]   --->   Operation 381 'store' 'store_ln100' <Predicate = true> <Delay = 0.00>
ST_4 : Operation 382 [1/1] (0.00ns)   --->   "%store_ln100 = store i8 %seg_buf_122_loc_load, i8 %seg_buf_26" [sha1/sha2561.cpp:100]   --->   Operation 382 'store' 'store_ln100' <Predicate = true> <Delay = 0.00>
ST_4 : Operation 383 [1/1] (0.00ns)   --->   "%store_ln100 = store i8 %seg_buf_121_loc_load, i8 %seg_buf_25" [sha1/sha2561.cpp:100]   --->   Operation 383 'store' 'store_ln100' <Predicate = true> <Delay = 0.00>
ST_4 : Operation 384 [1/1] (0.00ns)   --->   "%store_ln100 = store i8 %seg_buf_120_loc_load, i8 %seg_buf_24" [sha1/sha2561.cpp:100]   --->   Operation 384 'store' 'store_ln100' <Predicate = true> <Delay = 0.00>
ST_4 : Operation 385 [1/1] (0.00ns)   --->   "%store_ln100 = store i8 %seg_buf_119_loc_load, i8 %seg_buf_23" [sha1/sha2561.cpp:100]   --->   Operation 385 'store' 'store_ln100' <Predicate = true> <Delay = 0.00>
ST_4 : Operation 386 [1/1] (0.00ns)   --->   "%store_ln100 = store i8 %seg_buf_118_loc_load, i8 %seg_buf_22" [sha1/sha2561.cpp:100]   --->   Operation 386 'store' 'store_ln100' <Predicate = true> <Delay = 0.00>
ST_4 : Operation 387 [1/1] (0.00ns)   --->   "%store_ln100 = store i8 %seg_buf_117_loc_load, i8 %seg_buf_21" [sha1/sha2561.cpp:100]   --->   Operation 387 'store' 'store_ln100' <Predicate = true> <Delay = 0.00>
ST_4 : Operation 388 [1/1] (0.00ns)   --->   "%store_ln100 = store i8 %seg_buf_116_loc_load, i8 %seg_buf_20" [sha1/sha2561.cpp:100]   --->   Operation 388 'store' 'store_ln100' <Predicate = true> <Delay = 0.00>
ST_4 : Operation 389 [1/1] (0.00ns)   --->   "%store_ln100 = store i8 %seg_buf_115_loc_load, i8 %seg_buf_19" [sha1/sha2561.cpp:100]   --->   Operation 389 'store' 'store_ln100' <Predicate = true> <Delay = 0.00>
ST_4 : Operation 390 [1/1] (0.00ns)   --->   "%store_ln100 = store i8 %seg_buf_114_loc_load, i8 %seg_buf_18" [sha1/sha2561.cpp:100]   --->   Operation 390 'store' 'store_ln100' <Predicate = true> <Delay = 0.00>
ST_4 : Operation 391 [1/1] (0.00ns)   --->   "%store_ln100 = store i8 %seg_buf_113_loc_load, i8 %seg_buf_17" [sha1/sha2561.cpp:100]   --->   Operation 391 'store' 'store_ln100' <Predicate = true> <Delay = 0.00>
ST_4 : Operation 392 [1/1] (0.00ns)   --->   "%store_ln100 = store i8 %seg_buf_112_loc_load, i8 %seg_buf_16" [sha1/sha2561.cpp:100]   --->   Operation 392 'store' 'store_ln100' <Predicate = true> <Delay = 0.00>
ST_4 : Operation 393 [1/1] (0.00ns)   --->   "%store_ln100 = store i8 %seg_buf_111_loc_load, i8 %seg_buf_15" [sha1/sha2561.cpp:100]   --->   Operation 393 'store' 'store_ln100' <Predicate = true> <Delay = 0.00>
ST_4 : Operation 394 [1/1] (0.00ns)   --->   "%store_ln100 = store i8 %seg_buf_110_loc_load, i8 %seg_buf_14" [sha1/sha2561.cpp:100]   --->   Operation 394 'store' 'store_ln100' <Predicate = true> <Delay = 0.00>
ST_4 : Operation 395 [1/1] (0.00ns)   --->   "%store_ln100 = store i8 %seg_buf_109_loc_load, i8 %seg_buf_13" [sha1/sha2561.cpp:100]   --->   Operation 395 'store' 'store_ln100' <Predicate = true> <Delay = 0.00>
ST_4 : Operation 396 [1/1] (0.00ns)   --->   "%store_ln100 = store i8 %seg_buf_108_loc_load, i8 %seg_buf_12" [sha1/sha2561.cpp:100]   --->   Operation 396 'store' 'store_ln100' <Predicate = true> <Delay = 0.00>
ST_4 : Operation 397 [1/1] (0.00ns)   --->   "%store_ln100 = store i8 %seg_buf_107_loc_load, i8 %seg_buf_11" [sha1/sha2561.cpp:100]   --->   Operation 397 'store' 'store_ln100' <Predicate = true> <Delay = 0.00>
ST_4 : Operation 398 [1/1] (0.00ns)   --->   "%store_ln100 = store i8 %seg_buf_106_loc_load, i8 %seg_buf_10" [sha1/sha2561.cpp:100]   --->   Operation 398 'store' 'store_ln100' <Predicate = true> <Delay = 0.00>
ST_4 : Operation 399 [1/1] (0.00ns)   --->   "%store_ln100 = store i8 %seg_buf_105_loc_load, i8 %seg_buf_9" [sha1/sha2561.cpp:100]   --->   Operation 399 'store' 'store_ln100' <Predicate = true> <Delay = 0.00>
ST_4 : Operation 400 [1/1] (0.00ns)   --->   "%store_ln100 = store i8 %seg_buf_104_loc_load, i8 %seg_buf_8" [sha1/sha2561.cpp:100]   --->   Operation 400 'store' 'store_ln100' <Predicate = true> <Delay = 0.00>
ST_4 : Operation 401 [1/1] (0.00ns)   --->   "%store_ln100 = store i8 %seg_buf_103_loc_load, i8 %seg_buf_7" [sha1/sha2561.cpp:100]   --->   Operation 401 'store' 'store_ln100' <Predicate = true> <Delay = 0.00>
ST_4 : Operation 402 [1/1] (0.00ns)   --->   "%store_ln100 = store i8 %seg_buf_102_loc_load, i8 %seg_buf_6" [sha1/sha2561.cpp:100]   --->   Operation 402 'store' 'store_ln100' <Predicate = true> <Delay = 0.00>
ST_4 : Operation 403 [1/1] (0.00ns)   --->   "%store_ln100 = store i8 %seg_buf_101_loc_load, i8 %seg_buf_5" [sha1/sha2561.cpp:100]   --->   Operation 403 'store' 'store_ln100' <Predicate = true> <Delay = 0.00>
ST_4 : Operation 404 [1/1] (0.00ns)   --->   "%store_ln100 = store i8 %seg_buf_100_loc_load, i8 %seg_buf_4" [sha1/sha2561.cpp:100]   --->   Operation 404 'store' 'store_ln100' <Predicate = true> <Delay = 0.00>
ST_4 : Operation 405 [1/1] (0.00ns)   --->   "%store_ln100 = store i8 %seg_buf_99_loc_load, i8 %seg_buf_3" [sha1/sha2561.cpp:100]   --->   Operation 405 'store' 'store_ln100' <Predicate = true> <Delay = 0.00>
ST_4 : Operation 406 [1/1] (0.00ns)   --->   "%store_ln100 = store i8 %seg_buf_98_loc_load, i8 %seg_buf_2" [sha1/sha2561.cpp:100]   --->   Operation 406 'store' 'store_ln100' <Predicate = true> <Delay = 0.00>
ST_4 : Operation 407 [1/1] (0.00ns)   --->   "%store_ln100 = store i8 %seg_buf_97_loc_load, i8 %seg_buf_1" [sha1/sha2561.cpp:100]   --->   Operation 407 'store' 'store_ln100' <Predicate = true> <Delay = 0.00>
ST_4 : Operation 408 [1/1] (0.00ns)   --->   "%store_ln100 = store i8 %seg_buf_96_loc_load, i8 %seg_buf" [sha1/sha2561.cpp:100]   --->   Operation 408 'store' 'store_ln100' <Predicate = true> <Delay = 0.00>

State 5 <SV = 4> <Delay = 0.00>
ST_5 : Operation 409 [1/1] (0.00ns)   --->   "%specloopname_ln174 = specloopname void @_ssdm_op_SpecLoopName, void @empty_10" [/share/xilinx/Vitis_HLS/2022.1/common/technology/autopilot/hls_stream_39.h:174]   --->   Operation 409 'specloopname' 'specloopname_ln174' <Predicate = true> <Delay = 0.00>
ST_5 : Operation 410 [1/2] (0.00ns)   --->   "%call_ln0 = call void @sha2561_Pipeline_VITIS_LOOP_90_1, i8 %conv73_loc_load, i8 %conv71_loc_load, i8 %conv69_loc_load, i8 %conv67_loc_load, i8 %conv65_loc_load, i8 %conv63_loc_load, i8 %conv61_loc_load, i8 %conv59_loc_load, i8 %conv57_loc_load, i8 %conv55_loc_load, i8 %conv53_loc_load, i8 %conv51_loc_load, i8 %conv49_loc_load, i8 %conv47_loc_load, i8 %conv45_loc_load, i8 %conv43_loc_load, i8 %conv41_loc_load, i8 %conv39_loc_load, i8 %conv37_loc_load, i8 %conv35_loc_load, i8 %conv33_loc_load, i8 %conv31_loc_load, i8 %conv29_loc_load, i8 %conv27_loc_load, i8 %conv25_loc_load, i8 %conv23_loc_load, i8 %conv21_loc_load, i8 %conv19_loc_load, i8 %conv17_loc_load, i8 %conv15_loc_load, i8 %conv13_loc_load, i8 %conv11_loc_load, i8 %seg_buf_96_loc_load, i8 %seg_buf_97_loc_load, i8 %seg_buf_98_loc_load, i8 %seg_buf_99_loc_load, i8 %seg_buf_100_loc_load, i8 %seg_buf_101_loc_load, i8 %seg_buf_102_loc_load, i8 %seg_buf_103_loc_load, i8 %seg_buf_104_loc_load, i8 %seg_buf_105_loc_load, i8 %seg_buf_106_loc_load, i8 %seg_buf_107_loc_load, i8 %seg_buf_108_loc_load, i8 %seg_buf_109_loc_load, i8 %seg_buf_110_loc_load, i8 %seg_buf_111_loc_load, i8 %seg_buf_112_loc_load, i8 %seg_buf_113_loc_load, i8 %seg_buf_114_loc_load, i8 %seg_buf_115_loc_load, i8 %seg_buf_116_loc_load, i8 %seg_buf_117_loc_load, i8 %seg_buf_118_loc_load, i8 %seg_buf_119_loc_load, i8 %seg_buf_120_loc_load, i8 %seg_buf_121_loc_load, i8 %seg_buf_122_loc_load, i8 %seg_buf_123_loc_load, i8 %seg_buf_124_loc_load, i8 %seg_buf_125_loc_load, i8 %seg_buf_126_loc_load, i8 %seg_buf_127_loc_load, i8 %sha256ctx_data, i32 %sha256ctx_state_5_0, i32 %sha256ctx_state_4_0, i32 %sha256ctx_state_3_0, i32 %sha256ctx_state_2_0, i32 %sha256ctx_state_1_0, i32 %sha256ctx_state_0_0, i32 %sha256ctx_state_6_0, i32 %sha256ctx_state_7_0, i32 %sha256ctx_bitlen_1, i32 %sha256ctx_bitlen_0, i32 %sha256ctx_datalen"   --->   Operation 410 'call' 'call_ln0' <Predicate = true> <Delay = 0.00> <CoreType = "Generic">   --->   Core 0 '' <Latency = 0> <II = 1> <Delay = 1.00> <Generic> <Opcode : >
ST_5 : Operation 411 [1/1] (0.00ns)   --->   "%br_ln100 = br void %do.body" [sha1/sha2561.cpp:100]   --->   Operation 411 'br' 'br_ln100' <Predicate = true> <Delay = 0.00>

State 6 <SV = 2> <Delay = 0.30>
ST_6 : Operation 412 [1/2] (0.30ns)   --->   "%call_ret = call i256 @sha256_final, i8 %sha256ctx_data, i32 %sha256ctx_datalen_load, i32 %sha256ctx_bitlen_0_load, i32 %sha256ctx_bitlen_1_load, i32 %sha256ctx_state_0_0_load, i32 %sha256ctx_state_1_0_load, i32 %sha256ctx_state_2_0_load, i32 %sha256ctx_state_3_0_load, i32 %sha256ctx_state_4_0_load, i32 %sha256ctx_state_5_0_load, i32 %sha256ctx_state_6_0_load, i32 %sha256ctx_state_7_0_load, i8 %seg_buf_63_load_1, i8 %seg_buf_62_load_1, i8 %seg_buf_61_load_1, i8 %seg_buf_60_load_1, i8 %seg_buf_59_load_1, i8 %seg_buf_58_load_1, i8 %seg_buf_57_load_1, i8 %seg_buf_56_load_1, i8 %seg_buf_55_load_1, i8 %seg_buf_54_load_1, i8 %seg_buf_53_load_1, i8 %seg_buf_52_load_1, i8 %seg_buf_51_load_1, i8 %seg_buf_50_load_1, i8 %seg_buf_49_load_1, i8 %seg_buf_48_load_1, i8 %seg_buf_47_load_1, i8 %seg_buf_46_load_1, i8 %seg_buf_45_load_1, i8 %seg_buf_44_load_1, i8 %seg_buf_43_load_1, i8 %seg_buf_42_load_1, i8 %seg_buf_41_load_1, i8 %seg_buf_40_load_1, i8 %seg_buf_39_load_1, i8 %seg_buf_38_load_1, i8 %seg_buf_37_load_1, i8 %seg_buf_36_load_1, i8 %seg_buf_35_load_1, i8 %seg_buf_34_load_1, i8 %seg_buf_33_load_1, i8 %seg_buf_32_load_1" [sha1/sha2561.cpp:103]   --->   Operation 412 'call' 'call_ret' <Predicate = true> <Delay = 0.30> <CoreType = "Generic">   --->   Core 0 '' <Latency = 0> <II = 1> <Delay = 1.00> <Generic> <Opcode : >
ST_6 : Operation 413 [1/1] (0.00ns)   --->   "%seg_buf_129 = extractvalue i256 %call_ret" [sha1/sha2561.cpp:103]   --->   Operation 413 'extractvalue' 'seg_buf_129' <Predicate = true> <Delay = 0.00>
ST_6 : Operation 414 [1/1] (0.00ns)   --->   "%seg_buf_64 = extractvalue i256 %call_ret" [sha1/sha2561.cpp:103]   --->   Operation 414 'extractvalue' 'seg_buf_64' <Predicate = true> <Delay = 0.00>
ST_6 : Operation 415 [1/1] (0.00ns)   --->   "%seg_buf_65 = extractvalue i256 %call_ret" [sha1/sha2561.cpp:103]   --->   Operation 415 'extractvalue' 'seg_buf_65' <Predicate = true> <Delay = 0.00>
ST_6 : Operation 416 [1/1] (0.00ns)   --->   "%seg_buf_66 = extractvalue i256 %call_ret" [sha1/sha2561.cpp:103]   --->   Operation 416 'extractvalue' 'seg_buf_66' <Predicate = true> <Delay = 0.00>
ST_6 : Operation 417 [1/1] (0.00ns)   --->   "%seg_buf_67 = extractvalue i256 %call_ret" [sha1/sha2561.cpp:103]   --->   Operation 417 'extractvalue' 'seg_buf_67' <Predicate = true> <Delay = 0.00>
ST_6 : Operation 418 [1/1] (0.00ns)   --->   "%seg_buf_68 = extractvalue i256 %call_ret" [sha1/sha2561.cpp:103]   --->   Operation 418 'extractvalue' 'seg_buf_68' <Predicate = true> <Delay = 0.00>
ST_6 : Operation 419 [1/1] (0.00ns)   --->   "%seg_buf_69 = extractvalue i256 %call_ret" [sha1/sha2561.cpp:103]   --->   Operation 419 'extractvalue' 'seg_buf_69' <Predicate = true> <Delay = 0.00>
ST_6 : Operation 420 [1/1] (0.00ns)   --->   "%seg_buf_70 = extractvalue i256 %call_ret" [sha1/sha2561.cpp:103]   --->   Operation 420 'extractvalue' 'seg_buf_70' <Predicate = true> <Delay = 0.00>
ST_6 : Operation 421 [1/1] (0.00ns)   --->   "%seg_buf_71 = extractvalue i256 %call_ret" [sha1/sha2561.cpp:103]   --->   Operation 421 'extractvalue' 'seg_buf_71' <Predicate = true> <Delay = 0.00>
ST_6 : Operation 422 [1/1] (0.00ns)   --->   "%seg_buf_72 = extractvalue i256 %call_ret" [sha1/sha2561.cpp:103]   --->   Operation 422 'extractvalue' 'seg_buf_72' <Predicate = true> <Delay = 0.00>
ST_6 : Operation 423 [1/1] (0.00ns)   --->   "%seg_buf_73 = extractvalue i256 %call_ret" [sha1/sha2561.cpp:103]   --->   Operation 423 'extractvalue' 'seg_buf_73' <Predicate = true> <Delay = 0.00>
ST_6 : Operation 424 [1/1] (0.00ns)   --->   "%seg_buf_74 = extractvalue i256 %call_ret" [sha1/sha2561.cpp:103]   --->   Operation 424 'extractvalue' 'seg_buf_74' <Predicate = true> <Delay = 0.00>
ST_6 : Operation 425 [1/1] (0.00ns)   --->   "%seg_buf_75 = extractvalue i256 %call_ret" [sha1/sha2561.cpp:103]   --->   Operation 425 'extractvalue' 'seg_buf_75' <Predicate = true> <Delay = 0.00>
ST_6 : Operation 426 [1/1] (0.00ns)   --->   "%seg_buf_76 = extractvalue i256 %call_ret" [sha1/sha2561.cpp:103]   --->   Operation 426 'extractvalue' 'seg_buf_76' <Predicate = true> <Delay = 0.00>
ST_6 : Operation 427 [1/1] (0.00ns)   --->   "%seg_buf_77 = extractvalue i256 %call_ret" [sha1/sha2561.cpp:103]   --->   Operation 427 'extractvalue' 'seg_buf_77' <Predicate = true> <Delay = 0.00>
ST_6 : Operation 428 [1/1] (0.00ns)   --->   "%seg_buf_78 = extractvalue i256 %call_ret" [sha1/sha2561.cpp:103]   --->   Operation 428 'extractvalue' 'seg_buf_78' <Predicate = true> <Delay = 0.00>
ST_6 : Operation 429 [1/1] (0.00ns)   --->   "%seg_buf_79 = extractvalue i256 %call_ret" [sha1/sha2561.cpp:103]   --->   Operation 429 'extractvalue' 'seg_buf_79' <Predicate = true> <Delay = 0.00>
ST_6 : Operation 430 [1/1] (0.00ns)   --->   "%seg_buf_80 = extractvalue i256 %call_ret" [sha1/sha2561.cpp:103]   --->   Operation 430 'extractvalue' 'seg_buf_80' <Predicate = true> <Delay = 0.00>
ST_6 : Operation 431 [1/1] (0.00ns)   --->   "%seg_buf_81 = extractvalue i256 %call_ret" [sha1/sha2561.cpp:103]   --->   Operation 431 'extractvalue' 'seg_buf_81' <Predicate = true> <Delay = 0.00>
ST_6 : Operation 432 [1/1] (0.00ns)   --->   "%seg_buf_82 = extractvalue i256 %call_ret" [sha1/sha2561.cpp:103]   --->   Operation 432 'extractvalue' 'seg_buf_82' <Predicate = true> <Delay = 0.00>
ST_6 : Operation 433 [1/1] (0.00ns)   --->   "%seg_buf_83 = extractvalue i256 %call_ret" [sha1/sha2561.cpp:103]   --->   Operation 433 'extractvalue' 'seg_buf_83' <Predicate = true> <Delay = 0.00>
ST_6 : Operation 434 [1/1] (0.00ns)   --->   "%seg_buf_84 = extractvalue i256 %call_ret" [sha1/sha2561.cpp:103]   --->   Operation 434 'extractvalue' 'seg_buf_84' <Predicate = true> <Delay = 0.00>
ST_6 : Operation 435 [1/1] (0.00ns)   --->   "%seg_buf_85 = extractvalue i256 %call_ret" [sha1/sha2561.cpp:103]   --->   Operation 435 'extractvalue' 'seg_buf_85' <Predicate = true> <Delay = 0.00>
ST_6 : Operation 436 [1/1] (0.00ns)   --->   "%seg_buf_86 = extractvalue i256 %call_ret" [sha1/sha2561.cpp:103]   --->   Operation 436 'extractvalue' 'seg_buf_86' <Predicate = true> <Delay = 0.00>
ST_6 : Operation 437 [1/1] (0.00ns)   --->   "%seg_buf_87 = extractvalue i256 %call_ret" [sha1/sha2561.cpp:103]   --->   Operation 437 'extractvalue' 'seg_buf_87' <Predicate = true> <Delay = 0.00>
ST_6 : Operation 438 [1/1] (0.00ns)   --->   "%seg_buf_88 = extractvalue i256 %call_ret" [sha1/sha2561.cpp:103]   --->   Operation 438 'extractvalue' 'seg_buf_88' <Predicate = true> <Delay = 0.00>
ST_6 : Operation 439 [1/1] (0.00ns)   --->   "%seg_buf_89 = extractvalue i256 %call_ret" [sha1/sha2561.cpp:103]   --->   Operation 439 'extractvalue' 'seg_buf_89' <Predicate = true> <Delay = 0.00>
ST_6 : Operation 440 [1/1] (0.00ns)   --->   "%seg_buf_90 = extractvalue i256 %call_ret" [sha1/sha2561.cpp:103]   --->   Operation 440 'extractvalue' 'seg_buf_90' <Predicate = true> <Delay = 0.00>
ST_6 : Operation 441 [1/1] (0.00ns)   --->   "%seg_buf_91 = extractvalue i256 %call_ret" [sha1/sha2561.cpp:103]   --->   Operation 441 'extractvalue' 'seg_buf_91' <Predicate = true> <Delay = 0.00>
ST_6 : Operation 442 [1/1] (0.00ns)   --->   "%seg_buf_92 = extractvalue i256 %call_ret" [sha1/sha2561.cpp:103]   --->   Operation 442 'extractvalue' 'seg_buf_92' <Predicate = true> <Delay = 0.00>
ST_6 : Operation 443 [1/1] (0.00ns)   --->   "%seg_buf_93 = extractvalue i256 %call_ret" [sha1/sha2561.cpp:103]   --->   Operation 443 'extractvalue' 'seg_buf_93' <Predicate = true> <Delay = 0.00>
ST_6 : Operation 444 [1/1] (0.00ns)   --->   "%seg_buf_94 = extractvalue i256 %call_ret" [sha1/sha2561.cpp:103]   --->   Operation 444 'extractvalue' 'seg_buf_94' <Predicate = true> <Delay = 0.00>
ST_6 : Operation 445 [1/1] (0.00ns)   --->   "%tmp_s = bitconcatenate i256 @_ssdm_op_BitConcatenate.i256.i8.i8.i8.i8.i8.i8.i8.i8.i8.i8.i8.i8.i8.i8.i8.i8.i8.i8.i8.i8.i8.i8.i8.i8.i8.i8.i8.i8.i8.i8.i8.i8, i8 %seg_buf_129, i8 %seg_buf_64, i8 %seg_buf_65, i8 %seg_buf_66, i8 %seg_buf_67, i8 %seg_buf_68, i8 %seg_buf_69, i8 %seg_buf_70, i8 %seg_buf_71, i8 %seg_buf_72, i8 %seg_buf_73, i8 %seg_buf_74, i8 %seg_buf_75, i8 %seg_buf_76, i8 %seg_buf_77, i8 %seg_buf_78, i8 %seg_buf_79, i8 %seg_buf_80, i8 %seg_buf_81, i8 %seg_buf_82, i8 %seg_buf_83, i8 %seg_buf_84, i8 %seg_buf_85, i8 %seg_buf_86, i8 %seg_buf_87, i8 %seg_buf_88, i8 %seg_buf_89, i8 %seg_buf_90, i8 %seg_buf_91, i8 %seg_buf_92, i8 %seg_buf_93, i8 %seg_buf_94"   --->   Operation 445 'bitconcatenate' 'tmp_s' <Predicate = true> <Delay = 0.00>
ST_6 : Operation 446 [1/1] (0.00ns)   --->   "%zext_ln904 = zext i256 %tmp_s"   --->   Operation 446 'zext' 'zext_ln904' <Predicate = true> <Delay = 0.00>
ST_6 : Operation 447 [1/1] (0.00ns)   --->   "%newret2 = insertvalue i518 <undef>, i512 %zext_ln904"   --->   Operation 447 'insertvalue' 'newret2' <Predicate = true> <Delay = 0.00>
ST_6 : Operation 448 [1/1] (0.00ns)   --->   "%newret4 = insertvalue i518 %newret2, i6 %trunc_ln145_2"   --->   Operation 448 'insertvalue' 'newret4' <Predicate = true> <Delay = 0.00>
ST_6 : Operation 449 [1/1] (0.00ns)   --->   "%ret_ln904 = ret i518 %newret4"   --->   Operation 449 'ret' 'ret_ln904' <Predicate = true> <Delay = 0.00>


============================================================
+ Verbose Summary: Timing violations
============================================================
Target clock period: 10ns, clock uncertainty: 2.7ns.

 <State 1>: 0ns
The critical path consists of the following:

 <State 2>: 1.83ns
The critical path consists of the following:
	axis read operation ('input_r_read', /share/xilinx/Vitis_HLS/2022.1/common/technology/autopilot/hls_stream_39.h:145) on port 'input_r' (/share/xilinx/Vitis_HLS/2022.1/common/technology/autopilot/hls_stream_39.h:145) [159]  (0 ns)
	'call' operation ('call_ln145', /share/xilinx/Vitis_HLS/2022.1/common/technology/autopilot/hls_stream_39.h:145) to 'sha2561_Pipeline_VITIS_LOOP_94_2' [232]  (1.83 ns)

 <State 3>: 0.987ns
The critical path consists of the following:
	'call' operation ('call_ln145', /share/xilinx/Vitis_HLS/2022.1/common/technology/autopilot/hls_stream_39.h:145) to 'sha2561_Pipeline_VITIS_LOOP_94_2' [232]  (0.987 ns)

 <State 4>: 1.42ns
The critical path consists of the following:
	'load' operation ('conv73_loc_load') on local variable 'conv73_loc' [233]  (0 ns)
	'call' operation ('call_ln0') to 'sha2561_Pipeline_VITIS_LOOP_90_1' [297]  (1.42 ns)

 <State 5>: 0ns
The critical path consists of the following:

 <State 6>: 0.303ns
The critical path consists of the following:
	'call' operation ('call_ret', sha1/sha2561.cpp:103) to 'sha256_final' [408]  (0.303 ns)


============================================================
+ Verbose Summary: Binding
============================================================
N/A
* FSMD analyzer results:
  - Output states:
 - Input state : 
  - Chain level:
	State 1
	State 2
	State 3
	State 4
	State 5
	State 6


============================================================
+ Verbose Summary: Datapath Resource usage 
============================================================
N/A
