

================================================================
== Vitis HLS Report for 'sha2561'
================================================================
* Date:           Wed Aug  2 23:09:55 2023

* Version:        2022.1 (Build 3526262 on Mon Apr 18 15:47:01 MDT 2022)
* Project:        shat-rsa
* Solution:       solution1 (Vivado IP Flow Target)
* Product family: virtexuplus
* Target device:  xcu280-fsvh2892-2L-e


================================================================
== Performance Estimates
================================================================
+ Timing: 
    * Summary: 
    +--------+----------+----------+------------+
    |  Clock |  Target  | Estimated| Uncertainty|
    +--------+----------+----------+------------+
    |ap_clk  |  10.00 ns|  7.175 ns|     2.70 ns|
    +--------+----------+----------+------------+

+ Latency: 
    * Summary: 
    +---------+---------+----------+----------+-----+-----+---------+
    |  Latency (cycles) |  Latency (absolute) |  Interval | Pipeline|
    |   min   |   max   |    min   |    max   | min | max |   Type  |
    +---------+---------+----------+----------+-----+-----+---------+
    |        ?|        ?|         ?|         ?|    ?|    ?|       no|
    +---------+---------+----------+----------+-----+-----+---------+

    + Detail: 
        * Instance: 
        +---------------------------------------------+----------------------------------+---------+---------+-----------+-----------+------+------+---------+
        |                                             |                                  |  Latency (cycles) |   Latency (absolute)  |   Interval  | Pipeline|
        |                   Instance                  |              Module              |   min   |   max   |    min    |    max    |  min |  max |   Type  |
        +---------------------------------------------+----------------------------------+---------+---------+-----------+-----------+------+------+---------+
        |grp_sha2561_Pipeline_VITIS_LOOP_92_2_fu_628  |sha2561_Pipeline_VITIS_LOOP_92_2  |       66|       66|   0.660 us|   0.660 us|    66|    66|       no|
        |grp_sha256_final_fu_761                      |sha256_final                      |        ?|        ?|          ?|          ?|     ?|     ?|       no|
        |grp_sha2561_Pipeline_VITIS_LOOP_90_1_fu_809  |sha2561_Pipeline_VITIS_LOOP_90_1  |     3330|     3330|  33.300 us|  33.300 us|  3330|  3330|       no|
        +---------------------------------------------+----------------------------------+---------+---------+-----------+-----------+------+------+---------+

        * Loop: 
        +-------------------+---------+---------+----------+-----------+-----------+------+----------+
        |                   |  Latency (cycles) | Iteration|  Initiation Interval  | Trip |          |
        |     Loop Name     |   min   |   max   |  Latency |  achieved |   target  | Count| Pipelined|
        +-------------------+---------+---------+----------+-----------+-----------+------+----------+
        |- VITIS_LOOP_89_1  |        ?|        ?|      3400|          -|          -|     ?|        no|
        +-------------------+---------+---------+----------+-----------+-----------+------+----------+



================================================================
== Utilization Estimates
================================================================
* Summary: 
+---------------------+---------+------+---------+---------+-----+
|         Name        | BRAM_18K|  DSP |    FF   |   LUT   | URAM|
+---------------------+---------+------+---------+---------+-----+
|DSP                  |        -|     -|        -|        -|    -|
|Expression           |        -|     -|        -|        -|    -|
|FIFO                 |        -|     -|        -|        -|    -|
|Instance             |        -|     -|    20472|   108994|    -|
|Memory               |        0|     -|        8|        9|    0|
|Multiplexer          |        -|     -|        -|      256|    -|
|Register             |        -|     -|     1909|        -|    -|
+---------------------+---------+------+---------+---------+-----+
|Total                |        0|     0|    22389|   109259|    0|
+---------------------+---------+------+---------+---------+-----+
|Available SLR        |     1344|  3008|   869120|   434560|  320|
+---------------------+---------+------+---------+---------+-----+
|Utilization SLR (%)  |        0|     0|        2|       25|    0|
+---------------------+---------+------+---------+---------+-----+
|Available            |     4032|  9024|  2607360|  1303680|  960|
+---------------------+---------+------+---------+---------+-----+
|Utilization (%)      |        0|     0|       ~0|        8|    0|
+---------------------+---------+------+---------+---------+-----+

+ Detail: 
    * Instance: 
    +---------------------------------------------+----------------------------------+---------+----+-------+-------+-----+
    |                   Instance                  |              Module              | BRAM_18K| DSP|   FF  |  LUT  | URAM|
    +---------------------------------------------+----------------------------------+---------+----+-------+-------+-----+
    |grp_sha2561_Pipeline_VITIS_LOOP_90_1_fu_809  |sha2561_Pipeline_VITIS_LOOP_90_1  |        0|   0|   9432|  52136|    0|
    |grp_sha2561_Pipeline_VITIS_LOOP_92_2_fu_628  |sha2561_Pipeline_VITIS_LOOP_92_2  |        0|   0|    521|   2805|    0|
    |grp_sha256_final_fu_761                      |sha256_final                      |        0|   0|  10519|  54053|    0|
    +---------------------------------------------+----------------------------------+---------+----+-------+-------+-----+
    |Total                                        |                                  |        0|   0|  20472| 108994|    0|
    +---------------------------------------------+----------------------------------+---------+----+-------+-------+-----+

    * DSP: 
    N/A

    * Memory: 
    +------------------+--------------------------------------+---------+---+----+-----+------+-----+------+-------------+
    |      Memory      |                Module                | BRAM_18K| FF| LUT| URAM| Words| Bits| Banks| W*Bits*Banks|
    +------------------+--------------------------------------+---------+---+----+-----+------+-----+------+-------------+
    |sha256ctx_data_U  |sha2561_sha256ctx_data_RAM_AUTO_1R1W  |        0|  8|   9|    0|    64|    8|     1|          512|
    +------------------+--------------------------------------+---------+---+----+-----+------+-----+------+-------------+
    |Total             |                                      |        0|  8|   9|    0|    64|    8|     1|          512|
    +------------------+--------------------------------------+---------+---+----+-----+------+-----+------+-------------+

    * FIFO: 
    N/A

    * Expression: 
    N/A

    * Multiplexer: 
    +----------------------------+----+-----------+-----+-----------+
    |            Name            | LUT| Input Size| Bits| Total Bits|
    +----------------------------+----+-----------+-----+-----------+
    |ap_NS_fsm                   |  37|          7|    1|          7|
    |ap_return_0                 |   9|          2|  256|        512|
    |ap_return_1                 |   9|          2|    6|         12|
    |input_r_TDATA_blk_n         |   9|          2|    1|          2|
    |sha256ctx_bitlen_0_fu_62    |   9|          2|   32|         64|
    |sha256ctx_bitlen_1_fu_66    |   9|          2|   32|         64|
    |sha256ctx_data_address0     |  14|          3|    6|         18|
    |sha256ctx_data_address1     |  14|          3|    6|         18|
    |sha256ctx_data_ce0          |  14|          3|    1|          3|
    |sha256ctx_data_ce1          |  14|          3|    1|          3|
    |sha256ctx_data_d0           |  14|          3|    8|         24|
    |sha256ctx_data_we0          |  14|          3|    1|          3|
    |sha256ctx_data_we1          |   9|          2|    1|          2|
    |sha256ctx_datalen_fu_326    |   9|          2|   32|         64|
    |sha256ctx_state_0_0_fu_338  |   9|          2|   32|         64|
    |sha256ctx_state_1_0_fu_342  |   9|          2|   32|         64|
    |sha256ctx_state_2_0_fu_346  |   9|          2|   32|         64|
    |sha256ctx_state_3_0_fu_350  |   9|          2|   32|         64|
    |sha256ctx_state_4_0_fu_354  |   9|          2|   32|         64|
    |sha256ctx_state_5_0_fu_358  |   9|          2|   32|         64|
    |sha256ctx_state_6_0_fu_334  |   9|          2|   32|         64|
    |sha256ctx_state_7_0_fu_330  |   9|          2|   32|         64|
    +----------------------------+----+-----------+-----+-----------+
    |Total                       | 256|         55|  640|       1308|
    +----------------------------+----+-----------+-----+-----------+

    * Register: 
    +----------------------------------------------------------+-----+----+-----+-----------+
    |                           Name                           |  FF | LUT| Bits| Const Bits|
    +----------------------------------------------------------+-----+----+-----+-----------+
    |ap_CS_fsm                                                 |    6|   0|    6|          0|
    |ap_return_0_preg                                          |  256|   0|  512|        256|
    |ap_return_1_preg                                          |    6|   0|    6|          0|
    |grp_sha2561_Pipeline_VITIS_LOOP_90_1_fu_809_ap_start_reg  |    1|   0|    1|          0|
    |grp_sha2561_Pipeline_VITIS_LOOP_92_2_fu_628_ap_start_reg  |    1|   0|    1|          0|
    |grp_sha256_final_fu_761_ap_start_reg                      |    1|   0|    1|          0|
    |reg_1049                                                  |    8|   0|    8|          0|
    |reg_1055                                                  |    8|   0|    8|          0|
    |reg_1061                                                  |    8|   0|    8|          0|
    |reg_1067                                                  |    8|   0|    8|          0|
    |reg_1073                                                  |    8|   0|    8|          0|
    |reg_1079                                                  |    8|   0|    8|          0|
    |reg_1085                                                  |    8|   0|    8|          0|
    |reg_1091                                                  |    8|   0|    8|          0|
    |reg_1097                                                  |    8|   0|    8|          0|
    |reg_1103                                                  |    8|   0|    8|          0|
    |reg_1109                                                  |    8|   0|    8|          0|
    |reg_1115                                                  |    8|   0|    8|          0|
    |reg_1121                                                  |    8|   0|    8|          0|
    |reg_1127                                                  |    8|   0|    8|          0|
    |reg_1133                                                  |    8|   0|    8|          0|
    |reg_1139                                                  |    8|   0|    8|          0|
    |reg_1145                                                  |    8|   0|    8|          0|
    |reg_1151                                                  |    8|   0|    8|          0|
    |reg_1157                                                  |    8|   0|    8|          0|
    |reg_1163                                                  |    8|   0|    8|          0|
    |reg_1169                                                  |    8|   0|    8|          0|
    |reg_1175                                                  |    8|   0|    8|          0|
    |reg_1181                                                  |    8|   0|    8|          0|
    |reg_1187                                                  |    8|   0|    8|          0|
    |reg_1193                                                  |    8|   0|    8|          0|
    |reg_1199                                                  |    8|   0|    8|          0|
    |reg_1205                                                  |    8|   0|    8|          0|
    |reg_1211                                                  |    8|   0|    8|          0|
    |reg_1217                                                  |    8|   0|    8|          0|
    |reg_1223                                                  |    8|   0|    8|          0|
    |reg_1229                                                  |    8|   0|    8|          0|
    |reg_1235                                                  |    8|   0|    8|          0|
    |seg_buf_10_fu_110                                         |    8|   0|    8|          0|
    |seg_buf_11_fu_114                                         |    8|   0|    8|          0|
    |seg_buf_12_fu_118                                         |    8|   0|    8|          0|
    |seg_buf_13_fu_122                                         |    8|   0|    8|          0|
    |seg_buf_14_fu_126                                         |    8|   0|    8|          0|
    |seg_buf_15_fu_130                                         |    8|   0|    8|          0|
    |seg_buf_16_fu_134                                         |    8|   0|    8|          0|
    |seg_buf_17_fu_138                                         |    8|   0|    8|          0|
    |seg_buf_18_fu_142                                         |    8|   0|    8|          0|
    |seg_buf_19_fu_146                                         |    8|   0|    8|          0|
    |seg_buf_1_fu_74                                           |    8|   0|    8|          0|
    |seg_buf_20_fu_150                                         |    8|   0|    8|          0|
    |seg_buf_21_fu_154                                         |    8|   0|    8|          0|
    |seg_buf_22_fu_158                                         |    8|   0|    8|          0|
    |seg_buf_23_fu_162                                         |    8|   0|    8|          0|
    |seg_buf_24_fu_166                                         |    8|   0|    8|          0|
    |seg_buf_25_fu_170                                         |    8|   0|    8|          0|
    |seg_buf_26_fu_174                                         |    8|   0|    8|          0|
    |seg_buf_27_fu_178                                         |    8|   0|    8|          0|
    |seg_buf_28_fu_182                                         |    8|   0|    8|          0|
    |seg_buf_29_fu_186                                         |    8|   0|    8|          0|
    |seg_buf_2_fu_78                                           |    8|   0|    8|          0|
    |seg_buf_30_fu_190                                         |    8|   0|    8|          0|
    |seg_buf_31_fu_194                                         |    8|   0|    8|          0|
    |seg_buf_32_fu_198                                         |    8|   0|    8|          0|
    |seg_buf_33_fu_202                                         |    8|   0|    8|          0|
    |seg_buf_34_fu_206                                         |    8|   0|    8|          0|
    |seg_buf_35_fu_210                                         |    8|   0|    8|          0|
    |seg_buf_36_fu_214                                         |    8|   0|    8|          0|
    |seg_buf_37_fu_218                                         |    8|   0|    8|          0|
    |seg_buf_38_fu_222                                         |    8|   0|    8|          0|
    |seg_buf_39_fu_226                                         |    8|   0|    8|          0|
    |seg_buf_3_fu_82                                           |    8|   0|    8|          0|
    |seg_buf_40_fu_230                                         |    8|   0|    8|          0|
    |seg_buf_41_fu_234                                         |    8|   0|    8|          0|
    |seg_buf_42_fu_238                                         |    8|   0|    8|          0|
    |seg_buf_43_fu_242                                         |    8|   0|    8|          0|
    |seg_buf_44_fu_246                                         |    8|   0|    8|          0|
    |seg_buf_45_fu_250                                         |    8|   0|    8|          0|
    |seg_buf_46_fu_254                                         |    8|   0|    8|          0|
    |seg_buf_47_fu_258                                         |    8|   0|    8|          0|
    |seg_buf_48_fu_262                                         |    8|   0|    8|          0|
    |seg_buf_49_fu_266                                         |    8|   0|    8|          0|
    |seg_buf_4_fu_86                                           |    8|   0|    8|          0|
    |seg_buf_50_fu_270                                         |    8|   0|    8|          0|
    |seg_buf_51_fu_274                                         |    8|   0|    8|          0|
    |seg_buf_52_fu_278                                         |    8|   0|    8|          0|
    |seg_buf_53_fu_282                                         |    8|   0|    8|          0|
    |seg_buf_54_fu_286                                         |    8|   0|    8|          0|
    |seg_buf_55_fu_290                                         |    8|   0|    8|          0|
    |seg_buf_56_fu_294                                         |    8|   0|    8|          0|
    |seg_buf_57_fu_298                                         |    8|   0|    8|          0|
    |seg_buf_58_fu_302                                         |    8|   0|    8|          0|
    |seg_buf_59_fu_306                                         |    8|   0|    8|          0|
    |seg_buf_5_fu_90                                           |    8|   0|    8|          0|
    |seg_buf_60_fu_310                                         |    8|   0|    8|          0|
    |seg_buf_61_fu_314                                         |    8|   0|    8|          0|
    |seg_buf_62_fu_318                                         |    8|   0|    8|          0|
    |seg_buf_63_fu_322                                         |    8|   0|    8|          0|
    |seg_buf_6_fu_94                                           |    8|   0|    8|          0|
    |seg_buf_7_fu_98                                           |    8|   0|    8|          0|
    |seg_buf_8_fu_102                                          |    8|   0|    8|          0|
    |seg_buf_9_fu_106                                          |    8|   0|    8|          0|
    |seg_buf_fu_70                                             |    8|   0|    8|          0|
    |sha256ctx_bitlen_0_fu_62                                  |   32|   0|   32|          0|
    |sha256ctx_bitlen_1_fu_66                                  |   32|   0|   32|          0|
    |sha256ctx_datalen_fu_326                                  |   32|   0|   32|          0|
    |sha256ctx_state_0_0_fu_338                                |   32|   0|   32|          0|
    |sha256ctx_state_1_0_fu_342                                |   32|   0|   32|          0|
    |sha256ctx_state_2_0_fu_346                                |   32|   0|   32|          0|
    |sha256ctx_state_3_0_fu_350                                |   32|   0|   32|          0|
    |sha256ctx_state_4_0_fu_354                                |   32|   0|   32|          0|
    |sha256ctx_state_5_0_fu_358                                |   32|   0|   32|          0|
    |sha256ctx_state_6_0_fu_334                                |   32|   0|   32|          0|
    |sha256ctx_state_7_0_fu_330                                |   32|   0|   32|          0|
    |trunc_ln145_2_reg_3282                                    |    6|   0|    6|          0|
    |trunc_ln145_reg_3222                                      |  512|   0|  512|          0|
    +----------------------------------------------------------+-----+----+-----+-----------+
    |Total                                                     | 1909|   0| 2165|        256|
    +----------------------------------------------------------+-----+----+-----+-----------+



================================================================
== Interface
================================================================
* Summary: 
+----------------+-----+-----+--------------+--------------+--------------+
|    RTL Ports   | Dir | Bits|   Protocol   | Source Object|    C Type    |
+----------------+-----+-----+--------------+--------------+--------------+
|ap_clk          |   in|    1|  ap_ctrl_none|       sha2561|  return value|
|ap_rst          |   in|    1|  ap_ctrl_none|       sha2561|  return value|
|ap_start        |   in|    1|  ap_ctrl_none|       sha2561|  return value|
|ap_done         |  out|    1|  ap_ctrl_none|       sha2561|  return value|
|ap_idle         |  out|    1|  ap_ctrl_none|       sha2561|  return value|
|ap_ready        |  out|    1|  ap_ctrl_none|       sha2561|  return value|
|ap_return_0     |  out|  512|  ap_ctrl_none|       sha2561|  return value|
|ap_return_1     |  out|    6|  ap_ctrl_none|       sha2561|  return value|
|input_r_TDATA   |   in|  584|          axis|       input_r|       pointer|
|input_r_TVALID  |   in|    1|          axis|       input_r|       pointer|
|input_r_TREADY  |  out|    1|          axis|       input_r|       pointer|
+----------------+-----+-----+--------------+--------------+--------------+

