

================================================================
== Synthesis Summary Report of 'sha512'
================================================================
+ General Information: 
    * Date:           Thu Aug  3 15:02:59 2023
    * Version:        2022.1 (Build 3526262 on Mon Apr 18 15:47:01 MDT 2022)
    * Project:        SHA512_01
    * Solution:       solution1 (Vivado IP Flow Target)
    * Product family: virtexuplus
    * Target device:  xcu280-fsvh2892-2L-e
    

+ Performance & Resource Estimates: 
    
    PS: '+' for module; 'o' for loop; '*' for dataflow
    +-----------------------------------------------------------------+------+------+---------+---------+----------+---------+------+----------+------+----+-------------+-------------+-----+
    |                             Modules                             | Issue|      | Latency | Latency | Iteration|         | Trip |          |      |    |             |             |     |
    |                             & Loops                             | Type | Slack| (cycles)|   (ns)  |  Latency | Interval| Count| Pipelined| BRAM | DSP|      FF     |     LUT     | URAM|
    +-----------------------------------------------------------------+------+------+---------+---------+----------+---------+------+----------+------+----+-------------+-------------+-----+
    |+ sha512                                                         |     -|  0.02|        -|        -|         -|        -|     -|        no|     -|   -|  10836 (~0%)|  11823 (~0%)|    -|
    | + sha512Top_512u_512u_s*                                        |     -|  0.02|        -|        -|         -|        -|     -|  dataflow|     -|   -|  10829 (~0%)|  11782 (~0%)|    -|
    |  + preProcessing                                                |     -|  0.02|        -|        -|         -|        -|     -|        no|     -|   -|   2196 (~0%)|   6119 (~0%)|    -|
    |   o LOOP_PREPROCESSING_MAIN                                     |     -|  2.92|        -|        -|        22|        -|     -|        no|     -|   -|            -|            -|    -|
    |    + preProcessing_Pipeline_LOOP_COPY_TAIL_AND_PAD_1            |     -|  0.02|       16|   64.000|         -|       16|     -|        no|     -|   -|    518 (~0%)|   5433 (~0%)|    -|
    |     o LOOP_COPY_TAIL_AND_PAD_1                                  |     -|  2.92|       14|   56.000|         1|        1|    14|       yes|     -|   -|            -|            -|    -|
    |  + dup_strm_128u_s                                              |     -|  1.17|        6|   24.000|         -|        6|     -|        no|     -|   -|     12 (~0%)|    201 (~0%)|    -|
    |   + dup_strm_128u_Pipeline_LOOP_DUP_STREAM                      |     -|  1.17|        3|   12.000|         -|        3|     -|        no|     -|   -|      5 (~0%)|     75 (~0%)|    -|
    |    o LOOP_DUP_STREAM                                            |     -|  2.92|        1|    4.000|         2|        1|     1|       yes|     -|   -|            -|            -|    -|
    |  + generateMsgSchedule                                          |     -|  0.10|       91|  364.000|         -|       91|     -|        no|     -|   -|   3229 (~0%)|    905 (~0%)|    -|
    |   o LOOP_GEN_W_NBLK                                             |     -|  2.92|       90|  360.000|        90|        -|     1|        no|     -|   -|            -|            -|    -|
    |    + generateMsgSchedule_Pipeline_LOOP_SHA512_GEN_WT16          |     -|  1.83|       18|   72.000|         -|       18|     -|        no|     -|   -|   1096 (~0%)|    136 (~0%)|    -|
    |     o LOOP_SHA512_GEN_WT16                                      |     -|  2.92|       16|   64.000|         2|        1|    16|       yes|     -|   -|            -|            -|    -|
    |    + generateMsgSchedule_Pipeline_LOOP_SHA1_GEN_WT64            |     -|  0.54|       66|  264.000|         -|       66|     -|        no|     -|   -|   1099 (~0%)|    672 (~0%)|    -|
    |     o LOOP_SHA1_GEN_WT64                                        |     -|  2.92|       64|  256.000|         2|        1|    64|       yes|     -|   -|            -|            -|    -|
    |  + SHA512Digest_64u_512u_s                                      |     -|  0.15|      168|  672.000|         -|      168|     -|        no|     -|   -|   1755 (~0%)|   2501 (~0%)|    -|
    |   o LOOP_SHA1_DIGEST_NBLK                                       |     -|  2.92|      166|  664.000|       166|        -|     1|        no|     -|   -|            -|            -|    -|
    |    + SHA512Digest_64u_512u_Pipeline_LOOP_SHA1_UPDATE_80_ROUNDS  |     -|  0.37|      163|  652.000|         -|      163|     -|        no|     -|   -|    724 (~0%)|   1770 (~0%)|    -|
    |     o LOOP_SHA1_UPDATE_80_ROUNDS                                |     -|  2.92|      161|  644.000|         3|        2|    80|       yes|     -|   -|            -|            -|    -|
    +-----------------------------------------------------------------+------+------+---------+---------+----------+---------+------+----------+------+----+-------------+-------------+-----+


================================================================
== HW Interfaces
================================================================
* AXIS
+-----------+---------------+-------+--------+--------+
| Interface | Register Mode | TDATA | TREADY | TVALID |
+-----------+---------------+-------+--------+--------+
| input_r   | both          | 584   | 1      | 1      |
| output_r  | both          | 584   | 1      | 1      |
+-----------+---------------+-------+--------+--------+

* TOP LEVEL CONTROL
+-----------+--------------+----------+
| Interface | Type         | Ports    |
+-----------+--------------+----------+
| ap_clk    | clock        | ap_clk   |
| ap_rst_n  | reset        | ap_rst_n |
| ap_ctrl   | ap_ctrl_none |          |
+-----------+--------------+----------+


================================================================
== SW I/O Information
================================================================
* Top Function Arguments
+----------+-----------+----------------------+
| Argument | Direction | Datatype             |
+----------+-----------+----------------------+
| input    | in        | stream<axisIntf, 0>& |
| output   | out       | stream<axisIntf, 0>& |
+----------+-----------+----------------------+

* SW-to-HW Mapping
+----------+--------------+-----------+
| Argument | HW Interface | HW Type   |
+----------+--------------+-----------+
| input    | input_r      | interface |
| output   | output_r     | interface |
+----------+--------------+-----------+


================================================================
== M_AXI Burst Information
================================================================
 Note: All burst requests might be further partitioned into multiple requests during RTL generation based on max_read_burst_length or max_write_burst_length settings.

  No burst in design

================================================================
== Bind Op Report
================================================================
+----------------------------------------------------------------+-----+--------+-----------------+-----+--------+---------+
| Name                                                           | DSP | Pragma | Variable        | Op  | Impl   | Latency |
+----------------------------------------------------------------+-----+--------+-----------------+-----+--------+---------+
| + sha512                                                       | 0   |        |                 |     |        |         |
|  + sha512Top_512u_512u_s                                       | 0   |        |                 |     |        |         |
|   + preProcessing                                              | 0   |        |                 |     |        |         |
|     len_V_1_fu_406_p2                                          | -   |        | len_V_1         | add | fabric | 0       |
|     bufferIndex_V_2_fu_563_p2                                  | -   |        | bufferIndex_V_2 | add | fabric | 0       |
|    + preProcessing_Pipeline_LOOP_COPY_TAIL_AND_PAD_1           | 0   |        |                 |     |        |         |
|      add_ln886_fu_282_p2                                       | -   |        | add_ln886       | add | fabric | 0       |
|      sub_ln674_fu_344_p2                                       | -   |        | sub_ln674       | sub | fabric | 0       |
|      sub_ln674_1_fu_356_p2                                     | -   |        | sub_ln674_1     | sub | fabric | 0       |
|      sub_ln674_2_fu_386_p2                                     | -   |        | sub_ln674_2     | sub | fabric | 0       |
|   + generateMsgSchedule                                        | 0   |        |                 |     |        |         |
|    + generateMsgSchedule_Pipeline_LOOP_SHA512_GEN_WT16         | 0   |        |                 |     |        |         |
|      add_ln886_fu_437_p2                                       | -   |        | add_ln886       | add | fabric | 0       |
|    + generateMsgSchedule_Pipeline_LOOP_SHA1_GEN_WT64           | 0   |        |                 |     |        |         |
|      add_ln232_1_fu_565_p2                                     | -   |        | add_ln232_1     | add | fabric | 0       |
|      add_ln886_fu_577_p2                                       | -   |        | add_ln886       | add | fabric | 0       |
|   + SHA512Digest_64u_512u_s                                    | 0   |        |                 |     |        |         |
|     add_ln232_fu_312_p2                                        | -   |        | add_ln232       | add | fabric | 0       |
|     add_ln232_3_fu_317_p2                                      | -   |        | add_ln232_3     | add | fabric | 0       |
|     add_ln232_4_fu_322_p2                                      | -   |        | add_ln232_4     | add | fabric | 0       |
|     add_ln232_5_fu_327_p2                                      | -   |        | add_ln232_5     | add | fabric | 0       |
|     add_ln232_6_fu_332_p2                                      | -   |        | add_ln232_6     | add | fabric | 0       |
|     add_ln232_7_fu_337_p2                                      | -   |        | add_ln232_7     | add | fabric | 0       |
|     add_ln232_8_fu_342_p2                                      | -   |        | add_ln232_8     | add | fabric | 0       |
|     add_ln232_9_fu_347_p2                                      | -   |        | add_ln232_9     | add | fabric | 0       |
|    + SHA512Digest_64u_512u_Pipeline_LOOP_SHA1_UPDATE_80_ROUNDS | 0   |        |                 |     |        |         |
|      add_ln886_fu_494_p2                                       | -   |        | add_ln886       | add | fabric | 0       |
|      e_V_2_fu_915_p2                                           | -   |        | e_V_2           | add | fabric | 0       |
+----------------------------------------------------------------+-----+--------+-----------------+-----+--------+---------+


================================================================
== Bind Storage Report
================================================================
+--------------------------+------+------+--------+----------------+---------+--------+---------+
| Name                     | BRAM | URAM | Pragma | Variable       | Storage | Impl   | Latency |
+--------------------------+------+------+--------+----------------+---------+--------+---------+
| + sha512                 | 0    | 0    |        |                |         |        |         |
|  + sha512Top_512u_512u_s | 0    | 0    |        |                |         |        |         |
|    blk_strm_U            | -    | -    | yes    | blk_strm       | fifo    | lutram | 0       |
|    end_nblk_strm_U       | -    | -    | yes    | end_nblk_strm  | fifo    | lutram | 0       |
|    end_nblk_strm1_U      | -    | -    | yes    | end_nblk_strm1 | fifo    | lutram | 0       |
|    end_nblk_strm2_U      | -    | -    | yes    | end_nblk_strm2 | fifo    | lutram | 0       |
|    w_strm_U              | -    | -    | yes    | w_strm         | fifo    | lutram | 0       |
|    tkeep_strm_U          | -    | -    | yes    | tkeep_strm     | fifo    | lutram | 0       |
|    tid_strm_U            | -    | -    | yes    | tid_strm       | fifo    | lutram | 0       |
|   + preProcessing        | 0    | 0    |        |                |         |        |         |
|     inputBuffer_V_U      | -    | -    |        | inputBuffer_V  | ram_2p  | auto   | 1       |
+--------------------------+------+------+--------+----------------+---------+--------+---------+


================================================================
== Pragma Report
================================================================
* Pragmas with Warnings
+------------+-----------------------------------------------------------+------------------------------------------------+------------------------------------------------------------------------------------------------+
| Type       | Options                                                   | Location                                       | Messages                                                                                       |
+------------+-----------------------------------------------------------+------------------------------------------------+------------------------------------------------------------------------------------------------+
| resource   | variable = blk_strm core = FIFO_LUTRAM                    | SHA512CODE/sha512.cpp:758 in sha512top         | 'Resource pragma' is deprecated, use 'bind_op/bind_storage pragma' instead                     |
| resource   | variable = nblk_strm core = FIFO_LUTRAM                   | SHA512CODE/sha512.cpp:763 in sha512top         | 'Resource pragma' is deprecated, use 'bind_op/bind_storage pragma' instead                     |
| resource   | variable = nblk_strm1 core = FIFO_LUTRAM                  | SHA512CODE/sha512.cpp:766 in sha512top         | 'Resource pragma' is deprecated, use 'bind_op/bind_storage pragma' instead                     |
| resource   | variable = nblk_strm2 core = FIFO_LUTRAM                  | SHA512CODE/sha512.cpp:769 in sha512top         | 'Resource pragma' is deprecated, use 'bind_op/bind_storage pragma' instead                     |
| resource   | variable = end_nblk_strm core = FIFO_LUTRAM               | SHA512CODE/sha512.cpp:774 in sha512top         | 'Resource pragma' is deprecated, use 'bind_op/bind_storage pragma' instead                     |
| resource   | variable = end_nblk_strm1 core = FIFO_LUTRAM              | SHA512CODE/sha512.cpp:777 in sha512top         | 'Resource pragma' is deprecated, use 'bind_op/bind_storage pragma' instead                     |
| resource   | variable = end_nblk_strm2 core = FIFO_LUTRAM              | SHA512CODE/sha512.cpp:780 in sha512top         | 'Resource pragma' is deprecated, use 'bind_op/bind_storage pragma' instead                     |
| resource   | variable = w_strm core = FIFO_LUTRAM                      | SHA512CODE/sha512.cpp:785 in sha512top         | 'Resource pragma' is deprecated, use 'bind_op/bind_storage pragma' instead                     |
| resource   | variable = tkeep_strm core = FIFO_LUTRAM                  | SHA512CODE/sha512.cpp:790 in sha512top         | 'Resource pragma' is deprecated, use 'bind_op/bind_storage pragma' instead                     |
| resource   | variable = tid_strm core = FIFO_LUTRAM                    | SHA512CODE/sha512.cpp:793 in sha512top         | 'Resource pragma' is deprecated, use 'bind_op/bind_storage pragma' instead                     |
| resource   | variable = blk_strm core = FIFO_LUTRAM                    | SHA512CODE/sha512.cpp:1070 in hmac_sha384_2in1 | 'Resource pragma' is deprecated, use 'bind_op/bind_storage pragma' instead                     |
| resource   | variable = msg_64_strm core = FIFO_LUTRAM                 | SHA512CODE/sha512.cpp:1133 in hmac_sha384_2in1 | 'Resource pragma' is deprecated, use 'bind_op/bind_storage pragma' instead                     |
| resource   | variable = len_64_strm core = FIFO_LUTRAM                 | SHA512CODE/sha512.cpp:1136 in hmac_sha384_2in1 | 'Resource pragma' is deprecated, use 'bind_op/bind_storage pragma' instead                     |
| resource   | variable = blk_strm core = FIFO_LUTRAM                    | SHA512CODE/sha512.cpp:1139 in hmac_sha384_2in1 | 'Resource pragma' is deprecated, use 'bind_op/bind_storage pragma' instead                     |
| allocation | function instances = internal::HMAC_SHA384_2in1 limit = 1 | SHA512CODE/sha512.cpp:1264 in hmac_sha384      | 'xlx_function_allocation' attribute cannot be applied to a statement                           |
|            |                                                           |                                                | Allocation pragma is ignored, because Instances value is not valid function pointer expression |
| allocation | function instances = internal::HMAC_SHA384_2in1 limit = 1 | SHA512CODE/sha512.cpp:1305 in hmac_sha384      | 'xlx_function_allocation' attribute cannot be applied to a statement                           |
|            |                                                           |                                                | Allocation pragma is ignored, because Instances value is not valid function pointer expression |
+------------+-----------------------------------------------------------+------------------------------------------------+------------------------------------------------------------------------------------------------+

* Valid Pragma Syntax
+-----------------+------------------------------------------+----------------------------------------------------------+
| Type            | Options                                  | Location                                                 |
+-----------------+------------------------------------------+----------------------------------------------------------+
| array_partition | variable = b0.M complete                 | SHA512CODE/sha512.cpp:106 in preprocessing               |
| unroll          |                                          | SHA512CODE/sha512.cpp:114 in preprocessing               |
| array_partition | variable = b.M complete                  | SHA512CODE/sha512.cpp:155 in preprocessing               |
| unroll          |                                          | SHA512CODE/sha512.cpp:163 in preprocessing               |
| array_partition | variable = b0.M complete                 | SHA512CODE/sha512.cpp:182 in preprocessing               |
| unroll          |                                          | SHA512CODE/sha512.cpp:190 in preprocessing               |
| array_partition | variable = b.M complete                  | SHA512CODE/sha512.cpp:216 in preprocessing               |
| pipeline        |                                          | SHA512CODE/sha512.cpp:220 in preprocessing               |
| inline          |                                          | SHA512CODE/sha512.cpp:271 in shr                         |
| inline          |                                          | SHA512CODE/sha512.cpp:294 in rotr                        |
| inline          |                                          | SHA512CODE/sha512.cpp:319 in ch                          |
| inline          |                                          | SHA512CODE/sha512.cpp:344 in maj                         |
| inline          |                                          | SHA512CODE/sha512.cpp:365 in bsig0                       |
| inline          |                                          | SHA512CODE/sha512.cpp:386 in bsig1                       |
| inline          |                                          | SHA512CODE/sha512.cpp:407 in ssig0                       |
| inline          |                                          | SHA512CODE/sha512.cpp:428 in ssig1                       |
| loop_tripcount  | min = 1 max = 1 avg = 1                  | SHA512CODE/sha512.cpp:460 in dup_strm                    |
| pipeline        | II = 1                                   | SHA512CODE/sha512.cpp:461 in dup_strm                    |
| loop_tripcount  | min = 1 max = 1 avg = 1                  | SHA512CODE/sha512.cpp:497 in generatemsgschedule         |
| array_partition | variable = blk.M complete                | SHA512CODE/sha512.cpp:501 in generatemsgschedule         |
| array_partition | variable = W complete                    | SHA512CODE/sha512.cpp:505 in generatemsgschedule         |
| pipeline        | II = 1                                   | SHA512CODE/sha512.cpp:509 in generatemsgschedule         |
| pipeline        | II = 1                                   | SHA512CODE/sha512.cpp:517 in generatemsgschedule         |
| array_partition | variable = K complete                    | SHA512CODE/sha512.cpp:576 in sha512digest                |
| array_partition | variable = H complete                    | SHA512CODE/sha512.cpp:623 in sha512digest                |
| loop_tripcount  | min = 1 max = 1 avg = 1                  | SHA512CODE/sha512.cpp:628 in sha512digest                |
| pipeline        | II = 2                                   | SHA512CODE/sha512.cpp:646 in sha512digest                |
| unroll          |                                          | SHA512CODE/sha512.cpp:699 in sha512digest                |
| dataflow        |                                          | SHA512CODE/sha512.cpp:753 in sha512top                   |
| stream          | variable = blk_strm depth = 32           | SHA512CODE/sha512.cpp:757 in sha512top                   |
| stream          | variable = nblk_strm depth = 32          | SHA512CODE/sha512.cpp:762 in sha512top                   |
| stream          | variable = nblk_strm1 depth = 32         | SHA512CODE/sha512.cpp:765 in sha512top                   |
| stream          | variable = nblk_strm2 depth = 32         | SHA512CODE/sha512.cpp:768 in sha512top                   |
| stream          | variable = end_nblk_strm depth = 32      | SHA512CODE/sha512.cpp:773 in sha512top                   |
| stream          | variable = end_nblk_strm1 depth = 32     | SHA512CODE/sha512.cpp:776 in sha512top                   |
| stream          | variable = end_nblk_strm2 depth = 32     | SHA512CODE/sha512.cpp:779 in sha512top                   |
| stream          | variable = w_strm depth = 32             | SHA512CODE/sha512.cpp:784 in sha512top                   |
| stream          | variable = tkeep_strm depth = 32         | SHA512CODE/sha512.cpp:789 in sha512top                   |
| stream          | variable = tid_strm depth = 32           | SHA512CODE/sha512.cpp:792 in sha512top                   |
| pipeline        | II = 1                                   | SHA512CODE/sha512.cpp:828 in preprocessingonetripforhmac |
| pipeline        | II = 1                                   | SHA512CODE/sha512.cpp:846 in preprocessingonetripforhmac |
| pipeline        | II = 1                                   | SHA512CODE/sha512.cpp:852 in preprocessingonetripforhmac |
| pipeline        | II = 1                                   | SHA512CODE/sha512.cpp:871 in preprocessingonetripforhmac |
| bind_storage    | variable = K type = ROM_1P impl = LUTRAM | SHA512CODE/sha512.cpp:949 in generatemsgscheduleonetrip  |
| array_partition | variable = H complete                    | SHA512CODE/sha512.cpp:952 in generatemsgscheduleonetrip  |
| array_partition | variable = W                             | SHA512CODE/sha512.cpp:994 in generatemsgscheduleonetrip  |
| pipeline        | II = 1                                   | SHA512CODE/sha512.cpp:997 in generatemsgscheduleonetrip  |
| unroll          |                                          | SHA512CODE/sha512.cpp:1052 in generatemsgscheduleonetrip |
| inline          | off                                      | SHA512CODE/sha512.cpp:1066 in hmac_sha384_2in1           |
| dataflow        |                                          | SHA512CODE/sha512.cpp:1067 in hmac_sha384_2in1           |
| stream          | variable = blk_strm depth = 32           | SHA512CODE/sha512.cpp:1069 in hmac_sha384_2in1           |
| pipeline        | II = 1                                   | SHA512CODE/sha512.cpp:1084 in convert32to64oneround      |
| inline          | off                                      | SHA512CODE/sha512.cpp:1129 in hmac_sha384_2in1           |
| dataflow        |                                          | SHA512CODE/sha512.cpp:1130 in hmac_sha384_2in1           |
| stream          | variable = msg_64_strm depth = 32        | SHA512CODE/sha512.cpp:1132 in hmac_sha384_2in1           |
| stream          | variable = len_64_strm depth = 32        | SHA512CODE/sha512.cpp:1135 in hmac_sha384_2in1           |
| stream          | variable = blk_strm depth = 32           | SHA512CODE/sha512.cpp:1138 in hmac_sha384_2in1           |
| interface       | ap_ctrl_none port=return                 | SHA512CODE/sha512.cpp:1329 in sha512, return             |
| interface       | axis register port = input               | SHA512CODE/sha512.cpp:1330 in sha512                     |
| interface       | axis register port = output              | SHA512CODE/sha512.cpp:1331 in sha512                     |
| aggregate       | variable=input bit                       | SHA512CODE/sha512.cpp:1332 in sha512, input              |
| aggregate       | variable=output bit                      | SHA512CODE/sha512.cpp:1333 in sha512, output             |
+-----------------+------------------------------------------+----------------------------------------------------------+


