

================================================================
== Vitis HLS Report for 'dup_strm_128u_s'
================================================================
* Date:           Thu Aug  3 15:02:54 2023

* Version:        2022.1 (Build 3526262 on Mon Apr 18 15:47:01 MDT 2022)
* Project:        SHA512_01
* Solution:       solution1 (Vivado IP Flow Target)
* Product family: virtexuplus
* Target device:  xcu280-fsvh2892-2L-e


================================================================
== Performance Estimates
================================================================
+ Timing: 
    * Summary: 
    +--------+---------+----------+------------+
    |  Clock |  Target | Estimated| Uncertainty|
    +--------+---------+----------+------------+
    |ap_clk  |  4.00 ns|  1.746 ns|     1.08 ns|
    +--------+---------+----------+------------+

+ Latency: 
    * Summary: 
    +---------+---------+-----------+-----------+-----+-----+---------+
    |  Latency (cycles) |   Latency (absolute)  |  Interval | Pipeline|
    |   min   |   max   |    min    |    max    | min | max |   Type  |
    +---------+---------+-----------+-----------+-----+-----+---------+
    |        6|        6|  24.000 ns|  24.000 ns|    6|    6|       no|
    +---------+---------+-----------+-----------+-----+-----+---------+

    + Detail: 
        * Instance: 
        +--------------------------------------------------+----------------------------------------+---------+---------+-----------+-----------+-----+-----+---------+
        |                                                  |                                        |  Latency (cycles) |   Latency (absolute)  |  Interval | Pipeline|
        |                     Instance                     |                 Module                 |   min   |   max   |    min    |    max    | min | max |   Type  |
        +--------------------------------------------------+----------------------------------------+---------+---------+-----------+-----------+-----+-----+---------+
        |grp_dup_strm_128u_Pipeline_LOOP_DUP_STREAM_fu_56  |dup_strm_128u_Pipeline_LOOP_DUP_STREAM  |        3|        3|  12.000 ns|  12.000 ns|    3|    3|       no|
        +--------------------------------------------------+----------------------------------------+---------+---------+-----------+-----------+-----+-----+---------+

        * Loop: 
        N/A



================================================================
== Utilization Estimates
================================================================
* Summary: 
+---------------------+---------+------+---------+---------+-----+
|         Name        | BRAM_18K|  DSP |    FF   |   LUT   | URAM|
+---------------------+---------+------+---------+---------+-----+
|DSP                  |        -|     -|        -|        -|    -|
|Expression           |        -|     -|        0|        4|    -|
|FIFO                 |        -|     -|        -|        -|    -|
|Instance             |        -|     -|        5|       75|    -|
|Memory               |        -|     -|        -|        -|    -|
|Multiplexer          |        -|     -|        -|      122|    -|
|Register             |        -|     -|        7|        -|    -|
+---------------------+---------+------+---------+---------+-----+
|Total                |        0|     0|       12|      201|    0|
+---------------------+---------+------+---------+---------+-----+
|Available SLR        |     1344|  3008|   869120|   434560|  320|
+---------------------+---------+------+---------+---------+-----+
|Utilization SLR (%)  |        0|     0|       ~0|       ~0|    0|
+---------------------+---------+------+---------+---------+-----+
|Available            |     4032|  9024|  2607360|  1303680|  960|
+---------------------+---------+------+---------+---------+-----+
|Utilization (%)      |        0|     0|       ~0|       ~0|    0|
+---------------------+---------+------+---------+---------+-----+

+ Detail: 
    * Instance: 
    +--------------------------------------------------+----------------------------------------+---------+----+---+----+-----+
    |                     Instance                     |                 Module                 | BRAM_18K| DSP| FF| LUT| URAM|
    +--------------------------------------------------+----------------------------------------+---------+----+---+----+-----+
    |grp_dup_strm_128u_Pipeline_LOOP_DUP_STREAM_fu_56  |dup_strm_128u_Pipeline_LOOP_DUP_STREAM  |        0|   0|  5|  75|    0|
    +--------------------------------------------------+----------------------------------------+---------+----+---+----+-----+
    |Total                                             |                                        |        0|   0|  5|  75|    0|
    +--------------------------------------------------+----------------------------------------+---------+----+---+----+-----+

    * DSP: 
    N/A

    * Memory: 
    N/A

    * FIFO: 
    N/A

    * Expression: 
    +-----------------+----------+----+---+----+------------+------------+
    |  Variable Name  | Operation| DSP| FF| LUT| Bitwidth P0| Bitwidth P1|
    +-----------------+----------+----+---+----+------------+------------+
    |ap_block_state1  |        or|   0|  0|   2|           1|           1|
    |ap_block_state4  |        or|   0|  0|   2|           1|           1|
    +-----------------+----------+----+---+----+------------+------------+
    |Total            |          |   0|  0|   4|           2|           2|
    +-----------------+----------+----+---+----+------------+------------+

    * Multiplexer: 
    +------------------------+----+-----------+-----+-----------+
    |          Name          | LUT| Input Size| Bits| Total Bits|
    +------------------------+----+-----------+-----+-----------+
    |ap_NS_fsm               |  26|          5|    1|          5|
    |ap_done                 |   9|          2|    1|          2|
    |end_nblk_strm132_blk_n  |   9|          2|    1|          2|
    |end_nblk_strm132_din    |   9|          2|    1|          2|
    |end_nblk_strm132_write  |  14|          3|    1|          3|
    |end_nblk_strm233_blk_n  |   9|          2|    1|          2|
    |end_nblk_strm233_din    |   9|          2|    1|          2|
    |end_nblk_strm233_write  |  14|          3|    1|          3|
    |end_nblk_strm31_blk_n   |   9|          2|    1|          2|
    |end_nblk_strm31_read    |  14|          3|    1|          3|
    +------------------------+----+-----------+-----+-----------+
    |Total                   | 122|         26|   10|         26|
    +------------------------+----+-----------+-----+-----------+

    * Register: 
    +---------------------------------------------------------------+---+----+-----+-----------+
    |                              Name                             | FF| LUT| Bits| Const Bits|
    +---------------------------------------------------------------+---+----+-----+-----------+
    |ap_CS_fsm                                                      |  4|   0|    4|          0|
    |ap_done_reg                                                    |  1|   0|    1|          0|
    |grp_dup_strm_128u_Pipeline_LOOP_DUP_STREAM_fu_56_ap_start_reg  |  1|   0|    1|          0|
    |tmp_reg_67                                                     |  1|   0|    1|          0|
    +---------------------------------------------------------------+---+----+-----+-----------+
    |Total                                                          |  7|   0|    7|          0|
    +---------------------------------------------------------------+---+----+-----+-----------+



================================================================
== Interface
================================================================
* Summary: 
+---------------------------------+-----+-----+------------+------------------+--------------+
|            RTL Ports            | Dir | Bits|  Protocol  |   Source Object  |    C Type    |
+---------------------------------+-----+-----+------------+------------------+--------------+
|ap_clk                           |   in|    1|  ap_ctrl_hs|    dup_strm<128u>|  return value|
|ap_rst                           |   in|    1|  ap_ctrl_hs|    dup_strm<128u>|  return value|
|ap_start                         |   in|    1|  ap_ctrl_hs|    dup_strm<128u>|  return value|
|ap_done                          |  out|    1|  ap_ctrl_hs|    dup_strm<128u>|  return value|
|ap_continue                      |   in|    1|  ap_ctrl_hs|    dup_strm<128u>|  return value|
|ap_idle                          |  out|    1|  ap_ctrl_hs|    dup_strm<128u>|  return value|
|ap_ready                         |  out|    1|  ap_ctrl_hs|    dup_strm<128u>|  return value|
|end_nblk_strm31_dout             |   in|    1|     ap_fifo|   end_nblk_strm31|       pointer|
|end_nblk_strm31_num_data_valid   |   in|    6|     ap_fifo|   end_nblk_strm31|       pointer|
|end_nblk_strm31_fifo_cap         |   in|    6|     ap_fifo|   end_nblk_strm31|       pointer|
|end_nblk_strm31_empty_n          |   in|    1|     ap_fifo|   end_nblk_strm31|       pointer|
|end_nblk_strm31_read             |  out|    1|     ap_fifo|   end_nblk_strm31|       pointer|
|end_nblk_strm132_din             |  out|    1|     ap_fifo|  end_nblk_strm132|       pointer|
|end_nblk_strm132_num_data_valid  |   in|    6|     ap_fifo|  end_nblk_strm132|       pointer|
|end_nblk_strm132_fifo_cap        |   in|    6|     ap_fifo|  end_nblk_strm132|       pointer|
|end_nblk_strm132_full_n          |   in|    1|     ap_fifo|  end_nblk_strm132|       pointer|
|end_nblk_strm132_write           |  out|    1|     ap_fifo|  end_nblk_strm132|       pointer|
|end_nblk_strm233_din             |  out|    1|     ap_fifo|  end_nblk_strm233|       pointer|
|end_nblk_strm233_num_data_valid  |   in|    6|     ap_fifo|  end_nblk_strm233|       pointer|
|end_nblk_strm233_fifo_cap        |   in|    6|     ap_fifo|  end_nblk_strm233|       pointer|
|end_nblk_strm233_full_n          |   in|    1|     ap_fifo|  end_nblk_strm233|       pointer|
|end_nblk_strm233_write           |  out|    1|     ap_fifo|  end_nblk_strm233|       pointer|
+---------------------------------+-----+-----+------------+------------------+--------------+

