INFO: [HLS 200-10] Running '/share/xilinx/Vitis_HLS/2022.1/bin/unwrapped/lnx64.o/vitis_hls'
INFO: [HLS 200-10] For user 'dimitra' on host 'sakura' (Linux_x86_64 version 5.8.0-55-generic) on Tue Jul 25 19:37:09 CEST 2023
INFO: [HLS 200-10] On os Ubuntu 20.04.3 LTS
INFO: [HLS 200-10] In directory '/home/dimitra/Coyote-playground/replacingLastPacket/sha256/vittis'
Sourcing Tcl script '/home/dimitra/Coyote-playground/replacingLastPacket/sha256/vittis/sha1/solution1/csynth.tcl'
INFO: [HLS 200-1510] Running: source /home/dimitra/Coyote-playground/replacingLastPacket/sha256/vittis/sha1/solution1/csynth.tcl
INFO: [HLS 200-1510] Running: open_project sha1 
INFO: [HLS 200-10] Opening project '/home/dimitra/Coyote-playground/replacingLastPacket/sha256/vittis/sha1'.
INFO: [HLS 200-1510] Running: set_top sha256 
INFO: [HLS 200-1510] Running: add_files README.md 
INFO: [HLS 200-10] Adding design file 'README.md' to the project
INFO: [HLS 200-1510] Running: add_files ../../sum_of_all_input_data_plus_verify/vitis/sha256.cpp 
INFO: [HLS 200-10] Adding design file '../../sum_of_all_input_data_plus_verify/vitis/sha256.cpp' to the project
INFO: [HLS 200-1510] Running: add_files ../../sum_of_all_input_data_plus_verify/vitis/sha256.hpp 
INFO: [HLS 200-10] Adding design file '../../sum_of_all_input_data_plus_verify/vitis/sha256.hpp' to the project
INFO: [HLS 200-1510] Running: add_files ../../sum_of_all_input_data_plus_verify/vitis/sha256_tb.cpp 
INFO: [HLS 200-10] Adding design file '../../sum_of_all_input_data_plus_verify/vitis/sha256_tb.cpp' to the project
INFO: [HLS 200-1510] Running: add_files -tb ../../sum_of_all_input_data_plus_verify/vitis/sha256_tb.cpp 
INFO: [HLS 200-10] Adding test bench file '../../sum_of_all_input_data_plus_verify/vitis/sha256_tb.cpp' to the project
INFO: [HLS 200-1510] Running: open_solution solution1 -flow_target vivado 
INFO: [HLS 200-10] Opening solution '/home/dimitra/Coyote-playground/replacingLastPacket/sha256/vittis/sha1/solution1'.
INFO: [SYN 201-201] Setting up clock 'default' with a period of 10ns.
INFO: [HLS 200-1611] Setting target device to 'xcu280-fsvh2892-2L-e'
INFO: [HLS 200-1505] Using flow_target 'vivado'
Resolution: For help on HLS 200-1505 see www.xilinx.com/cgi-bin/docs/rdoc?v=2022.1;t=hls+guidance;d=200-1505.html
INFO: [HLS 200-1510] Running: set_part xcu280-fsvh2892-2L-e 
INFO: [HLS 200-1510] Running: create_clock -period 10 -name default 
INFO: [SYN 201-201] Setting up clock 'default' with a period of 10ns.
INFO: [HLS 200-1510] Running: csynth_design 
WARNING: [HLS 200-40] Skipped source file 'README.md'. Source files must have extensions .c, .C, .cc, .cpp, .c++, .cp, or .cxx.
INFO: [HLS 200-111] Finished File checks and directory preparation: CPU user time: 0.01 seconds. CPU system time: 0 seconds. Elapsed time: 0.02 seconds; current allocated memory: 227.027 MB.
INFO: [HLS 200-10] Analyzing design file '../../sum_of_all_input_data_plus_verify/vitis/sha256_tb.cpp' ... 
INFO: [HLS 200-10] Analyzing design file '../../sum_of_all_input_data_plus_verify/vitis/sha256.cpp' ... 
INFO: [HLS 200-111] Finished Source Code Analysis and Preprocessing: CPU user time: 4.54 seconds. CPU system time: 0.67 seconds. Elapsed time: 5.23 seconds; current allocated memory: 227.027 MB.
INFO: [HLS 200-777] Using interface defaults for 'Vivado' flow target.
INFO: [HLS 214-178] Inlining function 'axisIntf::axisIntf()' into 'sha256(hls::stream<axisIntf, 0>&, hls::stream<axisIntf, 0>&)' (../../sum_of_all_input_data_plus_verify/vitis/sha256.cpp:10:0)
INFO: [HLS 214-241] Aggregating axis (hls::stream) variable 'input' with compact=bit mode in 584-bits (../../sum_of_all_input_data_plus_verify/vitis/sha256.cpp:10:0)
INFO: [HLS 214-241] Aggregating axis (hls::stream) variable 'output' with compact=bit mode in 584-bits (../../sum_of_all_input_data_plus_verify/vitis/sha256.cpp:10:0)
INFO: [HLS 214-131] Inlining function '_llvm.fpga.pack.none.i592.sl_s_struct.ap_uint<512>ss_struct.ap_uint<64>ss_struct.ap_uint<6>ss_struct.ap_uint<1>ss' into '_llvm.fpga.unpack.bits.s_struct.axisIntfs.i584.1'
INFO: [HLS 214-131] Inlining function '_llvm.fpga.unpack.bits.s_struct.axisIntfs.i584.1' into 'sha256(hls::stream<axisIntf, 0>&, hls::stream<axisIntf, 0>&)' (/share/xilinx/Vitis_HLS/2022.1/common/technology/autopilot/hls_stream_39.h:145:9)
INFO: [HLS 214-131] Inlining function '_llvm.fpga.pack.bits.i583.s_struct.axisIntfs.1' into 'sha256(hls::stream<axisIntf, 0>&, hls::stream<axisIntf, 0>&)' (/share/xilinx/Vitis_HLS/2022.1/common/technology/autopilot/hls_stream_39.h:174:9)
INFO: [HLS 214-131] Inlining function '_llvm.fpga.pack.none.i592.s_struct.axisIntfs' into 'sha256(hls::stream<axisIntf, 0>&, hls::stream<axisIntf, 0>&)' (/share/xilinx/Vitis_HLS/2022.1/common/technology/autopilot/hls_stream_39.h:174:9)
INFO: [HLS 200-111] Finished Compiling Optimization and Transform: CPU user time: 3.67 seconds. CPU system time: 0.44 seconds. Elapsed time: 4.12 seconds; current allocated memory: 227.867 MB.
INFO: [HLS 200-111] Finished Checking Pragmas: CPU user time: 0 seconds. CPU system time: 0 seconds. Elapsed time: 0 seconds; current allocated memory: 227.867 MB.
INFO: [HLS 200-10] Starting code transformations ...
INFO: [HLS 200-111] Finished Standard Transforms: CPU user time: 0.12 seconds. CPU system time: 0.01 seconds. Elapsed time: 0.13 seconds; current allocated memory: 236.508 MB.
INFO: [HLS 200-10] Checking synthesizability ...
INFO: [HLS 200-111] Finished Checking Synthesizability: CPU user time: 0.25 seconds. CPU system time: 0.01 seconds. Elapsed time: 0.27 seconds; current allocated memory: 249.148 MB.
INFO: [XFORM 203-510] Pipelining loop 'VITIS_LOOP_27_1' (/share/xilinx/Vitis_HLS/2022.1/common/technology/autopilot/hls_stream_39.h:145) in function 'sha256' automatically.
INFO: [HLS 200-111] Finished Loop, function and other optimizations: CPU user time: 0.32 seconds. CPU system time: 0.04 seconds. Elapsed time: 0.35 seconds; current allocated memory: 282.828 MB.
INFO: [HLS 200-111] Finished Architecture Synthesis: CPU user time: 0.18 seconds. CPU system time: 0.01 seconds. Elapsed time: 0.18 seconds; current allocated memory: 292.461 MB.
INFO: [HLS 200-10] Starting hardware synthesis ...
INFO: [HLS 200-10] Synthesizing 'sha256' ...
INFO: [HLS 200-10] ----------------------------------------------------------------
INFO: [HLS 200-42] -- Implementing module 'sha256_Pipeline_VITIS_LOOP_27_1' 
INFO: [HLS 200-10] ----------------------------------------------------------------
INFO: [SCHED 204-11] Starting scheduling ...
INFO: [SCHED 204-61] Pipelining loop 'VITIS_LOOP_27_1'.
INFO: [HLS 200-1470] Pipelining result : Target II = NA, Final II = 1, Depth = 2, loop 'VITIS_LOOP_27_1'
INFO: [SCHED 204-11] Finished scheduling.
INFO: [HLS 200-111] Finished Scheduling: CPU user time: 0.08 seconds. CPU system time: 0.02 seconds. Elapsed time: 0.11 seconds; current allocated memory: 292.461 MB.
INFO: [BIND 205-100] Starting micro-architecture generation ...
INFO: [BIND 205-101] Performing variable lifetime analysis.
INFO: [BIND 205-101] Exploring resource sharing.
INFO: [BIND 205-101] Binding ...
INFO: [BIND 205-100] Finished micro-architecture generation.
INFO: [HLS 200-111] Finished Binding: CPU user time: 0.05 seconds. CPU system time: 0 seconds. Elapsed time: 0.04 seconds; current allocated memory: 292.461 MB.
INFO: [HLS 200-10] ----------------------------------------------------------------
INFO: [HLS 200-42] -- Implementing module 'sha256' 
INFO: [HLS 200-10] ----------------------------------------------------------------
INFO: [SCHED 204-11] Starting scheduling ...
INFO: [SCHED 204-11] Finished scheduling.
INFO: [HLS 200-111] Finished Scheduling: CPU user time: 0.07 seconds. CPU system time: 0 seconds. Elapsed time: 0.07 seconds; current allocated memory: 292.461 MB.
INFO: [BIND 205-100] Starting micro-architecture generation ...
INFO: [BIND 205-101] Performing variable lifetime analysis.
INFO: [BIND 205-101] Exploring resource sharing.
INFO: [BIND 205-101] Binding ...
INFO: [BIND 205-100] Finished micro-architecture generation.
INFO: [HLS 200-111] Finished Binding: CPU user time: 0.07 seconds. CPU system time: 0.01 seconds. Elapsed time: 0.07 seconds; current allocated memory: 292.461 MB.
INFO: [HLS 200-10] ----------------------------------------------------------------
INFO: [HLS 200-10] -- Generating RTL for module 'sha256_Pipeline_VITIS_LOOP_27_1' 
INFO: [HLS 200-10] ----------------------------------------------------------------
INFO: [HLS 200-1030] Apply Unified Pipeline Control on module 'sha256_Pipeline_VITIS_LOOP_27_1' pipeline 'VITIS_LOOP_27_1' pipeline type 'loop pipeline'
INFO: [RTGEN 206-100] Finished creating RTL model for 'sha256_Pipeline_VITIS_LOOP_27_1'.
INFO: [HLS 200-111] Finished Creating RTL model: CPU user time: 0.05 seconds. CPU system time: 0 seconds. Elapsed time: 0.06 seconds; current allocated memory: 292.461 MB.
INFO: [HLS 200-10] ----------------------------------------------------------------
INFO: [HLS 200-10] -- Generating RTL for module 'sha256' 
INFO: [HLS 200-10] ----------------------------------------------------------------
WARNING: [RTGEN 206-101] Design contains AXI ports. Reset is fixed to synchronous and active low.
INFO: [RTGEN 206-500] Setting interface mode on port 'sha256/input_r' to 'axis' (register, both mode).
INFO: [RTGEN 206-500] Setting interface mode on port 'sha256/output_r' to 'axis' (register, both mode).
INFO: [RTGEN 206-500] Setting interface mode on function 'sha256' to 'ap_ctrl_none'.
INFO: [RTGEN 206-100] Finished creating RTL model for 'sha256'.
INFO: [HLS 200-111] Finished Creating RTL model: CPU user time: 0.11 seconds. CPU system time: 0.01 seconds. Elapsed time: 0.12 seconds; current allocated memory: 292.461 MB.
INFO: [HLS 200-111] Finished Generating all RTL models: CPU user time: 0.47 seconds. CPU system time: 0.03 seconds. Elapsed time: 0.5 seconds; current allocated memory: 292.461 MB.
INFO: [HLS 200-111] Finished Updating report files: CPU user time: 0.54 seconds. CPU system time: 0.03 seconds. Elapsed time: 0.57 seconds; current allocated memory: 296.676 MB.
INFO: [VHDL 208-304] Generating VHDL RTL for sha256.
INFO: [VLOG 209-307] Generating Verilog RTL for sha256.
INFO: [HLS 200-790] **** Loop Constraint Status: All loop constraints were satisfied.
INFO: [HLS 200-789] **** Estimated Fmax: 270.56 MHz
INFO: [HLS 200-111] Finished Command csynth_design CPU user time: 10.54 seconds. CPU system time: 1.28 seconds. Elapsed time: 11.87 seconds; current allocated memory: 69.656 MB.
INFO: [HLS 200-112] Total CPU user time: 17.03 seconds. Total CPU system time: 2.21 seconds. Total elapsed time: 19.22 seconds; peak allocated memory: 296.684 MB.
