

================================================================
== Synthesis Summary Report of 'sha256_verify'
================================================================
+ General Information: 
    * Date:           Wed Aug  2 01:56:14 2023
    * Version:        2022.1 (Build 3526262 on Mon Apr 18 15:47:01 MDT 2022)
    * Project:        shav-rsa
    * Solution:       solution1 (Vivado IP Flow Target)
    * Product family: virtexuplus
    * Target device:  xcu280-fsvh2892-2L-e
    

+ Performance & Resource Estimates: 
    
    PS: '+' for module; 'o' for loop; '*' for dataflow
    +---------------------------------------------+------+------+---------+-----------+----------+---------+------+----------+------+----+-------------+------------+-----+
    |                   Modules                   | Issue|      | Latency |  Latency  | Iteration|         | Trip |          |      |    |             |            |     |
    |                   & Loops                   | Type | Slack| (cycles)|    (ns)   |  Latency | Interval| Count| Pipelined| BRAM | DSP|      FF     |     LUT    | URAM|
    +---------------------------------------------+------+------+---------+-----------+----------+---------+------+----------+------+----+-------------+------------+-----+
    |+ sha256_verify                              |     -|  0.09|        -|          -|         -|        -|     -|        no|     -|   -|   31255 (1%)|  78031 (5%)|    -|
    | + sha2561_ver                               |     -|  0.12|        -|          -|         -|        -|     -|        no|     -|   -|  25036 (~0%)|  65843 (5%)|    -|
    |  + sha256_final                             |     -|  0.12|        -|          -|         -|        -|     -|        no|     -|   -|   3536 (~0%)|  6057 (~0%)|    -|
    |   + sha256_final_Pipeline_VITIS_LOOP_115_2  |     -|  5.77|        -|          -|         -|        -|     -|        no|     -|   -|    611 (~0%)|   869 (~0%)|    -|
    |    o VITIS_LOOP_115_2                       |     -|  7.30|        -|          -|         1|        1|     -|       yes|     -|   -|            -|           -|    -|
    |   + sha256_final_Pipeline_VITIS_LOOP_110_1  |     -|  5.77|        -|          -|         -|        -|     -|        no|     -|   -|    515 (~0%)|   736 (~0%)|    -|
    |    o VITIS_LOOP_110_1                       |     -|  7.30|        -|          -|         1|        1|     -|       yes|     -|   -|            -|           -|    -|
    |   + sha256_transform                        |    II|  0.12|       24|    240.000|         -|        1|     -|       yes|     -|   -|  17505 (~0%)|  53926 (4%)|    -|
    |   + sha256_final_Pipeline_VITIS_LOOP_118_3  |     -|  6.21|       58|    580.000|         -|       58|     -|        no|     -|   -|    456 (~0%)|   556 (~0%)|    -|
    |    o VITIS_LOOP_118_3                       |     -|  7.30|       56|    560.000|         1|        1|    56|       yes|     -|   -|            -|           -|    -|
    |   + sha256_final_Pipeline_VITIS_LOOP_138_4  |     -|  5.54|        6|     60.000|         -|        6|     -|        no|     -|   -|    293 (~0%)|   794 (~0%)|    -|
    |    o VITIS_LOOP_138_4                       |     -|  7.30|        4|     40.000|         1|        1|     4|       yes|     -|   -|            -|           -|    -|
    |  o VITIS_LOOP_33_1                          |     -|  7.30|        -|          -|      1673|        -|     -|        no|     -|   -|            -|           -|    -|
    |   + sha2561_ver_Pipeline_VITIS_LOOP_36_2    |     -|  5.47|       66|    660.000|         -|       66|     -|        no|     -|   -|    521 (~0%)|  2805 (~0%)|    -|
    |    o VITIS_LOOP_36_2                        |     -|  7.30|       64|    640.000|         1|        1|    64|       yes|     -|   -|            -|           -|    -|
    |   + sha2561_ver_Pipeline_VITIS_LOOP_90_1    |     -|  0.12|     1603|  1.603e+04|         -|     1603|     -|        no|     -|   -|     38 (~0%)|  1428 (~0%)|    -|
    |    o VITIS_LOOP_90_1                        |    II|  7.30|     1601|  1.601e+04|        27|       25|    64|       yes|     -|   -|            -|           -|    -|
    |     + sha256_transform                      |    II|  0.12|       24|    240.000|         -|        1|     -|       yes|     -|   -|  17505 (~0%)|  53926 (4%)|    -|
    | + productMod_512_s                          |     -|  0.09|     1026|  1.026e+04|         -|     1026|     -|        no|     -|   -|   1553 (~0%)|  5607 (~0%)|    -|
    |  o PRODUCT_MOD                              |     -|  7.30|     1024|  1.024e+04|         2|        2|   512|       yes|     -|   -|            -|           -|    -|
    | + monProduct_512_s                          |     -|  0.28|      517|  5.170e+03|         -|      517|     -|        no|     -|   -|    531 (~0%)|  3092 (~0%)|    -|
    |  + monProduct_512_Pipeline_MON_PRODUCT_MOD  |     -|  0.28|      514|  5.140e+03|         -|      514|     -|        no|     -|   -|    526 (~0%)|  1953 (~0%)|    -|
    |   o MON_PRODUCT_MOD                         |     -|  7.30|      512|  5.120e+03|         1|        1|   512|       yes|     -|   -|            -|           -|    -|
    | + monProduct_512_s                          |     -|  0.28|      517|  5.170e+03|         -|      517|     -|        no|     -|   -|    531 (~0%)|  3092 (~0%)|    -|
    |  + monProduct_512_Pipeline_MON_PRODUCT_MOD  |     -|  0.28|      514|  5.140e+03|         -|      514|     -|        no|     -|   -|    526 (~0%)|  1953 (~0%)|    -|
    |   o MON_PRODUCT_MOD                         |     -|  7.30|      512|  5.120e+03|         1|        1|   512|       yes|     -|   -|            -|           -|    -|
    | o VITIS_LOOP_114_1                          |     -|  7.30|    20740|  2.074e+05|      1037|        -|    20|        no|     -|   -|            -|           -|    -|
    +---------------------------------------------+------+------+---------+-----------+----------+---------+------+----------+------+----+-------------+------------+-----+


================================================================
== HW Interfaces
================================================================
* AXIS
+-----------+---------------+-------+--------+--------+
| Interface | Register Mode | TDATA | TREADY | TVALID |
+-----------+---------------+-------+--------+--------+
| input_r   | both          | 584   | 1      | 1      |
| output_r  | both          | 8     | 1      | 1      |
+-----------+---------------+-------+--------+--------+

* TOP LEVEL CONTROL
+-----------+--------------+----------+
| Interface | Type         | Ports    |
+-----------+--------------+----------+
| ap_clk    | clock        | ap_clk   |
| ap_rst_n  | reset        | ap_rst_n |
| ap_ctrl   | ap_ctrl_none |          |
+-----------+--------------+----------+


================================================================
== SW I/O Information
================================================================
* Top Function Arguments
+----------+-----------+------------------------+
| Argument | Direction | Datatype               |
+----------+-----------+------------------------+
| input    | in        | stream<axisIntf, 0>&   |
| output   | out       | stream<ap_uint<1>, 0>& |
+----------+-----------+------------------------+

* SW-to-HW Mapping
+----------+--------------+-----------+
| Argument | HW Interface | HW Type   |
+----------+--------------+-----------+
| input    | input_r      | interface |
| output   | output_r     | interface |
+----------+--------------+-----------+


================================================================
== M_AXI Burst Information
================================================================
 Note: All burst requests might be further partitioned into multiple requests during RTL generation based on max_read_burst_length or max_write_burst_length settings.

  No burst in design

================================================================
== Bind Op Report
================================================================
+-------------------------------------------------------------------------------------------------+-----+--------+--------------+-----+--------+---------+
| Name                                                                                            | DSP | Pragma | Variable     | Op  | Impl   | Latency |
+-------------------------------------------------------------------------------------------------+-----+--------+--------------+-----+--------+---------+
| + sha256_verify                                                                                 | 0   |        |              |     |        |         |
|   i_3_fu_198_p2                                                                                 | -   |        | i_3          | add | fabric | 0       |
|  + sha2561_ver                                                                                  | 0   |        |              |     |        |         |
|   + sha2561_ver_Pipeline_VITIS_LOOP_36_2                                                        | 0   |        |              |     |        |         |
|     add_ln36_fu_1852_p2                                                                         | -   |        | add_ln36     | add | fabric | 0       |
|   + sha2561_ver_Pipeline_VITIS_LOOP_90_1                                                        | 0   |        |              |     |        |         |
|     add_ln90_fu_918_p2                                                                          | -   |        | add_ln90     | add | fabric | 0       |
|     add_ln92_fu_1454_p2                                                                         | -   |        | add_ln92     | add | fabric | 0       |
|     add_ln95_fu_1851_p2                                                                         | -   |        | add_ln95     | add | fabric | 0       |
|     add_ln95_1_fu_1865_p2                                                                       | -   |        | add_ln95_1   | add | fabric | 0       |
|    + sha256_transform (grp_sha256_transform_fu_828)                                             | 0   |        |              |     |        |         |
|      add_ln37_1_fu_1140_p2                                                                      | -   |        | add_ln37_1   | add | fabric | 0       |
|      add_ln37_4_fu_1342_p2                                                                      | -   |        | add_ln37_4   | add | fabric | 0       |
|      add_ln37_7_fu_1522_p2                                                                      | -   |        | add_ln37_7   | add | fabric | 0       |
|      add_ln37_10_fu_1702_p2                                                                     | -   |        | add_ln37_10  | add | fabric | 0       |
|      add_ln37_13_fu_1882_p2                                                                     | -   |        | add_ln37_13  | add | fabric | 0       |
|      add_ln37_16_fu_2062_p2                                                                     | -   |        | add_ln37_16  | add | fabric | 0       |
|      add_ln37_19_fu_2236_p2                                                                     | -   |        | add_ln37_19  | add | fabric | 0       |
|      add_ln37_22_fu_2404_p2                                                                     | -   |        | add_ln37_22  | add | fabric | 0       |
|      add_ln37_25_fu_6354_p2                                                                     | -   |        | add_ln37_25  | add | fabric | 0       |
|      add_ln37_28_fu_3842_p2                                                                     | -   |        | add_ln37_28  | add | fabric | 0       |
|      add_ln37_31_fu_6518_p2                                                                     | -   |        | add_ln37_31  | add | fabric | 0       |
|      add_ln37_34_fu_4712_p2                                                                     | -   |        | add_ln37_34  | add | fabric | 0       |
|      add_ln37_37_fu_6682_p2                                                                     | -   |        | add_ln37_37  | add | fabric | 0       |
|      add_ln37_40_fu_5389_p2                                                                     | -   |        | add_ln37_40  | add | fabric | 0       |
|      add_ln37_43_fu_6852_p2                                                                     | -   |        | add_ln37_43  | add | fabric | 0       |
|      add_ln37_46_fu_6999_p2                                                                     | -   |        | add_ln37_46  | add | fabric | 0       |
|      add_ln37_49_fu_10596_p2                                                                    | -   |        | add_ln37_49  | add | fabric | 0       |
|      add_ln37_52_fu_7151_p2                                                                     | -   |        | add_ln37_52  | add | fabric | 0       |
|      add_ln37_55_fu_10747_p2                                                                    | -   |        | add_ln37_55  | add | fabric | 0       |
|      add_ln37_58_fu_7303_p2                                                                     | -   |        | add_ln37_58  | add | fabric | 0       |
|      add_ln37_61_fu_10898_p2                                                                    | -   |        | add_ln37_61  | add | fabric | 0       |
|      add_ln37_64_fu_7455_p2                                                                     | -   |        | add_ln37_64  | add | fabric | 0       |
|      add_ln37_67_fu_11055_p2                                                                    | -   |        | add_ln37_67  | add | fabric | 0       |
|      add_ln37_70_fu_11201_p2                                                                    | -   |        | add_ln37_70  | add | fabric | 0       |
|      add_ln37_73_fu_12487_p2                                                                    | -   |        | add_ln37_73  | add | fabric | 0       |
|      add_ln37_76_fu_11353_p2                                                                    | -   |        | add_ln37_76  | add | fabric | 0       |
|      add_ln37_79_fu_12638_p2                                                                    | -   |        | add_ln37_79  | add | fabric | 0       |
|      add_ln37_82_fu_11505_p2                                                                    | -   |        | add_ln37_82  | add | fabric | 0       |
|      add_ln37_85_fu_12789_p2                                                                    | -   |        | add_ln37_85  | add | fabric | 0       |
|      add_ln37_88_fu_11657_p2                                                                    | -   |        | add_ln37_88  | add | fabric | 0       |
|      add_ln37_91_fu_12946_p2                                                                    | -   |        | add_ln37_91  | add | fabric | 0       |
|      add_ln37_94_fu_13092_p2                                                                    | -   |        | add_ln37_94  | add | fabric | 0       |
|      add_ln37_97_fu_16285_p2                                                                    | -   |        | add_ln37_97  | add | fabric | 0       |
|      add_ln37_100_fu_13244_p2                                                                   | -   |        | add_ln37_100 | add | fabric | 0       |
|      add_ln37_103_fu_16436_p2                                                                   | -   |        | add_ln37_103 | add | fabric | 0       |
|      add_ln37_106_fu_13396_p2                                                                   | -   |        | add_ln37_106 | add | fabric | 0       |
|      add_ln37_109_fu_16587_p2                                                                   | -   |        | add_ln37_109 | add | fabric | 0       |
|      add_ln37_112_fu_13548_p2                                                                   | -   |        | add_ln37_112 | add | fabric | 0       |
|      add_ln37_115_fu_16744_p2                                                                   | -   |        | add_ln37_115 | add | fabric | 0       |
|      add_ln37_118_fu_16890_p2                                                                   | -   |        | add_ln37_118 | add | fabric | 0       |
|      add_ln37_121_fu_18083_p2                                                                   | -   |        | add_ln37_121 | add | fabric | 0       |
|      add_ln37_124_fu_17042_p2                                                                   | -   |        | add_ln37_124 | add | fabric | 0       |
|      add_ln37_127_fu_18234_p2                                                                   | -   |        | add_ln37_127 | add | fabric | 0       |
|      add_ln37_130_fu_17194_p2                                                                   | -   |        | add_ln37_130 | add | fabric | 0       |
|      add_ln37_133_fu_18385_p2                                                                   | -   |        | add_ln37_133 | add | fabric | 0       |
|      add_ln37_136_fu_17346_p2                                                                   | -   |        | add_ln37_136 | add | fabric | 0       |
|      add_ln54_fu_2614_p2                                                                        | -   |        | add_ln54     | add | fabric | 0       |
|      add_ln54_1_fu_2746_p2                                                                      | -   |        | add_ln54_1   | add | fabric | 0       |
|      add_ln54_2_fu_3116_p2                                                                      | -   |        | add_ln54_2   | add | fabric | 0       |
|      add_ln54_3_fu_3355_p2                                                                      | -   |        | add_ln54_3   | add | fabric | 0       |
|      add_ln54_4_fu_3573_p2                                                                      | -   |        | add_ln54_4   | add | fabric | 0       |
|      add_ln54_5_fu_4005_p2                                                                      | -   |        | add_ln54_5   | add | fabric | 0       |
|      add_ln54_6_fu_4245_p2                                                                      | -   |        | add_ln54_6   | add | fabric | 0       |
|      add_ln54_7_fu_4464_p2                                                                      | -   |        | add_ln54_7   | add | fabric | 0       |
|      add_ln54_8_fu_4887_p2                                                                      | -   |        | add_ln54_8   | add | fabric | 0       |
|      add_ln54_9_fu_5104_p2                                                                      | -   |        | add_ln54_9   | add | fabric | 0       |
|      add_ln54_10_fu_5522_p2                                                                     | -   |        | add_ln54_10  | add | fabric | 0       |
|      add_ln54_11_fu_5759_p2                                                                     | -   |        | add_ln54_11  | add | fabric | 0       |
|      add_ln54_12_fu_6001_p2                                                                     | -   |        | add_ln54_12  | add | fabric | 0       |
|      add_ln54_13_fu_7511_p2                                                                     | -   |        | add_ln54_13  | add | fabric | 0       |
|      add_ln54_14_fu_7747_p2                                                                     | -   |        | add_ln54_14  | add | fabric | 0       |
|      add_ln54_15_fu_7966_p2                                                                     | -   |        | add_ln54_15  | add | fabric | 0       |
|      add_ln54_16_fu_8217_p2                                                                     | -   |        | add_ln54_16  | add | fabric | 0       |
|      add_ln54_17_fu_8434_p2                                                                     | -   |        | add_ln54_17  | add | fabric | 0       |
|      add_ln54_18_fu_8689_p2                                                                     | -   |        | add_ln54_18  | add | fabric | 0       |
|      add_ln54_19_fu_8926_p2                                                                     | -   |        | add_ln54_19  | add | fabric | 0       |
|      add_ln54_20_fu_9144_p2                                                                     | -   |        | add_ln54_20  | add | fabric | 0       |
|      add_ln54_21_fu_9395_p2                                                                     | -   |        | add_ln54_21  | add | fabric | 0       |
|      add_ln54_22_fu_9634_p2                                                                     | -   |        | add_ln54_22  | add | fabric | 0       |
|      add_ln54_23_fu_9852_p2                                                                     | -   |        | add_ln54_23  | add | fabric | 0       |
|      add_ln54_24_fu_10103_p2                                                                    | -   |        | add_ln54_24  | add | fabric | 0       |
|      add_ln54_25_fu_10320_p2                                                                    | -   |        | add_ln54_25  | add | fabric | 0       |
|      add_ln54_26_fu_11790_p2                                                                    | -   |        | add_ln54_26  | add | fabric | 0       |
|      add_ln54_27_fu_12027_p2                                                                    | -   |        | add_ln54_27  | add | fabric | 0       |
|      add_ln54_28_fu_12245_p2                                                                    | -   |        | add_ln54_28  | add | fabric | 0       |
|      add_ln54_29_fu_13711_p2                                                                    | -   |        | add_ln54_29  | add | fabric | 0       |
|      add_ln54_30_fu_13950_p2                                                                    | -   |        | add_ln54_30  | add | fabric | 0       |
|      add_ln54_31_fu_14168_p2                                                                    | -   |        | add_ln54_31  | add | fabric | 0       |
|      add_ln54_32_fu_14419_p2                                                                    | -   |        | add_ln54_32  | add | fabric | 0       |
|      add_ln54_33_fu_14636_p2                                                                    | -   |        | add_ln54_33  | add | fabric | 0       |
|      add_ln54_34_fu_14891_p2                                                                    | -   |        | add_ln54_34  | add | fabric | 0       |
|      add_ln54_35_fu_15128_p2                                                                    | -   |        | add_ln54_35  | add | fabric | 0       |
|      add_ln54_36_fu_15346_p2                                                                    | -   |        | add_ln54_36  | add | fabric | 0       |
|      add_ln54_37_fu_15597_p2                                                                    | -   |        | add_ln54_37  | add | fabric | 0       |
|      add_ln54_38_fu_15836_p2                                                                    | -   |        | add_ln54_38  | add | fabric | 0       |
|      add_ln54_39_fu_16054_p2                                                                    | -   |        | add_ln54_39  | add | fabric | 0       |
|      add_ln54_40_fu_17590_p2                                                                    | -   |        | add_ln54_40  | add | fabric | 0       |
|      add_ln54_41_fu_17807_p2                                                                    | -   |        | add_ln54_41  | add | fabric | 0       |
|      add_ln54_42_fu_18739_p2                                                                    | -   |        | add_ln54_42  | add | fabric | 0       |
|      add_ln54_43_fu_18976_p2                                                                    | -   |        | add_ln54_43  | add | fabric | 0       |
|      add_ln54_44_fu_19194_p2                                                                    | -   |        | add_ln54_44  | add | fabric | 0       |
|      add_ln54_45_fu_19477_p2                                                                    | -   |        | add_ln54_45  | add | fabric | 0       |
|      add_ln54_46_fu_19716_p2                                                                    | -   |        | add_ln54_46  | add | fabric | 0       |
|      add_ln54_47_fu_19934_p2                                                                    | -   |        | add_ln54_47  | add | fabric | 0       |
|      add_ln54_48_fu_20185_p2                                                                    | -   |        | add_ln54_48  | add | fabric | 0       |
|      add_ln54_49_fu_20402_p2                                                                    | -   |        | add_ln54_49  | add | fabric | 0       |
|      add_ln54_50_fu_20657_p2                                                                    | -   |        | add_ln54_50  | add | fabric | 0       |
|      add_ln54_51_fu_20894_p2                                                                    | -   |        | add_ln54_51  | add | fabric | 0       |
|      add_ln54_52_fu_21112_p2                                                                    | -   |        | add_ln54_52  | add | fabric | 0       |
|      add_ln54_53_fu_21363_p2                                                                    | -   |        | add_ln54_53  | add | fabric | 0       |
|      add_ln54_54_fu_21602_p2                                                                    | -   |        | add_ln54_54  | add | fabric | 0       |
|      add_ln54_55_fu_21820_p2                                                                    | -   |        | add_ln54_55  | add | fabric | 0       |
|      add_ln54_56_fu_22071_p2                                                                    | -   |        | add_ln54_56  | add | fabric | 0       |
|      add_ln54_57_fu_22288_p2                                                                    | -   |        | add_ln54_57  | add | fabric | 0       |
|      add_ln54_58_fu_22543_p2                                                                    | -   |        | add_ln54_58  | add | fabric | 0       |
|      add_ln54_59_fu_22780_p2                                                                    | -   |        | add_ln54_59  | add | fabric | 0       |
|      add_ln54_60_fu_22998_p2                                                                    | -   |        | add_ln54_60  | add | fabric | 0       |
|      add_ln54_61_fu_23254_p2                                                                    | -   |        | add_ln54_61  | add | fabric | 0       |
|      add_ln49_248_fu_23371_p2                                                                   | -   |        | add_ln49_248 | add | fabric | 0       |
|      add_ln49_249_fu_23377_p2                                                                   | -   |        | add_ln49_249 | add | fabric | 0       |
|      add_ln49_253_fu_19293_p2                                                                   | -   |        | add_ln49_253 | add | fabric | 0       |
|      add_ln54_62_fu_23493_p2                                                                    | -   |        | add_ln54_62  | add | fabric | 0       |
|      add_ln49_256_fu_23611_p2                                                                   | -   |        | add_ln49_256 | add | fabric | 0       |
|      add_ln49_257_fu_23616_p2                                                                   | -   |        | add_ln49_257 | add | fabric | 0       |
|      add_ln49_260_fu_19309_p2                                                                   | -   |        | add_ln49_260 | add | fabric | 0       |
|      add_ln61_2_fu_23734_p2                                                                     | -   |        | add_ln61_2   | add | fabric | 0       |
|      add_ln62_fu_23739_p2                                                                       | -   |        | add_ln62     | add | fabric | 0       |
|      add_ln63_fu_23744_p2                                                                       | -   |        | add_ln63     | add | fabric | 0       |
|      add_ln64_fu_23749_p2                                                                       | -   |        | add_ln64     | add | fabric | 0       |
|      add_ln66_fu_23764_p2                                                                       | -   |        | add_ln66     | add | fabric | 0       |
|      add_ln67_fu_23769_p2                                                                       | -   |        | add_ln67     | add | fabric | 0       |
|      add_ln68_fu_23091_p2                                                                       | -   |        | add_ln68     | add | fabric | 0       |
|   + sha256_final                                                                                | 0   |        |              |     |        |         |
|     i_fu_16105_p2                                                                               | -   |        | i            | add | fabric | 0       |
|     add_ln125_fu_16782_p2                                                                       | -   |        | add_ln125    | add | fabric | 0       |
|     add_ln125_1_fu_16836_p2                                                                     | -   |        | add_ln125_1  | add | fabric | 0       |
|     add_ln126_1_fu_16841_p2                                                                     | -   |        | add_ln126_1  | add | fabric | 0       |
|     add_ln126_2_fu_16847_p2                                                                     | -   |        | add_ln126_2  | add | fabric | 0       |
|     add_ln126_fu_16853_p2                                                                       | -   |        | add_ln126    | add | fabric | 0       |
|    + sha256_final_Pipeline_VITIS_LOOP_115_2                                                     | 0   |        |              |     |        |         |
|      i_7_fu_1882_p2                                                                             | -   |        | i_7          | add | fabric | 0       |
|      add_ln116_fu_2215_p2                                                                       | -   |        | add_ln116    | add | fabric | 0       |
|    + sha256_final_Pipeline_VITIS_LOOP_110_1                                                     | 0   |        |              |     |        |         |
|      i_8_fu_1632_p2                                                                             | -   |        | i_8          | add | fabric | 0       |
|    + sha256_transform (grp_sha256_transform_fu_15679)                                           | 0   |        |              |     |        |         |
|      add_ln37_1_fu_1140_p2                                                                      | -   |        | add_ln37_1   | add | fabric | 0       |
|      add_ln37_4_fu_1342_p2                                                                      | -   |        | add_ln37_4   | add | fabric | 0       |
|      add_ln37_7_fu_1522_p2                                                                      | -   |        | add_ln37_7   | add | fabric | 0       |
|      add_ln37_10_fu_1702_p2                                                                     | -   |        | add_ln37_10  | add | fabric | 0       |
|      add_ln37_13_fu_1882_p2                                                                     | -   |        | add_ln37_13  | add | fabric | 0       |
|      add_ln37_16_fu_2062_p2                                                                     | -   |        | add_ln37_16  | add | fabric | 0       |
|      add_ln37_19_fu_2236_p2                                                                     | -   |        | add_ln37_19  | add | fabric | 0       |
|      add_ln37_22_fu_2404_p2                                                                     | -   |        | add_ln37_22  | add | fabric | 0       |
|      add_ln37_25_fu_6354_p2                                                                     | -   |        | add_ln37_25  | add | fabric | 0       |
|      add_ln37_28_fu_3842_p2                                                                     | -   |        | add_ln37_28  | add | fabric | 0       |
|      add_ln37_31_fu_6518_p2                                                                     | -   |        | add_ln37_31  | add | fabric | 0       |
|      add_ln37_34_fu_4712_p2                                                                     | -   |        | add_ln37_34  | add | fabric | 0       |
|      add_ln37_37_fu_6682_p2                                                                     | -   |        | add_ln37_37  | add | fabric | 0       |
|      add_ln37_40_fu_5389_p2                                                                     | -   |        | add_ln37_40  | add | fabric | 0       |
|      add_ln37_43_fu_6852_p2                                                                     | -   |        | add_ln37_43  | add | fabric | 0       |
|      add_ln37_46_fu_6999_p2                                                                     | -   |        | add_ln37_46  | add | fabric | 0       |
|      add_ln37_49_fu_10596_p2                                                                    | -   |        | add_ln37_49  | add | fabric | 0       |
|      add_ln37_52_fu_7151_p2                                                                     | -   |        | add_ln37_52  | add | fabric | 0       |
|      add_ln37_55_fu_10747_p2                                                                    | -   |        | add_ln37_55  | add | fabric | 0       |
|      add_ln37_58_fu_7303_p2                                                                     | -   |        | add_ln37_58  | add | fabric | 0       |
|      add_ln37_61_fu_10898_p2                                                                    | -   |        | add_ln37_61  | add | fabric | 0       |
|      add_ln37_64_fu_7455_p2                                                                     | -   |        | add_ln37_64  | add | fabric | 0       |
|      add_ln37_67_fu_11055_p2                                                                    | -   |        | add_ln37_67  | add | fabric | 0       |
|      add_ln37_70_fu_11201_p2                                                                    | -   |        | add_ln37_70  | add | fabric | 0       |
|      add_ln37_73_fu_12487_p2                                                                    | -   |        | add_ln37_73  | add | fabric | 0       |
|      add_ln37_76_fu_11353_p2                                                                    | -   |        | add_ln37_76  | add | fabric | 0       |
|      add_ln37_79_fu_12638_p2                                                                    | -   |        | add_ln37_79  | add | fabric | 0       |
|      add_ln37_82_fu_11505_p2                                                                    | -   |        | add_ln37_82  | add | fabric | 0       |
|      add_ln37_85_fu_12789_p2                                                                    | -   |        | add_ln37_85  | add | fabric | 0       |
|      add_ln37_88_fu_11657_p2                                                                    | -   |        | add_ln37_88  | add | fabric | 0       |
|      add_ln37_91_fu_12946_p2                                                                    | -   |        | add_ln37_91  | add | fabric | 0       |
|      add_ln37_94_fu_13092_p2                                                                    | -   |        | add_ln37_94  | add | fabric | 0       |
|      add_ln37_97_fu_16285_p2                                                                    | -   |        | add_ln37_97  | add | fabric | 0       |
|      add_ln37_100_fu_13244_p2                                                                   | -   |        | add_ln37_100 | add | fabric | 0       |
|      add_ln37_103_fu_16436_p2                                                                   | -   |        | add_ln37_103 | add | fabric | 0       |
|      add_ln37_106_fu_13396_p2                                                                   | -   |        | add_ln37_106 | add | fabric | 0       |
|      add_ln37_109_fu_16587_p2                                                                   | -   |        | add_ln37_109 | add | fabric | 0       |
|      add_ln37_112_fu_13548_p2                                                                   | -   |        | add_ln37_112 | add | fabric | 0       |
|      add_ln37_115_fu_16744_p2                                                                   | -   |        | add_ln37_115 | add | fabric | 0       |
|      add_ln37_118_fu_16890_p2                                                                   | -   |        | add_ln37_118 | add | fabric | 0       |
|      add_ln37_121_fu_18083_p2                                                                   | -   |        | add_ln37_121 | add | fabric | 0       |
|      add_ln37_124_fu_17042_p2                                                                   | -   |        | add_ln37_124 | add | fabric | 0       |
|      add_ln37_127_fu_18234_p2                                                                   | -   |        | add_ln37_127 | add | fabric | 0       |
|      add_ln37_130_fu_17194_p2                                                                   | -   |        | add_ln37_130 | add | fabric | 0       |
|      add_ln37_133_fu_18385_p2                                                                   | -   |        | add_ln37_133 | add | fabric | 0       |
|      add_ln37_136_fu_17346_p2                                                                   | -   |        | add_ln37_136 | add | fabric | 0       |
|      add_ln54_fu_2614_p2                                                                        | -   |        | add_ln54     | add | fabric | 0       |
|      add_ln54_1_fu_2746_p2                                                                      | -   |        | add_ln54_1   | add | fabric | 0       |
|      add_ln54_2_fu_3116_p2                                                                      | -   |        | add_ln54_2   | add | fabric | 0       |
|      add_ln54_3_fu_3355_p2                                                                      | -   |        | add_ln54_3   | add | fabric | 0       |
|      add_ln54_4_fu_3573_p2                                                                      | -   |        | add_ln54_4   | add | fabric | 0       |
|      add_ln54_5_fu_4005_p2                                                                      | -   |        | add_ln54_5   | add | fabric | 0       |
|      add_ln54_6_fu_4245_p2                                                                      | -   |        | add_ln54_6   | add | fabric | 0       |
|      add_ln54_7_fu_4464_p2                                                                      | -   |        | add_ln54_7   | add | fabric | 0       |
|      add_ln54_8_fu_4887_p2                                                                      | -   |        | add_ln54_8   | add | fabric | 0       |
|      add_ln54_9_fu_5104_p2                                                                      | -   |        | add_ln54_9   | add | fabric | 0       |
|      add_ln54_10_fu_5522_p2                                                                     | -   |        | add_ln54_10  | add | fabric | 0       |
|      add_ln54_11_fu_5759_p2                                                                     | -   |        | add_ln54_11  | add | fabric | 0       |
|      add_ln54_12_fu_6001_p2                                                                     | -   |        | add_ln54_12  | add | fabric | 0       |
|      add_ln54_13_fu_7511_p2                                                                     | -   |        | add_ln54_13  | add | fabric | 0       |
|      add_ln54_14_fu_7747_p2                                                                     | -   |        | add_ln54_14  | add | fabric | 0       |
|      add_ln54_15_fu_7966_p2                                                                     | -   |        | add_ln54_15  | add | fabric | 0       |
|      add_ln54_16_fu_8217_p2                                                                     | -   |        | add_ln54_16  | add | fabric | 0       |
|      add_ln54_17_fu_8434_p2                                                                     | -   |        | add_ln54_17  | add | fabric | 0       |
|      add_ln54_18_fu_8689_p2                                                                     | -   |        | add_ln54_18  | add | fabric | 0       |
|      add_ln54_19_fu_8926_p2                                                                     | -   |        | add_ln54_19  | add | fabric | 0       |
|      add_ln54_20_fu_9144_p2                                                                     | -   |        | add_ln54_20  | add | fabric | 0       |
|      add_ln54_21_fu_9395_p2                                                                     | -   |        | add_ln54_21  | add | fabric | 0       |
|      add_ln54_22_fu_9634_p2                                                                     | -   |        | add_ln54_22  | add | fabric | 0       |
|      add_ln54_23_fu_9852_p2                                                                     | -   |        | add_ln54_23  | add | fabric | 0       |
|      add_ln54_24_fu_10103_p2                                                                    | -   |        | add_ln54_24  | add | fabric | 0       |
|      add_ln54_25_fu_10320_p2                                                                    | -   |        | add_ln54_25  | add | fabric | 0       |
|      add_ln54_26_fu_11790_p2                                                                    | -   |        | add_ln54_26  | add | fabric | 0       |
|      add_ln54_27_fu_12027_p2                                                                    | -   |        | add_ln54_27  | add | fabric | 0       |
|      add_ln54_28_fu_12245_p2                                                                    | -   |        | add_ln54_28  | add | fabric | 0       |
|      add_ln54_29_fu_13711_p2                                                                    | -   |        | add_ln54_29  | add | fabric | 0       |
|      add_ln54_30_fu_13950_p2                                                                    | -   |        | add_ln54_30  | add | fabric | 0       |
|      add_ln54_31_fu_14168_p2                                                                    | -   |        | add_ln54_31  | add | fabric | 0       |
|      add_ln54_32_fu_14419_p2                                                                    | -   |        | add_ln54_32  | add | fabric | 0       |
|      add_ln54_33_fu_14636_p2                                                                    | -   |        | add_ln54_33  | add | fabric | 0       |
|      add_ln54_34_fu_14891_p2                                                                    | -   |        | add_ln54_34  | add | fabric | 0       |
|      add_ln54_35_fu_15128_p2                                                                    | -   |        | add_ln54_35  | add | fabric | 0       |
|      add_ln54_36_fu_15346_p2                                                                    | -   |        | add_ln54_36  | add | fabric | 0       |
|      add_ln54_37_fu_15597_p2                                                                    | -   |        | add_ln54_37  | add | fabric | 0       |
|      add_ln54_38_fu_15836_p2                                                                    | -   |        | add_ln54_38  | add | fabric | 0       |
|      add_ln54_39_fu_16054_p2                                                                    | -   |        | add_ln54_39  | add | fabric | 0       |
|      add_ln54_40_fu_17590_p2                                                                    | -   |        | add_ln54_40  | add | fabric | 0       |
|      add_ln54_41_fu_17807_p2                                                                    | -   |        | add_ln54_41  | add | fabric | 0       |
|      add_ln54_42_fu_18739_p2                                                                    | -   |        | add_ln54_42  | add | fabric | 0       |
|      add_ln54_43_fu_18976_p2                                                                    | -   |        | add_ln54_43  | add | fabric | 0       |
|      add_ln54_44_fu_19194_p2                                                                    | -   |        | add_ln54_44  | add | fabric | 0       |
|      add_ln54_45_fu_19477_p2                                                                    | -   |        | add_ln54_45  | add | fabric | 0       |
|      add_ln54_46_fu_19716_p2                                                                    | -   |        | add_ln54_46  | add | fabric | 0       |
|      add_ln54_47_fu_19934_p2                                                                    | -   |        | add_ln54_47  | add | fabric | 0       |
|      add_ln54_48_fu_20185_p2                                                                    | -   |        | add_ln54_48  | add | fabric | 0       |
|      add_ln54_49_fu_20402_p2                                                                    | -   |        | add_ln54_49  | add | fabric | 0       |
|      add_ln54_50_fu_20657_p2                                                                    | -   |        | add_ln54_50  | add | fabric | 0       |
|      add_ln54_51_fu_20894_p2                                                                    | -   |        | add_ln54_51  | add | fabric | 0       |
|      add_ln54_52_fu_21112_p2                                                                    | -   |        | add_ln54_52  | add | fabric | 0       |
|      add_ln54_53_fu_21363_p2                                                                    | -   |        | add_ln54_53  | add | fabric | 0       |
|      add_ln54_54_fu_21602_p2                                                                    | -   |        | add_ln54_54  | add | fabric | 0       |
|      add_ln54_55_fu_21820_p2                                                                    | -   |        | add_ln54_55  | add | fabric | 0       |
|      add_ln54_56_fu_22071_p2                                                                    | -   |        | add_ln54_56  | add | fabric | 0       |
|      add_ln54_57_fu_22288_p2                                                                    | -   |        | add_ln54_57  | add | fabric | 0       |
|      add_ln54_58_fu_22543_p2                                                                    | -   |        | add_ln54_58  | add | fabric | 0       |
|      add_ln54_59_fu_22780_p2                                                                    | -   |        | add_ln54_59  | add | fabric | 0       |
|      add_ln54_60_fu_22998_p2                                                                    | -   |        | add_ln54_60  | add | fabric | 0       |
|      add_ln54_61_fu_23254_p2                                                                    | -   |        | add_ln54_61  | add | fabric | 0       |
|      add_ln49_248_fu_23371_p2                                                                   | -   |        | add_ln49_248 | add | fabric | 0       |
|      add_ln49_249_fu_23377_p2                                                                   | -   |        | add_ln49_249 | add | fabric | 0       |
|      add_ln49_253_fu_19293_p2                                                                   | -   |        | add_ln49_253 | add | fabric | 0       |
|      add_ln54_62_fu_23493_p2                                                                    | -   |        | add_ln54_62  | add | fabric | 0       |
|      add_ln49_256_fu_23611_p2                                                                   | -   |        | add_ln49_256 | add | fabric | 0       |
|      add_ln49_257_fu_23616_p2                                                                   | -   |        | add_ln49_257 | add | fabric | 0       |
|      add_ln49_260_fu_19309_p2                                                                   | -   |        | add_ln49_260 | add | fabric | 0       |
|      add_ln61_2_fu_23734_p2                                                                     | -   |        | add_ln61_2   | add | fabric | 0       |
|      add_ln62_fu_23739_p2                                                                       | -   |        | add_ln62     | add | fabric | 0       |
|      add_ln63_fu_23744_p2                                                                       | -   |        | add_ln63     | add | fabric | 0       |
|      add_ln64_fu_23749_p2                                                                       | -   |        | add_ln64     | add | fabric | 0       |
|      add_ln66_fu_23764_p2                                                                       | -   |        | add_ln66     | add | fabric | 0       |
|      add_ln67_fu_23769_p2                                                                       | -   |        | add_ln67     | add | fabric | 0       |
|      add_ln68_fu_23091_p2                                                                       | -   |        | add_ln68     | add | fabric | 0       |
|    + sha256_final_Pipeline_VITIS_LOOP_118_3                                                     | 0   |        |              |     |        |         |
|      add_ln118_fu_1610_p2                                                                       | -   |        | add_ln118    | add | fabric | 0       |
|    + sha256_final_Pipeline_VITIS_LOOP_138_4                                                     | 0   |        |              |     |        |         |
|      add_ln138_fu_1118_p2                                                                       | -   |        | add_ln138    | add | fabric | 0       |
|      sub_ln139_fu_1136_p2                                                                       | -   |        | sub_ln139    | sub | fabric | 0       |
|  + productMod_512_s                                                                             | 0   |        |              |     |        |         |
|    add_ln887_fu_504_p2                                                                          | -   |        | add_ln887    | add | fabric | 0       |
|    tmp_V_3_fu_2222_p2                                                                           | -   |        | tmp_V_3      | add | fabric | 0       |
|    tmp_V_4_fu_2252_p2                                                                           | -   |        | tmp_V_4      | add | fabric | 0       |
|    i_11_fu_2228_p2                                                                              | -   |        | i_11         | add | fabric | 0       |
|  + monProduct_512_s (grp_monProduct_512_s_fu_89)                                                | 0   |        |              |     |        |         |
|    add_ln93_fu_58_p2                                                                            | -   |        | add_ln93     | add | fabric | 0       |
|   + monProduct_512_Pipeline_MON_PRODUCT_MOD (grp_monProduct_512_Pipeline_MON_PRODUCT_MOD_fu_30) | 0   |        |              |     |        |         |
|     i_12_fu_102_p2                                                                              | -   |        | i_12         | add | fabric | 0       |
|     ret_V_fu_160_p2                                                                             | -   |        | ret_V        | add | fabric | 0       |
|     s_V_fu_170_p2                                                                               | -   |        | s_V          | add | fabric | 0       |
|  + monProduct_512_s (grp_monProduct_512_s_fu_96)                                                | 0   |        |              |     |        |         |
|    add_ln93_fu_58_p2                                                                            | -   |        | add_ln93     | add | fabric | 0       |
|   + monProduct_512_Pipeline_MON_PRODUCT_MOD (grp_monProduct_512_Pipeline_MON_PRODUCT_MOD_fu_30) | 0   |        |              |     |        |         |
|     i_12_fu_102_p2                                                                              | -   |        | i_12         | add | fabric | 0       |
|     ret_V_fu_160_p2                                                                             | -   |        | ret_V        | add | fabric | 0       |
|     s_V_fu_170_p2                                                                               | -   |        | s_V          | add | fabric | 0       |
+-------------------------------------------------------------------------------------------------+-----+--------+--------------+-----+--------+---------+


================================================================
== Bind Storage Report
================================================================
  No bind storage info in design

================================================================
== Pragma Report
================================================================
* Valid Pragma Syntax
+-----------------+--------------------------------------+----------------------------------------------------+
| Type            | Options                              | Location                                           |
+-----------------+--------------------------------------+----------------------------------------------------+
| inline          | off                                  | ./sha256.hpp:149 in productmod                     |
| pipeline        | II=2                                 | ./sha256.hpp:153 in productmod                     |
| loop_tripcount  | max = 256                            | ./sha256.hpp:283 in modularinv                     |
| loop_tripcount  | max = 256                            | ./sha256.hpp:313 in modularinv                     |
| array_partition | variable=data dim=0 complete         | sha1/sha256_impl1.cpp:33 in sha256_transform, data |
| interface       | ap_ctrl_none port=return             | sha1/sha2561.cpp:13 in sha2561_ver, return         |
| interface       | axis register port = input           | sha1/sha2561.cpp:14 in sha2561_ver                 |
| aggregate       | variable=input bit                   | sha1/sha2561.cpp:16 in sha2561_ver, input          |
| array_partition | dim=1 type=complete variable=seg_buf | sha1/sha2561.cpp:21 in sha2561_ver, seg_buf        |
| unroll          |                                      | sha1/sha2561.cpp:56 in sha2561_ver                 |
| interface       | ap_ctrl_none port=return             | sha1/sha2561.cpp:69 in sha2561, return             |
| interface       | axis register port = input           | sha1/sha2561.cpp:70 in sha2561                     |
| interface       | axis register port = final_output    | sha1/sha2561.cpp:71 in sha2561                     |
| aggregate       | variable=input bit                   | sha1/sha2561.cpp:72 in sha2561, input              |
| aggregate       | variable=final_output bit            | sha1/sha2561.cpp:73 in sha2561, final_output       |
| array_partition | dim=1 type=complete variable=seg_buf | sha1/sha2561.cpp:77 in sha2561, seg_buf            |
| unroll          |                                      | sha1/sha2561.cpp:109 in sha2561                    |
| interface       | ap_ctrl_none port=return             | sha256.cpp:66 in sha256, return                    |
| interface       | axis register port = input           | sha256.cpp:67 in sha256                            |
| interface       | axis register port = output          | sha256.cpp:68 in sha256                            |
| aggregate       | variable=input bit                   | sha256.cpp:69 in sha256, input                     |
| aggregate       | variable=output bit                  | sha256.cpp:70 in sha256, output                    |
| interface       | ap_ctrl_none port=return             | sha256.cpp:97 in sha256_verify, return             |
| interface       | axis register port = input           | sha256.cpp:98 in sha256_verify                     |
| interface       | axis register port = output          | sha256.cpp:99 in sha256_verify                     |
| aggregate       | variable=input bit                   | sha256.cpp:100 in sha256_verify, input             |
| aggregate       | variable=output bit                  | sha256.cpp:101 in sha256_verify, output            |
+-----------------+--------------------------------------+----------------------------------------------------+


