

================================================================
== Vitis HLS Report for 'monProduct_512_s'
================================================================
* Date:           Wed Aug  2 01:55:32 2023

* Version:        2022.1 (Build 3526262 on Mon Apr 18 15:47:01 MDT 2022)
* Project:        shav-rsa
* Solution:       solution1 (Vivado IP Flow Target)
* Product family: virtexuplus
* Target device:  xcu280-fsvh2892-2L-e


================================================================
== Performance Estimates
================================================================
+ Timing: 
    * Summary: 
    +--------+----------+----------+------------+
    |  Clock |  Target  | Estimated| Uncertainty|
    +--------+----------+----------+------------+
    |ap_clk  |  10.00 ns|  7.016 ns|     2.70 ns|
    +--------+----------+----------+------------+

+ Latency: 
    * Summary: 
    +---------+---------+----------+----------+-----+-----+---------+
    |  Latency (cycles) |  Latency (absolute) |  Interval | Pipeline|
    |   min   |   max   |    min   |    max   | min | max |   Type  |
    +---------+---------+----------+----------+-----+-----+---------+
    |      517|      517|  5.170 us|  5.170 us|  517|  517|       no|
    +---------+---------+----------+----------+-----+-----+---------+

    + Detail: 
        * Instance: 
        +---------------------------------------------------+-----------------------------------------+---------+---------+----------+----------+-----+-----+---------+
        |                                                   |                                         |  Latency (cycles) |  Latency (absolute) |  Interval | Pipeline|
        |                      Instance                     |                  Module                 |   min   |   max   |    min   |    max   | min | max |   Type  |
        +---------------------------------------------------+-----------------------------------------+---------+---------+----------+----------+-----+-----+---------+
        |grp_monProduct_512_Pipeline_MON_PRODUCT_MOD_fu_30  |monProduct_512_Pipeline_MON_PRODUCT_MOD  |      514|      514|  5.140 us|  5.140 us|  514|  514|       no|
        +---------------------------------------------------+-----------------------------------------+---------+---------+----------+----------+-----+-----+---------+

        * Loop: 
        N/A



================================================================
== Utilization Estimates
================================================================
* Summary: 
+---------------------+---------+------+---------+---------+-----+
|         Name        | BRAM_18K|  DSP |    FF   |   LUT   | URAM|
+---------------------+---------+------+---------+---------+-----+
|DSP                  |        -|     -|        -|        -|    -|
|Expression           |        -|     -|        0|     1119|    -|
|FIFO                 |        -|     -|        -|        -|    -|
|Instance             |        -|     -|      526|     1953|    -|
|Memory               |        -|     -|        -|        -|    -|
|Multiplexer          |        -|     -|        -|       20|    -|
|Register             |        -|     -|        5|        -|    -|
+---------------------+---------+------+---------+---------+-----+
|Total                |        0|     0|      531|     3092|    0|
+---------------------+---------+------+---------+---------+-----+
|Available SLR        |     1344|  3008|   869120|   434560|  320|
+---------------------+---------+------+---------+---------+-----+
|Utilization SLR (%)  |        0|     0|       ~0|       ~0|    0|
+---------------------+---------+------+---------+---------+-----+
|Available            |     4032|  9024|  2607360|  1303680|  960|
+---------------------+---------+------+---------+---------+-----+
|Utilization (%)      |        0|     0|       ~0|       ~0|    0|
+---------------------+---------+------+---------+---------+-----+

+ Detail: 
    * Instance: 
    +---------------------------------------------------+-----------------------------------------+---------+----+-----+------+-----+
    |                      Instance                     |                  Module                 | BRAM_18K| DSP|  FF |  LUT | URAM|
    +---------------------------------------------------+-----------------------------------------+---------+----+-----+------+-----+
    |grp_monProduct_512_Pipeline_MON_PRODUCT_MOD_fu_30  |monProduct_512_Pipeline_MON_PRODUCT_MOD  |        0|   0|  526|  1953|    0|
    +---------------------------------------------------+-----------------------------------------+---------+----+-----+------+-----+
    |Total                                              |                                         |        0|   0|  526|  1953|    0|
    +---------------------------------------------------+-----------------------------------------+---------+----+-----+------+-----+

    * DSP: 
    N/A

    * Memory: 
    N/A

    * FIFO: 
    N/A

    * Expression: 
    +----------------------+----------+----+---+-----+------------+------------+
    |     Variable Name    | Operation| DSP| FF| LUT | Bitwidth P0| Bitwidth P1|
    +----------------------+----------+----+---+-----+------------+------------+
    |add_ln93_fu_58_p2     |         +|   0|  0|  512|         512|         511|
    |icmp_ln1081_fu_48_p2  |      icmp|   0|  0|  179|         513|         512|
    |ap_return             |    select|   0|  0|  428|           1|         512|
    +----------------------+----------+----+---+-----+------------+------------+
    |Total                 |          |   0|  0| 1119|        1026|        1535|
    +----------------------+----------+----+---+-----+------------+------------+

    * Multiplexer: 
    +-----------+----+-----------+-----+-----------+
    |    Name   | LUT| Input Size| Bits| Total Bits|
    +-----------+----+-----------+-----+-----------+
    |ap_NS_fsm  |  20|          4|    1|          4|
    +-----------+----+-----------+-----+-----------+
    |Total      |  20|          4|    1|          4|
    +-----------+----+-----------+-----+-----------+

    * Register: 
    +----------------------------------------------------------------+---+----+-----+-----------+
    |                              Name                              | FF| LUT| Bits| Const Bits|
    +----------------------------------------------------------------+---+----+-----+-----------+
    |ap_CS_fsm                                                       |  3|   0|    3|          0|
    |grp_monProduct_512_Pipeline_MON_PRODUCT_MOD_fu_30_ap_start_reg  |  1|   0|    1|          0|
    |p_Result_s_reg_88                                               |  1|   0|    1|          0|
    +----------------------------------------------------------------+---+----+-----+-----------+
    |Total                                                           |  5|   0|    5|          0|
    +----------------------------------------------------------------+---+----+-----+-----------+



================================================================
== Interface
================================================================
* Summary: 
+-----------+-----+-----+------------+-----------------+--------------+
| RTL Ports | Dir | Bits|  Protocol  |  Source Object  |    C Type    |
+-----------+-----+-----+------------+-----------------+--------------+
|ap_clk     |   in|    1|  ap_ctrl_hs|  monProduct<512>|  return value|
|ap_rst     |   in|    1|  ap_ctrl_hs|  monProduct<512>|  return value|
|ap_start   |   in|    1|  ap_ctrl_hs|  monProduct<512>|  return value|
|ap_done    |  out|    1|  ap_ctrl_hs|  monProduct<512>|  return value|
|ap_idle    |  out|    1|  ap_ctrl_hs|  monProduct<512>|  return value|
|ap_ready   |  out|    1|  ap_ctrl_hs|  monProduct<512>|  return value|
|ap_return  |  out|  512|  ap_ctrl_hs|  monProduct<512>|  return value|
|opA        |   in|  512|     ap_none|              opA|        scalar|
|opB        |   in|  512|     ap_none|              opB|        scalar|
+-----------+-----+-----+------------+-----------------+--------------+

