

================================================================
== Vitis HLS Report for 'monProduct_512_Pipeline_MON_PRODUCT_MOD'
================================================================
* Date:           Wed Aug  2 01:55:31 2023

* Version:        2022.1 (Build 3526262 on Mon Apr 18 15:47:01 MDT 2022)
* Project:        shav-rsa
* Solution:       solution1 (Vivado IP Flow Target)
* Product family: virtexuplus
* Target device:  xcu280-fsvh2892-2L-e


================================================================
== Performance Estimates
================================================================
+ Timing: 
    * Summary: 
    +--------+----------+----------+------------+
    |  Clock |  Target  | Estimated| Uncertainty|
    +--------+----------+----------+------------+
    |ap_clk  |  10.00 ns|  7.016 ns|     2.70 ns|
    +--------+----------+----------+------------+

+ Latency: 
    * Summary: 
    +---------+---------+----------+----------+-----+-----+---------+
    |  Latency (cycles) |  Latency (absolute) |  Interval | Pipeline|
    |   min   |   max   |    min   |    max   | min | max |   Type  |
    +---------+---------+----------+----------+-----+-----+---------+
    |      514|      514|  5.140 us|  5.140 us|  514|  514|       no|
    +---------+---------+----------+----------+-----+-----+---------+

    + Detail: 
        * Instance: 
        N/A

        * Loop: 
        +-------------------+---------+---------+----------+-----------+-----------+------+----------+
        |                   |  Latency (cycles) | Iteration|  Initiation Interval  | Trip |          |
        |     Loop Name     |   min   |   max   |  Latency |  achieved |   target  | Count| Pipelined|
        +-------------------+---------+---------+----------+-----------+-----------+------+----------+
        |- MON_PRODUCT_MOD  |      512|      512|         1|          1|          1|   512|       yes|
        +-------------------+---------+---------+----------+-----------+-----------+------+----------+



================================================================
== Utilization Estimates
================================================================
* Summary: 
+---------------------+---------+------+---------+---------+-----+
|         Name        | BRAM_18K|  DSP |    FF   |   LUT   | URAM|
+---------------------+---------+------+---------+---------+-----+
|DSP                  |        -|     -|        -|        -|    -|
|Expression           |        -|     -|        0|     1917|    -|
|FIFO                 |        -|     -|        -|        -|    -|
|Instance             |        -|     -|        -|        -|    -|
|Memory               |        -|     -|        -|        -|    -|
|Multiplexer          |        -|     -|        -|       36|    -|
|Register             |        -|     -|      526|        -|    -|
+---------------------+---------+------+---------+---------+-----+
|Total                |        0|     0|      526|     1953|    0|
+---------------------+---------+------+---------+---------+-----+
|Available SLR        |     1344|  3008|   869120|   434560|  320|
+---------------------+---------+------+---------+---------+-----+
|Utilization SLR (%)  |        0|     0|       ~0|       ~0|    0|
+---------------------+---------+------+---------+---------+-----+
|Available            |     4032|  9024|  2607360|  1303680|  960|
+---------------------+---------+------+---------+---------+-----+
|Utilization (%)      |        0|     0|       ~0|       ~0|    0|
+---------------------+---------+------+---------+---------+-----+

+ Detail: 
    * Instance: 
    N/A

    * DSP: 
    N/A

    * Memory: 
    N/A

    * FIFO: 
    N/A

    * Expression: 
    +-------------------------+----------+----+---+-----+------------+------------+
    |      Variable Name      | Operation| DSP| FF| LUT | Bitwidth P0| Bitwidth P1|
    +-------------------------+----------+----+---+-----+------------+------------+
    |i_12_fu_102_p2           |         +|   0|  0|   17|          10|           1|
    |ret_V_fu_160_p2          |         +|   0|  0|  513|         513|         513|
    |s_V_fu_170_p2            |         +|   0|  0|  514|         514|         514|
    |ret_V_3_fu_126_p2        |       and|   0|  0|    2|           1|           1|
    |icmp_ln85_fu_96_p2       |      icmp|   0|  0|   11|          10|          11|
    |addA_V_fu_141_p3         |    select|   0|  0|  428|           1|         512|
    |select_ln1541_fu_152_p3  |    select|   0|  0|  428|           1|         512|
    |ap_enable_pp0            |       xor|   0|  0|    2|           1|           2|
    |ret_V_4_fu_135_p2        |       xor|   0|  0|    2|           1|           1|
    +-------------------------+----------+----+---+-----+------------+------------+
    |Total                    |          |   0|  0| 1917|        1052|        2067|
    +-------------------------+----------+----+---+-----+------------+------------+

    * Multiplexer: 
    +-------------------------+----+-----------+-----+-----------+
    |           Name          | LUT| Input Size| Bits| Total Bits|
    +-------------------------+----+-----------+-----+-----------+
    |ap_done_int              |   9|          2|    1|          2|
    |ap_enable_reg_pp0_iter1  |   9|          2|    1|          2|
    |i_2_fu_54                |   9|          2|   10|         20|
    |p_Val2_s_fu_50           |   9|          2|  513|       1026|
    +-------------------------+----+-----------+-----+-----------+
    |Total                    |  36|          8|  525|       1050|
    +-------------------------+----+-----------+-----+-----------+

    * Register: 
    +-------------------------+-----+----+-----+-----------+
    |           Name          |  FF | LUT| Bits| Const Bits|
    +-------------------------+-----+----+-----+-----------+
    |ap_CS_fsm                |    1|   0|    1|          0|
    |ap_done_reg              |    1|   0|    1|          0|
    |ap_enable_reg_pp0_iter1  |    1|   0|    1|          0|
    |i_2_fu_54                |   10|   0|   10|          0|
    |p_Val2_s_fu_50           |  513|   0|  513|          0|
    +-------------------------+-----+----+-----+-----------+
    |Total                    |  526|   0|  526|          0|
    +-------------------------+-----+----+-----+-----------+



================================================================
== Interface
================================================================
* Summary: 
+------------------+-----+-----+------------+------------------------------------------+--------------+
|     RTL Ports    | Dir | Bits|  Protocol  |               Source Object              |    C Type    |
+------------------+-----+-----+------------+------------------------------------------+--------------+
|ap_clk            |   in|    1|  ap_ctrl_hs|  monProduct<512>_Pipeline_MON_PRODUCT_MOD|  return value|
|ap_rst            |   in|    1|  ap_ctrl_hs|  monProduct<512>_Pipeline_MON_PRODUCT_MOD|  return value|
|ap_start          |   in|    1|  ap_ctrl_hs|  monProduct<512>_Pipeline_MON_PRODUCT_MOD|  return value|
|ap_done           |  out|    1|  ap_ctrl_hs|  monProduct<512>_Pipeline_MON_PRODUCT_MOD|  return value|
|ap_idle           |  out|    1|  ap_ctrl_hs|  monProduct<512>_Pipeline_MON_PRODUCT_MOD|  return value|
|ap_ready          |  out|    1|  ap_ctrl_hs|  monProduct<512>_Pipeline_MON_PRODUCT_MOD|  return value|
|opB               |   in|  512|     ap_none|                                       opB|        scalar|
|p_Result_s        |   in|    1|     ap_none|                                p_Result_s|        scalar|
|opA               |   in|  512|     ap_none|                                       opA|        scalar|
|s_V_2_out         |  out|  513|      ap_vld|                                 s_V_2_out|       pointer|
|s_V_2_out_ap_vld  |  out|    1|      ap_vld|                                 s_V_2_out|       pointer|
+------------------+-----+-----+------------+------------------------------------------+--------------+

