

================================================================
== Vitis HLS Report for 'productMod_512_s'
================================================================
* Date:           Wed Aug  2 01:55:31 2023

* Version:        2022.1 (Build 3526262 on Mon Apr 18 15:47:01 MDT 2022)
* Project:        shav-rsa
* Solution:       solution1 (Vivado IP Flow Target)
* Product family: virtexuplus
* Target device:  xcu280-fsvh2892-2L-e


================================================================
== Performance Estimates
================================================================
+ Timing: 
    * Summary: 
    +--------+----------+----------+------------+
    |  Clock |  Target  | Estimated| Uncertainty|
    +--------+----------+----------+------------+
    |ap_clk  |  10.00 ns|  7.209 ns|     2.70 ns|
    +--------+----------+----------+------------+

+ Latency: 
    * Summary: 
    +---------+---------+-----------+-----------+------+------+---------+
    |  Latency (cycles) |   Latency (absolute)  |   Interval  | Pipeline|
    |   min   |   max   |    min    |    max    |  min |  max |   Type  |
    +---------+---------+-----------+-----------+------+------+---------+
    |     1026|     1026|  10.260 us|  10.260 us|  1026|  1026|       no|
    +---------+---------+-----------+-----------+------+------+---------+

    + Detail: 
        * Instance: 
        N/A

        * Loop: 
        +---------------+---------+---------+----------+-----------+-----------+------+----------+
        |               |  Latency (cycles) | Iteration|  Initiation Interval  | Trip |          |
        |   Loop Name   |   min   |   max   |  Latency |  achieved |   target  | Count| Pipelined|
        +---------------+---------+---------+----------+-----------+-----------+------+----------+
        |- PRODUCT_MOD  |     1024|     1024|         2|          2|          2|   512|       yes|
        +---------------+---------+---------+----------+-----------+-----------+------+----------+



================================================================
== Utilization Estimates
================================================================
* Summary: 
+---------------------+---------+------+---------+---------+-----+
|         Name        | BRAM_18K|  DSP |    FF   |   LUT   | URAM|
+---------------------+---------+------+---------+---------+-----+
|DSP                  |        -|     -|        -|        -|    -|
|Expression           |        -|     -|        0|     5548|    -|
|FIFO                 |        -|     -|        -|        -|    -|
|Instance             |        -|     -|        -|        -|    -|
|Memory               |        -|     -|        -|        -|    -|
|Multiplexer          |        -|     -|        -|       59|    -|
|Register             |        -|     -|     1553|        -|    -|
+---------------------+---------+------+---------+---------+-----+
|Total                |        0|     0|     1553|     5607|    0|
+---------------------+---------+------+---------+---------+-----+
|Available SLR        |     1344|  3008|   869120|   434560|  320|
+---------------------+---------+------+---------+---------+-----+
|Utilization SLR (%)  |        0|     0|       ~0|        1|    0|
+---------------------+---------+------+---------+---------+-----+
|Available            |     4032|  9024|  2607360|  1303680|  960|
+---------------------+---------+------+---------+---------+-----+
|Utilization (%)      |        0|     0|       ~0|       ~0|    0|
+---------------------+---------+------+---------+---------+-----+

+ Detail: 
    * Instance: 
    N/A

    * DSP: 
    N/A

    * Memory: 
    N/A

    * FIFO: 
    N/A

    * Expression: 
    +--------------------------+----------+----+---+------+------------+------------+
    |       Variable Name      | Operation| DSP| FF|  LUT | Bitwidth P0| Bitwidth P1|
    +--------------------------+----------+----+---+------+------------+------------+
    |add_ln887_fu_504_p2       |         +|   0|  0|   513|         513|         513|
    |i_11_fu_2228_p2           |         +|   0|  0|    17|          10|           2|
    |tmp_V_3_fu_2222_p2        |         +|   0|  0|   513|         513|         511|
    |tmp_V_4_fu_2252_p2        |         +|   0|  0|   512|         512|         512|
    |icmp_ln1077_1_fu_2239_p2  |      icmp|   0|  0|   179|         513|         512|
    |icmp_ln1077_fu_498_p2     |      icmp|   0|  0|   179|         512|         511|
    |p_Result_s_fu_2216_p2     |      icmp|   0|  0|   178|         511|           1|
    |select_ln160_fu_2244_p3   |    select|   0|  0|   427|           1|         509|
    |tmp_V_2_fu_510_p3         |    select|   0|  0|   429|           1|         513|
    |tmp_V_5_fu_2257_p3        |    select|   0|  0|   428|           1|         512|
    |shl_ln825_fu_530_p2       |       shl|   0|  0|  2171|           1|         512|
    |ap_enable_pp0             |       xor|   0|  0|     2|           1|           2|
    +--------------------------+----------+----+---+------+------------+------------+
    |Total                     |          |   0|  0|  5548|        3089|        4610|
    +--------------------------+----------+----+---+------+------------+------------+

    * Multiplexer: 
    +-------------------------+----+-----------+-----+-----------+
    |           Name          | LUT| Input Size| Bits| Total Bits|
    +-------------------------+----+-----------+-----+-----------+
    |ap_NS_fsm                |  14|          3|    1|          3|
    |ap_done_int              |   9|          2|    1|          2|
    |ap_enable_reg_pp0_iter0  |   9|          2|    1|          2|
    |ap_enable_reg_pp0_iter1  |   9|          2|    1|          2|
    |i_fu_462                 |   9|          2|   10|         20|
    |tmp_V_fu_458             |   9|          2|  512|       1024|
    +-------------------------+----+-----------+-----+-----------+
    |Total                    |  59|         13|  526|       1053|
    +-------------------------+----+-----------+-----+-----------+

    * Register: 
    +-----------------------------+-----+----+-----+-----------+
    |             Name            |  FF | LUT| Bits| Const Bits|
    +-----------------------------+-----+----+-----+-----------+
    |ap_CS_fsm                    |    2|   0|    2|          0|
    |ap_done_reg                  |    1|   0|    1|          0|
    |ap_enable_reg_pp0_iter0_reg  |    1|   0|    1|          0|
    |ap_enable_reg_pp0_iter1      |    1|   0|    1|          0|
    |i_fu_462                     |   10|   0|   10|          0|
    |p_Result_s_reg_2295          |    1|   0|    1|          0|
    |tmp_V_3_reg_2300             |  513|   0|  513|          0|
    |tmp_V_fu_458                 |  512|   0|  512|          0|
    |trunc_ln150_reg_2289         |  512|   0|  512|          0|
    +-----------------------------+-----+----+-----+-----------+
    |Total                        | 1553|   0| 1553|          0|
    +-----------------------------+-----+----+-----+-----------+



================================================================
== Interface
================================================================
* Summary: 
+-----------+-----+-----+------------+-----------------+--------------+
| RTL Ports | Dir | Bits|  Protocol  |  Source Object  |    C Type    |
+-----------+-----+-----+------------+-----------------+--------------+
|ap_clk     |   in|    1|  ap_ctrl_hs|  productMod<512>|  return value|
|ap_rst     |   in|    1|  ap_ctrl_hs|  productMod<512>|  return value|
|ap_start   |   in|    1|  ap_ctrl_hs|  productMod<512>|  return value|
|ap_done    |  out|    1|  ap_ctrl_hs|  productMod<512>|  return value|
|ap_idle    |  out|    1|  ap_ctrl_hs|  productMod<512>|  return value|
|ap_ready   |  out|    1|  ap_ctrl_hs|  productMod<512>|  return value|
|ap_return  |  out|  512|  ap_ctrl_hs|  productMod<512>|  return value|
+-----------+-----+-----+------------+-----------------+--------------+

