

================================================================
== Vitis HLS Report for 'sha2561_ver_Pipeline_VITIS_LOOP_90_1'
================================================================
* Date:           Wed Aug  2 01:54:26 2023

* Version:        2022.1 (Build 3526262 on Mon Apr 18 15:47:01 MDT 2022)
* Project:        shav-rsa
* Solution:       solution1 (Vivado IP Flow Target)
* Product family: virtexuplus
* Target device:  xcu280-fsvh2892-2L-e


================================================================
== Performance Estimates
================================================================
+ Timing: 
    * Summary: 
    +--------+----------+----------+------------+
    |  Clock |  Target  | Estimated| Uncertainty|
    +--------+----------+----------+------------+
    |ap_clk  |  10.00 ns|  7.175 ns|     2.70 ns|
    +--------+----------+----------+------------+

+ Latency: 
    * Summary: 
    +---------+---------+-----------+-----------+------+------+---------+
    |  Latency (cycles) |   Latency (absolute)  |   Interval  | Pipeline|
    |   min   |   max   |    min    |    max    |  min |  max |   Type  |
    +---------+---------+-----------+-----------+------+------+---------+
    |     1603|     1603|  16.030 us|  16.030 us|  1603|  1603|       no|
    +---------+---------+-----------+-----------+------+------+---------+

    + Detail: 
        * Instance: 
        +-----------------------------+------------------+---------+---------+----------+----------+-----+-----+---------+
        |                             |                  |  Latency (cycles) |  Latency (absolute) |  Interval | Pipeline|
        |           Instance          |      Module      |   min   |   max   |    min   |    max   | min | max |   Type  |
        +-----------------------------+------------------+---------+---------+----------+----------+-----+-----+---------+
        |grp_sha256_transform_fu_828  |sha256_transform  |       24|       24|  0.240 us|  0.240 us|    1|    1|      yes|
        +-----------------------------+------------------+---------+---------+----------+----------+-----+-----+---------+

        * Loop: 
        +-------------------+---------+---------+----------+-----------+-----------+------+----------+
        |                   |  Latency (cycles) | Iteration|  Initiation Interval  | Trip |          |
        |     Loop Name     |   min   |   max   |  Latency |  achieved |   target  | Count| Pipelined|
        +-------------------+---------+---------+----------+-----------+-----------+------+----------+
        |- VITIS_LOOP_90_1  |     1601|     1601|        27|         25|          1|    64|       yes|
        +-------------------+---------+---------+----------+-----------+-----------+------+----------+



================================================================
== Utilization Estimates
================================================================
* Summary: 
+---------------------+---------+------+---------+---------+-----+
|         Name        | BRAM_18K|  DSP |    FF   |   LUT   | URAM|
+---------------------+---------+------+---------+---------+-----+
|DSP                  |        -|     -|        -|        -|    -|
|Expression           |        -|     -|        0|      220|    -|
|FIFO                 |        -|     -|        -|        -|    -|
|Instance             |        -|     -|        0|      273|    -|
|Memory               |        -|     -|        -|        -|    -|
|Multiplexer          |        -|     -|        -|      935|    -|
|Register             |        -|     -|       38|        -|    -|
+---------------------+---------+------+---------+---------+-----+
|Total                |        0|     0|       38|     1428|    0|
+---------------------+---------+------+---------+---------+-----+
|Available SLR        |     1344|  3008|   869120|   434560|  320|
+---------------------+---------+------+---------+---------+-----+
|Utilization SLR (%)  |        0|     0|       ~0|       ~0|    0|
+---------------------+---------+------+---------+---------+-----+
|Available            |     4032|  9024|  2607360|  1303680|  960|
+---------------------+---------+------+---------+---------+-----+
|Utilization (%)      |        0|     0|       ~0|       ~0|    0|
+---------------------+---------+------+---------+---------+-----+

+ Detail: 
    * Instance: 
    +--------------------+---------------+---------+----+---+-----+-----+
    |      Instance      |     Module    | BRAM_18K| DSP| FF| LUT | URAM|
    +--------------------+---------------+---------+----+---+-----+-----+
    |mux_647_8_1_1_U202  |mux_647_8_1_1  |        0|   0|  0|  273|    0|
    +--------------------+---------------+---------+----+---+-----+-----+
    |Total               |               |        0|   0|  0|  273|    0|
    +--------------------+---------------+---------+----+---+-----+-----+

    * DSP: 
    N/A

    * Memory: 
    N/A

    * FIFO: 
    N/A

    * Expression: 
    +------------------------+----------+----+---+----+------------+------------+
    |      Variable Name     | Operation| DSP| FF| LUT| Bitwidth P0| Bitwidth P1|
    +------------------------+----------+----+---+----+------------+------------+
    |add_ln90_fu_918_p2      |         +|   0|  0|  14|           7|           1|
    |add_ln92_fu_1454_p2     |         +|   0|  0|  39|          32|           1|
    |add_ln95_1_fu_1865_p2   |         +|   0|  0|  39|          32|          10|
    |add_ln95_fu_1851_p2     |         +|   0|  0|  39|          32|           1|
    |ap_condition_1938       |       and|   0|  0|   2|           1|           1|
    |ap_condition_1943       |       and|   0|  0|   2|           1|           1|
    |icmp_ln90_fu_912_p2     |      icmp|   0|  0|  11|           7|           8|
    |icmp_ln93_fu_1460_p2    |      icmp|   0|  0|  20|          32|           7|
    |icmp_ln95_fu_1845_p2    |      icmp|   0|  0|  20|          32|          11|
    |select_ln95_fu_1857_p3  |    select|   0|  0|  32|           1|          32|
    |ap_enable_pp0           |       xor|   0|  0|   2|           1|           2|
    +------------------------+----------+----+---+----+------------+------------+
    |Total                   |          |   0|  0| 220|         178|          75|
    +------------------------+----------+----+---+----+------------+------------+

    * Multiplexer: 
    +-----------------------------------------------+-----+-----------+-----+-----------+
    |                      Name                     | LUT | Input Size| Bits| Total Bits|
    +-----------------------------------------------+-----+-----------+-----+-----------+
    |ap_NS_fsm                                      |  129|         26|    1|         26|
    |ap_done_int                                    |    9|          2|    1|          2|
    |ap_enable_reg_pp0_iter0                        |    9|          2|    1|          2|
    |ap_enable_reg_pp0_iter0_reg                    |    9|          2|    1|          2|
    |ap_enable_reg_pp0_iter1                        |    9|          2|    1|          2|
    |ap_sig_allocacmp_i                             |    9|          2|    7|         14|
    |ap_sig_allocacmp_sha256ctx_state_0_1_out_load  |    9|          2|   32|         64|
    |ap_sig_allocacmp_sha256ctx_state_1_1_out_load  |    9|          2|   32|         64|
    |ap_sig_allocacmp_sha256ctx_state_2_1_out_load  |    9|          2|   32|         64|
    |ap_sig_allocacmp_sha256ctx_state_3_1_out_load  |    9|          2|   32|         64|
    |ap_sig_allocacmp_sha256ctx_state_4_1_out_load  |    9|          2|   32|         64|
    |ap_sig_allocacmp_sha256ctx_state_5_1_out_load  |    9|          2|   32|         64|
    |ap_sig_allocacmp_sha256ctx_state_6_1_out_load  |    9|          2|   32|         64|
    |ap_sig_allocacmp_sha256ctx_state_7_1_out_load  |    9|          2|   32|         64|
    |i_7_fu_440                                     |    9|          2|    7|         14|
    |p_out1_o                                       |    9|          2|   32|         64|
    |p_out2_o                                       |   14|          3|   32|         96|
    |p_out_o                                        |    9|          2|   32|         64|
    |sha256ctx_data_100_1_out_o                     |    9|          2|    8|         16|
    |sha256ctx_data_101_1_out_o                     |    9|          2|    8|         16|
    |sha256ctx_data_102_1_out_o                     |    9|          2|    8|         16|
    |sha256ctx_data_103_1_out_o                     |    9|          2|    8|         16|
    |sha256ctx_data_104_1_out_o                     |    9|          2|    8|         16|
    |sha256ctx_data_105_1_out_o                     |    9|          2|    8|         16|
    |sha256ctx_data_106_1_out_o                     |    9|          2|    8|         16|
    |sha256ctx_data_107_1_out_o                     |    9|          2|    8|         16|
    |sha256ctx_data_108_1_out_o                     |    9|          2|    8|         16|
    |sha256ctx_data_109_1_out_o                     |    9|          2|    8|         16|
    |sha256ctx_data_110_1_out_o                     |    9|          2|    8|         16|
    |sha256ctx_data_111_1_out_o                     |    9|          2|    8|         16|
    |sha256ctx_data_112_1_out_o                     |    9|          2|    8|         16|
    |sha256ctx_data_113_1_out_o                     |    9|          2|    8|         16|
    |sha256ctx_data_114_1_out_o                     |    9|          2|    8|         16|
    |sha256ctx_data_115_1_out_o                     |    9|          2|    8|         16|
    |sha256ctx_data_116_1_out_o                     |    9|          2|    8|         16|
    |sha256ctx_data_117_1_out_o                     |    9|          2|    8|         16|
    |sha256ctx_data_118_1_out_o                     |    9|          2|    8|         16|
    |sha256ctx_data_119_1_out_o                     |    9|          2|    8|         16|
    |sha256ctx_data_120_1_out_o                     |    9|          2|    8|         16|
    |sha256ctx_data_121_1_out_o                     |    9|          2|    8|         16|
    |sha256ctx_data_122_1_out_o                     |    9|          2|    8|         16|
    |sha256ctx_data_123_1_out_o                     |    9|          2|    8|         16|
    |sha256ctx_data_124_1_out_o                     |    9|          2|    8|         16|
    |sha256ctx_data_125_1_out_o                     |    9|          2|    8|         16|
    |sha256ctx_data_126_1_out_o                     |    9|          2|    8|         16|
    |sha256ctx_data_127_1_out_o                     |    9|          2|    8|         16|
    |sha256ctx_data_128_1_out_o                     |    9|          2|    8|         16|
    |sha256ctx_data_65_1_out_o                      |    9|          2|    8|         16|
    |sha256ctx_data_66_1_out_o                      |    9|          2|    8|         16|
    |sha256ctx_data_67_1_out_o                      |    9|          2|    8|         16|
    |sha256ctx_data_68_1_out_o                      |    9|          2|    8|         16|
    |sha256ctx_data_69_1_out_o                      |    9|          2|    8|         16|
    |sha256ctx_data_70_1_out_o                      |    9|          2|    8|         16|
    |sha256ctx_data_71_1_out_o                      |    9|          2|    8|         16|
    |sha256ctx_data_72_1_out_o                      |    9|          2|    8|         16|
    |sha256ctx_data_73_1_out_o                      |    9|          2|    8|         16|
    |sha256ctx_data_74_1_out_o                      |    9|          2|    8|         16|
    |sha256ctx_data_75_1_out_o                      |    9|          2|    8|         16|
    |sha256ctx_data_76_1_out_o                      |    9|          2|    8|         16|
    |sha256ctx_data_77_1_out_o                      |    9|          2|    8|         16|
    |sha256ctx_data_78_1_out_o                      |    9|          2|    8|         16|
    |sha256ctx_data_79_1_out_o                      |    9|          2|    8|         16|
    |sha256ctx_data_80_1_out_o                      |    9|          2|    8|         16|
    |sha256ctx_data_81_1_out_o                      |    9|          2|    8|         16|
    |sha256ctx_data_82_1_out_o                      |    9|          2|    8|         16|
    |sha256ctx_data_83_1_out_o                      |    9|          2|    8|         16|
    |sha256ctx_data_84_1_out_o                      |    9|          2|    8|         16|
    |sha256ctx_data_85_1_out_o                      |    9|          2|    8|         16|
    |sha256ctx_data_86_1_out_o                      |    9|          2|    8|         16|
    |sha256ctx_data_87_1_out_o                      |    9|          2|    8|         16|
    |sha256ctx_data_88_1_out_o                      |    9|          2|    8|         16|
    |sha256ctx_data_89_1_out_o                      |    9|          2|    8|         16|
    |sha256ctx_data_90_1_out_o                      |    9|          2|    8|         16|
    |sha256ctx_data_91_1_out_o                      |    9|          2|    8|         16|
    |sha256ctx_data_92_1_out_o                      |    9|          2|    8|         16|
    |sha256ctx_data_93_1_out_o                      |    9|          2|    8|         16|
    |sha256ctx_data_94_1_out_o                      |    9|          2|    8|         16|
    |sha256ctx_data_95_1_out_o                      |    9|          2|    8|         16|
    |sha256ctx_data_96_1_out_o                      |    9|          2|    8|         16|
    |sha256ctx_data_97_1_out_o                      |    9|          2|    8|         16|
    |sha256ctx_data_98_1_out_o                      |    9|          2|    8|         16|
    |sha256ctx_data_99_1_out_o                      |    9|          2|    8|         16|
    |sha256ctx_state_0_1_out_o                      |    9|          2|   32|         64|
    |sha256ctx_state_1_1_out_o                      |    9|          2|   32|         64|
    |sha256ctx_state_2_1_out_o                      |    9|          2|   32|         64|
    |sha256ctx_state_3_1_out_o                      |    9|          2|   32|         64|
    |sha256ctx_state_4_1_out_o                      |    9|          2|   32|         64|
    |sha256ctx_state_5_1_out_o                      |    9|          2|   32|         64|
    |sha256ctx_state_6_1_out_o                      |    9|          2|   32|         64|
    |sha256ctx_state_7_1_out_o                      |    9|          2|   32|         64|
    +-----------------------------------------------+-----+-----------+-----+-----------+
    |Total                                          |  935|        205| 1139|       2334|
    +-----------------------------------------------+-----+-----------+-----+-----------+

    * Register: 
    +----------------------------------+----+----+-----+-----------+
    |               Name               | FF | LUT| Bits| Const Bits|
    +----------------------------------+----+----+-----+-----------+
    |ap_CS_fsm                         |  25|   0|   25|          0|
    |ap_done_reg                       |   1|   0|    1|          0|
    |ap_enable_reg_pp0_iter0_reg       |   1|   0|    1|          0|
    |ap_enable_reg_pp0_iter1           |   1|   0|    1|          0|
    |i_7_fu_440                        |   7|   0|    7|          0|
    |icmp_ln90_reg_1976                |   1|   0|    1|          0|
    |icmp_ln93_reg_1983                |   1|   0|    1|          0|
    |icmp_ln93_reg_1983_pp0_iter1_reg  |   1|   0|    1|          0|
    +----------------------------------+----+----+-----+-----------+
    |Total                             |  38|   0|   38|          0|
    +----------------------------------+----+----+-----+-----------+



================================================================
== Interface
================================================================
* Summary: 
+----------------------------------------+-----+-----+------------+--------------------------------------+--------------+
|                RTL Ports               | Dir | Bits|  Protocol  |             Source Object            |    C Type    |
+----------------------------------------+-----+-----+------------+--------------------------------------+--------------+
|ap_clk                                  |   in|    1|  ap_ctrl_hs|  sha2561_ver_Pipeline_VITIS_LOOP_90_1|  return value|
|ap_rst                                  |   in|    1|  ap_ctrl_hs|  sha2561_ver_Pipeline_VITIS_LOOP_90_1|  return value|
|ap_start                                |   in|    1|  ap_ctrl_hs|  sha2561_ver_Pipeline_VITIS_LOOP_90_1|  return value|
|ap_done                                 |  out|    1|  ap_ctrl_hs|  sha2561_ver_Pipeline_VITIS_LOOP_90_1|  return value|
|ap_idle                                 |  out|    1|  ap_ctrl_hs|  sha2561_ver_Pipeline_VITIS_LOOP_90_1|  return value|
|ap_ready                                |  out|    1|  ap_ctrl_hs|  sha2561_ver_Pipeline_VITIS_LOOP_90_1|  return value|
|grp_sha256_transform_fu_4704_p_din1     |  out|   32|  ap_ctrl_hs|  sha2561_ver_Pipeline_VITIS_LOOP_90_1|  return value|
|grp_sha256_transform_fu_4704_p_din2     |  out|   32|  ap_ctrl_hs|  sha2561_ver_Pipeline_VITIS_LOOP_90_1|  return value|
|grp_sha256_transform_fu_4704_p_din3     |  out|   32|  ap_ctrl_hs|  sha2561_ver_Pipeline_VITIS_LOOP_90_1|  return value|
|grp_sha256_transform_fu_4704_p_din4     |  out|   32|  ap_ctrl_hs|  sha2561_ver_Pipeline_VITIS_LOOP_90_1|  return value|
|grp_sha256_transform_fu_4704_p_din5     |  out|   32|  ap_ctrl_hs|  sha2561_ver_Pipeline_VITIS_LOOP_90_1|  return value|
|grp_sha256_transform_fu_4704_p_din6     |  out|   32|  ap_ctrl_hs|  sha2561_ver_Pipeline_VITIS_LOOP_90_1|  return value|
|grp_sha256_transform_fu_4704_p_din7     |  out|   32|  ap_ctrl_hs|  sha2561_ver_Pipeline_VITIS_LOOP_90_1|  return value|
|grp_sha256_transform_fu_4704_p_din8     |  out|   32|  ap_ctrl_hs|  sha2561_ver_Pipeline_VITIS_LOOP_90_1|  return value|
|grp_sha256_transform_fu_4704_p_din9     |  out|    8|  ap_ctrl_hs|  sha2561_ver_Pipeline_VITIS_LOOP_90_1|  return value|
|grp_sha256_transform_fu_4704_p_din10    |  out|    8|  ap_ctrl_hs|  sha2561_ver_Pipeline_VITIS_LOOP_90_1|  return value|
|grp_sha256_transform_fu_4704_p_din11    |  out|    8|  ap_ctrl_hs|  sha2561_ver_Pipeline_VITIS_LOOP_90_1|  return value|
|grp_sha256_transform_fu_4704_p_din12    |  out|    8|  ap_ctrl_hs|  sha2561_ver_Pipeline_VITIS_LOOP_90_1|  return value|
|grp_sha256_transform_fu_4704_p_din13    |  out|    8|  ap_ctrl_hs|  sha2561_ver_Pipeline_VITIS_LOOP_90_1|  return value|
|grp_sha256_transform_fu_4704_p_din14    |  out|    8|  ap_ctrl_hs|  sha2561_ver_Pipeline_VITIS_LOOP_90_1|  return value|
|grp_sha256_transform_fu_4704_p_din15    |  out|    8|  ap_ctrl_hs|  sha2561_ver_Pipeline_VITIS_LOOP_90_1|  return value|
|grp_sha256_transform_fu_4704_p_din16    |  out|    8|  ap_ctrl_hs|  sha2561_ver_Pipeline_VITIS_LOOP_90_1|  return value|
|grp_sha256_transform_fu_4704_p_din17    |  out|    8|  ap_ctrl_hs|  sha2561_ver_Pipeline_VITIS_LOOP_90_1|  return value|
|grp_sha256_transform_fu_4704_p_din18    |  out|    8|  ap_ctrl_hs|  sha2561_ver_Pipeline_VITIS_LOOP_90_1|  return value|
|grp_sha256_transform_fu_4704_p_din19    |  out|    8|  ap_ctrl_hs|  sha2561_ver_Pipeline_VITIS_LOOP_90_1|  return value|
|grp_sha256_transform_fu_4704_p_din20    |  out|    8|  ap_ctrl_hs|  sha2561_ver_Pipeline_VITIS_LOOP_90_1|  return value|
|grp_sha256_transform_fu_4704_p_din21    |  out|    8|  ap_ctrl_hs|  sha2561_ver_Pipeline_VITIS_LOOP_90_1|  return value|
|grp_sha256_transform_fu_4704_p_din22    |  out|    8|  ap_ctrl_hs|  sha2561_ver_Pipeline_VITIS_LOOP_90_1|  return value|
|grp_sha256_transform_fu_4704_p_din23    |  out|    8|  ap_ctrl_hs|  sha2561_ver_Pipeline_VITIS_LOOP_90_1|  return value|
|grp_sha256_transform_fu_4704_p_din24    |  out|    8|  ap_ctrl_hs|  sha2561_ver_Pipeline_VITIS_LOOP_90_1|  return value|
|grp_sha256_transform_fu_4704_p_din25    |  out|    8|  ap_ctrl_hs|  sha2561_ver_Pipeline_VITIS_LOOP_90_1|  return value|
|grp_sha256_transform_fu_4704_p_din26    |  out|    8|  ap_ctrl_hs|  sha2561_ver_Pipeline_VITIS_LOOP_90_1|  return value|
|grp_sha256_transform_fu_4704_p_din27    |  out|    8|  ap_ctrl_hs|  sha2561_ver_Pipeline_VITIS_LOOP_90_1|  return value|
|grp_sha256_transform_fu_4704_p_din28    |  out|    8|  ap_ctrl_hs|  sha2561_ver_Pipeline_VITIS_LOOP_90_1|  return value|
|grp_sha256_transform_fu_4704_p_din29    |  out|    8|  ap_ctrl_hs|  sha2561_ver_Pipeline_VITIS_LOOP_90_1|  return value|
|grp_sha256_transform_fu_4704_p_din30    |  out|    8|  ap_ctrl_hs|  sha2561_ver_Pipeline_VITIS_LOOP_90_1|  return value|
|grp_sha256_transform_fu_4704_p_din31    |  out|    8|  ap_ctrl_hs|  sha2561_ver_Pipeline_VITIS_LOOP_90_1|  return value|
|grp_sha256_transform_fu_4704_p_din32    |  out|    8|  ap_ctrl_hs|  sha2561_ver_Pipeline_VITIS_LOOP_90_1|  return value|
|grp_sha256_transform_fu_4704_p_din33    |  out|    8|  ap_ctrl_hs|  sha2561_ver_Pipeline_VITIS_LOOP_90_1|  return value|
|grp_sha256_transform_fu_4704_p_din34    |  out|    8|  ap_ctrl_hs|  sha2561_ver_Pipeline_VITIS_LOOP_90_1|  return value|
|grp_sha256_transform_fu_4704_p_din35    |  out|    8|  ap_ctrl_hs|  sha2561_ver_Pipeline_VITIS_LOOP_90_1|  return value|
|grp_sha256_transform_fu_4704_p_din36    |  out|    8|  ap_ctrl_hs|  sha2561_ver_Pipeline_VITIS_LOOP_90_1|  return value|
|grp_sha256_transform_fu_4704_p_din37    |  out|    8|  ap_ctrl_hs|  sha2561_ver_Pipeline_VITIS_LOOP_90_1|  return value|
|grp_sha256_transform_fu_4704_p_din38    |  out|    8|  ap_ctrl_hs|  sha2561_ver_Pipeline_VITIS_LOOP_90_1|  return value|
|grp_sha256_transform_fu_4704_p_din39    |  out|    8|  ap_ctrl_hs|  sha2561_ver_Pipeline_VITIS_LOOP_90_1|  return value|
|grp_sha256_transform_fu_4704_p_din40    |  out|    8|  ap_ctrl_hs|  sha2561_ver_Pipeline_VITIS_LOOP_90_1|  return value|
|grp_sha256_transform_fu_4704_p_din41    |  out|    8|  ap_ctrl_hs|  sha2561_ver_Pipeline_VITIS_LOOP_90_1|  return value|
|grp_sha256_transform_fu_4704_p_din42    |  out|    8|  ap_ctrl_hs|  sha2561_ver_Pipeline_VITIS_LOOP_90_1|  return value|
|grp_sha256_transform_fu_4704_p_din43    |  out|    8|  ap_ctrl_hs|  sha2561_ver_Pipeline_VITIS_LOOP_90_1|  return value|
|grp_sha256_transform_fu_4704_p_din44    |  out|    8|  ap_ctrl_hs|  sha2561_ver_Pipeline_VITIS_LOOP_90_1|  return value|
|grp_sha256_transform_fu_4704_p_din45    |  out|    8|  ap_ctrl_hs|  sha2561_ver_Pipeline_VITIS_LOOP_90_1|  return value|
|grp_sha256_transform_fu_4704_p_din46    |  out|    8|  ap_ctrl_hs|  sha2561_ver_Pipeline_VITIS_LOOP_90_1|  return value|
|grp_sha256_transform_fu_4704_p_din47    |  out|    8|  ap_ctrl_hs|  sha2561_ver_Pipeline_VITIS_LOOP_90_1|  return value|
|grp_sha256_transform_fu_4704_p_din48    |  out|    8|  ap_ctrl_hs|  sha2561_ver_Pipeline_VITIS_LOOP_90_1|  return value|
|grp_sha256_transform_fu_4704_p_din49    |  out|    8|  ap_ctrl_hs|  sha2561_ver_Pipeline_VITIS_LOOP_90_1|  return value|
|grp_sha256_transform_fu_4704_p_din50    |  out|    8|  ap_ctrl_hs|  sha2561_ver_Pipeline_VITIS_LOOP_90_1|  return value|
|grp_sha256_transform_fu_4704_p_din51    |  out|    8|  ap_ctrl_hs|  sha2561_ver_Pipeline_VITIS_LOOP_90_1|  return value|
|grp_sha256_transform_fu_4704_p_din52    |  out|    8|  ap_ctrl_hs|  sha2561_ver_Pipeline_VITIS_LOOP_90_1|  return value|
|grp_sha256_transform_fu_4704_p_din53    |  out|    8|  ap_ctrl_hs|  sha2561_ver_Pipeline_VITIS_LOOP_90_1|  return value|
|grp_sha256_transform_fu_4704_p_din54    |  out|    8|  ap_ctrl_hs|  sha2561_ver_Pipeline_VITIS_LOOP_90_1|  return value|
|grp_sha256_transform_fu_4704_p_din55    |  out|    8|  ap_ctrl_hs|  sha2561_ver_Pipeline_VITIS_LOOP_90_1|  return value|
|grp_sha256_transform_fu_4704_p_din56    |  out|    8|  ap_ctrl_hs|  sha2561_ver_Pipeline_VITIS_LOOP_90_1|  return value|
|grp_sha256_transform_fu_4704_p_din57    |  out|    8|  ap_ctrl_hs|  sha2561_ver_Pipeline_VITIS_LOOP_90_1|  return value|
|grp_sha256_transform_fu_4704_p_din58    |  out|    8|  ap_ctrl_hs|  sha2561_ver_Pipeline_VITIS_LOOP_90_1|  return value|
|grp_sha256_transform_fu_4704_p_din59    |  out|    8|  ap_ctrl_hs|  sha2561_ver_Pipeline_VITIS_LOOP_90_1|  return value|
|grp_sha256_transform_fu_4704_p_din60    |  out|    8|  ap_ctrl_hs|  sha2561_ver_Pipeline_VITIS_LOOP_90_1|  return value|
|grp_sha256_transform_fu_4704_p_din61    |  out|    8|  ap_ctrl_hs|  sha2561_ver_Pipeline_VITIS_LOOP_90_1|  return value|
|grp_sha256_transform_fu_4704_p_din62    |  out|    8|  ap_ctrl_hs|  sha2561_ver_Pipeline_VITIS_LOOP_90_1|  return value|
|grp_sha256_transform_fu_4704_p_din63    |  out|    8|  ap_ctrl_hs|  sha2561_ver_Pipeline_VITIS_LOOP_90_1|  return value|
|grp_sha256_transform_fu_4704_p_din64    |  out|    8|  ap_ctrl_hs|  sha2561_ver_Pipeline_VITIS_LOOP_90_1|  return value|
|grp_sha256_transform_fu_4704_p_din65    |  out|    8|  ap_ctrl_hs|  sha2561_ver_Pipeline_VITIS_LOOP_90_1|  return value|
|grp_sha256_transform_fu_4704_p_din66    |  out|    8|  ap_ctrl_hs|  sha2561_ver_Pipeline_VITIS_LOOP_90_1|  return value|
|grp_sha256_transform_fu_4704_p_din67    |  out|    8|  ap_ctrl_hs|  sha2561_ver_Pipeline_VITIS_LOOP_90_1|  return value|
|grp_sha256_transform_fu_4704_p_din68    |  out|    8|  ap_ctrl_hs|  sha2561_ver_Pipeline_VITIS_LOOP_90_1|  return value|
|grp_sha256_transform_fu_4704_p_din69    |  out|    8|  ap_ctrl_hs|  sha2561_ver_Pipeline_VITIS_LOOP_90_1|  return value|
|grp_sha256_transform_fu_4704_p_din70    |  out|    8|  ap_ctrl_hs|  sha2561_ver_Pipeline_VITIS_LOOP_90_1|  return value|
|grp_sha256_transform_fu_4704_p_din71    |  out|    8|  ap_ctrl_hs|  sha2561_ver_Pipeline_VITIS_LOOP_90_1|  return value|
|grp_sha256_transform_fu_4704_p_din72    |  out|    8|  ap_ctrl_hs|  sha2561_ver_Pipeline_VITIS_LOOP_90_1|  return value|
|grp_sha256_transform_fu_4704_p_dout0_0  |   in|   32|  ap_ctrl_hs|  sha2561_ver_Pipeline_VITIS_LOOP_90_1|  return value|
|grp_sha256_transform_fu_4704_p_dout0_1  |   in|   32|  ap_ctrl_hs|  sha2561_ver_Pipeline_VITIS_LOOP_90_1|  return value|
|grp_sha256_transform_fu_4704_p_dout0_2  |   in|   32|  ap_ctrl_hs|  sha2561_ver_Pipeline_VITIS_LOOP_90_1|  return value|
|grp_sha256_transform_fu_4704_p_dout0_3  |   in|   32|  ap_ctrl_hs|  sha2561_ver_Pipeline_VITIS_LOOP_90_1|  return value|
|grp_sha256_transform_fu_4704_p_dout0_4  |   in|   32|  ap_ctrl_hs|  sha2561_ver_Pipeline_VITIS_LOOP_90_1|  return value|
|grp_sha256_transform_fu_4704_p_dout0_5  |   in|   32|  ap_ctrl_hs|  sha2561_ver_Pipeline_VITIS_LOOP_90_1|  return value|
|grp_sha256_transform_fu_4704_p_dout0_6  |   in|   32|  ap_ctrl_hs|  sha2561_ver_Pipeline_VITIS_LOOP_90_1|  return value|
|grp_sha256_transform_fu_4704_p_dout0_7  |   in|   32|  ap_ctrl_hs|  sha2561_ver_Pipeline_VITIS_LOOP_90_1|  return value|
|grp_sha256_transform_fu_4704_p_ce       |  out|    1|  ap_ctrl_hs|  sha2561_ver_Pipeline_VITIS_LOOP_90_1|  return value|
|conv73_reload                           |   in|    8|     ap_none|                         conv73_reload|        scalar|
|conv71_reload                           |   in|    8|     ap_none|                         conv71_reload|        scalar|
|conv69_reload                           |   in|    8|     ap_none|                         conv69_reload|        scalar|
|conv67_reload                           |   in|    8|     ap_none|                         conv67_reload|        scalar|
|conv65_reload                           |   in|    8|     ap_none|                         conv65_reload|        scalar|
|conv63_reload                           |   in|    8|     ap_none|                         conv63_reload|        scalar|
|conv61_reload                           |   in|    8|     ap_none|                         conv61_reload|        scalar|
|conv59_reload                           |   in|    8|     ap_none|                         conv59_reload|        scalar|
|conv57_reload                           |   in|    8|     ap_none|                         conv57_reload|        scalar|
|conv55_reload                           |   in|    8|     ap_none|                         conv55_reload|        scalar|
|conv53_reload                           |   in|    8|     ap_none|                         conv53_reload|        scalar|
|conv51_reload                           |   in|    8|     ap_none|                         conv51_reload|        scalar|
|conv49_reload                           |   in|    8|     ap_none|                         conv49_reload|        scalar|
|conv47_reload                           |   in|    8|     ap_none|                         conv47_reload|        scalar|
|conv45_reload                           |   in|    8|     ap_none|                         conv45_reload|        scalar|
|conv43_reload                           |   in|    8|     ap_none|                         conv43_reload|        scalar|
|conv41_reload                           |   in|    8|     ap_none|                         conv41_reload|        scalar|
|conv39_reload                           |   in|    8|     ap_none|                         conv39_reload|        scalar|
|conv37_reload                           |   in|    8|     ap_none|                         conv37_reload|        scalar|
|conv35_reload                           |   in|    8|     ap_none|                         conv35_reload|        scalar|
|conv33_reload                           |   in|    8|     ap_none|                         conv33_reload|        scalar|
|conv31_reload                           |   in|    8|     ap_none|                         conv31_reload|        scalar|
|conv29_reload                           |   in|    8|     ap_none|                         conv29_reload|        scalar|
|conv27_reload                           |   in|    8|     ap_none|                         conv27_reload|        scalar|
|conv25_reload                           |   in|    8|     ap_none|                         conv25_reload|        scalar|
|conv23_reload                           |   in|    8|     ap_none|                         conv23_reload|        scalar|
|conv21_reload                           |   in|    8|     ap_none|                         conv21_reload|        scalar|
|conv19_reload                           |   in|    8|     ap_none|                         conv19_reload|        scalar|
|conv17_reload                           |   in|    8|     ap_none|                         conv17_reload|        scalar|
|conv15_reload                           |   in|    8|     ap_none|                         conv15_reload|        scalar|
|conv13_reload                           |   in|    8|     ap_none|                         conv13_reload|        scalar|
|conv11_reload                           |   in|    8|     ap_none|                         conv11_reload|        scalar|
|seg_buf_32_reload                       |   in|    8|     ap_none|                     seg_buf_32_reload|        scalar|
|seg_buf_33_reload                       |   in|    8|     ap_none|                     seg_buf_33_reload|        scalar|
|seg_buf_34_reload                       |   in|    8|     ap_none|                     seg_buf_34_reload|        scalar|
|seg_buf_35_reload                       |   in|    8|     ap_none|                     seg_buf_35_reload|        scalar|
|seg_buf_36_reload                       |   in|    8|     ap_none|                     seg_buf_36_reload|        scalar|
|seg_buf_37_reload                       |   in|    8|     ap_none|                     seg_buf_37_reload|        scalar|
|seg_buf_38_reload                       |   in|    8|     ap_none|                     seg_buf_38_reload|        scalar|
|seg_buf_39_reload                       |   in|    8|     ap_none|                     seg_buf_39_reload|        scalar|
|seg_buf_40_reload                       |   in|    8|     ap_none|                     seg_buf_40_reload|        scalar|
|seg_buf_41_reload                       |   in|    8|     ap_none|                     seg_buf_41_reload|        scalar|
|seg_buf_42_reload                       |   in|    8|     ap_none|                     seg_buf_42_reload|        scalar|
|seg_buf_43_reload                       |   in|    8|     ap_none|                     seg_buf_43_reload|        scalar|
|seg_buf_44_reload                       |   in|    8|     ap_none|                     seg_buf_44_reload|        scalar|
|seg_buf_45_reload                       |   in|    8|     ap_none|                     seg_buf_45_reload|        scalar|
|seg_buf_46_reload                       |   in|    8|     ap_none|                     seg_buf_46_reload|        scalar|
|seg_buf_47_reload                       |   in|    8|     ap_none|                     seg_buf_47_reload|        scalar|
|seg_buf_48_reload                       |   in|    8|     ap_none|                     seg_buf_48_reload|        scalar|
|seg_buf_49_reload                       |   in|    8|     ap_none|                     seg_buf_49_reload|        scalar|
|seg_buf_50_reload                       |   in|    8|     ap_none|                     seg_buf_50_reload|        scalar|
|seg_buf_51_reload                       |   in|    8|     ap_none|                     seg_buf_51_reload|        scalar|
|seg_buf_52_reload                       |   in|    8|     ap_none|                     seg_buf_52_reload|        scalar|
|seg_buf_53_reload                       |   in|    8|     ap_none|                     seg_buf_53_reload|        scalar|
|seg_buf_54_reload                       |   in|    8|     ap_none|                     seg_buf_54_reload|        scalar|
|seg_buf_55_reload                       |   in|    8|     ap_none|                     seg_buf_55_reload|        scalar|
|seg_buf_56_reload                       |   in|    8|     ap_none|                     seg_buf_56_reload|        scalar|
|seg_buf_57_reload                       |   in|    8|     ap_none|                     seg_buf_57_reload|        scalar|
|seg_buf_58_reload                       |   in|    8|     ap_none|                     seg_buf_58_reload|        scalar|
|seg_buf_59_reload                       |   in|    8|     ap_none|                     seg_buf_59_reload|        scalar|
|seg_buf_60_reload                       |   in|    8|     ap_none|                     seg_buf_60_reload|        scalar|
|seg_buf_61_reload                       |   in|    8|     ap_none|                     seg_buf_61_reload|        scalar|
|seg_buf_62_reload                       |   in|    8|     ap_none|                     seg_buf_62_reload|        scalar|
|seg_buf_63_reload                       |   in|    8|     ap_none|                     seg_buf_63_reload|        scalar|
|sha256ctx_state_5_1_out_i               |   in|   32|     ap_ovld|               sha256ctx_state_5_1_out|       pointer|
|sha256ctx_state_5_1_out_o               |  out|   32|     ap_ovld|               sha256ctx_state_5_1_out|       pointer|
|sha256ctx_state_5_1_out_o_ap_vld        |  out|    1|     ap_ovld|               sha256ctx_state_5_1_out|       pointer|
|sha256ctx_state_4_1_out_i               |   in|   32|     ap_ovld|               sha256ctx_state_4_1_out|       pointer|
|sha256ctx_state_4_1_out_o               |  out|   32|     ap_ovld|               sha256ctx_state_4_1_out|       pointer|
|sha256ctx_state_4_1_out_o_ap_vld        |  out|    1|     ap_ovld|               sha256ctx_state_4_1_out|       pointer|
|sha256ctx_state_3_1_out_i               |   in|   32|     ap_ovld|               sha256ctx_state_3_1_out|       pointer|
|sha256ctx_state_3_1_out_o               |  out|   32|     ap_ovld|               sha256ctx_state_3_1_out|       pointer|
|sha256ctx_state_3_1_out_o_ap_vld        |  out|    1|     ap_ovld|               sha256ctx_state_3_1_out|       pointer|
|sha256ctx_state_2_1_out_i               |   in|   32|     ap_ovld|               sha256ctx_state_2_1_out|       pointer|
|sha256ctx_state_2_1_out_o               |  out|   32|     ap_ovld|               sha256ctx_state_2_1_out|       pointer|
|sha256ctx_state_2_1_out_o_ap_vld        |  out|    1|     ap_ovld|               sha256ctx_state_2_1_out|       pointer|
|sha256ctx_state_1_1_out_i               |   in|   32|     ap_ovld|               sha256ctx_state_1_1_out|       pointer|
|sha256ctx_state_1_1_out_o               |  out|   32|     ap_ovld|               sha256ctx_state_1_1_out|       pointer|
|sha256ctx_state_1_1_out_o_ap_vld        |  out|    1|     ap_ovld|               sha256ctx_state_1_1_out|       pointer|
|sha256ctx_state_0_1_out_i               |   in|   32|     ap_ovld|               sha256ctx_state_0_1_out|       pointer|
|sha256ctx_state_0_1_out_o               |  out|   32|     ap_ovld|               sha256ctx_state_0_1_out|       pointer|
|sha256ctx_state_0_1_out_o_ap_vld        |  out|    1|     ap_ovld|               sha256ctx_state_0_1_out|       pointer|
|sha256ctx_state_6_1_out_i               |   in|   32|     ap_ovld|               sha256ctx_state_6_1_out|       pointer|
|sha256ctx_state_6_1_out_o               |  out|   32|     ap_ovld|               sha256ctx_state_6_1_out|       pointer|
|sha256ctx_state_6_1_out_o_ap_vld        |  out|    1|     ap_ovld|               sha256ctx_state_6_1_out|       pointer|
|sha256ctx_state_7_1_out_i               |   in|   32|     ap_ovld|               sha256ctx_state_7_1_out|       pointer|
|sha256ctx_state_7_1_out_o               |  out|   32|     ap_ovld|               sha256ctx_state_7_1_out|       pointer|
|sha256ctx_state_7_1_out_o_ap_vld        |  out|    1|     ap_ovld|               sha256ctx_state_7_1_out|       pointer|
|sha256ctx_data_128_1_out_i              |   in|    8|     ap_ovld|              sha256ctx_data_128_1_out|       pointer|
|sha256ctx_data_128_1_out_o              |  out|    8|     ap_ovld|              sha256ctx_data_128_1_out|       pointer|
|sha256ctx_data_128_1_out_o_ap_vld       |  out|    1|     ap_ovld|              sha256ctx_data_128_1_out|       pointer|
|sha256ctx_data_127_1_out_i              |   in|    8|     ap_ovld|              sha256ctx_data_127_1_out|       pointer|
|sha256ctx_data_127_1_out_o              |  out|    8|     ap_ovld|              sha256ctx_data_127_1_out|       pointer|
|sha256ctx_data_127_1_out_o_ap_vld       |  out|    1|     ap_ovld|              sha256ctx_data_127_1_out|       pointer|
|sha256ctx_data_126_1_out_i              |   in|    8|     ap_ovld|              sha256ctx_data_126_1_out|       pointer|
|sha256ctx_data_126_1_out_o              |  out|    8|     ap_ovld|              sha256ctx_data_126_1_out|       pointer|
|sha256ctx_data_126_1_out_o_ap_vld       |  out|    1|     ap_ovld|              sha256ctx_data_126_1_out|       pointer|
|sha256ctx_data_125_1_out_i              |   in|    8|     ap_ovld|              sha256ctx_data_125_1_out|       pointer|
|sha256ctx_data_125_1_out_o              |  out|    8|     ap_ovld|              sha256ctx_data_125_1_out|       pointer|
|sha256ctx_data_125_1_out_o_ap_vld       |  out|    1|     ap_ovld|              sha256ctx_data_125_1_out|       pointer|
|sha256ctx_data_124_1_out_i              |   in|    8|     ap_ovld|              sha256ctx_data_124_1_out|       pointer|
|sha256ctx_data_124_1_out_o              |  out|    8|     ap_ovld|              sha256ctx_data_124_1_out|       pointer|
|sha256ctx_data_124_1_out_o_ap_vld       |  out|    1|     ap_ovld|              sha256ctx_data_124_1_out|       pointer|
|sha256ctx_data_123_1_out_i              |   in|    8|     ap_ovld|              sha256ctx_data_123_1_out|       pointer|
|sha256ctx_data_123_1_out_o              |  out|    8|     ap_ovld|              sha256ctx_data_123_1_out|       pointer|
|sha256ctx_data_123_1_out_o_ap_vld       |  out|    1|     ap_ovld|              sha256ctx_data_123_1_out|       pointer|
|sha256ctx_data_122_1_out_i              |   in|    8|     ap_ovld|              sha256ctx_data_122_1_out|       pointer|
|sha256ctx_data_122_1_out_o              |  out|    8|     ap_ovld|              sha256ctx_data_122_1_out|       pointer|
|sha256ctx_data_122_1_out_o_ap_vld       |  out|    1|     ap_ovld|              sha256ctx_data_122_1_out|       pointer|
|sha256ctx_data_121_1_out_i              |   in|    8|     ap_ovld|              sha256ctx_data_121_1_out|       pointer|
|sha256ctx_data_121_1_out_o              |  out|    8|     ap_ovld|              sha256ctx_data_121_1_out|       pointer|
|sha256ctx_data_121_1_out_o_ap_vld       |  out|    1|     ap_ovld|              sha256ctx_data_121_1_out|       pointer|
|sha256ctx_data_120_1_out_i              |   in|    8|     ap_ovld|              sha256ctx_data_120_1_out|       pointer|
|sha256ctx_data_120_1_out_o              |  out|    8|     ap_ovld|              sha256ctx_data_120_1_out|       pointer|
|sha256ctx_data_120_1_out_o_ap_vld       |  out|    1|     ap_ovld|              sha256ctx_data_120_1_out|       pointer|
|sha256ctx_data_119_1_out_i              |   in|    8|     ap_ovld|              sha256ctx_data_119_1_out|       pointer|
|sha256ctx_data_119_1_out_o              |  out|    8|     ap_ovld|              sha256ctx_data_119_1_out|       pointer|
|sha256ctx_data_119_1_out_o_ap_vld       |  out|    1|     ap_ovld|              sha256ctx_data_119_1_out|       pointer|
|sha256ctx_data_77_1_out_i               |   in|    8|     ap_ovld|               sha256ctx_data_77_1_out|       pointer|
|sha256ctx_data_77_1_out_o               |  out|    8|     ap_ovld|               sha256ctx_data_77_1_out|       pointer|
|sha256ctx_data_77_1_out_o_ap_vld        |  out|    1|     ap_ovld|               sha256ctx_data_77_1_out|       pointer|
|sha256ctx_data_76_1_out_i               |   in|    8|     ap_ovld|               sha256ctx_data_76_1_out|       pointer|
|sha256ctx_data_76_1_out_o               |  out|    8|     ap_ovld|               sha256ctx_data_76_1_out|       pointer|
|sha256ctx_data_76_1_out_o_ap_vld        |  out|    1|     ap_ovld|               sha256ctx_data_76_1_out|       pointer|
|sha256ctx_data_75_1_out_i               |   in|    8|     ap_ovld|               sha256ctx_data_75_1_out|       pointer|
|sha256ctx_data_75_1_out_o               |  out|    8|     ap_ovld|               sha256ctx_data_75_1_out|       pointer|
|sha256ctx_data_75_1_out_o_ap_vld        |  out|    1|     ap_ovld|               sha256ctx_data_75_1_out|       pointer|
|sha256ctx_data_74_1_out_i               |   in|    8|     ap_ovld|               sha256ctx_data_74_1_out|       pointer|
|sha256ctx_data_74_1_out_o               |  out|    8|     ap_ovld|               sha256ctx_data_74_1_out|       pointer|
|sha256ctx_data_74_1_out_o_ap_vld        |  out|    1|     ap_ovld|               sha256ctx_data_74_1_out|       pointer|
|sha256ctx_data_73_1_out_i               |   in|    8|     ap_ovld|               sha256ctx_data_73_1_out|       pointer|
|sha256ctx_data_73_1_out_o               |  out|    8|     ap_ovld|               sha256ctx_data_73_1_out|       pointer|
|sha256ctx_data_73_1_out_o_ap_vld        |  out|    1|     ap_ovld|               sha256ctx_data_73_1_out|       pointer|
|sha256ctx_data_72_1_out_i               |   in|    8|     ap_ovld|               sha256ctx_data_72_1_out|       pointer|
|sha256ctx_data_72_1_out_o               |  out|    8|     ap_ovld|               sha256ctx_data_72_1_out|       pointer|
|sha256ctx_data_72_1_out_o_ap_vld        |  out|    1|     ap_ovld|               sha256ctx_data_72_1_out|       pointer|
|sha256ctx_data_71_1_out_i               |   in|    8|     ap_ovld|               sha256ctx_data_71_1_out|       pointer|
|sha256ctx_data_71_1_out_o               |  out|    8|     ap_ovld|               sha256ctx_data_71_1_out|       pointer|
|sha256ctx_data_71_1_out_o_ap_vld        |  out|    1|     ap_ovld|               sha256ctx_data_71_1_out|       pointer|
|sha256ctx_data_70_1_out_i               |   in|    8|     ap_ovld|               sha256ctx_data_70_1_out|       pointer|
|sha256ctx_data_70_1_out_o               |  out|    8|     ap_ovld|               sha256ctx_data_70_1_out|       pointer|
|sha256ctx_data_70_1_out_o_ap_vld        |  out|    1|     ap_ovld|               sha256ctx_data_70_1_out|       pointer|
|sha256ctx_data_69_1_out_i               |   in|    8|     ap_ovld|               sha256ctx_data_69_1_out|       pointer|
|sha256ctx_data_69_1_out_o               |  out|    8|     ap_ovld|               sha256ctx_data_69_1_out|       pointer|
|sha256ctx_data_69_1_out_o_ap_vld        |  out|    1|     ap_ovld|               sha256ctx_data_69_1_out|       pointer|
|sha256ctx_data_68_1_out_i               |   in|    8|     ap_ovld|               sha256ctx_data_68_1_out|       pointer|
|sha256ctx_data_68_1_out_o               |  out|    8|     ap_ovld|               sha256ctx_data_68_1_out|       pointer|
|sha256ctx_data_68_1_out_o_ap_vld        |  out|    1|     ap_ovld|               sha256ctx_data_68_1_out|       pointer|
|sha256ctx_data_67_1_out_i               |   in|    8|     ap_ovld|               sha256ctx_data_67_1_out|       pointer|
|sha256ctx_data_67_1_out_o               |  out|    8|     ap_ovld|               sha256ctx_data_67_1_out|       pointer|
|sha256ctx_data_67_1_out_o_ap_vld        |  out|    1|     ap_ovld|               sha256ctx_data_67_1_out|       pointer|
|sha256ctx_data_66_1_out_i               |   in|    8|     ap_ovld|               sha256ctx_data_66_1_out|       pointer|
|sha256ctx_data_66_1_out_o               |  out|    8|     ap_ovld|               sha256ctx_data_66_1_out|       pointer|
|sha256ctx_data_66_1_out_o_ap_vld        |  out|    1|     ap_ovld|               sha256ctx_data_66_1_out|       pointer|
|sha256ctx_data_65_1_out_i               |   in|    8|     ap_ovld|               sha256ctx_data_65_1_out|       pointer|
|sha256ctx_data_65_1_out_o               |  out|    8|     ap_ovld|               sha256ctx_data_65_1_out|       pointer|
|sha256ctx_data_65_1_out_o_ap_vld        |  out|    1|     ap_ovld|               sha256ctx_data_65_1_out|       pointer|
|sha256ctx_data_78_1_out_i               |   in|    8|     ap_ovld|               sha256ctx_data_78_1_out|       pointer|
|sha256ctx_data_78_1_out_o               |  out|    8|     ap_ovld|               sha256ctx_data_78_1_out|       pointer|
|sha256ctx_data_78_1_out_o_ap_vld        |  out|    1|     ap_ovld|               sha256ctx_data_78_1_out|       pointer|
|sha256ctx_data_79_1_out_i               |   in|    8|     ap_ovld|               sha256ctx_data_79_1_out|       pointer|
|sha256ctx_data_79_1_out_o               |  out|    8|     ap_ovld|               sha256ctx_data_79_1_out|       pointer|
|sha256ctx_data_79_1_out_o_ap_vld        |  out|    1|     ap_ovld|               sha256ctx_data_79_1_out|       pointer|
|sha256ctx_data_80_1_out_i               |   in|    8|     ap_ovld|               sha256ctx_data_80_1_out|       pointer|
|sha256ctx_data_80_1_out_o               |  out|    8|     ap_ovld|               sha256ctx_data_80_1_out|       pointer|
|sha256ctx_data_80_1_out_o_ap_vld        |  out|    1|     ap_ovld|               sha256ctx_data_80_1_out|       pointer|
|sha256ctx_data_81_1_out_i               |   in|    8|     ap_ovld|               sha256ctx_data_81_1_out|       pointer|
|sha256ctx_data_81_1_out_o               |  out|    8|     ap_ovld|               sha256ctx_data_81_1_out|       pointer|
|sha256ctx_data_81_1_out_o_ap_vld        |  out|    1|     ap_ovld|               sha256ctx_data_81_1_out|       pointer|
|sha256ctx_data_82_1_out_i               |   in|    8|     ap_ovld|               sha256ctx_data_82_1_out|       pointer|
|sha256ctx_data_82_1_out_o               |  out|    8|     ap_ovld|               sha256ctx_data_82_1_out|       pointer|
|sha256ctx_data_82_1_out_o_ap_vld        |  out|    1|     ap_ovld|               sha256ctx_data_82_1_out|       pointer|
|sha256ctx_data_83_1_out_i               |   in|    8|     ap_ovld|               sha256ctx_data_83_1_out|       pointer|
|sha256ctx_data_83_1_out_o               |  out|    8|     ap_ovld|               sha256ctx_data_83_1_out|       pointer|
|sha256ctx_data_83_1_out_o_ap_vld        |  out|    1|     ap_ovld|               sha256ctx_data_83_1_out|       pointer|
|sha256ctx_data_84_1_out_i               |   in|    8|     ap_ovld|               sha256ctx_data_84_1_out|       pointer|
|sha256ctx_data_84_1_out_o               |  out|    8|     ap_ovld|               sha256ctx_data_84_1_out|       pointer|
|sha256ctx_data_84_1_out_o_ap_vld        |  out|    1|     ap_ovld|               sha256ctx_data_84_1_out|       pointer|
|sha256ctx_data_85_1_out_i               |   in|    8|     ap_ovld|               sha256ctx_data_85_1_out|       pointer|
|sha256ctx_data_85_1_out_o               |  out|    8|     ap_ovld|               sha256ctx_data_85_1_out|       pointer|
|sha256ctx_data_85_1_out_o_ap_vld        |  out|    1|     ap_ovld|               sha256ctx_data_85_1_out|       pointer|
|sha256ctx_data_86_1_out_i               |   in|    8|     ap_ovld|               sha256ctx_data_86_1_out|       pointer|
|sha256ctx_data_86_1_out_o               |  out|    8|     ap_ovld|               sha256ctx_data_86_1_out|       pointer|
|sha256ctx_data_86_1_out_o_ap_vld        |  out|    1|     ap_ovld|               sha256ctx_data_86_1_out|       pointer|
|sha256ctx_data_87_1_out_i               |   in|    8|     ap_ovld|               sha256ctx_data_87_1_out|       pointer|
|sha256ctx_data_87_1_out_o               |  out|    8|     ap_ovld|               sha256ctx_data_87_1_out|       pointer|
|sha256ctx_data_87_1_out_o_ap_vld        |  out|    1|     ap_ovld|               sha256ctx_data_87_1_out|       pointer|
|sha256ctx_data_88_1_out_i               |   in|    8|     ap_ovld|               sha256ctx_data_88_1_out|       pointer|
|sha256ctx_data_88_1_out_o               |  out|    8|     ap_ovld|               sha256ctx_data_88_1_out|       pointer|
|sha256ctx_data_88_1_out_o_ap_vld        |  out|    1|     ap_ovld|               sha256ctx_data_88_1_out|       pointer|
|sha256ctx_data_89_1_out_i               |   in|    8|     ap_ovld|               sha256ctx_data_89_1_out|       pointer|
|sha256ctx_data_89_1_out_o               |  out|    8|     ap_ovld|               sha256ctx_data_89_1_out|       pointer|
|sha256ctx_data_89_1_out_o_ap_vld        |  out|    1|     ap_ovld|               sha256ctx_data_89_1_out|       pointer|
|sha256ctx_data_90_1_out_i               |   in|    8|     ap_ovld|               sha256ctx_data_90_1_out|       pointer|
|sha256ctx_data_90_1_out_o               |  out|    8|     ap_ovld|               sha256ctx_data_90_1_out|       pointer|
|sha256ctx_data_90_1_out_o_ap_vld        |  out|    1|     ap_ovld|               sha256ctx_data_90_1_out|       pointer|
|sha256ctx_data_91_1_out_i               |   in|    8|     ap_ovld|               sha256ctx_data_91_1_out|       pointer|
|sha256ctx_data_91_1_out_o               |  out|    8|     ap_ovld|               sha256ctx_data_91_1_out|       pointer|
|sha256ctx_data_91_1_out_o_ap_vld        |  out|    1|     ap_ovld|               sha256ctx_data_91_1_out|       pointer|
|sha256ctx_data_92_1_out_i               |   in|    8|     ap_ovld|               sha256ctx_data_92_1_out|       pointer|
|sha256ctx_data_92_1_out_o               |  out|    8|     ap_ovld|               sha256ctx_data_92_1_out|       pointer|
|sha256ctx_data_92_1_out_o_ap_vld        |  out|    1|     ap_ovld|               sha256ctx_data_92_1_out|       pointer|
|sha256ctx_data_93_1_out_i               |   in|    8|     ap_ovld|               sha256ctx_data_93_1_out|       pointer|
|sha256ctx_data_93_1_out_o               |  out|    8|     ap_ovld|               sha256ctx_data_93_1_out|       pointer|
|sha256ctx_data_93_1_out_o_ap_vld        |  out|    1|     ap_ovld|               sha256ctx_data_93_1_out|       pointer|
|sha256ctx_data_94_1_out_i               |   in|    8|     ap_ovld|               sha256ctx_data_94_1_out|       pointer|
|sha256ctx_data_94_1_out_o               |  out|    8|     ap_ovld|               sha256ctx_data_94_1_out|       pointer|
|sha256ctx_data_94_1_out_o_ap_vld        |  out|    1|     ap_ovld|               sha256ctx_data_94_1_out|       pointer|
|sha256ctx_data_95_1_out_i               |   in|    8|     ap_ovld|               sha256ctx_data_95_1_out|       pointer|
|sha256ctx_data_95_1_out_o               |  out|    8|     ap_ovld|               sha256ctx_data_95_1_out|       pointer|
|sha256ctx_data_95_1_out_o_ap_vld        |  out|    1|     ap_ovld|               sha256ctx_data_95_1_out|       pointer|
|sha256ctx_data_96_1_out_i               |   in|    8|     ap_ovld|               sha256ctx_data_96_1_out|       pointer|
|sha256ctx_data_96_1_out_o               |  out|    8|     ap_ovld|               sha256ctx_data_96_1_out|       pointer|
|sha256ctx_data_96_1_out_o_ap_vld        |  out|    1|     ap_ovld|               sha256ctx_data_96_1_out|       pointer|
|sha256ctx_data_97_1_out_i               |   in|    8|     ap_ovld|               sha256ctx_data_97_1_out|       pointer|
|sha256ctx_data_97_1_out_o               |  out|    8|     ap_ovld|               sha256ctx_data_97_1_out|       pointer|
|sha256ctx_data_97_1_out_o_ap_vld        |  out|    1|     ap_ovld|               sha256ctx_data_97_1_out|       pointer|
|sha256ctx_data_98_1_out_i               |   in|    8|     ap_ovld|               sha256ctx_data_98_1_out|       pointer|
|sha256ctx_data_98_1_out_o               |  out|    8|     ap_ovld|               sha256ctx_data_98_1_out|       pointer|
|sha256ctx_data_98_1_out_o_ap_vld        |  out|    1|     ap_ovld|               sha256ctx_data_98_1_out|       pointer|
|sha256ctx_data_99_1_out_i               |   in|    8|     ap_ovld|               sha256ctx_data_99_1_out|       pointer|
|sha256ctx_data_99_1_out_o               |  out|    8|     ap_ovld|               sha256ctx_data_99_1_out|       pointer|
|sha256ctx_data_99_1_out_o_ap_vld        |  out|    1|     ap_ovld|               sha256ctx_data_99_1_out|       pointer|
|sha256ctx_data_100_1_out_i              |   in|    8|     ap_ovld|              sha256ctx_data_100_1_out|       pointer|
|sha256ctx_data_100_1_out_o              |  out|    8|     ap_ovld|              sha256ctx_data_100_1_out|       pointer|
|sha256ctx_data_100_1_out_o_ap_vld       |  out|    1|     ap_ovld|              sha256ctx_data_100_1_out|       pointer|
|sha256ctx_data_101_1_out_i              |   in|    8|     ap_ovld|              sha256ctx_data_101_1_out|       pointer|
|sha256ctx_data_101_1_out_o              |  out|    8|     ap_ovld|              sha256ctx_data_101_1_out|       pointer|
|sha256ctx_data_101_1_out_o_ap_vld       |  out|    1|     ap_ovld|              sha256ctx_data_101_1_out|       pointer|
|sha256ctx_data_102_1_out_i              |   in|    8|     ap_ovld|              sha256ctx_data_102_1_out|       pointer|
|sha256ctx_data_102_1_out_o              |  out|    8|     ap_ovld|              sha256ctx_data_102_1_out|       pointer|
|sha256ctx_data_102_1_out_o_ap_vld       |  out|    1|     ap_ovld|              sha256ctx_data_102_1_out|       pointer|
|sha256ctx_data_103_1_out_i              |   in|    8|     ap_ovld|              sha256ctx_data_103_1_out|       pointer|
|sha256ctx_data_103_1_out_o              |  out|    8|     ap_ovld|              sha256ctx_data_103_1_out|       pointer|
|sha256ctx_data_103_1_out_o_ap_vld       |  out|    1|     ap_ovld|              sha256ctx_data_103_1_out|       pointer|
|sha256ctx_data_104_1_out_i              |   in|    8|     ap_ovld|              sha256ctx_data_104_1_out|       pointer|
|sha256ctx_data_104_1_out_o              |  out|    8|     ap_ovld|              sha256ctx_data_104_1_out|       pointer|
|sha256ctx_data_104_1_out_o_ap_vld       |  out|    1|     ap_ovld|              sha256ctx_data_104_1_out|       pointer|
|sha256ctx_data_105_1_out_i              |   in|    8|     ap_ovld|              sha256ctx_data_105_1_out|       pointer|
|sha256ctx_data_105_1_out_o              |  out|    8|     ap_ovld|              sha256ctx_data_105_1_out|       pointer|
|sha256ctx_data_105_1_out_o_ap_vld       |  out|    1|     ap_ovld|              sha256ctx_data_105_1_out|       pointer|
|sha256ctx_data_106_1_out_i              |   in|    8|     ap_ovld|              sha256ctx_data_106_1_out|       pointer|
|sha256ctx_data_106_1_out_o              |  out|    8|     ap_ovld|              sha256ctx_data_106_1_out|       pointer|
|sha256ctx_data_106_1_out_o_ap_vld       |  out|    1|     ap_ovld|              sha256ctx_data_106_1_out|       pointer|
|sha256ctx_data_107_1_out_i              |   in|    8|     ap_ovld|              sha256ctx_data_107_1_out|       pointer|
|sha256ctx_data_107_1_out_o              |  out|    8|     ap_ovld|              sha256ctx_data_107_1_out|       pointer|
|sha256ctx_data_107_1_out_o_ap_vld       |  out|    1|     ap_ovld|              sha256ctx_data_107_1_out|       pointer|
|sha256ctx_data_108_1_out_i              |   in|    8|     ap_ovld|              sha256ctx_data_108_1_out|       pointer|
|sha256ctx_data_108_1_out_o              |  out|    8|     ap_ovld|              sha256ctx_data_108_1_out|       pointer|
|sha256ctx_data_108_1_out_o_ap_vld       |  out|    1|     ap_ovld|              sha256ctx_data_108_1_out|       pointer|
|sha256ctx_data_109_1_out_i              |   in|    8|     ap_ovld|              sha256ctx_data_109_1_out|       pointer|
|sha256ctx_data_109_1_out_o              |  out|    8|     ap_ovld|              sha256ctx_data_109_1_out|       pointer|
|sha256ctx_data_109_1_out_o_ap_vld       |  out|    1|     ap_ovld|              sha256ctx_data_109_1_out|       pointer|
|sha256ctx_data_110_1_out_i              |   in|    8|     ap_ovld|              sha256ctx_data_110_1_out|       pointer|
|sha256ctx_data_110_1_out_o              |  out|    8|     ap_ovld|              sha256ctx_data_110_1_out|       pointer|
|sha256ctx_data_110_1_out_o_ap_vld       |  out|    1|     ap_ovld|              sha256ctx_data_110_1_out|       pointer|
|sha256ctx_data_111_1_out_i              |   in|    8|     ap_ovld|              sha256ctx_data_111_1_out|       pointer|
|sha256ctx_data_111_1_out_o              |  out|    8|     ap_ovld|              sha256ctx_data_111_1_out|       pointer|
|sha256ctx_data_111_1_out_o_ap_vld       |  out|    1|     ap_ovld|              sha256ctx_data_111_1_out|       pointer|
|sha256ctx_data_112_1_out_i              |   in|    8|     ap_ovld|              sha256ctx_data_112_1_out|       pointer|
|sha256ctx_data_112_1_out_o              |  out|    8|     ap_ovld|              sha256ctx_data_112_1_out|       pointer|
|sha256ctx_data_112_1_out_o_ap_vld       |  out|    1|     ap_ovld|              sha256ctx_data_112_1_out|       pointer|
|sha256ctx_data_113_1_out_i              |   in|    8|     ap_ovld|              sha256ctx_data_113_1_out|       pointer|
|sha256ctx_data_113_1_out_o              |  out|    8|     ap_ovld|              sha256ctx_data_113_1_out|       pointer|
|sha256ctx_data_113_1_out_o_ap_vld       |  out|    1|     ap_ovld|              sha256ctx_data_113_1_out|       pointer|
|sha256ctx_data_114_1_out_i              |   in|    8|     ap_ovld|              sha256ctx_data_114_1_out|       pointer|
|sha256ctx_data_114_1_out_o              |  out|    8|     ap_ovld|              sha256ctx_data_114_1_out|       pointer|
|sha256ctx_data_114_1_out_o_ap_vld       |  out|    1|     ap_ovld|              sha256ctx_data_114_1_out|       pointer|
|sha256ctx_data_115_1_out_i              |   in|    8|     ap_ovld|              sha256ctx_data_115_1_out|       pointer|
|sha256ctx_data_115_1_out_o              |  out|    8|     ap_ovld|              sha256ctx_data_115_1_out|       pointer|
|sha256ctx_data_115_1_out_o_ap_vld       |  out|    1|     ap_ovld|              sha256ctx_data_115_1_out|       pointer|
|sha256ctx_data_116_1_out_i              |   in|    8|     ap_ovld|              sha256ctx_data_116_1_out|       pointer|
|sha256ctx_data_116_1_out_o              |  out|    8|     ap_ovld|              sha256ctx_data_116_1_out|       pointer|
|sha256ctx_data_116_1_out_o_ap_vld       |  out|    1|     ap_ovld|              sha256ctx_data_116_1_out|       pointer|
|sha256ctx_data_117_1_out_i              |   in|    8|     ap_ovld|              sha256ctx_data_117_1_out|       pointer|
|sha256ctx_data_117_1_out_o              |  out|    8|     ap_ovld|              sha256ctx_data_117_1_out|       pointer|
|sha256ctx_data_117_1_out_o_ap_vld       |  out|    1|     ap_ovld|              sha256ctx_data_117_1_out|       pointer|
|sha256ctx_data_118_1_out_i              |   in|    8|     ap_ovld|              sha256ctx_data_118_1_out|       pointer|
|sha256ctx_data_118_1_out_o              |  out|    8|     ap_ovld|              sha256ctx_data_118_1_out|       pointer|
|sha256ctx_data_118_1_out_o_ap_vld       |  out|    1|     ap_ovld|              sha256ctx_data_118_1_out|       pointer|
|p_out_i                                 |   in|   32|     ap_ovld|                                 p_out|       pointer|
|p_out_o                                 |  out|   32|     ap_ovld|                                 p_out|       pointer|
|p_out_o_ap_vld                          |  out|    1|     ap_ovld|                                 p_out|       pointer|
|p_out1_i                                |   in|   32|     ap_ovld|                                p_out1|       pointer|
|p_out1_o                                |  out|   32|     ap_ovld|                                p_out1|       pointer|
|p_out1_o_ap_vld                         |  out|    1|     ap_ovld|                                p_out1|       pointer|
|p_out2_i                                |   in|   32|     ap_ovld|                                p_out2|       pointer|
|p_out2_o                                |  out|   32|     ap_ovld|                                p_out2|       pointer|
|p_out2_o_ap_vld                         |  out|    1|     ap_ovld|                                p_out2|       pointer|
+----------------------------------------+-----+-----+------------+--------------------------------------+--------------+

