

================================================================
== Vitis HLS Report for 'sha256_final_Pipeline_VITIS_LOOP_115_2'
================================================================
* Date:           Wed Aug  2 01:54:37 2023

* Version:        2022.1 (Build 3526262 on Mon Apr 18 15:47:01 MDT 2022)
* Project:        shav-rsa
* Solution:       solution1 (Vivado IP Flow Target)
* Product family: virtexuplus
* Target device:  xcu280-fsvh2892-2L-e


================================================================
== Performance Estimates
================================================================
+ Timing: 
    * Summary: 
    +--------+----------+----------+------------+
    |  Clock |  Target  | Estimated| Uncertainty|
    +--------+----------+----------+------------+
    |ap_clk  |  10.00 ns|  1.534 ns|     2.70 ns|
    +--------+----------+----------+------------+

+ Latency: 
    * Summary: 
    +---------+---------+----------+----------+-----+-----+---------+
    |  Latency (cycles) |  Latency (absolute) |  Interval | Pipeline|
    |   min   |   max   |    min   |    max   | min | max |   Type  |
    +---------+---------+----------+----------+-----+-----+---------+
    |        ?|        ?|         ?|         ?|    ?|    ?|       no|
    +---------+---------+----------+----------+-----+-----+---------+

    + Detail: 
        * Instance: 
        N/A

        * Loop: 
        +--------------------+---------+---------+----------+-----------+-----------+------+----------+
        |                    |  Latency (cycles) | Iteration|  Initiation Interval  | Trip |          |
        |      Loop Name     |   min   |   max   |  Latency |  achieved |   target  | Count| Pipelined|
        +--------------------+---------+---------+----------+-----------+-----------+------+----------+
        |- VITIS_LOOP_115_2  |        ?|        ?|         1|          1|          1|     ?|       yes|
        +--------------------+---------+---------+----------+-----------+-----------+------+----------+



================================================================
== Utilization Estimates
================================================================
* Summary: 
+---------------------+---------+------+---------+---------+-----+
|         Name        | BRAM_18K|  DSP |    FF   |   LUT   | URAM|
+---------------------+---------+------+---------+---------+-----+
|DSP                  |        -|     -|        -|        -|    -|
|Expression           |        -|     -|        0|      257|    -|
|FIFO                 |        -|     -|        -|        -|    -|
|Instance             |        -|     -|        -|        -|    -|
|Memory               |        -|     -|        -|        -|    -|
|Multiplexer          |        -|     -|        -|      612|    -|
|Register             |        -|     -|      611|        -|    -|
+---------------------+---------+------+---------+---------+-----+
|Total                |        0|     0|      611|      869|    0|
+---------------------+---------+------+---------+---------+-----+
|Available SLR        |     1344|  3008|   869120|   434560|  320|
+---------------------+---------+------+---------+---------+-----+
|Utilization SLR (%)  |        0|     0|       ~0|       ~0|    0|
+---------------------+---------+------+---------+---------+-----+
|Available            |     4032|  9024|  2607360|  1303680|  960|
+---------------------+---------+------+---------+---------+-----+
|Utilization (%)      |        0|     0|       ~0|       ~0|    0|
+---------------------+---------+------+---------+---------+-----+

+ Detail: 
    * Instance: 
    N/A

    * DSP: 
    N/A

    * Memory: 
    N/A

    * FIFO: 
    N/A

    * Expression: 
    +-----------------------+----------+----+---+----+------------+------------+
    |     Variable Name     | Operation| DSP| FF| LUT| Bitwidth P0| Bitwidth P1|
    +-----------------------+----------+----+---+----+------------+------------+
    |add_ln116_fu_2215_p2   |         +|   0|  0|  71|          64|           1|
    |i_7_fu_1882_p2         |         +|   0|  0|  39|          32|           1|
    |ap_condition_1000      |       and|   0|  0|   2|           1|           1|
    |ap_condition_1003      |       and|   0|  0|   2|           1|           1|
    |ap_condition_1006      |       and|   0|  0|   2|           1|           1|
    |ap_condition_1009      |       and|   0|  0|   2|           1|           1|
    |ap_condition_1012      |       and|   0|  0|   2|           1|           1|
    |ap_condition_1015      |       and|   0|  0|   2|           1|           1|
    |ap_condition_1018      |       and|   0|  0|   2|           1|           1|
    |ap_condition_1021      |       and|   0|  0|   2|           1|           1|
    |ap_condition_1024      |       and|   0|  0|   2|           1|           1|
    |ap_condition_1027      |       and|   0|  0|   2|           1|           1|
    |ap_condition_1030      |       and|   0|  0|   2|           1|           1|
    |ap_condition_1033      |       and|   0|  0|   2|           1|           1|
    |ap_condition_1036      |       and|   0|  0|   2|           1|           1|
    |ap_condition_1039      |       and|   0|  0|   2|           1|           1|
    |ap_condition_1042      |       and|   0|  0|   2|           1|           1|
    |ap_condition_1045      |       and|   0|  0|   2|           1|           1|
    |ap_condition_1048      |       and|   0|  0|   2|           1|           1|
    |ap_condition_1051      |       and|   0|  0|   2|           1|           1|
    |ap_condition_1054      |       and|   0|  0|   2|           1|           1|
    |ap_condition_1057      |       and|   0|  0|   2|           1|           1|
    |ap_condition_1060      |       and|   0|  0|   2|           1|           1|
    |ap_condition_1063      |       and|   0|  0|   2|           1|           1|
    |ap_condition_1066      |       and|   0|  0|   2|           1|           1|
    |ap_condition_1069      |       and|   0|  0|   2|           1|           1|
    |ap_condition_1072      |       and|   0|  0|   2|           1|           1|
    |ap_condition_1075      |       and|   0|  0|   2|           1|           1|
    |ap_condition_1078      |       and|   0|  0|   2|           1|           1|
    |ap_condition_1081      |       and|   0|  0|   2|           1|           1|
    |ap_condition_1084      |       and|   0|  0|   2|           1|           1|
    |ap_condition_1087      |       and|   0|  0|   2|           1|           1|
    |ap_condition_1090      |       and|   0|  0|   2|           1|           1|
    |ap_condition_1093      |       and|   0|  0|   2|           1|           1|
    |ap_condition_1096      |       and|   0|  0|   2|           1|           1|
    |ap_condition_1099      |       and|   0|  0|   2|           1|           1|
    |ap_condition_1102      |       and|   0|  0|   2|           1|           1|
    |ap_condition_1105      |       and|   0|  0|   2|           1|           1|
    |ap_condition_916       |       and|   0|  0|   2|           1|           1|
    |ap_condition_919       |       and|   0|  0|   2|           1|           1|
    |ap_condition_922       |       and|   0|  0|   2|           1|           1|
    |ap_condition_925       |       and|   0|  0|   2|           1|           1|
    |ap_condition_928       |       and|   0|  0|   2|           1|           1|
    |ap_condition_931       |       and|   0|  0|   2|           1|           1|
    |ap_condition_934       |       and|   0|  0|   2|           1|           1|
    |ap_condition_937       |       and|   0|  0|   2|           1|           1|
    |ap_condition_940       |       and|   0|  0|   2|           1|           1|
    |ap_condition_943       |       and|   0|  0|   2|           1|           1|
    |ap_condition_946       |       and|   0|  0|   2|           1|           1|
    |ap_condition_949       |       and|   0|  0|   2|           1|           1|
    |ap_condition_952       |       and|   0|  0|   2|           1|           1|
    |ap_condition_955       |       and|   0|  0|   2|           1|           1|
    |ap_condition_958       |       and|   0|  0|   2|           1|           1|
    |ap_condition_961       |       and|   0|  0|   2|           1|           1|
    |ap_condition_964       |       and|   0|  0|   2|           1|           1|
    |ap_condition_967       |       and|   0|  0|   2|           1|           1|
    |ap_condition_970       |       and|   0|  0|   2|           1|           1|
    |ap_condition_973       |       and|   0|  0|   2|           1|           1|
    |ap_condition_976       |       and|   0|  0|   2|           1|           1|
    |ap_condition_979       |       and|   0|  0|   2|           1|           1|
    |ap_condition_982       |       and|   0|  0|   2|           1|           1|
    |ap_condition_985       |       and|   0|  0|   2|           1|           1|
    |ap_condition_988       |       and|   0|  0|   2|           1|           1|
    |ap_condition_991       |       and|   0|  0|   2|           1|           1|
    |ap_condition_994       |       and|   0|  0|   2|           1|           1|
    |ap_condition_997       |       and|   0|  0|   2|           1|           1|
    |icmp_ln115_fu_1873_p2  |      icmp|   0|  0|  17|          26|           1|
    |ap_enable_pp0          |       xor|   0|  0|   2|           1|           2|
    +-----------------------+----------+----+---+----+------------+------------+
    |Total                  |          |   0|  0| 257|         187|          69|
    +-----------------------+----------+----+---+----+------------+------------+

    * Multiplexer: 
    +-------------------------+----+-----------+-----+-----------+
    |           Name          | LUT| Input Size| Bits| Total Bits|
    +-------------------------+----+-----------+-----+-----------+
    |ap_done_int              |   9|          2|    1|          2|
    |ap_enable_reg_pp0_iter1  |   9|          2|    1|          2|
    |ctx_data_0_3_fu_678      |   9|          2|    8|         16|
    |ctx_data_10_3_fu_638     |   9|          2|    8|         16|
    |ctx_data_11_3_fu_634     |   9|          2|    8|         16|
    |ctx_data_12_3_fu_630     |   9|          2|    8|         16|
    |ctx_data_1315_3_fu_626   |   9|          2|    8|         16|
    |ctx_data_14_3_fu_622     |   9|          2|    8|         16|
    |ctx_data_15_3_fu_618     |   9|          2|    8|         16|
    |ctx_data_16_3_fu_614     |   9|          2|    8|         16|
    |ctx_data_17_3_fu_610     |   9|          2|    8|         16|
    |ctx_data_18_3_fu_606     |   9|          2|    8|         16|
    |ctx_data_19_3_fu_602     |   9|          2|    8|         16|
    |ctx_data_1_3_fu_674      |   9|          2|    8|         16|
    |ctx_data_20_3_fu_598     |   9|          2|    8|         16|
    |ctx_data_21_3_fu_594     |   9|          2|    8|         16|
    |ctx_data_22_3_fu_590     |   9|          2|    8|         16|
    |ctx_data_23_3_fu_586     |   9|          2|    8|         16|
    |ctx_data_2427_3_fu_582   |   9|          2|    8|         16|
    |ctx_data_25_3_fu_578     |   9|          2|    8|         16|
    |ctx_data_26_3_fu_574     |   9|          2|    8|         16|
    |ctx_data_27_3_fu_570     |   9|          2|    8|         16|
    |ctx_data_28_3_fu_566     |   9|          2|    8|         16|
    |ctx_data_29_3_fu_562     |   9|          2|    8|         16|
    |ctx_data_2_3_fu_670      |   9|          2|    8|         16|
    |ctx_data_30_3_fu_558     |   9|          2|    8|         16|
    |ctx_data_31_3_fu_554     |   9|          2|    8|         16|
    |ctx_data_32_3_fu_550     |   9|          2|    8|         16|
    |ctx_data_33_3_fu_546     |   9|          2|    8|         16|
    |ctx_data_34_3_fu_542     |   9|          2|    8|         16|
    |ctx_data_3539_3_fu_538   |   9|          2|    8|         16|
    |ctx_data_36_3_fu_534     |   9|          2|    8|         16|
    |ctx_data_37_3_fu_530     |   9|          2|    8|         16|
    |ctx_data_38_3_fu_526     |   9|          2|    8|         16|
    |ctx_data_39_3_fu_522     |   9|          2|    8|         16|
    |ctx_data_3_3_fu_666      |   9|          2|    8|         16|
    |ctx_data_40_3_fu_518     |   9|          2|    8|         16|
    |ctx_data_41_3_fu_514     |   9|          2|    8|         16|
    |ctx_data_42_3_fu_510     |   9|          2|    8|         16|
    |ctx_data_43_3_fu_506     |   9|          2|    8|         16|
    |ctx_data_44_3_fu_502     |   9|          2|    8|         16|
    |ctx_data_45_3_fu_498     |   9|          2|    8|         16|
    |ctx_data_4651_3_fu_494   |   9|          2|    8|         16|
    |ctx_data_47_3_fu_490     |   9|          2|    8|         16|
    |ctx_data_48_3_fu_486     |   9|          2|    8|         16|
    |ctx_data_49_3_fu_482     |   9|          2|    8|         16|
    |ctx_data_4_3_fu_662      |   9|          2|    8|         16|
    |ctx_data_50_3_fu_478     |   9|          2|    8|         16|
    |ctx_data_51_3_fu_474     |   9|          2|    8|         16|
    |ctx_data_52_3_fu_470     |   9|          2|    8|         16|
    |ctx_data_53_3_fu_466     |   9|          2|    8|         16|
    |ctx_data_54_3_fu_462     |   9|          2|    8|         16|
    |ctx_data_55_3_fu_458     |   9|          2|    8|         16|
    |ctx_data_56_1_fu_454     |   9|          2|    8|         16|
    |ctx_data_5763_1_fu_450   |   9|          2|    8|         16|
    |ctx_data_58_1_fu_446     |   9|          2|    8|         16|
    |ctx_data_59_1_fu_426     |   9|          2|    8|         16|
    |ctx_data_5_3_fu_658      |   9|          2|    8|         16|
    |ctx_data_60_1_fu_430     |   9|          2|    8|         16|
    |ctx_data_61_1_fu_434     |   9|          2|    8|         16|
    |ctx_data_62_1_fu_438     |   9|          2|    8|         16|
    |ctx_data_63_1_fu_442     |   9|          2|    8|         16|
    |ctx_data_6_3_fu_654      |   9|          2|    8|         16|
    |ctx_data_7_3_fu_650      |   9|          2|    8|         16|
    |ctx_data_8_3_fu_646      |   9|          2|    8|         16|
    |ctx_data_9_3_fu_642      |   9|          2|    8|         16|
    |i_3_fu_422               |   9|          2|   64|        128|
    |i_6_fu_418               |   9|          2|   32|         64|
    +-------------------------+----+-----------+-----+-----------+
    |Total                    | 612|        136|  610|       1220|
    +-------------------------+----+-----------+-----+-----------+

    * Register: 
    +-------------------------+----+----+-----+-----------+
    |           Name          | FF | LUT| Bits| Const Bits|
    +-------------------------+----+----+-----+-----------+
    |ap_CS_fsm                |   1|   0|    1|          0|
    |ap_done_reg              |   1|   0|    1|          0|
    |ap_enable_reg_pp0_iter1  |   1|   0|    1|          0|
    |ctx_data_0_3_fu_678      |   8|   0|    8|          0|
    |ctx_data_10_3_fu_638     |   8|   0|    8|          0|
    |ctx_data_11_3_fu_634     |   8|   0|    8|          0|
    |ctx_data_12_3_fu_630     |   8|   0|    8|          0|
    |ctx_data_1315_3_fu_626   |   8|   0|    8|          0|
    |ctx_data_14_3_fu_622     |   8|   0|    8|          0|
    |ctx_data_15_3_fu_618     |   8|   0|    8|          0|
    |ctx_data_16_3_fu_614     |   8|   0|    8|          0|
    |ctx_data_17_3_fu_610     |   8|   0|    8|          0|
    |ctx_data_18_3_fu_606     |   8|   0|    8|          0|
    |ctx_data_19_3_fu_602     |   8|   0|    8|          0|
    |ctx_data_1_3_fu_674      |   8|   0|    8|          0|
    |ctx_data_20_3_fu_598     |   8|   0|    8|          0|
    |ctx_data_21_3_fu_594     |   8|   0|    8|          0|
    |ctx_data_22_3_fu_590     |   8|   0|    8|          0|
    |ctx_data_23_3_fu_586     |   8|   0|    8|          0|
    |ctx_data_2427_3_fu_582   |   8|   0|    8|          0|
    |ctx_data_25_3_fu_578     |   8|   0|    8|          0|
    |ctx_data_26_3_fu_574     |   8|   0|    8|          0|
    |ctx_data_27_3_fu_570     |   8|   0|    8|          0|
    |ctx_data_28_3_fu_566     |   8|   0|    8|          0|
    |ctx_data_29_3_fu_562     |   8|   0|    8|          0|
    |ctx_data_2_3_fu_670      |   8|   0|    8|          0|
    |ctx_data_30_3_fu_558     |   8|   0|    8|          0|
    |ctx_data_31_3_fu_554     |   8|   0|    8|          0|
    |ctx_data_32_3_fu_550     |   8|   0|    8|          0|
    |ctx_data_33_3_fu_546     |   8|   0|    8|          0|
    |ctx_data_34_3_fu_542     |   8|   0|    8|          0|
    |ctx_data_3539_3_fu_538   |   8|   0|    8|          0|
    |ctx_data_36_3_fu_534     |   8|   0|    8|          0|
    |ctx_data_37_3_fu_530     |   8|   0|    8|          0|
    |ctx_data_38_3_fu_526     |   8|   0|    8|          0|
    |ctx_data_39_3_fu_522     |   8|   0|    8|          0|
    |ctx_data_3_3_fu_666      |   8|   0|    8|          0|
    |ctx_data_40_3_fu_518     |   8|   0|    8|          0|
    |ctx_data_41_3_fu_514     |   8|   0|    8|          0|
    |ctx_data_42_3_fu_510     |   8|   0|    8|          0|
    |ctx_data_43_3_fu_506     |   8|   0|    8|          0|
    |ctx_data_44_3_fu_502     |   8|   0|    8|          0|
    |ctx_data_45_3_fu_498     |   8|   0|    8|          0|
    |ctx_data_4651_3_fu_494   |   8|   0|    8|          0|
    |ctx_data_47_3_fu_490     |   8|   0|    8|          0|
    |ctx_data_48_3_fu_486     |   8|   0|    8|          0|
    |ctx_data_49_3_fu_482     |   8|   0|    8|          0|
    |ctx_data_4_3_fu_662      |   8|   0|    8|          0|
    |ctx_data_50_3_fu_478     |   8|   0|    8|          0|
    |ctx_data_51_3_fu_474     |   8|   0|    8|          0|
    |ctx_data_52_3_fu_470     |   8|   0|    8|          0|
    |ctx_data_53_3_fu_466     |   8|   0|    8|          0|
    |ctx_data_54_3_fu_462     |   8|   0|    8|          0|
    |ctx_data_55_3_fu_458     |   8|   0|    8|          0|
    |ctx_data_56_1_fu_454     |   8|   0|    8|          0|
    |ctx_data_5763_1_fu_450   |   8|   0|    8|          0|
    |ctx_data_58_1_fu_446     |   8|   0|    8|          0|
    |ctx_data_59_1_fu_426     |   8|   0|    8|          0|
    |ctx_data_5_3_fu_658      |   8|   0|    8|          0|
    |ctx_data_60_1_fu_430     |   8|   0|    8|          0|
    |ctx_data_61_1_fu_434     |   8|   0|    8|          0|
    |ctx_data_62_1_fu_438     |   8|   0|    8|          0|
    |ctx_data_63_1_fu_442     |   8|   0|    8|          0|
    |ctx_data_6_3_fu_654      |   8|   0|    8|          0|
    |ctx_data_7_3_fu_650      |   8|   0|    8|          0|
    |ctx_data_8_3_fu_646      |   8|   0|    8|          0|
    |ctx_data_9_3_fu_642      |   8|   0|    8|          0|
    |i_3_fu_422               |  64|   0|   64|          0|
    |i_6_fu_418               |  32|   0|   32|          0|
    +-------------------------+----+----+-----+-----------+
    |Total                    | 611|   0|  611|          0|
    +-------------------------+----+----+-----+-----------+



================================================================
== Interface
================================================================
* Summary: 
+----------------------------+-----+-----+------------+----------------------------------------+--------------+
|          RTL Ports         | Dir | Bits|  Protocol  |              Source Object             |    C Type    |
+----------------------------+-----+-----+------------+----------------------------------------+--------------+
|ap_clk                      |   in|    1|  ap_ctrl_hs|  sha256_final_Pipeline_VITIS_LOOP_115_2|  return value|
|ap_rst                      |   in|    1|  ap_ctrl_hs|  sha256_final_Pipeline_VITIS_LOOP_115_2|  return value|
|ap_start                    |   in|    1|  ap_ctrl_hs|  sha256_final_Pipeline_VITIS_LOOP_115_2|  return value|
|ap_done                     |  out|    1|  ap_ctrl_hs|  sha256_final_Pipeline_VITIS_LOOP_115_2|  return value|
|ap_idle                     |  out|    1|  ap_ctrl_hs|  sha256_final_Pipeline_VITIS_LOOP_115_2|  return value|
|ap_ready                    |  out|    1|  ap_ctrl_hs|  sha256_final_Pipeline_VITIS_LOOP_115_2|  return value|
|ctx_data_0_0                |   in|    8|     ap_none|                            ctx_data_0_0|        scalar|
|ctx_data_1_0                |   in|    8|     ap_none|                            ctx_data_1_0|        scalar|
|ctx_data_2_0                |   in|    8|     ap_none|                            ctx_data_2_0|        scalar|
|ctx_data_3_0                |   in|    8|     ap_none|                            ctx_data_3_0|        scalar|
|ctx_data_4_0                |   in|    8|     ap_none|                            ctx_data_4_0|        scalar|
|ctx_data_5_0                |   in|    8|     ap_none|                            ctx_data_5_0|        scalar|
|ctx_data_6_0                |   in|    8|     ap_none|                            ctx_data_6_0|        scalar|
|ctx_data_7_0                |   in|    8|     ap_none|                            ctx_data_7_0|        scalar|
|ctx_data_8_0                |   in|    8|     ap_none|                            ctx_data_8_0|        scalar|
|ctx_data_9_0                |   in|    8|     ap_none|                            ctx_data_9_0|        scalar|
|ctx_data_10_0               |   in|    8|     ap_none|                           ctx_data_10_0|        scalar|
|ctx_data_11_0               |   in|    8|     ap_none|                           ctx_data_11_0|        scalar|
|ctx_data_12_0               |   in|    8|     ap_none|                           ctx_data_12_0|        scalar|
|ctx_data_1315_0             |   in|    8|     ap_none|                         ctx_data_1315_0|        scalar|
|ctx_data_14_0               |   in|    8|     ap_none|                           ctx_data_14_0|        scalar|
|ctx_data_15_0               |   in|    8|     ap_none|                           ctx_data_15_0|        scalar|
|ctx_data_16_0               |   in|    8|     ap_none|                           ctx_data_16_0|        scalar|
|ctx_data_17_0               |   in|    8|     ap_none|                           ctx_data_17_0|        scalar|
|ctx_data_18_0               |   in|    8|     ap_none|                           ctx_data_18_0|        scalar|
|ctx_data_19_0               |   in|    8|     ap_none|                           ctx_data_19_0|        scalar|
|ctx_data_20_0               |   in|    8|     ap_none|                           ctx_data_20_0|        scalar|
|ctx_data_21_0               |   in|    8|     ap_none|                           ctx_data_21_0|        scalar|
|ctx_data_22_0               |   in|    8|     ap_none|                           ctx_data_22_0|        scalar|
|ctx_data_23_0               |   in|    8|     ap_none|                           ctx_data_23_0|        scalar|
|ctx_data_2427_0             |   in|    8|     ap_none|                         ctx_data_2427_0|        scalar|
|ctx_data_25_0               |   in|    8|     ap_none|                           ctx_data_25_0|        scalar|
|ctx_data_26_0               |   in|    8|     ap_none|                           ctx_data_26_0|        scalar|
|ctx_data_27_0               |   in|    8|     ap_none|                           ctx_data_27_0|        scalar|
|ctx_data_28_0               |   in|    8|     ap_none|                           ctx_data_28_0|        scalar|
|ctx_data_29_0               |   in|    8|     ap_none|                           ctx_data_29_0|        scalar|
|ctx_data_30_0               |   in|    8|     ap_none|                           ctx_data_30_0|        scalar|
|ctx_data_31_0               |   in|    8|     ap_none|                           ctx_data_31_0|        scalar|
|ctx_data_32_0               |   in|    8|     ap_none|                           ctx_data_32_0|        scalar|
|ctx_data_33_0               |   in|    8|     ap_none|                           ctx_data_33_0|        scalar|
|ctx_data_34_0               |   in|    8|     ap_none|                           ctx_data_34_0|        scalar|
|ctx_data_3539_0             |   in|    8|     ap_none|                         ctx_data_3539_0|        scalar|
|ctx_data_36_0               |   in|    8|     ap_none|                           ctx_data_36_0|        scalar|
|ctx_data_37_0               |   in|    8|     ap_none|                           ctx_data_37_0|        scalar|
|ctx_data_38_0               |   in|    8|     ap_none|                           ctx_data_38_0|        scalar|
|ctx_data_39_0               |   in|    8|     ap_none|                           ctx_data_39_0|        scalar|
|ctx_data_40_0               |   in|    8|     ap_none|                           ctx_data_40_0|        scalar|
|ctx_data_41_0               |   in|    8|     ap_none|                           ctx_data_41_0|        scalar|
|ctx_data_42_0               |   in|    8|     ap_none|                           ctx_data_42_0|        scalar|
|ctx_data_43_0               |   in|    8|     ap_none|                           ctx_data_43_0|        scalar|
|ctx_data_44_0               |   in|    8|     ap_none|                           ctx_data_44_0|        scalar|
|ctx_data_45_0               |   in|    8|     ap_none|                           ctx_data_45_0|        scalar|
|ctx_data_4651_0             |   in|    8|     ap_none|                         ctx_data_4651_0|        scalar|
|ctx_data_47_0               |   in|    8|     ap_none|                           ctx_data_47_0|        scalar|
|ctx_data_48_0               |   in|    8|     ap_none|                           ctx_data_48_0|        scalar|
|ctx_data_49_0               |   in|    8|     ap_none|                           ctx_data_49_0|        scalar|
|ctx_data_50_0               |   in|    8|     ap_none|                           ctx_data_50_0|        scalar|
|ctx_data_51_0               |   in|    8|     ap_none|                           ctx_data_51_0|        scalar|
|ctx_data_52_0               |   in|    8|     ap_none|                           ctx_data_52_0|        scalar|
|ctx_data_53_0               |   in|    8|     ap_none|                           ctx_data_53_0|        scalar|
|ctx_data_54_0               |   in|    8|     ap_none|                           ctx_data_54_0|        scalar|
|ctx_data_55_0               |   in|    8|     ap_none|                           ctx_data_55_0|        scalar|
|ctx_data_56_0               |   in|    8|     ap_none|                           ctx_data_56_0|        scalar|
|ctx_data_5763_0             |   in|    8|     ap_none|                         ctx_data_5763_0|        scalar|
|ctx_data_58_0               |   in|    8|     ap_none|                           ctx_data_58_0|        scalar|
|ctx_data_63_0               |   in|    8|     ap_none|                           ctx_data_63_0|        scalar|
|ctx_data_62_0               |   in|    8|     ap_none|                           ctx_data_62_0|        scalar|
|ctx_data_61_0               |   in|    8|     ap_none|                           ctx_data_61_0|        scalar|
|ctx_data_60_0               |   in|    8|     ap_none|                           ctx_data_60_0|        scalar|
|ctx_data_59_0               |   in|    8|     ap_none|                           ctx_data_59_0|        scalar|
|zext_ln115                  |   in|   32|     ap_none|                              zext_ln115|        scalar|
|i                           |   in|   32|     ap_none|                                       i|        scalar|
|ctx_data_0_3_out            |  out|    8|      ap_vld|                        ctx_data_0_3_out|       pointer|
|ctx_data_0_3_out_ap_vld     |  out|    1|      ap_vld|                        ctx_data_0_3_out|       pointer|
|ctx_data_1_3_out            |  out|    8|      ap_vld|                        ctx_data_1_3_out|       pointer|
|ctx_data_1_3_out_ap_vld     |  out|    1|      ap_vld|                        ctx_data_1_3_out|       pointer|
|ctx_data_2_3_out            |  out|    8|      ap_vld|                        ctx_data_2_3_out|       pointer|
|ctx_data_2_3_out_ap_vld     |  out|    1|      ap_vld|                        ctx_data_2_3_out|       pointer|
|ctx_data_3_3_out            |  out|    8|      ap_vld|                        ctx_data_3_3_out|       pointer|
|ctx_data_3_3_out_ap_vld     |  out|    1|      ap_vld|                        ctx_data_3_3_out|       pointer|
|ctx_data_4_3_out            |  out|    8|      ap_vld|                        ctx_data_4_3_out|       pointer|
|ctx_data_4_3_out_ap_vld     |  out|    1|      ap_vld|                        ctx_data_4_3_out|       pointer|
|ctx_data_5_3_out            |  out|    8|      ap_vld|                        ctx_data_5_3_out|       pointer|
|ctx_data_5_3_out_ap_vld     |  out|    1|      ap_vld|                        ctx_data_5_3_out|       pointer|
|ctx_data_6_3_out            |  out|    8|      ap_vld|                        ctx_data_6_3_out|       pointer|
|ctx_data_6_3_out_ap_vld     |  out|    1|      ap_vld|                        ctx_data_6_3_out|       pointer|
|ctx_data_7_3_out            |  out|    8|      ap_vld|                        ctx_data_7_3_out|       pointer|
|ctx_data_7_3_out_ap_vld     |  out|    1|      ap_vld|                        ctx_data_7_3_out|       pointer|
|ctx_data_8_3_out            |  out|    8|      ap_vld|                        ctx_data_8_3_out|       pointer|
|ctx_data_8_3_out_ap_vld     |  out|    1|      ap_vld|                        ctx_data_8_3_out|       pointer|
|ctx_data_9_3_out            |  out|    8|      ap_vld|                        ctx_data_9_3_out|       pointer|
|ctx_data_9_3_out_ap_vld     |  out|    1|      ap_vld|                        ctx_data_9_3_out|       pointer|
|ctx_data_10_3_out           |  out|    8|      ap_vld|                       ctx_data_10_3_out|       pointer|
|ctx_data_10_3_out_ap_vld    |  out|    1|      ap_vld|                       ctx_data_10_3_out|       pointer|
|ctx_data_11_3_out           |  out|    8|      ap_vld|                       ctx_data_11_3_out|       pointer|
|ctx_data_11_3_out_ap_vld    |  out|    1|      ap_vld|                       ctx_data_11_3_out|       pointer|
|ctx_data_12_3_out           |  out|    8|      ap_vld|                       ctx_data_12_3_out|       pointer|
|ctx_data_12_3_out_ap_vld    |  out|    1|      ap_vld|                       ctx_data_12_3_out|       pointer|
|ctx_data_1315_3_out         |  out|    8|      ap_vld|                     ctx_data_1315_3_out|       pointer|
|ctx_data_1315_3_out_ap_vld  |  out|    1|      ap_vld|                     ctx_data_1315_3_out|       pointer|
|ctx_data_14_3_out           |  out|    8|      ap_vld|                       ctx_data_14_3_out|       pointer|
|ctx_data_14_3_out_ap_vld    |  out|    1|      ap_vld|                       ctx_data_14_3_out|       pointer|
|ctx_data_15_3_out           |  out|    8|      ap_vld|                       ctx_data_15_3_out|       pointer|
|ctx_data_15_3_out_ap_vld    |  out|    1|      ap_vld|                       ctx_data_15_3_out|       pointer|
|ctx_data_16_3_out           |  out|    8|      ap_vld|                       ctx_data_16_3_out|       pointer|
|ctx_data_16_3_out_ap_vld    |  out|    1|      ap_vld|                       ctx_data_16_3_out|       pointer|
|ctx_data_17_3_out           |  out|    8|      ap_vld|                       ctx_data_17_3_out|       pointer|
|ctx_data_17_3_out_ap_vld    |  out|    1|      ap_vld|                       ctx_data_17_3_out|       pointer|
|ctx_data_18_3_out           |  out|    8|      ap_vld|                       ctx_data_18_3_out|       pointer|
|ctx_data_18_3_out_ap_vld    |  out|    1|      ap_vld|                       ctx_data_18_3_out|       pointer|
|ctx_data_19_3_out           |  out|    8|      ap_vld|                       ctx_data_19_3_out|       pointer|
|ctx_data_19_3_out_ap_vld    |  out|    1|      ap_vld|                       ctx_data_19_3_out|       pointer|
|ctx_data_20_3_out           |  out|    8|      ap_vld|                       ctx_data_20_3_out|       pointer|
|ctx_data_20_3_out_ap_vld    |  out|    1|      ap_vld|                       ctx_data_20_3_out|       pointer|
|ctx_data_21_3_out           |  out|    8|      ap_vld|                       ctx_data_21_3_out|       pointer|
|ctx_data_21_3_out_ap_vld    |  out|    1|      ap_vld|                       ctx_data_21_3_out|       pointer|
|ctx_data_22_3_out           |  out|    8|      ap_vld|                       ctx_data_22_3_out|       pointer|
|ctx_data_22_3_out_ap_vld    |  out|    1|      ap_vld|                       ctx_data_22_3_out|       pointer|
|ctx_data_23_3_out           |  out|    8|      ap_vld|                       ctx_data_23_3_out|       pointer|
|ctx_data_23_3_out_ap_vld    |  out|    1|      ap_vld|                       ctx_data_23_3_out|       pointer|
|ctx_data_2427_3_out         |  out|    8|      ap_vld|                     ctx_data_2427_3_out|       pointer|
|ctx_data_2427_3_out_ap_vld  |  out|    1|      ap_vld|                     ctx_data_2427_3_out|       pointer|
|ctx_data_25_3_out           |  out|    8|      ap_vld|                       ctx_data_25_3_out|       pointer|
|ctx_data_25_3_out_ap_vld    |  out|    1|      ap_vld|                       ctx_data_25_3_out|       pointer|
|ctx_data_26_3_out           |  out|    8|      ap_vld|                       ctx_data_26_3_out|       pointer|
|ctx_data_26_3_out_ap_vld    |  out|    1|      ap_vld|                       ctx_data_26_3_out|       pointer|
|ctx_data_27_3_out           |  out|    8|      ap_vld|                       ctx_data_27_3_out|       pointer|
|ctx_data_27_3_out_ap_vld    |  out|    1|      ap_vld|                       ctx_data_27_3_out|       pointer|
|ctx_data_28_3_out           |  out|    8|      ap_vld|                       ctx_data_28_3_out|       pointer|
|ctx_data_28_3_out_ap_vld    |  out|    1|      ap_vld|                       ctx_data_28_3_out|       pointer|
|ctx_data_29_3_out           |  out|    8|      ap_vld|                       ctx_data_29_3_out|       pointer|
|ctx_data_29_3_out_ap_vld    |  out|    1|      ap_vld|                       ctx_data_29_3_out|       pointer|
|ctx_data_30_3_out           |  out|    8|      ap_vld|                       ctx_data_30_3_out|       pointer|
|ctx_data_30_3_out_ap_vld    |  out|    1|      ap_vld|                       ctx_data_30_3_out|       pointer|
|ctx_data_31_3_out           |  out|    8|      ap_vld|                       ctx_data_31_3_out|       pointer|
|ctx_data_31_3_out_ap_vld    |  out|    1|      ap_vld|                       ctx_data_31_3_out|       pointer|
|ctx_data_32_3_out           |  out|    8|      ap_vld|                       ctx_data_32_3_out|       pointer|
|ctx_data_32_3_out_ap_vld    |  out|    1|      ap_vld|                       ctx_data_32_3_out|       pointer|
|ctx_data_33_3_out           |  out|    8|      ap_vld|                       ctx_data_33_3_out|       pointer|
|ctx_data_33_3_out_ap_vld    |  out|    1|      ap_vld|                       ctx_data_33_3_out|       pointer|
|ctx_data_34_3_out           |  out|    8|      ap_vld|                       ctx_data_34_3_out|       pointer|
|ctx_data_34_3_out_ap_vld    |  out|    1|      ap_vld|                       ctx_data_34_3_out|       pointer|
|ctx_data_3539_3_out         |  out|    8|      ap_vld|                     ctx_data_3539_3_out|       pointer|
|ctx_data_3539_3_out_ap_vld  |  out|    1|      ap_vld|                     ctx_data_3539_3_out|       pointer|
|ctx_data_36_3_out           |  out|    8|      ap_vld|                       ctx_data_36_3_out|       pointer|
|ctx_data_36_3_out_ap_vld    |  out|    1|      ap_vld|                       ctx_data_36_3_out|       pointer|
|ctx_data_37_3_out           |  out|    8|      ap_vld|                       ctx_data_37_3_out|       pointer|
|ctx_data_37_3_out_ap_vld    |  out|    1|      ap_vld|                       ctx_data_37_3_out|       pointer|
|ctx_data_38_3_out           |  out|    8|      ap_vld|                       ctx_data_38_3_out|       pointer|
|ctx_data_38_3_out_ap_vld    |  out|    1|      ap_vld|                       ctx_data_38_3_out|       pointer|
|ctx_data_39_3_out           |  out|    8|      ap_vld|                       ctx_data_39_3_out|       pointer|
|ctx_data_39_3_out_ap_vld    |  out|    1|      ap_vld|                       ctx_data_39_3_out|       pointer|
|ctx_data_40_3_out           |  out|    8|      ap_vld|                       ctx_data_40_3_out|       pointer|
|ctx_data_40_3_out_ap_vld    |  out|    1|      ap_vld|                       ctx_data_40_3_out|       pointer|
|ctx_data_41_3_out           |  out|    8|      ap_vld|                       ctx_data_41_3_out|       pointer|
|ctx_data_41_3_out_ap_vld    |  out|    1|      ap_vld|                       ctx_data_41_3_out|       pointer|
|ctx_data_42_3_out           |  out|    8|      ap_vld|                       ctx_data_42_3_out|       pointer|
|ctx_data_42_3_out_ap_vld    |  out|    1|      ap_vld|                       ctx_data_42_3_out|       pointer|
|ctx_data_43_3_out           |  out|    8|      ap_vld|                       ctx_data_43_3_out|       pointer|
|ctx_data_43_3_out_ap_vld    |  out|    1|      ap_vld|                       ctx_data_43_3_out|       pointer|
|ctx_data_44_3_out           |  out|    8|      ap_vld|                       ctx_data_44_3_out|       pointer|
|ctx_data_44_3_out_ap_vld    |  out|    1|      ap_vld|                       ctx_data_44_3_out|       pointer|
|ctx_data_45_3_out           |  out|    8|      ap_vld|                       ctx_data_45_3_out|       pointer|
|ctx_data_45_3_out_ap_vld    |  out|    1|      ap_vld|                       ctx_data_45_3_out|       pointer|
|ctx_data_4651_3_out         |  out|    8|      ap_vld|                     ctx_data_4651_3_out|       pointer|
|ctx_data_4651_3_out_ap_vld  |  out|    1|      ap_vld|                     ctx_data_4651_3_out|       pointer|
|ctx_data_47_3_out           |  out|    8|      ap_vld|                       ctx_data_47_3_out|       pointer|
|ctx_data_47_3_out_ap_vld    |  out|    1|      ap_vld|                       ctx_data_47_3_out|       pointer|
|ctx_data_48_3_out           |  out|    8|      ap_vld|                       ctx_data_48_3_out|       pointer|
|ctx_data_48_3_out_ap_vld    |  out|    1|      ap_vld|                       ctx_data_48_3_out|       pointer|
|ctx_data_49_3_out           |  out|    8|      ap_vld|                       ctx_data_49_3_out|       pointer|
|ctx_data_49_3_out_ap_vld    |  out|    1|      ap_vld|                       ctx_data_49_3_out|       pointer|
|ctx_data_50_3_out           |  out|    8|      ap_vld|                       ctx_data_50_3_out|       pointer|
|ctx_data_50_3_out_ap_vld    |  out|    1|      ap_vld|                       ctx_data_50_3_out|       pointer|
|ctx_data_51_3_out           |  out|    8|      ap_vld|                       ctx_data_51_3_out|       pointer|
|ctx_data_51_3_out_ap_vld    |  out|    1|      ap_vld|                       ctx_data_51_3_out|       pointer|
|ctx_data_52_3_out           |  out|    8|      ap_vld|                       ctx_data_52_3_out|       pointer|
|ctx_data_52_3_out_ap_vld    |  out|    1|      ap_vld|                       ctx_data_52_3_out|       pointer|
|ctx_data_53_3_out           |  out|    8|      ap_vld|                       ctx_data_53_3_out|       pointer|
|ctx_data_53_3_out_ap_vld    |  out|    1|      ap_vld|                       ctx_data_53_3_out|       pointer|
|ctx_data_54_3_out           |  out|    8|      ap_vld|                       ctx_data_54_3_out|       pointer|
|ctx_data_54_3_out_ap_vld    |  out|    1|      ap_vld|                       ctx_data_54_3_out|       pointer|
|ctx_data_55_3_out           |  out|    8|      ap_vld|                       ctx_data_55_3_out|       pointer|
|ctx_data_55_3_out_ap_vld    |  out|    1|      ap_vld|                       ctx_data_55_3_out|       pointer|
|ctx_data_56_1_out           |  out|    8|      ap_vld|                       ctx_data_56_1_out|       pointer|
|ctx_data_56_1_out_ap_vld    |  out|    1|      ap_vld|                       ctx_data_56_1_out|       pointer|
|ctx_data_5763_1_out         |  out|    8|      ap_vld|                     ctx_data_5763_1_out|       pointer|
|ctx_data_5763_1_out_ap_vld  |  out|    1|      ap_vld|                     ctx_data_5763_1_out|       pointer|
|ctx_data_58_1_out           |  out|    8|      ap_vld|                       ctx_data_58_1_out|       pointer|
|ctx_data_58_1_out_ap_vld    |  out|    1|      ap_vld|                       ctx_data_58_1_out|       pointer|
|ctx_data_63_1_out           |  out|    8|      ap_vld|                       ctx_data_63_1_out|       pointer|
|ctx_data_63_1_out_ap_vld    |  out|    1|      ap_vld|                       ctx_data_63_1_out|       pointer|
|ctx_data_62_1_out           |  out|    8|      ap_vld|                       ctx_data_62_1_out|       pointer|
|ctx_data_62_1_out_ap_vld    |  out|    1|      ap_vld|                       ctx_data_62_1_out|       pointer|
|ctx_data_61_1_out           |  out|    8|      ap_vld|                       ctx_data_61_1_out|       pointer|
|ctx_data_61_1_out_ap_vld    |  out|    1|      ap_vld|                       ctx_data_61_1_out|       pointer|
|ctx_data_60_1_out           |  out|    8|      ap_vld|                       ctx_data_60_1_out|       pointer|
|ctx_data_60_1_out_ap_vld    |  out|    1|      ap_vld|                       ctx_data_60_1_out|       pointer|
|ctx_data_59_1_out           |  out|    8|      ap_vld|                       ctx_data_59_1_out|       pointer|
|ctx_data_59_1_out_ap_vld    |  out|    1|      ap_vld|                       ctx_data_59_1_out|       pointer|
+----------------------------+-----+-----+------------+----------------------------------------+--------------+

