

================================================================
== Vitis HLS Report for 'sha256_final_Pipeline_VITIS_LOOP_110_1'
================================================================
* Date:           Wed Aug  2 01:54:39 2023

* Version:        2022.1 (Build 3526262 on Mon Apr 18 15:47:01 MDT 2022)
* Project:        shav-rsa
* Solution:       solution1 (Vivado IP Flow Target)
* Product family: virtexuplus
* Target device:  xcu280-fsvh2892-2L-e


================================================================
== Performance Estimates
================================================================
+ Timing: 
    * Summary: 
    +--------+----------+----------+------------+
    |  Clock |  Target  | Estimated| Uncertainty|
    +--------+----------+----------+------------+
    |ap_clk  |  10.00 ns|  1.534 ns|     2.70 ns|
    +--------+----------+----------+------------+

+ Latency: 
    * Summary: 
    +---------+---------+----------+----------+-----+-----+---------+
    |  Latency (cycles) |  Latency (absolute) |  Interval | Pipeline|
    |   min   |   max   |    min   |    max   | min | max |   Type  |
    +---------+---------+----------+----------+-----+-----+---------+
    |        ?|        ?|         ?|         ?|    ?|    ?|       no|
    +---------+---------+----------+----------+-----+-----+---------+

    + Detail: 
        * Instance: 
        N/A

        * Loop: 
        +--------------------+---------+---------+----------+-----------+-----------+------+----------+
        |                    |  Latency (cycles) | Iteration|  Initiation Interval  | Trip |          |
        |      Loop Name     |   min   |   max   |  Latency |  achieved |   target  | Count| Pipelined|
        +--------------------+---------+---------+----------+-----------+-----------+------+----------+
        |- VITIS_LOOP_110_1  |        ?|        ?|         1|          1|          1|     ?|       yes|
        +--------------------+---------+---------+----------+-----------+-----------+------+----------+



================================================================
== Utilization Estimates
================================================================
* Summary: 
+---------------------+---------+------+---------+---------+-----+
|         Name        | BRAM_18K|  DSP |    FF   |   LUT   | URAM|
+---------------------+---------+------+---------+---------+-----+
|DSP                  |        -|     -|        -|        -|    -|
|Expression           |        -|     -|        0|      205|    -|
|FIFO                 |        -|     -|        -|        -|    -|
|Instance             |        -|     -|        -|        -|    -|
|Memory               |        -|     -|        -|        -|    -|
|Multiplexer          |        -|     -|        -|      531|    -|
|Register             |        -|     -|      515|        -|    -|
+---------------------+---------+------+---------+---------+-----+
|Total                |        0|     0|      515|      736|    0|
+---------------------+---------+------+---------+---------+-----+
|Available SLR        |     1344|  3008|   869120|   434560|  320|
+---------------------+---------+------+---------+---------+-----+
|Utilization SLR (%)  |        0|     0|       ~0|       ~0|    0|
+---------------------+---------+------+---------+---------+-----+
|Available            |     4032|  9024|  2607360|  1303680|  960|
+---------------------+---------+------+---------+---------+-----+
|Utilization (%)      |        0|     0|       ~0|       ~0|    0|
+---------------------+---------+------+---------+---------+-----+

+ Detail: 
    * Instance: 
    N/A

    * DSP: 
    N/A

    * Memory: 
    N/A

    * FIFO: 
    N/A

    * Expression: 
    +-----------------------+----------+----+---+----+------------+------------+
    |     Variable Name     | Operation| DSP| FF| LUT| Bitwidth P0| Bitwidth P1|
    +-----------------------+----------+----+---+----+------------+------------+
    |i_8_fu_1632_p2         |         +|   0|  0|  71|          64|           1|
    |ap_condition_803       |       and|   0|  0|   2|           1|           1|
    |ap_condition_806       |       and|   0|  0|   2|           1|           1|
    |ap_condition_809       |       and|   0|  0|   2|           1|           1|
    |ap_condition_812       |       and|   0|  0|   2|           1|           1|
    |ap_condition_815       |       and|   0|  0|   2|           1|           1|
    |ap_condition_818       |       and|   0|  0|   2|           1|           1|
    |ap_condition_821       |       and|   0|  0|   2|           1|           1|
    |ap_condition_824       |       and|   0|  0|   2|           1|           1|
    |ap_condition_827       |       and|   0|  0|   2|           1|           1|
    |ap_condition_830       |       and|   0|  0|   2|           1|           1|
    |ap_condition_833       |       and|   0|  0|   2|           1|           1|
    |ap_condition_836       |       and|   0|  0|   2|           1|           1|
    |ap_condition_839       |       and|   0|  0|   2|           1|           1|
    |ap_condition_842       |       and|   0|  0|   2|           1|           1|
    |ap_condition_845       |       and|   0|  0|   2|           1|           1|
    |ap_condition_848       |       and|   0|  0|   2|           1|           1|
    |ap_condition_851       |       and|   0|  0|   2|           1|           1|
    |ap_condition_854       |       and|   0|  0|   2|           1|           1|
    |ap_condition_857       |       and|   0|  0|   2|           1|           1|
    |ap_condition_860       |       and|   0|  0|   2|           1|           1|
    |ap_condition_863       |       and|   0|  0|   2|           1|           1|
    |ap_condition_866       |       and|   0|  0|   2|           1|           1|
    |ap_condition_869       |       and|   0|  0|   2|           1|           1|
    |ap_condition_872       |       and|   0|  0|   2|           1|           1|
    |ap_condition_875       |       and|   0|  0|   2|           1|           1|
    |ap_condition_878       |       and|   0|  0|   2|           1|           1|
    |ap_condition_881       |       and|   0|  0|   2|           1|           1|
    |ap_condition_884       |       and|   0|  0|   2|           1|           1|
    |ap_condition_887       |       and|   0|  0|   2|           1|           1|
    |ap_condition_890       |       and|   0|  0|   2|           1|           1|
    |ap_condition_893       |       and|   0|  0|   2|           1|           1|
    |ap_condition_896       |       and|   0|  0|   2|           1|           1|
    |ap_condition_899       |       and|   0|  0|   2|           1|           1|
    |ap_condition_902       |       and|   0|  0|   2|           1|           1|
    |ap_condition_905       |       and|   0|  0|   2|           1|           1|
    |ap_condition_908       |       and|   0|  0|   2|           1|           1|
    |ap_condition_911       |       and|   0|  0|   2|           1|           1|
    |ap_condition_914       |       and|   0|  0|   2|           1|           1|
    |ap_condition_917       |       and|   0|  0|   2|           1|           1|
    |ap_condition_920       |       and|   0|  0|   2|           1|           1|
    |ap_condition_923       |       and|   0|  0|   2|           1|           1|
    |ap_condition_926       |       and|   0|  0|   2|           1|           1|
    |ap_condition_929       |       and|   0|  0|   2|           1|           1|
    |ap_condition_932       |       and|   0|  0|   2|           1|           1|
    |ap_condition_935       |       and|   0|  0|   2|           1|           1|
    |ap_condition_938       |       and|   0|  0|   2|           1|           1|
    |ap_condition_941       |       and|   0|  0|   2|           1|           1|
    |ap_condition_944       |       and|   0|  0|   2|           1|           1|
    |ap_condition_947       |       and|   0|  0|   2|           1|           1|
    |ap_condition_950       |       and|   0|  0|   2|           1|           1|
    |ap_condition_953       |       and|   0|  0|   2|           1|           1|
    |ap_condition_956       |       and|   0|  0|   2|           1|           1|
    |ap_condition_959       |       and|   0|  0|   2|           1|           1|
    |ap_condition_962       |       and|   0|  0|   2|           1|           1|
    |ap_condition_965       |       and|   0|  0|   2|           1|           1|
    |ap_condition_968       |       and|   0|  0|   2|           1|           1|
    |icmp_ln110_fu_1622_p2  |      icmp|   0|  0|  20|          32|           6|
    |ap_enable_pp0          |       xor|   0|  0|   2|           1|           2|
    +-----------------------+----------+----+---+----+------------+------------+
    |Total                  |          |   0|  0| 205|         153|          65|
    +-----------------------+----------+----+---+----+------------+------------+

    * Multiplexer: 
    +-------------------------+----+-----------+-----+-----------+
    |           Name          | LUT| Input Size| Bits| Total Bits|
    +-------------------------+----+-----------+-----+-----------+
    |ap_done_int              |   9|          2|    1|          2|
    |ap_enable_reg_pp0_iter1  |   9|          2|    1|          2|
    |ctx_data_0_1_fu_588      |   9|          2|    8|         16|
    |ctx_data_10_1_fu_548     |   9|          2|    8|         16|
    |ctx_data_11_1_fu_544     |   9|          2|    8|         16|
    |ctx_data_12_1_fu_540     |   9|          2|    8|         16|
    |ctx_data_1315_1_fu_536   |   9|          2|    8|         16|
    |ctx_data_14_1_fu_532     |   9|          2|    8|         16|
    |ctx_data_15_1_fu_528     |   9|          2|    8|         16|
    |ctx_data_16_1_fu_524     |   9|          2|    8|         16|
    |ctx_data_17_1_fu_520     |   9|          2|    8|         16|
    |ctx_data_18_1_fu_516     |   9|          2|    8|         16|
    |ctx_data_19_1_fu_512     |   9|          2|    8|         16|
    |ctx_data_1_1_fu_584      |   9|          2|    8|         16|
    |ctx_data_20_1_fu_508     |   9|          2|    8|         16|
    |ctx_data_21_1_fu_504     |   9|          2|    8|         16|
    |ctx_data_22_1_fu_500     |   9|          2|    8|         16|
    |ctx_data_23_1_fu_496     |   9|          2|    8|         16|
    |ctx_data_2427_1_fu_492   |   9|          2|    8|         16|
    |ctx_data_25_1_fu_488     |   9|          2|    8|         16|
    |ctx_data_26_1_fu_484     |   9|          2|    8|         16|
    |ctx_data_27_1_fu_480     |   9|          2|    8|         16|
    |ctx_data_28_1_fu_476     |   9|          2|    8|         16|
    |ctx_data_29_1_fu_472     |   9|          2|    8|         16|
    |ctx_data_2_1_fu_580      |   9|          2|    8|         16|
    |ctx_data_30_1_fu_468     |   9|          2|    8|         16|
    |ctx_data_31_1_fu_464     |   9|          2|    8|         16|
    |ctx_data_32_1_fu_460     |   9|          2|    8|         16|
    |ctx_data_33_1_fu_456     |   9|          2|    8|         16|
    |ctx_data_34_1_fu_452     |   9|          2|    8|         16|
    |ctx_data_3539_1_fu_448   |   9|          2|    8|         16|
    |ctx_data_36_1_fu_444     |   9|          2|    8|         16|
    |ctx_data_37_1_fu_440     |   9|          2|    8|         16|
    |ctx_data_38_1_fu_436     |   9|          2|    8|         16|
    |ctx_data_39_1_fu_432     |   9|          2|    8|         16|
    |ctx_data_3_1_fu_576      |   9|          2|    8|         16|
    |ctx_data_40_1_fu_428     |   9|          2|    8|         16|
    |ctx_data_41_1_fu_424     |   9|          2|    8|         16|
    |ctx_data_42_1_fu_420     |   9|          2|    8|         16|
    |ctx_data_43_1_fu_416     |   9|          2|    8|         16|
    |ctx_data_44_1_fu_412     |   9|          2|    8|         16|
    |ctx_data_45_1_fu_408     |   9|          2|    8|         16|
    |ctx_data_4651_1_fu_404   |   9|          2|    8|         16|
    |ctx_data_47_1_fu_400     |   9|          2|    8|         16|
    |ctx_data_48_1_fu_396     |   9|          2|    8|         16|
    |ctx_data_49_1_fu_392     |   9|          2|    8|         16|
    |ctx_data_4_1_fu_572      |   9|          2|    8|         16|
    |ctx_data_50_1_fu_388     |   9|          2|    8|         16|
    |ctx_data_51_1_fu_384     |   9|          2|    8|         16|
    |ctx_data_52_1_fu_380     |   9|          2|    8|         16|
    |ctx_data_53_1_fu_376     |   9|          2|    8|         16|
    |ctx_data_54_1_fu_372     |   9|          2|    8|         16|
    |ctx_data_55_1_fu_368     |   9|          2|    8|         16|
    |ctx_data_5_1_fu_568      |   9|          2|    8|         16|
    |ctx_data_6_1_fu_564      |   9|          2|    8|         16|
    |ctx_data_7_1_fu_560      |   9|          2|    8|         16|
    |ctx_data_8_1_fu_556      |   9|          2|    8|         16|
    |ctx_data_9_1_fu_552      |   9|          2|    8|         16|
    |i_fu_364                 |   9|          2|   64|        128|
    +-------------------------+----+-----------+-----+-----------+
    |Total                    | 531|        118|  514|       1028|
    +-------------------------+----+-----------+-----+-----------+

    * Register: 
    +-------------------------+----+----+-----+-----------+
    |           Name          | FF | LUT| Bits| Const Bits|
    +-------------------------+----+----+-----+-----------+
    |ap_CS_fsm                |   1|   0|    1|          0|
    |ap_done_reg              |   1|   0|    1|          0|
    |ap_enable_reg_pp0_iter1  |   1|   0|    1|          0|
    |ctx_data_0_1_fu_588      |   8|   0|    8|          0|
    |ctx_data_10_1_fu_548     |   8|   0|    8|          0|
    |ctx_data_11_1_fu_544     |   8|   0|    8|          0|
    |ctx_data_12_1_fu_540     |   8|   0|    8|          0|
    |ctx_data_1315_1_fu_536   |   8|   0|    8|          0|
    |ctx_data_14_1_fu_532     |   8|   0|    8|          0|
    |ctx_data_15_1_fu_528     |   8|   0|    8|          0|
    |ctx_data_16_1_fu_524     |   8|   0|    8|          0|
    |ctx_data_17_1_fu_520     |   8|   0|    8|          0|
    |ctx_data_18_1_fu_516     |   8|   0|    8|          0|
    |ctx_data_19_1_fu_512     |   8|   0|    8|          0|
    |ctx_data_1_1_fu_584      |   8|   0|    8|          0|
    |ctx_data_20_1_fu_508     |   8|   0|    8|          0|
    |ctx_data_21_1_fu_504     |   8|   0|    8|          0|
    |ctx_data_22_1_fu_500     |   8|   0|    8|          0|
    |ctx_data_23_1_fu_496     |   8|   0|    8|          0|
    |ctx_data_2427_1_fu_492   |   8|   0|    8|          0|
    |ctx_data_25_1_fu_488     |   8|   0|    8|          0|
    |ctx_data_26_1_fu_484     |   8|   0|    8|          0|
    |ctx_data_27_1_fu_480     |   8|   0|    8|          0|
    |ctx_data_28_1_fu_476     |   8|   0|    8|          0|
    |ctx_data_29_1_fu_472     |   8|   0|    8|          0|
    |ctx_data_2_1_fu_580      |   8|   0|    8|          0|
    |ctx_data_30_1_fu_468     |   8|   0|    8|          0|
    |ctx_data_31_1_fu_464     |   8|   0|    8|          0|
    |ctx_data_32_1_fu_460     |   8|   0|    8|          0|
    |ctx_data_33_1_fu_456     |   8|   0|    8|          0|
    |ctx_data_34_1_fu_452     |   8|   0|    8|          0|
    |ctx_data_3539_1_fu_448   |   8|   0|    8|          0|
    |ctx_data_36_1_fu_444     |   8|   0|    8|          0|
    |ctx_data_37_1_fu_440     |   8|   0|    8|          0|
    |ctx_data_38_1_fu_436     |   8|   0|    8|          0|
    |ctx_data_39_1_fu_432     |   8|   0|    8|          0|
    |ctx_data_3_1_fu_576      |   8|   0|    8|          0|
    |ctx_data_40_1_fu_428     |   8|   0|    8|          0|
    |ctx_data_41_1_fu_424     |   8|   0|    8|          0|
    |ctx_data_42_1_fu_420     |   8|   0|    8|          0|
    |ctx_data_43_1_fu_416     |   8|   0|    8|          0|
    |ctx_data_44_1_fu_412     |   8|   0|    8|          0|
    |ctx_data_45_1_fu_408     |   8|   0|    8|          0|
    |ctx_data_4651_1_fu_404   |   8|   0|    8|          0|
    |ctx_data_47_1_fu_400     |   8|   0|    8|          0|
    |ctx_data_48_1_fu_396     |   8|   0|    8|          0|
    |ctx_data_49_1_fu_392     |   8|   0|    8|          0|
    |ctx_data_4_1_fu_572      |   8|   0|    8|          0|
    |ctx_data_50_1_fu_388     |   8|   0|    8|          0|
    |ctx_data_51_1_fu_384     |   8|   0|    8|          0|
    |ctx_data_52_1_fu_380     |   8|   0|    8|          0|
    |ctx_data_53_1_fu_376     |   8|   0|    8|          0|
    |ctx_data_54_1_fu_372     |   8|   0|    8|          0|
    |ctx_data_55_1_fu_368     |   8|   0|    8|          0|
    |ctx_data_5_1_fu_568      |   8|   0|    8|          0|
    |ctx_data_6_1_fu_564      |   8|   0|    8|          0|
    |ctx_data_7_1_fu_560      |   8|   0|    8|          0|
    |ctx_data_8_1_fu_556      |   8|   0|    8|          0|
    |ctx_data_9_1_fu_552      |   8|   0|    8|          0|
    |i_fu_364                 |  64|   0|   64|          0|
    +-------------------------+----+----+-----+-----------+
    |Total                    | 515|   0|  515|          0|
    +-------------------------+----+----+-----+-----------+



================================================================
== Interface
================================================================
* Summary: 
+----------------------------+-----+-----+------------+----------------------------------------+--------------+
|          RTL Ports         | Dir | Bits|  Protocol  |              Source Object             |    C Type    |
+----------------------------+-----+-----+------------+----------------------------------------+--------------+
|ap_clk                      |   in|    1|  ap_ctrl_hs|  sha256_final_Pipeline_VITIS_LOOP_110_1|  return value|
|ap_rst                      |   in|    1|  ap_ctrl_hs|  sha256_final_Pipeline_VITIS_LOOP_110_1|  return value|
|ap_start                    |   in|    1|  ap_ctrl_hs|  sha256_final_Pipeline_VITIS_LOOP_110_1|  return value|
|ap_done                     |  out|    1|  ap_ctrl_hs|  sha256_final_Pipeline_VITIS_LOOP_110_1|  return value|
|ap_idle                     |  out|    1|  ap_ctrl_hs|  sha256_final_Pipeline_VITIS_LOOP_110_1|  return value|
|ap_ready                    |  out|    1|  ap_ctrl_hs|  sha256_final_Pipeline_VITIS_LOOP_110_1|  return value|
|ctx_data_0_0                |   in|    8|     ap_none|                            ctx_data_0_0|        scalar|
|ctx_data_1_0                |   in|    8|     ap_none|                            ctx_data_1_0|        scalar|
|ctx_data_2_0                |   in|    8|     ap_none|                            ctx_data_2_0|        scalar|
|ctx_data_3_0                |   in|    8|     ap_none|                            ctx_data_3_0|        scalar|
|ctx_data_4_0                |   in|    8|     ap_none|                            ctx_data_4_0|        scalar|
|ctx_data_5_0                |   in|    8|     ap_none|                            ctx_data_5_0|        scalar|
|ctx_data_6_0                |   in|    8|     ap_none|                            ctx_data_6_0|        scalar|
|ctx_data_7_0                |   in|    8|     ap_none|                            ctx_data_7_0|        scalar|
|ctx_data_8_0                |   in|    8|     ap_none|                            ctx_data_8_0|        scalar|
|ctx_data_9_0                |   in|    8|     ap_none|                            ctx_data_9_0|        scalar|
|ctx_data_10_0               |   in|    8|     ap_none|                           ctx_data_10_0|        scalar|
|ctx_data_11_0               |   in|    8|     ap_none|                           ctx_data_11_0|        scalar|
|ctx_data_12_0               |   in|    8|     ap_none|                           ctx_data_12_0|        scalar|
|ctx_data_1315_0             |   in|    8|     ap_none|                         ctx_data_1315_0|        scalar|
|ctx_data_14_0               |   in|    8|     ap_none|                           ctx_data_14_0|        scalar|
|ctx_data_15_0               |   in|    8|     ap_none|                           ctx_data_15_0|        scalar|
|ctx_data_16_0               |   in|    8|     ap_none|                           ctx_data_16_0|        scalar|
|ctx_data_17_0               |   in|    8|     ap_none|                           ctx_data_17_0|        scalar|
|ctx_data_18_0               |   in|    8|     ap_none|                           ctx_data_18_0|        scalar|
|ctx_data_19_0               |   in|    8|     ap_none|                           ctx_data_19_0|        scalar|
|ctx_data_20_0               |   in|    8|     ap_none|                           ctx_data_20_0|        scalar|
|ctx_data_21_0               |   in|    8|     ap_none|                           ctx_data_21_0|        scalar|
|ctx_data_22_0               |   in|    8|     ap_none|                           ctx_data_22_0|        scalar|
|ctx_data_23_0               |   in|    8|     ap_none|                           ctx_data_23_0|        scalar|
|ctx_data_2427_0             |   in|    8|     ap_none|                         ctx_data_2427_0|        scalar|
|ctx_data_25_0               |   in|    8|     ap_none|                           ctx_data_25_0|        scalar|
|ctx_data_26_0               |   in|    8|     ap_none|                           ctx_data_26_0|        scalar|
|ctx_data_27_0               |   in|    8|     ap_none|                           ctx_data_27_0|        scalar|
|ctx_data_28_0               |   in|    8|     ap_none|                           ctx_data_28_0|        scalar|
|ctx_data_29_0               |   in|    8|     ap_none|                           ctx_data_29_0|        scalar|
|ctx_data_30_0               |   in|    8|     ap_none|                           ctx_data_30_0|        scalar|
|ctx_data_31_0               |   in|    8|     ap_none|                           ctx_data_31_0|        scalar|
|ctx_data_32_0               |   in|    8|     ap_none|                           ctx_data_32_0|        scalar|
|ctx_data_33_0               |   in|    8|     ap_none|                           ctx_data_33_0|        scalar|
|ctx_data_34_0               |   in|    8|     ap_none|                           ctx_data_34_0|        scalar|
|ctx_data_3539_0             |   in|    8|     ap_none|                         ctx_data_3539_0|        scalar|
|ctx_data_36_0               |   in|    8|     ap_none|                           ctx_data_36_0|        scalar|
|ctx_data_37_0               |   in|    8|     ap_none|                           ctx_data_37_0|        scalar|
|ctx_data_38_0               |   in|    8|     ap_none|                           ctx_data_38_0|        scalar|
|ctx_data_39_0               |   in|    8|     ap_none|                           ctx_data_39_0|        scalar|
|ctx_data_40_0               |   in|    8|     ap_none|                           ctx_data_40_0|        scalar|
|ctx_data_41_0               |   in|    8|     ap_none|                           ctx_data_41_0|        scalar|
|ctx_data_42_0               |   in|    8|     ap_none|                           ctx_data_42_0|        scalar|
|ctx_data_43_0               |   in|    8|     ap_none|                           ctx_data_43_0|        scalar|
|ctx_data_44_0               |   in|    8|     ap_none|                           ctx_data_44_0|        scalar|
|ctx_data_45_0               |   in|    8|     ap_none|                           ctx_data_45_0|        scalar|
|ctx_data_4651_0             |   in|    8|     ap_none|                         ctx_data_4651_0|        scalar|
|ctx_data_47_0               |   in|    8|     ap_none|                           ctx_data_47_0|        scalar|
|ctx_data_48_0               |   in|    8|     ap_none|                           ctx_data_48_0|        scalar|
|ctx_data_49_0               |   in|    8|     ap_none|                           ctx_data_49_0|        scalar|
|ctx_data_50_0               |   in|    8|     ap_none|                           ctx_data_50_0|        scalar|
|ctx_data_51_0               |   in|    8|     ap_none|                           ctx_data_51_0|        scalar|
|ctx_data_52_0               |   in|    8|     ap_none|                           ctx_data_52_0|        scalar|
|ctx_data_53_0               |   in|    8|     ap_none|                           ctx_data_53_0|        scalar|
|ctx_data_54_0               |   in|    8|     ap_none|                           ctx_data_54_0|        scalar|
|ctx_data_55_0               |   in|    8|     ap_none|                           ctx_data_55_0|        scalar|
|zext_ln109                  |   in|    6|     ap_none|                              zext_ln109|        scalar|
|ctx_data_0_1_out            |  out|    8|      ap_vld|                        ctx_data_0_1_out|       pointer|
|ctx_data_0_1_out_ap_vld     |  out|    1|      ap_vld|                        ctx_data_0_1_out|       pointer|
|ctx_data_1_1_out            |  out|    8|      ap_vld|                        ctx_data_1_1_out|       pointer|
|ctx_data_1_1_out_ap_vld     |  out|    1|      ap_vld|                        ctx_data_1_1_out|       pointer|
|ctx_data_2_1_out            |  out|    8|      ap_vld|                        ctx_data_2_1_out|       pointer|
|ctx_data_2_1_out_ap_vld     |  out|    1|      ap_vld|                        ctx_data_2_1_out|       pointer|
|ctx_data_3_1_out            |  out|    8|      ap_vld|                        ctx_data_3_1_out|       pointer|
|ctx_data_3_1_out_ap_vld     |  out|    1|      ap_vld|                        ctx_data_3_1_out|       pointer|
|ctx_data_4_1_out            |  out|    8|      ap_vld|                        ctx_data_4_1_out|       pointer|
|ctx_data_4_1_out_ap_vld     |  out|    1|      ap_vld|                        ctx_data_4_1_out|       pointer|
|ctx_data_5_1_out            |  out|    8|      ap_vld|                        ctx_data_5_1_out|       pointer|
|ctx_data_5_1_out_ap_vld     |  out|    1|      ap_vld|                        ctx_data_5_1_out|       pointer|
|ctx_data_6_1_out            |  out|    8|      ap_vld|                        ctx_data_6_1_out|       pointer|
|ctx_data_6_1_out_ap_vld     |  out|    1|      ap_vld|                        ctx_data_6_1_out|       pointer|
|ctx_data_7_1_out            |  out|    8|      ap_vld|                        ctx_data_7_1_out|       pointer|
|ctx_data_7_1_out_ap_vld     |  out|    1|      ap_vld|                        ctx_data_7_1_out|       pointer|
|ctx_data_8_1_out            |  out|    8|      ap_vld|                        ctx_data_8_1_out|       pointer|
|ctx_data_8_1_out_ap_vld     |  out|    1|      ap_vld|                        ctx_data_8_1_out|       pointer|
|ctx_data_9_1_out            |  out|    8|      ap_vld|                        ctx_data_9_1_out|       pointer|
|ctx_data_9_1_out_ap_vld     |  out|    1|      ap_vld|                        ctx_data_9_1_out|       pointer|
|ctx_data_10_1_out           |  out|    8|      ap_vld|                       ctx_data_10_1_out|       pointer|
|ctx_data_10_1_out_ap_vld    |  out|    1|      ap_vld|                       ctx_data_10_1_out|       pointer|
|ctx_data_11_1_out           |  out|    8|      ap_vld|                       ctx_data_11_1_out|       pointer|
|ctx_data_11_1_out_ap_vld    |  out|    1|      ap_vld|                       ctx_data_11_1_out|       pointer|
|ctx_data_12_1_out           |  out|    8|      ap_vld|                       ctx_data_12_1_out|       pointer|
|ctx_data_12_1_out_ap_vld    |  out|    1|      ap_vld|                       ctx_data_12_1_out|       pointer|
|ctx_data_1315_1_out         |  out|    8|      ap_vld|                     ctx_data_1315_1_out|       pointer|
|ctx_data_1315_1_out_ap_vld  |  out|    1|      ap_vld|                     ctx_data_1315_1_out|       pointer|
|ctx_data_14_1_out           |  out|    8|      ap_vld|                       ctx_data_14_1_out|       pointer|
|ctx_data_14_1_out_ap_vld    |  out|    1|      ap_vld|                       ctx_data_14_1_out|       pointer|
|ctx_data_15_1_out           |  out|    8|      ap_vld|                       ctx_data_15_1_out|       pointer|
|ctx_data_15_1_out_ap_vld    |  out|    1|      ap_vld|                       ctx_data_15_1_out|       pointer|
|ctx_data_16_1_out           |  out|    8|      ap_vld|                       ctx_data_16_1_out|       pointer|
|ctx_data_16_1_out_ap_vld    |  out|    1|      ap_vld|                       ctx_data_16_1_out|       pointer|
|ctx_data_17_1_out           |  out|    8|      ap_vld|                       ctx_data_17_1_out|       pointer|
|ctx_data_17_1_out_ap_vld    |  out|    1|      ap_vld|                       ctx_data_17_1_out|       pointer|
|ctx_data_18_1_out           |  out|    8|      ap_vld|                       ctx_data_18_1_out|       pointer|
|ctx_data_18_1_out_ap_vld    |  out|    1|      ap_vld|                       ctx_data_18_1_out|       pointer|
|ctx_data_19_1_out           |  out|    8|      ap_vld|                       ctx_data_19_1_out|       pointer|
|ctx_data_19_1_out_ap_vld    |  out|    1|      ap_vld|                       ctx_data_19_1_out|       pointer|
|ctx_data_20_1_out           |  out|    8|      ap_vld|                       ctx_data_20_1_out|       pointer|
|ctx_data_20_1_out_ap_vld    |  out|    1|      ap_vld|                       ctx_data_20_1_out|       pointer|
|ctx_data_21_1_out           |  out|    8|      ap_vld|                       ctx_data_21_1_out|       pointer|
|ctx_data_21_1_out_ap_vld    |  out|    1|      ap_vld|                       ctx_data_21_1_out|       pointer|
|ctx_data_22_1_out           |  out|    8|      ap_vld|                       ctx_data_22_1_out|       pointer|
|ctx_data_22_1_out_ap_vld    |  out|    1|      ap_vld|                       ctx_data_22_1_out|       pointer|
|ctx_data_23_1_out           |  out|    8|      ap_vld|                       ctx_data_23_1_out|       pointer|
|ctx_data_23_1_out_ap_vld    |  out|    1|      ap_vld|                       ctx_data_23_1_out|       pointer|
|ctx_data_2427_1_out         |  out|    8|      ap_vld|                     ctx_data_2427_1_out|       pointer|
|ctx_data_2427_1_out_ap_vld  |  out|    1|      ap_vld|                     ctx_data_2427_1_out|       pointer|
|ctx_data_25_1_out           |  out|    8|      ap_vld|                       ctx_data_25_1_out|       pointer|
|ctx_data_25_1_out_ap_vld    |  out|    1|      ap_vld|                       ctx_data_25_1_out|       pointer|
|ctx_data_26_1_out           |  out|    8|      ap_vld|                       ctx_data_26_1_out|       pointer|
|ctx_data_26_1_out_ap_vld    |  out|    1|      ap_vld|                       ctx_data_26_1_out|       pointer|
|ctx_data_27_1_out           |  out|    8|      ap_vld|                       ctx_data_27_1_out|       pointer|
|ctx_data_27_1_out_ap_vld    |  out|    1|      ap_vld|                       ctx_data_27_1_out|       pointer|
|ctx_data_28_1_out           |  out|    8|      ap_vld|                       ctx_data_28_1_out|       pointer|
|ctx_data_28_1_out_ap_vld    |  out|    1|      ap_vld|                       ctx_data_28_1_out|       pointer|
|ctx_data_29_1_out           |  out|    8|      ap_vld|                       ctx_data_29_1_out|       pointer|
|ctx_data_29_1_out_ap_vld    |  out|    1|      ap_vld|                       ctx_data_29_1_out|       pointer|
|ctx_data_30_1_out           |  out|    8|      ap_vld|                       ctx_data_30_1_out|       pointer|
|ctx_data_30_1_out_ap_vld    |  out|    1|      ap_vld|                       ctx_data_30_1_out|       pointer|
|ctx_data_31_1_out           |  out|    8|      ap_vld|                       ctx_data_31_1_out|       pointer|
|ctx_data_31_1_out_ap_vld    |  out|    1|      ap_vld|                       ctx_data_31_1_out|       pointer|
|ctx_data_32_1_out           |  out|    8|      ap_vld|                       ctx_data_32_1_out|       pointer|
|ctx_data_32_1_out_ap_vld    |  out|    1|      ap_vld|                       ctx_data_32_1_out|       pointer|
|ctx_data_33_1_out           |  out|    8|      ap_vld|                       ctx_data_33_1_out|       pointer|
|ctx_data_33_1_out_ap_vld    |  out|    1|      ap_vld|                       ctx_data_33_1_out|       pointer|
|ctx_data_34_1_out           |  out|    8|      ap_vld|                       ctx_data_34_1_out|       pointer|
|ctx_data_34_1_out_ap_vld    |  out|    1|      ap_vld|                       ctx_data_34_1_out|       pointer|
|ctx_data_3539_1_out         |  out|    8|      ap_vld|                     ctx_data_3539_1_out|       pointer|
|ctx_data_3539_1_out_ap_vld  |  out|    1|      ap_vld|                     ctx_data_3539_1_out|       pointer|
|ctx_data_36_1_out           |  out|    8|      ap_vld|                       ctx_data_36_1_out|       pointer|
|ctx_data_36_1_out_ap_vld    |  out|    1|      ap_vld|                       ctx_data_36_1_out|       pointer|
|ctx_data_37_1_out           |  out|    8|      ap_vld|                       ctx_data_37_1_out|       pointer|
|ctx_data_37_1_out_ap_vld    |  out|    1|      ap_vld|                       ctx_data_37_1_out|       pointer|
|ctx_data_38_1_out           |  out|    8|      ap_vld|                       ctx_data_38_1_out|       pointer|
|ctx_data_38_1_out_ap_vld    |  out|    1|      ap_vld|                       ctx_data_38_1_out|       pointer|
|ctx_data_39_1_out           |  out|    8|      ap_vld|                       ctx_data_39_1_out|       pointer|
|ctx_data_39_1_out_ap_vld    |  out|    1|      ap_vld|                       ctx_data_39_1_out|       pointer|
|ctx_data_40_1_out           |  out|    8|      ap_vld|                       ctx_data_40_1_out|       pointer|
|ctx_data_40_1_out_ap_vld    |  out|    1|      ap_vld|                       ctx_data_40_1_out|       pointer|
|ctx_data_41_1_out           |  out|    8|      ap_vld|                       ctx_data_41_1_out|       pointer|
|ctx_data_41_1_out_ap_vld    |  out|    1|      ap_vld|                       ctx_data_41_1_out|       pointer|
|ctx_data_42_1_out           |  out|    8|      ap_vld|                       ctx_data_42_1_out|       pointer|
|ctx_data_42_1_out_ap_vld    |  out|    1|      ap_vld|                       ctx_data_42_1_out|       pointer|
|ctx_data_43_1_out           |  out|    8|      ap_vld|                       ctx_data_43_1_out|       pointer|
|ctx_data_43_1_out_ap_vld    |  out|    1|      ap_vld|                       ctx_data_43_1_out|       pointer|
|ctx_data_44_1_out           |  out|    8|      ap_vld|                       ctx_data_44_1_out|       pointer|
|ctx_data_44_1_out_ap_vld    |  out|    1|      ap_vld|                       ctx_data_44_1_out|       pointer|
|ctx_data_45_1_out           |  out|    8|      ap_vld|                       ctx_data_45_1_out|       pointer|
|ctx_data_45_1_out_ap_vld    |  out|    1|      ap_vld|                       ctx_data_45_1_out|       pointer|
|ctx_data_4651_1_out         |  out|    8|      ap_vld|                     ctx_data_4651_1_out|       pointer|
|ctx_data_4651_1_out_ap_vld  |  out|    1|      ap_vld|                     ctx_data_4651_1_out|       pointer|
|ctx_data_47_1_out           |  out|    8|      ap_vld|                       ctx_data_47_1_out|       pointer|
|ctx_data_47_1_out_ap_vld    |  out|    1|      ap_vld|                       ctx_data_47_1_out|       pointer|
|ctx_data_48_1_out           |  out|    8|      ap_vld|                       ctx_data_48_1_out|       pointer|
|ctx_data_48_1_out_ap_vld    |  out|    1|      ap_vld|                       ctx_data_48_1_out|       pointer|
|ctx_data_49_1_out           |  out|    8|      ap_vld|                       ctx_data_49_1_out|       pointer|
|ctx_data_49_1_out_ap_vld    |  out|    1|      ap_vld|                       ctx_data_49_1_out|       pointer|
|ctx_data_50_1_out           |  out|    8|      ap_vld|                       ctx_data_50_1_out|       pointer|
|ctx_data_50_1_out_ap_vld    |  out|    1|      ap_vld|                       ctx_data_50_1_out|       pointer|
|ctx_data_51_1_out           |  out|    8|      ap_vld|                       ctx_data_51_1_out|       pointer|
|ctx_data_51_1_out_ap_vld    |  out|    1|      ap_vld|                       ctx_data_51_1_out|       pointer|
|ctx_data_52_1_out           |  out|    8|      ap_vld|                       ctx_data_52_1_out|       pointer|
|ctx_data_52_1_out_ap_vld    |  out|    1|      ap_vld|                       ctx_data_52_1_out|       pointer|
|ctx_data_53_1_out           |  out|    8|      ap_vld|                       ctx_data_53_1_out|       pointer|
|ctx_data_53_1_out_ap_vld    |  out|    1|      ap_vld|                       ctx_data_53_1_out|       pointer|
|ctx_data_54_1_out           |  out|    8|      ap_vld|                       ctx_data_54_1_out|       pointer|
|ctx_data_54_1_out_ap_vld    |  out|    1|      ap_vld|                       ctx_data_54_1_out|       pointer|
|ctx_data_55_1_out           |  out|    8|      ap_vld|                       ctx_data_55_1_out|       pointer|
|ctx_data_55_1_out_ap_vld    |  out|    1|      ap_vld|                       ctx_data_55_1_out|       pointer|
+----------------------------+-----+-----+------------+----------------------------------------+--------------+

