

================================================================
== Vitis HLS Report for 'sha256_final_Pipeline_VITIS_LOOP_138_4'
================================================================
* Date:           Wed Aug  2 01:54:41 2023

* Version:        2022.1 (Build 3526262 on Mon Apr 18 15:47:01 MDT 2022)
* Project:        shav-rsa
* Solution:       solution1 (Vivado IP Flow Target)
* Product family: virtexuplus
* Target device:  xcu280-fsvh2892-2L-e


================================================================
== Performance Estimates
================================================================
+ Timing: 
    * Summary: 
    +--------+----------+----------+------------+
    |  Clock |  Target  | Estimated| Uncertainty|
    +--------+----------+----------+------------+
    |ap_clk  |  10.00 ns|  1.760 ns|     2.70 ns|
    +--------+----------+----------+------------+

+ Latency: 
    * Summary: 
    +---------+---------+-----------+-----------+-----+-----+---------+
    |  Latency (cycles) |   Latency (absolute)  |  Interval | Pipeline|
    |   min   |   max   |    min    |    max    | min | max |   Type  |
    +---------+---------+-----------+-----------+-----+-----+---------+
    |        6|        6|  60.000 ns|  60.000 ns|    6|    6|       no|
    +---------+---------+-----------+-----------+-----+-----+---------+

    + Detail: 
        * Instance: 
        N/A

        * Loop: 
        +--------------------+---------+---------+----------+-----------+-----------+------+----------+
        |                    |  Latency (cycles) | Iteration|  Initiation Interval  | Trip |          |
        |      Loop Name     |   min   |   max   |  Latency |  achieved |   target  | Count| Pipelined|
        +--------------------+---------+---------+----------+-----------+-----------+------+----------+
        |- VITIS_LOOP_138_4  |        4|        4|         1|          1|          1|     4|       yes|
        +--------------------+---------+---------+----------+-----------+-----------+------+----------+



================================================================
== Utilization Estimates
================================================================
* Summary: 
+---------------------+---------+------+---------+---------+-----+
|         Name        | BRAM_18K|  DSP |    FF   |   LUT   | URAM|
+---------------------+---------+------+---------+---------+-----+
|DSP                  |        -|     -|        -|        -|    -|
|Expression           |        -|     -|        0|      767|    -|
|FIFO                 |        -|     -|        -|        -|    -|
|Instance             |        -|     -|        -|        -|    -|
|Memory               |        -|     -|        -|        -|    -|
|Multiplexer          |        -|     -|        -|       27|    -|
|Register             |        -|     -|      293|        -|    -|
+---------------------+---------+------+---------+---------+-----+
|Total                |        0|     0|      293|      794|    0|
+---------------------+---------+------+---------+---------+-----+
|Available SLR        |     1344|  3008|   869120|   434560|  320|
+---------------------+---------+------+---------+---------+-----+
|Utilization SLR (%)  |        0|     0|       ~0|       ~0|    0|
+---------------------+---------+------+---------+---------+-----+
|Available            |     4032|  9024|  2607360|  1303680|  960|
+---------------------+---------+------+---------+---------+-----+
|Utilization (%)      |        0|     0|       ~0|       ~0|    0|
+---------------------+---------+------+---------+---------+-----+

+ Detail: 
    * Instance: 
    N/A

    * DSP: 
    N/A

    * Memory: 
    N/A

    * FIFO: 
    N/A

    * Expression: 
    +-----------------------+----------+----+---+----+------------+------------+
    |     Variable Name     | Operation| DSP| FF| LUT| Bitwidth P0| Bitwidth P1|
    +-----------------------+----------+----+---+----+------------+------------+
    |add_ln138_fu_1118_p2   |         +|   0|  0|  10|           3|           1|
    |sub_ln139_fu_1136_p2   |         -|   0|  0|  12|           5|           5|
    |icmp_ln138_fu_1112_p2  |      icmp|   0|  0|   9|           3|           4|
    |lshr_ln139_fu_1146_p2  |      lshr|   0|  0|  92|          32|          32|
    |lshr_ln140_fu_1156_p2  |      lshr|   0|  0|  92|          32|          32|
    |lshr_ln141_fu_1166_p2  |      lshr|   0|  0|  92|          32|          32|
    |lshr_ln142_fu_1176_p2  |      lshr|   0|  0|  92|          32|          32|
    |lshr_ln143_fu_1186_p2  |      lshr|   0|  0|  92|          32|          32|
    |lshr_ln144_fu_1196_p2  |      lshr|   0|  0|  92|          32|          32|
    |lshr_ln145_fu_1206_p2  |      lshr|   0|  0|  92|          32|          32|
    |lshr_ln146_fu_1216_p2  |      lshr|   0|  0|  92|          32|          32|
    +-----------------------+----------+----+---+----+------------+------------+
    |Total                  |          |   0|  0| 767|         267|         266|
    +-----------------------+----------+----+---+----+------------+------------+

    * Multiplexer: 
    +----------------------+----+-----------+-----+-----------+
    |         Name         | LUT| Input Size| Bits| Total Bits|
    +----------------------+----+-----------+-----+-----------+
    |ap_done_int           |   9|          2|    1|          2|
    |ap_sig_allocacmp_i_4  |   9|          2|    3|          6|
    |i_fu_188              |   9|          2|    3|          6|
    +----------------------+----+-----------+-----+-----------+
    |Total                 |  27|          6|    7|         14|
    +----------------------+----+-----------+-----+-----------+

    * Register: 
    +------------------------+---+----+-----+-----------+
    |          Name          | FF| LUT| Bits| Const Bits|
    +------------------------+---+----+-----+-----------+
    |ap_CS_fsm               |  1|   0|    1|          0|
    |ap_done_reg             |  1|   0|    1|          0|
    |hash_0_0104_fu_248      |  8|   0|    8|          0|
    |hash_10_0126_fu_424     |  8|   0|    8|          0|
    |hash_11_0124_fu_412     |  8|   0|    8|          0|
    |hash_12_0123_fu_400     |  8|   0|    8|          0|
    |hash_13_0121_fu_388     |  8|   0|    8|          0|
    |hash_14_0120_fu_376     |  8|   0|    8|          0|
    |hash_15_0118_fu_364     |  8|   0|    8|          0|
    |hash_16_0117_fu_352     |  8|   0|    8|          0|
    |hash_17_0115_fu_340     |  8|   0|    8|          0|
    |hash_18_0114_fu_328     |  8|   0|    8|          0|
    |hash_19_0112_fu_316     |  8|   0|    8|          0|
    |hash_1_0107_fu_272      |  8|   0|    8|          0|
    |hash_20_0111_fu_304     |  8|   0|    8|          0|
    |hash_21_0109_fu_292     |  8|   0|    8|          0|
    |hash_22_0108_fu_280     |  8|   0|    8|          0|
    |hash_23_0106_fu_268     |  8|   0|    8|          0|
    |hash_24_0105_fu_256     |  8|   0|    8|          0|
    |hash_25_0103_fu_244     |  8|   0|    8|          0|
    |hash_26_0102_fu_232     |  8|   0|    8|          0|
    |hash_27_0101_fu_224     |  8|   0|    8|          0|
    |hash_28_0100_fu_216     |  8|   0|    8|          0|
    |hash_29_099_fu_208      |  8|   0|    8|          0|
    |hash_2_0110_fu_296      |  8|   0|    8|          0|
    |hash_30_098_fu_200      |  8|   0|    8|          0|
    |hash_31_097_fu_192      |  8|   0|    8|          0|
    |hash_3_0113_fu_320      |  8|   0|    8|          0|
    |hash_4_0116_fu_344      |  8|   0|    8|          0|
    |hash_5_0119_fu_368      |  8|   0|    8|          0|
    |hash_6_0122_fu_392      |  8|   0|    8|          0|
    |hash_7_0125_fu_416      |  8|   0|    8|          0|
    |hash_8_0128_fu_440      |  8|   0|    8|          0|
    |hash_9_0127_fu_436      |  8|   0|    8|          0|
    |i_fu_188                |  3|   0|    3|          0|
    |write_flag100_0_fu_432  |  1|   0|    1|          0|
    |write_flag103_0_fu_420  |  1|   0|    1|          0|
    |write_flag106_0_fu_408  |  1|   0|    1|          0|
    |write_flag109_0_fu_396  |  1|   0|    1|          0|
    |write_flag112_0_fu_384  |  1|   0|    1|          0|
    |write_flag115_0_fu_372  |  1|   0|    1|          0|
    |write_flag118_0_fu_360  |  1|   0|    1|          0|
    |write_flag121_0_fu_348  |  1|   0|    1|          0|
    |write_flag124_0_fu_336  |  1|   0|    1|          0|
    |write_flag127_0_fu_324  |  1|   0|    1|          0|
    |write_flag130_0_fu_312  |  1|   0|    1|          0|
    |write_flag133_0_fu_300  |  1|   0|    1|          0|
    |write_flag136_0_fu_288  |  1|   0|    1|          0|
    |write_flag139_0_fu_276  |  1|   0|    1|          0|
    |write_flag142_0_fu_264  |  1|   0|    1|          0|
    |write_flag145_0_fu_252  |  1|   0|    1|          0|
    |write_flag148_0_fu_240  |  1|   0|    1|          0|
    |write_flag151_0_fu_228  |  1|   0|    1|          0|
    |write_flag154_0_fu_220  |  1|   0|    1|          0|
    |write_flag157_0_fu_212  |  1|   0|    1|          0|
    |write_flag160_0_fu_204  |  1|   0|    1|          0|
    |write_flag163_0_fu_196  |  1|   0|    1|          0|
    |write_flag73_0_fu_260   |  1|   0|    1|          0|
    |write_flag76_0_fu_284   |  1|   0|    1|          0|
    |write_flag79_0_fu_308   |  1|   0|    1|          0|
    |write_flag82_0_fu_332   |  1|   0|    1|          0|
    |write_flag85_0_fu_356   |  1|   0|    1|          0|
    |write_flag88_0_fu_380   |  1|   0|    1|          0|
    |write_flag91_0_fu_404   |  1|   0|    1|          0|
    |write_flag94_0_fu_428   |  1|   0|    1|          0|
    |write_flag97_0_fu_444   |  1|   0|    1|          0|
    |write_flag_0_fu_236     |  1|   0|    1|          0|
    +------------------------+---+----+-----+-----------+
    |Total                   |293|   0|  293|          0|
    +------------------------+---+----+-----+-----------+



================================================================
== Interface
================================================================
* Summary: 
+----------------------------+-----+-----+------------+----------------------------------------+--------------+
|          RTL Ports         | Dir | Bits|  Protocol  |              Source Object             |    C Type    |
+----------------------------+-----+-----+------------+----------------------------------------+--------------+
|ap_clk                      |   in|    1|  ap_ctrl_hs|  sha256_final_Pipeline_VITIS_LOOP_138_4|  return value|
|ap_rst                      |   in|    1|  ap_ctrl_hs|  sha256_final_Pipeline_VITIS_LOOP_138_4|  return value|
|ap_start                    |   in|    1|  ap_ctrl_hs|  sha256_final_Pipeline_VITIS_LOOP_138_4|  return value|
|ap_done                     |  out|    1|  ap_ctrl_hs|  sha256_final_Pipeline_VITIS_LOOP_138_4|  return value|
|ap_idle                     |  out|    1|  ap_ctrl_hs|  sha256_final_Pipeline_VITIS_LOOP_138_4|  return value|
|ap_ready                    |  out|    1|  ap_ctrl_hs|  sha256_final_Pipeline_VITIS_LOOP_138_4|  return value|
|ctx_state_0_ret             |   in|   32|     ap_none|                         ctx_state_0_ret|        scalar|
|ctx_state_1_ret             |   in|   32|     ap_none|                         ctx_state_1_ret|        scalar|
|ctx_state_2_ret             |   in|   32|     ap_none|                         ctx_state_2_ret|        scalar|
|ctx_state_3_ret             |   in|   32|     ap_none|                         ctx_state_3_ret|        scalar|
|ctx_state_4_ret             |   in|   32|     ap_none|                         ctx_state_4_ret|        scalar|
|ctx_state_5_ret             |   in|   32|     ap_none|                         ctx_state_5_ret|        scalar|
|ctx_state_6_ret             |   in|   32|     ap_none|                         ctx_state_6_ret|        scalar|
|ctx_state_7_ret             |   in|   32|     ap_none|                         ctx_state_7_ret|        scalar|
|write_flag97_0_out          |  out|    1|      ap_vld|                      write_flag97_0_out|       pointer|
|write_flag97_0_out_ap_vld   |  out|    1|      ap_vld|                      write_flag97_0_out|       pointer|
|hash_8_0128_out             |  out|    8|      ap_vld|                         hash_8_0128_out|       pointer|
|hash_8_0128_out_ap_vld      |  out|    1|      ap_vld|                         hash_8_0128_out|       pointer|
|hash_9_0127_out             |  out|    8|      ap_vld|                         hash_9_0127_out|       pointer|
|hash_9_0127_out_ap_vld      |  out|    1|      ap_vld|                         hash_9_0127_out|       pointer|
|write_flag100_0_out         |  out|    1|      ap_vld|                     write_flag100_0_out|       pointer|
|write_flag100_0_out_ap_vld  |  out|    1|      ap_vld|                     write_flag100_0_out|       pointer|
|write_flag94_0_out          |  out|    1|      ap_vld|                      write_flag94_0_out|       pointer|
|write_flag94_0_out_ap_vld   |  out|    1|      ap_vld|                      write_flag94_0_out|       pointer|
|hash_10_0126_out            |  out|    8|      ap_vld|                        hash_10_0126_out|       pointer|
|hash_10_0126_out_ap_vld     |  out|    1|      ap_vld|                        hash_10_0126_out|       pointer|
|write_flag103_0_out         |  out|    1|      ap_vld|                     write_flag103_0_out|       pointer|
|write_flag103_0_out_ap_vld  |  out|    1|      ap_vld|                     write_flag103_0_out|       pointer|
|hash_7_0125_out             |  out|    8|      ap_vld|                         hash_7_0125_out|       pointer|
|hash_7_0125_out_ap_vld      |  out|    1|      ap_vld|                         hash_7_0125_out|       pointer|
|hash_11_0124_out            |  out|    8|      ap_vld|                        hash_11_0124_out|       pointer|
|hash_11_0124_out_ap_vld     |  out|    1|      ap_vld|                        hash_11_0124_out|       pointer|
|write_flag106_0_out         |  out|    1|      ap_vld|                     write_flag106_0_out|       pointer|
|write_flag106_0_out_ap_vld  |  out|    1|      ap_vld|                     write_flag106_0_out|       pointer|
|write_flag91_0_out          |  out|    1|      ap_vld|                      write_flag91_0_out|       pointer|
|write_flag91_0_out_ap_vld   |  out|    1|      ap_vld|                      write_flag91_0_out|       pointer|
|hash_12_0123_out            |  out|    8|      ap_vld|                        hash_12_0123_out|       pointer|
|hash_12_0123_out_ap_vld     |  out|    1|      ap_vld|                        hash_12_0123_out|       pointer|
|write_flag109_0_out         |  out|    1|      ap_vld|                     write_flag109_0_out|       pointer|
|write_flag109_0_out_ap_vld  |  out|    1|      ap_vld|                     write_flag109_0_out|       pointer|
|hash_6_0122_out             |  out|    8|      ap_vld|                         hash_6_0122_out|       pointer|
|hash_6_0122_out_ap_vld      |  out|    1|      ap_vld|                         hash_6_0122_out|       pointer|
|hash_13_0121_out            |  out|    8|      ap_vld|                        hash_13_0121_out|       pointer|
|hash_13_0121_out_ap_vld     |  out|    1|      ap_vld|                        hash_13_0121_out|       pointer|
|write_flag112_0_out         |  out|    1|      ap_vld|                     write_flag112_0_out|       pointer|
|write_flag112_0_out_ap_vld  |  out|    1|      ap_vld|                     write_flag112_0_out|       pointer|
|write_flag88_0_out          |  out|    1|      ap_vld|                      write_flag88_0_out|       pointer|
|write_flag88_0_out_ap_vld   |  out|    1|      ap_vld|                      write_flag88_0_out|       pointer|
|hash_14_0120_out            |  out|    8|      ap_vld|                        hash_14_0120_out|       pointer|
|hash_14_0120_out_ap_vld     |  out|    1|      ap_vld|                        hash_14_0120_out|       pointer|
|write_flag115_0_out         |  out|    1|      ap_vld|                     write_flag115_0_out|       pointer|
|write_flag115_0_out_ap_vld  |  out|    1|      ap_vld|                     write_flag115_0_out|       pointer|
|hash_5_0119_out             |  out|    8|      ap_vld|                         hash_5_0119_out|       pointer|
|hash_5_0119_out_ap_vld      |  out|    1|      ap_vld|                         hash_5_0119_out|       pointer|
|hash_15_0118_out            |  out|    8|      ap_vld|                        hash_15_0118_out|       pointer|
|hash_15_0118_out_ap_vld     |  out|    1|      ap_vld|                        hash_15_0118_out|       pointer|
|write_flag118_0_out         |  out|    1|      ap_vld|                     write_flag118_0_out|       pointer|
|write_flag118_0_out_ap_vld  |  out|    1|      ap_vld|                     write_flag118_0_out|       pointer|
|write_flag85_0_out          |  out|    1|      ap_vld|                      write_flag85_0_out|       pointer|
|write_flag85_0_out_ap_vld   |  out|    1|      ap_vld|                      write_flag85_0_out|       pointer|
|hash_16_0117_out            |  out|    8|      ap_vld|                        hash_16_0117_out|       pointer|
|hash_16_0117_out_ap_vld     |  out|    1|      ap_vld|                        hash_16_0117_out|       pointer|
|write_flag121_0_out         |  out|    1|      ap_vld|                     write_flag121_0_out|       pointer|
|write_flag121_0_out_ap_vld  |  out|    1|      ap_vld|                     write_flag121_0_out|       pointer|
|hash_4_0116_out             |  out|    8|      ap_vld|                         hash_4_0116_out|       pointer|
|hash_4_0116_out_ap_vld      |  out|    1|      ap_vld|                         hash_4_0116_out|       pointer|
|hash_17_0115_out            |  out|    8|      ap_vld|                        hash_17_0115_out|       pointer|
|hash_17_0115_out_ap_vld     |  out|    1|      ap_vld|                        hash_17_0115_out|       pointer|
|write_flag124_0_out         |  out|    1|      ap_vld|                     write_flag124_0_out|       pointer|
|write_flag124_0_out_ap_vld  |  out|    1|      ap_vld|                     write_flag124_0_out|       pointer|
|write_flag82_0_out          |  out|    1|      ap_vld|                      write_flag82_0_out|       pointer|
|write_flag82_0_out_ap_vld   |  out|    1|      ap_vld|                      write_flag82_0_out|       pointer|
|hash_18_0114_out            |  out|    8|      ap_vld|                        hash_18_0114_out|       pointer|
|hash_18_0114_out_ap_vld     |  out|    1|      ap_vld|                        hash_18_0114_out|       pointer|
|write_flag127_0_out         |  out|    1|      ap_vld|                     write_flag127_0_out|       pointer|
|write_flag127_0_out_ap_vld  |  out|    1|      ap_vld|                     write_flag127_0_out|       pointer|
|hash_3_0113_out             |  out|    8|      ap_vld|                         hash_3_0113_out|       pointer|
|hash_3_0113_out_ap_vld      |  out|    1|      ap_vld|                         hash_3_0113_out|       pointer|
|hash_19_0112_out            |  out|    8|      ap_vld|                        hash_19_0112_out|       pointer|
|hash_19_0112_out_ap_vld     |  out|    1|      ap_vld|                        hash_19_0112_out|       pointer|
|write_flag130_0_out         |  out|    1|      ap_vld|                     write_flag130_0_out|       pointer|
|write_flag130_0_out_ap_vld  |  out|    1|      ap_vld|                     write_flag130_0_out|       pointer|
|write_flag79_0_out          |  out|    1|      ap_vld|                      write_flag79_0_out|       pointer|
|write_flag79_0_out_ap_vld   |  out|    1|      ap_vld|                      write_flag79_0_out|       pointer|
|hash_20_0111_out            |  out|    8|      ap_vld|                        hash_20_0111_out|       pointer|
|hash_20_0111_out_ap_vld     |  out|    1|      ap_vld|                        hash_20_0111_out|       pointer|
|write_flag133_0_out         |  out|    1|      ap_vld|                     write_flag133_0_out|       pointer|
|write_flag133_0_out_ap_vld  |  out|    1|      ap_vld|                     write_flag133_0_out|       pointer|
|hash_2_0110_out             |  out|    8|      ap_vld|                         hash_2_0110_out|       pointer|
|hash_2_0110_out_ap_vld      |  out|    1|      ap_vld|                         hash_2_0110_out|       pointer|
|hash_21_0109_out            |  out|    8|      ap_vld|                        hash_21_0109_out|       pointer|
|hash_21_0109_out_ap_vld     |  out|    1|      ap_vld|                        hash_21_0109_out|       pointer|
|write_flag136_0_out         |  out|    1|      ap_vld|                     write_flag136_0_out|       pointer|
|write_flag136_0_out_ap_vld  |  out|    1|      ap_vld|                     write_flag136_0_out|       pointer|
|write_flag76_0_out          |  out|    1|      ap_vld|                      write_flag76_0_out|       pointer|
|write_flag76_0_out_ap_vld   |  out|    1|      ap_vld|                      write_flag76_0_out|       pointer|
|hash_22_0108_out            |  out|    8|      ap_vld|                        hash_22_0108_out|       pointer|
|hash_22_0108_out_ap_vld     |  out|    1|      ap_vld|                        hash_22_0108_out|       pointer|
|write_flag139_0_out         |  out|    1|      ap_vld|                     write_flag139_0_out|       pointer|
|write_flag139_0_out_ap_vld  |  out|    1|      ap_vld|                     write_flag139_0_out|       pointer|
|hash_1_0107_out             |  out|    8|      ap_vld|                         hash_1_0107_out|       pointer|
|hash_1_0107_out_ap_vld      |  out|    1|      ap_vld|                         hash_1_0107_out|       pointer|
|hash_23_0106_out            |  out|    8|      ap_vld|                        hash_23_0106_out|       pointer|
|hash_23_0106_out_ap_vld     |  out|    1|      ap_vld|                        hash_23_0106_out|       pointer|
|write_flag142_0_out         |  out|    1|      ap_vld|                     write_flag142_0_out|       pointer|
|write_flag142_0_out_ap_vld  |  out|    1|      ap_vld|                     write_flag142_0_out|       pointer|
|write_flag73_0_out          |  out|    1|      ap_vld|                      write_flag73_0_out|       pointer|
|write_flag73_0_out_ap_vld   |  out|    1|      ap_vld|                      write_flag73_0_out|       pointer|
|hash_24_0105_out            |  out|    8|      ap_vld|                        hash_24_0105_out|       pointer|
|hash_24_0105_out_ap_vld     |  out|    1|      ap_vld|                        hash_24_0105_out|       pointer|
|write_flag145_0_out         |  out|    1|      ap_vld|                     write_flag145_0_out|       pointer|
|write_flag145_0_out_ap_vld  |  out|    1|      ap_vld|                     write_flag145_0_out|       pointer|
|hash_0_0104_out             |  out|    8|      ap_vld|                         hash_0_0104_out|       pointer|
|hash_0_0104_out_ap_vld      |  out|    1|      ap_vld|                         hash_0_0104_out|       pointer|
|hash_25_0103_out            |  out|    8|      ap_vld|                        hash_25_0103_out|       pointer|
|hash_25_0103_out_ap_vld     |  out|    1|      ap_vld|                        hash_25_0103_out|       pointer|
|write_flag148_0_out         |  out|    1|      ap_vld|                     write_flag148_0_out|       pointer|
|write_flag148_0_out_ap_vld  |  out|    1|      ap_vld|                     write_flag148_0_out|       pointer|
|write_flag_0_out            |  out|    1|      ap_vld|                        write_flag_0_out|       pointer|
|write_flag_0_out_ap_vld     |  out|    1|      ap_vld|                        write_flag_0_out|       pointer|
|hash_26_0102_out            |  out|    8|      ap_vld|                        hash_26_0102_out|       pointer|
|hash_26_0102_out_ap_vld     |  out|    1|      ap_vld|                        hash_26_0102_out|       pointer|
|write_flag151_0_out         |  out|    1|      ap_vld|                     write_flag151_0_out|       pointer|
|write_flag151_0_out_ap_vld  |  out|    1|      ap_vld|                     write_flag151_0_out|       pointer|
|hash_27_0101_out            |  out|    8|      ap_vld|                        hash_27_0101_out|       pointer|
|hash_27_0101_out_ap_vld     |  out|    1|      ap_vld|                        hash_27_0101_out|       pointer|
|write_flag154_0_out         |  out|    1|      ap_vld|                     write_flag154_0_out|       pointer|
|write_flag154_0_out_ap_vld  |  out|    1|      ap_vld|                     write_flag154_0_out|       pointer|
|hash_28_0100_out            |  out|    8|      ap_vld|                        hash_28_0100_out|       pointer|
|hash_28_0100_out_ap_vld     |  out|    1|      ap_vld|                        hash_28_0100_out|       pointer|
|write_flag157_0_out         |  out|    1|      ap_vld|                     write_flag157_0_out|       pointer|
|write_flag157_0_out_ap_vld  |  out|    1|      ap_vld|                     write_flag157_0_out|       pointer|
|hash_29_099_out             |  out|    8|      ap_vld|                         hash_29_099_out|       pointer|
|hash_29_099_out_ap_vld      |  out|    1|      ap_vld|                         hash_29_099_out|       pointer|
|write_flag160_0_out         |  out|    1|      ap_vld|                     write_flag160_0_out|       pointer|
|write_flag160_0_out_ap_vld  |  out|    1|      ap_vld|                     write_flag160_0_out|       pointer|
|hash_30_098_out             |  out|    8|      ap_vld|                         hash_30_098_out|       pointer|
|hash_30_098_out_ap_vld      |  out|    1|      ap_vld|                         hash_30_098_out|       pointer|
|write_flag163_0_out         |  out|    1|      ap_vld|                     write_flag163_0_out|       pointer|
|write_flag163_0_out_ap_vld  |  out|    1|      ap_vld|                     write_flag163_0_out|       pointer|
|hash_31_097_out             |  out|    8|      ap_vld|                         hash_31_097_out|       pointer|
|hash_31_097_out_ap_vld      |  out|    1|      ap_vld|                         hash_31_097_out|       pointer|
+----------------------------+-----+-----+------------+----------------------------------------+--------------+

