

================================================================
== Vitis HLS Report for 'sha256_final_Pipeline_VITIS_LOOP_118_3'
================================================================
* Date:           Wed Aug  2 01:54:39 2023

* Version:        2022.1 (Build 3526262 on Mon Apr 18 15:47:01 MDT 2022)
* Project:        shav-rsa
* Solution:       solution1 (Vivado IP Flow Target)
* Product family: virtexuplus
* Target device:  xcu280-fsvh2892-2L-e


================================================================
== Performance Estimates
================================================================
+ Timing: 
    * Summary: 
    +--------+----------+----------+------------+
    |  Clock |  Target  | Estimated| Uncertainty|
    +--------+----------+----------+------------+
    |ap_clk  |  10.00 ns|  1.093 ns|     2.70 ns|
    +--------+----------+----------+------------+

+ Latency: 
    * Summary: 
    +---------+---------+----------+----------+-----+-----+---------+
    |  Latency (cycles) |  Latency (absolute) |  Interval | Pipeline|
    |   min   |   max   |    min   |    max   | min | max |   Type  |
    +---------+---------+----------+----------+-----+-----+---------+
    |       58|       58|  0.580 us|  0.580 us|   58|   58|       no|
    +---------+---------+----------+----------+-----+-----+---------+

    + Detail: 
        * Instance: 
        N/A

        * Loop: 
        +--------------------+---------+---------+----------+-----------+-----------+------+----------+
        |                    |  Latency (cycles) | Iteration|  Initiation Interval  | Trip |          |
        |      Loop Name     |   min   |   max   |  Latency |  achieved |   target  | Count| Pipelined|
        +--------------------+---------+---------+----------+-----------+-----------+------+----------+
        |- VITIS_LOOP_118_3  |       56|       56|         1|          1|          1|    56|       yes|
        +--------------------+---------+---------+----------+-----------+-----------+------+----------+



================================================================
== Utilization Estimates
================================================================
* Summary: 
+---------------------+---------+------+---------+---------+-----+
|         Name        | BRAM_18K|  DSP |    FF   |   LUT   | URAM|
+---------------------+---------+------+---------+---------+-----+
|DSP                  |        -|     -|        -|        -|    -|
|Expression           |        -|     -|        0|       25|    -|
|FIFO                 |        -|     -|        -|        -|    -|
|Instance             |        -|     -|        -|        -|    -|
|Memory               |        -|     -|        -|        -|    -|
|Multiplexer          |        -|     -|        -|      531|    -|
|Register             |        -|     -|      456|        -|    -|
+---------------------+---------+------+---------+---------+-----+
|Total                |        0|     0|      456|      556|    0|
+---------------------+---------+------+---------+---------+-----+
|Available SLR        |     1344|  3008|   869120|   434560|  320|
+---------------------+---------+------+---------+---------+-----+
|Utilization SLR (%)  |        0|     0|       ~0|       ~0|    0|
+---------------------+---------+------+---------+---------+-----+
|Available            |     4032|  9024|  2607360|  1303680|  960|
+---------------------+---------+------+---------+---------+-----+
|Utilization (%)      |        0|     0|       ~0|       ~0|    0|
+---------------------+---------+------+---------+---------+-----+

+ Detail: 
    * Instance: 
    N/A

    * DSP: 
    N/A

    * Memory: 
    N/A

    * FIFO: 
    N/A

    * Expression: 
    +-----------------------+----------+----+---+----+------------+------------+
    |     Variable Name     | Operation| DSP| FF| LUT| Bitwidth P0| Bitwidth P1|
    +-----------------------+----------+----+---+----+------------+------------+
    |add_ln118_fu_1610_p2   |         +|   0|  0|  13|           6|           1|
    |icmp_ln118_fu_1604_p2  |      icmp|   0|  0|  10|           6|           5|
    |ap_condition_249       |        or|   0|  0|   2|           1|           1|
    +-----------------------+----------+----+---+----+------------+------------+
    |Total                  |          |   0|  0|  25|          13|           7|
    +-----------------------+----------+----+---+----+------------+------------+

    * Multiplexer: 
    +------------------------+----+-----------+-----+-----------+
    |          Name          | LUT| Input Size| Bits| Total Bits|
    +------------------------+----+-----------+-----+-----------+
    |ap_done_int             |   9|          2|    1|          2|
    |ap_sig_allocacmp_i_5    |   9|          2|    6|         12|
    |ctx_data_0_5_fu_584     |   9|          2|    8|         16|
    |ctx_data_10_5_fu_544    |   9|          2|    8|         16|
    |ctx_data_11_5_fu_540    |   9|          2|    8|         16|
    |ctx_data_12_5_fu_536    |   9|          2|    8|         16|
    |ctx_data_1315_5_fu_532  |   9|          2|    8|         16|
    |ctx_data_14_5_fu_528    |   9|          2|    8|         16|
    |ctx_data_15_5_fu_524    |   9|          2|    8|         16|
    |ctx_data_16_5_fu_520    |   9|          2|    8|         16|
    |ctx_data_17_5_fu_516    |   9|          2|    8|         16|
    |ctx_data_18_5_fu_512    |   9|          2|    8|         16|
    |ctx_data_19_5_fu_508    |   9|          2|    8|         16|
    |ctx_data_1_5_fu_580     |   9|          2|    8|         16|
    |ctx_data_20_5_fu_504    |   9|          2|    8|         16|
    |ctx_data_21_5_fu_500    |   9|          2|    8|         16|
    |ctx_data_22_5_fu_496    |   9|          2|    8|         16|
    |ctx_data_23_5_fu_492    |   9|          2|    8|         16|
    |ctx_data_2427_5_fu_488  |   9|          2|    8|         16|
    |ctx_data_25_5_fu_484    |   9|          2|    8|         16|
    |ctx_data_26_5_fu_480    |   9|          2|    8|         16|
    |ctx_data_27_5_fu_476    |   9|          2|    8|         16|
    |ctx_data_28_5_fu_472    |   9|          2|    8|         16|
    |ctx_data_29_5_fu_468    |   9|          2|    8|         16|
    |ctx_data_2_5_fu_576     |   9|          2|    8|         16|
    |ctx_data_30_5_fu_464    |   9|          2|    8|         16|
    |ctx_data_31_5_fu_460    |   9|          2|    8|         16|
    |ctx_data_32_5_fu_456    |   9|          2|    8|         16|
    |ctx_data_33_5_fu_452    |   9|          2|    8|         16|
    |ctx_data_34_5_fu_448    |   9|          2|    8|         16|
    |ctx_data_3539_5_fu_444  |   9|          2|    8|         16|
    |ctx_data_36_5_fu_440    |   9|          2|    8|         16|
    |ctx_data_37_5_fu_436    |   9|          2|    8|         16|
    |ctx_data_38_5_fu_432    |   9|          2|    8|         16|
    |ctx_data_39_5_fu_428    |   9|          2|    8|         16|
    |ctx_data_3_5_fu_572     |   9|          2|    8|         16|
    |ctx_data_40_5_fu_424    |   9|          2|    8|         16|
    |ctx_data_41_5_fu_420    |   9|          2|    8|         16|
    |ctx_data_42_5_fu_416    |   9|          2|    8|         16|
    |ctx_data_43_5_fu_412    |   9|          2|    8|         16|
    |ctx_data_44_5_fu_408    |   9|          2|    8|         16|
    |ctx_data_45_5_fu_404    |   9|          2|    8|         16|
    |ctx_data_4651_5_fu_400  |   9|          2|    8|         16|
    |ctx_data_47_5_fu_396    |   9|          2|    8|         16|
    |ctx_data_48_5_fu_392    |   9|          2|    8|         16|
    |ctx_data_49_5_fu_388    |   9|          2|    8|         16|
    |ctx_data_4_5_fu_568     |   9|          2|    8|         16|
    |ctx_data_50_5_fu_384    |   9|          2|    8|         16|
    |ctx_data_51_5_fu_380    |   9|          2|    8|         16|
    |ctx_data_52_5_fu_376    |   9|          2|    8|         16|
    |ctx_data_53_5_fu_372    |   9|          2|    8|         16|
    |ctx_data_54_5_fu_368    |   9|          2|    8|         16|
    |ctx_data_55_5_fu_364    |   9|          2|    8|         16|
    |ctx_data_5_5_fu_564     |   9|          2|    8|         16|
    |ctx_data_6_5_fu_560     |   9|          2|    8|         16|
    |ctx_data_7_5_fu_556     |   9|          2|    8|         16|
    |ctx_data_8_5_fu_552     |   9|          2|    8|         16|
    |ctx_data_9_5_fu_548     |   9|          2|    8|         16|
    |i_fu_360                |   9|          2|    6|         12|
    +------------------------+----+-----------+-----+-----------+
    |Total                   | 531|        118|  461|        922|
    +------------------------+----+-----------+-----+-----------+

    * Register: 
    +------------------------+---+----+-----+-----------+
    |          Name          | FF| LUT| Bits| Const Bits|
    +------------------------+---+----+-----+-----------+
    |ap_CS_fsm               |  1|   0|    1|          0|
    |ap_done_reg             |  1|   0|    1|          0|
    |ctx_data_0_5_fu_584     |  8|   0|    8|          0|
    |ctx_data_10_5_fu_544    |  8|   0|    8|          0|
    |ctx_data_11_5_fu_540    |  8|   0|    8|          0|
    |ctx_data_12_5_fu_536    |  8|   0|    8|          0|
    |ctx_data_1315_5_fu_532  |  8|   0|    8|          0|
    |ctx_data_14_5_fu_528    |  8|   0|    8|          0|
    |ctx_data_15_5_fu_524    |  8|   0|    8|          0|
    |ctx_data_16_5_fu_520    |  8|   0|    8|          0|
    |ctx_data_17_5_fu_516    |  8|   0|    8|          0|
    |ctx_data_18_5_fu_512    |  8|   0|    8|          0|
    |ctx_data_19_5_fu_508    |  8|   0|    8|          0|
    |ctx_data_1_5_fu_580     |  8|   0|    8|          0|
    |ctx_data_20_5_fu_504    |  8|   0|    8|          0|
    |ctx_data_21_5_fu_500    |  8|   0|    8|          0|
    |ctx_data_22_5_fu_496    |  8|   0|    8|          0|
    |ctx_data_23_5_fu_492    |  8|   0|    8|          0|
    |ctx_data_2427_5_fu_488  |  8|   0|    8|          0|
    |ctx_data_25_5_fu_484    |  8|   0|    8|          0|
    |ctx_data_26_5_fu_480    |  8|   0|    8|          0|
    |ctx_data_27_5_fu_476    |  8|   0|    8|          0|
    |ctx_data_28_5_fu_472    |  8|   0|    8|          0|
    |ctx_data_29_5_fu_468    |  8|   0|    8|          0|
    |ctx_data_2_5_fu_576     |  8|   0|    8|          0|
    |ctx_data_30_5_fu_464    |  8|   0|    8|          0|
    |ctx_data_31_5_fu_460    |  8|   0|    8|          0|
    |ctx_data_32_5_fu_456    |  8|   0|    8|          0|
    |ctx_data_33_5_fu_452    |  8|   0|    8|          0|
    |ctx_data_34_5_fu_448    |  8|   0|    8|          0|
    |ctx_data_3539_5_fu_444  |  8|   0|    8|          0|
    |ctx_data_36_5_fu_440    |  8|   0|    8|          0|
    |ctx_data_37_5_fu_436    |  8|   0|    8|          0|
    |ctx_data_38_5_fu_432    |  8|   0|    8|          0|
    |ctx_data_39_5_fu_428    |  8|   0|    8|          0|
    |ctx_data_3_5_fu_572     |  8|   0|    8|          0|
    |ctx_data_40_5_fu_424    |  8|   0|    8|          0|
    |ctx_data_41_5_fu_420    |  8|   0|    8|          0|
    |ctx_data_42_5_fu_416    |  8|   0|    8|          0|
    |ctx_data_43_5_fu_412    |  8|   0|    8|          0|
    |ctx_data_44_5_fu_408    |  8|   0|    8|          0|
    |ctx_data_45_5_fu_404    |  8|   0|    8|          0|
    |ctx_data_4651_5_fu_400  |  8|   0|    8|          0|
    |ctx_data_47_5_fu_396    |  8|   0|    8|          0|
    |ctx_data_48_5_fu_392    |  8|   0|    8|          0|
    |ctx_data_49_5_fu_388    |  8|   0|    8|          0|
    |ctx_data_4_5_fu_568     |  8|   0|    8|          0|
    |ctx_data_50_5_fu_384    |  8|   0|    8|          0|
    |ctx_data_51_5_fu_380    |  8|   0|    8|          0|
    |ctx_data_52_5_fu_376    |  8|   0|    8|          0|
    |ctx_data_53_5_fu_372    |  8|   0|    8|          0|
    |ctx_data_54_5_fu_368    |  8|   0|    8|          0|
    |ctx_data_55_5_fu_364    |  8|   0|    8|          0|
    |ctx_data_5_5_fu_564     |  8|   0|    8|          0|
    |ctx_data_6_5_fu_560     |  8|   0|    8|          0|
    |ctx_data_7_5_fu_556     |  8|   0|    8|          0|
    |ctx_data_8_5_fu_552     |  8|   0|    8|          0|
    |ctx_data_9_5_fu_548     |  8|   0|    8|          0|
    |i_fu_360                |  6|   0|    6|          0|
    +------------------------+---+----+-----+-----------+
    |Total                   |456|   0|  456|          0|
    +------------------------+---+----+-----+-----------+



================================================================
== Interface
================================================================
* Summary: 
+----------------------------+-----+-----+------------+----------------------------------------+--------------+
|          RTL Ports         | Dir | Bits|  Protocol  |              Source Object             |    C Type    |
+----------------------------+-----+-----+------------+----------------------------------------+--------------+
|ap_clk                      |   in|    1|  ap_ctrl_hs|  sha256_final_Pipeline_VITIS_LOOP_118_3|  return value|
|ap_rst                      |   in|    1|  ap_ctrl_hs|  sha256_final_Pipeline_VITIS_LOOP_118_3|  return value|
|ap_start                    |   in|    1|  ap_ctrl_hs|  sha256_final_Pipeline_VITIS_LOOP_118_3|  return value|
|ap_done                     |  out|    1|  ap_ctrl_hs|  sha256_final_Pipeline_VITIS_LOOP_118_3|  return value|
|ap_idle                     |  out|    1|  ap_ctrl_hs|  sha256_final_Pipeline_VITIS_LOOP_118_3|  return value|
|ap_ready                    |  out|    1|  ap_ctrl_hs|  sha256_final_Pipeline_VITIS_LOOP_118_3|  return value|
|ctx_data_0_3_reload         |   in|    8|     ap_none|                     ctx_data_0_3_reload|        scalar|
|ctx_data_1_3_reload         |   in|    8|     ap_none|                     ctx_data_1_3_reload|        scalar|
|ctx_data_2_3_reload         |   in|    8|     ap_none|                     ctx_data_2_3_reload|        scalar|
|ctx_data_3_3_reload         |   in|    8|     ap_none|                     ctx_data_3_3_reload|        scalar|
|ctx_data_4_3_reload         |   in|    8|     ap_none|                     ctx_data_4_3_reload|        scalar|
|ctx_data_5_3_reload         |   in|    8|     ap_none|                     ctx_data_5_3_reload|        scalar|
|ctx_data_6_3_reload         |   in|    8|     ap_none|                     ctx_data_6_3_reload|        scalar|
|ctx_data_7_3_reload         |   in|    8|     ap_none|                     ctx_data_7_3_reload|        scalar|
|ctx_data_8_3_reload         |   in|    8|     ap_none|                     ctx_data_8_3_reload|        scalar|
|ctx_data_9_3_reload         |   in|    8|     ap_none|                     ctx_data_9_3_reload|        scalar|
|ctx_data_10_3_reload        |   in|    8|     ap_none|                    ctx_data_10_3_reload|        scalar|
|ctx_data_11_3_reload        |   in|    8|     ap_none|                    ctx_data_11_3_reload|        scalar|
|ctx_data_12_3_reload        |   in|    8|     ap_none|                    ctx_data_12_3_reload|        scalar|
|ctx_data_1315_3_reload      |   in|    8|     ap_none|                  ctx_data_1315_3_reload|        scalar|
|ctx_data_14_3_reload        |   in|    8|     ap_none|                    ctx_data_14_3_reload|        scalar|
|ctx_data_15_3_reload        |   in|    8|     ap_none|                    ctx_data_15_3_reload|        scalar|
|ctx_data_16_3_reload        |   in|    8|     ap_none|                    ctx_data_16_3_reload|        scalar|
|ctx_data_17_3_reload        |   in|    8|     ap_none|                    ctx_data_17_3_reload|        scalar|
|ctx_data_18_3_reload        |   in|    8|     ap_none|                    ctx_data_18_3_reload|        scalar|
|ctx_data_19_3_reload        |   in|    8|     ap_none|                    ctx_data_19_3_reload|        scalar|
|ctx_data_20_3_reload        |   in|    8|     ap_none|                    ctx_data_20_3_reload|        scalar|
|ctx_data_21_3_reload        |   in|    8|     ap_none|                    ctx_data_21_3_reload|        scalar|
|ctx_data_22_3_reload        |   in|    8|     ap_none|                    ctx_data_22_3_reload|        scalar|
|ctx_data_23_3_reload        |   in|    8|     ap_none|                    ctx_data_23_3_reload|        scalar|
|ctx_data_2427_3_reload      |   in|    8|     ap_none|                  ctx_data_2427_3_reload|        scalar|
|ctx_data_25_3_reload        |   in|    8|     ap_none|                    ctx_data_25_3_reload|        scalar|
|ctx_data_26_3_reload        |   in|    8|     ap_none|                    ctx_data_26_3_reload|        scalar|
|ctx_data_27_3_reload        |   in|    8|     ap_none|                    ctx_data_27_3_reload|        scalar|
|ctx_data_28_3_reload        |   in|    8|     ap_none|                    ctx_data_28_3_reload|        scalar|
|ctx_data_29_3_reload        |   in|    8|     ap_none|                    ctx_data_29_3_reload|        scalar|
|ctx_data_30_3_reload        |   in|    8|     ap_none|                    ctx_data_30_3_reload|        scalar|
|ctx_data_31_3_reload        |   in|    8|     ap_none|                    ctx_data_31_3_reload|        scalar|
|ctx_data_32_3_reload        |   in|    8|     ap_none|                    ctx_data_32_3_reload|        scalar|
|ctx_data_33_3_reload        |   in|    8|     ap_none|                    ctx_data_33_3_reload|        scalar|
|ctx_data_34_3_reload        |   in|    8|     ap_none|                    ctx_data_34_3_reload|        scalar|
|ctx_data_3539_3_reload      |   in|    8|     ap_none|                  ctx_data_3539_3_reload|        scalar|
|ctx_data_36_3_reload        |   in|    8|     ap_none|                    ctx_data_36_3_reload|        scalar|
|ctx_data_37_3_reload        |   in|    8|     ap_none|                    ctx_data_37_3_reload|        scalar|
|ctx_data_38_3_reload        |   in|    8|     ap_none|                    ctx_data_38_3_reload|        scalar|
|ctx_data_39_3_reload        |   in|    8|     ap_none|                    ctx_data_39_3_reload|        scalar|
|ctx_data_40_3_reload        |   in|    8|     ap_none|                    ctx_data_40_3_reload|        scalar|
|ctx_data_41_3_reload        |   in|    8|     ap_none|                    ctx_data_41_3_reload|        scalar|
|ctx_data_42_3_reload        |   in|    8|     ap_none|                    ctx_data_42_3_reload|        scalar|
|ctx_data_43_3_reload        |   in|    8|     ap_none|                    ctx_data_43_3_reload|        scalar|
|ctx_data_44_3_reload        |   in|    8|     ap_none|                    ctx_data_44_3_reload|        scalar|
|ctx_data_45_3_reload        |   in|    8|     ap_none|                    ctx_data_45_3_reload|        scalar|
|ctx_data_4651_3_reload      |   in|    8|     ap_none|                  ctx_data_4651_3_reload|        scalar|
|ctx_data_47_3_reload        |   in|    8|     ap_none|                    ctx_data_47_3_reload|        scalar|
|ctx_data_48_3_reload        |   in|    8|     ap_none|                    ctx_data_48_3_reload|        scalar|
|ctx_data_49_3_reload        |   in|    8|     ap_none|                    ctx_data_49_3_reload|        scalar|
|ctx_data_50_3_reload        |   in|    8|     ap_none|                    ctx_data_50_3_reload|        scalar|
|ctx_data_51_3_reload        |   in|    8|     ap_none|                    ctx_data_51_3_reload|        scalar|
|ctx_data_52_3_reload        |   in|    8|     ap_none|                    ctx_data_52_3_reload|        scalar|
|ctx_data_53_3_reload        |   in|    8|     ap_none|                    ctx_data_53_3_reload|        scalar|
|ctx_data_54_3_reload        |   in|    8|     ap_none|                    ctx_data_54_3_reload|        scalar|
|ctx_data_55_3_reload        |   in|    8|     ap_none|                    ctx_data_55_3_reload|        scalar|
|ctx_data_0_5_out            |  out|    8|      ap_vld|                        ctx_data_0_5_out|       pointer|
|ctx_data_0_5_out_ap_vld     |  out|    1|      ap_vld|                        ctx_data_0_5_out|       pointer|
|ctx_data_1_5_out            |  out|    8|      ap_vld|                        ctx_data_1_5_out|       pointer|
|ctx_data_1_5_out_ap_vld     |  out|    1|      ap_vld|                        ctx_data_1_5_out|       pointer|
|ctx_data_2_5_out            |  out|    8|      ap_vld|                        ctx_data_2_5_out|       pointer|
|ctx_data_2_5_out_ap_vld     |  out|    1|      ap_vld|                        ctx_data_2_5_out|       pointer|
|ctx_data_3_5_out            |  out|    8|      ap_vld|                        ctx_data_3_5_out|       pointer|
|ctx_data_3_5_out_ap_vld     |  out|    1|      ap_vld|                        ctx_data_3_5_out|       pointer|
|ctx_data_4_5_out            |  out|    8|      ap_vld|                        ctx_data_4_5_out|       pointer|
|ctx_data_4_5_out_ap_vld     |  out|    1|      ap_vld|                        ctx_data_4_5_out|       pointer|
|ctx_data_5_5_out            |  out|    8|      ap_vld|                        ctx_data_5_5_out|       pointer|
|ctx_data_5_5_out_ap_vld     |  out|    1|      ap_vld|                        ctx_data_5_5_out|       pointer|
|ctx_data_6_5_out            |  out|    8|      ap_vld|                        ctx_data_6_5_out|       pointer|
|ctx_data_6_5_out_ap_vld     |  out|    1|      ap_vld|                        ctx_data_6_5_out|       pointer|
|ctx_data_7_5_out            |  out|    8|      ap_vld|                        ctx_data_7_5_out|       pointer|
|ctx_data_7_5_out_ap_vld     |  out|    1|      ap_vld|                        ctx_data_7_5_out|       pointer|
|ctx_data_8_5_out            |  out|    8|      ap_vld|                        ctx_data_8_5_out|       pointer|
|ctx_data_8_5_out_ap_vld     |  out|    1|      ap_vld|                        ctx_data_8_5_out|       pointer|
|ctx_data_9_5_out            |  out|    8|      ap_vld|                        ctx_data_9_5_out|       pointer|
|ctx_data_9_5_out_ap_vld     |  out|    1|      ap_vld|                        ctx_data_9_5_out|       pointer|
|ctx_data_10_5_out           |  out|    8|      ap_vld|                       ctx_data_10_5_out|       pointer|
|ctx_data_10_5_out_ap_vld    |  out|    1|      ap_vld|                       ctx_data_10_5_out|       pointer|
|ctx_data_11_5_out           |  out|    8|      ap_vld|                       ctx_data_11_5_out|       pointer|
|ctx_data_11_5_out_ap_vld    |  out|    1|      ap_vld|                       ctx_data_11_5_out|       pointer|
|ctx_data_12_5_out           |  out|    8|      ap_vld|                       ctx_data_12_5_out|       pointer|
|ctx_data_12_5_out_ap_vld    |  out|    1|      ap_vld|                       ctx_data_12_5_out|       pointer|
|ctx_data_1315_5_out         |  out|    8|      ap_vld|                     ctx_data_1315_5_out|       pointer|
|ctx_data_1315_5_out_ap_vld  |  out|    1|      ap_vld|                     ctx_data_1315_5_out|       pointer|
|ctx_data_14_5_out           |  out|    8|      ap_vld|                       ctx_data_14_5_out|       pointer|
|ctx_data_14_5_out_ap_vld    |  out|    1|      ap_vld|                       ctx_data_14_5_out|       pointer|
|ctx_data_15_5_out           |  out|    8|      ap_vld|                       ctx_data_15_5_out|       pointer|
|ctx_data_15_5_out_ap_vld    |  out|    1|      ap_vld|                       ctx_data_15_5_out|       pointer|
|ctx_data_16_5_out           |  out|    8|      ap_vld|                       ctx_data_16_5_out|       pointer|
|ctx_data_16_5_out_ap_vld    |  out|    1|      ap_vld|                       ctx_data_16_5_out|       pointer|
|ctx_data_17_5_out           |  out|    8|      ap_vld|                       ctx_data_17_5_out|       pointer|
|ctx_data_17_5_out_ap_vld    |  out|    1|      ap_vld|                       ctx_data_17_5_out|       pointer|
|ctx_data_18_5_out           |  out|    8|      ap_vld|                       ctx_data_18_5_out|       pointer|
|ctx_data_18_5_out_ap_vld    |  out|    1|      ap_vld|                       ctx_data_18_5_out|       pointer|
|ctx_data_19_5_out           |  out|    8|      ap_vld|                       ctx_data_19_5_out|       pointer|
|ctx_data_19_5_out_ap_vld    |  out|    1|      ap_vld|                       ctx_data_19_5_out|       pointer|
|ctx_data_20_5_out           |  out|    8|      ap_vld|                       ctx_data_20_5_out|       pointer|
|ctx_data_20_5_out_ap_vld    |  out|    1|      ap_vld|                       ctx_data_20_5_out|       pointer|
|ctx_data_21_5_out           |  out|    8|      ap_vld|                       ctx_data_21_5_out|       pointer|
|ctx_data_21_5_out_ap_vld    |  out|    1|      ap_vld|                       ctx_data_21_5_out|       pointer|
|ctx_data_22_5_out           |  out|    8|      ap_vld|                       ctx_data_22_5_out|       pointer|
|ctx_data_22_5_out_ap_vld    |  out|    1|      ap_vld|                       ctx_data_22_5_out|       pointer|
|ctx_data_23_5_out           |  out|    8|      ap_vld|                       ctx_data_23_5_out|       pointer|
|ctx_data_23_5_out_ap_vld    |  out|    1|      ap_vld|                       ctx_data_23_5_out|       pointer|
|ctx_data_2427_5_out         |  out|    8|      ap_vld|                     ctx_data_2427_5_out|       pointer|
|ctx_data_2427_5_out_ap_vld  |  out|    1|      ap_vld|                     ctx_data_2427_5_out|       pointer|
|ctx_data_25_5_out           |  out|    8|      ap_vld|                       ctx_data_25_5_out|       pointer|
|ctx_data_25_5_out_ap_vld    |  out|    1|      ap_vld|                       ctx_data_25_5_out|       pointer|
|ctx_data_26_5_out           |  out|    8|      ap_vld|                       ctx_data_26_5_out|       pointer|
|ctx_data_26_5_out_ap_vld    |  out|    1|      ap_vld|                       ctx_data_26_5_out|       pointer|
|ctx_data_27_5_out           |  out|    8|      ap_vld|                       ctx_data_27_5_out|       pointer|
|ctx_data_27_5_out_ap_vld    |  out|    1|      ap_vld|                       ctx_data_27_5_out|       pointer|
|ctx_data_28_5_out           |  out|    8|      ap_vld|                       ctx_data_28_5_out|       pointer|
|ctx_data_28_5_out_ap_vld    |  out|    1|      ap_vld|                       ctx_data_28_5_out|       pointer|
|ctx_data_29_5_out           |  out|    8|      ap_vld|                       ctx_data_29_5_out|       pointer|
|ctx_data_29_5_out_ap_vld    |  out|    1|      ap_vld|                       ctx_data_29_5_out|       pointer|
|ctx_data_30_5_out           |  out|    8|      ap_vld|                       ctx_data_30_5_out|       pointer|
|ctx_data_30_5_out_ap_vld    |  out|    1|      ap_vld|                       ctx_data_30_5_out|       pointer|
|ctx_data_31_5_out           |  out|    8|      ap_vld|                       ctx_data_31_5_out|       pointer|
|ctx_data_31_5_out_ap_vld    |  out|    1|      ap_vld|                       ctx_data_31_5_out|       pointer|
|ctx_data_32_5_out           |  out|    8|      ap_vld|                       ctx_data_32_5_out|       pointer|
|ctx_data_32_5_out_ap_vld    |  out|    1|      ap_vld|                       ctx_data_32_5_out|       pointer|
|ctx_data_33_5_out           |  out|    8|      ap_vld|                       ctx_data_33_5_out|       pointer|
|ctx_data_33_5_out_ap_vld    |  out|    1|      ap_vld|                       ctx_data_33_5_out|       pointer|
|ctx_data_34_5_out           |  out|    8|      ap_vld|                       ctx_data_34_5_out|       pointer|
|ctx_data_34_5_out_ap_vld    |  out|    1|      ap_vld|                       ctx_data_34_5_out|       pointer|
|ctx_data_3539_5_out         |  out|    8|      ap_vld|                     ctx_data_3539_5_out|       pointer|
|ctx_data_3539_5_out_ap_vld  |  out|    1|      ap_vld|                     ctx_data_3539_5_out|       pointer|
|ctx_data_36_5_out           |  out|    8|      ap_vld|                       ctx_data_36_5_out|       pointer|
|ctx_data_36_5_out_ap_vld    |  out|    1|      ap_vld|                       ctx_data_36_5_out|       pointer|
|ctx_data_37_5_out           |  out|    8|      ap_vld|                       ctx_data_37_5_out|       pointer|
|ctx_data_37_5_out_ap_vld    |  out|    1|      ap_vld|                       ctx_data_37_5_out|       pointer|
|ctx_data_38_5_out           |  out|    8|      ap_vld|                       ctx_data_38_5_out|       pointer|
|ctx_data_38_5_out_ap_vld    |  out|    1|      ap_vld|                       ctx_data_38_5_out|       pointer|
|ctx_data_39_5_out           |  out|    8|      ap_vld|                       ctx_data_39_5_out|       pointer|
|ctx_data_39_5_out_ap_vld    |  out|    1|      ap_vld|                       ctx_data_39_5_out|       pointer|
|ctx_data_40_5_out           |  out|    8|      ap_vld|                       ctx_data_40_5_out|       pointer|
|ctx_data_40_5_out_ap_vld    |  out|    1|      ap_vld|                       ctx_data_40_5_out|       pointer|
|ctx_data_41_5_out           |  out|    8|      ap_vld|                       ctx_data_41_5_out|       pointer|
|ctx_data_41_5_out_ap_vld    |  out|    1|      ap_vld|                       ctx_data_41_5_out|       pointer|
|ctx_data_42_5_out           |  out|    8|      ap_vld|                       ctx_data_42_5_out|       pointer|
|ctx_data_42_5_out_ap_vld    |  out|    1|      ap_vld|                       ctx_data_42_5_out|       pointer|
|ctx_data_43_5_out           |  out|    8|      ap_vld|                       ctx_data_43_5_out|       pointer|
|ctx_data_43_5_out_ap_vld    |  out|    1|      ap_vld|                       ctx_data_43_5_out|       pointer|
|ctx_data_44_5_out           |  out|    8|      ap_vld|                       ctx_data_44_5_out|       pointer|
|ctx_data_44_5_out_ap_vld    |  out|    1|      ap_vld|                       ctx_data_44_5_out|       pointer|
|ctx_data_45_5_out           |  out|    8|      ap_vld|                       ctx_data_45_5_out|       pointer|
|ctx_data_45_5_out_ap_vld    |  out|    1|      ap_vld|                       ctx_data_45_5_out|       pointer|
|ctx_data_4651_5_out         |  out|    8|      ap_vld|                     ctx_data_4651_5_out|       pointer|
|ctx_data_4651_5_out_ap_vld  |  out|    1|      ap_vld|                     ctx_data_4651_5_out|       pointer|
|ctx_data_47_5_out           |  out|    8|      ap_vld|                       ctx_data_47_5_out|       pointer|
|ctx_data_47_5_out_ap_vld    |  out|    1|      ap_vld|                       ctx_data_47_5_out|       pointer|
|ctx_data_48_5_out           |  out|    8|      ap_vld|                       ctx_data_48_5_out|       pointer|
|ctx_data_48_5_out_ap_vld    |  out|    1|      ap_vld|                       ctx_data_48_5_out|       pointer|
|ctx_data_49_5_out           |  out|    8|      ap_vld|                       ctx_data_49_5_out|       pointer|
|ctx_data_49_5_out_ap_vld    |  out|    1|      ap_vld|                       ctx_data_49_5_out|       pointer|
|ctx_data_50_5_out           |  out|    8|      ap_vld|                       ctx_data_50_5_out|       pointer|
|ctx_data_50_5_out_ap_vld    |  out|    1|      ap_vld|                       ctx_data_50_5_out|       pointer|
|ctx_data_51_5_out           |  out|    8|      ap_vld|                       ctx_data_51_5_out|       pointer|
|ctx_data_51_5_out_ap_vld    |  out|    1|      ap_vld|                       ctx_data_51_5_out|       pointer|
|ctx_data_52_5_out           |  out|    8|      ap_vld|                       ctx_data_52_5_out|       pointer|
|ctx_data_52_5_out_ap_vld    |  out|    1|      ap_vld|                       ctx_data_52_5_out|       pointer|
|ctx_data_53_5_out           |  out|    8|      ap_vld|                       ctx_data_53_5_out|       pointer|
|ctx_data_53_5_out_ap_vld    |  out|    1|      ap_vld|                       ctx_data_53_5_out|       pointer|
|ctx_data_54_5_out           |  out|    8|      ap_vld|                       ctx_data_54_5_out|       pointer|
|ctx_data_54_5_out_ap_vld    |  out|    1|      ap_vld|                       ctx_data_54_5_out|       pointer|
|ctx_data_55_5_out           |  out|    8|      ap_vld|                       ctx_data_55_5_out|       pointer|
|ctx_data_55_5_out_ap_vld    |  out|    1|      ap_vld|                       ctx_data_55_5_out|       pointer|
+----------------------------+-----+-----+------------+----------------------------------------+--------------+

