

================================================================
== Vitis HLS Report for 'sha2561_ver'
================================================================
* Date:           Wed Aug  2 01:54:58 2023

* Version:        2022.1 (Build 3526262 on Mon Apr 18 15:47:01 MDT 2022)
* Project:        shav-rsa
* Solution:       solution1 (Vivado IP Flow Target)
* Product family: virtexuplus
* Target device:  xcu280-fsvh2892-2L-e


================================================================
== Performance Estimates
================================================================
+ Timing: 
    * Summary: 
    +--------+----------+----------+------------+
    |  Clock |  Target  | Estimated| Uncertainty|
    +--------+----------+----------+------------+
    |ap_clk  |  10.00 ns|  7.175 ns|     2.70 ns|
    +--------+----------+----------+------------+

+ Latency: 
    * Summary: 
    +---------+---------+----------+----------+-----+-----+---------+
    |  Latency (cycles) |  Latency (absolute) |  Interval | Pipeline|
    |   min   |   max   |    min   |    max   | min | max |   Type  |
    +---------+---------+----------+----------+-----+-----+---------+
    |        ?|        ?|         ?|         ?|    ?|    ?|       no|
    +---------+---------+----------+----------+-----+-----+---------+

    + Detail: 
        * Instance: 
        +--------------------------------------------------+--------------------------------------+---------+---------+-----------+-----------+------+------+---------+
        |                                                  |                                      |  Latency (cycles) |   Latency (absolute)  |   Interval  | Pipeline|
        |                     Instance                     |                Module                |   min   |   max   |    min    |    max    |  min |  max |   Type  |
        +--------------------------------------------------+--------------------------------------+---------+---------+-----------+-----------+------+------+---------+
        |grp_sha2561_ver_Pipeline_VITIS_LOOP_36_2_fu_888   |sha2561_ver_Pipeline_VITIS_LOOP_36_2  |       66|       66|   0.660 us|   0.660 us|    66|    66|       no|
        |grp_sha2561_ver_Pipeline_VITIS_LOOP_90_1_fu_1021  |sha2561_ver_Pipeline_VITIS_LOOP_90_1  |     1603|     1603|  16.030 us|  16.030 us|  1603|  1603|       no|
        |grp_sha256_final_fu_1164                          |sha256_final                          |        ?|        ?|          ?|          ?|     ?|     ?|       no|
        +--------------------------------------------------+--------------------------------------+---------+---------+-----------+-----------+------+------+---------+

        * Loop: 
        +-------------------+---------+---------+----------+-----------+-----------+------+----------+
        |                   |  Latency (cycles) | Iteration|  Initiation Interval  | Trip |          |
        |     Loop Name     |   min   |   max   |  Latency |  achieved |   target  | Count| Pipelined|
        +-------------------+---------+---------+----------+-----------+-----------+------+----------+
        |- VITIS_LOOP_33_1  |        ?|        ?|  2 ~ 1673|          -|          -|     ?|        no|
        +-------------------+---------+---------+----------+-----------+-----------+------+----------+



================================================================
== Utilization Estimates
================================================================
* Summary: 
+---------------------+---------+------+---------+---------+-----+
|         Name        | BRAM_18K|  DSP |    FF   |   LUT   | URAM|
+---------------------+---------+------+---------+---------+-----+
|DSP                  |        -|     -|        -|        -|    -|
|Expression           |        -|     -|        0|      430|    -|
|FIFO                 |        -|     -|        -|        -|    -|
|Instance             |        -|     -|    21600|    64216|    -|
|Memory               |        -|     -|        -|        -|    -|
|Multiplexer          |        -|     -|        -|     1197|    -|
|Register             |        -|     -|     3436|        -|    -|
+---------------------+---------+------+---------+---------+-----+
|Total                |        0|     0|    25036|    65843|    0|
+---------------------+---------+------+---------+---------+-----+
|Available SLR        |     1344|  3008|   869120|   434560|  320|
+---------------------+---------+------+---------+---------+-----+
|Utilization SLR (%)  |        0|     0|        2|       15|    0|
+---------------------+---------+------+---------+---------+-----+
|Available            |     4032|  9024|  2607360|  1303680|  960|
+---------------------+---------+------+---------+---------+-----+
|Utilization (%)      |        0|     0|       ~0|        5|    0|
+---------------------+---------+------+---------+---------+-----+

+ Detail: 
    * Instance: 
    +--------------------------------------------------+--------------------------------------+---------+----+-------+-------+-----+
    |                     Instance                     |                Module                | BRAM_18K| DSP|   FF  |  LUT  | URAM|
    +--------------------------------------------------+--------------------------------------+---------+----+-------+-------+-----+
    |grp_sha2561_ver_Pipeline_VITIS_LOOP_36_2_fu_888   |sha2561_ver_Pipeline_VITIS_LOOP_36_2  |        0|   0|    521|   2805|    0|
    |grp_sha2561_ver_Pipeline_VITIS_LOOP_90_1_fu_1021  |sha2561_ver_Pipeline_VITIS_LOOP_90_1  |        0|   0|     38|   1428|    0|
    |grp_sha256_final_fu_1164                          |sha256_final                          |        0|   0|   3536|   6057|    0|
    |grp_sha256_transform_fu_4704                      |sha256_transform                      |        0|   0|  17505|  53926|    0|
    +--------------------------------------------------+--------------------------------------+---------+----+-------+-------+-----+
    |Total                                             |                                      |        0|   0|  21600|  64216|    0|
    +--------------------------------------------------+--------------------------------------+---------+----+-------+-------+-----+

    * DSP: 
    N/A

    * Memory: 
    N/A

    * FIFO: 
    N/A

    * Expression: 
    +---------------------------------+----------+----+---+-----+------------+------------+
    |          Variable Name          | Operation| DSP| FF| LUT | Bitwidth P0| Bitwidth P1|
    +---------------------------------+----------+----+---+-----+------------+------------+
    |ap_block_state5_on_subcall_done  |       and|   0|  0|    2|           1|           1|
    |select_ln62_fu_2920_p3           |    select|   0|  0|  428|           1|         512|
    +---------------------------------+----------+----+---+-----+------------+------------+
    |Total                            |          |   0|  0|  430|           2|         513|
    +---------------------------------+----------+----+---+-----+------------+------------+

    * Multiplexer: 
    +-----------------------------------------------+----+-----------+-----+-----------+
    |                      Name                     | LUT| Input Size| Bits| Total Bits|
    +-----------------------------------------------+----+-----------+-----+-----------+
    |ap_NS_fsm                                      |  43|          8|    1|          8|
    |ap_return_0                                    |   9|          2|  256|        512|
    |ap_return_1                                    |   9|          2|  512|       1024|
    |grp_sha256_transform_fu_4704_ap_ce             |  20|          4|    1|          4|
    |grp_sha256_transform_fu_4704_ctx_state_0_read  |  14|          3|   32|         96|
    |grp_sha256_transform_fu_4704_ctx_state_1_read  |  14|          3|   32|         96|
    |grp_sha256_transform_fu_4704_ctx_state_2_read  |  14|          3|   32|         96|
    |grp_sha256_transform_fu_4704_ctx_state_3_read  |  14|          3|   32|         96|
    |grp_sha256_transform_fu_4704_ctx_state_4_read  |  14|          3|   32|         96|
    |grp_sha256_transform_fu_4704_ctx_state_5_read  |  14|          3|   32|         96|
    |grp_sha256_transform_fu_4704_ctx_state_6_read  |  14|          3|   32|         96|
    |grp_sha256_transform_fu_4704_ctx_state_7_read  |  14|          3|   32|         96|
    |grp_sha256_transform_fu_4704_p_read10          |  14|          3|    8|         24|
    |grp_sha256_transform_fu_4704_p_read11          |  14|          3|    8|         24|
    |grp_sha256_transform_fu_4704_p_read12          |  14|          3|    8|         24|
    |grp_sha256_transform_fu_4704_p_read13          |  14|          3|    8|         24|
    |grp_sha256_transform_fu_4704_p_read14          |  14|          3|    8|         24|
    |grp_sha256_transform_fu_4704_p_read15          |  14|          3|    8|         24|
    |grp_sha256_transform_fu_4704_p_read16          |  14|          3|    8|         24|
    |grp_sha256_transform_fu_4704_p_read17          |  14|          3|    8|         24|
    |grp_sha256_transform_fu_4704_p_read18          |  14|          3|    8|         24|
    |grp_sha256_transform_fu_4704_p_read19          |  14|          3|    8|         24|
    |grp_sha256_transform_fu_4704_p_read1917        |  14|          3|    8|         24|
    |grp_sha256_transform_fu_4704_p_read20          |  14|          3|    8|         24|
    |grp_sha256_transform_fu_4704_p_read21          |  14|          3|    8|         24|
    |grp_sha256_transform_fu_4704_p_read210         |  14|          3|    8|         24|
    |grp_sha256_transform_fu_4704_p_read22          |  14|          3|    8|         24|
    |grp_sha256_transform_fu_4704_p_read23          |  14|          3|    8|         24|
    |grp_sha256_transform_fu_4704_p_read24          |  14|          3|    8|         24|
    |grp_sha256_transform_fu_4704_p_read25          |  14|          3|    8|         24|
    |grp_sha256_transform_fu_4704_p_read26          |  14|          3|    8|         24|
    |grp_sha256_transform_fu_4704_p_read27          |  14|          3|    8|         24|
    |grp_sha256_transform_fu_4704_p_read28          |  14|          3|    8|         24|
    |grp_sha256_transform_fu_4704_p_read29          |  14|          3|    8|         24|
    |grp_sha256_transform_fu_4704_p_read30          |  14|          3|    8|         24|
    |grp_sha256_transform_fu_4704_p_read31          |  14|          3|    8|         24|
    |grp_sha256_transform_fu_4704_p_read311         |  14|          3|    8|         24|
    |grp_sha256_transform_fu_4704_p_read32          |  14|          3|    8|         24|
    |grp_sha256_transform_fu_4704_p_read33          |  14|          3|    8|         24|
    |grp_sha256_transform_fu_4704_p_read34          |  14|          3|    8|         24|
    |grp_sha256_transform_fu_4704_p_read35          |  14|          3|    8|         24|
    |grp_sha256_transform_fu_4704_p_read36          |  14|          3|    8|         24|
    |grp_sha256_transform_fu_4704_p_read37          |  14|          3|    8|         24|
    |grp_sha256_transform_fu_4704_p_read38          |  14|          3|    8|         24|
    |grp_sha256_transform_fu_4704_p_read39          |  14|          3|    8|         24|
    |grp_sha256_transform_fu_4704_p_read40          |  14|          3|    8|         24|
    |grp_sha256_transform_fu_4704_p_read41          |  14|          3|    8|         24|
    |grp_sha256_transform_fu_4704_p_read412         |  14|          3|    8|         24|
    |grp_sha256_transform_fu_4704_p_read42          |  14|          3|    8|         24|
    |grp_sha256_transform_fu_4704_p_read43          |  14|          3|    8|         24|
    |grp_sha256_transform_fu_4704_p_read44          |  14|          3|    8|         24|
    |grp_sha256_transform_fu_4704_p_read45          |  14|          3|    8|         24|
    |grp_sha256_transform_fu_4704_p_read46          |  14|          3|    8|         24|
    |grp_sha256_transform_fu_4704_p_read47          |  14|          3|    8|         24|
    |grp_sha256_transform_fu_4704_p_read48          |  14|          3|    8|         24|
    |grp_sha256_transform_fu_4704_p_read49          |  14|          3|    8|         24|
    |grp_sha256_transform_fu_4704_p_read50          |  14|          3|    8|         24|
    |grp_sha256_transform_fu_4704_p_read51          |  14|          3|    8|         24|
    |grp_sha256_transform_fu_4704_p_read513         |  14|          3|    8|         24|
    |grp_sha256_transform_fu_4704_p_read52          |  14|          3|    8|         24|
    |grp_sha256_transform_fu_4704_p_read53          |  14|          3|    8|         24|
    |grp_sha256_transform_fu_4704_p_read54          |  14|          3|    8|         24|
    |grp_sha256_transform_fu_4704_p_read55          |  14|          3|    8|         24|
    |grp_sha256_transform_fu_4704_p_read56          |  14|          3|    8|         24|
    |grp_sha256_transform_fu_4704_p_read57          |  14|          3|    8|         24|
    |grp_sha256_transform_fu_4704_p_read58          |  14|          3|    8|         24|
    |grp_sha256_transform_fu_4704_p_read59          |  14|          3|    8|         24|
    |grp_sha256_transform_fu_4704_p_read60          |  14|          3|    8|         24|
    |grp_sha256_transform_fu_4704_p_read61          |  14|          3|    8|         24|
    |grp_sha256_transform_fu_4704_p_read614         |  14|          3|    8|         24|
    |grp_sha256_transform_fu_4704_p_read62          |  14|          3|    8|         24|
    |grp_sha256_transform_fu_4704_p_read63          |  14|          3|    8|         24|
    |grp_sha256_transform_fu_4704_p_read715         |  14|          3|    8|         24|
    |grp_sha256_transform_fu_4704_p_read8           |  14|          3|    8|         24|
    |grp_sha256_transform_fu_4704_p_read816         |  14|          3|    8|         24|
    |grp_sha256_transform_fu_4704_p_read9           |  14|          3|    8|         24|
    |input_r_TDATA_blk_n                            |   9|          2|    1|          2|
    |sha256ctx_bitlen_0_fu_62                       |   9|          2|   32|         64|
    |sha256ctx_bitlen_1_fu_66                       |   9|          2|   32|         64|
    |sha256ctx_datalen_fu_326                       |   9|          2|   32|         64|
    |sha256ctx_state_0_0_fu_602                     |   9|          2|   32|         64|
    |sha256ctx_state_1_0_fu_606                     |   9|          2|   32|         64|
    |sha256ctx_state_2_0_fu_610                     |   9|          2|   32|         64|
    |sha256ctx_state_3_0_fu_614                     |   9|          2|   32|         64|
    |sha256ctx_state_4_0_fu_618                     |   9|          2|   32|         64|
    |sha256ctx_state_5_0_fu_622                     |   9|          2|   32|         64|
    |sha256ctx_state_6_0_fu_598                     |   9|          2|   32|         64|
    |sha256ctx_state_7_0_fu_594                     |   9|          2|   32|         64|
    +-----------------------------------------------+----+-----------+-----+-----------+
    |Total                                          |1197|        256| 1891|       4558|
    +-----------------------------------------------+----+-----------+-----+-----------+

    * Register: 
    +---------------------------------------------------------------+-----+----+-----+-----------+
    |                              Name                             |  FF | LUT| Bits| Const Bits|
    +---------------------------------------------------------------+-----+----+-----+-----------+
    |ap_CS_fsm                                                      |    7|   0|    7|          0|
    |ap_return_0_preg                                               |  256|   0|  512|        256|
    |ap_return_1_preg                                               |  512|   0|  512|          0|
    |grp_sha2561_ver_Pipeline_VITIS_LOOP_36_2_fu_888_ap_start_reg   |    1|   0|    1|          0|
    |grp_sha2561_ver_Pipeline_VITIS_LOOP_90_1_fu_1021_ap_start_reg  |    1|   0|    1|          0|
    |grp_sha256_final_fu_1164_ap_start_reg                          |    1|   0|    1|          0|
    |lastPacket_tdata_05_fu_330                                     |  512|   0|  512|          0|
    |reg_1435                                                       |    8|   0|    8|          0|
    |reg_1441                                                       |    8|   0|    8|          0|
    |reg_1447                                                       |    8|   0|    8|          0|
    |reg_1453                                                       |    8|   0|    8|          0|
    |reg_1459                                                       |    8|   0|    8|          0|
    |reg_1465                                                       |    8|   0|    8|          0|
    |reg_1471                                                       |    8|   0|    8|          0|
    |reg_1477                                                       |    8|   0|    8|          0|
    |reg_1483                                                       |    8|   0|    8|          0|
    |reg_1489                                                       |    8|   0|    8|          0|
    |reg_1495                                                       |    8|   0|    8|          0|
    |reg_1501                                                       |    8|   0|    8|          0|
    |reg_1507                                                       |    8|   0|    8|          0|
    |reg_1513                                                       |    8|   0|    8|          0|
    |reg_1519                                                       |    8|   0|    8|          0|
    |reg_1525                                                       |    8|   0|    8|          0|
    |reg_1531                                                       |    8|   0|    8|          0|
    |reg_1537                                                       |    8|   0|    8|          0|
    |reg_1543                                                       |    8|   0|    8|          0|
    |reg_1549                                                       |    8|   0|    8|          0|
    |reg_1555                                                       |    8|   0|    8|          0|
    |reg_1561                                                       |    8|   0|    8|          0|
    |reg_1567                                                       |    8|   0|    8|          0|
    |reg_1573                                                       |    8|   0|    8|          0|
    |reg_1579                                                       |    8|   0|    8|          0|
    |reg_1585                                                       |    8|   0|    8|          0|
    |reg_1591                                                       |    8|   0|    8|          0|
    |reg_1597                                                       |    8|   0|    8|          0|
    |reg_1603                                                       |    8|   0|    8|          0|
    |reg_1609                                                       |    8|   0|    8|          0|
    |reg_1615                                                       |    8|   0|    8|          0|
    |reg_1621                                                       |    8|   0|    8|          0|
    |seg_buf_100_fu_210                                             |    8|   0|    8|          0|
    |seg_buf_101_fu_214                                             |    8|   0|    8|          0|
    |seg_buf_102_fu_218                                             |    8|   0|    8|          0|
    |seg_buf_103_fu_222                                             |    8|   0|    8|          0|
    |seg_buf_104_fu_226                                             |    8|   0|    8|          0|
    |seg_buf_105_fu_230                                             |    8|   0|    8|          0|
    |seg_buf_106_fu_234                                             |    8|   0|    8|          0|
    |seg_buf_107_fu_238                                             |    8|   0|    8|          0|
    |seg_buf_108_fu_242                                             |    8|   0|    8|          0|
    |seg_buf_109_fu_246                                             |    8|   0|    8|          0|
    |seg_buf_10_fu_110                                              |    8|   0|    8|          0|
    |seg_buf_110_fu_250                                             |    8|   0|    8|          0|
    |seg_buf_111_fu_254                                             |    8|   0|    8|          0|
    |seg_buf_112_fu_258                                             |    8|   0|    8|          0|
    |seg_buf_113_fu_262                                             |    8|   0|    8|          0|
    |seg_buf_114_fu_266                                             |    8|   0|    8|          0|
    |seg_buf_115_fu_270                                             |    8|   0|    8|          0|
    |seg_buf_116_fu_274                                             |    8|   0|    8|          0|
    |seg_buf_117_fu_278                                             |    8|   0|    8|          0|
    |seg_buf_118_fu_282                                             |    8|   0|    8|          0|
    |seg_buf_119_fu_286                                             |    8|   0|    8|          0|
    |seg_buf_11_fu_114                                              |    8|   0|    8|          0|
    |seg_buf_120_fu_290                                             |    8|   0|    8|          0|
    |seg_buf_121_fu_294                                             |    8|   0|    8|          0|
    |seg_buf_122_fu_298                                             |    8|   0|    8|          0|
    |seg_buf_123_fu_302                                             |    8|   0|    8|          0|
    |seg_buf_124_fu_306                                             |    8|   0|    8|          0|
    |seg_buf_125_fu_310                                             |    8|   0|    8|          0|
    |seg_buf_126_fu_314                                             |    8|   0|    8|          0|
    |seg_buf_127_fu_318                                             |    8|   0|    8|          0|
    |seg_buf_128_fu_322                                             |    8|   0|    8|          0|
    |seg_buf_12_fu_118                                              |    8|   0|    8|          0|
    |seg_buf_13_fu_122                                              |    8|   0|    8|          0|
    |seg_buf_14_fu_126                                              |    8|   0|    8|          0|
    |seg_buf_15_fu_130                                              |    8|   0|    8|          0|
    |seg_buf_16_fu_134                                              |    8|   0|    8|          0|
    |seg_buf_17_fu_138                                              |    8|   0|    8|          0|
    |seg_buf_18_fu_142                                              |    8|   0|    8|          0|
    |seg_buf_19_fu_146                                              |    8|   0|    8|          0|
    |seg_buf_1_fu_74                                                |    8|   0|    8|          0|
    |seg_buf_20_fu_150                                              |    8|   0|    8|          0|
    |seg_buf_21_fu_154                                              |    8|   0|    8|          0|
    |seg_buf_22_fu_158                                              |    8|   0|    8|          0|
    |seg_buf_23_fu_162                                              |    8|   0|    8|          0|
    |seg_buf_24_fu_166                                              |    8|   0|    8|          0|
    |seg_buf_25_fu_170                                              |    8|   0|    8|          0|
    |seg_buf_26_fu_174                                              |    8|   0|    8|          0|
    |seg_buf_27_fu_178                                              |    8|   0|    8|          0|
    |seg_buf_28_fu_182                                              |    8|   0|    8|          0|
    |seg_buf_29_fu_186                                              |    8|   0|    8|          0|
    |seg_buf_2_fu_78                                                |    8|   0|    8|          0|
    |seg_buf_30_fu_190                                              |    8|   0|    8|          0|
    |seg_buf_31_fu_194                                              |    8|   0|    8|          0|
    |seg_buf_3_fu_82                                                |    8|   0|    8|          0|
    |seg_buf_4_fu_86                                                |    8|   0|    8|          0|
    |seg_buf_5_fu_90                                                |    8|   0|    8|          0|
    |seg_buf_6_fu_94                                                |    8|   0|    8|          0|
    |seg_buf_7_fu_98                                                |    8|   0|    8|          0|
    |seg_buf_8_fu_102                                               |    8|   0|    8|          0|
    |seg_buf_97_fu_198                                              |    8|   0|    8|          0|
    |seg_buf_98_fu_202                                              |    8|   0|    8|          0|
    |seg_buf_99_fu_206                                              |    8|   0|    8|          0|
    |seg_buf_9_fu_106                                               |    8|   0|    8|          0|
    |seg_buf_fu_70                                                  |    8|   0|    8|          0|
    |sha256ctx_bitlen_0_fu_62                                       |   32|   0|   32|          0|
    |sha256ctx_bitlen_1_fu_66                                       |   32|   0|   32|          0|
    |sha256ctx_data_100_0_fu_410                                    |    8|   0|    8|          0|
    |sha256ctx_data_101_0_fu_406                                    |    8|   0|    8|          0|
    |sha256ctx_data_102_0_fu_402                                    |    8|   0|    8|          0|
    |sha256ctx_data_103_0_fu_398                                    |    8|   0|    8|          0|
    |sha256ctx_data_104_0_fu_394                                    |    8|   0|    8|          0|
    |sha256ctx_data_105_0_fu_390                                    |    8|   0|    8|          0|
    |sha256ctx_data_106_0_fu_386                                    |    8|   0|    8|          0|
    |sha256ctx_data_107_0_fu_382                                    |    8|   0|    8|          0|
    |sha256ctx_data_108_0_fu_378                                    |    8|   0|    8|          0|
    |sha256ctx_data_109_0_fu_374                                    |    8|   0|    8|          0|
    |sha256ctx_data_110_0_fu_370                                    |    8|   0|    8|          0|
    |sha256ctx_data_111_0_fu_366                                    |    8|   0|    8|          0|
    |sha256ctx_data_112_0_fu_362                                    |    8|   0|    8|          0|
    |sha256ctx_data_113_0_fu_358                                    |    8|   0|    8|          0|
    |sha256ctx_data_114_0_fu_354                                    |    8|   0|    8|          0|
    |sha256ctx_data_115_0_fu_350                                    |    8|   0|    8|          0|
    |sha256ctx_data_116_0_fu_346                                    |    8|   0|    8|          0|
    |sha256ctx_data_117_0_fu_342                                    |    8|   0|    8|          0|
    |sha256ctx_data_118_0_fu_334                                    |    8|   0|    8|          0|
    |sha256ctx_data_119_0_fu_554                                    |    8|   0|    8|          0|
    |sha256ctx_data_120_0_fu_558                                    |    8|   0|    8|          0|
    |sha256ctx_data_121_0_fu_562                                    |    8|   0|    8|          0|
    |sha256ctx_data_122_0_fu_566                                    |    8|   0|    8|          0|
    |sha256ctx_data_123_0_fu_570                                    |    8|   0|    8|          0|
    |sha256ctx_data_124_0_fu_574                                    |    8|   0|    8|          0|
    |sha256ctx_data_125_0_fu_578                                    |    8|   0|    8|          0|
    |sha256ctx_data_126_0_fu_582                                    |    8|   0|    8|          0|
    |sha256ctx_data_127_0_fu_586                                    |    8|   0|    8|          0|
    |sha256ctx_data_128_0_fu_590                                    |    8|   0|    8|          0|
    |sha256ctx_data_65_0_fu_502                                     |    8|   0|    8|          0|
    |sha256ctx_data_66_0_fu_506                                     |    8|   0|    8|          0|
    |sha256ctx_data_67_0_fu_510                                     |    8|   0|    8|          0|
    |sha256ctx_data_68_0_fu_514                                     |    8|   0|    8|          0|
    |sha256ctx_data_69_0_fu_518                                     |    8|   0|    8|          0|
    |sha256ctx_data_70_0_fu_522                                     |    8|   0|    8|          0|
    |sha256ctx_data_71_0_fu_526                                     |    8|   0|    8|          0|
    |sha256ctx_data_72_0_fu_530                                     |    8|   0|    8|          0|
    |sha256ctx_data_73_0_fu_534                                     |    8|   0|    8|          0|
    |sha256ctx_data_74_0_fu_538                                     |    8|   0|    8|          0|
    |sha256ctx_data_75_0_fu_542                                     |    8|   0|    8|          0|
    |sha256ctx_data_76_0_fu_546                                     |    8|   0|    8|          0|
    |sha256ctx_data_77_0_fu_550                                     |    8|   0|    8|          0|
    |sha256ctx_data_78_0_fu_498                                     |    8|   0|    8|          0|
    |sha256ctx_data_79_0_fu_494                                     |    8|   0|    8|          0|
    |sha256ctx_data_80_0_fu_490                                     |    8|   0|    8|          0|
    |sha256ctx_data_81_0_fu_486                                     |    8|   0|    8|          0|
    |sha256ctx_data_82_0_fu_482                                     |    8|   0|    8|          0|
    |sha256ctx_data_83_0_fu_478                                     |    8|   0|    8|          0|
    |sha256ctx_data_84_0_fu_474                                     |    8|   0|    8|          0|
    |sha256ctx_data_85_0_fu_470                                     |    8|   0|    8|          0|
    |sha256ctx_data_86_0_fu_466                                     |    8|   0|    8|          0|
    |sha256ctx_data_87_0_fu_462                                     |    8|   0|    8|          0|
    |sha256ctx_data_88_0_fu_458                                     |    8|   0|    8|          0|
    |sha256ctx_data_89_0_fu_454                                     |    8|   0|    8|          0|
    |sha256ctx_data_90_0_fu_450                                     |    8|   0|    8|          0|
    |sha256ctx_data_91_0_fu_446                                     |    8|   0|    8|          0|
    |sha256ctx_data_92_0_fu_442                                     |    8|   0|    8|          0|
    |sha256ctx_data_93_0_fu_438                                     |    8|   0|    8|          0|
    |sha256ctx_data_94_0_fu_434                                     |    8|   0|    8|          0|
    |sha256ctx_data_95_0_fu_430                                     |    8|   0|    8|          0|
    |sha256ctx_data_96_0_fu_426                                     |    8|   0|    8|          0|
    |sha256ctx_data_97_0_fu_422                                     |    8|   0|    8|          0|
    |sha256ctx_data_98_0_fu_418                                     |    8|   0|    8|          0|
    |sha256ctx_data_99_0_fu_414                                     |    8|   0|    8|          0|
    |sha256ctx_datalen_fu_326                                       |   32|   0|   32|          0|
    |sha256ctx_state_0_0_fu_602                                     |   32|   0|   32|          0|
    |sha256ctx_state_1_0_fu_606                                     |   32|   0|   32|          0|
    |sha256ctx_state_2_0_fu_610                                     |   32|   0|   32|          0|
    |sha256ctx_state_3_0_fu_614                                     |   32|   0|   32|          0|
    |sha256ctx_state_4_0_fu_618                                     |   32|   0|   32|          0|
    |sha256ctx_state_5_0_fu_622                                     |   32|   0|   32|          0|
    |sha256ctx_state_6_0_fu_598                                     |   32|   0|   32|          0|
    |sha256ctx_state_7_0_fu_594                                     |   32|   0|   32|          0|
    |tmp_reg_4187                                                   |    1|   0|    1|          0|
    |trunc_ln145_reg_4182                                           |  512|   0|  512|          0|
    |write_flag12_0_fu_338                                          |    1|   0|    1|          0|
    +---------------------------------------------------------------+-----+----+-----+-----------+
    |Total                                                          | 3436|   0| 3692|        256|
    +---------------------------------------------------------------+-----+----+-----+-----------+



================================================================
== Interface
================================================================
* Summary: 
+----------------+-----+-----+--------------+--------------+--------------+
|    RTL Ports   | Dir | Bits|   Protocol   | Source Object|    C Type    |
+----------------+-----+-----+--------------+--------------+--------------+
|ap_clk          |   in|    1|  ap_ctrl_none|   sha2561_ver|  return value|
|ap_rst          |   in|    1|  ap_ctrl_none|   sha2561_ver|  return value|
|ap_start        |   in|    1|  ap_ctrl_none|   sha2561_ver|  return value|
|ap_done         |  out|    1|  ap_ctrl_none|   sha2561_ver|  return value|
|ap_idle         |  out|    1|  ap_ctrl_none|   sha2561_ver|  return value|
|ap_ready        |  out|    1|  ap_ctrl_none|   sha2561_ver|  return value|
|ap_return_0     |  out|  512|  ap_ctrl_none|   sha2561_ver|  return value|
|ap_return_1     |  out|  512|  ap_ctrl_none|   sha2561_ver|  return value|
|input_r_TDATA   |   in|  584|          axis|       input_r|       pointer|
|input_r_TVALID  |   in|    1|          axis|       input_r|       pointer|
|input_r_TREADY  |  out|    1|          axis|       input_r|       pointer|
+----------------+-----+-----+--------------+--------------+--------------+

