

================================================================
== Vitis HLS Report for 'monProduct_512_s'
================================================================
* Date:           Wed Aug  2 01:53:18 2023

* Version:        2022.1 (Build 3526262 on Mon Apr 18 15:47:01 MDT 2022)
* Project:        shav-rsa
* Solution:       solution1 (Vivado IP Flow Target)
* Product family: virtexuplus
* Target device:  xcu280-fsvh2892-2L-e


================================================================
== Performance Estimates
================================================================
+ Timing: 
    * Summary: 
    +--------+----------+----------+------------+
    |  Clock |  Target  | Estimated| Uncertainty|
    +--------+----------+----------+------------+
    |ap_clk  |  10.00 ns|  7.016 ns|     2.70 ns|
    +--------+----------+----------+------------+

+ Latency: 
    * Summary: 
    +---------+---------+----------+----------+-----+-----+---------+
    |  Latency (cycles) |  Latency (absolute) |  Interval | Pipeline|
    |   min   |   max   |    min   |    max   | min | max |   Type  |
    +---------+---------+----------+----------+-----+-----+---------+
    |      516|      516|  5.160 us|  5.160 us|  516|  516|       no|
    +---------+---------+----------+----------+-----+-----+---------+

    + Detail: 
        * Instance: 
        N/A

        * Loop: 
        N/A

============================================================
+ Verbose Summary: Synthesis Manager
============================================================
InlineROM: 1
ExposeGlobal: 0
============================================================
+ Verbose Summary: CDFG Model
============================================================
IsTopModel: 0
ResetActiveHigh: 1
IsCombinational: 0
IsDatapathOnly: 0
HasWiredReturn: 1
HasMFsm: 0
HasVarLatency: 1
IsPipeline: 0
IsRtlPipelined: 0
IsInstanceOverlapped: 0
IsDontTouch: 0
HasImplIP: 0
IsGatedGlobalClock: 0


============================================================
+ Verbose Summary: Schedule
============================================================
* Number of FSM states : 3
* Pipeline : 0
* Dataflow Pipeline: 0

* FSM state transitions: 
1 --> 2 
2 --> 3 
3 --> 

* FSM state operations: 

State 1 <SV = 0> <Delay = 0.00>
ST_1 : Operation 4 [1/1] (0.00ns)   --->   "%opB_read = read i512 @_ssdm_op_Read.ap_auto.i512, i512 %opB"   --->   Operation 4 'read' 'opB_read' <Predicate = true> <Delay = 0.00>
ST_1 : Operation 5 [1/1] (0.00ns)   --->   "%opA_read = read i512 @_ssdm_op_Read.ap_auto.i512, i512 %opA"   --->   Operation 5 'read' 'opA_read' <Predicate = true> <Delay = 0.00>
ST_1 : Operation 6 [1/1] (0.00ns)   --->   "%s_V_2_loc = alloca i64 1"   --->   Operation 6 'alloca' 's_V_2_loc' <Predicate = true> <Delay = 0.00>
ST_1 : Operation 7 [1/1] (0.00ns)   --->   "%p_Result_s = trunc i512 %opA_read"   --->   Operation 7 'trunc' 'p_Result_s' <Predicate = true> <Delay = 0.00>
ST_1 : Operation 8 [2/2] (0.00ns)   --->   "%call_ln825 = call void @monProduct<512>_Pipeline_MON_PRODUCT_MOD, i512 %opB_read, i1 %p_Result_s, i512 %opA_read, i513 %s_V_2_loc"   --->   Operation 8 'call' 'call_ln825' <Predicate = true> <Delay = 0.00> <CoreType = "Generic">   --->   Core 0 '' <Latency = 0> <II = 1> <Delay = 1.00> <Generic> <Opcode : >

State 2 <SV = 1> <Delay = 0.60>
ST_2 : Operation 9 [1/2] (0.60ns)   --->   "%call_ln825 = call void @monProduct<512>_Pipeline_MON_PRODUCT_MOD, i512 %opB_read, i1 %p_Result_s, i512 %opA_read, i513 %s_V_2_loc"   --->   Operation 9 'call' 'call_ln825' <Predicate = true> <Delay = 0.60> <CoreType = "Generic">   --->   Core 0 '' <Latency = 0> <II = 1> <Delay = 1.00> <Generic> <Opcode : >

State 3 <SV = 2> <Delay = 3.88>
ST_3 : Operation 10 [1/1] (0.00ns)   --->   "%s_V_2_loc_load = load i513 %s_V_2_loc"   --->   Operation 10 'load' 's_V_2_loc_load' <Predicate = true> <Delay = 0.00>
ST_3 : Operation 11 [1/1] (1.32ns)   --->   "%icmp_ln1081 = icmp_ugt  i513 %s_V_2_loc_load, i513 7088021856551958929501352968787714533582346991421508609526112846477345315936939591169267906367902883502005512977912417779748841611582289497208430568288093"   --->   Operation 11 'icmp' 'icmp_ln1081' <Predicate = true> <Delay = 1.32> <CoreInst = "Cmp">   --->   Core 9 'Cmp' <Latency = 0> <II = 1> <Delay = 1.32> <FuncUnit> <Opcode : 'icmp'> <InPorts = 2> <OutPorts = 1>
ST_3 : Operation 12 [1/1] (0.00ns)   --->   "%trunc_ln887 = trunc i513 %s_V_2_loc_load"   --->   Operation 12 'trunc' 'trunc_ln887' <Predicate = true> <Delay = 0.00>
ST_3 : Operation 13 [1/1] (3.30ns)   --->   "%add_ln93 = add i512 %trunc_ln887, i512 6319786073390638170072672029418131593897018829170884768197448597244418714136607385632606391799000544188026345208573633074005041200364280449225218437796003" [./sha256.hpp:93]   --->   Operation 13 'add' 'add_ln93' <Predicate = true> <Delay = 3.30> <CoreInst = "Adder">   --->   Core 1 'Adder' <Latency = 0> <II = 1> <Delay = 3.30> <FuncUnit> <Opcode : 'add' 'sub'> <InPorts = 2> <OutPorts = 1>
ST_3 : Operation 14 [1/1] (0.57ns)   --->   "%select_ln93 = select i1 %icmp_ln1081, i512 %add_ln93, i512 %trunc_ln887" [./sha256.hpp:93]   --->   Operation 14 'select' 'select_ln93' <Predicate = true> <Delay = 0.57> <CoreInst = "Sel">   --->   Core 73 'Sel' <Latency = 0> <II = 1> <Delay = 0.57> <FuncUnit> <Opcode : 'select'> <InPorts = 3> <OutPorts = 1>
ST_3 : Operation 15 [1/1] (0.00ns)   --->   "%ret_ln97 = ret i512 %select_ln93" [./sha256.hpp:97]   --->   Operation 15 'ret' 'ret_ln97' <Predicate = true> <Delay = 0.00>


============================================================
+ Verbose Summary: Timing violations
============================================================
Target clock period: 10ns, clock uncertainty: 2.7ns.

 <State 1>: 0ns
The critical path consists of the following:

 <State 2>: 0.605ns
The critical path consists of the following:
	'call' operation ('call_ln825') to 'monProduct<512>_Pipeline_MON_PRODUCT_MOD' [7]  (0.605 ns)

 <State 3>: 3.89ns
The critical path consists of the following:
	'load' operation ('s_V_2_loc_load') on local variable 's_V_2_loc' [8]  (0 ns)
	'add' operation ('add_ln93', ./sha256.hpp:93) [11]  (3.31 ns)
	'select' operation ('this.V', ./sha256.hpp:93) [12]  (0.578 ns)


============================================================
+ Verbose Summary: Binding
============================================================
N/A
* FSMD analyzer results:
  - Output states:
 - Input state : 
  - Chain level:
	State 1
	State 2
	State 3


============================================================
+ Verbose Summary: Datapath Resource usage 
============================================================
N/A
