

================================================================
== Vitis HLS Report for 'sha256_verify'
================================================================
* Date:           Wed Aug  2 01:53:26 2023

* Version:        2022.1 (Build 3526262 on Mon Apr 18 15:47:01 MDT 2022)
* Project:        shav-rsa
* Solution:       solution1 (Vivado IP Flow Target)
* Product family: virtexuplus
* Target device:  xcu280-fsvh2892-2L-e


================================================================
== Performance Estimates
================================================================
+ Timing: 
    * Summary: 
    +--------+----------+----------+------------+
    |  Clock |  Target  | Estimated| Uncertainty|
    +--------+----------+----------+------------+
    |ap_clk  |  10.00 ns|  7.209 ns|     2.70 ns|
    +--------+----------+----------+------------+

+ Latency: 
    * Summary: 
    +---------+---------+----------+----------+-----+-----+---------+
    |  Latency (cycles) |  Latency (absolute) |  Interval | Pipeline|
    |   min   |   max   |    min   |    max   | min | max |   Type  |
    +---------+---------+----------+----------+-----+-----+---------+
    |        ?|        ?|         ?|         ?|    ?|    ?|       no|
    +---------+---------+----------+----------+-----+-----+---------+

    + Detail: 
        * Instance: 
        +----------------------------+------------------+---------+---------+-----------+-----------+------+------+---------+
        |                            |                  |  Latency (cycles) |   Latency (absolute)  |   Interval  | Pipeline|
        |          Instance          |      Module      |   min   |   max   |    min    |    max    |  min |  max |   Type  |
        +----------------------------+------------------+---------+---------+-----------+-----------+------+------+---------+
        |grp_sha2561_ver_fu_79       |sha2561_ver       |        ?|        ?|          ?|          ?|     ?|     ?|       no|
        |grp_productMod_512_s_fu_85  |productMod_512_s  |     1026|     1026|  10.260 us|  10.260 us|  1026|  1026|       no|
        |grp_monProduct_512_s_fu_89  |monProduct_512_s  |      517|      517|   5.170 us|   5.170 us|   517|   517|       no|
        |grp_monProduct_512_s_fu_96  |monProduct_512_s  |      517|      517|   5.170 us|   5.170 us|   517|   517|       no|
        +----------------------------+------------------+---------+---------+-----------+-----------+------+------+---------+

        * Loop: 
        +--------------------+---------+---------+------------+-----------+-----------+------+----------+
        |                    |  Latency (cycles) |  Iteration |  Initiation Interval  | Trip |          |
        |      Loop Name     |   min   |   max   |   Latency  |  achieved |   target  | Count| Pipelined|
        +--------------------+---------+---------+------------+-----------+-----------+------+----------+
        |- VITIS_LOOP_114_1  |    10400|    20740|  520 ~ 1037|          -|          -|    20|        no|
        +--------------------+---------+---------+------------+-----------+-----------+------+----------+

============================================================
+ Verbose Summary: Synthesis Manager
============================================================
InlineROM: 1
ExposeGlobal: 0
============================================================
+ Verbose Summary: CDFG Model
============================================================
IsTopModel: 1
ResetActiveHigh: 1
IsCombinational: 0
IsDatapathOnly: 0
HasWiredReturn: 1
HasMFsm: 0
HasVarLatency: 1
IsPipeline: 0
IsRtlPipelined: 0
IsInstanceOverlapped: 0
IsDontTouch: 0
HasImplIP: 0
IsGatedGlobalClock: 0


============================================================
+ Verbose Summary: Schedule
============================================================
* Number of FSM states : 9
* Pipeline : 0
* Dataflow Pipeline: 0

* FSM state transitions: 
1 --> 2 
2 --> 3 
3 --> 4 
4 --> 5 
5 --> 6 8 
6 --> 7 
7 --> 5 
8 --> 9 
9 --> 

* FSM state operations: 

State 1 <SV = 0> <Delay = 0.38>
ST_1 : Operation 10 [1/1] (0.00ns)   --->   "%R_V_1 = alloca i32 1"   --->   Operation 10 'alloca' 'R_V_1' <Predicate = true> <Delay = 0.00>
ST_1 : Operation 11 [1/1] (0.00ns)   --->   "%i = alloca i32 1"   --->   Operation 11 'alloca' 'i' <Predicate = true> <Delay = 0.00>
ST_1 : Operation 12 [1/1] (0.38ns)   --->   "%store_ln114 = store i6 19, i6 %i" [./sha256.hpp:114]   --->   Operation 12 'store' 'store_ln114' <Predicate = true> <Delay = 0.38>

State 2 <SV = 1> <Delay = 1.83>
ST_2 : Operation 13 [2/2] (1.83ns)   --->   "%call_ret = call i1024 @sha2561_ver, i584 %input_r" [sha256.cpp:105]   --->   Operation 13 'call' 'call_ret' <Predicate = true> <Delay = 1.83> <CoreType = "Generic">   --->   Core 0 '' <Latency = 0> <II = 1> <Delay = 1.00> <Generic> <Opcode : >
ST_2 : Operation 14 [2/2] (0.00ns)   --->   "%processor_rMod_V = call i512 @productMod<512>" [./sha256.hpp:361]   --->   Operation 14 'call' 'processor_rMod_V' <Predicate = true> <Delay = 0.00> <CoreType = "Generic">   --->   Core 0 '' <Latency = 0> <II = 1> <Delay = 1.00> <Generic> <Opcode : >

State 3 <SV = 2> <Delay = 0.57>
ST_3 : Operation 15 [1/2] (0.57ns)   --->   "%call_ret = call i1024 @sha2561_ver, i584 %input_r" [sha256.cpp:105]   --->   Operation 15 'call' 'call_ret' <Predicate = true> <Delay = 0.57> <CoreType = "Generic">   --->   Core 0 '' <Latency = 0> <II = 1> <Delay = 1.00> <Generic> <Opcode : >
ST_3 : Operation 16 [1/1] (0.00ns)   --->   "%hash_tdata_V = extractvalue i1024 %call_ret" [sha256.cpp:105]   --->   Operation 16 'extractvalue' 'hash_tdata_V' <Predicate = true> <Delay = 0.00>
ST_3 : Operation 17 [1/1] (0.00ns)   --->   "%lastPacket_tdata_V = extractvalue i1024 %call_ret" [sha256.cpp:105]   --->   Operation 17 'extractvalue' 'lastPacket_tdata_V' <Predicate = true> <Delay = 0.00>
ST_3 : Operation 18 [1/2] (0.00ns)   --->   "%processor_rMod_V = call i512 @productMod<512>" [./sha256.hpp:361]   --->   Operation 18 'call' 'processor_rMod_V' <Predicate = true> <Delay = 0.00> <CoreType = "Generic">   --->   Core 0 '' <Latency = 0> <II = 1> <Delay = 1.00> <Generic> <Opcode : >
ST_3 : Operation 19 [2/2] (0.00ns)   --->   "%P_V = call i512 @monProduct<512>, i512 %processor_rMod_V, i512 %lastPacket_tdata_V" [./sha256.hpp:112]   --->   Operation 19 'call' 'P_V' <Predicate = true> <Delay = 0.00> <CoreType = "Generic">   --->   Core 0 '' <Latency = 0> <II = 1> <Delay = 1.00> <Generic> <Opcode : >
ST_3 : Operation 20 [2/2] (0.00ns)   --->   "%R_V = call i512 @monProduct<512>, i512 %processor_rMod_V, i512 1" [./sha256.hpp:113]   --->   Operation 20 'call' 'R_V' <Predicate = true> <Delay = 0.00> <CoreType = "Generic">   --->   Core 0 '' <Latency = 0> <II = 1> <Delay = 1.00> <Generic> <Opcode : >

State 4 <SV = 3> <Delay = 4.30>
ST_4 : Operation 21 [1/1] (0.00ns)   --->   "%spectopmodule_ln92 = spectopmodule void @_ssdm_op_SpecTopModule, void @empty_2" [sha256.cpp:92]   --->   Operation 21 'spectopmodule' 'spectopmodule_ln92' <Predicate = true> <Delay = 0.00>
ST_4 : Operation 22 [1/1] (0.00ns)   --->   "%specinterface_ln92 = specinterface void @_ssdm_op_SpecInterface, i32 0, void @empty_10, i32 0, i32 0, void @empty, i32 0, i32 0, void @empty, void @empty, void @empty, i32 0, i32 0, i32 0, i32 0, void @empty, void @empty, i32 4294967295, i32 0" [sha256.cpp:92]   --->   Operation 22 'specinterface' 'specinterface_ln92' <Predicate = true> <Delay = 0.00>
ST_4 : Operation 23 [1/1] (0.00ns)   --->   "%specinterface_ln0 = specinterface void @_ssdm_op_SpecInterface, i584 %input_r, void @empty_9, i32 1, i32 1, void @empty_12, i32 0, i32 0, void @empty, void @empty, void @empty, i32 0, i32 0, i32 0, i32 0, void @empty, void @empty, i32 4294967295, i32 0"   --->   Operation 23 'specinterface' 'specinterface_ln0' <Predicate = true> <Delay = 0.00>
ST_4 : Operation 24 [1/1] (0.00ns)   --->   "%specbitsmap_ln0 = specbitsmap void @_ssdm_op_SpecBitsMap, i584 %input_r"   --->   Operation 24 'specbitsmap' 'specbitsmap_ln0' <Predicate = true> <Delay = 0.00>
ST_4 : Operation 25 [1/1] (0.00ns)   --->   "%specinterface_ln0 = specinterface void @_ssdm_op_SpecInterface, i8 %output_r, void @empty_9, i32 1, i32 1, void @empty_12, i32 0, i32 0, void @empty, void @empty, void @empty, i32 0, i32 0, i32 0, i32 0, void @empty, void @empty, i32 4294967295, i32 0"   --->   Operation 25 'specinterface' 'specinterface_ln0' <Predicate = true> <Delay = 0.00>
ST_4 : Operation 26 [1/1] (0.00ns)   --->   "%specbitsmap_ln0 = specbitsmap void @_ssdm_op_SpecBitsMap, i8 %output_r"   --->   Operation 26 'specbitsmap' 'specbitsmap_ln0' <Predicate = true> <Delay = 0.00>
ST_4 : Operation 27 [1/2] (3.88ns)   --->   "%P_V = call i512 @monProduct<512>, i512 %processor_rMod_V, i512 %lastPacket_tdata_V" [./sha256.hpp:112]   --->   Operation 27 'call' 'P_V' <Predicate = true> <Delay = 3.88> <CoreType = "Generic">   --->   Core 0 '' <Latency = 0> <II = 1> <Delay = 1.00> <Generic> <Opcode : >
ST_4 : Operation 28 [1/2] (3.88ns)   --->   "%R_V = call i512 @monProduct<512>, i512 %processor_rMod_V, i512 1" [./sha256.hpp:113]   --->   Operation 28 'call' 'R_V' <Predicate = true> <Delay = 3.88> <CoreType = "Generic">   --->   Core 0 '' <Latency = 0> <II = 1> <Delay = 1.00> <Generic> <Opcode : >
ST_4 : Operation 29 [1/1] (0.41ns)   --->   "%store_ln114 = store i512 %R_V, i512 %R_V_1" [./sha256.hpp:114]   --->   Operation 29 'store' 'store_ln114' <Predicate = true> <Delay = 0.41>
ST_4 : Operation 30 [1/1] (0.00ns)   --->   "%br_ln114 = br void %for.body.i.i" [./sha256.hpp:114]   --->   Operation 30 'br' 'br_ln114' <Predicate = true> <Delay = 0.00>

State 5 <SV = 4> <Delay = 0.00>
ST_5 : Operation 31 [1/1] (0.00ns)   --->   "%i_2 = load i6 %i"   --->   Operation 31 'load' 'i_2' <Predicate = true> <Delay = 0.00>
ST_5 : Operation 32 [1/1] (0.00ns)   --->   "%tmp = bitselect i1 @_ssdm_op_BitSelect.i1.i6.i32, i6 %i_2, i32 5" [./sha256.hpp:114]   --->   Operation 32 'bitselect' 'tmp' <Predicate = true> <Delay = 0.00>
ST_5 : Operation 33 [1/1] (0.00ns)   --->   "%empty = speclooptripcount i32 @_ssdm_op_SpecLoopTripCount, i64 20, i64 20, i64 20"   --->   Operation 33 'speclooptripcount' 'empty' <Predicate = true> <Delay = 0.00>
ST_5 : Operation 34 [1/1] (0.00ns)   --->   "%br_ln114 = br i1 %tmp, void %for.body.i.split.i, void %process.exit" [./sha256.hpp:114]   --->   Operation 34 'br' 'br_ln114' <Predicate = true> <Delay = 0.00>
ST_5 : Operation 35 [1/1] (0.00ns)   --->   "%R_V_1_load_1 = load i512 %R_V_1" [./sha256.hpp:115]   --->   Operation 35 'load' 'R_V_1_load_1' <Predicate = (!tmp)> <Delay = 0.00>
ST_5 : Operation 36 [2/2] (0.00ns)   --->   "%ref_tmp_i_i = call i512 @monProduct<512>, i512 %R_V_1_load_1, i512 %R_V_1_load_1" [./sha256.hpp:115]   --->   Operation 36 'call' 'ref_tmp_i_i' <Predicate = (!tmp)> <Delay = 0.00> <CoreType = "Generic">   --->   Core 0 '' <Latency = 0> <II = 1> <Delay = 1.00> <Generic> <Opcode : >
ST_5 : Operation 37 [1/1] (0.00ns)   --->   "%R_V_1_load = load i512 %R_V_1" [./sha256.hpp:120]   --->   Operation 37 'load' 'R_V_1_load' <Predicate = (tmp)> <Delay = 0.00>
ST_5 : Operation 38 [2/2] (0.00ns)   --->   "%result_V = call i512 @monProduct<512>, i512 %R_V_1_load, i512 1" [./sha256.hpp:120]   --->   Operation 38 'call' 'result_V' <Predicate = (tmp)> <Delay = 0.00> <CoreType = "Generic">   --->   Core 0 '' <Latency = 0> <II = 1> <Delay = 1.00> <Generic> <Opcode : >

State 6 <SV = 5> <Delay = 4.30>
ST_6 : Operation 39 [1/1] (0.00ns)   --->   "%specloopname_ln114 = specloopname void @_ssdm_op_SpecLoopName, void @empty_0" [./sha256.hpp:114]   --->   Operation 39 'specloopname' 'specloopname_ln114' <Predicate = true> <Delay = 0.00>
ST_6 : Operation 40 [1/2] (3.88ns)   --->   "%ref_tmp_i_i = call i512 @monProduct<512>, i512 %R_V_1_load_1, i512 %R_V_1_load_1" [./sha256.hpp:115]   --->   Operation 40 'call' 'ref_tmp_i_i' <Predicate = true> <Delay = 3.88> <CoreType = "Generic">   --->   Core 0 '' <Latency = 0> <II = 1> <Delay = 1.00> <Generic> <Opcode : >
ST_6 : Operation 41 [1/1] (0.00ns)   --->   "%trunc_ln825 = trunc i6 %i_2"   --->   Operation 41 'trunc' 'trunc_ln825' <Predicate = true> <Delay = 0.00>
ST_6 : Operation 42 [1/1] (0.00ns)   --->   "%zext_ln825 = zext i5 %trunc_ln825"   --->   Operation 42 'zext' 'zext_ln825' <Predicate = true> <Delay = 0.00>
ST_6 : Operation 43 [1/1] (0.59ns)   --->   "%shl_ln825 = shl i20 1, i20 %zext_ln825"   --->   Operation 43 'shl' 'shl_ln825' <Predicate = true> <Delay = 0.59> <CoreInst = "Shifter">   --->   Core 75 'Shifter' <Latency = 0> <II = 1> <Delay = 0.59> <FuncUnit> <Opcode : 'shl' 'lshr' 'ashr'> <InPorts = 2> <OutPorts = 1>
ST_6 : Operation 44 [1/1] (0.00ns)   --->   "%tmp_1 = bitselect i1 @_ssdm_op_BitSelect.i1.i20.i32, i20 %shl_ln825, i32 16"   --->   Operation 44 'bitselect' 'tmp_1' <Predicate = true> <Delay = 0.00>
ST_6 : Operation 45 [1/1] (0.00ns)   --->   "%trunc_ln825_1 = trunc i20 %shl_ln825"   --->   Operation 45 'trunc' 'trunc_ln825_1' <Predicate = true> <Delay = 0.00>
ST_6 : Operation 46 [1/1] (0.00ns)   --->   "%and_ln = bitconcatenate i17 @_ssdm_op_BitConcatenate.i17.i1.i15.i1, i1 %tmp_1, i15 0, i1 %trunc_ln825_1"   --->   Operation 46 'bitconcatenate' 'and_ln' <Predicate = true> <Delay = 0.00>
ST_6 : Operation 47 [1/1] (0.68ns)   --->   "%p_Result_s = icmp_eq  i17 %and_ln, i17 0"   --->   Operation 47 'icmp' 'p_Result_s' <Predicate = true> <Delay = 0.68> <CoreInst = "Cmp">   --->   Core 9 'Cmp' <Latency = 0> <II = 1> <Delay = 0.68> <FuncUnit> <Opcode : 'icmp'> <InPorts = 2> <OutPorts = 1>
ST_6 : Operation 48 [1/1] (0.00ns)   --->   "%br_ln116 = br i1 %p_Result_s, void %if.then.i.i, void %for.body.i.split.i.for.inc.i.i_crit_edge" [./sha256.hpp:116]   --->   Operation 48 'br' 'br_ln116' <Predicate = true> <Delay = 0.00>
ST_6 : Operation 49 [2/2] (0.00ns)   --->   "%ref_tmp10_i_i = call i512 @monProduct<512>, i512 %ref_tmp_i_i, i512 %P_V" [./sha256.hpp:117]   --->   Operation 49 'call' 'ref_tmp10_i_i' <Predicate = (!p_Result_s)> <Delay = 0.00> <CoreType = "Generic">   --->   Core 0 '' <Latency = 0> <II = 1> <Delay = 1.00> <Generic> <Opcode : >
ST_6 : Operation 50 [1/1] (0.41ns)   --->   "%store_ln116 = store i512 %ref_tmp_i_i, i512 %R_V_1" [./sha256.hpp:116]   --->   Operation 50 'store' 'store_ln116' <Predicate = (p_Result_s)> <Delay = 0.41>
ST_6 : Operation 51 [1/1] (0.00ns)   --->   "%br_ln116 = br void %for.inc.i.i" [./sha256.hpp:116]   --->   Operation 51 'br' 'br_ln116' <Predicate = (p_Result_s)> <Delay = 0.00>

State 7 <SV = 6> <Delay = 4.30>
ST_7 : Operation 52 [1/2] (3.88ns)   --->   "%ref_tmp10_i_i = call i512 @monProduct<512>, i512 %ref_tmp_i_i, i512 %P_V" [./sha256.hpp:117]   --->   Operation 52 'call' 'ref_tmp10_i_i' <Predicate = (!p_Result_s)> <Delay = 3.88> <CoreType = "Generic">   --->   Core 0 '' <Latency = 0> <II = 1> <Delay = 1.00> <Generic> <Opcode : >
ST_7 : Operation 53 [1/1] (0.41ns)   --->   "%store_ln118 = store i512 %ref_tmp10_i_i, i512 %R_V_1" [./sha256.hpp:118]   --->   Operation 53 'store' 'store_ln118' <Predicate = (!p_Result_s)> <Delay = 0.41>
ST_7 : Operation 54 [1/1] (0.00ns)   --->   "%br_ln118 = br void %for.inc.i.i" [./sha256.hpp:118]   --->   Operation 54 'br' 'br_ln118' <Predicate = (!p_Result_s)> <Delay = 0.00>
ST_7 : Operation 55 [1/1] (0.70ns)   --->   "%i_3 = add i6 %i_2, i6 63" [./sha256.hpp:114]   --->   Operation 55 'add' 'i_3' <Predicate = true> <Delay = 0.70> <CoreInst = "Adder">   --->   Core 1 'Adder' <Latency = 0> <II = 1> <Delay = 0.70> <FuncUnit> <Opcode : 'add' 'sub'> <InPorts = 2> <OutPorts = 1>
ST_7 : Operation 56 [1/1] (0.38ns)   --->   "%store_ln114 = store i6 %i_3, i6 %i" [./sha256.hpp:114]   --->   Operation 56 'store' 'store_ln114' <Predicate = true> <Delay = 0.38>
ST_7 : Operation 57 [1/1] (0.00ns)   --->   "%br_ln114 = br void %for.body.i.i" [./sha256.hpp:114]   --->   Operation 57 'br' 'br_ln114' <Predicate = true> <Delay = 0.00>

State 8 <SV = 5> <Delay = 5.21>
ST_8 : Operation 58 [1/2] (3.88ns)   --->   "%result_V = call i512 @monProduct<512>, i512 %R_V_1_load, i512 1" [./sha256.hpp:120]   --->   Operation 58 'call' 'result_V' <Predicate = true> <Delay = 3.88> <CoreType = "Generic">   --->   Core 0 '' <Latency = 0> <II = 1> <Delay = 1.00> <Generic> <Opcode : >
ST_8 : Operation 59 [1/1] (1.32ns)   --->   "%k_V = icmp_eq  i512 %hash_tdata_V, i512 %result_V" [sha256.cpp:120]   --->   Operation 59 'icmp' 'k_V' <Predicate = true> <Delay = 1.32> <CoreInst = "Cmp">   --->   Core 9 'Cmp' <Latency = 0> <II = 1> <Delay = 1.32> <FuncUnit> <Opcode : 'icmp'> <InPorts = 2> <OutPorts = 1>
ST_8 : Operation 60 [1/1] (0.00ns)   --->   "%zext_ln174 = zext i1 %k_V" [/share/xilinx/Vitis_HLS/2022.1/common/technology/autopilot/hls_stream_39.h:174]   --->   Operation 60 'zext' 'zext_ln174' <Predicate = true> <Delay = 0.00>
ST_8 : Operation 61 [2/2] (0.00ns)   --->   "%write_ln174 = write void @_ssdm_op_Write.axis.volatile.i8P128A, i8 %output_r, i8 %zext_ln174" [/share/xilinx/Vitis_HLS/2022.1/common/technology/autopilot/hls_stream_39.h:174]   --->   Operation 61 'write' 'write_ln174' <Predicate = true> <Delay = 0.00> <CoreInst = "axis">   --->   Core 123 'axis' <Latency = 0> <II = 1> <Delay = 1.00> <Adapter> <Opcode : >

State 9 <SV = 6> <Delay = 0.00>
ST_9 : Operation 62 [1/2] (0.00ns)   --->   "%write_ln174 = write void @_ssdm_op_Write.axis.volatile.i8P128A, i8 %output_r, i8 %zext_ln174" [/share/xilinx/Vitis_HLS/2022.1/common/technology/autopilot/hls_stream_39.h:174]   --->   Operation 62 'write' 'write_ln174' <Predicate = true> <Delay = 0.00> <CoreInst = "axis">   --->   Core 123 'axis' <Latency = 0> <II = 1> <Delay = 1.00> <Adapter> <Opcode : >
ST_9 : Operation 63 [1/1] (0.00ns)   --->   "%ret_ln126 = ret" [sha256.cpp:126]   --->   Operation 63 'ret' 'ret_ln126' <Predicate = true> <Delay = 0.00>


============================================================
+ Verbose Summary: Binding
============================================================
STG Binding: 
---------------- STG Properties BEGIN ----------------
- Is combinational: 0
- Is one-state seq: 0
- Is datapath-only: 0
- Is pipelined: 0
- Is top level: 1
Port [ Return ] is wired: 1; IO mode=ap_ctrl_none:ce=0
Port [ input_r]:  wired=1; compound=1; hidden=0; nouse=0; global=0; static=0; extern=0; dir=0; type=0; pingpong=0; private_global=0; IO mode=axis:ce=0
Port [ output_r]:  wired=1; compound=1; hidden=0; nouse=0; global=0; static=0; extern=0; dir=1; type=0; pingpong=0; private_global=0; IO mode=axis:ce=0
---------------- STG Properties END ------------------

---------------- Datapath Model BEGIN ----------------

<LifeTime>
<method=bitvector/>
R_V_1              (alloca           ) [ 0011111100]
i                  (alloca           ) [ 0111111100]
store_ln114        (store            ) [ 0000000000]
call_ret           (call             ) [ 0000000000]
hash_tdata_V       (extractvalue     ) [ 0000111110]
lastPacket_tdata_V (extractvalue     ) [ 0000100000]
processor_rMod_V   (call             ) [ 0000100000]
spectopmodule_ln92 (spectopmodule    ) [ 0000000000]
specinterface_ln92 (specinterface    ) [ 0000000000]
specinterface_ln0  (specinterface    ) [ 0000000000]
specbitsmap_ln0    (specbitsmap      ) [ 0000000000]
specinterface_ln0  (specinterface    ) [ 0000000000]
specbitsmap_ln0    (specbitsmap      ) [ 0000000000]
P_V                (call             ) [ 0000011100]
R_V                (call             ) [ 0000000000]
store_ln114        (store            ) [ 0000000000]
br_ln114           (br               ) [ 0000000000]
i_2                (load             ) [ 0000001100]
tmp                (bitselect        ) [ 0000011100]
empty              (speclooptripcount) [ 0000000000]
br_ln114           (br               ) [ 0000000000]
R_V_1_load_1       (load             ) [ 0000001000]
R_V_1_load         (load             ) [ 0000000010]
specloopname_ln114 (specloopname     ) [ 0000000000]
ref_tmp_i_i        (call             ) [ 0000000100]
trunc_ln825        (trunc            ) [ 0000000000]
zext_ln825         (zext             ) [ 0000000000]
shl_ln825          (shl              ) [ 0000000000]
tmp_1              (bitselect        ) [ 0000000000]
trunc_ln825_1      (trunc            ) [ 0000000000]
and_ln             (bitconcatenate   ) [ 0000000000]
p_Result_s         (icmp             ) [ 0000011100]
br_ln116           (br               ) [ 0000000000]
store_ln116        (store            ) [ 0000000000]
br_ln116           (br               ) [ 0000000000]
ref_tmp10_i_i      (call             ) [ 0000000000]
store_ln118        (store            ) [ 0000000000]
br_ln118           (br               ) [ 0000000000]
i_3                (add              ) [ 0000000000]
store_ln114        (store            ) [ 0000000000]
br_ln114           (br               ) [ 0000000000]
result_V           (call             ) [ 0000000000]
k_V                (icmp             ) [ 0000000000]
zext_ln174         (zext             ) [ 0000000001]
write_ln174        (write            ) [ 0000000000]
ret_ln126          (ret              ) [ 0000000000]
</LifeTime>

<model>

<comp_list>
<comp id="0" class="1000" name="input_r">
<pin_list>
<pin id="1" dir="1" index="0" bw="1" slack="0"/>
</pin_list>
<bind>
<StgValue><ssdm name="input_r"/></StgValue>
</bind>
</comp>

<comp id="2" class="1000" name="output_r">
<pin_list>
<pin id="3" dir="1" index="0" bw="1" slack="0"/>
</pin_list>
<bind>
<StgValue><ssdm name="output_r"/></StgValue>
</bind>
</comp>

<comp id="4" class="1001" name="const_4">
<pin_list>
<pin id="5" dir="1" index="0" bw="1" slack="0"/>
</pin_list>
<bind>
<StgValue><ssdm name=""/></StgValue>
</bind>
</comp>

<comp id="6" class="1001" name="const_6">
<pin_list>
<pin id="7" dir="1" index="0" bw="1" slack="0"/>
</pin_list>
<bind>
<StgValue><ssdm name=""/></StgValue>
</bind>
</comp>

<comp id="8" class="1001" name="const_8">
<pin_list>
<pin id="9" dir="1" index="0" bw="1" slack="0"/>
</pin_list>
<bind>
<StgValue><ssdm name="sha2561_ver"/></StgValue>
</bind>
</comp>

<comp id="10" class="1001" name="const_10">
<pin_list>
<pin id="11" dir="1" index="0" bw="1" slack="0"/>
</pin_list>
<bind>
<StgValue><ssdm name="productMod<512>"/></StgValue>
</bind>
</comp>

<comp id="12" class="1001" name="const_12">
<pin_list>
<pin id="13" dir="1" index="0" bw="1" slack="0"/>
</pin_list>
<bind>
<StgValue><ssdm name="monProduct<512>"/></StgValue>
</bind>
</comp>

<comp id="14" class="1001" name="const_14">
<pin_list>
<pin id="15" dir="1" index="0" bw="1" slack="0"/>
</pin_list>
<bind>
<StgValue><ssdm name=""/></StgValue>
</bind>
</comp>

<comp id="16" class="1001" name="const_16">
<pin_list>
<pin id="17" dir="1" index="0" bw="1" slack="2147483647"/>
</pin_list>
<bind>
<StgValue><ssdm name="_ssdm_op_SpecTopModule"/></StgValue>
</bind>
</comp>

<comp id="18" class="1001" name="const_18">
<pin_list>
<pin id="19" dir="1" index="0" bw="1" slack="2147483647"/>
</pin_list>
<bind>
<StgValue><ssdm name="empty_2"/></StgValue>
</bind>
</comp>

<comp id="20" class="1001" name="const_20">
<pin_list>
<pin id="21" dir="1" index="0" bw="1" slack="2147483647"/>
</pin_list>
<bind>
<StgValue><ssdm name="_ssdm_op_SpecInterface"/></StgValue>
</bind>
</comp>

<comp id="22" class="1001" name="const_22">
<pin_list>
<pin id="23" dir="1" index="0" bw="1" slack="2147483647"/>
</pin_list>
<bind>
<StgValue><ssdm name=""/></StgValue>
</bind>
</comp>

<comp id="24" class="1001" name="const_24">
<pin_list>
<pin id="25" dir="1" index="0" bw="1" slack="2147483647"/>
</pin_list>
<bind>
<StgValue><ssdm name="empty_10"/></StgValue>
</bind>
</comp>

<comp id="26" class="1001" name="const_26">
<pin_list>
<pin id="27" dir="1" index="0" bw="1" slack="2147483647"/>
</pin_list>
<bind>
<StgValue><ssdm name="empty"/></StgValue>
</bind>
</comp>

<comp id="28" class="1001" name="const_28">
<pin_list>
<pin id="29" dir="1" index="0" bw="1" slack="2147483647"/>
</pin_list>
<bind>
<StgValue><ssdm name=""/></StgValue>
</bind>
</comp>

<comp id="30" class="1001" name="const_30">
<pin_list>
<pin id="31" dir="1" index="0" bw="1" slack="2147483647"/>
</pin_list>
<bind>
<StgValue><ssdm name="empty_9"/></StgValue>
</bind>
</comp>

<comp id="32" class="1001" name="const_32">
<pin_list>
<pin id="33" dir="1" index="0" bw="1" slack="2147483647"/>
</pin_list>
<bind>
<StgValue><ssdm name="empty_12"/></StgValue>
</bind>
</comp>

<comp id="34" class="1001" name="const_34">
<pin_list>
<pin id="35" dir="1" index="0" bw="1" slack="2147483647"/>
</pin_list>
<bind>
<StgValue><ssdm name="_ssdm_op_SpecBitsMap"/></StgValue>
</bind>
</comp>

<comp id="36" class="1001" name="const_36">
<pin_list>
<pin id="37" dir="1" index="0" bw="1" slack="0"/>
</pin_list>
<bind>
<StgValue><ssdm name="_ssdm_op_BitSelect.i1.i6.i32"/></StgValue>
</bind>
</comp>

<comp id="38" class="1001" name="const_38">
<pin_list>
<pin id="39" dir="1" index="0" bw="1" slack="0"/>
</pin_list>
<bind>
<StgValue><ssdm name=""/></StgValue>
</bind>
</comp>

<comp id="40" class="1001" name="const_40">
<pin_list>
<pin id="41" dir="1" index="0" bw="1" slack="2147483647"/>
</pin_list>
<bind>
<StgValue><ssdm name="_ssdm_op_SpecLoopTripCount"/></StgValue>
</bind>
</comp>

<comp id="42" class="1001" name="const_42">
<pin_list>
<pin id="43" dir="1" index="0" bw="1" slack="2147483647"/>
</pin_list>
<bind>
<StgValue><ssdm name=""/></StgValue>
</bind>
</comp>

<comp id="44" class="1001" name="const_44">
<pin_list>
<pin id="45" dir="1" index="0" bw="1" slack="2147483647"/>
</pin_list>
<bind>
<StgValue><ssdm name="_ssdm_op_SpecLoopName"/></StgValue>
</bind>
</comp>

<comp id="46" class="1001" name="const_46">
<pin_list>
<pin id="47" dir="1" index="0" bw="1" slack="2147483647"/>
</pin_list>
<bind>
<StgValue><ssdm name="empty_0"/></StgValue>
</bind>
</comp>

<comp id="48" class="1001" name="const_48">
<pin_list>
<pin id="49" dir="1" index="0" bw="1" slack="0"/>
</pin_list>
<bind>
<StgValue><ssdm name=""/></StgValue>
</bind>
</comp>

<comp id="50" class="1001" name="const_50">
<pin_list>
<pin id="51" dir="1" index="0" bw="1" slack="0"/>
</pin_list>
<bind>
<StgValue><ssdm name="_ssdm_op_BitSelect.i1.i20.i32"/></StgValue>
</bind>
</comp>

<comp id="52" class="1001" name="const_52">
<pin_list>
<pin id="53" dir="1" index="0" bw="1" slack="0"/>
</pin_list>
<bind>
<StgValue><ssdm name=""/></StgValue>
</bind>
</comp>

<comp id="54" class="1001" name="const_54">
<pin_list>
<pin id="55" dir="1" index="0" bw="1" slack="0"/>
</pin_list>
<bind>
<StgValue><ssdm name="_ssdm_op_BitConcatenate.i17.i1.i15.i1"/></StgValue>
</bind>
</comp>

<comp id="56" class="1001" name="const_56">
<pin_list>
<pin id="57" dir="1" index="0" bw="1" slack="0"/>
</pin_list>
<bind>
<StgValue><ssdm name=""/></StgValue>
</bind>
</comp>

<comp id="58" class="1001" name="const_58">
<pin_list>
<pin id="59" dir="1" index="0" bw="1" slack="0"/>
</pin_list>
<bind>
<StgValue><ssdm name=""/></StgValue>
</bind>
</comp>

<comp id="60" class="1001" name="const_60">
<pin_list>
<pin id="61" dir="1" index="0" bw="1" slack="0"/>
</pin_list>
<bind>
<StgValue><ssdm name=""/></StgValue>
</bind>
</comp>

<comp id="62" class="1001" name="const_62">
<pin_list>
<pin id="63" dir="1" index="0" bw="1" slack="0"/>
</pin_list>
<bind>
<StgValue><ssdm name="_ssdm_op_Write.axis.volatile.i8P128A"/></StgValue>
</bind>
</comp>

<comp id="64" class="1004" name="R_V_1_fu_64">
<pin_list>
<pin id="65" dir="0" index="0" bw="1" slack="0"/>
<pin id="66" dir="1" index="1" bw="512" slack="3"/>
</pin_list>
<bind>
<opcode="alloca(26) " fcode="alloca"/>
<opset="R_V_1/1 "/>
</bind>
</comp>

<comp id="68" class="1004" name="i_fu_68">
<pin_list>
<pin id="69" dir="0" index="0" bw="1" slack="0"/>
<pin id="70" dir="1" index="1" bw="6" slack="0"/>
</pin_list>
<bind>
<opcode="alloca(26) " fcode="alloca"/>
<opset="i/1 "/>
</bind>
</comp>

<comp id="72" class="1004" name="grp_write_fu_72">
<pin_list>
<pin id="73" dir="0" index="0" bw="0" slack="0"/>
<pin id="74" dir="0" index="1" bw="8" slack="0"/>
<pin id="75" dir="0" index="2" bw="1" slack="0"/>
<pin id="76" dir="1" index="3" bw="0" slack="2147483647"/>
</pin_list>
<bind>
<opcode="write(1151) " fcode="write"/>
<opset="write_ln174/8 "/>
</bind>
</comp>

<comp id="79" class="1004" name="grp_sha2561_ver_fu_79">
<pin_list>
<pin id="80" dir="0" index="0" bw="1024" slack="0"/>
<pin id="81" dir="0" index="1" bw="584" slack="0"/>
<pin id="82" dir="1" index="2" bw="1024" slack="0"/>
</pin_list>
<bind>
<opcode="call(48) " fcode="call"/>
<opset="call_ret/2 "/>
</bind>
</comp>

<comp id="85" class="1004" name="grp_productMod_512_s_fu_85">
<pin_list>
<pin id="86" dir="0" index="0" bw="512" slack="0"/>
<pin id="87" dir="1" index="1" bw="512" slack="0"/>
</pin_list>
<bind>
<opcode="call(48) " fcode="call"/>
<opset="processor_rMod_V/2 "/>
</bind>
</comp>

<comp id="89" class="1004" name="grp_monProduct_512_s_fu_89">
<pin_list>
<pin id="90" dir="0" index="0" bw="512" slack="0"/>
<pin id="91" dir="0" index="1" bw="512" slack="0"/>
<pin id="92" dir="0" index="2" bw="512" slack="0"/>
<pin id="93" dir="1" index="3" bw="512" slack="0"/>
</pin_list>
<bind>
<opcode="call(48) " fcode="call"/>
<opset="P_V/3 ref_tmp_i_i/5 result_V/5 ref_tmp10_i_i/6 "/>
</bind>
</comp>

<comp id="96" class="1004" name="grp_monProduct_512_s_fu_96">
<pin_list>
<pin id="97" dir="0" index="0" bw="512" slack="0"/>
<pin id="98" dir="0" index="1" bw="512" slack="0"/>
<pin id="99" dir="0" index="2" bw="1" slack="0"/>
<pin id="100" dir="1" index="3" bw="512" slack="0"/>
</pin_list>
<bind>
<opcode="call(48) " fcode="call"/>
<opset="R_V/3 "/>
</bind>
</comp>

<comp id="106" class="1004" name="grp_load_fu_106">
<pin_list>
<pin id="107" dir="0" index="0" bw="512" slack="4"/>
<pin id="108" dir="1" index="1" bw="512" slack="0"/>
</pin_list>
<bind>
<opcode="load(27) " fcode="load"/>
<opset="R_V_1_load_1/5 R_V_1_load/5 "/>
</bind>
</comp>

<comp id="111" class="1005" name="reg_111">
<pin_list>
<pin id="112" dir="0" index="0" bw="512" slack="1"/>
<pin id="113" dir="1" index="1" bw="512" slack="1"/>
</pin_list>
<bind>
<opset="R_V_1_load_1 R_V_1_load "/>
</bind>
</comp>

<comp id="117" class="1004" name="store_ln114_store_fu_117">
<pin_list>
<pin id="118" dir="0" index="0" bw="6" slack="0"/>
<pin id="119" dir="0" index="1" bw="6" slack="0"/>
<pin id="120" dir="1" index="2" bw="0" slack="2147483647"/>
</pin_list>
<bind>
<opcode="store(28) " fcode="store"/>
<opset="store_ln114/1 "/>
</bind>
</comp>

<comp id="122" class="1004" name="hash_tdata_V_fu_122">
<pin_list>
<pin id="123" dir="0" index="0" bw="1024" slack="0"/>
<pin id="124" dir="1" index="1" bw="512" slack="3"/>
</pin_list>
<bind>
<opcode="extractvalue(56) " fcode="extractvalue"/>
<opset="hash_tdata_V/3 "/>
</bind>
</comp>

<comp id="126" class="1004" name="lastPacket_tdata_V_fu_126">
<pin_list>
<pin id="127" dir="0" index="0" bw="1024" slack="0"/>
<pin id="128" dir="1" index="1" bw="512" slack="0"/>
</pin_list>
<bind>
<opcode="extractvalue(56) " fcode="extractvalue"/>
<opset="lastPacket_tdata_V/3 "/>
</bind>
</comp>

<comp id="131" class="1004" name="store_ln114_store_fu_131">
<pin_list>
<pin id="132" dir="0" index="0" bw="512" slack="0"/>
<pin id="133" dir="0" index="1" bw="512" slack="3"/>
<pin id="134" dir="1" index="2" bw="0" slack="2147483647"/>
</pin_list>
<bind>
<opcode="store(28) " fcode="store"/>
<opset="store_ln114/4 "/>
</bind>
</comp>

<comp id="136" class="1004" name="i_2_load_fu_136">
<pin_list>
<pin id="137" dir="0" index="0" bw="6" slack="4"/>
<pin id="138" dir="1" index="1" bw="6" slack="0"/>
</pin_list>
<bind>
<opcode="load(27) " fcode="load"/>
<opset="i_2/5 "/>
</bind>
</comp>

<comp id="139" class="1004" name="tmp_fu_139">
<pin_list>
<pin id="140" dir="0" index="0" bw="1" slack="0"/>
<pin id="141" dir="0" index="1" bw="6" slack="0"/>
<pin id="142" dir="0" index="2" bw="4" slack="0"/>
<pin id="143" dir="1" index="3" bw="1" slack="2147483647"/>
</pin_list>
<bind>
<opcode="bitselect(1000) " fcode="bitselect"/>
<opset="tmp/5 "/>
</bind>
</comp>

<comp id="147" class="1004" name="trunc_ln825_fu_147">
<pin_list>
<pin id="148" dir="0" index="0" bw="6" slack="2147483647"/>
<pin id="149" dir="1" index="1" bw="5" slack="0"/>
</pin_list>
<bind>
<opcode="trunc(33) " fcode="trunc"/>
<opset="trunc_ln825/6 "/>
</bind>
</comp>

<comp id="150" class="1004" name="zext_ln825_fu_150">
<pin_list>
<pin id="151" dir="0" index="0" bw="5" slack="0"/>
<pin id="152" dir="1" index="1" bw="20" slack="0"/>
</pin_list>
<bind>
<opcode="zext(34) " fcode="zext"/>
<opset="zext_ln825/6 "/>
</bind>
</comp>

<comp id="154" class="1004" name="shl_ln825_fu_154">
<pin_list>
<pin id="155" dir="0" index="0" bw="1" slack="0"/>
<pin id="156" dir="0" index="1" bw="5" slack="0"/>
<pin id="157" dir="1" index="2" bw="20" slack="0"/>
</pin_list>
<bind>
<opcode="shl(20) " fcode="shl"/>
<opset="shl_ln825/6 "/>
</bind>
</comp>

<comp id="160" class="1004" name="tmp_1_fu_160">
<pin_list>
<pin id="161" dir="0" index="0" bw="1" slack="0"/>
<pin id="162" dir="0" index="1" bw="20" slack="0"/>
<pin id="163" dir="0" index="2" bw="6" slack="0"/>
<pin id="164" dir="1" index="3" bw="1" slack="0"/>
</pin_list>
<bind>
<opcode="bitselect(1000) " fcode="bitselect"/>
<opset="tmp_1/6 "/>
</bind>
</comp>

<comp id="168" class="1004" name="trunc_ln825_1_fu_168">
<pin_list>
<pin id="169" dir="0" index="0" bw="20" slack="0"/>
<pin id="170" dir="1" index="1" bw="1" slack="0"/>
</pin_list>
<bind>
<opcode="trunc(33) " fcode="trunc"/>
<opset="trunc_ln825_1/6 "/>
</bind>
</comp>

<comp id="172" class="1004" name="and_ln_fu_172">
<pin_list>
<pin id="173" dir="0" index="0" bw="17" slack="0"/>
<pin id="174" dir="0" index="1" bw="1" slack="0"/>
<pin id="175" dir="0" index="2" bw="1" slack="0"/>
<pin id="176" dir="0" index="3" bw="1" slack="0"/>
<pin id="177" dir="1" index="4" bw="17" slack="0"/>
</pin_list>
<bind>
<opcode="bitconcatenate(1004) " fcode="bitconcatenate"/>
<opset="and_ln/6 "/>
</bind>
</comp>

<comp id="182" class="1004" name="p_Result_s_fu_182">
<pin_list>
<pin id="183" dir="0" index="0" bw="17" slack="0"/>
<pin id="184" dir="0" index="1" bw="1" slack="0"/>
<pin id="185" dir="1" index="2" bw="1" slack="1"/>
</pin_list>
<bind>
<opcode="icmp(45) " fcode="icmp"/>
<opset="p_Result_s/6 "/>
</bind>
</comp>

<comp id="188" class="1004" name="store_ln116_store_fu_188">
<pin_list>
<pin id="189" dir="0" index="0" bw="512" slack="0"/>
<pin id="190" dir="0" index="1" bw="512" slack="5"/>
<pin id="191" dir="1" index="2" bw="0" slack="2147483647"/>
</pin_list>
<bind>
<opcode="store(28) " fcode="store"/>
<opset="store_ln116/6 "/>
</bind>
</comp>

<comp id="193" class="1004" name="store_ln118_store_fu_193">
<pin_list>
<pin id="194" dir="0" index="0" bw="512" slack="0"/>
<pin id="195" dir="0" index="1" bw="512" slack="6"/>
<pin id="196" dir="1" index="2" bw="0" slack="2147483647"/>
</pin_list>
<bind>
<opcode="store(28) " fcode="store"/>
<opset="store_ln118/7 "/>
</bind>
</comp>

<comp id="198" class="1004" name="i_3_fu_198">
<pin_list>
<pin id="199" dir="0" index="0" bw="6" slack="2147483647"/>
<pin id="200" dir="0" index="1" bw="1" slack="0"/>
<pin id="201" dir="1" index="2" bw="6" slack="0"/>
</pin_list>
<bind>
<opcode="add(8) " fcode="add"/>
<opset="i_3/7 "/>
</bind>
</comp>

<comp id="203" class="1004" name="store_ln114_store_fu_203">
<pin_list>
<pin id="204" dir="0" index="0" bw="6" slack="0"/>
<pin id="205" dir="0" index="1" bw="6" slack="6"/>
<pin id="206" dir="1" index="2" bw="0" slack="2147483647"/>
</pin_list>
<bind>
<opcode="store(28) " fcode="store"/>
<opset="store_ln114/7 "/>
</bind>
</comp>

<comp id="208" class="1004" name="k_V_fu_208">
<pin_list>
<pin id="209" dir="0" index="0" bw="512" slack="3"/>
<pin id="210" dir="0" index="1" bw="512" slack="0"/>
<pin id="211" dir="1" index="2" bw="1" slack="0"/>
</pin_list>
<bind>
<opcode="icmp(45) " fcode="icmp"/>
<opset="k_V/8 "/>
</bind>
</comp>

<comp id="213" class="1004" name="zext_ln174_fu_213">
<pin_list>
<pin id="214" dir="0" index="0" bw="1" slack="0"/>
<pin id="215" dir="1" index="1" bw="8" slack="0"/>
</pin_list>
<bind>
<opcode="zext(34) " fcode="zext"/>
<opset="zext_ln174/8 "/>
</bind>
</comp>

<comp id="218" class="1005" name="R_V_1_reg_218">
<pin_list>
<pin id="219" dir="0" index="0" bw="512" slack="3"/>
<pin id="220" dir="1" index="1" bw="512" slack="3"/>
</pin_list>
<bind>
<opset="R_V_1 "/>
</bind>
</comp>

<comp id="226" class="1005" name="i_reg_226">
<pin_list>
<pin id="227" dir="0" index="0" bw="6" slack="0"/>
<pin id="228" dir="1" index="1" bw="6" slack="0"/>
</pin_list>
<bind>
<opset="i "/>
</bind>
</comp>

<comp id="233" class="1005" name="hash_tdata_V_reg_233">
<pin_list>
<pin id="234" dir="0" index="0" bw="512" slack="3"/>
<pin id="235" dir="1" index="1" bw="512" slack="3"/>
</pin_list>
<bind>
<opset="hash_tdata_V "/>
</bind>
</comp>

<comp id="238" class="1005" name="lastPacket_tdata_V_reg_238">
<pin_list>
<pin id="239" dir="0" index="0" bw="512" slack="1"/>
<pin id="240" dir="1" index="1" bw="512" slack="1"/>
</pin_list>
<bind>
<opset="lastPacket_tdata_V "/>
</bind>
</comp>

<comp id="243" class="1005" name="processor_rMod_V_reg_243">
<pin_list>
<pin id="244" dir="0" index="0" bw="512" slack="1"/>
<pin id="245" dir="1" index="1" bw="512" slack="1"/>
</pin_list>
<bind>
<opset="processor_rMod_V "/>
</bind>
</comp>

<comp id="249" class="1005" name="P_V_reg_249">
<pin_list>
<pin id="250" dir="0" index="0" bw="512" slack="2"/>
<pin id="251" dir="1" index="1" bw="512" slack="2"/>
</pin_list>
<bind>
<opset="P_V "/>
</bind>
</comp>

<comp id="260" class="1005" name="ref_tmp_i_i_reg_260">
<pin_list>
<pin id="261" dir="0" index="0" bw="512" slack="1"/>
<pin id="262" dir="1" index="1" bw="512" slack="1"/>
</pin_list>
<bind>
<opset="ref_tmp_i_i "/>
</bind>
</comp>

<comp id="265" class="1005" name="p_Result_s_reg_265">
<pin_list>
<pin id="266" dir="0" index="0" bw="1" slack="1"/>
<pin id="267" dir="1" index="1" bw="1" slack="2147483647"/>
</pin_list>
<bind>
<opset="p_Result_s "/>
</bind>
</comp>

<comp id="269" class="1005" name="zext_ln174_reg_269">
<pin_list>
<pin id="270" dir="0" index="0" bw="8" slack="1"/>
<pin id="271" dir="1" index="1" bw="8" slack="1"/>
</pin_list>
<bind>
<opset="zext_ln174 "/>
</bind>
</comp>

</comp_list>

<net_list>
<net id="67"><net_src comp="4" pin="0"/><net_sink comp="64" pin=0"/></net>

<net id="71"><net_src comp="4" pin="0"/><net_sink comp="68" pin=0"/></net>

<net id="77"><net_src comp="62" pin="0"/><net_sink comp="72" pin=0"/></net>

<net id="78"><net_src comp="2" pin="0"/><net_sink comp="72" pin=1"/></net>

<net id="83"><net_src comp="8" pin="0"/><net_sink comp="79" pin=0"/></net>

<net id="84"><net_src comp="0" pin="0"/><net_sink comp="79" pin=1"/></net>

<net id="88"><net_src comp="10" pin="0"/><net_sink comp="85" pin=0"/></net>

<net id="94"><net_src comp="12" pin="0"/><net_sink comp="89" pin=0"/></net>

<net id="95"><net_src comp="85" pin="1"/><net_sink comp="89" pin=1"/></net>

<net id="101"><net_src comp="12" pin="0"/><net_sink comp="96" pin=0"/></net>

<net id="102"><net_src comp="85" pin="1"/><net_sink comp="96" pin=1"/></net>

<net id="103"><net_src comp="14" pin="0"/><net_sink comp="96" pin=2"/></net>

<net id="104"><net_src comp="14" pin="0"/><net_sink comp="89" pin=2"/></net>

<net id="105"><net_src comp="89" pin="3"/><net_sink comp="89" pin=1"/></net>

<net id="109"><net_src comp="106" pin="1"/><net_sink comp="89" pin=1"/></net>

<net id="110"><net_src comp="106" pin="1"/><net_sink comp="89" pin=2"/></net>

<net id="114"><net_src comp="106" pin="1"/><net_sink comp="111" pin=0"/></net>

<net id="115"><net_src comp="111" pin="1"/><net_sink comp="89" pin=1"/></net>

<net id="116"><net_src comp="111" pin="1"/><net_sink comp="89" pin=2"/></net>

<net id="121"><net_src comp="6" pin="0"/><net_sink comp="117" pin=0"/></net>

<net id="125"><net_src comp="79" pin="2"/><net_sink comp="122" pin=0"/></net>

<net id="129"><net_src comp="79" pin="2"/><net_sink comp="126" pin=0"/></net>

<net id="130"><net_src comp="126" pin="1"/><net_sink comp="89" pin=2"/></net>

<net id="135"><net_src comp="96" pin="3"/><net_sink comp="131" pin=0"/></net>

<net id="144"><net_src comp="36" pin="0"/><net_sink comp="139" pin=0"/></net>

<net id="145"><net_src comp="136" pin="1"/><net_sink comp="139" pin=1"/></net>

<net id="146"><net_src comp="38" pin="0"/><net_sink comp="139" pin=2"/></net>

<net id="153"><net_src comp="147" pin="1"/><net_sink comp="150" pin=0"/></net>

<net id="158"><net_src comp="48" pin="0"/><net_sink comp="154" pin=0"/></net>

<net id="159"><net_src comp="150" pin="1"/><net_sink comp="154" pin=1"/></net>

<net id="165"><net_src comp="50" pin="0"/><net_sink comp="160" pin=0"/></net>

<net id="166"><net_src comp="154" pin="2"/><net_sink comp="160" pin=1"/></net>

<net id="167"><net_src comp="52" pin="0"/><net_sink comp="160" pin=2"/></net>

<net id="171"><net_src comp="154" pin="2"/><net_sink comp="168" pin=0"/></net>

<net id="178"><net_src comp="54" pin="0"/><net_sink comp="172" pin=0"/></net>

<net id="179"><net_src comp="160" pin="3"/><net_sink comp="172" pin=1"/></net>

<net id="180"><net_src comp="56" pin="0"/><net_sink comp="172" pin=2"/></net>

<net id="181"><net_src comp="168" pin="1"/><net_sink comp="172" pin=3"/></net>

<net id="186"><net_src comp="172" pin="4"/><net_sink comp="182" pin=0"/></net>

<net id="187"><net_src comp="58" pin="0"/><net_sink comp="182" pin=1"/></net>

<net id="192"><net_src comp="89" pin="3"/><net_sink comp="188" pin=0"/></net>

<net id="197"><net_src comp="89" pin="3"/><net_sink comp="193" pin=0"/></net>

<net id="202"><net_src comp="60" pin="0"/><net_sink comp="198" pin=1"/></net>

<net id="207"><net_src comp="198" pin="2"/><net_sink comp="203" pin=0"/></net>

<net id="212"><net_src comp="89" pin="3"/><net_sink comp="208" pin=1"/></net>

<net id="216"><net_src comp="208" pin="2"/><net_sink comp="213" pin=0"/></net>

<net id="217"><net_src comp="213" pin="1"/><net_sink comp="72" pin=2"/></net>

<net id="221"><net_src comp="64" pin="1"/><net_sink comp="218" pin=0"/></net>

<net id="222"><net_src comp="218" pin="1"/><net_sink comp="131" pin=1"/></net>

<net id="223"><net_src comp="218" pin="1"/><net_sink comp="106" pin=0"/></net>

<net id="224"><net_src comp="218" pin="1"/><net_sink comp="188" pin=1"/></net>

<net id="225"><net_src comp="218" pin="1"/><net_sink comp="193" pin=1"/></net>

<net id="229"><net_src comp="68" pin="1"/><net_sink comp="226" pin=0"/></net>

<net id="230"><net_src comp="226" pin="1"/><net_sink comp="117" pin=1"/></net>

<net id="231"><net_src comp="226" pin="1"/><net_sink comp="136" pin=0"/></net>

<net id="232"><net_src comp="226" pin="1"/><net_sink comp="203" pin=1"/></net>

<net id="236"><net_src comp="122" pin="1"/><net_sink comp="233" pin=0"/></net>

<net id="237"><net_src comp="233" pin="1"/><net_sink comp="208" pin=0"/></net>

<net id="241"><net_src comp="126" pin="1"/><net_sink comp="238" pin=0"/></net>

<net id="242"><net_src comp="238" pin="1"/><net_sink comp="89" pin=2"/></net>

<net id="246"><net_src comp="85" pin="1"/><net_sink comp="243" pin=0"/></net>

<net id="247"><net_src comp="243" pin="1"/><net_sink comp="89" pin=1"/></net>

<net id="248"><net_src comp="243" pin="1"/><net_sink comp="96" pin=1"/></net>

<net id="252"><net_src comp="89" pin="3"/><net_sink comp="249" pin=0"/></net>

<net id="253"><net_src comp="249" pin="1"/><net_sink comp="89" pin=2"/></net>

<net id="263"><net_src comp="89" pin="3"/><net_sink comp="260" pin=0"/></net>

<net id="264"><net_src comp="260" pin="1"/><net_sink comp="89" pin=1"/></net>

<net id="268"><net_src comp="182" pin="2"/><net_sink comp="265" pin=0"/></net>

<net id="272"><net_src comp="213" pin="1"/><net_sink comp="269" pin=0"/></net>

<net id="273"><net_src comp="269" pin="1"/><net_sink comp="72" pin=2"/></net>

</net_list>

</model> 
---------------- Datapath Model END ------------------

* FSMD analyzer results:
  - Output states:
	Port: output_r | {9 }
 - Input state : 
	Port: sha256_verify : input_r | {2 3 }
  - Chain level:
	State 1
		store_ln114 : 1
	State 2
	State 3
		hash_tdata_V : 1
		lastPacket_tdata_V : 1
		P_V : 2
		R_V : 1
	State 4
		store_ln114 : 1
	State 5
		tmp : 1
		br_ln114 : 2
		ref_tmp_i_i : 1
		result_V : 1
	State 6
		zext_ln825 : 1
		shl_ln825 : 2
		tmp_1 : 3
		trunc_ln825_1 : 3
		and_ln : 4
		p_Result_s : 5
		br_ln116 : 6
		ref_tmp10_i_i : 1
		store_ln116 : 1
	State 7
		store_ln118 : 1
		store_ln114 : 1
	State 8
		k_V : 1
		zext_ln174 : 2
		write_ln174 : 3
	State 9


============================================================
+ Verbose Summary: Datapath Resource usage 
============================================================

* Functional unit list:
|----------|----------------------------|---------|---------|---------|
| Operation|       Functional Unit      |  Delay  |    FF   |   LUT   |
|----------|----------------------------|---------|---------|---------|
|          |    grp_sha2561_ver_fu_79   |  85.14  |  28770  |  108196 |
|   call   | grp_productMod_512_s_fu_85 |    0    |   1548  |   3394  |
|          | grp_monProduct_512_s_fu_89 |  1.161  |   3086  |   3061  |
|          | grp_monProduct_512_s_fu_96 |  1.161  |   3086  |   3061  |
|----------|----------------------------|---------|---------|---------|
|   icmp   |      p_Result_s_fu_182     |    0    |    0    |    13   |
|          |         k_V_fu_208         |    0    |    0    |   179   |
|----------|----------------------------|---------|---------|---------|
|    add   |         i_3_fu_198         |    0    |    0    |    13   |
|----------|----------------------------|---------|---------|---------|
|    shl   |      shl_ln825_fu_154      |    0    |    0    |    11   |
|----------|----------------------------|---------|---------|---------|
|   write  |       grp_write_fu_72      |    0    |    0    |    0    |
|----------|----------------------------|---------|---------|---------|
|extractvalue|     hash_tdata_V_fu_122    |    0    |    0    |    0    |
|          |  lastPacket_tdata_V_fu_126 |    0    |    0    |    0    |
|----------|----------------------------|---------|---------|---------|
| bitselect|         tmp_fu_139         |    0    |    0    |    0    |
|          |        tmp_1_fu_160        |    0    |    0    |    0    |
|----------|----------------------------|---------|---------|---------|
|   trunc  |     trunc_ln825_fu_147     |    0    |    0    |    0    |
|          |    trunc_ln825_1_fu_168    |    0    |    0    |    0    |
|----------|----------------------------|---------|---------|---------|
|   zext   |      zext_ln825_fu_150     |    0    |    0    |    0    |
|          |      zext_ln174_fu_213     |    0    |    0    |    0    |
|----------|----------------------------|---------|---------|---------|
|bitconcatenate|        and_ln_fu_172       |    0    |    0    |    0    |
|----------|----------------------------|---------|---------|---------|
|   Total  |                            |  87.462 |  36490  |  117928 |
|----------|----------------------------|---------|---------|---------|

Memories:
N/A

* Register list:
+--------------------------+--------+
|                          |   FF   |
+--------------------------+--------+
|        P_V_reg_249       |   512  |
|       R_V_1_reg_218      |   512  |
|   hash_tdata_V_reg_233   |   512  |
|         i_reg_226        |    6   |
|lastPacket_tdata_V_reg_238|   512  |
|    p_Result_s_reg_265    |    1   |
| processor_rMod_V_reg_243 |   512  |
|    ref_tmp_i_i_reg_260   |   512  |
|          reg_111         |   512  |
|    zext_ln174_reg_269    |    8   |
+--------------------------+--------+
|           Total          |  3599  |
+--------------------------+--------+

* Multiplexer (MUX) list: 
|----------------------------|------|------|------|--------||---------||---------|
|            Comp            |  Pin | Size |  BW  | S x BW ||  Delay  ||   LUT   |
|----------------------------|------|------|------|--------||---------||---------|
|       grp_write_fu_72      |  p2  |   2  |   1  |    2   ||    9    |
| grp_monProduct_512_s_fu_89 |  p1  |   6  |  512 |  3072  ||    31   |
| grp_monProduct_512_s_fu_89 |  p2  |   6  |  512 |  3072  ||    31   |
| grp_monProduct_512_s_fu_96 |  p1  |   2  |  512 |  1024  ||    9    |
|----------------------------|------|------|------|--------||---------||---------|
|            Total           |      |      |      |  7170  || 1.81086 ||    80   |
|----------------------------|------|------|------|--------||---------||---------|



* Summary:
+-----------+--------+--------+--------+
|           |  Delay |   FF   |   LUT  |
+-----------+--------+--------+--------+
|  Function |   87   |  36490 | 117928 |
|   Memory  |    -   |    -   |    -   |
|Multiplexer|    1   |    -   |   80   |
|  Register |    -   |  3599  |    -   |
+-----------+--------+--------+--------+
|   Total   |   89   |  40089 | 118008 |
+-----------+--------+--------+--------+
