

================================================================
== Vitis HLS Report for 'sha256_final_Pipeline_VITIS_LOOP_118_3'
================================================================
* Date:           Wed Aug  2 01:52:15 2023

* Version:        2022.1 (Build 3526262 on Mon Apr 18 15:47:01 MDT 2022)
* Project:        shav-rsa
* Solution:       solution1 (Vivado IP Flow Target)
* Product family: virtexuplus
* Target device:  xcu280-fsvh2892-2L-e


================================================================
== Performance Estimates
================================================================
+ Timing: 
    * Summary: 
    +--------+----------+----------+------------+
    |  Clock |  Target  | Estimated| Uncertainty|
    +--------+----------+----------+------------+
    |ap_clk  |  10.00 ns|  1.093 ns|     2.70 ns|
    +--------+----------+----------+------------+

+ Latency: 
    * Summary: 
    +---------+---------+----------+----------+-----+-----+---------+
    |  Latency (cycles) |  Latency (absolute) |  Interval | Pipeline|
    |   min   |   max   |    min   |    max   | min | max |   Type  |
    +---------+---------+----------+----------+-----+-----+---------+
    |       58|       58|  0.580 us|  0.580 us|   58|   58|       no|
    +---------+---------+----------+----------+-----+-----+---------+

    + Detail: 
        * Instance: 
        N/A

        * Loop: 
        +--------------------+---------+---------+----------+-----------+-----------+------+----------+
        |                    |  Latency (cycles) | Iteration|  Initiation Interval  | Trip |          |
        |      Loop Name     |   min   |   max   |  Latency |  achieved |   target  | Count| Pipelined|
        +--------------------+---------+---------+----------+-----------+-----------+------+----------+
        |- VITIS_LOOP_118_3  |       56|       56|         1|          1|          1|    56|       yes|
        +--------------------+---------+---------+----------+-----------+-----------+------+----------+

============================================================
+ Verbose Summary: Synthesis Manager
============================================================
InlineROM: 1
ExposeGlobal: 0
============================================================
+ Verbose Summary: CDFG Model
============================================================
IsTopModel: 0
ResetActiveHigh: 1
IsCombinational: 0
IsDatapathOnly: 0
HasWiredReturn: 1
HasMFsm: 2
HasVarLatency: 1
IsPipeline: 0
IsRtlPipelined: 0
IsInstanceOverlapped: 0
IsDontTouch: 0
HasImplIP: 0
IsGatedGlobalClock: 0

+ Individual pipeline summary: 
  * Pipeline-0: initiation interval (II) = 1, depth = 1


============================================================
+ Verbose Summary: Schedule
============================================================
* Number of FSM states : 1
* Pipeline : 1
  Pipeline-0 : II = 1, D = 1, States = { 1 }
* Dataflow Pipeline: 0

* FSM state transitions: 
1 --> 

* FSM state operations: 

State 1 <SV = 0> <Delay = 1.09>
ST_1 : Operation 4 [1/1] (0.00ns)   --->   "%i = alloca i32 1"   --->   Operation 4 'alloca' 'i' <Predicate = true> <Delay = 0.00>
ST_1 : Operation 5 [1/1] (0.00ns)   --->   "%ctx_data_55_5 = alloca i32 1"   --->   Operation 5 'alloca' 'ctx_data_55_5' <Predicate = true> <Delay = 0.00>
ST_1 : Operation 6 [1/1] (0.00ns)   --->   "%ctx_data_54_5 = alloca i32 1"   --->   Operation 6 'alloca' 'ctx_data_54_5' <Predicate = true> <Delay = 0.00>
ST_1 : Operation 7 [1/1] (0.00ns)   --->   "%ctx_data_53_5 = alloca i32 1"   --->   Operation 7 'alloca' 'ctx_data_53_5' <Predicate = true> <Delay = 0.00>
ST_1 : Operation 8 [1/1] (0.00ns)   --->   "%ctx_data_52_5 = alloca i32 1"   --->   Operation 8 'alloca' 'ctx_data_52_5' <Predicate = true> <Delay = 0.00>
ST_1 : Operation 9 [1/1] (0.00ns)   --->   "%ctx_data_51_5 = alloca i32 1"   --->   Operation 9 'alloca' 'ctx_data_51_5' <Predicate = true> <Delay = 0.00>
ST_1 : Operation 10 [1/1] (0.00ns)   --->   "%ctx_data_50_5 = alloca i32 1"   --->   Operation 10 'alloca' 'ctx_data_50_5' <Predicate = true> <Delay = 0.00>
ST_1 : Operation 11 [1/1] (0.00ns)   --->   "%ctx_data_49_5 = alloca i32 1"   --->   Operation 11 'alloca' 'ctx_data_49_5' <Predicate = true> <Delay = 0.00>
ST_1 : Operation 12 [1/1] (0.00ns)   --->   "%ctx_data_48_5 = alloca i32 1"   --->   Operation 12 'alloca' 'ctx_data_48_5' <Predicate = true> <Delay = 0.00>
ST_1 : Operation 13 [1/1] (0.00ns)   --->   "%ctx_data_47_5 = alloca i32 1"   --->   Operation 13 'alloca' 'ctx_data_47_5' <Predicate = true> <Delay = 0.00>
ST_1 : Operation 14 [1/1] (0.00ns)   --->   "%ctx_data_4651_5 = alloca i32 1"   --->   Operation 14 'alloca' 'ctx_data_4651_5' <Predicate = true> <Delay = 0.00>
ST_1 : Operation 15 [1/1] (0.00ns)   --->   "%ctx_data_45_5 = alloca i32 1"   --->   Operation 15 'alloca' 'ctx_data_45_5' <Predicate = true> <Delay = 0.00>
ST_1 : Operation 16 [1/1] (0.00ns)   --->   "%ctx_data_44_5 = alloca i32 1"   --->   Operation 16 'alloca' 'ctx_data_44_5' <Predicate = true> <Delay = 0.00>
ST_1 : Operation 17 [1/1] (0.00ns)   --->   "%ctx_data_43_5 = alloca i32 1"   --->   Operation 17 'alloca' 'ctx_data_43_5' <Predicate = true> <Delay = 0.00>
ST_1 : Operation 18 [1/1] (0.00ns)   --->   "%ctx_data_42_5 = alloca i32 1"   --->   Operation 18 'alloca' 'ctx_data_42_5' <Predicate = true> <Delay = 0.00>
ST_1 : Operation 19 [1/1] (0.00ns)   --->   "%ctx_data_41_5 = alloca i32 1"   --->   Operation 19 'alloca' 'ctx_data_41_5' <Predicate = true> <Delay = 0.00>
ST_1 : Operation 20 [1/1] (0.00ns)   --->   "%ctx_data_40_5 = alloca i32 1"   --->   Operation 20 'alloca' 'ctx_data_40_5' <Predicate = true> <Delay = 0.00>
ST_1 : Operation 21 [1/1] (0.00ns)   --->   "%ctx_data_39_5 = alloca i32 1"   --->   Operation 21 'alloca' 'ctx_data_39_5' <Predicate = true> <Delay = 0.00>
ST_1 : Operation 22 [1/1] (0.00ns)   --->   "%ctx_data_38_5 = alloca i32 1"   --->   Operation 22 'alloca' 'ctx_data_38_5' <Predicate = true> <Delay = 0.00>
ST_1 : Operation 23 [1/1] (0.00ns)   --->   "%ctx_data_37_5 = alloca i32 1"   --->   Operation 23 'alloca' 'ctx_data_37_5' <Predicate = true> <Delay = 0.00>
ST_1 : Operation 24 [1/1] (0.00ns)   --->   "%ctx_data_36_5 = alloca i32 1"   --->   Operation 24 'alloca' 'ctx_data_36_5' <Predicate = true> <Delay = 0.00>
ST_1 : Operation 25 [1/1] (0.00ns)   --->   "%ctx_data_3539_5 = alloca i32 1"   --->   Operation 25 'alloca' 'ctx_data_3539_5' <Predicate = true> <Delay = 0.00>
ST_1 : Operation 26 [1/1] (0.00ns)   --->   "%ctx_data_34_5 = alloca i32 1"   --->   Operation 26 'alloca' 'ctx_data_34_5' <Predicate = true> <Delay = 0.00>
ST_1 : Operation 27 [1/1] (0.00ns)   --->   "%ctx_data_33_5 = alloca i32 1"   --->   Operation 27 'alloca' 'ctx_data_33_5' <Predicate = true> <Delay = 0.00>
ST_1 : Operation 28 [1/1] (0.00ns)   --->   "%ctx_data_32_5 = alloca i32 1"   --->   Operation 28 'alloca' 'ctx_data_32_5' <Predicate = true> <Delay = 0.00>
ST_1 : Operation 29 [1/1] (0.00ns)   --->   "%ctx_data_31_5 = alloca i32 1"   --->   Operation 29 'alloca' 'ctx_data_31_5' <Predicate = true> <Delay = 0.00>
ST_1 : Operation 30 [1/1] (0.00ns)   --->   "%ctx_data_30_5 = alloca i32 1"   --->   Operation 30 'alloca' 'ctx_data_30_5' <Predicate = true> <Delay = 0.00>
ST_1 : Operation 31 [1/1] (0.00ns)   --->   "%ctx_data_29_5 = alloca i32 1"   --->   Operation 31 'alloca' 'ctx_data_29_5' <Predicate = true> <Delay = 0.00>
ST_1 : Operation 32 [1/1] (0.00ns)   --->   "%ctx_data_28_5 = alloca i32 1"   --->   Operation 32 'alloca' 'ctx_data_28_5' <Predicate = true> <Delay = 0.00>
ST_1 : Operation 33 [1/1] (0.00ns)   --->   "%ctx_data_27_5 = alloca i32 1"   --->   Operation 33 'alloca' 'ctx_data_27_5' <Predicate = true> <Delay = 0.00>
ST_1 : Operation 34 [1/1] (0.00ns)   --->   "%ctx_data_26_5 = alloca i32 1"   --->   Operation 34 'alloca' 'ctx_data_26_5' <Predicate = true> <Delay = 0.00>
ST_1 : Operation 35 [1/1] (0.00ns)   --->   "%ctx_data_25_5 = alloca i32 1"   --->   Operation 35 'alloca' 'ctx_data_25_5' <Predicate = true> <Delay = 0.00>
ST_1 : Operation 36 [1/1] (0.00ns)   --->   "%ctx_data_2427_5 = alloca i32 1"   --->   Operation 36 'alloca' 'ctx_data_2427_5' <Predicate = true> <Delay = 0.00>
ST_1 : Operation 37 [1/1] (0.00ns)   --->   "%ctx_data_23_5 = alloca i32 1"   --->   Operation 37 'alloca' 'ctx_data_23_5' <Predicate = true> <Delay = 0.00>
ST_1 : Operation 38 [1/1] (0.00ns)   --->   "%ctx_data_22_5 = alloca i32 1"   --->   Operation 38 'alloca' 'ctx_data_22_5' <Predicate = true> <Delay = 0.00>
ST_1 : Operation 39 [1/1] (0.00ns)   --->   "%ctx_data_21_5 = alloca i32 1"   --->   Operation 39 'alloca' 'ctx_data_21_5' <Predicate = true> <Delay = 0.00>
ST_1 : Operation 40 [1/1] (0.00ns)   --->   "%ctx_data_20_5 = alloca i32 1"   --->   Operation 40 'alloca' 'ctx_data_20_5' <Predicate = true> <Delay = 0.00>
ST_1 : Operation 41 [1/1] (0.00ns)   --->   "%ctx_data_19_5 = alloca i32 1"   --->   Operation 41 'alloca' 'ctx_data_19_5' <Predicate = true> <Delay = 0.00>
ST_1 : Operation 42 [1/1] (0.00ns)   --->   "%ctx_data_18_5 = alloca i32 1"   --->   Operation 42 'alloca' 'ctx_data_18_5' <Predicate = true> <Delay = 0.00>
ST_1 : Operation 43 [1/1] (0.00ns)   --->   "%ctx_data_17_5 = alloca i32 1"   --->   Operation 43 'alloca' 'ctx_data_17_5' <Predicate = true> <Delay = 0.00>
ST_1 : Operation 44 [1/1] (0.00ns)   --->   "%ctx_data_16_5 = alloca i32 1"   --->   Operation 44 'alloca' 'ctx_data_16_5' <Predicate = true> <Delay = 0.00>
ST_1 : Operation 45 [1/1] (0.00ns)   --->   "%ctx_data_15_5 = alloca i32 1"   --->   Operation 45 'alloca' 'ctx_data_15_5' <Predicate = true> <Delay = 0.00>
ST_1 : Operation 46 [1/1] (0.00ns)   --->   "%ctx_data_14_5 = alloca i32 1"   --->   Operation 46 'alloca' 'ctx_data_14_5' <Predicate = true> <Delay = 0.00>
ST_1 : Operation 47 [1/1] (0.00ns)   --->   "%ctx_data_1315_5 = alloca i32 1"   --->   Operation 47 'alloca' 'ctx_data_1315_5' <Predicate = true> <Delay = 0.00>
ST_1 : Operation 48 [1/1] (0.00ns)   --->   "%ctx_data_12_5 = alloca i32 1"   --->   Operation 48 'alloca' 'ctx_data_12_5' <Predicate = true> <Delay = 0.00>
ST_1 : Operation 49 [1/1] (0.00ns)   --->   "%ctx_data_11_5 = alloca i32 1"   --->   Operation 49 'alloca' 'ctx_data_11_5' <Predicate = true> <Delay = 0.00>
ST_1 : Operation 50 [1/1] (0.00ns)   --->   "%ctx_data_10_5 = alloca i32 1"   --->   Operation 50 'alloca' 'ctx_data_10_5' <Predicate = true> <Delay = 0.00>
ST_1 : Operation 51 [1/1] (0.00ns)   --->   "%ctx_data_9_5 = alloca i32 1"   --->   Operation 51 'alloca' 'ctx_data_9_5' <Predicate = true> <Delay = 0.00>
ST_1 : Operation 52 [1/1] (0.00ns)   --->   "%ctx_data_8_5 = alloca i32 1"   --->   Operation 52 'alloca' 'ctx_data_8_5' <Predicate = true> <Delay = 0.00>
ST_1 : Operation 53 [1/1] (0.00ns)   --->   "%ctx_data_7_5 = alloca i32 1"   --->   Operation 53 'alloca' 'ctx_data_7_5' <Predicate = true> <Delay = 0.00>
ST_1 : Operation 54 [1/1] (0.00ns)   --->   "%ctx_data_6_5 = alloca i32 1"   --->   Operation 54 'alloca' 'ctx_data_6_5' <Predicate = true> <Delay = 0.00>
ST_1 : Operation 55 [1/1] (0.00ns)   --->   "%ctx_data_5_5 = alloca i32 1"   --->   Operation 55 'alloca' 'ctx_data_5_5' <Predicate = true> <Delay = 0.00>
ST_1 : Operation 56 [1/1] (0.00ns)   --->   "%ctx_data_4_5 = alloca i32 1"   --->   Operation 56 'alloca' 'ctx_data_4_5' <Predicate = true> <Delay = 0.00>
ST_1 : Operation 57 [1/1] (0.00ns)   --->   "%ctx_data_3_5 = alloca i32 1"   --->   Operation 57 'alloca' 'ctx_data_3_5' <Predicate = true> <Delay = 0.00>
ST_1 : Operation 58 [1/1] (0.00ns)   --->   "%ctx_data_2_5 = alloca i32 1"   --->   Operation 58 'alloca' 'ctx_data_2_5' <Predicate = true> <Delay = 0.00>
ST_1 : Operation 59 [1/1] (0.00ns)   --->   "%ctx_data_1_5 = alloca i32 1"   --->   Operation 59 'alloca' 'ctx_data_1_5' <Predicate = true> <Delay = 0.00>
ST_1 : Operation 60 [1/1] (0.00ns)   --->   "%ctx_data_0_5 = alloca i32 1"   --->   Operation 60 'alloca' 'ctx_data_0_5' <Predicate = true> <Delay = 0.00>
ST_1 : Operation 61 [1/1] (0.00ns)   --->   "%ctx_data_55_3_reload_read = read i8 @_ssdm_op_Read.ap_auto.i8, i8 %ctx_data_55_3_reload"   --->   Operation 61 'read' 'ctx_data_55_3_reload_read' <Predicate = true> <Delay = 0.00>
ST_1 : Operation 62 [1/1] (0.00ns)   --->   "%ctx_data_54_3_reload_read = read i8 @_ssdm_op_Read.ap_auto.i8, i8 %ctx_data_54_3_reload"   --->   Operation 62 'read' 'ctx_data_54_3_reload_read' <Predicate = true> <Delay = 0.00>
ST_1 : Operation 63 [1/1] (0.00ns)   --->   "%ctx_data_53_3_reload_read = read i8 @_ssdm_op_Read.ap_auto.i8, i8 %ctx_data_53_3_reload"   --->   Operation 63 'read' 'ctx_data_53_3_reload_read' <Predicate = true> <Delay = 0.00>
ST_1 : Operation 64 [1/1] (0.00ns)   --->   "%ctx_data_52_3_reload_read = read i8 @_ssdm_op_Read.ap_auto.i8, i8 %ctx_data_52_3_reload"   --->   Operation 64 'read' 'ctx_data_52_3_reload_read' <Predicate = true> <Delay = 0.00>
ST_1 : Operation 65 [1/1] (0.00ns)   --->   "%ctx_data_51_3_reload_read = read i8 @_ssdm_op_Read.ap_auto.i8, i8 %ctx_data_51_3_reload"   --->   Operation 65 'read' 'ctx_data_51_3_reload_read' <Predicate = true> <Delay = 0.00>
ST_1 : Operation 66 [1/1] (0.00ns)   --->   "%ctx_data_50_3_reload_read = read i8 @_ssdm_op_Read.ap_auto.i8, i8 %ctx_data_50_3_reload"   --->   Operation 66 'read' 'ctx_data_50_3_reload_read' <Predicate = true> <Delay = 0.00>
ST_1 : Operation 67 [1/1] (0.00ns)   --->   "%ctx_data_49_3_reload_read = read i8 @_ssdm_op_Read.ap_auto.i8, i8 %ctx_data_49_3_reload"   --->   Operation 67 'read' 'ctx_data_49_3_reload_read' <Predicate = true> <Delay = 0.00>
ST_1 : Operation 68 [1/1] (0.00ns)   --->   "%ctx_data_48_3_reload_read = read i8 @_ssdm_op_Read.ap_auto.i8, i8 %ctx_data_48_3_reload"   --->   Operation 68 'read' 'ctx_data_48_3_reload_read' <Predicate = true> <Delay = 0.00>
ST_1 : Operation 69 [1/1] (0.00ns)   --->   "%ctx_data_47_3_reload_read = read i8 @_ssdm_op_Read.ap_auto.i8, i8 %ctx_data_47_3_reload"   --->   Operation 69 'read' 'ctx_data_47_3_reload_read' <Predicate = true> <Delay = 0.00>
ST_1 : Operation 70 [1/1] (0.00ns)   --->   "%ctx_data_4651_3_reload_read = read i8 @_ssdm_op_Read.ap_auto.i8, i8 %ctx_data_4651_3_reload"   --->   Operation 70 'read' 'ctx_data_4651_3_reload_read' <Predicate = true> <Delay = 0.00>
ST_1 : Operation 71 [1/1] (0.00ns)   --->   "%ctx_data_45_3_reload_read = read i8 @_ssdm_op_Read.ap_auto.i8, i8 %ctx_data_45_3_reload"   --->   Operation 71 'read' 'ctx_data_45_3_reload_read' <Predicate = true> <Delay = 0.00>
ST_1 : Operation 72 [1/1] (0.00ns)   --->   "%ctx_data_44_3_reload_read = read i8 @_ssdm_op_Read.ap_auto.i8, i8 %ctx_data_44_3_reload"   --->   Operation 72 'read' 'ctx_data_44_3_reload_read' <Predicate = true> <Delay = 0.00>
ST_1 : Operation 73 [1/1] (0.00ns)   --->   "%ctx_data_43_3_reload_read = read i8 @_ssdm_op_Read.ap_auto.i8, i8 %ctx_data_43_3_reload"   --->   Operation 73 'read' 'ctx_data_43_3_reload_read' <Predicate = true> <Delay = 0.00>
ST_1 : Operation 74 [1/1] (0.00ns)   --->   "%ctx_data_42_3_reload_read = read i8 @_ssdm_op_Read.ap_auto.i8, i8 %ctx_data_42_3_reload"   --->   Operation 74 'read' 'ctx_data_42_3_reload_read' <Predicate = true> <Delay = 0.00>
ST_1 : Operation 75 [1/1] (0.00ns)   --->   "%ctx_data_41_3_reload_read = read i8 @_ssdm_op_Read.ap_auto.i8, i8 %ctx_data_41_3_reload"   --->   Operation 75 'read' 'ctx_data_41_3_reload_read' <Predicate = true> <Delay = 0.00>
ST_1 : Operation 76 [1/1] (0.00ns)   --->   "%ctx_data_40_3_reload_read = read i8 @_ssdm_op_Read.ap_auto.i8, i8 %ctx_data_40_3_reload"   --->   Operation 76 'read' 'ctx_data_40_3_reload_read' <Predicate = true> <Delay = 0.00>
ST_1 : Operation 77 [1/1] (0.00ns)   --->   "%ctx_data_39_3_reload_read = read i8 @_ssdm_op_Read.ap_auto.i8, i8 %ctx_data_39_3_reload"   --->   Operation 77 'read' 'ctx_data_39_3_reload_read' <Predicate = true> <Delay = 0.00>
ST_1 : Operation 78 [1/1] (0.00ns)   --->   "%ctx_data_38_3_reload_read = read i8 @_ssdm_op_Read.ap_auto.i8, i8 %ctx_data_38_3_reload"   --->   Operation 78 'read' 'ctx_data_38_3_reload_read' <Predicate = true> <Delay = 0.00>
ST_1 : Operation 79 [1/1] (0.00ns)   --->   "%ctx_data_37_3_reload_read = read i8 @_ssdm_op_Read.ap_auto.i8, i8 %ctx_data_37_3_reload"   --->   Operation 79 'read' 'ctx_data_37_3_reload_read' <Predicate = true> <Delay = 0.00>
ST_1 : Operation 80 [1/1] (0.00ns)   --->   "%ctx_data_36_3_reload_read = read i8 @_ssdm_op_Read.ap_auto.i8, i8 %ctx_data_36_3_reload"   --->   Operation 80 'read' 'ctx_data_36_3_reload_read' <Predicate = true> <Delay = 0.00>
ST_1 : Operation 81 [1/1] (0.00ns)   --->   "%ctx_data_3539_3_reload_read = read i8 @_ssdm_op_Read.ap_auto.i8, i8 %ctx_data_3539_3_reload"   --->   Operation 81 'read' 'ctx_data_3539_3_reload_read' <Predicate = true> <Delay = 0.00>
ST_1 : Operation 82 [1/1] (0.00ns)   --->   "%ctx_data_34_3_reload_read = read i8 @_ssdm_op_Read.ap_auto.i8, i8 %ctx_data_34_3_reload"   --->   Operation 82 'read' 'ctx_data_34_3_reload_read' <Predicate = true> <Delay = 0.00>
ST_1 : Operation 83 [1/1] (0.00ns)   --->   "%ctx_data_33_3_reload_read = read i8 @_ssdm_op_Read.ap_auto.i8, i8 %ctx_data_33_3_reload"   --->   Operation 83 'read' 'ctx_data_33_3_reload_read' <Predicate = true> <Delay = 0.00>
ST_1 : Operation 84 [1/1] (0.00ns)   --->   "%ctx_data_32_3_reload_read = read i8 @_ssdm_op_Read.ap_auto.i8, i8 %ctx_data_32_3_reload"   --->   Operation 84 'read' 'ctx_data_32_3_reload_read' <Predicate = true> <Delay = 0.00>
ST_1 : Operation 85 [1/1] (0.00ns)   --->   "%ctx_data_31_3_reload_read = read i8 @_ssdm_op_Read.ap_auto.i8, i8 %ctx_data_31_3_reload"   --->   Operation 85 'read' 'ctx_data_31_3_reload_read' <Predicate = true> <Delay = 0.00>
ST_1 : Operation 86 [1/1] (0.00ns)   --->   "%ctx_data_30_3_reload_read = read i8 @_ssdm_op_Read.ap_auto.i8, i8 %ctx_data_30_3_reload"   --->   Operation 86 'read' 'ctx_data_30_3_reload_read' <Predicate = true> <Delay = 0.00>
ST_1 : Operation 87 [1/1] (0.00ns)   --->   "%ctx_data_29_3_reload_read = read i8 @_ssdm_op_Read.ap_auto.i8, i8 %ctx_data_29_3_reload"   --->   Operation 87 'read' 'ctx_data_29_3_reload_read' <Predicate = true> <Delay = 0.00>
ST_1 : Operation 88 [1/1] (0.00ns)   --->   "%ctx_data_28_3_reload_read = read i8 @_ssdm_op_Read.ap_auto.i8, i8 %ctx_data_28_3_reload"   --->   Operation 88 'read' 'ctx_data_28_3_reload_read' <Predicate = true> <Delay = 0.00>
ST_1 : Operation 89 [1/1] (0.00ns)   --->   "%ctx_data_27_3_reload_read = read i8 @_ssdm_op_Read.ap_auto.i8, i8 %ctx_data_27_3_reload"   --->   Operation 89 'read' 'ctx_data_27_3_reload_read' <Predicate = true> <Delay = 0.00>
ST_1 : Operation 90 [1/1] (0.00ns)   --->   "%ctx_data_26_3_reload_read = read i8 @_ssdm_op_Read.ap_auto.i8, i8 %ctx_data_26_3_reload"   --->   Operation 90 'read' 'ctx_data_26_3_reload_read' <Predicate = true> <Delay = 0.00>
ST_1 : Operation 91 [1/1] (0.00ns)   --->   "%ctx_data_25_3_reload_read = read i8 @_ssdm_op_Read.ap_auto.i8, i8 %ctx_data_25_3_reload"   --->   Operation 91 'read' 'ctx_data_25_3_reload_read' <Predicate = true> <Delay = 0.00>
ST_1 : Operation 92 [1/1] (0.00ns)   --->   "%ctx_data_2427_3_reload_read = read i8 @_ssdm_op_Read.ap_auto.i8, i8 %ctx_data_2427_3_reload"   --->   Operation 92 'read' 'ctx_data_2427_3_reload_read' <Predicate = true> <Delay = 0.00>
ST_1 : Operation 93 [1/1] (0.00ns)   --->   "%ctx_data_23_3_reload_read = read i8 @_ssdm_op_Read.ap_auto.i8, i8 %ctx_data_23_3_reload"   --->   Operation 93 'read' 'ctx_data_23_3_reload_read' <Predicate = true> <Delay = 0.00>
ST_1 : Operation 94 [1/1] (0.00ns)   --->   "%ctx_data_22_3_reload_read = read i8 @_ssdm_op_Read.ap_auto.i8, i8 %ctx_data_22_3_reload"   --->   Operation 94 'read' 'ctx_data_22_3_reload_read' <Predicate = true> <Delay = 0.00>
ST_1 : Operation 95 [1/1] (0.00ns)   --->   "%ctx_data_21_3_reload_read = read i8 @_ssdm_op_Read.ap_auto.i8, i8 %ctx_data_21_3_reload"   --->   Operation 95 'read' 'ctx_data_21_3_reload_read' <Predicate = true> <Delay = 0.00>
ST_1 : Operation 96 [1/1] (0.00ns)   --->   "%ctx_data_20_3_reload_read = read i8 @_ssdm_op_Read.ap_auto.i8, i8 %ctx_data_20_3_reload"   --->   Operation 96 'read' 'ctx_data_20_3_reload_read' <Predicate = true> <Delay = 0.00>
ST_1 : Operation 97 [1/1] (0.00ns)   --->   "%ctx_data_19_3_reload_read = read i8 @_ssdm_op_Read.ap_auto.i8, i8 %ctx_data_19_3_reload"   --->   Operation 97 'read' 'ctx_data_19_3_reload_read' <Predicate = true> <Delay = 0.00>
ST_1 : Operation 98 [1/1] (0.00ns)   --->   "%ctx_data_18_3_reload_read = read i8 @_ssdm_op_Read.ap_auto.i8, i8 %ctx_data_18_3_reload"   --->   Operation 98 'read' 'ctx_data_18_3_reload_read' <Predicate = true> <Delay = 0.00>
ST_1 : Operation 99 [1/1] (0.00ns)   --->   "%ctx_data_17_3_reload_read = read i8 @_ssdm_op_Read.ap_auto.i8, i8 %ctx_data_17_3_reload"   --->   Operation 99 'read' 'ctx_data_17_3_reload_read' <Predicate = true> <Delay = 0.00>
ST_1 : Operation 100 [1/1] (0.00ns)   --->   "%ctx_data_16_3_reload_read = read i8 @_ssdm_op_Read.ap_auto.i8, i8 %ctx_data_16_3_reload"   --->   Operation 100 'read' 'ctx_data_16_3_reload_read' <Predicate = true> <Delay = 0.00>
ST_1 : Operation 101 [1/1] (0.00ns)   --->   "%ctx_data_15_3_reload_read = read i8 @_ssdm_op_Read.ap_auto.i8, i8 %ctx_data_15_3_reload"   --->   Operation 101 'read' 'ctx_data_15_3_reload_read' <Predicate = true> <Delay = 0.00>
ST_1 : Operation 102 [1/1] (0.00ns)   --->   "%ctx_data_14_3_reload_read = read i8 @_ssdm_op_Read.ap_auto.i8, i8 %ctx_data_14_3_reload"   --->   Operation 102 'read' 'ctx_data_14_3_reload_read' <Predicate = true> <Delay = 0.00>
ST_1 : Operation 103 [1/1] (0.00ns)   --->   "%ctx_data_1315_3_reload_read = read i8 @_ssdm_op_Read.ap_auto.i8, i8 %ctx_data_1315_3_reload"   --->   Operation 103 'read' 'ctx_data_1315_3_reload_read' <Predicate = true> <Delay = 0.00>
ST_1 : Operation 104 [1/1] (0.00ns)   --->   "%ctx_data_12_3_reload_read = read i8 @_ssdm_op_Read.ap_auto.i8, i8 %ctx_data_12_3_reload"   --->   Operation 104 'read' 'ctx_data_12_3_reload_read' <Predicate = true> <Delay = 0.00>
ST_1 : Operation 105 [1/1] (0.00ns)   --->   "%ctx_data_11_3_reload_read = read i8 @_ssdm_op_Read.ap_auto.i8, i8 %ctx_data_11_3_reload"   --->   Operation 105 'read' 'ctx_data_11_3_reload_read' <Predicate = true> <Delay = 0.00>
ST_1 : Operation 106 [1/1] (0.00ns)   --->   "%ctx_data_10_3_reload_read = read i8 @_ssdm_op_Read.ap_auto.i8, i8 %ctx_data_10_3_reload"   --->   Operation 106 'read' 'ctx_data_10_3_reload_read' <Predicate = true> <Delay = 0.00>
ST_1 : Operation 107 [1/1] (0.00ns)   --->   "%ctx_data_9_3_reload_read = read i8 @_ssdm_op_Read.ap_auto.i8, i8 %ctx_data_9_3_reload"   --->   Operation 107 'read' 'ctx_data_9_3_reload_read' <Predicate = true> <Delay = 0.00>
ST_1 : Operation 108 [1/1] (0.00ns)   --->   "%ctx_data_8_3_reload_read = read i8 @_ssdm_op_Read.ap_auto.i8, i8 %ctx_data_8_3_reload"   --->   Operation 108 'read' 'ctx_data_8_3_reload_read' <Predicate = true> <Delay = 0.00>
ST_1 : Operation 109 [1/1] (0.00ns)   --->   "%ctx_data_7_3_reload_read = read i8 @_ssdm_op_Read.ap_auto.i8, i8 %ctx_data_7_3_reload"   --->   Operation 109 'read' 'ctx_data_7_3_reload_read' <Predicate = true> <Delay = 0.00>
ST_1 : Operation 110 [1/1] (0.00ns)   --->   "%ctx_data_6_3_reload_read = read i8 @_ssdm_op_Read.ap_auto.i8, i8 %ctx_data_6_3_reload"   --->   Operation 110 'read' 'ctx_data_6_3_reload_read' <Predicate = true> <Delay = 0.00>
ST_1 : Operation 111 [1/1] (0.00ns)   --->   "%ctx_data_5_3_reload_read = read i8 @_ssdm_op_Read.ap_auto.i8, i8 %ctx_data_5_3_reload"   --->   Operation 111 'read' 'ctx_data_5_3_reload_read' <Predicate = true> <Delay = 0.00>
ST_1 : Operation 112 [1/1] (0.00ns)   --->   "%ctx_data_4_3_reload_read = read i8 @_ssdm_op_Read.ap_auto.i8, i8 %ctx_data_4_3_reload"   --->   Operation 112 'read' 'ctx_data_4_3_reload_read' <Predicate = true> <Delay = 0.00>
ST_1 : Operation 113 [1/1] (0.00ns)   --->   "%ctx_data_3_3_reload_read = read i8 @_ssdm_op_Read.ap_auto.i8, i8 %ctx_data_3_3_reload"   --->   Operation 113 'read' 'ctx_data_3_3_reload_read' <Predicate = true> <Delay = 0.00>
ST_1 : Operation 114 [1/1] (0.00ns)   --->   "%ctx_data_2_3_reload_read = read i8 @_ssdm_op_Read.ap_auto.i8, i8 %ctx_data_2_3_reload"   --->   Operation 114 'read' 'ctx_data_2_3_reload_read' <Predicate = true> <Delay = 0.00>
ST_1 : Operation 115 [1/1] (0.00ns)   --->   "%ctx_data_1_3_reload_read = read i8 @_ssdm_op_Read.ap_auto.i8, i8 %ctx_data_1_3_reload"   --->   Operation 115 'read' 'ctx_data_1_3_reload_read' <Predicate = true> <Delay = 0.00>
ST_1 : Operation 116 [1/1] (0.00ns)   --->   "%ctx_data_0_3_reload_read = read i8 @_ssdm_op_Read.ap_auto.i8, i8 %ctx_data_0_3_reload"   --->   Operation 116 'read' 'ctx_data_0_3_reload_read' <Predicate = true> <Delay = 0.00>
ST_1 : Operation 117 [1/1] (0.38ns)   --->   "%store_ln0 = store i8 %ctx_data_0_3_reload_read, i8 %ctx_data_0_5"   --->   Operation 117 'store' 'store_ln0' <Predicate = true> <Delay = 0.38>
ST_1 : Operation 118 [1/1] (0.38ns)   --->   "%store_ln0 = store i8 %ctx_data_1_3_reload_read, i8 %ctx_data_1_5"   --->   Operation 118 'store' 'store_ln0' <Predicate = true> <Delay = 0.38>
ST_1 : Operation 119 [1/1] (0.38ns)   --->   "%store_ln0 = store i8 %ctx_data_2_3_reload_read, i8 %ctx_data_2_5"   --->   Operation 119 'store' 'store_ln0' <Predicate = true> <Delay = 0.38>
ST_1 : Operation 120 [1/1] (0.38ns)   --->   "%store_ln0 = store i8 %ctx_data_3_3_reload_read, i8 %ctx_data_3_5"   --->   Operation 120 'store' 'store_ln0' <Predicate = true> <Delay = 0.38>
ST_1 : Operation 121 [1/1] (0.38ns)   --->   "%store_ln0 = store i8 %ctx_data_4_3_reload_read, i8 %ctx_data_4_5"   --->   Operation 121 'store' 'store_ln0' <Predicate = true> <Delay = 0.38>
ST_1 : Operation 122 [1/1] (0.38ns)   --->   "%store_ln0 = store i8 %ctx_data_5_3_reload_read, i8 %ctx_data_5_5"   --->   Operation 122 'store' 'store_ln0' <Predicate = true> <Delay = 0.38>
ST_1 : Operation 123 [1/1] (0.38ns)   --->   "%store_ln0 = store i8 %ctx_data_6_3_reload_read, i8 %ctx_data_6_5"   --->   Operation 123 'store' 'store_ln0' <Predicate = true> <Delay = 0.38>
ST_1 : Operation 124 [1/1] (0.38ns)   --->   "%store_ln0 = store i8 %ctx_data_7_3_reload_read, i8 %ctx_data_7_5"   --->   Operation 124 'store' 'store_ln0' <Predicate = true> <Delay = 0.38>
ST_1 : Operation 125 [1/1] (0.38ns)   --->   "%store_ln0 = store i8 %ctx_data_8_3_reload_read, i8 %ctx_data_8_5"   --->   Operation 125 'store' 'store_ln0' <Predicate = true> <Delay = 0.38>
ST_1 : Operation 126 [1/1] (0.38ns)   --->   "%store_ln0 = store i8 %ctx_data_9_3_reload_read, i8 %ctx_data_9_5"   --->   Operation 126 'store' 'store_ln0' <Predicate = true> <Delay = 0.38>
ST_1 : Operation 127 [1/1] (0.38ns)   --->   "%store_ln0 = store i8 %ctx_data_10_3_reload_read, i8 %ctx_data_10_5"   --->   Operation 127 'store' 'store_ln0' <Predicate = true> <Delay = 0.38>
ST_1 : Operation 128 [1/1] (0.38ns)   --->   "%store_ln0 = store i8 %ctx_data_11_3_reload_read, i8 %ctx_data_11_5"   --->   Operation 128 'store' 'store_ln0' <Predicate = true> <Delay = 0.38>
ST_1 : Operation 129 [1/1] (0.38ns)   --->   "%store_ln0 = store i8 %ctx_data_12_3_reload_read, i8 %ctx_data_12_5"   --->   Operation 129 'store' 'store_ln0' <Predicate = true> <Delay = 0.38>
ST_1 : Operation 130 [1/1] (0.38ns)   --->   "%store_ln0 = store i8 %ctx_data_1315_3_reload_read, i8 %ctx_data_1315_5"   --->   Operation 130 'store' 'store_ln0' <Predicate = true> <Delay = 0.38>
ST_1 : Operation 131 [1/1] (0.38ns)   --->   "%store_ln0 = store i8 %ctx_data_14_3_reload_read, i8 %ctx_data_14_5"   --->   Operation 131 'store' 'store_ln0' <Predicate = true> <Delay = 0.38>
ST_1 : Operation 132 [1/1] (0.38ns)   --->   "%store_ln0 = store i8 %ctx_data_15_3_reload_read, i8 %ctx_data_15_5"   --->   Operation 132 'store' 'store_ln0' <Predicate = true> <Delay = 0.38>
ST_1 : Operation 133 [1/1] (0.38ns)   --->   "%store_ln0 = store i8 %ctx_data_16_3_reload_read, i8 %ctx_data_16_5"   --->   Operation 133 'store' 'store_ln0' <Predicate = true> <Delay = 0.38>
ST_1 : Operation 134 [1/1] (0.38ns)   --->   "%store_ln0 = store i8 %ctx_data_17_3_reload_read, i8 %ctx_data_17_5"   --->   Operation 134 'store' 'store_ln0' <Predicate = true> <Delay = 0.38>
ST_1 : Operation 135 [1/1] (0.38ns)   --->   "%store_ln0 = store i8 %ctx_data_18_3_reload_read, i8 %ctx_data_18_5"   --->   Operation 135 'store' 'store_ln0' <Predicate = true> <Delay = 0.38>
ST_1 : Operation 136 [1/1] (0.38ns)   --->   "%store_ln0 = store i8 %ctx_data_19_3_reload_read, i8 %ctx_data_19_5"   --->   Operation 136 'store' 'store_ln0' <Predicate = true> <Delay = 0.38>
ST_1 : Operation 137 [1/1] (0.38ns)   --->   "%store_ln0 = store i8 %ctx_data_20_3_reload_read, i8 %ctx_data_20_5"   --->   Operation 137 'store' 'store_ln0' <Predicate = true> <Delay = 0.38>
ST_1 : Operation 138 [1/1] (0.38ns)   --->   "%store_ln0 = store i8 %ctx_data_21_3_reload_read, i8 %ctx_data_21_5"   --->   Operation 138 'store' 'store_ln0' <Predicate = true> <Delay = 0.38>
ST_1 : Operation 139 [1/1] (0.38ns)   --->   "%store_ln0 = store i8 %ctx_data_22_3_reload_read, i8 %ctx_data_22_5"   --->   Operation 139 'store' 'store_ln0' <Predicate = true> <Delay = 0.38>
ST_1 : Operation 140 [1/1] (0.38ns)   --->   "%store_ln0 = store i8 %ctx_data_23_3_reload_read, i8 %ctx_data_23_5"   --->   Operation 140 'store' 'store_ln0' <Predicate = true> <Delay = 0.38>
ST_1 : Operation 141 [1/1] (0.38ns)   --->   "%store_ln0 = store i8 %ctx_data_2427_3_reload_read, i8 %ctx_data_2427_5"   --->   Operation 141 'store' 'store_ln0' <Predicate = true> <Delay = 0.38>
ST_1 : Operation 142 [1/1] (0.38ns)   --->   "%store_ln0 = store i8 %ctx_data_25_3_reload_read, i8 %ctx_data_25_5"   --->   Operation 142 'store' 'store_ln0' <Predicate = true> <Delay = 0.38>
ST_1 : Operation 143 [1/1] (0.38ns)   --->   "%store_ln0 = store i8 %ctx_data_26_3_reload_read, i8 %ctx_data_26_5"   --->   Operation 143 'store' 'store_ln0' <Predicate = true> <Delay = 0.38>
ST_1 : Operation 144 [1/1] (0.38ns)   --->   "%store_ln0 = store i8 %ctx_data_27_3_reload_read, i8 %ctx_data_27_5"   --->   Operation 144 'store' 'store_ln0' <Predicate = true> <Delay = 0.38>
ST_1 : Operation 145 [1/1] (0.38ns)   --->   "%store_ln0 = store i8 %ctx_data_28_3_reload_read, i8 %ctx_data_28_5"   --->   Operation 145 'store' 'store_ln0' <Predicate = true> <Delay = 0.38>
ST_1 : Operation 146 [1/1] (0.38ns)   --->   "%store_ln0 = store i8 %ctx_data_29_3_reload_read, i8 %ctx_data_29_5"   --->   Operation 146 'store' 'store_ln0' <Predicate = true> <Delay = 0.38>
ST_1 : Operation 147 [1/1] (0.38ns)   --->   "%store_ln0 = store i8 %ctx_data_30_3_reload_read, i8 %ctx_data_30_5"   --->   Operation 147 'store' 'store_ln0' <Predicate = true> <Delay = 0.38>
ST_1 : Operation 148 [1/1] (0.38ns)   --->   "%store_ln0 = store i8 %ctx_data_31_3_reload_read, i8 %ctx_data_31_5"   --->   Operation 148 'store' 'store_ln0' <Predicate = true> <Delay = 0.38>
ST_1 : Operation 149 [1/1] (0.38ns)   --->   "%store_ln0 = store i8 %ctx_data_32_3_reload_read, i8 %ctx_data_32_5"   --->   Operation 149 'store' 'store_ln0' <Predicate = true> <Delay = 0.38>
ST_1 : Operation 150 [1/1] (0.38ns)   --->   "%store_ln0 = store i8 %ctx_data_33_3_reload_read, i8 %ctx_data_33_5"   --->   Operation 150 'store' 'store_ln0' <Predicate = true> <Delay = 0.38>
ST_1 : Operation 151 [1/1] (0.38ns)   --->   "%store_ln0 = store i8 %ctx_data_34_3_reload_read, i8 %ctx_data_34_5"   --->   Operation 151 'store' 'store_ln0' <Predicate = true> <Delay = 0.38>
ST_1 : Operation 152 [1/1] (0.38ns)   --->   "%store_ln0 = store i8 %ctx_data_3539_3_reload_read, i8 %ctx_data_3539_5"   --->   Operation 152 'store' 'store_ln0' <Predicate = true> <Delay = 0.38>
ST_1 : Operation 153 [1/1] (0.38ns)   --->   "%store_ln0 = store i8 %ctx_data_36_3_reload_read, i8 %ctx_data_36_5"   --->   Operation 153 'store' 'store_ln0' <Predicate = true> <Delay = 0.38>
ST_1 : Operation 154 [1/1] (0.38ns)   --->   "%store_ln0 = store i8 %ctx_data_37_3_reload_read, i8 %ctx_data_37_5"   --->   Operation 154 'store' 'store_ln0' <Predicate = true> <Delay = 0.38>
ST_1 : Operation 155 [1/1] (0.38ns)   --->   "%store_ln0 = store i8 %ctx_data_38_3_reload_read, i8 %ctx_data_38_5"   --->   Operation 155 'store' 'store_ln0' <Predicate = true> <Delay = 0.38>
ST_1 : Operation 156 [1/1] (0.38ns)   --->   "%store_ln0 = store i8 %ctx_data_39_3_reload_read, i8 %ctx_data_39_5"   --->   Operation 156 'store' 'store_ln0' <Predicate = true> <Delay = 0.38>
ST_1 : Operation 157 [1/1] (0.38ns)   --->   "%store_ln0 = store i8 %ctx_data_40_3_reload_read, i8 %ctx_data_40_5"   --->   Operation 157 'store' 'store_ln0' <Predicate = true> <Delay = 0.38>
ST_1 : Operation 158 [1/1] (0.38ns)   --->   "%store_ln0 = store i8 %ctx_data_41_3_reload_read, i8 %ctx_data_41_5"   --->   Operation 158 'store' 'store_ln0' <Predicate = true> <Delay = 0.38>
ST_1 : Operation 159 [1/1] (0.38ns)   --->   "%store_ln0 = store i8 %ctx_data_42_3_reload_read, i8 %ctx_data_42_5"   --->   Operation 159 'store' 'store_ln0' <Predicate = true> <Delay = 0.38>
ST_1 : Operation 160 [1/1] (0.38ns)   --->   "%store_ln0 = store i8 %ctx_data_43_3_reload_read, i8 %ctx_data_43_5"   --->   Operation 160 'store' 'store_ln0' <Predicate = true> <Delay = 0.38>
ST_1 : Operation 161 [1/1] (0.38ns)   --->   "%store_ln0 = store i8 %ctx_data_44_3_reload_read, i8 %ctx_data_44_5"   --->   Operation 161 'store' 'store_ln0' <Predicate = true> <Delay = 0.38>
ST_1 : Operation 162 [1/1] (0.38ns)   --->   "%store_ln0 = store i8 %ctx_data_45_3_reload_read, i8 %ctx_data_45_5"   --->   Operation 162 'store' 'store_ln0' <Predicate = true> <Delay = 0.38>
ST_1 : Operation 163 [1/1] (0.38ns)   --->   "%store_ln0 = store i8 %ctx_data_4651_3_reload_read, i8 %ctx_data_4651_5"   --->   Operation 163 'store' 'store_ln0' <Predicate = true> <Delay = 0.38>
ST_1 : Operation 164 [1/1] (0.38ns)   --->   "%store_ln0 = store i8 %ctx_data_47_3_reload_read, i8 %ctx_data_47_5"   --->   Operation 164 'store' 'store_ln0' <Predicate = true> <Delay = 0.38>
ST_1 : Operation 165 [1/1] (0.38ns)   --->   "%store_ln0 = store i8 %ctx_data_48_3_reload_read, i8 %ctx_data_48_5"   --->   Operation 165 'store' 'store_ln0' <Predicate = true> <Delay = 0.38>
ST_1 : Operation 166 [1/1] (0.38ns)   --->   "%store_ln0 = store i8 %ctx_data_49_3_reload_read, i8 %ctx_data_49_5"   --->   Operation 166 'store' 'store_ln0' <Predicate = true> <Delay = 0.38>
ST_1 : Operation 167 [1/1] (0.38ns)   --->   "%store_ln0 = store i8 %ctx_data_50_3_reload_read, i8 %ctx_data_50_5"   --->   Operation 167 'store' 'store_ln0' <Predicate = true> <Delay = 0.38>
ST_1 : Operation 168 [1/1] (0.38ns)   --->   "%store_ln0 = store i8 %ctx_data_51_3_reload_read, i8 %ctx_data_51_5"   --->   Operation 168 'store' 'store_ln0' <Predicate = true> <Delay = 0.38>
ST_1 : Operation 169 [1/1] (0.38ns)   --->   "%store_ln0 = store i8 %ctx_data_52_3_reload_read, i8 %ctx_data_52_5"   --->   Operation 169 'store' 'store_ln0' <Predicate = true> <Delay = 0.38>
ST_1 : Operation 170 [1/1] (0.38ns)   --->   "%store_ln0 = store i8 %ctx_data_53_3_reload_read, i8 %ctx_data_53_5"   --->   Operation 170 'store' 'store_ln0' <Predicate = true> <Delay = 0.38>
ST_1 : Operation 171 [1/1] (0.38ns)   --->   "%store_ln0 = store i8 %ctx_data_54_3_reload_read, i8 %ctx_data_54_5"   --->   Operation 171 'store' 'store_ln0' <Predicate = true> <Delay = 0.38>
ST_1 : Operation 172 [1/1] (0.38ns)   --->   "%store_ln0 = store i8 %ctx_data_55_3_reload_read, i8 %ctx_data_55_5"   --->   Operation 172 'store' 'store_ln0' <Predicate = true> <Delay = 0.38>
ST_1 : Operation 173 [1/1] (0.38ns)   --->   "%store_ln0 = store i6 0, i6 %i"   --->   Operation 173 'store' 'store_ln0' <Predicate = true> <Delay = 0.38>
ST_1 : Operation 174 [1/1] (0.00ns)   --->   "%br_ln0 = br void %for.inc"   --->   Operation 174 'br' 'br_ln0' <Predicate = true> <Delay = 0.00>
ST_1 : Operation 175 [1/1] (0.00ns)   --->   "%i_5 = load i6 %i" [sha1/sha256_impl1.cpp:118]   --->   Operation 175 'load' 'i_5' <Predicate = true> <Delay = 0.00>
ST_1 : Operation 176 [1/1] (0.00ns)   --->   "%specpipeline_ln0 = specpipeline void @_ssdm_op_SpecPipeline, i32 4294967295, i32 0, i32 1, i32 0, void @p_str"   --->   Operation 176 'specpipeline' 'specpipeline_ln0' <Predicate = true> <Delay = 0.00>
ST_1 : Operation 177 [1/1] (0.61ns)   --->   "%icmp_ln118 = icmp_eq  i6 %i_5, i6 56" [sha1/sha256_impl1.cpp:118]   --->   Operation 177 'icmp' 'icmp_ln118' <Predicate = true> <Delay = 0.61> <CoreInst = "Cmp">   --->   Core 9 'Cmp' <Latency = 0> <II = 1> <Delay = 0.61> <FuncUnit> <Opcode : 'icmp'> <InPorts = 2> <OutPorts = 1>
ST_1 : Operation 178 [1/1] (0.00ns)   --->   "%empty = speclooptripcount i32 @_ssdm_op_SpecLoopTripCount, i64 56, i64 56, i64 56"   --->   Operation 178 'speclooptripcount' 'empty' <Predicate = true> <Delay = 0.00>
ST_1 : Operation 179 [1/1] (0.70ns)   --->   "%add_ln118 = add i6 %i_5, i6 1" [sha1/sha256_impl1.cpp:118]   --->   Operation 179 'add' 'add_ln118' <Predicate = true> <Delay = 0.70> <CoreInst = "Adder">   --->   Core 1 'Adder' <Latency = 0> <II = 1> <Delay = 0.70> <FuncUnit> <Opcode : 'add' 'sub'> <InPorts = 2> <OutPorts = 1>
ST_1 : Operation 180 [1/1] (0.00ns)   --->   "%br_ln118 = br i1 %icmp_ln118, void %for.inc.split, void %if.end.loopexit.exitStub" [sha1/sha256_impl1.cpp:118]   --->   Operation 180 'br' 'br_ln118' <Predicate = true> <Delay = 0.00>
ST_1 : Operation 181 [1/1] (0.00ns)   --->   "%specloopname_ln103 = specloopname void @_ssdm_op_SpecLoopName, void @empty_5" [sha1/sha256_impl1.cpp:103]   --->   Operation 181 'specloopname' 'specloopname_ln103' <Predicate = (!icmp_ln118)> <Delay = 0.00>
ST_1 : Operation 182 [1/1] (0.34ns)   --->   "%switch_ln119 = switch i6 %i_5, void %arrayidx2331.case.55, i6 0, void %for.inc.split.arrayidx2331.exit_crit_edge, i6 1, void %for.inc.split.arrayidx2331.exit_crit_edge57, i6 2, void %arrayidx2331.case.2, i6 3, void %arrayidx2331.case.3, i6 4, void %arrayidx2331.case.4, i6 5, void %arrayidx2331.case.5, i6 6, void %arrayidx2331.case.6, i6 7, void %arrayidx2331.case.7, i6 8, void %arrayidx2331.case.8, i6 9, void %arrayidx2331.case.9, i6 10, void %arrayidx2331.case.10, i6 11, void %arrayidx2331.case.11, i6 12, void %arrayidx2331.case.12, i6 13, void %arrayidx2331.case.13, i6 14, void %arrayidx2331.case.14, i6 15, void %arrayidx2331.case.15, i6 16, void %arrayidx2331.case.16, i6 17, void %arrayidx2331.case.17, i6 18, void %arrayidx2331.case.18, i6 19, void %arrayidx2331.case.19, i6 20, void %arrayidx2331.case.20, i6 21, void %arrayidx2331.case.21, i6 22, void %arrayidx2331.case.22, i6 23, void %arrayidx2331.case.23, i6 24, void %arrayidx2331.case.24, i6 25, void %arrayidx2331.case.25, i6 26, void %arrayidx2331.case.26, i6 27, void %arrayidx2331.case.27, i6 28, void %arrayidx2331.case.28, i6 29, void %arrayidx2331.case.29, i6 30, void %arrayidx2331.case.30, i6 31, void %arrayidx2331.case.31, i6 32, void %arrayidx2331.case.32, i6 33, void %arrayidx2331.case.33, i6 34, void %arrayidx2331.case.34, i6 35, void %arrayidx2331.case.35, i6 36, void %arrayidx2331.case.36, i6 37, void %arrayidx2331.case.37, i6 38, void %arrayidx2331.case.38, i6 39, void %arrayidx2331.case.39, i6 40, void %arrayidx2331.case.40, i6 41, void %arrayidx2331.case.41, i6 42, void %arrayidx2331.case.42, i6 43, void %arrayidx2331.case.43, i6 44, void %arrayidx2331.case.44, i6 45, void %arrayidx2331.case.45, i6 46, void %arrayidx2331.case.46, i6 47, void %arrayidx2331.case.47, i6 48, void %arrayidx2331.case.48, i6 49, void %arrayidx2331.case.49, i6 50, void %arrayidx2331.case.50, i6 51, void %arrayidx2331.case.51, i6 52, void %arrayidx2331.case.52, i6 53, void %arrayidx2331.case.53, i6 54, void %arrayidx2331.case.54" [sha1/sha256_impl1.cpp:119]   --->   Operation 182 'switch' 'switch_ln119' <Predicate = (!icmp_ln118)> <Delay = 0.34>
ST_1 : Operation 183 [1/1] (0.38ns)   --->   "%store_ln119 = store i8 0, i8 %ctx_data_54_5" [sha1/sha256_impl1.cpp:119]   --->   Operation 183 'store' 'store_ln119' <Predicate = (!icmp_ln118 & i_5 == 54)> <Delay = 0.38>
ST_1 : Operation 184 [1/1] (0.00ns)   --->   "%br_ln119 = br void %arrayidx2331.exit" [sha1/sha256_impl1.cpp:119]   --->   Operation 184 'br' 'br_ln119' <Predicate = (!icmp_ln118 & i_5 == 54)> <Delay = 0.00>
ST_1 : Operation 185 [1/1] (0.38ns)   --->   "%store_ln119 = store i8 0, i8 %ctx_data_53_5" [sha1/sha256_impl1.cpp:119]   --->   Operation 185 'store' 'store_ln119' <Predicate = (!icmp_ln118 & i_5 == 53)> <Delay = 0.38>
ST_1 : Operation 186 [1/1] (0.00ns)   --->   "%br_ln119 = br void %arrayidx2331.exit" [sha1/sha256_impl1.cpp:119]   --->   Operation 186 'br' 'br_ln119' <Predicate = (!icmp_ln118 & i_5 == 53)> <Delay = 0.00>
ST_1 : Operation 187 [1/1] (0.38ns)   --->   "%store_ln119 = store i8 0, i8 %ctx_data_52_5" [sha1/sha256_impl1.cpp:119]   --->   Operation 187 'store' 'store_ln119' <Predicate = (!icmp_ln118 & i_5 == 52)> <Delay = 0.38>
ST_1 : Operation 188 [1/1] (0.00ns)   --->   "%br_ln119 = br void %arrayidx2331.exit" [sha1/sha256_impl1.cpp:119]   --->   Operation 188 'br' 'br_ln119' <Predicate = (!icmp_ln118 & i_5 == 52)> <Delay = 0.00>
ST_1 : Operation 189 [1/1] (0.38ns)   --->   "%store_ln119 = store i8 0, i8 %ctx_data_51_5" [sha1/sha256_impl1.cpp:119]   --->   Operation 189 'store' 'store_ln119' <Predicate = (!icmp_ln118 & i_5 == 51)> <Delay = 0.38>
ST_1 : Operation 190 [1/1] (0.00ns)   --->   "%br_ln119 = br void %arrayidx2331.exit" [sha1/sha256_impl1.cpp:119]   --->   Operation 190 'br' 'br_ln119' <Predicate = (!icmp_ln118 & i_5 == 51)> <Delay = 0.00>
ST_1 : Operation 191 [1/1] (0.38ns)   --->   "%store_ln119 = store i8 0, i8 %ctx_data_50_5" [sha1/sha256_impl1.cpp:119]   --->   Operation 191 'store' 'store_ln119' <Predicate = (!icmp_ln118 & i_5 == 50)> <Delay = 0.38>
ST_1 : Operation 192 [1/1] (0.00ns)   --->   "%br_ln119 = br void %arrayidx2331.exit" [sha1/sha256_impl1.cpp:119]   --->   Operation 192 'br' 'br_ln119' <Predicate = (!icmp_ln118 & i_5 == 50)> <Delay = 0.00>
ST_1 : Operation 193 [1/1] (0.38ns)   --->   "%store_ln119 = store i8 0, i8 %ctx_data_49_5" [sha1/sha256_impl1.cpp:119]   --->   Operation 193 'store' 'store_ln119' <Predicate = (!icmp_ln118 & i_5 == 49)> <Delay = 0.38>
ST_1 : Operation 194 [1/1] (0.00ns)   --->   "%br_ln119 = br void %arrayidx2331.exit" [sha1/sha256_impl1.cpp:119]   --->   Operation 194 'br' 'br_ln119' <Predicate = (!icmp_ln118 & i_5 == 49)> <Delay = 0.00>
ST_1 : Operation 195 [1/1] (0.38ns)   --->   "%store_ln119 = store i8 0, i8 %ctx_data_48_5" [sha1/sha256_impl1.cpp:119]   --->   Operation 195 'store' 'store_ln119' <Predicate = (!icmp_ln118 & i_5 == 48)> <Delay = 0.38>
ST_1 : Operation 196 [1/1] (0.00ns)   --->   "%br_ln119 = br void %arrayidx2331.exit" [sha1/sha256_impl1.cpp:119]   --->   Operation 196 'br' 'br_ln119' <Predicate = (!icmp_ln118 & i_5 == 48)> <Delay = 0.00>
ST_1 : Operation 197 [1/1] (0.38ns)   --->   "%store_ln119 = store i8 0, i8 %ctx_data_47_5" [sha1/sha256_impl1.cpp:119]   --->   Operation 197 'store' 'store_ln119' <Predicate = (!icmp_ln118 & i_5 == 47)> <Delay = 0.38>
ST_1 : Operation 198 [1/1] (0.00ns)   --->   "%br_ln119 = br void %arrayidx2331.exit" [sha1/sha256_impl1.cpp:119]   --->   Operation 198 'br' 'br_ln119' <Predicate = (!icmp_ln118 & i_5 == 47)> <Delay = 0.00>
ST_1 : Operation 199 [1/1] (0.38ns)   --->   "%store_ln119 = store i8 0, i8 %ctx_data_4651_5" [sha1/sha256_impl1.cpp:119]   --->   Operation 199 'store' 'store_ln119' <Predicate = (!icmp_ln118 & i_5 == 46)> <Delay = 0.38>
ST_1 : Operation 200 [1/1] (0.00ns)   --->   "%br_ln119 = br void %arrayidx2331.exit" [sha1/sha256_impl1.cpp:119]   --->   Operation 200 'br' 'br_ln119' <Predicate = (!icmp_ln118 & i_5 == 46)> <Delay = 0.00>
ST_1 : Operation 201 [1/1] (0.38ns)   --->   "%store_ln119 = store i8 0, i8 %ctx_data_45_5" [sha1/sha256_impl1.cpp:119]   --->   Operation 201 'store' 'store_ln119' <Predicate = (!icmp_ln118 & i_5 == 45)> <Delay = 0.38>
ST_1 : Operation 202 [1/1] (0.00ns)   --->   "%br_ln119 = br void %arrayidx2331.exit" [sha1/sha256_impl1.cpp:119]   --->   Operation 202 'br' 'br_ln119' <Predicate = (!icmp_ln118 & i_5 == 45)> <Delay = 0.00>
ST_1 : Operation 203 [1/1] (0.38ns)   --->   "%store_ln119 = store i8 0, i8 %ctx_data_44_5" [sha1/sha256_impl1.cpp:119]   --->   Operation 203 'store' 'store_ln119' <Predicate = (!icmp_ln118 & i_5 == 44)> <Delay = 0.38>
ST_1 : Operation 204 [1/1] (0.00ns)   --->   "%br_ln119 = br void %arrayidx2331.exit" [sha1/sha256_impl1.cpp:119]   --->   Operation 204 'br' 'br_ln119' <Predicate = (!icmp_ln118 & i_5 == 44)> <Delay = 0.00>
ST_1 : Operation 205 [1/1] (0.38ns)   --->   "%store_ln119 = store i8 0, i8 %ctx_data_43_5" [sha1/sha256_impl1.cpp:119]   --->   Operation 205 'store' 'store_ln119' <Predicate = (!icmp_ln118 & i_5 == 43)> <Delay = 0.38>
ST_1 : Operation 206 [1/1] (0.00ns)   --->   "%br_ln119 = br void %arrayidx2331.exit" [sha1/sha256_impl1.cpp:119]   --->   Operation 206 'br' 'br_ln119' <Predicate = (!icmp_ln118 & i_5 == 43)> <Delay = 0.00>
ST_1 : Operation 207 [1/1] (0.38ns)   --->   "%store_ln119 = store i8 0, i8 %ctx_data_42_5" [sha1/sha256_impl1.cpp:119]   --->   Operation 207 'store' 'store_ln119' <Predicate = (!icmp_ln118 & i_5 == 42)> <Delay = 0.38>
ST_1 : Operation 208 [1/1] (0.00ns)   --->   "%br_ln119 = br void %arrayidx2331.exit" [sha1/sha256_impl1.cpp:119]   --->   Operation 208 'br' 'br_ln119' <Predicate = (!icmp_ln118 & i_5 == 42)> <Delay = 0.00>
ST_1 : Operation 209 [1/1] (0.38ns)   --->   "%store_ln119 = store i8 0, i8 %ctx_data_41_5" [sha1/sha256_impl1.cpp:119]   --->   Operation 209 'store' 'store_ln119' <Predicate = (!icmp_ln118 & i_5 == 41)> <Delay = 0.38>
ST_1 : Operation 210 [1/1] (0.00ns)   --->   "%br_ln119 = br void %arrayidx2331.exit" [sha1/sha256_impl1.cpp:119]   --->   Operation 210 'br' 'br_ln119' <Predicate = (!icmp_ln118 & i_5 == 41)> <Delay = 0.00>
ST_1 : Operation 211 [1/1] (0.38ns)   --->   "%store_ln119 = store i8 0, i8 %ctx_data_40_5" [sha1/sha256_impl1.cpp:119]   --->   Operation 211 'store' 'store_ln119' <Predicate = (!icmp_ln118 & i_5 == 40)> <Delay = 0.38>
ST_1 : Operation 212 [1/1] (0.00ns)   --->   "%br_ln119 = br void %arrayidx2331.exit" [sha1/sha256_impl1.cpp:119]   --->   Operation 212 'br' 'br_ln119' <Predicate = (!icmp_ln118 & i_5 == 40)> <Delay = 0.00>
ST_1 : Operation 213 [1/1] (0.38ns)   --->   "%store_ln119 = store i8 0, i8 %ctx_data_39_5" [sha1/sha256_impl1.cpp:119]   --->   Operation 213 'store' 'store_ln119' <Predicate = (!icmp_ln118 & i_5 == 39)> <Delay = 0.38>
ST_1 : Operation 214 [1/1] (0.00ns)   --->   "%br_ln119 = br void %arrayidx2331.exit" [sha1/sha256_impl1.cpp:119]   --->   Operation 214 'br' 'br_ln119' <Predicate = (!icmp_ln118 & i_5 == 39)> <Delay = 0.00>
ST_1 : Operation 215 [1/1] (0.38ns)   --->   "%store_ln119 = store i8 0, i8 %ctx_data_38_5" [sha1/sha256_impl1.cpp:119]   --->   Operation 215 'store' 'store_ln119' <Predicate = (!icmp_ln118 & i_5 == 38)> <Delay = 0.38>
ST_1 : Operation 216 [1/1] (0.00ns)   --->   "%br_ln119 = br void %arrayidx2331.exit" [sha1/sha256_impl1.cpp:119]   --->   Operation 216 'br' 'br_ln119' <Predicate = (!icmp_ln118 & i_5 == 38)> <Delay = 0.00>
ST_1 : Operation 217 [1/1] (0.38ns)   --->   "%store_ln119 = store i8 0, i8 %ctx_data_37_5" [sha1/sha256_impl1.cpp:119]   --->   Operation 217 'store' 'store_ln119' <Predicate = (!icmp_ln118 & i_5 == 37)> <Delay = 0.38>
ST_1 : Operation 218 [1/1] (0.00ns)   --->   "%br_ln119 = br void %arrayidx2331.exit" [sha1/sha256_impl1.cpp:119]   --->   Operation 218 'br' 'br_ln119' <Predicate = (!icmp_ln118 & i_5 == 37)> <Delay = 0.00>
ST_1 : Operation 219 [1/1] (0.38ns)   --->   "%store_ln119 = store i8 0, i8 %ctx_data_36_5" [sha1/sha256_impl1.cpp:119]   --->   Operation 219 'store' 'store_ln119' <Predicate = (!icmp_ln118 & i_5 == 36)> <Delay = 0.38>
ST_1 : Operation 220 [1/1] (0.00ns)   --->   "%br_ln119 = br void %arrayidx2331.exit" [sha1/sha256_impl1.cpp:119]   --->   Operation 220 'br' 'br_ln119' <Predicate = (!icmp_ln118 & i_5 == 36)> <Delay = 0.00>
ST_1 : Operation 221 [1/1] (0.38ns)   --->   "%store_ln119 = store i8 0, i8 %ctx_data_3539_5" [sha1/sha256_impl1.cpp:119]   --->   Operation 221 'store' 'store_ln119' <Predicate = (!icmp_ln118 & i_5 == 35)> <Delay = 0.38>
ST_1 : Operation 222 [1/1] (0.00ns)   --->   "%br_ln119 = br void %arrayidx2331.exit" [sha1/sha256_impl1.cpp:119]   --->   Operation 222 'br' 'br_ln119' <Predicate = (!icmp_ln118 & i_5 == 35)> <Delay = 0.00>
ST_1 : Operation 223 [1/1] (0.38ns)   --->   "%store_ln119 = store i8 0, i8 %ctx_data_34_5" [sha1/sha256_impl1.cpp:119]   --->   Operation 223 'store' 'store_ln119' <Predicate = (!icmp_ln118 & i_5 == 34)> <Delay = 0.38>
ST_1 : Operation 224 [1/1] (0.00ns)   --->   "%br_ln119 = br void %arrayidx2331.exit" [sha1/sha256_impl1.cpp:119]   --->   Operation 224 'br' 'br_ln119' <Predicate = (!icmp_ln118 & i_5 == 34)> <Delay = 0.00>
ST_1 : Operation 225 [1/1] (0.38ns)   --->   "%store_ln119 = store i8 0, i8 %ctx_data_33_5" [sha1/sha256_impl1.cpp:119]   --->   Operation 225 'store' 'store_ln119' <Predicate = (!icmp_ln118 & i_5 == 33)> <Delay = 0.38>
ST_1 : Operation 226 [1/1] (0.00ns)   --->   "%br_ln119 = br void %arrayidx2331.exit" [sha1/sha256_impl1.cpp:119]   --->   Operation 226 'br' 'br_ln119' <Predicate = (!icmp_ln118 & i_5 == 33)> <Delay = 0.00>
ST_1 : Operation 227 [1/1] (0.38ns)   --->   "%store_ln119 = store i8 0, i8 %ctx_data_32_5" [sha1/sha256_impl1.cpp:119]   --->   Operation 227 'store' 'store_ln119' <Predicate = (!icmp_ln118 & i_5 == 32)> <Delay = 0.38>
ST_1 : Operation 228 [1/1] (0.00ns)   --->   "%br_ln119 = br void %arrayidx2331.exit" [sha1/sha256_impl1.cpp:119]   --->   Operation 228 'br' 'br_ln119' <Predicate = (!icmp_ln118 & i_5 == 32)> <Delay = 0.00>
ST_1 : Operation 229 [1/1] (0.38ns)   --->   "%store_ln119 = store i8 0, i8 %ctx_data_31_5" [sha1/sha256_impl1.cpp:119]   --->   Operation 229 'store' 'store_ln119' <Predicate = (!icmp_ln118 & i_5 == 31)> <Delay = 0.38>
ST_1 : Operation 230 [1/1] (0.00ns)   --->   "%br_ln119 = br void %arrayidx2331.exit" [sha1/sha256_impl1.cpp:119]   --->   Operation 230 'br' 'br_ln119' <Predicate = (!icmp_ln118 & i_5 == 31)> <Delay = 0.00>
ST_1 : Operation 231 [1/1] (0.38ns)   --->   "%store_ln119 = store i8 0, i8 %ctx_data_30_5" [sha1/sha256_impl1.cpp:119]   --->   Operation 231 'store' 'store_ln119' <Predicate = (!icmp_ln118 & i_5 == 30)> <Delay = 0.38>
ST_1 : Operation 232 [1/1] (0.00ns)   --->   "%br_ln119 = br void %arrayidx2331.exit" [sha1/sha256_impl1.cpp:119]   --->   Operation 232 'br' 'br_ln119' <Predicate = (!icmp_ln118 & i_5 == 30)> <Delay = 0.00>
ST_1 : Operation 233 [1/1] (0.38ns)   --->   "%store_ln119 = store i8 0, i8 %ctx_data_29_5" [sha1/sha256_impl1.cpp:119]   --->   Operation 233 'store' 'store_ln119' <Predicate = (!icmp_ln118 & i_5 == 29)> <Delay = 0.38>
ST_1 : Operation 234 [1/1] (0.00ns)   --->   "%br_ln119 = br void %arrayidx2331.exit" [sha1/sha256_impl1.cpp:119]   --->   Operation 234 'br' 'br_ln119' <Predicate = (!icmp_ln118 & i_5 == 29)> <Delay = 0.00>
ST_1 : Operation 235 [1/1] (0.38ns)   --->   "%store_ln119 = store i8 0, i8 %ctx_data_28_5" [sha1/sha256_impl1.cpp:119]   --->   Operation 235 'store' 'store_ln119' <Predicate = (!icmp_ln118 & i_5 == 28)> <Delay = 0.38>
ST_1 : Operation 236 [1/1] (0.00ns)   --->   "%br_ln119 = br void %arrayidx2331.exit" [sha1/sha256_impl1.cpp:119]   --->   Operation 236 'br' 'br_ln119' <Predicate = (!icmp_ln118 & i_5 == 28)> <Delay = 0.00>
ST_1 : Operation 237 [1/1] (0.38ns)   --->   "%store_ln119 = store i8 0, i8 %ctx_data_27_5" [sha1/sha256_impl1.cpp:119]   --->   Operation 237 'store' 'store_ln119' <Predicate = (!icmp_ln118 & i_5 == 27)> <Delay = 0.38>
ST_1 : Operation 238 [1/1] (0.00ns)   --->   "%br_ln119 = br void %arrayidx2331.exit" [sha1/sha256_impl1.cpp:119]   --->   Operation 238 'br' 'br_ln119' <Predicate = (!icmp_ln118 & i_5 == 27)> <Delay = 0.00>
ST_1 : Operation 239 [1/1] (0.38ns)   --->   "%store_ln119 = store i8 0, i8 %ctx_data_26_5" [sha1/sha256_impl1.cpp:119]   --->   Operation 239 'store' 'store_ln119' <Predicate = (!icmp_ln118 & i_5 == 26)> <Delay = 0.38>
ST_1 : Operation 240 [1/1] (0.00ns)   --->   "%br_ln119 = br void %arrayidx2331.exit" [sha1/sha256_impl1.cpp:119]   --->   Operation 240 'br' 'br_ln119' <Predicate = (!icmp_ln118 & i_5 == 26)> <Delay = 0.00>
ST_1 : Operation 241 [1/1] (0.38ns)   --->   "%store_ln119 = store i8 0, i8 %ctx_data_25_5" [sha1/sha256_impl1.cpp:119]   --->   Operation 241 'store' 'store_ln119' <Predicate = (!icmp_ln118 & i_5 == 25)> <Delay = 0.38>
ST_1 : Operation 242 [1/1] (0.00ns)   --->   "%br_ln119 = br void %arrayidx2331.exit" [sha1/sha256_impl1.cpp:119]   --->   Operation 242 'br' 'br_ln119' <Predicate = (!icmp_ln118 & i_5 == 25)> <Delay = 0.00>
ST_1 : Operation 243 [1/1] (0.38ns)   --->   "%store_ln119 = store i8 0, i8 %ctx_data_2427_5" [sha1/sha256_impl1.cpp:119]   --->   Operation 243 'store' 'store_ln119' <Predicate = (!icmp_ln118 & i_5 == 24)> <Delay = 0.38>
ST_1 : Operation 244 [1/1] (0.00ns)   --->   "%br_ln119 = br void %arrayidx2331.exit" [sha1/sha256_impl1.cpp:119]   --->   Operation 244 'br' 'br_ln119' <Predicate = (!icmp_ln118 & i_5 == 24)> <Delay = 0.00>
ST_1 : Operation 245 [1/1] (0.38ns)   --->   "%store_ln119 = store i8 0, i8 %ctx_data_23_5" [sha1/sha256_impl1.cpp:119]   --->   Operation 245 'store' 'store_ln119' <Predicate = (!icmp_ln118 & i_5 == 23)> <Delay = 0.38>
ST_1 : Operation 246 [1/1] (0.00ns)   --->   "%br_ln119 = br void %arrayidx2331.exit" [sha1/sha256_impl1.cpp:119]   --->   Operation 246 'br' 'br_ln119' <Predicate = (!icmp_ln118 & i_5 == 23)> <Delay = 0.00>
ST_1 : Operation 247 [1/1] (0.38ns)   --->   "%store_ln119 = store i8 0, i8 %ctx_data_22_5" [sha1/sha256_impl1.cpp:119]   --->   Operation 247 'store' 'store_ln119' <Predicate = (!icmp_ln118 & i_5 == 22)> <Delay = 0.38>
ST_1 : Operation 248 [1/1] (0.00ns)   --->   "%br_ln119 = br void %arrayidx2331.exit" [sha1/sha256_impl1.cpp:119]   --->   Operation 248 'br' 'br_ln119' <Predicate = (!icmp_ln118 & i_5 == 22)> <Delay = 0.00>
ST_1 : Operation 249 [1/1] (0.38ns)   --->   "%store_ln119 = store i8 0, i8 %ctx_data_21_5" [sha1/sha256_impl1.cpp:119]   --->   Operation 249 'store' 'store_ln119' <Predicate = (!icmp_ln118 & i_5 == 21)> <Delay = 0.38>
ST_1 : Operation 250 [1/1] (0.00ns)   --->   "%br_ln119 = br void %arrayidx2331.exit" [sha1/sha256_impl1.cpp:119]   --->   Operation 250 'br' 'br_ln119' <Predicate = (!icmp_ln118 & i_5 == 21)> <Delay = 0.00>
ST_1 : Operation 251 [1/1] (0.38ns)   --->   "%store_ln119 = store i8 0, i8 %ctx_data_20_5" [sha1/sha256_impl1.cpp:119]   --->   Operation 251 'store' 'store_ln119' <Predicate = (!icmp_ln118 & i_5 == 20)> <Delay = 0.38>
ST_1 : Operation 252 [1/1] (0.00ns)   --->   "%br_ln119 = br void %arrayidx2331.exit" [sha1/sha256_impl1.cpp:119]   --->   Operation 252 'br' 'br_ln119' <Predicate = (!icmp_ln118 & i_5 == 20)> <Delay = 0.00>
ST_1 : Operation 253 [1/1] (0.38ns)   --->   "%store_ln119 = store i8 0, i8 %ctx_data_19_5" [sha1/sha256_impl1.cpp:119]   --->   Operation 253 'store' 'store_ln119' <Predicate = (!icmp_ln118 & i_5 == 19)> <Delay = 0.38>
ST_1 : Operation 254 [1/1] (0.00ns)   --->   "%br_ln119 = br void %arrayidx2331.exit" [sha1/sha256_impl1.cpp:119]   --->   Operation 254 'br' 'br_ln119' <Predicate = (!icmp_ln118 & i_5 == 19)> <Delay = 0.00>
ST_1 : Operation 255 [1/1] (0.38ns)   --->   "%store_ln119 = store i8 0, i8 %ctx_data_18_5" [sha1/sha256_impl1.cpp:119]   --->   Operation 255 'store' 'store_ln119' <Predicate = (!icmp_ln118 & i_5 == 18)> <Delay = 0.38>
ST_1 : Operation 256 [1/1] (0.00ns)   --->   "%br_ln119 = br void %arrayidx2331.exit" [sha1/sha256_impl1.cpp:119]   --->   Operation 256 'br' 'br_ln119' <Predicate = (!icmp_ln118 & i_5 == 18)> <Delay = 0.00>
ST_1 : Operation 257 [1/1] (0.38ns)   --->   "%store_ln119 = store i8 0, i8 %ctx_data_17_5" [sha1/sha256_impl1.cpp:119]   --->   Operation 257 'store' 'store_ln119' <Predicate = (!icmp_ln118 & i_5 == 17)> <Delay = 0.38>
ST_1 : Operation 258 [1/1] (0.00ns)   --->   "%br_ln119 = br void %arrayidx2331.exit" [sha1/sha256_impl1.cpp:119]   --->   Operation 258 'br' 'br_ln119' <Predicate = (!icmp_ln118 & i_5 == 17)> <Delay = 0.00>
ST_1 : Operation 259 [1/1] (0.38ns)   --->   "%store_ln119 = store i8 0, i8 %ctx_data_16_5" [sha1/sha256_impl1.cpp:119]   --->   Operation 259 'store' 'store_ln119' <Predicate = (!icmp_ln118 & i_5 == 16)> <Delay = 0.38>
ST_1 : Operation 260 [1/1] (0.00ns)   --->   "%br_ln119 = br void %arrayidx2331.exit" [sha1/sha256_impl1.cpp:119]   --->   Operation 260 'br' 'br_ln119' <Predicate = (!icmp_ln118 & i_5 == 16)> <Delay = 0.00>
ST_1 : Operation 261 [1/1] (0.38ns)   --->   "%store_ln119 = store i8 0, i8 %ctx_data_15_5" [sha1/sha256_impl1.cpp:119]   --->   Operation 261 'store' 'store_ln119' <Predicate = (!icmp_ln118 & i_5 == 15)> <Delay = 0.38>
ST_1 : Operation 262 [1/1] (0.00ns)   --->   "%br_ln119 = br void %arrayidx2331.exit" [sha1/sha256_impl1.cpp:119]   --->   Operation 262 'br' 'br_ln119' <Predicate = (!icmp_ln118 & i_5 == 15)> <Delay = 0.00>
ST_1 : Operation 263 [1/1] (0.38ns)   --->   "%store_ln119 = store i8 0, i8 %ctx_data_14_5" [sha1/sha256_impl1.cpp:119]   --->   Operation 263 'store' 'store_ln119' <Predicate = (!icmp_ln118 & i_5 == 14)> <Delay = 0.38>
ST_1 : Operation 264 [1/1] (0.00ns)   --->   "%br_ln119 = br void %arrayidx2331.exit" [sha1/sha256_impl1.cpp:119]   --->   Operation 264 'br' 'br_ln119' <Predicate = (!icmp_ln118 & i_5 == 14)> <Delay = 0.00>
ST_1 : Operation 265 [1/1] (0.38ns)   --->   "%store_ln119 = store i8 0, i8 %ctx_data_1315_5" [sha1/sha256_impl1.cpp:119]   --->   Operation 265 'store' 'store_ln119' <Predicate = (!icmp_ln118 & i_5 == 13)> <Delay = 0.38>
ST_1 : Operation 266 [1/1] (0.00ns)   --->   "%br_ln119 = br void %arrayidx2331.exit" [sha1/sha256_impl1.cpp:119]   --->   Operation 266 'br' 'br_ln119' <Predicate = (!icmp_ln118 & i_5 == 13)> <Delay = 0.00>
ST_1 : Operation 267 [1/1] (0.38ns)   --->   "%store_ln119 = store i8 0, i8 %ctx_data_12_5" [sha1/sha256_impl1.cpp:119]   --->   Operation 267 'store' 'store_ln119' <Predicate = (!icmp_ln118 & i_5 == 12)> <Delay = 0.38>
ST_1 : Operation 268 [1/1] (0.00ns)   --->   "%br_ln119 = br void %arrayidx2331.exit" [sha1/sha256_impl1.cpp:119]   --->   Operation 268 'br' 'br_ln119' <Predicate = (!icmp_ln118 & i_5 == 12)> <Delay = 0.00>
ST_1 : Operation 269 [1/1] (0.38ns)   --->   "%store_ln119 = store i8 0, i8 %ctx_data_11_5" [sha1/sha256_impl1.cpp:119]   --->   Operation 269 'store' 'store_ln119' <Predicate = (!icmp_ln118 & i_5 == 11)> <Delay = 0.38>
ST_1 : Operation 270 [1/1] (0.00ns)   --->   "%br_ln119 = br void %arrayidx2331.exit" [sha1/sha256_impl1.cpp:119]   --->   Operation 270 'br' 'br_ln119' <Predicate = (!icmp_ln118 & i_5 == 11)> <Delay = 0.00>
ST_1 : Operation 271 [1/1] (0.38ns)   --->   "%store_ln119 = store i8 0, i8 %ctx_data_10_5" [sha1/sha256_impl1.cpp:119]   --->   Operation 271 'store' 'store_ln119' <Predicate = (!icmp_ln118 & i_5 == 10)> <Delay = 0.38>
ST_1 : Operation 272 [1/1] (0.00ns)   --->   "%br_ln119 = br void %arrayidx2331.exit" [sha1/sha256_impl1.cpp:119]   --->   Operation 272 'br' 'br_ln119' <Predicate = (!icmp_ln118 & i_5 == 10)> <Delay = 0.00>
ST_1 : Operation 273 [1/1] (0.38ns)   --->   "%store_ln119 = store i8 0, i8 %ctx_data_9_5" [sha1/sha256_impl1.cpp:119]   --->   Operation 273 'store' 'store_ln119' <Predicate = (!icmp_ln118 & i_5 == 9)> <Delay = 0.38>
ST_1 : Operation 274 [1/1] (0.00ns)   --->   "%br_ln119 = br void %arrayidx2331.exit" [sha1/sha256_impl1.cpp:119]   --->   Operation 274 'br' 'br_ln119' <Predicate = (!icmp_ln118 & i_5 == 9)> <Delay = 0.00>
ST_1 : Operation 275 [1/1] (0.38ns)   --->   "%store_ln119 = store i8 0, i8 %ctx_data_8_5" [sha1/sha256_impl1.cpp:119]   --->   Operation 275 'store' 'store_ln119' <Predicate = (!icmp_ln118 & i_5 == 8)> <Delay = 0.38>
ST_1 : Operation 276 [1/1] (0.00ns)   --->   "%br_ln119 = br void %arrayidx2331.exit" [sha1/sha256_impl1.cpp:119]   --->   Operation 276 'br' 'br_ln119' <Predicate = (!icmp_ln118 & i_5 == 8)> <Delay = 0.00>
ST_1 : Operation 277 [1/1] (0.38ns)   --->   "%store_ln119 = store i8 0, i8 %ctx_data_7_5" [sha1/sha256_impl1.cpp:119]   --->   Operation 277 'store' 'store_ln119' <Predicate = (!icmp_ln118 & i_5 == 7)> <Delay = 0.38>
ST_1 : Operation 278 [1/1] (0.00ns)   --->   "%br_ln119 = br void %arrayidx2331.exit" [sha1/sha256_impl1.cpp:119]   --->   Operation 278 'br' 'br_ln119' <Predicate = (!icmp_ln118 & i_5 == 7)> <Delay = 0.00>
ST_1 : Operation 279 [1/1] (0.38ns)   --->   "%store_ln119 = store i8 0, i8 %ctx_data_6_5" [sha1/sha256_impl1.cpp:119]   --->   Operation 279 'store' 'store_ln119' <Predicate = (!icmp_ln118 & i_5 == 6)> <Delay = 0.38>
ST_1 : Operation 280 [1/1] (0.00ns)   --->   "%br_ln119 = br void %arrayidx2331.exit" [sha1/sha256_impl1.cpp:119]   --->   Operation 280 'br' 'br_ln119' <Predicate = (!icmp_ln118 & i_5 == 6)> <Delay = 0.00>
ST_1 : Operation 281 [1/1] (0.38ns)   --->   "%store_ln119 = store i8 0, i8 %ctx_data_5_5" [sha1/sha256_impl1.cpp:119]   --->   Operation 281 'store' 'store_ln119' <Predicate = (!icmp_ln118 & i_5 == 5)> <Delay = 0.38>
ST_1 : Operation 282 [1/1] (0.00ns)   --->   "%br_ln119 = br void %arrayidx2331.exit" [sha1/sha256_impl1.cpp:119]   --->   Operation 282 'br' 'br_ln119' <Predicate = (!icmp_ln118 & i_5 == 5)> <Delay = 0.00>
ST_1 : Operation 283 [1/1] (0.38ns)   --->   "%store_ln119 = store i8 0, i8 %ctx_data_4_5" [sha1/sha256_impl1.cpp:119]   --->   Operation 283 'store' 'store_ln119' <Predicate = (!icmp_ln118 & i_5 == 4)> <Delay = 0.38>
ST_1 : Operation 284 [1/1] (0.00ns)   --->   "%br_ln119 = br void %arrayidx2331.exit" [sha1/sha256_impl1.cpp:119]   --->   Operation 284 'br' 'br_ln119' <Predicate = (!icmp_ln118 & i_5 == 4)> <Delay = 0.00>
ST_1 : Operation 285 [1/1] (0.38ns)   --->   "%store_ln119 = store i8 0, i8 %ctx_data_3_5" [sha1/sha256_impl1.cpp:119]   --->   Operation 285 'store' 'store_ln119' <Predicate = (!icmp_ln118 & i_5 == 3)> <Delay = 0.38>
ST_1 : Operation 286 [1/1] (0.00ns)   --->   "%br_ln119 = br void %arrayidx2331.exit" [sha1/sha256_impl1.cpp:119]   --->   Operation 286 'br' 'br_ln119' <Predicate = (!icmp_ln118 & i_5 == 3)> <Delay = 0.00>
ST_1 : Operation 287 [1/1] (0.38ns)   --->   "%store_ln119 = store i8 0, i8 %ctx_data_2_5" [sha1/sha256_impl1.cpp:119]   --->   Operation 287 'store' 'store_ln119' <Predicate = (!icmp_ln118 & i_5 == 2)> <Delay = 0.38>
ST_1 : Operation 288 [1/1] (0.00ns)   --->   "%br_ln119 = br void %arrayidx2331.exit" [sha1/sha256_impl1.cpp:119]   --->   Operation 288 'br' 'br_ln119' <Predicate = (!icmp_ln118 & i_5 == 2)> <Delay = 0.00>
ST_1 : Operation 289 [1/1] (0.38ns)   --->   "%store_ln119 = store i8 0, i8 %ctx_data_1_5" [sha1/sha256_impl1.cpp:119]   --->   Operation 289 'store' 'store_ln119' <Predicate = (!icmp_ln118 & i_5 == 1)> <Delay = 0.38>
ST_1 : Operation 290 [1/1] (0.00ns)   --->   "%br_ln119 = br void %arrayidx2331.exit" [sha1/sha256_impl1.cpp:119]   --->   Operation 290 'br' 'br_ln119' <Predicate = (!icmp_ln118 & i_5 == 1)> <Delay = 0.00>
ST_1 : Operation 291 [1/1] (0.38ns)   --->   "%store_ln119 = store i8 0, i8 %ctx_data_0_5" [sha1/sha256_impl1.cpp:119]   --->   Operation 291 'store' 'store_ln119' <Predicate = (!icmp_ln118 & i_5 == 0)> <Delay = 0.38>
ST_1 : Operation 292 [1/1] (0.00ns)   --->   "%br_ln119 = br void %arrayidx2331.exit" [sha1/sha256_impl1.cpp:119]   --->   Operation 292 'br' 'br_ln119' <Predicate = (!icmp_ln118 & i_5 == 0)> <Delay = 0.00>
ST_1 : Operation 293 [1/1] (0.38ns)   --->   "%store_ln119 = store i8 0, i8 %ctx_data_55_5" [sha1/sha256_impl1.cpp:119]   --->   Operation 293 'store' 'store_ln119' <Predicate = (!icmp_ln118 & i_5 == 63) | (!icmp_ln118 & i_5 == 62) | (!icmp_ln118 & i_5 == 61) | (!icmp_ln118 & i_5 == 60) | (!icmp_ln118 & i_5 == 59) | (!icmp_ln118 & i_5 == 58) | (!icmp_ln118 & i_5 == 57) | (!icmp_ln118 & i_5 == 56) | (!icmp_ln118 & i_5 == 55)> <Delay = 0.38>
ST_1 : Operation 294 [1/1] (0.00ns)   --->   "%br_ln119 = br void %arrayidx2331.exit" [sha1/sha256_impl1.cpp:119]   --->   Operation 294 'br' 'br_ln119' <Predicate = (!icmp_ln118 & i_5 == 63) | (!icmp_ln118 & i_5 == 62) | (!icmp_ln118 & i_5 == 61) | (!icmp_ln118 & i_5 == 60) | (!icmp_ln118 & i_5 == 59) | (!icmp_ln118 & i_5 == 58) | (!icmp_ln118 & i_5 == 57) | (!icmp_ln118 & i_5 == 56) | (!icmp_ln118 & i_5 == 55)> <Delay = 0.00>
ST_1 : Operation 295 [1/1] (0.38ns)   --->   "%store_ln118 = store i6 %add_ln118, i6 %i" [sha1/sha256_impl1.cpp:118]   --->   Operation 295 'store' 'store_ln118' <Predicate = (!icmp_ln118)> <Delay = 0.38>
ST_1 : Operation 296 [1/1] (0.00ns)   --->   "%br_ln118 = br void %for.inc" [sha1/sha256_impl1.cpp:118]   --->   Operation 296 'br' 'br_ln118' <Predicate = (!icmp_ln118)> <Delay = 0.00>
ST_1 : Operation 297 [1/1] (0.00ns)   --->   "%ctx_data_55_5_load = load i8 %ctx_data_55_5"   --->   Operation 297 'load' 'ctx_data_55_5_load' <Predicate = (icmp_ln118)> <Delay = 0.00>
ST_1 : Operation 298 [1/1] (0.00ns)   --->   "%ctx_data_54_5_load = load i8 %ctx_data_54_5"   --->   Operation 298 'load' 'ctx_data_54_5_load' <Predicate = (icmp_ln118)> <Delay = 0.00>
ST_1 : Operation 299 [1/1] (0.00ns)   --->   "%ctx_data_53_5_load = load i8 %ctx_data_53_5"   --->   Operation 299 'load' 'ctx_data_53_5_load' <Predicate = (icmp_ln118)> <Delay = 0.00>
ST_1 : Operation 300 [1/1] (0.00ns)   --->   "%ctx_data_52_5_load = load i8 %ctx_data_52_5"   --->   Operation 300 'load' 'ctx_data_52_5_load' <Predicate = (icmp_ln118)> <Delay = 0.00>
ST_1 : Operation 301 [1/1] (0.00ns)   --->   "%ctx_data_51_5_load = load i8 %ctx_data_51_5"   --->   Operation 301 'load' 'ctx_data_51_5_load' <Predicate = (icmp_ln118)> <Delay = 0.00>
ST_1 : Operation 302 [1/1] (0.00ns)   --->   "%ctx_data_50_5_load = load i8 %ctx_data_50_5"   --->   Operation 302 'load' 'ctx_data_50_5_load' <Predicate = (icmp_ln118)> <Delay = 0.00>
ST_1 : Operation 303 [1/1] (0.00ns)   --->   "%ctx_data_49_5_load = load i8 %ctx_data_49_5"   --->   Operation 303 'load' 'ctx_data_49_5_load' <Predicate = (icmp_ln118)> <Delay = 0.00>
ST_1 : Operation 304 [1/1] (0.00ns)   --->   "%ctx_data_48_5_load = load i8 %ctx_data_48_5"   --->   Operation 304 'load' 'ctx_data_48_5_load' <Predicate = (icmp_ln118)> <Delay = 0.00>
ST_1 : Operation 305 [1/1] (0.00ns)   --->   "%ctx_data_47_5_load = load i8 %ctx_data_47_5"   --->   Operation 305 'load' 'ctx_data_47_5_load' <Predicate = (icmp_ln118)> <Delay = 0.00>
ST_1 : Operation 306 [1/1] (0.00ns)   --->   "%ctx_data_4651_5_load = load i8 %ctx_data_4651_5"   --->   Operation 306 'load' 'ctx_data_4651_5_load' <Predicate = (icmp_ln118)> <Delay = 0.00>
ST_1 : Operation 307 [1/1] (0.00ns)   --->   "%ctx_data_45_5_load = load i8 %ctx_data_45_5"   --->   Operation 307 'load' 'ctx_data_45_5_load' <Predicate = (icmp_ln118)> <Delay = 0.00>
ST_1 : Operation 308 [1/1] (0.00ns)   --->   "%ctx_data_44_5_load = load i8 %ctx_data_44_5"   --->   Operation 308 'load' 'ctx_data_44_5_load' <Predicate = (icmp_ln118)> <Delay = 0.00>
ST_1 : Operation 309 [1/1] (0.00ns)   --->   "%ctx_data_43_5_load = load i8 %ctx_data_43_5"   --->   Operation 309 'load' 'ctx_data_43_5_load' <Predicate = (icmp_ln118)> <Delay = 0.00>
ST_1 : Operation 310 [1/1] (0.00ns)   --->   "%ctx_data_42_5_load = load i8 %ctx_data_42_5"   --->   Operation 310 'load' 'ctx_data_42_5_load' <Predicate = (icmp_ln118)> <Delay = 0.00>
ST_1 : Operation 311 [1/1] (0.00ns)   --->   "%ctx_data_41_5_load = load i8 %ctx_data_41_5"   --->   Operation 311 'load' 'ctx_data_41_5_load' <Predicate = (icmp_ln118)> <Delay = 0.00>
ST_1 : Operation 312 [1/1] (0.00ns)   --->   "%ctx_data_40_5_load = load i8 %ctx_data_40_5"   --->   Operation 312 'load' 'ctx_data_40_5_load' <Predicate = (icmp_ln118)> <Delay = 0.00>
ST_1 : Operation 313 [1/1] (0.00ns)   --->   "%ctx_data_39_5_load = load i8 %ctx_data_39_5"   --->   Operation 313 'load' 'ctx_data_39_5_load' <Predicate = (icmp_ln118)> <Delay = 0.00>
ST_1 : Operation 314 [1/1] (0.00ns)   --->   "%ctx_data_38_5_load = load i8 %ctx_data_38_5"   --->   Operation 314 'load' 'ctx_data_38_5_load' <Predicate = (icmp_ln118)> <Delay = 0.00>
ST_1 : Operation 315 [1/1] (0.00ns)   --->   "%ctx_data_37_5_load = load i8 %ctx_data_37_5"   --->   Operation 315 'load' 'ctx_data_37_5_load' <Predicate = (icmp_ln118)> <Delay = 0.00>
ST_1 : Operation 316 [1/1] (0.00ns)   --->   "%ctx_data_36_5_load = load i8 %ctx_data_36_5"   --->   Operation 316 'load' 'ctx_data_36_5_load' <Predicate = (icmp_ln118)> <Delay = 0.00>
ST_1 : Operation 317 [1/1] (0.00ns)   --->   "%ctx_data_3539_5_load = load i8 %ctx_data_3539_5"   --->   Operation 317 'load' 'ctx_data_3539_5_load' <Predicate = (icmp_ln118)> <Delay = 0.00>
ST_1 : Operation 318 [1/1] (0.00ns)   --->   "%ctx_data_34_5_load = load i8 %ctx_data_34_5"   --->   Operation 318 'load' 'ctx_data_34_5_load' <Predicate = (icmp_ln118)> <Delay = 0.00>
ST_1 : Operation 319 [1/1] (0.00ns)   --->   "%ctx_data_33_5_load = load i8 %ctx_data_33_5"   --->   Operation 319 'load' 'ctx_data_33_5_load' <Predicate = (icmp_ln118)> <Delay = 0.00>
ST_1 : Operation 320 [1/1] (0.00ns)   --->   "%ctx_data_32_5_load = load i8 %ctx_data_32_5"   --->   Operation 320 'load' 'ctx_data_32_5_load' <Predicate = (icmp_ln118)> <Delay = 0.00>
ST_1 : Operation 321 [1/1] (0.00ns)   --->   "%ctx_data_31_5_load = load i8 %ctx_data_31_5"   --->   Operation 321 'load' 'ctx_data_31_5_load' <Predicate = (icmp_ln118)> <Delay = 0.00>
ST_1 : Operation 322 [1/1] (0.00ns)   --->   "%ctx_data_30_5_load = load i8 %ctx_data_30_5"   --->   Operation 322 'load' 'ctx_data_30_5_load' <Predicate = (icmp_ln118)> <Delay = 0.00>
ST_1 : Operation 323 [1/1] (0.00ns)   --->   "%ctx_data_29_5_load = load i8 %ctx_data_29_5"   --->   Operation 323 'load' 'ctx_data_29_5_load' <Predicate = (icmp_ln118)> <Delay = 0.00>
ST_1 : Operation 324 [1/1] (0.00ns)   --->   "%ctx_data_28_5_load = load i8 %ctx_data_28_5"   --->   Operation 324 'load' 'ctx_data_28_5_load' <Predicate = (icmp_ln118)> <Delay = 0.00>
ST_1 : Operation 325 [1/1] (0.00ns)   --->   "%ctx_data_27_5_load = load i8 %ctx_data_27_5"   --->   Operation 325 'load' 'ctx_data_27_5_load' <Predicate = (icmp_ln118)> <Delay = 0.00>
ST_1 : Operation 326 [1/1] (0.00ns)   --->   "%ctx_data_26_5_load = load i8 %ctx_data_26_5"   --->   Operation 326 'load' 'ctx_data_26_5_load' <Predicate = (icmp_ln118)> <Delay = 0.00>
ST_1 : Operation 327 [1/1] (0.00ns)   --->   "%ctx_data_25_5_load = load i8 %ctx_data_25_5"   --->   Operation 327 'load' 'ctx_data_25_5_load' <Predicate = (icmp_ln118)> <Delay = 0.00>
ST_1 : Operation 328 [1/1] (0.00ns)   --->   "%ctx_data_2427_5_load = load i8 %ctx_data_2427_5"   --->   Operation 328 'load' 'ctx_data_2427_5_load' <Predicate = (icmp_ln118)> <Delay = 0.00>
ST_1 : Operation 329 [1/1] (0.00ns)   --->   "%ctx_data_23_5_load = load i8 %ctx_data_23_5"   --->   Operation 329 'load' 'ctx_data_23_5_load' <Predicate = (icmp_ln118)> <Delay = 0.00>
ST_1 : Operation 330 [1/1] (0.00ns)   --->   "%ctx_data_22_5_load = load i8 %ctx_data_22_5"   --->   Operation 330 'load' 'ctx_data_22_5_load' <Predicate = (icmp_ln118)> <Delay = 0.00>
ST_1 : Operation 331 [1/1] (0.00ns)   --->   "%ctx_data_21_5_load = load i8 %ctx_data_21_5"   --->   Operation 331 'load' 'ctx_data_21_5_load' <Predicate = (icmp_ln118)> <Delay = 0.00>
ST_1 : Operation 332 [1/1] (0.00ns)   --->   "%ctx_data_20_5_load = load i8 %ctx_data_20_5"   --->   Operation 332 'load' 'ctx_data_20_5_load' <Predicate = (icmp_ln118)> <Delay = 0.00>
ST_1 : Operation 333 [1/1] (0.00ns)   --->   "%ctx_data_19_5_load = load i8 %ctx_data_19_5"   --->   Operation 333 'load' 'ctx_data_19_5_load' <Predicate = (icmp_ln118)> <Delay = 0.00>
ST_1 : Operation 334 [1/1] (0.00ns)   --->   "%ctx_data_18_5_load = load i8 %ctx_data_18_5"   --->   Operation 334 'load' 'ctx_data_18_5_load' <Predicate = (icmp_ln118)> <Delay = 0.00>
ST_1 : Operation 335 [1/1] (0.00ns)   --->   "%ctx_data_17_5_load = load i8 %ctx_data_17_5"   --->   Operation 335 'load' 'ctx_data_17_5_load' <Predicate = (icmp_ln118)> <Delay = 0.00>
ST_1 : Operation 336 [1/1] (0.00ns)   --->   "%ctx_data_16_5_load = load i8 %ctx_data_16_5"   --->   Operation 336 'load' 'ctx_data_16_5_load' <Predicate = (icmp_ln118)> <Delay = 0.00>
ST_1 : Operation 337 [1/1] (0.00ns)   --->   "%ctx_data_15_5_load = load i8 %ctx_data_15_5"   --->   Operation 337 'load' 'ctx_data_15_5_load' <Predicate = (icmp_ln118)> <Delay = 0.00>
ST_1 : Operation 338 [1/1] (0.00ns)   --->   "%ctx_data_14_5_load = load i8 %ctx_data_14_5"   --->   Operation 338 'load' 'ctx_data_14_5_load' <Predicate = (icmp_ln118)> <Delay = 0.00>
ST_1 : Operation 339 [1/1] (0.00ns)   --->   "%ctx_data_1315_5_load = load i8 %ctx_data_1315_5"   --->   Operation 339 'load' 'ctx_data_1315_5_load' <Predicate = (icmp_ln118)> <Delay = 0.00>
ST_1 : Operation 340 [1/1] (0.00ns)   --->   "%ctx_data_12_5_load = load i8 %ctx_data_12_5"   --->   Operation 340 'load' 'ctx_data_12_5_load' <Predicate = (icmp_ln118)> <Delay = 0.00>
ST_1 : Operation 341 [1/1] (0.00ns)   --->   "%ctx_data_11_5_load = load i8 %ctx_data_11_5"   --->   Operation 341 'load' 'ctx_data_11_5_load' <Predicate = (icmp_ln118)> <Delay = 0.00>
ST_1 : Operation 342 [1/1] (0.00ns)   --->   "%ctx_data_10_5_load = load i8 %ctx_data_10_5"   --->   Operation 342 'load' 'ctx_data_10_5_load' <Predicate = (icmp_ln118)> <Delay = 0.00>
ST_1 : Operation 343 [1/1] (0.00ns)   --->   "%ctx_data_9_5_load = load i8 %ctx_data_9_5"   --->   Operation 343 'load' 'ctx_data_9_5_load' <Predicate = (icmp_ln118)> <Delay = 0.00>
ST_1 : Operation 344 [1/1] (0.00ns)   --->   "%ctx_data_8_5_load = load i8 %ctx_data_8_5"   --->   Operation 344 'load' 'ctx_data_8_5_load' <Predicate = (icmp_ln118)> <Delay = 0.00>
ST_1 : Operation 345 [1/1] (0.00ns)   --->   "%ctx_data_7_5_load = load i8 %ctx_data_7_5"   --->   Operation 345 'load' 'ctx_data_7_5_load' <Predicate = (icmp_ln118)> <Delay = 0.00>
ST_1 : Operation 346 [1/1] (0.00ns)   --->   "%ctx_data_6_5_load = load i8 %ctx_data_6_5"   --->   Operation 346 'load' 'ctx_data_6_5_load' <Predicate = (icmp_ln118)> <Delay = 0.00>
ST_1 : Operation 347 [1/1] (0.00ns)   --->   "%ctx_data_5_5_load = load i8 %ctx_data_5_5"   --->   Operation 347 'load' 'ctx_data_5_5_load' <Predicate = (icmp_ln118)> <Delay = 0.00>
ST_1 : Operation 348 [1/1] (0.00ns)   --->   "%ctx_data_4_5_load = load i8 %ctx_data_4_5"   --->   Operation 348 'load' 'ctx_data_4_5_load' <Predicate = (icmp_ln118)> <Delay = 0.00>
ST_1 : Operation 349 [1/1] (0.00ns)   --->   "%ctx_data_3_5_load = load i8 %ctx_data_3_5"   --->   Operation 349 'load' 'ctx_data_3_5_load' <Predicate = (icmp_ln118)> <Delay = 0.00>
ST_1 : Operation 350 [1/1] (0.00ns)   --->   "%ctx_data_2_5_load = load i8 %ctx_data_2_5"   --->   Operation 350 'load' 'ctx_data_2_5_load' <Predicate = (icmp_ln118)> <Delay = 0.00>
ST_1 : Operation 351 [1/1] (0.00ns)   --->   "%ctx_data_1_5_load = load i8 %ctx_data_1_5"   --->   Operation 351 'load' 'ctx_data_1_5_load' <Predicate = (icmp_ln118)> <Delay = 0.00>
ST_1 : Operation 352 [1/1] (0.00ns)   --->   "%ctx_data_0_5_load = load i8 %ctx_data_0_5"   --->   Operation 352 'load' 'ctx_data_0_5_load' <Predicate = (icmp_ln118)> <Delay = 0.00>
ST_1 : Operation 353 [1/1] (0.00ns)   --->   "%write_ln0 = write void @_ssdm_op_Write.ap_auto.i8P0A, i8 %ctx_data_0_5_out, i8 %ctx_data_0_5_load"   --->   Operation 353 'write' 'write_ln0' <Predicate = (icmp_ln118)> <Delay = 0.00>
ST_1 : Operation 354 [1/1] (0.00ns)   --->   "%write_ln0 = write void @_ssdm_op_Write.ap_auto.i8P0A, i8 %ctx_data_1_5_out, i8 %ctx_data_1_5_load"   --->   Operation 354 'write' 'write_ln0' <Predicate = (icmp_ln118)> <Delay = 0.00>
ST_1 : Operation 355 [1/1] (0.00ns)   --->   "%write_ln0 = write void @_ssdm_op_Write.ap_auto.i8P0A, i8 %ctx_data_2_5_out, i8 %ctx_data_2_5_load"   --->   Operation 355 'write' 'write_ln0' <Predicate = (icmp_ln118)> <Delay = 0.00>
ST_1 : Operation 356 [1/1] (0.00ns)   --->   "%write_ln0 = write void @_ssdm_op_Write.ap_auto.i8P0A, i8 %ctx_data_3_5_out, i8 %ctx_data_3_5_load"   --->   Operation 356 'write' 'write_ln0' <Predicate = (icmp_ln118)> <Delay = 0.00>
ST_1 : Operation 357 [1/1] (0.00ns)   --->   "%write_ln0 = write void @_ssdm_op_Write.ap_auto.i8P0A, i8 %ctx_data_4_5_out, i8 %ctx_data_4_5_load"   --->   Operation 357 'write' 'write_ln0' <Predicate = (icmp_ln118)> <Delay = 0.00>
ST_1 : Operation 358 [1/1] (0.00ns)   --->   "%write_ln0 = write void @_ssdm_op_Write.ap_auto.i8P0A, i8 %ctx_data_5_5_out, i8 %ctx_data_5_5_load"   --->   Operation 358 'write' 'write_ln0' <Predicate = (icmp_ln118)> <Delay = 0.00>
ST_1 : Operation 359 [1/1] (0.00ns)   --->   "%write_ln0 = write void @_ssdm_op_Write.ap_auto.i8P0A, i8 %ctx_data_6_5_out, i8 %ctx_data_6_5_load"   --->   Operation 359 'write' 'write_ln0' <Predicate = (icmp_ln118)> <Delay = 0.00>
ST_1 : Operation 360 [1/1] (0.00ns)   --->   "%write_ln0 = write void @_ssdm_op_Write.ap_auto.i8P0A, i8 %ctx_data_7_5_out, i8 %ctx_data_7_5_load"   --->   Operation 360 'write' 'write_ln0' <Predicate = (icmp_ln118)> <Delay = 0.00>
ST_1 : Operation 361 [1/1] (0.00ns)   --->   "%write_ln0 = write void @_ssdm_op_Write.ap_auto.i8P0A, i8 %ctx_data_8_5_out, i8 %ctx_data_8_5_load"   --->   Operation 361 'write' 'write_ln0' <Predicate = (icmp_ln118)> <Delay = 0.00>
ST_1 : Operation 362 [1/1] (0.00ns)   --->   "%write_ln0 = write void @_ssdm_op_Write.ap_auto.i8P0A, i8 %ctx_data_9_5_out, i8 %ctx_data_9_5_load"   --->   Operation 362 'write' 'write_ln0' <Predicate = (icmp_ln118)> <Delay = 0.00>
ST_1 : Operation 363 [1/1] (0.00ns)   --->   "%write_ln0 = write void @_ssdm_op_Write.ap_auto.i8P0A, i8 %ctx_data_10_5_out, i8 %ctx_data_10_5_load"   --->   Operation 363 'write' 'write_ln0' <Predicate = (icmp_ln118)> <Delay = 0.00>
ST_1 : Operation 364 [1/1] (0.00ns)   --->   "%write_ln0 = write void @_ssdm_op_Write.ap_auto.i8P0A, i8 %ctx_data_11_5_out, i8 %ctx_data_11_5_load"   --->   Operation 364 'write' 'write_ln0' <Predicate = (icmp_ln118)> <Delay = 0.00>
ST_1 : Operation 365 [1/1] (0.00ns)   --->   "%write_ln0 = write void @_ssdm_op_Write.ap_auto.i8P0A, i8 %ctx_data_12_5_out, i8 %ctx_data_12_5_load"   --->   Operation 365 'write' 'write_ln0' <Predicate = (icmp_ln118)> <Delay = 0.00>
ST_1 : Operation 366 [1/1] (0.00ns)   --->   "%write_ln0 = write void @_ssdm_op_Write.ap_auto.i8P0A, i8 %ctx_data_1315_5_out, i8 %ctx_data_1315_5_load"   --->   Operation 366 'write' 'write_ln0' <Predicate = (icmp_ln118)> <Delay = 0.00>
ST_1 : Operation 367 [1/1] (0.00ns)   --->   "%write_ln0 = write void @_ssdm_op_Write.ap_auto.i8P0A, i8 %ctx_data_14_5_out, i8 %ctx_data_14_5_load"   --->   Operation 367 'write' 'write_ln0' <Predicate = (icmp_ln118)> <Delay = 0.00>
ST_1 : Operation 368 [1/1] (0.00ns)   --->   "%write_ln0 = write void @_ssdm_op_Write.ap_auto.i8P0A, i8 %ctx_data_15_5_out, i8 %ctx_data_15_5_load"   --->   Operation 368 'write' 'write_ln0' <Predicate = (icmp_ln118)> <Delay = 0.00>
ST_1 : Operation 369 [1/1] (0.00ns)   --->   "%write_ln0 = write void @_ssdm_op_Write.ap_auto.i8P0A, i8 %ctx_data_16_5_out, i8 %ctx_data_16_5_load"   --->   Operation 369 'write' 'write_ln0' <Predicate = (icmp_ln118)> <Delay = 0.00>
ST_1 : Operation 370 [1/1] (0.00ns)   --->   "%write_ln0 = write void @_ssdm_op_Write.ap_auto.i8P0A, i8 %ctx_data_17_5_out, i8 %ctx_data_17_5_load"   --->   Operation 370 'write' 'write_ln0' <Predicate = (icmp_ln118)> <Delay = 0.00>
ST_1 : Operation 371 [1/1] (0.00ns)   --->   "%write_ln0 = write void @_ssdm_op_Write.ap_auto.i8P0A, i8 %ctx_data_18_5_out, i8 %ctx_data_18_5_load"   --->   Operation 371 'write' 'write_ln0' <Predicate = (icmp_ln118)> <Delay = 0.00>
ST_1 : Operation 372 [1/1] (0.00ns)   --->   "%write_ln0 = write void @_ssdm_op_Write.ap_auto.i8P0A, i8 %ctx_data_19_5_out, i8 %ctx_data_19_5_load"   --->   Operation 372 'write' 'write_ln0' <Predicate = (icmp_ln118)> <Delay = 0.00>
ST_1 : Operation 373 [1/1] (0.00ns)   --->   "%write_ln0 = write void @_ssdm_op_Write.ap_auto.i8P0A, i8 %ctx_data_20_5_out, i8 %ctx_data_20_5_load"   --->   Operation 373 'write' 'write_ln0' <Predicate = (icmp_ln118)> <Delay = 0.00>
ST_1 : Operation 374 [1/1] (0.00ns)   --->   "%write_ln0 = write void @_ssdm_op_Write.ap_auto.i8P0A, i8 %ctx_data_21_5_out, i8 %ctx_data_21_5_load"   --->   Operation 374 'write' 'write_ln0' <Predicate = (icmp_ln118)> <Delay = 0.00>
ST_1 : Operation 375 [1/1] (0.00ns)   --->   "%write_ln0 = write void @_ssdm_op_Write.ap_auto.i8P0A, i8 %ctx_data_22_5_out, i8 %ctx_data_22_5_load"   --->   Operation 375 'write' 'write_ln0' <Predicate = (icmp_ln118)> <Delay = 0.00>
ST_1 : Operation 376 [1/1] (0.00ns)   --->   "%write_ln0 = write void @_ssdm_op_Write.ap_auto.i8P0A, i8 %ctx_data_23_5_out, i8 %ctx_data_23_5_load"   --->   Operation 376 'write' 'write_ln0' <Predicate = (icmp_ln118)> <Delay = 0.00>
ST_1 : Operation 377 [1/1] (0.00ns)   --->   "%write_ln0 = write void @_ssdm_op_Write.ap_auto.i8P0A, i8 %ctx_data_2427_5_out, i8 %ctx_data_2427_5_load"   --->   Operation 377 'write' 'write_ln0' <Predicate = (icmp_ln118)> <Delay = 0.00>
ST_1 : Operation 378 [1/1] (0.00ns)   --->   "%write_ln0 = write void @_ssdm_op_Write.ap_auto.i8P0A, i8 %ctx_data_25_5_out, i8 %ctx_data_25_5_load"   --->   Operation 378 'write' 'write_ln0' <Predicate = (icmp_ln118)> <Delay = 0.00>
ST_1 : Operation 379 [1/1] (0.00ns)   --->   "%write_ln0 = write void @_ssdm_op_Write.ap_auto.i8P0A, i8 %ctx_data_26_5_out, i8 %ctx_data_26_5_load"   --->   Operation 379 'write' 'write_ln0' <Predicate = (icmp_ln118)> <Delay = 0.00>
ST_1 : Operation 380 [1/1] (0.00ns)   --->   "%write_ln0 = write void @_ssdm_op_Write.ap_auto.i8P0A, i8 %ctx_data_27_5_out, i8 %ctx_data_27_5_load"   --->   Operation 380 'write' 'write_ln0' <Predicate = (icmp_ln118)> <Delay = 0.00>
ST_1 : Operation 381 [1/1] (0.00ns)   --->   "%write_ln0 = write void @_ssdm_op_Write.ap_auto.i8P0A, i8 %ctx_data_28_5_out, i8 %ctx_data_28_5_load"   --->   Operation 381 'write' 'write_ln0' <Predicate = (icmp_ln118)> <Delay = 0.00>
ST_1 : Operation 382 [1/1] (0.00ns)   --->   "%write_ln0 = write void @_ssdm_op_Write.ap_auto.i8P0A, i8 %ctx_data_29_5_out, i8 %ctx_data_29_5_load"   --->   Operation 382 'write' 'write_ln0' <Predicate = (icmp_ln118)> <Delay = 0.00>
ST_1 : Operation 383 [1/1] (0.00ns)   --->   "%write_ln0 = write void @_ssdm_op_Write.ap_auto.i8P0A, i8 %ctx_data_30_5_out, i8 %ctx_data_30_5_load"   --->   Operation 383 'write' 'write_ln0' <Predicate = (icmp_ln118)> <Delay = 0.00>
ST_1 : Operation 384 [1/1] (0.00ns)   --->   "%write_ln0 = write void @_ssdm_op_Write.ap_auto.i8P0A, i8 %ctx_data_31_5_out, i8 %ctx_data_31_5_load"   --->   Operation 384 'write' 'write_ln0' <Predicate = (icmp_ln118)> <Delay = 0.00>
ST_1 : Operation 385 [1/1] (0.00ns)   --->   "%write_ln0 = write void @_ssdm_op_Write.ap_auto.i8P0A, i8 %ctx_data_32_5_out, i8 %ctx_data_32_5_load"   --->   Operation 385 'write' 'write_ln0' <Predicate = (icmp_ln118)> <Delay = 0.00>
ST_1 : Operation 386 [1/1] (0.00ns)   --->   "%write_ln0 = write void @_ssdm_op_Write.ap_auto.i8P0A, i8 %ctx_data_33_5_out, i8 %ctx_data_33_5_load"   --->   Operation 386 'write' 'write_ln0' <Predicate = (icmp_ln118)> <Delay = 0.00>
ST_1 : Operation 387 [1/1] (0.00ns)   --->   "%write_ln0 = write void @_ssdm_op_Write.ap_auto.i8P0A, i8 %ctx_data_34_5_out, i8 %ctx_data_34_5_load"   --->   Operation 387 'write' 'write_ln0' <Predicate = (icmp_ln118)> <Delay = 0.00>
ST_1 : Operation 388 [1/1] (0.00ns)   --->   "%write_ln0 = write void @_ssdm_op_Write.ap_auto.i8P0A, i8 %ctx_data_3539_5_out, i8 %ctx_data_3539_5_load"   --->   Operation 388 'write' 'write_ln0' <Predicate = (icmp_ln118)> <Delay = 0.00>
ST_1 : Operation 389 [1/1] (0.00ns)   --->   "%write_ln0 = write void @_ssdm_op_Write.ap_auto.i8P0A, i8 %ctx_data_36_5_out, i8 %ctx_data_36_5_load"   --->   Operation 389 'write' 'write_ln0' <Predicate = (icmp_ln118)> <Delay = 0.00>
ST_1 : Operation 390 [1/1] (0.00ns)   --->   "%write_ln0 = write void @_ssdm_op_Write.ap_auto.i8P0A, i8 %ctx_data_37_5_out, i8 %ctx_data_37_5_load"   --->   Operation 390 'write' 'write_ln0' <Predicate = (icmp_ln118)> <Delay = 0.00>
ST_1 : Operation 391 [1/1] (0.00ns)   --->   "%write_ln0 = write void @_ssdm_op_Write.ap_auto.i8P0A, i8 %ctx_data_38_5_out, i8 %ctx_data_38_5_load"   --->   Operation 391 'write' 'write_ln0' <Predicate = (icmp_ln118)> <Delay = 0.00>
ST_1 : Operation 392 [1/1] (0.00ns)   --->   "%write_ln0 = write void @_ssdm_op_Write.ap_auto.i8P0A, i8 %ctx_data_39_5_out, i8 %ctx_data_39_5_load"   --->   Operation 392 'write' 'write_ln0' <Predicate = (icmp_ln118)> <Delay = 0.00>
ST_1 : Operation 393 [1/1] (0.00ns)   --->   "%write_ln0 = write void @_ssdm_op_Write.ap_auto.i8P0A, i8 %ctx_data_40_5_out, i8 %ctx_data_40_5_load"   --->   Operation 393 'write' 'write_ln0' <Predicate = (icmp_ln118)> <Delay = 0.00>
ST_1 : Operation 394 [1/1] (0.00ns)   --->   "%write_ln0 = write void @_ssdm_op_Write.ap_auto.i8P0A, i8 %ctx_data_41_5_out, i8 %ctx_data_41_5_load"   --->   Operation 394 'write' 'write_ln0' <Predicate = (icmp_ln118)> <Delay = 0.00>
ST_1 : Operation 395 [1/1] (0.00ns)   --->   "%write_ln0 = write void @_ssdm_op_Write.ap_auto.i8P0A, i8 %ctx_data_42_5_out, i8 %ctx_data_42_5_load"   --->   Operation 395 'write' 'write_ln0' <Predicate = (icmp_ln118)> <Delay = 0.00>
ST_1 : Operation 396 [1/1] (0.00ns)   --->   "%write_ln0 = write void @_ssdm_op_Write.ap_auto.i8P0A, i8 %ctx_data_43_5_out, i8 %ctx_data_43_5_load"   --->   Operation 396 'write' 'write_ln0' <Predicate = (icmp_ln118)> <Delay = 0.00>
ST_1 : Operation 397 [1/1] (0.00ns)   --->   "%write_ln0 = write void @_ssdm_op_Write.ap_auto.i8P0A, i8 %ctx_data_44_5_out, i8 %ctx_data_44_5_load"   --->   Operation 397 'write' 'write_ln0' <Predicate = (icmp_ln118)> <Delay = 0.00>
ST_1 : Operation 398 [1/1] (0.00ns)   --->   "%write_ln0 = write void @_ssdm_op_Write.ap_auto.i8P0A, i8 %ctx_data_45_5_out, i8 %ctx_data_45_5_load"   --->   Operation 398 'write' 'write_ln0' <Predicate = (icmp_ln118)> <Delay = 0.00>
ST_1 : Operation 399 [1/1] (0.00ns)   --->   "%write_ln0 = write void @_ssdm_op_Write.ap_auto.i8P0A, i8 %ctx_data_4651_5_out, i8 %ctx_data_4651_5_load"   --->   Operation 399 'write' 'write_ln0' <Predicate = (icmp_ln118)> <Delay = 0.00>
ST_1 : Operation 400 [1/1] (0.00ns)   --->   "%write_ln0 = write void @_ssdm_op_Write.ap_auto.i8P0A, i8 %ctx_data_47_5_out, i8 %ctx_data_47_5_load"   --->   Operation 400 'write' 'write_ln0' <Predicate = (icmp_ln118)> <Delay = 0.00>
ST_1 : Operation 401 [1/1] (0.00ns)   --->   "%write_ln0 = write void @_ssdm_op_Write.ap_auto.i8P0A, i8 %ctx_data_48_5_out, i8 %ctx_data_48_5_load"   --->   Operation 401 'write' 'write_ln0' <Predicate = (icmp_ln118)> <Delay = 0.00>
ST_1 : Operation 402 [1/1] (0.00ns)   --->   "%write_ln0 = write void @_ssdm_op_Write.ap_auto.i8P0A, i8 %ctx_data_49_5_out, i8 %ctx_data_49_5_load"   --->   Operation 402 'write' 'write_ln0' <Predicate = (icmp_ln118)> <Delay = 0.00>
ST_1 : Operation 403 [1/1] (0.00ns)   --->   "%write_ln0 = write void @_ssdm_op_Write.ap_auto.i8P0A, i8 %ctx_data_50_5_out, i8 %ctx_data_50_5_load"   --->   Operation 403 'write' 'write_ln0' <Predicate = (icmp_ln118)> <Delay = 0.00>
ST_1 : Operation 404 [1/1] (0.00ns)   --->   "%write_ln0 = write void @_ssdm_op_Write.ap_auto.i8P0A, i8 %ctx_data_51_5_out, i8 %ctx_data_51_5_load"   --->   Operation 404 'write' 'write_ln0' <Predicate = (icmp_ln118)> <Delay = 0.00>
ST_1 : Operation 405 [1/1] (0.00ns)   --->   "%write_ln0 = write void @_ssdm_op_Write.ap_auto.i8P0A, i8 %ctx_data_52_5_out, i8 %ctx_data_52_5_load"   --->   Operation 405 'write' 'write_ln0' <Predicate = (icmp_ln118)> <Delay = 0.00>
ST_1 : Operation 406 [1/1] (0.00ns)   --->   "%write_ln0 = write void @_ssdm_op_Write.ap_auto.i8P0A, i8 %ctx_data_53_5_out, i8 %ctx_data_53_5_load"   --->   Operation 406 'write' 'write_ln0' <Predicate = (icmp_ln118)> <Delay = 0.00>
ST_1 : Operation 407 [1/1] (0.00ns)   --->   "%write_ln0 = write void @_ssdm_op_Write.ap_auto.i8P0A, i8 %ctx_data_54_5_out, i8 %ctx_data_54_5_load"   --->   Operation 407 'write' 'write_ln0' <Predicate = (icmp_ln118)> <Delay = 0.00>
ST_1 : Operation 408 [1/1] (0.00ns)   --->   "%write_ln0 = write void @_ssdm_op_Write.ap_auto.i8P0A, i8 %ctx_data_55_5_out, i8 %ctx_data_55_5_load"   --->   Operation 408 'write' 'write_ln0' <Predicate = (icmp_ln118)> <Delay = 0.00>
ST_1 : Operation 409 [1/1] (0.00ns)   --->   "%ret_ln0 = ret"   --->   Operation 409 'ret' 'ret_ln0' <Predicate = (icmp_ln118)> <Delay = 0.00>


============================================================
+ Verbose Summary: Timing violations
============================================================
Target clock period: 10ns, clock uncertainty: 2.7ns.

 <State 1>: 1.09ns
The critical path consists of the following:
	'alloca' operation ('i') [113]  (0 ns)
	'load' operation ('i', sha1/sha256_impl1.cpp:118) on local variable 'i' [285]  (0 ns)
	'add' operation ('add_ln118', sha1/sha256_impl1.cpp:118) [289]  (0.706 ns)
	'store' operation ('store_ln118', sha1/sha256_impl1.cpp:118) of variable 'add_ln118', sha1/sha256_impl1.cpp:118 on local variable 'i' [463]  (0.387 ns)


============================================================
+ Verbose Summary: Binding
============================================================
N/A
* FSMD analyzer results:
  - Output states:
 - Input state : 
  - Chain level:
	State 1


============================================================
+ Verbose Summary: Datapath Resource usage 
============================================================
N/A
