

================================================================
== Vitis HLS Report for 'sha256_final_Pipeline_VITIS_LOOP_110_1'
================================================================
* Date:           Wed Aug  2 01:52:15 2023

* Version:        2022.1 (Build 3526262 on Mon Apr 18 15:47:01 MDT 2022)
* Project:        shav-rsa
* Solution:       solution1 (Vivado IP Flow Target)
* Product family: virtexuplus
* Target device:  xcu280-fsvh2892-2L-e


================================================================
== Performance Estimates
================================================================
+ Timing: 
    * Summary: 
    +--------+----------+----------+------------+
    |  Clock |  Target  | Estimated| Uncertainty|
    +--------+----------+----------+------------+
    |ap_clk  |  10.00 ns|  1.534 ns|     2.70 ns|
    +--------+----------+----------+------------+

+ Latency: 
    * Summary: 
    +---------+---------+----------+----------+-----+-----+---------+
    |  Latency (cycles) |  Latency (absolute) |  Interval | Pipeline|
    |   min   |   max   |    min   |    max   | min | max |   Type  |
    +---------+---------+----------+----------+-----+-----+---------+
    |        ?|        ?|         ?|         ?|    ?|    ?|       no|
    +---------+---------+----------+----------+-----+-----+---------+

    + Detail: 
        * Instance: 
        N/A

        * Loop: 
        +--------------------+---------+---------+----------+-----------+-----------+------+----------+
        |                    |  Latency (cycles) | Iteration|  Initiation Interval  | Trip |          |
        |      Loop Name     |   min   |   max   |  Latency |  achieved |   target  | Count| Pipelined|
        +--------------------+---------+---------+----------+-----------+-----------+------+----------+
        |- VITIS_LOOP_110_1  |        ?|        ?|         1|          1|          1|     ?|       yes|
        +--------------------+---------+---------+----------+-----------+-----------+------+----------+

============================================================
+ Verbose Summary: Synthesis Manager
============================================================
InlineROM: 1
ExposeGlobal: 0
============================================================
+ Verbose Summary: CDFG Model
============================================================
IsTopModel: 0
ResetActiveHigh: 1
IsCombinational: 0
IsDatapathOnly: 0
HasWiredReturn: 1
HasMFsm: 2
HasVarLatency: 1
IsPipeline: 0
IsRtlPipelined: 0
IsInstanceOverlapped: 0
IsDontTouch: 0
HasImplIP: 0
IsGatedGlobalClock: 0

+ Individual pipeline summary: 
  * Pipeline-0: initiation interval (II) = 1, depth = 2


============================================================
+ Verbose Summary: Schedule
============================================================
* Number of FSM states : 2
* Pipeline : 1
  Pipeline-0 : II = 1, D = 2, States = { 1 2 }
* Dataflow Pipeline: 0

* FSM state transitions: 
1 --> 2 
2 --> 

* FSM state operations: 

State 1 <SV = 0> <Delay = 0.38>
ST_1 : Operation 4 [1/1] (0.00ns)   --->   "%i = alloca i32 1"   --->   Operation 4 'alloca' 'i' <Predicate = true> <Delay = 0.00>
ST_1 : Operation 5 [1/1] (0.00ns)   --->   "%ctx_data_55_1 = alloca i32 1"   --->   Operation 5 'alloca' 'ctx_data_55_1' <Predicate = true> <Delay = 0.00>
ST_1 : Operation 6 [1/1] (0.00ns)   --->   "%ctx_data_54_1 = alloca i32 1"   --->   Operation 6 'alloca' 'ctx_data_54_1' <Predicate = true> <Delay = 0.00>
ST_1 : Operation 7 [1/1] (0.00ns)   --->   "%ctx_data_53_1 = alloca i32 1"   --->   Operation 7 'alloca' 'ctx_data_53_1' <Predicate = true> <Delay = 0.00>
ST_1 : Operation 8 [1/1] (0.00ns)   --->   "%ctx_data_52_1 = alloca i32 1"   --->   Operation 8 'alloca' 'ctx_data_52_1' <Predicate = true> <Delay = 0.00>
ST_1 : Operation 9 [1/1] (0.00ns)   --->   "%ctx_data_51_1 = alloca i32 1"   --->   Operation 9 'alloca' 'ctx_data_51_1' <Predicate = true> <Delay = 0.00>
ST_1 : Operation 10 [1/1] (0.00ns)   --->   "%ctx_data_50_1 = alloca i32 1"   --->   Operation 10 'alloca' 'ctx_data_50_1' <Predicate = true> <Delay = 0.00>
ST_1 : Operation 11 [1/1] (0.00ns)   --->   "%ctx_data_49_1 = alloca i32 1"   --->   Operation 11 'alloca' 'ctx_data_49_1' <Predicate = true> <Delay = 0.00>
ST_1 : Operation 12 [1/1] (0.00ns)   --->   "%ctx_data_48_1 = alloca i32 1"   --->   Operation 12 'alloca' 'ctx_data_48_1' <Predicate = true> <Delay = 0.00>
ST_1 : Operation 13 [1/1] (0.00ns)   --->   "%ctx_data_47_1 = alloca i32 1"   --->   Operation 13 'alloca' 'ctx_data_47_1' <Predicate = true> <Delay = 0.00>
ST_1 : Operation 14 [1/1] (0.00ns)   --->   "%ctx_data_4651_1 = alloca i32 1"   --->   Operation 14 'alloca' 'ctx_data_4651_1' <Predicate = true> <Delay = 0.00>
ST_1 : Operation 15 [1/1] (0.00ns)   --->   "%ctx_data_45_1 = alloca i32 1"   --->   Operation 15 'alloca' 'ctx_data_45_1' <Predicate = true> <Delay = 0.00>
ST_1 : Operation 16 [1/1] (0.00ns)   --->   "%ctx_data_44_1 = alloca i32 1"   --->   Operation 16 'alloca' 'ctx_data_44_1' <Predicate = true> <Delay = 0.00>
ST_1 : Operation 17 [1/1] (0.00ns)   --->   "%ctx_data_43_1 = alloca i32 1"   --->   Operation 17 'alloca' 'ctx_data_43_1' <Predicate = true> <Delay = 0.00>
ST_1 : Operation 18 [1/1] (0.00ns)   --->   "%ctx_data_42_1 = alloca i32 1"   --->   Operation 18 'alloca' 'ctx_data_42_1' <Predicate = true> <Delay = 0.00>
ST_1 : Operation 19 [1/1] (0.00ns)   --->   "%ctx_data_41_1 = alloca i32 1"   --->   Operation 19 'alloca' 'ctx_data_41_1' <Predicate = true> <Delay = 0.00>
ST_1 : Operation 20 [1/1] (0.00ns)   --->   "%ctx_data_40_1 = alloca i32 1"   --->   Operation 20 'alloca' 'ctx_data_40_1' <Predicate = true> <Delay = 0.00>
ST_1 : Operation 21 [1/1] (0.00ns)   --->   "%ctx_data_39_1 = alloca i32 1"   --->   Operation 21 'alloca' 'ctx_data_39_1' <Predicate = true> <Delay = 0.00>
ST_1 : Operation 22 [1/1] (0.00ns)   --->   "%ctx_data_38_1 = alloca i32 1"   --->   Operation 22 'alloca' 'ctx_data_38_1' <Predicate = true> <Delay = 0.00>
ST_1 : Operation 23 [1/1] (0.00ns)   --->   "%ctx_data_37_1 = alloca i32 1"   --->   Operation 23 'alloca' 'ctx_data_37_1' <Predicate = true> <Delay = 0.00>
ST_1 : Operation 24 [1/1] (0.00ns)   --->   "%ctx_data_36_1 = alloca i32 1"   --->   Operation 24 'alloca' 'ctx_data_36_1' <Predicate = true> <Delay = 0.00>
ST_1 : Operation 25 [1/1] (0.00ns)   --->   "%ctx_data_3539_1 = alloca i32 1"   --->   Operation 25 'alloca' 'ctx_data_3539_1' <Predicate = true> <Delay = 0.00>
ST_1 : Operation 26 [1/1] (0.00ns)   --->   "%ctx_data_34_1 = alloca i32 1"   --->   Operation 26 'alloca' 'ctx_data_34_1' <Predicate = true> <Delay = 0.00>
ST_1 : Operation 27 [1/1] (0.00ns)   --->   "%ctx_data_33_1 = alloca i32 1"   --->   Operation 27 'alloca' 'ctx_data_33_1' <Predicate = true> <Delay = 0.00>
ST_1 : Operation 28 [1/1] (0.00ns)   --->   "%ctx_data_32_1 = alloca i32 1"   --->   Operation 28 'alloca' 'ctx_data_32_1' <Predicate = true> <Delay = 0.00>
ST_1 : Operation 29 [1/1] (0.00ns)   --->   "%ctx_data_31_1 = alloca i32 1"   --->   Operation 29 'alloca' 'ctx_data_31_1' <Predicate = true> <Delay = 0.00>
ST_1 : Operation 30 [1/1] (0.00ns)   --->   "%ctx_data_30_1 = alloca i32 1"   --->   Operation 30 'alloca' 'ctx_data_30_1' <Predicate = true> <Delay = 0.00>
ST_1 : Operation 31 [1/1] (0.00ns)   --->   "%ctx_data_29_1 = alloca i32 1"   --->   Operation 31 'alloca' 'ctx_data_29_1' <Predicate = true> <Delay = 0.00>
ST_1 : Operation 32 [1/1] (0.00ns)   --->   "%ctx_data_28_1 = alloca i32 1"   --->   Operation 32 'alloca' 'ctx_data_28_1' <Predicate = true> <Delay = 0.00>
ST_1 : Operation 33 [1/1] (0.00ns)   --->   "%ctx_data_27_1 = alloca i32 1"   --->   Operation 33 'alloca' 'ctx_data_27_1' <Predicate = true> <Delay = 0.00>
ST_1 : Operation 34 [1/1] (0.00ns)   --->   "%ctx_data_26_1 = alloca i32 1"   --->   Operation 34 'alloca' 'ctx_data_26_1' <Predicate = true> <Delay = 0.00>
ST_1 : Operation 35 [1/1] (0.00ns)   --->   "%ctx_data_25_1 = alloca i32 1"   --->   Operation 35 'alloca' 'ctx_data_25_1' <Predicate = true> <Delay = 0.00>
ST_1 : Operation 36 [1/1] (0.00ns)   --->   "%ctx_data_2427_1 = alloca i32 1"   --->   Operation 36 'alloca' 'ctx_data_2427_1' <Predicate = true> <Delay = 0.00>
ST_1 : Operation 37 [1/1] (0.00ns)   --->   "%ctx_data_23_1 = alloca i32 1"   --->   Operation 37 'alloca' 'ctx_data_23_1' <Predicate = true> <Delay = 0.00>
ST_1 : Operation 38 [1/1] (0.00ns)   --->   "%ctx_data_22_1 = alloca i32 1"   --->   Operation 38 'alloca' 'ctx_data_22_1' <Predicate = true> <Delay = 0.00>
ST_1 : Operation 39 [1/1] (0.00ns)   --->   "%ctx_data_21_1 = alloca i32 1"   --->   Operation 39 'alloca' 'ctx_data_21_1' <Predicate = true> <Delay = 0.00>
ST_1 : Operation 40 [1/1] (0.00ns)   --->   "%ctx_data_20_1 = alloca i32 1"   --->   Operation 40 'alloca' 'ctx_data_20_1' <Predicate = true> <Delay = 0.00>
ST_1 : Operation 41 [1/1] (0.00ns)   --->   "%ctx_data_19_1 = alloca i32 1"   --->   Operation 41 'alloca' 'ctx_data_19_1' <Predicate = true> <Delay = 0.00>
ST_1 : Operation 42 [1/1] (0.00ns)   --->   "%ctx_data_18_1 = alloca i32 1"   --->   Operation 42 'alloca' 'ctx_data_18_1' <Predicate = true> <Delay = 0.00>
ST_1 : Operation 43 [1/1] (0.00ns)   --->   "%ctx_data_17_1 = alloca i32 1"   --->   Operation 43 'alloca' 'ctx_data_17_1' <Predicate = true> <Delay = 0.00>
ST_1 : Operation 44 [1/1] (0.00ns)   --->   "%ctx_data_16_1 = alloca i32 1"   --->   Operation 44 'alloca' 'ctx_data_16_1' <Predicate = true> <Delay = 0.00>
ST_1 : Operation 45 [1/1] (0.00ns)   --->   "%ctx_data_15_1 = alloca i32 1"   --->   Operation 45 'alloca' 'ctx_data_15_1' <Predicate = true> <Delay = 0.00>
ST_1 : Operation 46 [1/1] (0.00ns)   --->   "%ctx_data_14_1 = alloca i32 1"   --->   Operation 46 'alloca' 'ctx_data_14_1' <Predicate = true> <Delay = 0.00>
ST_1 : Operation 47 [1/1] (0.00ns)   --->   "%ctx_data_1315_1 = alloca i32 1"   --->   Operation 47 'alloca' 'ctx_data_1315_1' <Predicate = true> <Delay = 0.00>
ST_1 : Operation 48 [1/1] (0.00ns)   --->   "%ctx_data_12_1 = alloca i32 1"   --->   Operation 48 'alloca' 'ctx_data_12_1' <Predicate = true> <Delay = 0.00>
ST_1 : Operation 49 [1/1] (0.00ns)   --->   "%ctx_data_11_1 = alloca i32 1"   --->   Operation 49 'alloca' 'ctx_data_11_1' <Predicate = true> <Delay = 0.00>
ST_1 : Operation 50 [1/1] (0.00ns)   --->   "%ctx_data_10_1 = alloca i32 1"   --->   Operation 50 'alloca' 'ctx_data_10_1' <Predicate = true> <Delay = 0.00>
ST_1 : Operation 51 [1/1] (0.00ns)   --->   "%ctx_data_9_1 = alloca i32 1"   --->   Operation 51 'alloca' 'ctx_data_9_1' <Predicate = true> <Delay = 0.00>
ST_1 : Operation 52 [1/1] (0.00ns)   --->   "%ctx_data_8_1 = alloca i32 1"   --->   Operation 52 'alloca' 'ctx_data_8_1' <Predicate = true> <Delay = 0.00>
ST_1 : Operation 53 [1/1] (0.00ns)   --->   "%ctx_data_7_1 = alloca i32 1"   --->   Operation 53 'alloca' 'ctx_data_7_1' <Predicate = true> <Delay = 0.00>
ST_1 : Operation 54 [1/1] (0.00ns)   --->   "%ctx_data_6_1 = alloca i32 1"   --->   Operation 54 'alloca' 'ctx_data_6_1' <Predicate = true> <Delay = 0.00>
ST_1 : Operation 55 [1/1] (0.00ns)   --->   "%ctx_data_5_1 = alloca i32 1"   --->   Operation 55 'alloca' 'ctx_data_5_1' <Predicate = true> <Delay = 0.00>
ST_1 : Operation 56 [1/1] (0.00ns)   --->   "%ctx_data_4_1 = alloca i32 1"   --->   Operation 56 'alloca' 'ctx_data_4_1' <Predicate = true> <Delay = 0.00>
ST_1 : Operation 57 [1/1] (0.00ns)   --->   "%ctx_data_3_1 = alloca i32 1"   --->   Operation 57 'alloca' 'ctx_data_3_1' <Predicate = true> <Delay = 0.00>
ST_1 : Operation 58 [1/1] (0.00ns)   --->   "%ctx_data_2_1 = alloca i32 1"   --->   Operation 58 'alloca' 'ctx_data_2_1' <Predicate = true> <Delay = 0.00>
ST_1 : Operation 59 [1/1] (0.00ns)   --->   "%ctx_data_1_1 = alloca i32 1"   --->   Operation 59 'alloca' 'ctx_data_1_1' <Predicate = true> <Delay = 0.00>
ST_1 : Operation 60 [1/1] (0.00ns)   --->   "%ctx_data_0_1 = alloca i32 1"   --->   Operation 60 'alloca' 'ctx_data_0_1' <Predicate = true> <Delay = 0.00>
ST_1 : Operation 61 [1/1] (0.00ns)   --->   "%zext_ln109_read = read i6 @_ssdm_op_Read.ap_auto.i6, i6 %zext_ln109"   --->   Operation 61 'read' 'zext_ln109_read' <Predicate = true> <Delay = 0.00>
ST_1 : Operation 62 [1/1] (0.00ns)   --->   "%ctx_data_55_0_read = read i8 @_ssdm_op_Read.ap_auto.i8, i8 %ctx_data_55_0"   --->   Operation 62 'read' 'ctx_data_55_0_read' <Predicate = true> <Delay = 0.00>
ST_1 : Operation 63 [1/1] (0.00ns)   --->   "%ctx_data_54_0_read = read i8 @_ssdm_op_Read.ap_auto.i8, i8 %ctx_data_54_0"   --->   Operation 63 'read' 'ctx_data_54_0_read' <Predicate = true> <Delay = 0.00>
ST_1 : Operation 64 [1/1] (0.00ns)   --->   "%ctx_data_53_0_read = read i8 @_ssdm_op_Read.ap_auto.i8, i8 %ctx_data_53_0"   --->   Operation 64 'read' 'ctx_data_53_0_read' <Predicate = true> <Delay = 0.00>
ST_1 : Operation 65 [1/1] (0.00ns)   --->   "%ctx_data_52_0_read = read i8 @_ssdm_op_Read.ap_auto.i8, i8 %ctx_data_52_0"   --->   Operation 65 'read' 'ctx_data_52_0_read' <Predicate = true> <Delay = 0.00>
ST_1 : Operation 66 [1/1] (0.00ns)   --->   "%ctx_data_51_0_read = read i8 @_ssdm_op_Read.ap_auto.i8, i8 %ctx_data_51_0"   --->   Operation 66 'read' 'ctx_data_51_0_read' <Predicate = true> <Delay = 0.00>
ST_1 : Operation 67 [1/1] (0.00ns)   --->   "%ctx_data_50_0_read = read i8 @_ssdm_op_Read.ap_auto.i8, i8 %ctx_data_50_0"   --->   Operation 67 'read' 'ctx_data_50_0_read' <Predicate = true> <Delay = 0.00>
ST_1 : Operation 68 [1/1] (0.00ns)   --->   "%ctx_data_49_0_read = read i8 @_ssdm_op_Read.ap_auto.i8, i8 %ctx_data_49_0"   --->   Operation 68 'read' 'ctx_data_49_0_read' <Predicate = true> <Delay = 0.00>
ST_1 : Operation 69 [1/1] (0.00ns)   --->   "%ctx_data_48_0_read = read i8 @_ssdm_op_Read.ap_auto.i8, i8 %ctx_data_48_0"   --->   Operation 69 'read' 'ctx_data_48_0_read' <Predicate = true> <Delay = 0.00>
ST_1 : Operation 70 [1/1] (0.00ns)   --->   "%ctx_data_47_0_read = read i8 @_ssdm_op_Read.ap_auto.i8, i8 %ctx_data_47_0"   --->   Operation 70 'read' 'ctx_data_47_0_read' <Predicate = true> <Delay = 0.00>
ST_1 : Operation 71 [1/1] (0.00ns)   --->   "%ctx_data_4651_0_read = read i8 @_ssdm_op_Read.ap_auto.i8, i8 %ctx_data_4651_0"   --->   Operation 71 'read' 'ctx_data_4651_0_read' <Predicate = true> <Delay = 0.00>
ST_1 : Operation 72 [1/1] (0.00ns)   --->   "%ctx_data_45_0_read = read i8 @_ssdm_op_Read.ap_auto.i8, i8 %ctx_data_45_0"   --->   Operation 72 'read' 'ctx_data_45_0_read' <Predicate = true> <Delay = 0.00>
ST_1 : Operation 73 [1/1] (0.00ns)   --->   "%ctx_data_44_0_read = read i8 @_ssdm_op_Read.ap_auto.i8, i8 %ctx_data_44_0"   --->   Operation 73 'read' 'ctx_data_44_0_read' <Predicate = true> <Delay = 0.00>
ST_1 : Operation 74 [1/1] (0.00ns)   --->   "%ctx_data_43_0_read = read i8 @_ssdm_op_Read.ap_auto.i8, i8 %ctx_data_43_0"   --->   Operation 74 'read' 'ctx_data_43_0_read' <Predicate = true> <Delay = 0.00>
ST_1 : Operation 75 [1/1] (0.00ns)   --->   "%ctx_data_42_0_read = read i8 @_ssdm_op_Read.ap_auto.i8, i8 %ctx_data_42_0"   --->   Operation 75 'read' 'ctx_data_42_0_read' <Predicate = true> <Delay = 0.00>
ST_1 : Operation 76 [1/1] (0.00ns)   --->   "%ctx_data_41_0_read = read i8 @_ssdm_op_Read.ap_auto.i8, i8 %ctx_data_41_0"   --->   Operation 76 'read' 'ctx_data_41_0_read' <Predicate = true> <Delay = 0.00>
ST_1 : Operation 77 [1/1] (0.00ns)   --->   "%ctx_data_40_0_read = read i8 @_ssdm_op_Read.ap_auto.i8, i8 %ctx_data_40_0"   --->   Operation 77 'read' 'ctx_data_40_0_read' <Predicate = true> <Delay = 0.00>
ST_1 : Operation 78 [1/1] (0.00ns)   --->   "%ctx_data_39_0_read = read i8 @_ssdm_op_Read.ap_auto.i8, i8 %ctx_data_39_0"   --->   Operation 78 'read' 'ctx_data_39_0_read' <Predicate = true> <Delay = 0.00>
ST_1 : Operation 79 [1/1] (0.00ns)   --->   "%ctx_data_38_0_read = read i8 @_ssdm_op_Read.ap_auto.i8, i8 %ctx_data_38_0"   --->   Operation 79 'read' 'ctx_data_38_0_read' <Predicate = true> <Delay = 0.00>
ST_1 : Operation 80 [1/1] (0.00ns)   --->   "%ctx_data_37_0_read = read i8 @_ssdm_op_Read.ap_auto.i8, i8 %ctx_data_37_0"   --->   Operation 80 'read' 'ctx_data_37_0_read' <Predicate = true> <Delay = 0.00>
ST_1 : Operation 81 [1/1] (0.00ns)   --->   "%ctx_data_36_0_read = read i8 @_ssdm_op_Read.ap_auto.i8, i8 %ctx_data_36_0"   --->   Operation 81 'read' 'ctx_data_36_0_read' <Predicate = true> <Delay = 0.00>
ST_1 : Operation 82 [1/1] (0.00ns)   --->   "%ctx_data_3539_0_read = read i8 @_ssdm_op_Read.ap_auto.i8, i8 %ctx_data_3539_0"   --->   Operation 82 'read' 'ctx_data_3539_0_read' <Predicate = true> <Delay = 0.00>
ST_1 : Operation 83 [1/1] (0.00ns)   --->   "%ctx_data_34_0_read = read i8 @_ssdm_op_Read.ap_auto.i8, i8 %ctx_data_34_0"   --->   Operation 83 'read' 'ctx_data_34_0_read' <Predicate = true> <Delay = 0.00>
ST_1 : Operation 84 [1/1] (0.00ns)   --->   "%ctx_data_33_0_read = read i8 @_ssdm_op_Read.ap_auto.i8, i8 %ctx_data_33_0"   --->   Operation 84 'read' 'ctx_data_33_0_read' <Predicate = true> <Delay = 0.00>
ST_1 : Operation 85 [1/1] (0.00ns)   --->   "%ctx_data_32_0_read = read i8 @_ssdm_op_Read.ap_auto.i8, i8 %ctx_data_32_0"   --->   Operation 85 'read' 'ctx_data_32_0_read' <Predicate = true> <Delay = 0.00>
ST_1 : Operation 86 [1/1] (0.00ns)   --->   "%ctx_data_31_0_read = read i8 @_ssdm_op_Read.ap_auto.i8, i8 %ctx_data_31_0"   --->   Operation 86 'read' 'ctx_data_31_0_read' <Predicate = true> <Delay = 0.00>
ST_1 : Operation 87 [1/1] (0.00ns)   --->   "%ctx_data_30_0_read = read i8 @_ssdm_op_Read.ap_auto.i8, i8 %ctx_data_30_0"   --->   Operation 87 'read' 'ctx_data_30_0_read' <Predicate = true> <Delay = 0.00>
ST_1 : Operation 88 [1/1] (0.00ns)   --->   "%ctx_data_29_0_read = read i8 @_ssdm_op_Read.ap_auto.i8, i8 %ctx_data_29_0"   --->   Operation 88 'read' 'ctx_data_29_0_read' <Predicate = true> <Delay = 0.00>
ST_1 : Operation 89 [1/1] (0.00ns)   --->   "%ctx_data_28_0_read = read i8 @_ssdm_op_Read.ap_auto.i8, i8 %ctx_data_28_0"   --->   Operation 89 'read' 'ctx_data_28_0_read' <Predicate = true> <Delay = 0.00>
ST_1 : Operation 90 [1/1] (0.00ns)   --->   "%ctx_data_27_0_read = read i8 @_ssdm_op_Read.ap_auto.i8, i8 %ctx_data_27_0"   --->   Operation 90 'read' 'ctx_data_27_0_read' <Predicate = true> <Delay = 0.00>
ST_1 : Operation 91 [1/1] (0.00ns)   --->   "%ctx_data_26_0_read = read i8 @_ssdm_op_Read.ap_auto.i8, i8 %ctx_data_26_0"   --->   Operation 91 'read' 'ctx_data_26_0_read' <Predicate = true> <Delay = 0.00>
ST_1 : Operation 92 [1/1] (0.00ns)   --->   "%ctx_data_25_0_read = read i8 @_ssdm_op_Read.ap_auto.i8, i8 %ctx_data_25_0"   --->   Operation 92 'read' 'ctx_data_25_0_read' <Predicate = true> <Delay = 0.00>
ST_1 : Operation 93 [1/1] (0.00ns)   --->   "%ctx_data_2427_0_read = read i8 @_ssdm_op_Read.ap_auto.i8, i8 %ctx_data_2427_0"   --->   Operation 93 'read' 'ctx_data_2427_0_read' <Predicate = true> <Delay = 0.00>
ST_1 : Operation 94 [1/1] (0.00ns)   --->   "%ctx_data_23_0_read = read i8 @_ssdm_op_Read.ap_auto.i8, i8 %ctx_data_23_0"   --->   Operation 94 'read' 'ctx_data_23_0_read' <Predicate = true> <Delay = 0.00>
ST_1 : Operation 95 [1/1] (0.00ns)   --->   "%ctx_data_22_0_read = read i8 @_ssdm_op_Read.ap_auto.i8, i8 %ctx_data_22_0"   --->   Operation 95 'read' 'ctx_data_22_0_read' <Predicate = true> <Delay = 0.00>
ST_1 : Operation 96 [1/1] (0.00ns)   --->   "%ctx_data_21_0_read = read i8 @_ssdm_op_Read.ap_auto.i8, i8 %ctx_data_21_0"   --->   Operation 96 'read' 'ctx_data_21_0_read' <Predicate = true> <Delay = 0.00>
ST_1 : Operation 97 [1/1] (0.00ns)   --->   "%ctx_data_20_0_read = read i8 @_ssdm_op_Read.ap_auto.i8, i8 %ctx_data_20_0"   --->   Operation 97 'read' 'ctx_data_20_0_read' <Predicate = true> <Delay = 0.00>
ST_1 : Operation 98 [1/1] (0.00ns)   --->   "%ctx_data_19_0_read = read i8 @_ssdm_op_Read.ap_auto.i8, i8 %ctx_data_19_0"   --->   Operation 98 'read' 'ctx_data_19_0_read' <Predicate = true> <Delay = 0.00>
ST_1 : Operation 99 [1/1] (0.00ns)   --->   "%ctx_data_18_0_read = read i8 @_ssdm_op_Read.ap_auto.i8, i8 %ctx_data_18_0"   --->   Operation 99 'read' 'ctx_data_18_0_read' <Predicate = true> <Delay = 0.00>
ST_1 : Operation 100 [1/1] (0.00ns)   --->   "%ctx_data_17_0_read = read i8 @_ssdm_op_Read.ap_auto.i8, i8 %ctx_data_17_0"   --->   Operation 100 'read' 'ctx_data_17_0_read' <Predicate = true> <Delay = 0.00>
ST_1 : Operation 101 [1/1] (0.00ns)   --->   "%ctx_data_16_0_read = read i8 @_ssdm_op_Read.ap_auto.i8, i8 %ctx_data_16_0"   --->   Operation 101 'read' 'ctx_data_16_0_read' <Predicate = true> <Delay = 0.00>
ST_1 : Operation 102 [1/1] (0.00ns)   --->   "%ctx_data_15_0_read = read i8 @_ssdm_op_Read.ap_auto.i8, i8 %ctx_data_15_0"   --->   Operation 102 'read' 'ctx_data_15_0_read' <Predicate = true> <Delay = 0.00>
ST_1 : Operation 103 [1/1] (0.00ns)   --->   "%ctx_data_14_0_read = read i8 @_ssdm_op_Read.ap_auto.i8, i8 %ctx_data_14_0"   --->   Operation 103 'read' 'ctx_data_14_0_read' <Predicate = true> <Delay = 0.00>
ST_1 : Operation 104 [1/1] (0.00ns)   --->   "%ctx_data_1315_0_read = read i8 @_ssdm_op_Read.ap_auto.i8, i8 %ctx_data_1315_0"   --->   Operation 104 'read' 'ctx_data_1315_0_read' <Predicate = true> <Delay = 0.00>
ST_1 : Operation 105 [1/1] (0.00ns)   --->   "%ctx_data_12_0_read = read i8 @_ssdm_op_Read.ap_auto.i8, i8 %ctx_data_12_0"   --->   Operation 105 'read' 'ctx_data_12_0_read' <Predicate = true> <Delay = 0.00>
ST_1 : Operation 106 [1/1] (0.00ns)   --->   "%ctx_data_11_0_read = read i8 @_ssdm_op_Read.ap_auto.i8, i8 %ctx_data_11_0"   --->   Operation 106 'read' 'ctx_data_11_0_read' <Predicate = true> <Delay = 0.00>
ST_1 : Operation 107 [1/1] (0.00ns)   --->   "%ctx_data_10_0_read = read i8 @_ssdm_op_Read.ap_auto.i8, i8 %ctx_data_10_0"   --->   Operation 107 'read' 'ctx_data_10_0_read' <Predicate = true> <Delay = 0.00>
ST_1 : Operation 108 [1/1] (0.00ns)   --->   "%ctx_data_9_0_read = read i8 @_ssdm_op_Read.ap_auto.i8, i8 %ctx_data_9_0"   --->   Operation 108 'read' 'ctx_data_9_0_read' <Predicate = true> <Delay = 0.00>
ST_1 : Operation 109 [1/1] (0.00ns)   --->   "%ctx_data_8_0_read = read i8 @_ssdm_op_Read.ap_auto.i8, i8 %ctx_data_8_0"   --->   Operation 109 'read' 'ctx_data_8_0_read' <Predicate = true> <Delay = 0.00>
ST_1 : Operation 110 [1/1] (0.00ns)   --->   "%ctx_data_7_0_read = read i8 @_ssdm_op_Read.ap_auto.i8, i8 %ctx_data_7_0"   --->   Operation 110 'read' 'ctx_data_7_0_read' <Predicate = true> <Delay = 0.00>
ST_1 : Operation 111 [1/1] (0.00ns)   --->   "%ctx_data_6_0_read = read i8 @_ssdm_op_Read.ap_auto.i8, i8 %ctx_data_6_0"   --->   Operation 111 'read' 'ctx_data_6_0_read' <Predicate = true> <Delay = 0.00>
ST_1 : Operation 112 [1/1] (0.00ns)   --->   "%ctx_data_5_0_read = read i8 @_ssdm_op_Read.ap_auto.i8, i8 %ctx_data_5_0"   --->   Operation 112 'read' 'ctx_data_5_0_read' <Predicate = true> <Delay = 0.00>
ST_1 : Operation 113 [1/1] (0.00ns)   --->   "%ctx_data_4_0_read = read i8 @_ssdm_op_Read.ap_auto.i8, i8 %ctx_data_4_0"   --->   Operation 113 'read' 'ctx_data_4_0_read' <Predicate = true> <Delay = 0.00>
ST_1 : Operation 114 [1/1] (0.00ns)   --->   "%ctx_data_3_0_read = read i8 @_ssdm_op_Read.ap_auto.i8, i8 %ctx_data_3_0"   --->   Operation 114 'read' 'ctx_data_3_0_read' <Predicate = true> <Delay = 0.00>
ST_1 : Operation 115 [1/1] (0.00ns)   --->   "%ctx_data_2_0_read = read i8 @_ssdm_op_Read.ap_auto.i8, i8 %ctx_data_2_0"   --->   Operation 115 'read' 'ctx_data_2_0_read' <Predicate = true> <Delay = 0.00>
ST_1 : Operation 116 [1/1] (0.00ns)   --->   "%ctx_data_1_0_read = read i8 @_ssdm_op_Read.ap_auto.i8, i8 %ctx_data_1_0"   --->   Operation 116 'read' 'ctx_data_1_0_read' <Predicate = true> <Delay = 0.00>
ST_1 : Operation 117 [1/1] (0.00ns)   --->   "%ctx_data_0_0_read = read i8 @_ssdm_op_Read.ap_auto.i8, i8 %ctx_data_0_0"   --->   Operation 117 'read' 'ctx_data_0_0_read' <Predicate = true> <Delay = 0.00>
ST_1 : Operation 118 [1/1] (0.00ns)   --->   "%zext_ln109_cast = zext i6 %zext_ln109_read"   --->   Operation 118 'zext' 'zext_ln109_cast' <Predicate = true> <Delay = 0.00>
ST_1 : Operation 119 [1/1] (0.38ns)   --->   "%store_ln0 = store i8 %ctx_data_0_0_read, i8 %ctx_data_0_1"   --->   Operation 119 'store' 'store_ln0' <Predicate = true> <Delay = 0.38>
ST_1 : Operation 120 [1/1] (0.38ns)   --->   "%store_ln0 = store i8 %ctx_data_1_0_read, i8 %ctx_data_1_1"   --->   Operation 120 'store' 'store_ln0' <Predicate = true> <Delay = 0.38>
ST_1 : Operation 121 [1/1] (0.38ns)   --->   "%store_ln0 = store i8 %ctx_data_2_0_read, i8 %ctx_data_2_1"   --->   Operation 121 'store' 'store_ln0' <Predicate = true> <Delay = 0.38>
ST_1 : Operation 122 [1/1] (0.38ns)   --->   "%store_ln0 = store i8 %ctx_data_3_0_read, i8 %ctx_data_3_1"   --->   Operation 122 'store' 'store_ln0' <Predicate = true> <Delay = 0.38>
ST_1 : Operation 123 [1/1] (0.38ns)   --->   "%store_ln0 = store i8 %ctx_data_4_0_read, i8 %ctx_data_4_1"   --->   Operation 123 'store' 'store_ln0' <Predicate = true> <Delay = 0.38>
ST_1 : Operation 124 [1/1] (0.38ns)   --->   "%store_ln0 = store i8 %ctx_data_5_0_read, i8 %ctx_data_5_1"   --->   Operation 124 'store' 'store_ln0' <Predicate = true> <Delay = 0.38>
ST_1 : Operation 125 [1/1] (0.38ns)   --->   "%store_ln0 = store i8 %ctx_data_6_0_read, i8 %ctx_data_6_1"   --->   Operation 125 'store' 'store_ln0' <Predicate = true> <Delay = 0.38>
ST_1 : Operation 126 [1/1] (0.38ns)   --->   "%store_ln0 = store i8 %ctx_data_7_0_read, i8 %ctx_data_7_1"   --->   Operation 126 'store' 'store_ln0' <Predicate = true> <Delay = 0.38>
ST_1 : Operation 127 [1/1] (0.38ns)   --->   "%store_ln0 = store i8 %ctx_data_8_0_read, i8 %ctx_data_8_1"   --->   Operation 127 'store' 'store_ln0' <Predicate = true> <Delay = 0.38>
ST_1 : Operation 128 [1/1] (0.38ns)   --->   "%store_ln0 = store i8 %ctx_data_9_0_read, i8 %ctx_data_9_1"   --->   Operation 128 'store' 'store_ln0' <Predicate = true> <Delay = 0.38>
ST_1 : Operation 129 [1/1] (0.38ns)   --->   "%store_ln0 = store i8 %ctx_data_10_0_read, i8 %ctx_data_10_1"   --->   Operation 129 'store' 'store_ln0' <Predicate = true> <Delay = 0.38>
ST_1 : Operation 130 [1/1] (0.38ns)   --->   "%store_ln0 = store i8 %ctx_data_11_0_read, i8 %ctx_data_11_1"   --->   Operation 130 'store' 'store_ln0' <Predicate = true> <Delay = 0.38>
ST_1 : Operation 131 [1/1] (0.38ns)   --->   "%store_ln0 = store i8 %ctx_data_12_0_read, i8 %ctx_data_12_1"   --->   Operation 131 'store' 'store_ln0' <Predicate = true> <Delay = 0.38>
ST_1 : Operation 132 [1/1] (0.38ns)   --->   "%store_ln0 = store i8 %ctx_data_1315_0_read, i8 %ctx_data_1315_1"   --->   Operation 132 'store' 'store_ln0' <Predicate = true> <Delay = 0.38>
ST_1 : Operation 133 [1/1] (0.38ns)   --->   "%store_ln0 = store i8 %ctx_data_14_0_read, i8 %ctx_data_14_1"   --->   Operation 133 'store' 'store_ln0' <Predicate = true> <Delay = 0.38>
ST_1 : Operation 134 [1/1] (0.38ns)   --->   "%store_ln0 = store i8 %ctx_data_15_0_read, i8 %ctx_data_15_1"   --->   Operation 134 'store' 'store_ln0' <Predicate = true> <Delay = 0.38>
ST_1 : Operation 135 [1/1] (0.38ns)   --->   "%store_ln0 = store i8 %ctx_data_16_0_read, i8 %ctx_data_16_1"   --->   Operation 135 'store' 'store_ln0' <Predicate = true> <Delay = 0.38>
ST_1 : Operation 136 [1/1] (0.38ns)   --->   "%store_ln0 = store i8 %ctx_data_17_0_read, i8 %ctx_data_17_1"   --->   Operation 136 'store' 'store_ln0' <Predicate = true> <Delay = 0.38>
ST_1 : Operation 137 [1/1] (0.38ns)   --->   "%store_ln0 = store i8 %ctx_data_18_0_read, i8 %ctx_data_18_1"   --->   Operation 137 'store' 'store_ln0' <Predicate = true> <Delay = 0.38>
ST_1 : Operation 138 [1/1] (0.38ns)   --->   "%store_ln0 = store i8 %ctx_data_19_0_read, i8 %ctx_data_19_1"   --->   Operation 138 'store' 'store_ln0' <Predicate = true> <Delay = 0.38>
ST_1 : Operation 139 [1/1] (0.38ns)   --->   "%store_ln0 = store i8 %ctx_data_20_0_read, i8 %ctx_data_20_1"   --->   Operation 139 'store' 'store_ln0' <Predicate = true> <Delay = 0.38>
ST_1 : Operation 140 [1/1] (0.38ns)   --->   "%store_ln0 = store i8 %ctx_data_21_0_read, i8 %ctx_data_21_1"   --->   Operation 140 'store' 'store_ln0' <Predicate = true> <Delay = 0.38>
ST_1 : Operation 141 [1/1] (0.38ns)   --->   "%store_ln0 = store i8 %ctx_data_22_0_read, i8 %ctx_data_22_1"   --->   Operation 141 'store' 'store_ln0' <Predicate = true> <Delay = 0.38>
ST_1 : Operation 142 [1/1] (0.38ns)   --->   "%store_ln0 = store i8 %ctx_data_23_0_read, i8 %ctx_data_23_1"   --->   Operation 142 'store' 'store_ln0' <Predicate = true> <Delay = 0.38>
ST_1 : Operation 143 [1/1] (0.38ns)   --->   "%store_ln0 = store i8 %ctx_data_2427_0_read, i8 %ctx_data_2427_1"   --->   Operation 143 'store' 'store_ln0' <Predicate = true> <Delay = 0.38>
ST_1 : Operation 144 [1/1] (0.38ns)   --->   "%store_ln0 = store i8 %ctx_data_25_0_read, i8 %ctx_data_25_1"   --->   Operation 144 'store' 'store_ln0' <Predicate = true> <Delay = 0.38>
ST_1 : Operation 145 [1/1] (0.38ns)   --->   "%store_ln0 = store i8 %ctx_data_26_0_read, i8 %ctx_data_26_1"   --->   Operation 145 'store' 'store_ln0' <Predicate = true> <Delay = 0.38>
ST_1 : Operation 146 [1/1] (0.38ns)   --->   "%store_ln0 = store i8 %ctx_data_27_0_read, i8 %ctx_data_27_1"   --->   Operation 146 'store' 'store_ln0' <Predicate = true> <Delay = 0.38>
ST_1 : Operation 147 [1/1] (0.38ns)   --->   "%store_ln0 = store i8 %ctx_data_28_0_read, i8 %ctx_data_28_1"   --->   Operation 147 'store' 'store_ln0' <Predicate = true> <Delay = 0.38>
ST_1 : Operation 148 [1/1] (0.38ns)   --->   "%store_ln0 = store i8 %ctx_data_29_0_read, i8 %ctx_data_29_1"   --->   Operation 148 'store' 'store_ln0' <Predicate = true> <Delay = 0.38>
ST_1 : Operation 149 [1/1] (0.38ns)   --->   "%store_ln0 = store i8 %ctx_data_30_0_read, i8 %ctx_data_30_1"   --->   Operation 149 'store' 'store_ln0' <Predicate = true> <Delay = 0.38>
ST_1 : Operation 150 [1/1] (0.38ns)   --->   "%store_ln0 = store i8 %ctx_data_31_0_read, i8 %ctx_data_31_1"   --->   Operation 150 'store' 'store_ln0' <Predicate = true> <Delay = 0.38>
ST_1 : Operation 151 [1/1] (0.38ns)   --->   "%store_ln0 = store i8 %ctx_data_32_0_read, i8 %ctx_data_32_1"   --->   Operation 151 'store' 'store_ln0' <Predicate = true> <Delay = 0.38>
ST_1 : Operation 152 [1/1] (0.38ns)   --->   "%store_ln0 = store i8 %ctx_data_33_0_read, i8 %ctx_data_33_1"   --->   Operation 152 'store' 'store_ln0' <Predicate = true> <Delay = 0.38>
ST_1 : Operation 153 [1/1] (0.38ns)   --->   "%store_ln0 = store i8 %ctx_data_34_0_read, i8 %ctx_data_34_1"   --->   Operation 153 'store' 'store_ln0' <Predicate = true> <Delay = 0.38>
ST_1 : Operation 154 [1/1] (0.38ns)   --->   "%store_ln0 = store i8 %ctx_data_3539_0_read, i8 %ctx_data_3539_1"   --->   Operation 154 'store' 'store_ln0' <Predicate = true> <Delay = 0.38>
ST_1 : Operation 155 [1/1] (0.38ns)   --->   "%store_ln0 = store i8 %ctx_data_36_0_read, i8 %ctx_data_36_1"   --->   Operation 155 'store' 'store_ln0' <Predicate = true> <Delay = 0.38>
ST_1 : Operation 156 [1/1] (0.38ns)   --->   "%store_ln0 = store i8 %ctx_data_37_0_read, i8 %ctx_data_37_1"   --->   Operation 156 'store' 'store_ln0' <Predicate = true> <Delay = 0.38>
ST_1 : Operation 157 [1/1] (0.38ns)   --->   "%store_ln0 = store i8 %ctx_data_38_0_read, i8 %ctx_data_38_1"   --->   Operation 157 'store' 'store_ln0' <Predicate = true> <Delay = 0.38>
ST_1 : Operation 158 [1/1] (0.38ns)   --->   "%store_ln0 = store i8 %ctx_data_39_0_read, i8 %ctx_data_39_1"   --->   Operation 158 'store' 'store_ln0' <Predicate = true> <Delay = 0.38>
ST_1 : Operation 159 [1/1] (0.38ns)   --->   "%store_ln0 = store i8 %ctx_data_40_0_read, i8 %ctx_data_40_1"   --->   Operation 159 'store' 'store_ln0' <Predicate = true> <Delay = 0.38>
ST_1 : Operation 160 [1/1] (0.38ns)   --->   "%store_ln0 = store i8 %ctx_data_41_0_read, i8 %ctx_data_41_1"   --->   Operation 160 'store' 'store_ln0' <Predicate = true> <Delay = 0.38>
ST_1 : Operation 161 [1/1] (0.38ns)   --->   "%store_ln0 = store i8 %ctx_data_42_0_read, i8 %ctx_data_42_1"   --->   Operation 161 'store' 'store_ln0' <Predicate = true> <Delay = 0.38>
ST_1 : Operation 162 [1/1] (0.38ns)   --->   "%store_ln0 = store i8 %ctx_data_43_0_read, i8 %ctx_data_43_1"   --->   Operation 162 'store' 'store_ln0' <Predicate = true> <Delay = 0.38>
ST_1 : Operation 163 [1/1] (0.38ns)   --->   "%store_ln0 = store i8 %ctx_data_44_0_read, i8 %ctx_data_44_1"   --->   Operation 163 'store' 'store_ln0' <Predicate = true> <Delay = 0.38>
ST_1 : Operation 164 [1/1] (0.38ns)   --->   "%store_ln0 = store i8 %ctx_data_45_0_read, i8 %ctx_data_45_1"   --->   Operation 164 'store' 'store_ln0' <Predicate = true> <Delay = 0.38>
ST_1 : Operation 165 [1/1] (0.38ns)   --->   "%store_ln0 = store i8 %ctx_data_4651_0_read, i8 %ctx_data_4651_1"   --->   Operation 165 'store' 'store_ln0' <Predicate = true> <Delay = 0.38>
ST_1 : Operation 166 [1/1] (0.38ns)   --->   "%store_ln0 = store i8 %ctx_data_47_0_read, i8 %ctx_data_47_1"   --->   Operation 166 'store' 'store_ln0' <Predicate = true> <Delay = 0.38>
ST_1 : Operation 167 [1/1] (0.38ns)   --->   "%store_ln0 = store i8 %ctx_data_48_0_read, i8 %ctx_data_48_1"   --->   Operation 167 'store' 'store_ln0' <Predicate = true> <Delay = 0.38>
ST_1 : Operation 168 [1/1] (0.38ns)   --->   "%store_ln0 = store i8 %ctx_data_49_0_read, i8 %ctx_data_49_1"   --->   Operation 168 'store' 'store_ln0' <Predicate = true> <Delay = 0.38>
ST_1 : Operation 169 [1/1] (0.38ns)   --->   "%store_ln0 = store i8 %ctx_data_50_0_read, i8 %ctx_data_50_1"   --->   Operation 169 'store' 'store_ln0' <Predicate = true> <Delay = 0.38>
ST_1 : Operation 170 [1/1] (0.38ns)   --->   "%store_ln0 = store i8 %ctx_data_51_0_read, i8 %ctx_data_51_1"   --->   Operation 170 'store' 'store_ln0' <Predicate = true> <Delay = 0.38>
ST_1 : Operation 171 [1/1] (0.38ns)   --->   "%store_ln0 = store i8 %ctx_data_52_0_read, i8 %ctx_data_52_1"   --->   Operation 171 'store' 'store_ln0' <Predicate = true> <Delay = 0.38>
ST_1 : Operation 172 [1/1] (0.38ns)   --->   "%store_ln0 = store i8 %ctx_data_53_0_read, i8 %ctx_data_53_1"   --->   Operation 172 'store' 'store_ln0' <Predicate = true> <Delay = 0.38>
ST_1 : Operation 173 [1/1] (0.38ns)   --->   "%store_ln0 = store i8 %ctx_data_54_0_read, i8 %ctx_data_54_1"   --->   Operation 173 'store' 'store_ln0' <Predicate = true> <Delay = 0.38>
ST_1 : Operation 174 [1/1] (0.38ns)   --->   "%store_ln0 = store i8 %ctx_data_55_0_read, i8 %ctx_data_55_1"   --->   Operation 174 'store' 'store_ln0' <Predicate = true> <Delay = 0.38>
ST_1 : Operation 175 [1/1] (0.38ns)   --->   "%store_ln0 = store i64 %zext_ln109_cast, i64 %i"   --->   Operation 175 'store' 'store_ln0' <Predicate = true> <Delay = 0.38>
ST_1 : Operation 176 [1/1] (0.00ns)   --->   "%br_ln0 = br void %while.body"   --->   Operation 176 'br' 'br_ln0' <Predicate = true> <Delay = 0.00>

State 2 <SV = 1> <Delay = 1.53>
ST_2 : Operation 177 [1/1] (0.00ns)   --->   "%i_load = load i64 %i" [sha1/sha256_impl1.cpp:111]   --->   Operation 177 'load' 'i_load' <Predicate = true> <Delay = 0.00>
ST_2 : Operation 178 [1/1] (0.00ns)   --->   "%specpipeline_ln0 = specpipeline void @_ssdm_op_SpecPipeline, i32 4294967295, i32 0, i32 1, i32 0, void @p_str"   --->   Operation 178 'specpipeline' 'specpipeline_ln0' <Predicate = true> <Delay = 0.00>
ST_2 : Operation 179 [1/1] (0.00ns)   --->   "%trunc_ln110 = trunc i64 %i_load" [sha1/sha256_impl1.cpp:110]   --->   Operation 179 'trunc' 'trunc_ln110' <Predicate = true> <Delay = 0.00>
ST_2 : Operation 180 [1/1] (0.85ns)   --->   "%icmp_ln110 = icmp_eq  i32 %trunc_ln110, i32 55" [sha1/sha256_impl1.cpp:110]   --->   Operation 180 'icmp' 'icmp_ln110' <Predicate = true> <Delay = 0.85> <CoreInst = "Cmp">   --->   Core 9 'Cmp' <Latency = 0> <II = 1> <Delay = 0.85> <FuncUnit> <Opcode : 'icmp'> <InPorts = 2> <OutPorts = 1>
ST_2 : Operation 181 [1/1] (0.00ns)   --->   "%br_ln110 = br i1 %icmp_ln110, void %while.body.split, void %if.end.loopexit2.exitStub" [sha1/sha256_impl1.cpp:110]   --->   Operation 181 'br' 'br_ln110' <Predicate = true> <Delay = 0.00>
ST_2 : Operation 182 [1/1] (0.00ns)   --->   "%trunc_ln111 = trunc i64 %i_load" [sha1/sha256_impl1.cpp:111]   --->   Operation 182 'trunc' 'trunc_ln111' <Predicate = (!icmp_ln110)> <Delay = 0.00>
ST_2 : Operation 183 [1/1] (1.14ns)   --->   "%i_8 = add i64 %i_load, i64 1" [sha1/sha256_impl1.cpp:111]   --->   Operation 183 'add' 'i_8' <Predicate = (!icmp_ln110)> <Delay = 1.14> <CoreInst = "Adder">   --->   Core 1 'Adder' <Latency = 0> <II = 1> <Delay = 1.14> <FuncUnit> <Opcode : 'add' 'sub'> <InPorts = 2> <OutPorts = 1>
ST_2 : Operation 184 [1/1] (0.00ns)   --->   "%specloopname_ln103 = specloopname void @_ssdm_op_SpecLoopName, void @empty_13" [sha1/sha256_impl1.cpp:103]   --->   Operation 184 'specloopname' 'specloopname_ln103' <Predicate = (!icmp_ln110)> <Delay = 0.00>
ST_2 : Operation 185 [1/1] (0.34ns)   --->   "%switch_ln111 = switch i6 %trunc_ln111, void %arrayidx634.exit, i6 63, void %while.body.split.arrayidx634.exit_crit_edge, i6 0, void %while.body.split.arrayidx634.exit_crit_edge59, i6 1, void %arrayidx634.case.2, i6 2, void %arrayidx634.case.3, i6 3, void %arrayidx634.case.4, i6 4, void %arrayidx634.case.5, i6 5, void %arrayidx634.case.6, i6 6, void %arrayidx634.case.7, i6 7, void %arrayidx634.case.8, i6 8, void %arrayidx634.case.9, i6 9, void %arrayidx634.case.10, i6 10, void %arrayidx634.case.11, i6 11, void %arrayidx634.case.12, i6 12, void %arrayidx634.case.13, i6 13, void %arrayidx634.case.14, i6 14, void %arrayidx634.case.15, i6 15, void %arrayidx634.case.16, i6 16, void %arrayidx634.case.17, i6 17, void %arrayidx634.case.18, i6 18, void %arrayidx634.case.19, i6 19, void %arrayidx634.case.20, i6 20, void %arrayidx634.case.21, i6 21, void %arrayidx634.case.22, i6 22, void %arrayidx634.case.23, i6 23, void %arrayidx634.case.24, i6 24, void %arrayidx634.case.25, i6 25, void %arrayidx634.case.26, i6 26, void %arrayidx634.case.27, i6 27, void %arrayidx634.case.28, i6 28, void %arrayidx634.case.29, i6 29, void %arrayidx634.case.30, i6 30, void %arrayidx634.case.31, i6 31, void %arrayidx634.case.32, i6 32, void %arrayidx634.case.33, i6 33, void %arrayidx634.case.34, i6 34, void %arrayidx634.case.35, i6 35, void %arrayidx634.case.36, i6 36, void %arrayidx634.case.37, i6 37, void %arrayidx634.case.38, i6 38, void %arrayidx634.case.39, i6 39, void %arrayidx634.case.40, i6 40, void %arrayidx634.case.41, i6 41, void %arrayidx634.case.42, i6 42, void %arrayidx634.case.43, i6 43, void %arrayidx634.case.44, i6 44, void %arrayidx634.case.45, i6 45, void %arrayidx634.case.46, i6 46, void %arrayidx634.case.47, i6 47, void %arrayidx634.case.48, i6 48, void %arrayidx634.case.49, i6 49, void %arrayidx634.case.50, i6 50, void %arrayidx634.case.51, i6 51, void %arrayidx634.case.52, i6 52, void %arrayidx634.case.53, i6 53, void %arrayidx634.case.54, i6 54, void %arrayidx634.case.55" [sha1/sha256_impl1.cpp:111]   --->   Operation 185 'switch' 'switch_ln111' <Predicate = (!icmp_ln110)> <Delay = 0.34>
ST_2 : Operation 186 [1/1] (0.38ns)   --->   "%store_ln111 = store i8 0, i8 %ctx_data_55_1" [sha1/sha256_impl1.cpp:111]   --->   Operation 186 'store' 'store_ln111' <Predicate = (!icmp_ln110 & trunc_ln111 == 54)> <Delay = 0.38>
ST_2 : Operation 187 [1/1] (0.00ns)   --->   "%br_ln111 = br void %arrayidx634.exit" [sha1/sha256_impl1.cpp:111]   --->   Operation 187 'br' 'br_ln111' <Predicate = (!icmp_ln110 & trunc_ln111 == 54)> <Delay = 0.00>
ST_2 : Operation 188 [1/1] (0.38ns)   --->   "%store_ln111 = store i8 0, i8 %ctx_data_54_1" [sha1/sha256_impl1.cpp:111]   --->   Operation 188 'store' 'store_ln111' <Predicate = (!icmp_ln110 & trunc_ln111 == 53)> <Delay = 0.38>
ST_2 : Operation 189 [1/1] (0.00ns)   --->   "%br_ln111 = br void %arrayidx634.exit" [sha1/sha256_impl1.cpp:111]   --->   Operation 189 'br' 'br_ln111' <Predicate = (!icmp_ln110 & trunc_ln111 == 53)> <Delay = 0.00>
ST_2 : Operation 190 [1/1] (0.38ns)   --->   "%store_ln111 = store i8 0, i8 %ctx_data_53_1" [sha1/sha256_impl1.cpp:111]   --->   Operation 190 'store' 'store_ln111' <Predicate = (!icmp_ln110 & trunc_ln111 == 52)> <Delay = 0.38>
ST_2 : Operation 191 [1/1] (0.00ns)   --->   "%br_ln111 = br void %arrayidx634.exit" [sha1/sha256_impl1.cpp:111]   --->   Operation 191 'br' 'br_ln111' <Predicate = (!icmp_ln110 & trunc_ln111 == 52)> <Delay = 0.00>
ST_2 : Operation 192 [1/1] (0.38ns)   --->   "%store_ln111 = store i8 0, i8 %ctx_data_52_1" [sha1/sha256_impl1.cpp:111]   --->   Operation 192 'store' 'store_ln111' <Predicate = (!icmp_ln110 & trunc_ln111 == 51)> <Delay = 0.38>
ST_2 : Operation 193 [1/1] (0.00ns)   --->   "%br_ln111 = br void %arrayidx634.exit" [sha1/sha256_impl1.cpp:111]   --->   Operation 193 'br' 'br_ln111' <Predicate = (!icmp_ln110 & trunc_ln111 == 51)> <Delay = 0.00>
ST_2 : Operation 194 [1/1] (0.38ns)   --->   "%store_ln111 = store i8 0, i8 %ctx_data_51_1" [sha1/sha256_impl1.cpp:111]   --->   Operation 194 'store' 'store_ln111' <Predicate = (!icmp_ln110 & trunc_ln111 == 50)> <Delay = 0.38>
ST_2 : Operation 195 [1/1] (0.00ns)   --->   "%br_ln111 = br void %arrayidx634.exit" [sha1/sha256_impl1.cpp:111]   --->   Operation 195 'br' 'br_ln111' <Predicate = (!icmp_ln110 & trunc_ln111 == 50)> <Delay = 0.00>
ST_2 : Operation 196 [1/1] (0.38ns)   --->   "%store_ln111 = store i8 0, i8 %ctx_data_50_1" [sha1/sha256_impl1.cpp:111]   --->   Operation 196 'store' 'store_ln111' <Predicate = (!icmp_ln110 & trunc_ln111 == 49)> <Delay = 0.38>
ST_2 : Operation 197 [1/1] (0.00ns)   --->   "%br_ln111 = br void %arrayidx634.exit" [sha1/sha256_impl1.cpp:111]   --->   Operation 197 'br' 'br_ln111' <Predicate = (!icmp_ln110 & trunc_ln111 == 49)> <Delay = 0.00>
ST_2 : Operation 198 [1/1] (0.38ns)   --->   "%store_ln111 = store i8 0, i8 %ctx_data_49_1" [sha1/sha256_impl1.cpp:111]   --->   Operation 198 'store' 'store_ln111' <Predicate = (!icmp_ln110 & trunc_ln111 == 48)> <Delay = 0.38>
ST_2 : Operation 199 [1/1] (0.00ns)   --->   "%br_ln111 = br void %arrayidx634.exit" [sha1/sha256_impl1.cpp:111]   --->   Operation 199 'br' 'br_ln111' <Predicate = (!icmp_ln110 & trunc_ln111 == 48)> <Delay = 0.00>
ST_2 : Operation 200 [1/1] (0.38ns)   --->   "%store_ln111 = store i8 0, i8 %ctx_data_48_1" [sha1/sha256_impl1.cpp:111]   --->   Operation 200 'store' 'store_ln111' <Predicate = (!icmp_ln110 & trunc_ln111 == 47)> <Delay = 0.38>
ST_2 : Operation 201 [1/1] (0.00ns)   --->   "%br_ln111 = br void %arrayidx634.exit" [sha1/sha256_impl1.cpp:111]   --->   Operation 201 'br' 'br_ln111' <Predicate = (!icmp_ln110 & trunc_ln111 == 47)> <Delay = 0.00>
ST_2 : Operation 202 [1/1] (0.38ns)   --->   "%store_ln111 = store i8 0, i8 %ctx_data_47_1" [sha1/sha256_impl1.cpp:111]   --->   Operation 202 'store' 'store_ln111' <Predicate = (!icmp_ln110 & trunc_ln111 == 46)> <Delay = 0.38>
ST_2 : Operation 203 [1/1] (0.00ns)   --->   "%br_ln111 = br void %arrayidx634.exit" [sha1/sha256_impl1.cpp:111]   --->   Operation 203 'br' 'br_ln111' <Predicate = (!icmp_ln110 & trunc_ln111 == 46)> <Delay = 0.00>
ST_2 : Operation 204 [1/1] (0.38ns)   --->   "%store_ln111 = store i8 0, i8 %ctx_data_4651_1" [sha1/sha256_impl1.cpp:111]   --->   Operation 204 'store' 'store_ln111' <Predicate = (!icmp_ln110 & trunc_ln111 == 45)> <Delay = 0.38>
ST_2 : Operation 205 [1/1] (0.00ns)   --->   "%br_ln111 = br void %arrayidx634.exit" [sha1/sha256_impl1.cpp:111]   --->   Operation 205 'br' 'br_ln111' <Predicate = (!icmp_ln110 & trunc_ln111 == 45)> <Delay = 0.00>
ST_2 : Operation 206 [1/1] (0.38ns)   --->   "%store_ln111 = store i8 0, i8 %ctx_data_45_1" [sha1/sha256_impl1.cpp:111]   --->   Operation 206 'store' 'store_ln111' <Predicate = (!icmp_ln110 & trunc_ln111 == 44)> <Delay = 0.38>
ST_2 : Operation 207 [1/1] (0.00ns)   --->   "%br_ln111 = br void %arrayidx634.exit" [sha1/sha256_impl1.cpp:111]   --->   Operation 207 'br' 'br_ln111' <Predicate = (!icmp_ln110 & trunc_ln111 == 44)> <Delay = 0.00>
ST_2 : Operation 208 [1/1] (0.38ns)   --->   "%store_ln111 = store i8 0, i8 %ctx_data_44_1" [sha1/sha256_impl1.cpp:111]   --->   Operation 208 'store' 'store_ln111' <Predicate = (!icmp_ln110 & trunc_ln111 == 43)> <Delay = 0.38>
ST_2 : Operation 209 [1/1] (0.00ns)   --->   "%br_ln111 = br void %arrayidx634.exit" [sha1/sha256_impl1.cpp:111]   --->   Operation 209 'br' 'br_ln111' <Predicate = (!icmp_ln110 & trunc_ln111 == 43)> <Delay = 0.00>
ST_2 : Operation 210 [1/1] (0.38ns)   --->   "%store_ln111 = store i8 0, i8 %ctx_data_43_1" [sha1/sha256_impl1.cpp:111]   --->   Operation 210 'store' 'store_ln111' <Predicate = (!icmp_ln110 & trunc_ln111 == 42)> <Delay = 0.38>
ST_2 : Operation 211 [1/1] (0.00ns)   --->   "%br_ln111 = br void %arrayidx634.exit" [sha1/sha256_impl1.cpp:111]   --->   Operation 211 'br' 'br_ln111' <Predicate = (!icmp_ln110 & trunc_ln111 == 42)> <Delay = 0.00>
ST_2 : Operation 212 [1/1] (0.38ns)   --->   "%store_ln111 = store i8 0, i8 %ctx_data_42_1" [sha1/sha256_impl1.cpp:111]   --->   Operation 212 'store' 'store_ln111' <Predicate = (!icmp_ln110 & trunc_ln111 == 41)> <Delay = 0.38>
ST_2 : Operation 213 [1/1] (0.00ns)   --->   "%br_ln111 = br void %arrayidx634.exit" [sha1/sha256_impl1.cpp:111]   --->   Operation 213 'br' 'br_ln111' <Predicate = (!icmp_ln110 & trunc_ln111 == 41)> <Delay = 0.00>
ST_2 : Operation 214 [1/1] (0.38ns)   --->   "%store_ln111 = store i8 0, i8 %ctx_data_41_1" [sha1/sha256_impl1.cpp:111]   --->   Operation 214 'store' 'store_ln111' <Predicate = (!icmp_ln110 & trunc_ln111 == 40)> <Delay = 0.38>
ST_2 : Operation 215 [1/1] (0.00ns)   --->   "%br_ln111 = br void %arrayidx634.exit" [sha1/sha256_impl1.cpp:111]   --->   Operation 215 'br' 'br_ln111' <Predicate = (!icmp_ln110 & trunc_ln111 == 40)> <Delay = 0.00>
ST_2 : Operation 216 [1/1] (0.38ns)   --->   "%store_ln111 = store i8 0, i8 %ctx_data_40_1" [sha1/sha256_impl1.cpp:111]   --->   Operation 216 'store' 'store_ln111' <Predicate = (!icmp_ln110 & trunc_ln111 == 39)> <Delay = 0.38>
ST_2 : Operation 217 [1/1] (0.00ns)   --->   "%br_ln111 = br void %arrayidx634.exit" [sha1/sha256_impl1.cpp:111]   --->   Operation 217 'br' 'br_ln111' <Predicate = (!icmp_ln110 & trunc_ln111 == 39)> <Delay = 0.00>
ST_2 : Operation 218 [1/1] (0.38ns)   --->   "%store_ln111 = store i8 0, i8 %ctx_data_39_1" [sha1/sha256_impl1.cpp:111]   --->   Operation 218 'store' 'store_ln111' <Predicate = (!icmp_ln110 & trunc_ln111 == 38)> <Delay = 0.38>
ST_2 : Operation 219 [1/1] (0.00ns)   --->   "%br_ln111 = br void %arrayidx634.exit" [sha1/sha256_impl1.cpp:111]   --->   Operation 219 'br' 'br_ln111' <Predicate = (!icmp_ln110 & trunc_ln111 == 38)> <Delay = 0.00>
ST_2 : Operation 220 [1/1] (0.38ns)   --->   "%store_ln111 = store i8 0, i8 %ctx_data_38_1" [sha1/sha256_impl1.cpp:111]   --->   Operation 220 'store' 'store_ln111' <Predicate = (!icmp_ln110 & trunc_ln111 == 37)> <Delay = 0.38>
ST_2 : Operation 221 [1/1] (0.00ns)   --->   "%br_ln111 = br void %arrayidx634.exit" [sha1/sha256_impl1.cpp:111]   --->   Operation 221 'br' 'br_ln111' <Predicate = (!icmp_ln110 & trunc_ln111 == 37)> <Delay = 0.00>
ST_2 : Operation 222 [1/1] (0.38ns)   --->   "%store_ln111 = store i8 0, i8 %ctx_data_37_1" [sha1/sha256_impl1.cpp:111]   --->   Operation 222 'store' 'store_ln111' <Predicate = (!icmp_ln110 & trunc_ln111 == 36)> <Delay = 0.38>
ST_2 : Operation 223 [1/1] (0.00ns)   --->   "%br_ln111 = br void %arrayidx634.exit" [sha1/sha256_impl1.cpp:111]   --->   Operation 223 'br' 'br_ln111' <Predicate = (!icmp_ln110 & trunc_ln111 == 36)> <Delay = 0.00>
ST_2 : Operation 224 [1/1] (0.38ns)   --->   "%store_ln111 = store i8 0, i8 %ctx_data_36_1" [sha1/sha256_impl1.cpp:111]   --->   Operation 224 'store' 'store_ln111' <Predicate = (!icmp_ln110 & trunc_ln111 == 35)> <Delay = 0.38>
ST_2 : Operation 225 [1/1] (0.00ns)   --->   "%br_ln111 = br void %arrayidx634.exit" [sha1/sha256_impl1.cpp:111]   --->   Operation 225 'br' 'br_ln111' <Predicate = (!icmp_ln110 & trunc_ln111 == 35)> <Delay = 0.00>
ST_2 : Operation 226 [1/1] (0.38ns)   --->   "%store_ln111 = store i8 0, i8 %ctx_data_3539_1" [sha1/sha256_impl1.cpp:111]   --->   Operation 226 'store' 'store_ln111' <Predicate = (!icmp_ln110 & trunc_ln111 == 34)> <Delay = 0.38>
ST_2 : Operation 227 [1/1] (0.00ns)   --->   "%br_ln111 = br void %arrayidx634.exit" [sha1/sha256_impl1.cpp:111]   --->   Operation 227 'br' 'br_ln111' <Predicate = (!icmp_ln110 & trunc_ln111 == 34)> <Delay = 0.00>
ST_2 : Operation 228 [1/1] (0.38ns)   --->   "%store_ln111 = store i8 0, i8 %ctx_data_34_1" [sha1/sha256_impl1.cpp:111]   --->   Operation 228 'store' 'store_ln111' <Predicate = (!icmp_ln110 & trunc_ln111 == 33)> <Delay = 0.38>
ST_2 : Operation 229 [1/1] (0.00ns)   --->   "%br_ln111 = br void %arrayidx634.exit" [sha1/sha256_impl1.cpp:111]   --->   Operation 229 'br' 'br_ln111' <Predicate = (!icmp_ln110 & trunc_ln111 == 33)> <Delay = 0.00>
ST_2 : Operation 230 [1/1] (0.38ns)   --->   "%store_ln111 = store i8 0, i8 %ctx_data_33_1" [sha1/sha256_impl1.cpp:111]   --->   Operation 230 'store' 'store_ln111' <Predicate = (!icmp_ln110 & trunc_ln111 == 32)> <Delay = 0.38>
ST_2 : Operation 231 [1/1] (0.00ns)   --->   "%br_ln111 = br void %arrayidx634.exit" [sha1/sha256_impl1.cpp:111]   --->   Operation 231 'br' 'br_ln111' <Predicate = (!icmp_ln110 & trunc_ln111 == 32)> <Delay = 0.00>
ST_2 : Operation 232 [1/1] (0.38ns)   --->   "%store_ln111 = store i8 0, i8 %ctx_data_32_1" [sha1/sha256_impl1.cpp:111]   --->   Operation 232 'store' 'store_ln111' <Predicate = (!icmp_ln110 & trunc_ln111 == 31)> <Delay = 0.38>
ST_2 : Operation 233 [1/1] (0.00ns)   --->   "%br_ln111 = br void %arrayidx634.exit" [sha1/sha256_impl1.cpp:111]   --->   Operation 233 'br' 'br_ln111' <Predicate = (!icmp_ln110 & trunc_ln111 == 31)> <Delay = 0.00>
ST_2 : Operation 234 [1/1] (0.38ns)   --->   "%store_ln111 = store i8 0, i8 %ctx_data_31_1" [sha1/sha256_impl1.cpp:111]   --->   Operation 234 'store' 'store_ln111' <Predicate = (!icmp_ln110 & trunc_ln111 == 30)> <Delay = 0.38>
ST_2 : Operation 235 [1/1] (0.00ns)   --->   "%br_ln111 = br void %arrayidx634.exit" [sha1/sha256_impl1.cpp:111]   --->   Operation 235 'br' 'br_ln111' <Predicate = (!icmp_ln110 & trunc_ln111 == 30)> <Delay = 0.00>
ST_2 : Operation 236 [1/1] (0.38ns)   --->   "%store_ln111 = store i8 0, i8 %ctx_data_30_1" [sha1/sha256_impl1.cpp:111]   --->   Operation 236 'store' 'store_ln111' <Predicate = (!icmp_ln110 & trunc_ln111 == 29)> <Delay = 0.38>
ST_2 : Operation 237 [1/1] (0.00ns)   --->   "%br_ln111 = br void %arrayidx634.exit" [sha1/sha256_impl1.cpp:111]   --->   Operation 237 'br' 'br_ln111' <Predicate = (!icmp_ln110 & trunc_ln111 == 29)> <Delay = 0.00>
ST_2 : Operation 238 [1/1] (0.38ns)   --->   "%store_ln111 = store i8 0, i8 %ctx_data_29_1" [sha1/sha256_impl1.cpp:111]   --->   Operation 238 'store' 'store_ln111' <Predicate = (!icmp_ln110 & trunc_ln111 == 28)> <Delay = 0.38>
ST_2 : Operation 239 [1/1] (0.00ns)   --->   "%br_ln111 = br void %arrayidx634.exit" [sha1/sha256_impl1.cpp:111]   --->   Operation 239 'br' 'br_ln111' <Predicate = (!icmp_ln110 & trunc_ln111 == 28)> <Delay = 0.00>
ST_2 : Operation 240 [1/1] (0.38ns)   --->   "%store_ln111 = store i8 0, i8 %ctx_data_28_1" [sha1/sha256_impl1.cpp:111]   --->   Operation 240 'store' 'store_ln111' <Predicate = (!icmp_ln110 & trunc_ln111 == 27)> <Delay = 0.38>
ST_2 : Operation 241 [1/1] (0.00ns)   --->   "%br_ln111 = br void %arrayidx634.exit" [sha1/sha256_impl1.cpp:111]   --->   Operation 241 'br' 'br_ln111' <Predicate = (!icmp_ln110 & trunc_ln111 == 27)> <Delay = 0.00>
ST_2 : Operation 242 [1/1] (0.38ns)   --->   "%store_ln111 = store i8 0, i8 %ctx_data_27_1" [sha1/sha256_impl1.cpp:111]   --->   Operation 242 'store' 'store_ln111' <Predicate = (!icmp_ln110 & trunc_ln111 == 26)> <Delay = 0.38>
ST_2 : Operation 243 [1/1] (0.00ns)   --->   "%br_ln111 = br void %arrayidx634.exit" [sha1/sha256_impl1.cpp:111]   --->   Operation 243 'br' 'br_ln111' <Predicate = (!icmp_ln110 & trunc_ln111 == 26)> <Delay = 0.00>
ST_2 : Operation 244 [1/1] (0.38ns)   --->   "%store_ln111 = store i8 0, i8 %ctx_data_26_1" [sha1/sha256_impl1.cpp:111]   --->   Operation 244 'store' 'store_ln111' <Predicate = (!icmp_ln110 & trunc_ln111 == 25)> <Delay = 0.38>
ST_2 : Operation 245 [1/1] (0.00ns)   --->   "%br_ln111 = br void %arrayidx634.exit" [sha1/sha256_impl1.cpp:111]   --->   Operation 245 'br' 'br_ln111' <Predicate = (!icmp_ln110 & trunc_ln111 == 25)> <Delay = 0.00>
ST_2 : Operation 246 [1/1] (0.38ns)   --->   "%store_ln111 = store i8 0, i8 %ctx_data_25_1" [sha1/sha256_impl1.cpp:111]   --->   Operation 246 'store' 'store_ln111' <Predicate = (!icmp_ln110 & trunc_ln111 == 24)> <Delay = 0.38>
ST_2 : Operation 247 [1/1] (0.00ns)   --->   "%br_ln111 = br void %arrayidx634.exit" [sha1/sha256_impl1.cpp:111]   --->   Operation 247 'br' 'br_ln111' <Predicate = (!icmp_ln110 & trunc_ln111 == 24)> <Delay = 0.00>
ST_2 : Operation 248 [1/1] (0.38ns)   --->   "%store_ln111 = store i8 0, i8 %ctx_data_2427_1" [sha1/sha256_impl1.cpp:111]   --->   Operation 248 'store' 'store_ln111' <Predicate = (!icmp_ln110 & trunc_ln111 == 23)> <Delay = 0.38>
ST_2 : Operation 249 [1/1] (0.00ns)   --->   "%br_ln111 = br void %arrayidx634.exit" [sha1/sha256_impl1.cpp:111]   --->   Operation 249 'br' 'br_ln111' <Predicate = (!icmp_ln110 & trunc_ln111 == 23)> <Delay = 0.00>
ST_2 : Operation 250 [1/1] (0.38ns)   --->   "%store_ln111 = store i8 0, i8 %ctx_data_23_1" [sha1/sha256_impl1.cpp:111]   --->   Operation 250 'store' 'store_ln111' <Predicate = (!icmp_ln110 & trunc_ln111 == 22)> <Delay = 0.38>
ST_2 : Operation 251 [1/1] (0.00ns)   --->   "%br_ln111 = br void %arrayidx634.exit" [sha1/sha256_impl1.cpp:111]   --->   Operation 251 'br' 'br_ln111' <Predicate = (!icmp_ln110 & trunc_ln111 == 22)> <Delay = 0.00>
ST_2 : Operation 252 [1/1] (0.38ns)   --->   "%store_ln111 = store i8 0, i8 %ctx_data_22_1" [sha1/sha256_impl1.cpp:111]   --->   Operation 252 'store' 'store_ln111' <Predicate = (!icmp_ln110 & trunc_ln111 == 21)> <Delay = 0.38>
ST_2 : Operation 253 [1/1] (0.00ns)   --->   "%br_ln111 = br void %arrayidx634.exit" [sha1/sha256_impl1.cpp:111]   --->   Operation 253 'br' 'br_ln111' <Predicate = (!icmp_ln110 & trunc_ln111 == 21)> <Delay = 0.00>
ST_2 : Operation 254 [1/1] (0.38ns)   --->   "%store_ln111 = store i8 0, i8 %ctx_data_21_1" [sha1/sha256_impl1.cpp:111]   --->   Operation 254 'store' 'store_ln111' <Predicate = (!icmp_ln110 & trunc_ln111 == 20)> <Delay = 0.38>
ST_2 : Operation 255 [1/1] (0.00ns)   --->   "%br_ln111 = br void %arrayidx634.exit" [sha1/sha256_impl1.cpp:111]   --->   Operation 255 'br' 'br_ln111' <Predicate = (!icmp_ln110 & trunc_ln111 == 20)> <Delay = 0.00>
ST_2 : Operation 256 [1/1] (0.38ns)   --->   "%store_ln111 = store i8 0, i8 %ctx_data_20_1" [sha1/sha256_impl1.cpp:111]   --->   Operation 256 'store' 'store_ln111' <Predicate = (!icmp_ln110 & trunc_ln111 == 19)> <Delay = 0.38>
ST_2 : Operation 257 [1/1] (0.00ns)   --->   "%br_ln111 = br void %arrayidx634.exit" [sha1/sha256_impl1.cpp:111]   --->   Operation 257 'br' 'br_ln111' <Predicate = (!icmp_ln110 & trunc_ln111 == 19)> <Delay = 0.00>
ST_2 : Operation 258 [1/1] (0.38ns)   --->   "%store_ln111 = store i8 0, i8 %ctx_data_19_1" [sha1/sha256_impl1.cpp:111]   --->   Operation 258 'store' 'store_ln111' <Predicate = (!icmp_ln110 & trunc_ln111 == 18)> <Delay = 0.38>
ST_2 : Operation 259 [1/1] (0.00ns)   --->   "%br_ln111 = br void %arrayidx634.exit" [sha1/sha256_impl1.cpp:111]   --->   Operation 259 'br' 'br_ln111' <Predicate = (!icmp_ln110 & trunc_ln111 == 18)> <Delay = 0.00>
ST_2 : Operation 260 [1/1] (0.38ns)   --->   "%store_ln111 = store i8 0, i8 %ctx_data_18_1" [sha1/sha256_impl1.cpp:111]   --->   Operation 260 'store' 'store_ln111' <Predicate = (!icmp_ln110 & trunc_ln111 == 17)> <Delay = 0.38>
ST_2 : Operation 261 [1/1] (0.00ns)   --->   "%br_ln111 = br void %arrayidx634.exit" [sha1/sha256_impl1.cpp:111]   --->   Operation 261 'br' 'br_ln111' <Predicate = (!icmp_ln110 & trunc_ln111 == 17)> <Delay = 0.00>
ST_2 : Operation 262 [1/1] (0.38ns)   --->   "%store_ln111 = store i8 0, i8 %ctx_data_17_1" [sha1/sha256_impl1.cpp:111]   --->   Operation 262 'store' 'store_ln111' <Predicate = (!icmp_ln110 & trunc_ln111 == 16)> <Delay = 0.38>
ST_2 : Operation 263 [1/1] (0.00ns)   --->   "%br_ln111 = br void %arrayidx634.exit" [sha1/sha256_impl1.cpp:111]   --->   Operation 263 'br' 'br_ln111' <Predicate = (!icmp_ln110 & trunc_ln111 == 16)> <Delay = 0.00>
ST_2 : Operation 264 [1/1] (0.38ns)   --->   "%store_ln111 = store i8 0, i8 %ctx_data_16_1" [sha1/sha256_impl1.cpp:111]   --->   Operation 264 'store' 'store_ln111' <Predicate = (!icmp_ln110 & trunc_ln111 == 15)> <Delay = 0.38>
ST_2 : Operation 265 [1/1] (0.00ns)   --->   "%br_ln111 = br void %arrayidx634.exit" [sha1/sha256_impl1.cpp:111]   --->   Operation 265 'br' 'br_ln111' <Predicate = (!icmp_ln110 & trunc_ln111 == 15)> <Delay = 0.00>
ST_2 : Operation 266 [1/1] (0.38ns)   --->   "%store_ln111 = store i8 0, i8 %ctx_data_15_1" [sha1/sha256_impl1.cpp:111]   --->   Operation 266 'store' 'store_ln111' <Predicate = (!icmp_ln110 & trunc_ln111 == 14)> <Delay = 0.38>
ST_2 : Operation 267 [1/1] (0.00ns)   --->   "%br_ln111 = br void %arrayidx634.exit" [sha1/sha256_impl1.cpp:111]   --->   Operation 267 'br' 'br_ln111' <Predicate = (!icmp_ln110 & trunc_ln111 == 14)> <Delay = 0.00>
ST_2 : Operation 268 [1/1] (0.38ns)   --->   "%store_ln111 = store i8 0, i8 %ctx_data_14_1" [sha1/sha256_impl1.cpp:111]   --->   Operation 268 'store' 'store_ln111' <Predicate = (!icmp_ln110 & trunc_ln111 == 13)> <Delay = 0.38>
ST_2 : Operation 269 [1/1] (0.00ns)   --->   "%br_ln111 = br void %arrayidx634.exit" [sha1/sha256_impl1.cpp:111]   --->   Operation 269 'br' 'br_ln111' <Predicate = (!icmp_ln110 & trunc_ln111 == 13)> <Delay = 0.00>
ST_2 : Operation 270 [1/1] (0.38ns)   --->   "%store_ln111 = store i8 0, i8 %ctx_data_1315_1" [sha1/sha256_impl1.cpp:111]   --->   Operation 270 'store' 'store_ln111' <Predicate = (!icmp_ln110 & trunc_ln111 == 12)> <Delay = 0.38>
ST_2 : Operation 271 [1/1] (0.00ns)   --->   "%br_ln111 = br void %arrayidx634.exit" [sha1/sha256_impl1.cpp:111]   --->   Operation 271 'br' 'br_ln111' <Predicate = (!icmp_ln110 & trunc_ln111 == 12)> <Delay = 0.00>
ST_2 : Operation 272 [1/1] (0.38ns)   --->   "%store_ln111 = store i8 0, i8 %ctx_data_12_1" [sha1/sha256_impl1.cpp:111]   --->   Operation 272 'store' 'store_ln111' <Predicate = (!icmp_ln110 & trunc_ln111 == 11)> <Delay = 0.38>
ST_2 : Operation 273 [1/1] (0.00ns)   --->   "%br_ln111 = br void %arrayidx634.exit" [sha1/sha256_impl1.cpp:111]   --->   Operation 273 'br' 'br_ln111' <Predicate = (!icmp_ln110 & trunc_ln111 == 11)> <Delay = 0.00>
ST_2 : Operation 274 [1/1] (0.38ns)   --->   "%store_ln111 = store i8 0, i8 %ctx_data_11_1" [sha1/sha256_impl1.cpp:111]   --->   Operation 274 'store' 'store_ln111' <Predicate = (!icmp_ln110 & trunc_ln111 == 10)> <Delay = 0.38>
ST_2 : Operation 275 [1/1] (0.00ns)   --->   "%br_ln111 = br void %arrayidx634.exit" [sha1/sha256_impl1.cpp:111]   --->   Operation 275 'br' 'br_ln111' <Predicate = (!icmp_ln110 & trunc_ln111 == 10)> <Delay = 0.00>
ST_2 : Operation 276 [1/1] (0.38ns)   --->   "%store_ln111 = store i8 0, i8 %ctx_data_10_1" [sha1/sha256_impl1.cpp:111]   --->   Operation 276 'store' 'store_ln111' <Predicate = (!icmp_ln110 & trunc_ln111 == 9)> <Delay = 0.38>
ST_2 : Operation 277 [1/1] (0.00ns)   --->   "%br_ln111 = br void %arrayidx634.exit" [sha1/sha256_impl1.cpp:111]   --->   Operation 277 'br' 'br_ln111' <Predicate = (!icmp_ln110 & trunc_ln111 == 9)> <Delay = 0.00>
ST_2 : Operation 278 [1/1] (0.38ns)   --->   "%store_ln111 = store i8 0, i8 %ctx_data_9_1" [sha1/sha256_impl1.cpp:111]   --->   Operation 278 'store' 'store_ln111' <Predicate = (!icmp_ln110 & trunc_ln111 == 8)> <Delay = 0.38>
ST_2 : Operation 279 [1/1] (0.00ns)   --->   "%br_ln111 = br void %arrayidx634.exit" [sha1/sha256_impl1.cpp:111]   --->   Operation 279 'br' 'br_ln111' <Predicate = (!icmp_ln110 & trunc_ln111 == 8)> <Delay = 0.00>
ST_2 : Operation 280 [1/1] (0.38ns)   --->   "%store_ln111 = store i8 0, i8 %ctx_data_8_1" [sha1/sha256_impl1.cpp:111]   --->   Operation 280 'store' 'store_ln111' <Predicate = (!icmp_ln110 & trunc_ln111 == 7)> <Delay = 0.38>
ST_2 : Operation 281 [1/1] (0.00ns)   --->   "%br_ln111 = br void %arrayidx634.exit" [sha1/sha256_impl1.cpp:111]   --->   Operation 281 'br' 'br_ln111' <Predicate = (!icmp_ln110 & trunc_ln111 == 7)> <Delay = 0.00>
ST_2 : Operation 282 [1/1] (0.38ns)   --->   "%store_ln111 = store i8 0, i8 %ctx_data_7_1" [sha1/sha256_impl1.cpp:111]   --->   Operation 282 'store' 'store_ln111' <Predicate = (!icmp_ln110 & trunc_ln111 == 6)> <Delay = 0.38>
ST_2 : Operation 283 [1/1] (0.00ns)   --->   "%br_ln111 = br void %arrayidx634.exit" [sha1/sha256_impl1.cpp:111]   --->   Operation 283 'br' 'br_ln111' <Predicate = (!icmp_ln110 & trunc_ln111 == 6)> <Delay = 0.00>
ST_2 : Operation 284 [1/1] (0.38ns)   --->   "%store_ln111 = store i8 0, i8 %ctx_data_6_1" [sha1/sha256_impl1.cpp:111]   --->   Operation 284 'store' 'store_ln111' <Predicate = (!icmp_ln110 & trunc_ln111 == 5)> <Delay = 0.38>
ST_2 : Operation 285 [1/1] (0.00ns)   --->   "%br_ln111 = br void %arrayidx634.exit" [sha1/sha256_impl1.cpp:111]   --->   Operation 285 'br' 'br_ln111' <Predicate = (!icmp_ln110 & trunc_ln111 == 5)> <Delay = 0.00>
ST_2 : Operation 286 [1/1] (0.38ns)   --->   "%store_ln111 = store i8 0, i8 %ctx_data_5_1" [sha1/sha256_impl1.cpp:111]   --->   Operation 286 'store' 'store_ln111' <Predicate = (!icmp_ln110 & trunc_ln111 == 4)> <Delay = 0.38>
ST_2 : Operation 287 [1/1] (0.00ns)   --->   "%br_ln111 = br void %arrayidx634.exit" [sha1/sha256_impl1.cpp:111]   --->   Operation 287 'br' 'br_ln111' <Predicate = (!icmp_ln110 & trunc_ln111 == 4)> <Delay = 0.00>
ST_2 : Operation 288 [1/1] (0.38ns)   --->   "%store_ln111 = store i8 0, i8 %ctx_data_4_1" [sha1/sha256_impl1.cpp:111]   --->   Operation 288 'store' 'store_ln111' <Predicate = (!icmp_ln110 & trunc_ln111 == 3)> <Delay = 0.38>
ST_2 : Operation 289 [1/1] (0.00ns)   --->   "%br_ln111 = br void %arrayidx634.exit" [sha1/sha256_impl1.cpp:111]   --->   Operation 289 'br' 'br_ln111' <Predicate = (!icmp_ln110 & trunc_ln111 == 3)> <Delay = 0.00>
ST_2 : Operation 290 [1/1] (0.38ns)   --->   "%store_ln111 = store i8 0, i8 %ctx_data_3_1" [sha1/sha256_impl1.cpp:111]   --->   Operation 290 'store' 'store_ln111' <Predicate = (!icmp_ln110 & trunc_ln111 == 2)> <Delay = 0.38>
ST_2 : Operation 291 [1/1] (0.00ns)   --->   "%br_ln111 = br void %arrayidx634.exit" [sha1/sha256_impl1.cpp:111]   --->   Operation 291 'br' 'br_ln111' <Predicate = (!icmp_ln110 & trunc_ln111 == 2)> <Delay = 0.00>
ST_2 : Operation 292 [1/1] (0.38ns)   --->   "%store_ln111 = store i8 0, i8 %ctx_data_2_1" [sha1/sha256_impl1.cpp:111]   --->   Operation 292 'store' 'store_ln111' <Predicate = (!icmp_ln110 & trunc_ln111 == 1)> <Delay = 0.38>
ST_2 : Operation 293 [1/1] (0.00ns)   --->   "%br_ln111 = br void %arrayidx634.exit" [sha1/sha256_impl1.cpp:111]   --->   Operation 293 'br' 'br_ln111' <Predicate = (!icmp_ln110 & trunc_ln111 == 1)> <Delay = 0.00>
ST_2 : Operation 294 [1/1] (0.38ns)   --->   "%store_ln111 = store i8 0, i8 %ctx_data_1_1" [sha1/sha256_impl1.cpp:111]   --->   Operation 294 'store' 'store_ln111' <Predicate = (!icmp_ln110 & trunc_ln111 == 0)> <Delay = 0.38>
ST_2 : Operation 295 [1/1] (0.00ns)   --->   "%br_ln111 = br void %arrayidx634.exit" [sha1/sha256_impl1.cpp:111]   --->   Operation 295 'br' 'br_ln111' <Predicate = (!icmp_ln110 & trunc_ln111 == 0)> <Delay = 0.00>
ST_2 : Operation 296 [1/1] (0.38ns)   --->   "%store_ln111 = store i8 0, i8 %ctx_data_0_1" [sha1/sha256_impl1.cpp:111]   --->   Operation 296 'store' 'store_ln111' <Predicate = (!icmp_ln110 & trunc_ln111 == 63)> <Delay = 0.38>
ST_2 : Operation 297 [1/1] (0.00ns)   --->   "%br_ln111 = br void %arrayidx634.exit" [sha1/sha256_impl1.cpp:111]   --->   Operation 297 'br' 'br_ln111' <Predicate = (!icmp_ln110 & trunc_ln111 == 63)> <Delay = 0.00>
ST_2 : Operation 298 [1/1] (0.38ns)   --->   "%store_ln110 = store i64 %i_8, i64 %i" [sha1/sha256_impl1.cpp:110]   --->   Operation 298 'store' 'store_ln110' <Predicate = (!icmp_ln110)> <Delay = 0.38>
ST_2 : Operation 299 [1/1] (0.00ns)   --->   "%br_ln110 = br void %while.body" [sha1/sha256_impl1.cpp:110]   --->   Operation 299 'br' 'br_ln110' <Predicate = (!icmp_ln110)> <Delay = 0.00>
ST_2 : Operation 300 [1/1] (0.00ns)   --->   "%ctx_data_55_1_load = load i8 %ctx_data_55_1"   --->   Operation 300 'load' 'ctx_data_55_1_load' <Predicate = (icmp_ln110)> <Delay = 0.00>
ST_2 : Operation 301 [1/1] (0.00ns)   --->   "%ctx_data_54_1_load = load i8 %ctx_data_54_1"   --->   Operation 301 'load' 'ctx_data_54_1_load' <Predicate = (icmp_ln110)> <Delay = 0.00>
ST_2 : Operation 302 [1/1] (0.00ns)   --->   "%ctx_data_53_1_load = load i8 %ctx_data_53_1"   --->   Operation 302 'load' 'ctx_data_53_1_load' <Predicate = (icmp_ln110)> <Delay = 0.00>
ST_2 : Operation 303 [1/1] (0.00ns)   --->   "%ctx_data_52_1_load = load i8 %ctx_data_52_1"   --->   Operation 303 'load' 'ctx_data_52_1_load' <Predicate = (icmp_ln110)> <Delay = 0.00>
ST_2 : Operation 304 [1/1] (0.00ns)   --->   "%ctx_data_51_1_load = load i8 %ctx_data_51_1"   --->   Operation 304 'load' 'ctx_data_51_1_load' <Predicate = (icmp_ln110)> <Delay = 0.00>
ST_2 : Operation 305 [1/1] (0.00ns)   --->   "%ctx_data_50_1_load = load i8 %ctx_data_50_1"   --->   Operation 305 'load' 'ctx_data_50_1_load' <Predicate = (icmp_ln110)> <Delay = 0.00>
ST_2 : Operation 306 [1/1] (0.00ns)   --->   "%ctx_data_49_1_load = load i8 %ctx_data_49_1"   --->   Operation 306 'load' 'ctx_data_49_1_load' <Predicate = (icmp_ln110)> <Delay = 0.00>
ST_2 : Operation 307 [1/1] (0.00ns)   --->   "%ctx_data_48_1_load = load i8 %ctx_data_48_1"   --->   Operation 307 'load' 'ctx_data_48_1_load' <Predicate = (icmp_ln110)> <Delay = 0.00>
ST_2 : Operation 308 [1/1] (0.00ns)   --->   "%ctx_data_47_1_load = load i8 %ctx_data_47_1"   --->   Operation 308 'load' 'ctx_data_47_1_load' <Predicate = (icmp_ln110)> <Delay = 0.00>
ST_2 : Operation 309 [1/1] (0.00ns)   --->   "%ctx_data_4651_1_load = load i8 %ctx_data_4651_1"   --->   Operation 309 'load' 'ctx_data_4651_1_load' <Predicate = (icmp_ln110)> <Delay = 0.00>
ST_2 : Operation 310 [1/1] (0.00ns)   --->   "%ctx_data_45_1_load = load i8 %ctx_data_45_1"   --->   Operation 310 'load' 'ctx_data_45_1_load' <Predicate = (icmp_ln110)> <Delay = 0.00>
ST_2 : Operation 311 [1/1] (0.00ns)   --->   "%ctx_data_44_1_load = load i8 %ctx_data_44_1"   --->   Operation 311 'load' 'ctx_data_44_1_load' <Predicate = (icmp_ln110)> <Delay = 0.00>
ST_2 : Operation 312 [1/1] (0.00ns)   --->   "%ctx_data_43_1_load = load i8 %ctx_data_43_1"   --->   Operation 312 'load' 'ctx_data_43_1_load' <Predicate = (icmp_ln110)> <Delay = 0.00>
ST_2 : Operation 313 [1/1] (0.00ns)   --->   "%ctx_data_42_1_load = load i8 %ctx_data_42_1"   --->   Operation 313 'load' 'ctx_data_42_1_load' <Predicate = (icmp_ln110)> <Delay = 0.00>
ST_2 : Operation 314 [1/1] (0.00ns)   --->   "%ctx_data_41_1_load = load i8 %ctx_data_41_1"   --->   Operation 314 'load' 'ctx_data_41_1_load' <Predicate = (icmp_ln110)> <Delay = 0.00>
ST_2 : Operation 315 [1/1] (0.00ns)   --->   "%ctx_data_40_1_load = load i8 %ctx_data_40_1"   --->   Operation 315 'load' 'ctx_data_40_1_load' <Predicate = (icmp_ln110)> <Delay = 0.00>
ST_2 : Operation 316 [1/1] (0.00ns)   --->   "%ctx_data_39_1_load = load i8 %ctx_data_39_1"   --->   Operation 316 'load' 'ctx_data_39_1_load' <Predicate = (icmp_ln110)> <Delay = 0.00>
ST_2 : Operation 317 [1/1] (0.00ns)   --->   "%ctx_data_38_1_load = load i8 %ctx_data_38_1"   --->   Operation 317 'load' 'ctx_data_38_1_load' <Predicate = (icmp_ln110)> <Delay = 0.00>
ST_2 : Operation 318 [1/1] (0.00ns)   --->   "%ctx_data_37_1_load = load i8 %ctx_data_37_1"   --->   Operation 318 'load' 'ctx_data_37_1_load' <Predicate = (icmp_ln110)> <Delay = 0.00>
ST_2 : Operation 319 [1/1] (0.00ns)   --->   "%ctx_data_36_1_load = load i8 %ctx_data_36_1"   --->   Operation 319 'load' 'ctx_data_36_1_load' <Predicate = (icmp_ln110)> <Delay = 0.00>
ST_2 : Operation 320 [1/1] (0.00ns)   --->   "%ctx_data_3539_1_load = load i8 %ctx_data_3539_1"   --->   Operation 320 'load' 'ctx_data_3539_1_load' <Predicate = (icmp_ln110)> <Delay = 0.00>
ST_2 : Operation 321 [1/1] (0.00ns)   --->   "%ctx_data_34_1_load = load i8 %ctx_data_34_1"   --->   Operation 321 'load' 'ctx_data_34_1_load' <Predicate = (icmp_ln110)> <Delay = 0.00>
ST_2 : Operation 322 [1/1] (0.00ns)   --->   "%ctx_data_33_1_load = load i8 %ctx_data_33_1"   --->   Operation 322 'load' 'ctx_data_33_1_load' <Predicate = (icmp_ln110)> <Delay = 0.00>
ST_2 : Operation 323 [1/1] (0.00ns)   --->   "%ctx_data_32_1_load = load i8 %ctx_data_32_1"   --->   Operation 323 'load' 'ctx_data_32_1_load' <Predicate = (icmp_ln110)> <Delay = 0.00>
ST_2 : Operation 324 [1/1] (0.00ns)   --->   "%ctx_data_31_1_load = load i8 %ctx_data_31_1"   --->   Operation 324 'load' 'ctx_data_31_1_load' <Predicate = (icmp_ln110)> <Delay = 0.00>
ST_2 : Operation 325 [1/1] (0.00ns)   --->   "%ctx_data_30_1_load = load i8 %ctx_data_30_1"   --->   Operation 325 'load' 'ctx_data_30_1_load' <Predicate = (icmp_ln110)> <Delay = 0.00>
ST_2 : Operation 326 [1/1] (0.00ns)   --->   "%ctx_data_29_1_load = load i8 %ctx_data_29_1"   --->   Operation 326 'load' 'ctx_data_29_1_load' <Predicate = (icmp_ln110)> <Delay = 0.00>
ST_2 : Operation 327 [1/1] (0.00ns)   --->   "%ctx_data_28_1_load = load i8 %ctx_data_28_1"   --->   Operation 327 'load' 'ctx_data_28_1_load' <Predicate = (icmp_ln110)> <Delay = 0.00>
ST_2 : Operation 328 [1/1] (0.00ns)   --->   "%ctx_data_27_1_load = load i8 %ctx_data_27_1"   --->   Operation 328 'load' 'ctx_data_27_1_load' <Predicate = (icmp_ln110)> <Delay = 0.00>
ST_2 : Operation 329 [1/1] (0.00ns)   --->   "%ctx_data_26_1_load = load i8 %ctx_data_26_1"   --->   Operation 329 'load' 'ctx_data_26_1_load' <Predicate = (icmp_ln110)> <Delay = 0.00>
ST_2 : Operation 330 [1/1] (0.00ns)   --->   "%ctx_data_25_1_load = load i8 %ctx_data_25_1"   --->   Operation 330 'load' 'ctx_data_25_1_load' <Predicate = (icmp_ln110)> <Delay = 0.00>
ST_2 : Operation 331 [1/1] (0.00ns)   --->   "%ctx_data_2427_1_load = load i8 %ctx_data_2427_1"   --->   Operation 331 'load' 'ctx_data_2427_1_load' <Predicate = (icmp_ln110)> <Delay = 0.00>
ST_2 : Operation 332 [1/1] (0.00ns)   --->   "%ctx_data_23_1_load = load i8 %ctx_data_23_1"   --->   Operation 332 'load' 'ctx_data_23_1_load' <Predicate = (icmp_ln110)> <Delay = 0.00>
ST_2 : Operation 333 [1/1] (0.00ns)   --->   "%ctx_data_22_1_load = load i8 %ctx_data_22_1"   --->   Operation 333 'load' 'ctx_data_22_1_load' <Predicate = (icmp_ln110)> <Delay = 0.00>
ST_2 : Operation 334 [1/1] (0.00ns)   --->   "%ctx_data_21_1_load = load i8 %ctx_data_21_1"   --->   Operation 334 'load' 'ctx_data_21_1_load' <Predicate = (icmp_ln110)> <Delay = 0.00>
ST_2 : Operation 335 [1/1] (0.00ns)   --->   "%ctx_data_20_1_load = load i8 %ctx_data_20_1"   --->   Operation 335 'load' 'ctx_data_20_1_load' <Predicate = (icmp_ln110)> <Delay = 0.00>
ST_2 : Operation 336 [1/1] (0.00ns)   --->   "%ctx_data_19_1_load = load i8 %ctx_data_19_1"   --->   Operation 336 'load' 'ctx_data_19_1_load' <Predicate = (icmp_ln110)> <Delay = 0.00>
ST_2 : Operation 337 [1/1] (0.00ns)   --->   "%ctx_data_18_1_load = load i8 %ctx_data_18_1"   --->   Operation 337 'load' 'ctx_data_18_1_load' <Predicate = (icmp_ln110)> <Delay = 0.00>
ST_2 : Operation 338 [1/1] (0.00ns)   --->   "%ctx_data_17_1_load = load i8 %ctx_data_17_1"   --->   Operation 338 'load' 'ctx_data_17_1_load' <Predicate = (icmp_ln110)> <Delay = 0.00>
ST_2 : Operation 339 [1/1] (0.00ns)   --->   "%ctx_data_16_1_load = load i8 %ctx_data_16_1"   --->   Operation 339 'load' 'ctx_data_16_1_load' <Predicate = (icmp_ln110)> <Delay = 0.00>
ST_2 : Operation 340 [1/1] (0.00ns)   --->   "%ctx_data_15_1_load = load i8 %ctx_data_15_1"   --->   Operation 340 'load' 'ctx_data_15_1_load' <Predicate = (icmp_ln110)> <Delay = 0.00>
ST_2 : Operation 341 [1/1] (0.00ns)   --->   "%ctx_data_14_1_load = load i8 %ctx_data_14_1"   --->   Operation 341 'load' 'ctx_data_14_1_load' <Predicate = (icmp_ln110)> <Delay = 0.00>
ST_2 : Operation 342 [1/1] (0.00ns)   --->   "%ctx_data_1315_1_load = load i8 %ctx_data_1315_1"   --->   Operation 342 'load' 'ctx_data_1315_1_load' <Predicate = (icmp_ln110)> <Delay = 0.00>
ST_2 : Operation 343 [1/1] (0.00ns)   --->   "%ctx_data_12_1_load = load i8 %ctx_data_12_1"   --->   Operation 343 'load' 'ctx_data_12_1_load' <Predicate = (icmp_ln110)> <Delay = 0.00>
ST_2 : Operation 344 [1/1] (0.00ns)   --->   "%ctx_data_11_1_load = load i8 %ctx_data_11_1"   --->   Operation 344 'load' 'ctx_data_11_1_load' <Predicate = (icmp_ln110)> <Delay = 0.00>
ST_2 : Operation 345 [1/1] (0.00ns)   --->   "%ctx_data_10_1_load = load i8 %ctx_data_10_1"   --->   Operation 345 'load' 'ctx_data_10_1_load' <Predicate = (icmp_ln110)> <Delay = 0.00>
ST_2 : Operation 346 [1/1] (0.00ns)   --->   "%ctx_data_9_1_load = load i8 %ctx_data_9_1"   --->   Operation 346 'load' 'ctx_data_9_1_load' <Predicate = (icmp_ln110)> <Delay = 0.00>
ST_2 : Operation 347 [1/1] (0.00ns)   --->   "%ctx_data_8_1_load = load i8 %ctx_data_8_1"   --->   Operation 347 'load' 'ctx_data_8_1_load' <Predicate = (icmp_ln110)> <Delay = 0.00>
ST_2 : Operation 348 [1/1] (0.00ns)   --->   "%ctx_data_7_1_load = load i8 %ctx_data_7_1"   --->   Operation 348 'load' 'ctx_data_7_1_load' <Predicate = (icmp_ln110)> <Delay = 0.00>
ST_2 : Operation 349 [1/1] (0.00ns)   --->   "%ctx_data_6_1_load = load i8 %ctx_data_6_1"   --->   Operation 349 'load' 'ctx_data_6_1_load' <Predicate = (icmp_ln110)> <Delay = 0.00>
ST_2 : Operation 350 [1/1] (0.00ns)   --->   "%ctx_data_5_1_load = load i8 %ctx_data_5_1"   --->   Operation 350 'load' 'ctx_data_5_1_load' <Predicate = (icmp_ln110)> <Delay = 0.00>
ST_2 : Operation 351 [1/1] (0.00ns)   --->   "%ctx_data_4_1_load = load i8 %ctx_data_4_1"   --->   Operation 351 'load' 'ctx_data_4_1_load' <Predicate = (icmp_ln110)> <Delay = 0.00>
ST_2 : Operation 352 [1/1] (0.00ns)   --->   "%ctx_data_3_1_load = load i8 %ctx_data_3_1"   --->   Operation 352 'load' 'ctx_data_3_1_load' <Predicate = (icmp_ln110)> <Delay = 0.00>
ST_2 : Operation 353 [1/1] (0.00ns)   --->   "%ctx_data_2_1_load = load i8 %ctx_data_2_1"   --->   Operation 353 'load' 'ctx_data_2_1_load' <Predicate = (icmp_ln110)> <Delay = 0.00>
ST_2 : Operation 354 [1/1] (0.00ns)   --->   "%ctx_data_1_1_load = load i8 %ctx_data_1_1"   --->   Operation 354 'load' 'ctx_data_1_1_load' <Predicate = (icmp_ln110)> <Delay = 0.00>
ST_2 : Operation 355 [1/1] (0.00ns)   --->   "%ctx_data_0_1_load = load i8 %ctx_data_0_1"   --->   Operation 355 'load' 'ctx_data_0_1_load' <Predicate = (icmp_ln110)> <Delay = 0.00>
ST_2 : Operation 356 [1/1] (0.00ns)   --->   "%write_ln0 = write void @_ssdm_op_Write.ap_auto.i8P0A, i8 %ctx_data_0_1_out, i8 %ctx_data_0_1_load"   --->   Operation 356 'write' 'write_ln0' <Predicate = (icmp_ln110)> <Delay = 0.00>
ST_2 : Operation 357 [1/1] (0.00ns)   --->   "%write_ln0 = write void @_ssdm_op_Write.ap_auto.i8P0A, i8 %ctx_data_1_1_out, i8 %ctx_data_1_1_load"   --->   Operation 357 'write' 'write_ln0' <Predicate = (icmp_ln110)> <Delay = 0.00>
ST_2 : Operation 358 [1/1] (0.00ns)   --->   "%write_ln0 = write void @_ssdm_op_Write.ap_auto.i8P0A, i8 %ctx_data_2_1_out, i8 %ctx_data_2_1_load"   --->   Operation 358 'write' 'write_ln0' <Predicate = (icmp_ln110)> <Delay = 0.00>
ST_2 : Operation 359 [1/1] (0.00ns)   --->   "%write_ln0 = write void @_ssdm_op_Write.ap_auto.i8P0A, i8 %ctx_data_3_1_out, i8 %ctx_data_3_1_load"   --->   Operation 359 'write' 'write_ln0' <Predicate = (icmp_ln110)> <Delay = 0.00>
ST_2 : Operation 360 [1/1] (0.00ns)   --->   "%write_ln0 = write void @_ssdm_op_Write.ap_auto.i8P0A, i8 %ctx_data_4_1_out, i8 %ctx_data_4_1_load"   --->   Operation 360 'write' 'write_ln0' <Predicate = (icmp_ln110)> <Delay = 0.00>
ST_2 : Operation 361 [1/1] (0.00ns)   --->   "%write_ln0 = write void @_ssdm_op_Write.ap_auto.i8P0A, i8 %ctx_data_5_1_out, i8 %ctx_data_5_1_load"   --->   Operation 361 'write' 'write_ln0' <Predicate = (icmp_ln110)> <Delay = 0.00>
ST_2 : Operation 362 [1/1] (0.00ns)   --->   "%write_ln0 = write void @_ssdm_op_Write.ap_auto.i8P0A, i8 %ctx_data_6_1_out, i8 %ctx_data_6_1_load"   --->   Operation 362 'write' 'write_ln0' <Predicate = (icmp_ln110)> <Delay = 0.00>
ST_2 : Operation 363 [1/1] (0.00ns)   --->   "%write_ln0 = write void @_ssdm_op_Write.ap_auto.i8P0A, i8 %ctx_data_7_1_out, i8 %ctx_data_7_1_load"   --->   Operation 363 'write' 'write_ln0' <Predicate = (icmp_ln110)> <Delay = 0.00>
ST_2 : Operation 364 [1/1] (0.00ns)   --->   "%write_ln0 = write void @_ssdm_op_Write.ap_auto.i8P0A, i8 %ctx_data_8_1_out, i8 %ctx_data_8_1_load"   --->   Operation 364 'write' 'write_ln0' <Predicate = (icmp_ln110)> <Delay = 0.00>
ST_2 : Operation 365 [1/1] (0.00ns)   --->   "%write_ln0 = write void @_ssdm_op_Write.ap_auto.i8P0A, i8 %ctx_data_9_1_out, i8 %ctx_data_9_1_load"   --->   Operation 365 'write' 'write_ln0' <Predicate = (icmp_ln110)> <Delay = 0.00>
ST_2 : Operation 366 [1/1] (0.00ns)   --->   "%write_ln0 = write void @_ssdm_op_Write.ap_auto.i8P0A, i8 %ctx_data_10_1_out, i8 %ctx_data_10_1_load"   --->   Operation 366 'write' 'write_ln0' <Predicate = (icmp_ln110)> <Delay = 0.00>
ST_2 : Operation 367 [1/1] (0.00ns)   --->   "%write_ln0 = write void @_ssdm_op_Write.ap_auto.i8P0A, i8 %ctx_data_11_1_out, i8 %ctx_data_11_1_load"   --->   Operation 367 'write' 'write_ln0' <Predicate = (icmp_ln110)> <Delay = 0.00>
ST_2 : Operation 368 [1/1] (0.00ns)   --->   "%write_ln0 = write void @_ssdm_op_Write.ap_auto.i8P0A, i8 %ctx_data_12_1_out, i8 %ctx_data_12_1_load"   --->   Operation 368 'write' 'write_ln0' <Predicate = (icmp_ln110)> <Delay = 0.00>
ST_2 : Operation 369 [1/1] (0.00ns)   --->   "%write_ln0 = write void @_ssdm_op_Write.ap_auto.i8P0A, i8 %ctx_data_1315_1_out, i8 %ctx_data_1315_1_load"   --->   Operation 369 'write' 'write_ln0' <Predicate = (icmp_ln110)> <Delay = 0.00>
ST_2 : Operation 370 [1/1] (0.00ns)   --->   "%write_ln0 = write void @_ssdm_op_Write.ap_auto.i8P0A, i8 %ctx_data_14_1_out, i8 %ctx_data_14_1_load"   --->   Operation 370 'write' 'write_ln0' <Predicate = (icmp_ln110)> <Delay = 0.00>
ST_2 : Operation 371 [1/1] (0.00ns)   --->   "%write_ln0 = write void @_ssdm_op_Write.ap_auto.i8P0A, i8 %ctx_data_15_1_out, i8 %ctx_data_15_1_load"   --->   Operation 371 'write' 'write_ln0' <Predicate = (icmp_ln110)> <Delay = 0.00>
ST_2 : Operation 372 [1/1] (0.00ns)   --->   "%write_ln0 = write void @_ssdm_op_Write.ap_auto.i8P0A, i8 %ctx_data_16_1_out, i8 %ctx_data_16_1_load"   --->   Operation 372 'write' 'write_ln0' <Predicate = (icmp_ln110)> <Delay = 0.00>
ST_2 : Operation 373 [1/1] (0.00ns)   --->   "%write_ln0 = write void @_ssdm_op_Write.ap_auto.i8P0A, i8 %ctx_data_17_1_out, i8 %ctx_data_17_1_load"   --->   Operation 373 'write' 'write_ln0' <Predicate = (icmp_ln110)> <Delay = 0.00>
ST_2 : Operation 374 [1/1] (0.00ns)   --->   "%write_ln0 = write void @_ssdm_op_Write.ap_auto.i8P0A, i8 %ctx_data_18_1_out, i8 %ctx_data_18_1_load"   --->   Operation 374 'write' 'write_ln0' <Predicate = (icmp_ln110)> <Delay = 0.00>
ST_2 : Operation 375 [1/1] (0.00ns)   --->   "%write_ln0 = write void @_ssdm_op_Write.ap_auto.i8P0A, i8 %ctx_data_19_1_out, i8 %ctx_data_19_1_load"   --->   Operation 375 'write' 'write_ln0' <Predicate = (icmp_ln110)> <Delay = 0.00>
ST_2 : Operation 376 [1/1] (0.00ns)   --->   "%write_ln0 = write void @_ssdm_op_Write.ap_auto.i8P0A, i8 %ctx_data_20_1_out, i8 %ctx_data_20_1_load"   --->   Operation 376 'write' 'write_ln0' <Predicate = (icmp_ln110)> <Delay = 0.00>
ST_2 : Operation 377 [1/1] (0.00ns)   --->   "%write_ln0 = write void @_ssdm_op_Write.ap_auto.i8P0A, i8 %ctx_data_21_1_out, i8 %ctx_data_21_1_load"   --->   Operation 377 'write' 'write_ln0' <Predicate = (icmp_ln110)> <Delay = 0.00>
ST_2 : Operation 378 [1/1] (0.00ns)   --->   "%write_ln0 = write void @_ssdm_op_Write.ap_auto.i8P0A, i8 %ctx_data_22_1_out, i8 %ctx_data_22_1_load"   --->   Operation 378 'write' 'write_ln0' <Predicate = (icmp_ln110)> <Delay = 0.00>
ST_2 : Operation 379 [1/1] (0.00ns)   --->   "%write_ln0 = write void @_ssdm_op_Write.ap_auto.i8P0A, i8 %ctx_data_23_1_out, i8 %ctx_data_23_1_load"   --->   Operation 379 'write' 'write_ln0' <Predicate = (icmp_ln110)> <Delay = 0.00>
ST_2 : Operation 380 [1/1] (0.00ns)   --->   "%write_ln0 = write void @_ssdm_op_Write.ap_auto.i8P0A, i8 %ctx_data_2427_1_out, i8 %ctx_data_2427_1_load"   --->   Operation 380 'write' 'write_ln0' <Predicate = (icmp_ln110)> <Delay = 0.00>
ST_2 : Operation 381 [1/1] (0.00ns)   --->   "%write_ln0 = write void @_ssdm_op_Write.ap_auto.i8P0A, i8 %ctx_data_25_1_out, i8 %ctx_data_25_1_load"   --->   Operation 381 'write' 'write_ln0' <Predicate = (icmp_ln110)> <Delay = 0.00>
ST_2 : Operation 382 [1/1] (0.00ns)   --->   "%write_ln0 = write void @_ssdm_op_Write.ap_auto.i8P0A, i8 %ctx_data_26_1_out, i8 %ctx_data_26_1_load"   --->   Operation 382 'write' 'write_ln0' <Predicate = (icmp_ln110)> <Delay = 0.00>
ST_2 : Operation 383 [1/1] (0.00ns)   --->   "%write_ln0 = write void @_ssdm_op_Write.ap_auto.i8P0A, i8 %ctx_data_27_1_out, i8 %ctx_data_27_1_load"   --->   Operation 383 'write' 'write_ln0' <Predicate = (icmp_ln110)> <Delay = 0.00>
ST_2 : Operation 384 [1/1] (0.00ns)   --->   "%write_ln0 = write void @_ssdm_op_Write.ap_auto.i8P0A, i8 %ctx_data_28_1_out, i8 %ctx_data_28_1_load"   --->   Operation 384 'write' 'write_ln0' <Predicate = (icmp_ln110)> <Delay = 0.00>
ST_2 : Operation 385 [1/1] (0.00ns)   --->   "%write_ln0 = write void @_ssdm_op_Write.ap_auto.i8P0A, i8 %ctx_data_29_1_out, i8 %ctx_data_29_1_load"   --->   Operation 385 'write' 'write_ln0' <Predicate = (icmp_ln110)> <Delay = 0.00>
ST_2 : Operation 386 [1/1] (0.00ns)   --->   "%write_ln0 = write void @_ssdm_op_Write.ap_auto.i8P0A, i8 %ctx_data_30_1_out, i8 %ctx_data_30_1_load"   --->   Operation 386 'write' 'write_ln0' <Predicate = (icmp_ln110)> <Delay = 0.00>
ST_2 : Operation 387 [1/1] (0.00ns)   --->   "%write_ln0 = write void @_ssdm_op_Write.ap_auto.i8P0A, i8 %ctx_data_31_1_out, i8 %ctx_data_31_1_load"   --->   Operation 387 'write' 'write_ln0' <Predicate = (icmp_ln110)> <Delay = 0.00>
ST_2 : Operation 388 [1/1] (0.00ns)   --->   "%write_ln0 = write void @_ssdm_op_Write.ap_auto.i8P0A, i8 %ctx_data_32_1_out, i8 %ctx_data_32_1_load"   --->   Operation 388 'write' 'write_ln0' <Predicate = (icmp_ln110)> <Delay = 0.00>
ST_2 : Operation 389 [1/1] (0.00ns)   --->   "%write_ln0 = write void @_ssdm_op_Write.ap_auto.i8P0A, i8 %ctx_data_33_1_out, i8 %ctx_data_33_1_load"   --->   Operation 389 'write' 'write_ln0' <Predicate = (icmp_ln110)> <Delay = 0.00>
ST_2 : Operation 390 [1/1] (0.00ns)   --->   "%write_ln0 = write void @_ssdm_op_Write.ap_auto.i8P0A, i8 %ctx_data_34_1_out, i8 %ctx_data_34_1_load"   --->   Operation 390 'write' 'write_ln0' <Predicate = (icmp_ln110)> <Delay = 0.00>
ST_2 : Operation 391 [1/1] (0.00ns)   --->   "%write_ln0 = write void @_ssdm_op_Write.ap_auto.i8P0A, i8 %ctx_data_3539_1_out, i8 %ctx_data_3539_1_load"   --->   Operation 391 'write' 'write_ln0' <Predicate = (icmp_ln110)> <Delay = 0.00>
ST_2 : Operation 392 [1/1] (0.00ns)   --->   "%write_ln0 = write void @_ssdm_op_Write.ap_auto.i8P0A, i8 %ctx_data_36_1_out, i8 %ctx_data_36_1_load"   --->   Operation 392 'write' 'write_ln0' <Predicate = (icmp_ln110)> <Delay = 0.00>
ST_2 : Operation 393 [1/1] (0.00ns)   --->   "%write_ln0 = write void @_ssdm_op_Write.ap_auto.i8P0A, i8 %ctx_data_37_1_out, i8 %ctx_data_37_1_load"   --->   Operation 393 'write' 'write_ln0' <Predicate = (icmp_ln110)> <Delay = 0.00>
ST_2 : Operation 394 [1/1] (0.00ns)   --->   "%write_ln0 = write void @_ssdm_op_Write.ap_auto.i8P0A, i8 %ctx_data_38_1_out, i8 %ctx_data_38_1_load"   --->   Operation 394 'write' 'write_ln0' <Predicate = (icmp_ln110)> <Delay = 0.00>
ST_2 : Operation 395 [1/1] (0.00ns)   --->   "%write_ln0 = write void @_ssdm_op_Write.ap_auto.i8P0A, i8 %ctx_data_39_1_out, i8 %ctx_data_39_1_load"   --->   Operation 395 'write' 'write_ln0' <Predicate = (icmp_ln110)> <Delay = 0.00>
ST_2 : Operation 396 [1/1] (0.00ns)   --->   "%write_ln0 = write void @_ssdm_op_Write.ap_auto.i8P0A, i8 %ctx_data_40_1_out, i8 %ctx_data_40_1_load"   --->   Operation 396 'write' 'write_ln0' <Predicate = (icmp_ln110)> <Delay = 0.00>
ST_2 : Operation 397 [1/1] (0.00ns)   --->   "%write_ln0 = write void @_ssdm_op_Write.ap_auto.i8P0A, i8 %ctx_data_41_1_out, i8 %ctx_data_41_1_load"   --->   Operation 397 'write' 'write_ln0' <Predicate = (icmp_ln110)> <Delay = 0.00>
ST_2 : Operation 398 [1/1] (0.00ns)   --->   "%write_ln0 = write void @_ssdm_op_Write.ap_auto.i8P0A, i8 %ctx_data_42_1_out, i8 %ctx_data_42_1_load"   --->   Operation 398 'write' 'write_ln0' <Predicate = (icmp_ln110)> <Delay = 0.00>
ST_2 : Operation 399 [1/1] (0.00ns)   --->   "%write_ln0 = write void @_ssdm_op_Write.ap_auto.i8P0A, i8 %ctx_data_43_1_out, i8 %ctx_data_43_1_load"   --->   Operation 399 'write' 'write_ln0' <Predicate = (icmp_ln110)> <Delay = 0.00>
ST_2 : Operation 400 [1/1] (0.00ns)   --->   "%write_ln0 = write void @_ssdm_op_Write.ap_auto.i8P0A, i8 %ctx_data_44_1_out, i8 %ctx_data_44_1_load"   --->   Operation 400 'write' 'write_ln0' <Predicate = (icmp_ln110)> <Delay = 0.00>
ST_2 : Operation 401 [1/1] (0.00ns)   --->   "%write_ln0 = write void @_ssdm_op_Write.ap_auto.i8P0A, i8 %ctx_data_45_1_out, i8 %ctx_data_45_1_load"   --->   Operation 401 'write' 'write_ln0' <Predicate = (icmp_ln110)> <Delay = 0.00>
ST_2 : Operation 402 [1/1] (0.00ns)   --->   "%write_ln0 = write void @_ssdm_op_Write.ap_auto.i8P0A, i8 %ctx_data_4651_1_out, i8 %ctx_data_4651_1_load"   --->   Operation 402 'write' 'write_ln0' <Predicate = (icmp_ln110)> <Delay = 0.00>
ST_2 : Operation 403 [1/1] (0.00ns)   --->   "%write_ln0 = write void @_ssdm_op_Write.ap_auto.i8P0A, i8 %ctx_data_47_1_out, i8 %ctx_data_47_1_load"   --->   Operation 403 'write' 'write_ln0' <Predicate = (icmp_ln110)> <Delay = 0.00>
ST_2 : Operation 404 [1/1] (0.00ns)   --->   "%write_ln0 = write void @_ssdm_op_Write.ap_auto.i8P0A, i8 %ctx_data_48_1_out, i8 %ctx_data_48_1_load"   --->   Operation 404 'write' 'write_ln0' <Predicate = (icmp_ln110)> <Delay = 0.00>
ST_2 : Operation 405 [1/1] (0.00ns)   --->   "%write_ln0 = write void @_ssdm_op_Write.ap_auto.i8P0A, i8 %ctx_data_49_1_out, i8 %ctx_data_49_1_load"   --->   Operation 405 'write' 'write_ln0' <Predicate = (icmp_ln110)> <Delay = 0.00>
ST_2 : Operation 406 [1/1] (0.00ns)   --->   "%write_ln0 = write void @_ssdm_op_Write.ap_auto.i8P0A, i8 %ctx_data_50_1_out, i8 %ctx_data_50_1_load"   --->   Operation 406 'write' 'write_ln0' <Predicate = (icmp_ln110)> <Delay = 0.00>
ST_2 : Operation 407 [1/1] (0.00ns)   --->   "%write_ln0 = write void @_ssdm_op_Write.ap_auto.i8P0A, i8 %ctx_data_51_1_out, i8 %ctx_data_51_1_load"   --->   Operation 407 'write' 'write_ln0' <Predicate = (icmp_ln110)> <Delay = 0.00>
ST_2 : Operation 408 [1/1] (0.00ns)   --->   "%write_ln0 = write void @_ssdm_op_Write.ap_auto.i8P0A, i8 %ctx_data_52_1_out, i8 %ctx_data_52_1_load"   --->   Operation 408 'write' 'write_ln0' <Predicate = (icmp_ln110)> <Delay = 0.00>
ST_2 : Operation 409 [1/1] (0.00ns)   --->   "%write_ln0 = write void @_ssdm_op_Write.ap_auto.i8P0A, i8 %ctx_data_53_1_out, i8 %ctx_data_53_1_load"   --->   Operation 409 'write' 'write_ln0' <Predicate = (icmp_ln110)> <Delay = 0.00>
ST_2 : Operation 410 [1/1] (0.00ns)   --->   "%write_ln0 = write void @_ssdm_op_Write.ap_auto.i8P0A, i8 %ctx_data_54_1_out, i8 %ctx_data_54_1_load"   --->   Operation 410 'write' 'write_ln0' <Predicate = (icmp_ln110)> <Delay = 0.00>
ST_2 : Operation 411 [1/1] (0.00ns)   --->   "%write_ln0 = write void @_ssdm_op_Write.ap_auto.i8P0A, i8 %ctx_data_55_1_out, i8 %ctx_data_55_1_load"   --->   Operation 411 'write' 'write_ln0' <Predicate = (icmp_ln110)> <Delay = 0.00>
ST_2 : Operation 412 [1/1] (0.00ns)   --->   "%ret_ln0 = ret"   --->   Operation 412 'ret' 'ret_ln0' <Predicate = (icmp_ln110)> <Delay = 0.00>


============================================================
+ Verbose Summary: Timing violations
============================================================
Target clock period: 10ns, clock uncertainty: 2.7ns.

 <State 1>: 0.387ns
The critical path consists of the following:
	'alloca' operation ('ctx_data_0_1') [170]  (0 ns)
	'store' operation ('store_ln0') of variable 'ctx_data_0_0_read' on local variable 'ctx_data_0_1' [229]  (0.387 ns)

 <State 2>: 1.53ns
The critical path consists of the following:
	'load' operation ('i_load', sha1/sha256_impl1.cpp:111) on local variable 'i' [288]  (0 ns)
	'add' operation ('i', sha1/sha256_impl1.cpp:111) [295]  (1.15 ns)
	'store' operation ('store_ln110', sha1/sha256_impl1.cpp:110) of variable 'i', sha1/sha256_impl1.cpp:111 on local variable 'i' [467]  (0.387 ns)


============================================================
+ Verbose Summary: Binding
============================================================
N/A
* FSMD analyzer results:
  - Output states:
 - Input state : 
  - Chain level:
	State 1
	State 2


============================================================
+ Verbose Summary: Datapath Resource usage 
============================================================
N/A
