

================================================================
== Vitis HLS Report for 'monProduct_512_s'
================================================================
* Date:           Wed Aug  2 23:09:24 2023

* Version:        2022.1 (Build 3526262 on Mon Apr 18 15:47:01 MDT 2022)
* Project:        shat-rsa
* Solution:       solution1 (Vivado IP Flow Target)
* Product family: virtexuplus
* Target device:  xcu280-fsvh2892-2L-e


================================================================
== Performance Estimates
================================================================
+ Timing: 
    * Summary: 
    +--------+----------+----------+------------+
    |  Clock |  Target  | Estimated| Uncertainty|
    +--------+----------+----------+------------+
    |ap_clk  |  10.00 ns|  7.016 ns|     2.70 ns|
    +--------+----------+----------+------------+

+ Latency: 
    * Summary: 
    +---------+---------+----------+----------+-----+-----+---------+
    |  Latency (cycles) |  Latency (absolute) |  Interval | Pipeline|
    |   min   |   max   |    min   |    max   | min | max |   Type  |
    +---------+---------+----------+----------+-----+-----+---------+
    |      516|      516|  5.160 us|  5.160 us|  516|  516|       no|
    +---------+---------+----------+----------+-----+-----+---------+

    + Detail: 
        * Instance: 
        +---------------------------------------------------+-----------------------------------------+---------+---------+----------+----------+-----+-----+---------+
        |                                                   |                                         |  Latency (cycles) |  Latency (absolute) |  Interval | Pipeline|
        |                      Instance                     |                  Module                 |   min   |   max   |    min   |    max   | min | max |   Type  |
        +---------------------------------------------------+-----------------------------------------+---------+---------+----------+----------+-----+-----+---------+
        |grp_monProduct_512_Pipeline_MON_PRODUCT_MOD_fu_30  |monProduct_512_Pipeline_MON_PRODUCT_MOD  |      514|      514|  5.140 us|  5.140 us|  514|  514|       no|
        +---------------------------------------------------+-----------------------------------------+---------+---------+----------+----------+-----+-----+---------+

        * Loop: 
        N/A

============================================================
+ Verbose Summary: Synthesis Manager
============================================================
InlineROM: 1
ExposeGlobal: 0
============================================================
+ Verbose Summary: CDFG Model
============================================================
IsTopModel: 0
ResetActiveHigh: 1
IsCombinational: 0
IsDatapathOnly: 0
HasWiredReturn: 1
HasMFsm: 0
HasVarLatency: 1
IsPipeline: 0
IsRtlPipelined: 0
IsInstanceOverlapped: 0
IsDontTouch: 0
HasImplIP: 0
IsGatedGlobalClock: 0


============================================================
+ Verbose Summary: Schedule
============================================================
* Number of FSM states : 3
* Pipeline : 0
* Dataflow Pipeline: 0

* FSM state transitions: 
1 --> 2 
2 --> 3 
3 --> 

* FSM state operations: 

State 1 <SV = 0> <Delay = 0.00>
ST_1 : Operation 4 [1/1] (0.00ns)   --->   "%opB_read = read i512 @_ssdm_op_Read.ap_auto.i512, i512 %opB"   --->   Operation 4 'read' 'opB_read' <Predicate = true> <Delay = 0.00>
ST_1 : Operation 5 [1/1] (0.00ns)   --->   "%opA_read = read i512 @_ssdm_op_Read.ap_auto.i512, i512 %opA"   --->   Operation 5 'read' 'opA_read' <Predicate = true> <Delay = 0.00>
ST_1 : Operation 6 [1/1] (0.00ns)   --->   "%s_V_2_loc = alloca i64 1"   --->   Operation 6 'alloca' 's_V_2_loc' <Predicate = true> <Delay = 0.00>
ST_1 : Operation 7 [1/1] (0.00ns)   --->   "%p_Result_s = trunc i512 %opA_read"   --->   Operation 7 'trunc' 'p_Result_s' <Predicate = true> <Delay = 0.00>
ST_1 : Operation 8 [2/2] (0.00ns)   --->   "%call_ln825 = call void @monProduct<512>_Pipeline_MON_PRODUCT_MOD, i512 %opB_read, i1 %p_Result_s, i512 %opA_read, i513 %s_V_2_loc"   --->   Operation 8 'call' 'call_ln825' <Predicate = true> <Delay = 0.00> <CoreType = "Generic">   --->   Core 0 '' <Latency = 0> <II = 1> <Delay = 1.00> <Generic> <Opcode : >

State 2 <SV = 1> <Delay = 0.60>
ST_2 : Operation 9 [1/2] (0.60ns)   --->   "%call_ln825 = call void @monProduct<512>_Pipeline_MON_PRODUCT_MOD, i512 %opB_read, i1 %p_Result_s, i512 %opA_read, i513 %s_V_2_loc"   --->   Operation 9 'call' 'call_ln825' <Predicate = true> <Delay = 0.60> <CoreType = "Generic">   --->   Core 0 '' <Latency = 0> <II = 1> <Delay = 1.00> <Generic> <Opcode : >

State 3 <SV = 2> <Delay = 3.88>
ST_3 : Operation 10 [1/1] (0.00ns)   --->   "%s_V_2_loc_load = load i513 %s_V_2_loc"   --->   Operation 10 'load' 's_V_2_loc_load' <Predicate = true> <Delay = 0.00>
ST_3 : Operation 11 [1/1] (1.32ns)   --->   "%icmp_ln1081 = icmp_ugt  i513 %s_V_2_loc_load, i513 7088021856551958929501352968787714533582346991421508609526112846477345315936939591169267906367902883502005512977912417779748841611582289497208430568288093"   --->   Operation 11 'icmp' 'icmp_ln1081' <Predicate = true> <Delay = 1.32> <CoreInst = "Cmp">   --->   Core 9 'Cmp' <Latency = 0> <II = 1> <Delay = 1.32> <FuncUnit> <Opcode : 'icmp'> <InPorts = 2> <OutPorts = 1>
ST_3 : Operation 12 [1/1] (0.00ns)   --->   "%trunc_ln887 = trunc i513 %s_V_2_loc_load"   --->   Operation 12 'trunc' 'trunc_ln887' <Predicate = true> <Delay = 0.00>
ST_3 : Operation 13 [1/1] (3.30ns)   --->   "%add_ln93 = add i512 %trunc_ln887, i512 6319786073390638170072672029418131593897018829170884768197448597244418714136607385632606391799000544188026345208573633074005041200364280449225218437796003" [./sha256.hpp:93]   --->   Operation 13 'add' 'add_ln93' <Predicate = true> <Delay = 3.30> <CoreInst = "Adder">   --->   Core 1 'Adder' <Latency = 0> <II = 1> <Delay = 3.30> <FuncUnit> <Opcode : 'add' 'sub'> <InPorts = 2> <OutPorts = 1>
ST_3 : Operation 14 [1/1] (0.57ns)   --->   "%select_ln93 = select i1 %icmp_ln1081, i512 %add_ln93, i512 %trunc_ln887" [./sha256.hpp:93]   --->   Operation 14 'select' 'select_ln93' <Predicate = true> <Delay = 0.57> <CoreInst = "Sel">   --->   Core 73 'Sel' <Latency = 0> <II = 1> <Delay = 0.57> <FuncUnit> <Opcode : 'select'> <InPorts = 3> <OutPorts = 1>
ST_3 : Operation 15 [1/1] (0.00ns)   --->   "%ret_ln97 = ret i512 %select_ln93" [./sha256.hpp:97]   --->   Operation 15 'ret' 'ret_ln97' <Predicate = true> <Delay = 0.00>


============================================================
+ Verbose Summary: Binding
============================================================
STG Binding: 
---------------- STG Properties BEGIN ----------------
- Is combinational: 0
- Is one-state seq: 0
- Is datapath-only: 0
- Is pipelined: 0
- Is top level: 0
Port [ Return ] is wired: 1; IO mode=ap_ctrl_hs:ce=0
Port [ opA]:  wired=1; compound=0; hidden=0; nouse=0; global=0; static=0; extern=0; dir=0; type=0; pingpong=0; private_global=0; IO mode=ap_none:ce=0
Port [ opB]:  wired=1; compound=0; hidden=0; nouse=0; global=0; static=0; extern=0; dir=0; type=0; pingpong=0; private_global=0; IO mode=ap_none:ce=0
---------------- STG Properties END ------------------

---------------- Datapath Model BEGIN ----------------

<LifeTime>
<method=bitvector/>
opB_read       (read  ) [ 0010]
opA_read       (read  ) [ 0010]
s_V_2_loc      (alloca) [ 0111]
p_Result_s     (trunc ) [ 0010]
call_ln825     (call  ) [ 0000]
s_V_2_loc_load (load  ) [ 0000]
icmp_ln1081    (icmp  ) [ 0000]
trunc_ln887    (trunc ) [ 0000]
add_ln93       (add   ) [ 0000]
select_ln93    (select) [ 0000]
ret_ln97       (ret   ) [ 0000]
</LifeTime>

<model>

<comp_list>
<comp id="0" class="1000" name="opA">
<pin_list>
<pin id="1" dir="1" index="0" bw="1" slack="0"/>
</pin_list>
<bind>
<StgValue><ssdm name="opA"/></StgValue>
</bind>
</comp>

<comp id="2" class="1000" name="opB">
<pin_list>
<pin id="3" dir="1" index="0" bw="1" slack="0"/>
</pin_list>
<bind>
<StgValue><ssdm name="opB"/></StgValue>
</bind>
</comp>

<comp id="4" class="1001" name="const_4">
<pin_list>
<pin id="5" dir="1" index="0" bw="1" slack="0"/>
</pin_list>
<bind>
<StgValue><ssdm name="_ssdm_op_Read.ap_auto.i512"/></StgValue>
</bind>
</comp>

<comp id="6" class="1001" name="const_6">
<pin_list>
<pin id="7" dir="1" index="0" bw="1" slack="0"/>
</pin_list>
<bind>
<StgValue><ssdm name=""/></StgValue>
</bind>
</comp>

<comp id="8" class="1001" name="const_8">
<pin_list>
<pin id="9" dir="1" index="0" bw="1" slack="0"/>
</pin_list>
<bind>
<StgValue><ssdm name="monProduct<512>_Pipeline_MON_PRODUCT_MOD"/></StgValue>
</bind>
</comp>

<comp id="10" class="1001" name="const_10">
<pin_list>
<pin id="11" dir="1" index="0" bw="1" slack="0"/>
</pin_list>
<bind>
<StgValue><ssdm name=""/></StgValue>
</bind>
</comp>

<comp id="12" class="1001" name="const_12">
<pin_list>
<pin id="13" dir="1" index="0" bw="1" slack="0"/>
</pin_list>
<bind>
<StgValue><ssdm name=""/></StgValue>
</bind>
</comp>

<comp id="14" class="1004" name="s_V_2_loc_fu_14">
<pin_list>
<pin id="15" dir="0" index="0" bw="1" slack="0"/>
<pin id="16" dir="1" index="1" bw="513" slack="0"/>
</pin_list>
<bind>
<opcode="alloca(26) " fcode="alloca"/>
<opset="s_V_2_loc/1 "/>
</bind>
</comp>

<comp id="18" class="1004" name="opB_read_read_fu_18">
<pin_list>
<pin id="19" dir="0" index="0" bw="512" slack="0"/>
<pin id="20" dir="0" index="1" bw="512" slack="0"/>
<pin id="21" dir="1" index="2" bw="512" slack="0"/>
</pin_list>
<bind>
<opcode="read(1150) " fcode="read"/>
<opset="opB_read/1 "/>
</bind>
</comp>

<comp id="24" class="1004" name="opA_read_read_fu_24">
<pin_list>
<pin id="25" dir="0" index="0" bw="512" slack="0"/>
<pin id="26" dir="0" index="1" bw="512" slack="0"/>
<pin id="27" dir="1" index="2" bw="512" slack="0"/>
</pin_list>
<bind>
<opcode="read(1150) " fcode="read"/>
<opset="opA_read/1 "/>
</bind>
</comp>

<comp id="30" class="1004" name="grp_monProduct_512_Pipeline_MON_PRODUCT_MOD_fu_30">
<pin_list>
<pin id="31" dir="0" index="0" bw="0" slack="0"/>
<pin id="32" dir="0" index="1" bw="512" slack="0"/>
<pin id="33" dir="0" index="2" bw="1" slack="0"/>
<pin id="34" dir="0" index="3" bw="512" slack="0"/>
<pin id="35" dir="0" index="4" bw="513" slack="0"/>
<pin id="36" dir="1" index="5" bw="0" slack="2147483647"/>
</pin_list>
<bind>
<opcode="call(48) " fcode="call"/>
<opset="call_ln825/1 "/>
</bind>
</comp>

<comp id="40" class="1004" name="p_Result_s_fu_40">
<pin_list>
<pin id="41" dir="0" index="0" bw="512" slack="0"/>
<pin id="42" dir="1" index="1" bw="1" slack="0"/>
</pin_list>
<bind>
<opcode="trunc(33) " fcode="trunc"/>
<opset="p_Result_s/1 "/>
</bind>
</comp>

<comp id="45" class="1004" name="s_V_2_loc_load_load_fu_45">
<pin_list>
<pin id="46" dir="0" index="0" bw="513" slack="2"/>
<pin id="47" dir="1" index="1" bw="513" slack="0"/>
</pin_list>
<bind>
<opcode="load(27) " fcode="load"/>
<opset="s_V_2_loc_load/3 "/>
</bind>
</comp>

<comp id="48" class="1004" name="icmp_ln1081_fu_48">
<pin_list>
<pin id="49" dir="0" index="0" bw="513" slack="0"/>
<pin id="50" dir="0" index="1" bw="513" slack="0"/>
<pin id="51" dir="1" index="2" bw="1" slack="0"/>
</pin_list>
<bind>
<opcode="icmp(45) " fcode="icmp"/>
<opset="icmp_ln1081/3 "/>
</bind>
</comp>

<comp id="54" class="1004" name="trunc_ln887_fu_54">
<pin_list>
<pin id="55" dir="0" index="0" bw="513" slack="0"/>
<pin id="56" dir="1" index="1" bw="512" slack="0"/>
</pin_list>
<bind>
<opcode="trunc(33) " fcode="trunc"/>
<opset="trunc_ln887/3 "/>
</bind>
</comp>

<comp id="58" class="1004" name="add_ln93_fu_58">
<pin_list>
<pin id="59" dir="0" index="0" bw="512" slack="0"/>
<pin id="60" dir="0" index="1" bw="512" slack="0"/>
<pin id="61" dir="1" index="2" bw="512" slack="0"/>
</pin_list>
<bind>
<opcode="add(8) " fcode="add"/>
<opset="add_ln93/3 "/>
</bind>
</comp>

<comp id="64" class="1004" name="select_ln93_fu_64">
<pin_list>
<pin id="65" dir="0" index="0" bw="1" slack="0"/>
<pin id="66" dir="0" index="1" bw="512" slack="0"/>
<pin id="67" dir="0" index="2" bw="512" slack="0"/>
<pin id="68" dir="1" index="3" bw="512" slack="2147483647"/>
</pin_list>
<bind>
<opcode="select(49) " fcode="select"/>
<opset="select_ln93/3 "/>
</bind>
</comp>

<comp id="72" class="1005" name="opB_read_reg_72">
<pin_list>
<pin id="73" dir="0" index="0" bw="512" slack="1"/>
<pin id="74" dir="1" index="1" bw="512" slack="1"/>
</pin_list>
<bind>
<opset="opB_read "/>
</bind>
</comp>

<comp id="77" class="1005" name="opA_read_reg_77">
<pin_list>
<pin id="78" dir="0" index="0" bw="512" slack="1"/>
<pin id="79" dir="1" index="1" bw="512" slack="1"/>
</pin_list>
<bind>
<opset="opA_read "/>
</bind>
</comp>

<comp id="82" class="1005" name="s_V_2_loc_reg_82">
<pin_list>
<pin id="83" dir="0" index="0" bw="513" slack="0"/>
<pin id="84" dir="1" index="1" bw="513" slack="0"/>
</pin_list>
<bind>
<opset="s_V_2_loc "/>
</bind>
</comp>

<comp id="88" class="1005" name="p_Result_s_reg_88">
<pin_list>
<pin id="89" dir="0" index="0" bw="1" slack="1"/>
<pin id="90" dir="1" index="1" bw="1" slack="1"/>
</pin_list>
<bind>
<opset="p_Result_s "/>
</bind>
</comp>

</comp_list>

<net_list>
<net id="17"><net_src comp="6" pin="0"/><net_sink comp="14" pin=0"/></net>

<net id="22"><net_src comp="4" pin="0"/><net_sink comp="18" pin=0"/></net>

<net id="23"><net_src comp="2" pin="0"/><net_sink comp="18" pin=1"/></net>

<net id="28"><net_src comp="4" pin="0"/><net_sink comp="24" pin=0"/></net>

<net id="29"><net_src comp="0" pin="0"/><net_sink comp="24" pin=1"/></net>

<net id="37"><net_src comp="8" pin="0"/><net_sink comp="30" pin=0"/></net>

<net id="38"><net_src comp="18" pin="2"/><net_sink comp="30" pin=1"/></net>

<net id="39"><net_src comp="24" pin="2"/><net_sink comp="30" pin=3"/></net>

<net id="43"><net_src comp="24" pin="2"/><net_sink comp="40" pin=0"/></net>

<net id="44"><net_src comp="40" pin="1"/><net_sink comp="30" pin=2"/></net>

<net id="52"><net_src comp="45" pin="1"/><net_sink comp="48" pin=0"/></net>

<net id="53"><net_src comp="10" pin="0"/><net_sink comp="48" pin=1"/></net>

<net id="57"><net_src comp="45" pin="1"/><net_sink comp="54" pin=0"/></net>

<net id="62"><net_src comp="54" pin="1"/><net_sink comp="58" pin=0"/></net>

<net id="63"><net_src comp="12" pin="0"/><net_sink comp="58" pin=1"/></net>

<net id="69"><net_src comp="48" pin="2"/><net_sink comp="64" pin=0"/></net>

<net id="70"><net_src comp="58" pin="2"/><net_sink comp="64" pin=1"/></net>

<net id="71"><net_src comp="54" pin="1"/><net_sink comp="64" pin=2"/></net>

<net id="75"><net_src comp="18" pin="2"/><net_sink comp="72" pin=0"/></net>

<net id="76"><net_src comp="72" pin="1"/><net_sink comp="30" pin=1"/></net>

<net id="80"><net_src comp="24" pin="2"/><net_sink comp="77" pin=0"/></net>

<net id="81"><net_src comp="77" pin="1"/><net_sink comp="30" pin=3"/></net>

<net id="85"><net_src comp="14" pin="1"/><net_sink comp="82" pin=0"/></net>

<net id="86"><net_src comp="82" pin="1"/><net_sink comp="30" pin=4"/></net>

<net id="87"><net_src comp="82" pin="1"/><net_sink comp="45" pin=0"/></net>

<net id="91"><net_src comp="40" pin="1"/><net_sink comp="88" pin=0"/></net>

<net id="92"><net_src comp="88" pin="1"/><net_sink comp="30" pin=2"/></net>

</net_list>

</model> 
---------------- Datapath Model END ------------------

* FSMD analyzer results:
  - Output states:
 - Input state : 
	Port: monProduct<512> : opA | {1 }
	Port: monProduct<512> : opB | {1 }
  - Chain level:
	State 1
		call_ln825 : 1
	State 2
	State 3
		icmp_ln1081 : 1
		trunc_ln887 : 1
		add_ln93 : 2
		select_ln93 : 3
		ret_ln97 : 4


============================================================
+ Verbose Summary: Datapath Resource usage 
============================================================

* Functional unit list:
|----------|---------------------------------------------------|---------|---------|
| Operation|                  Functional Unit                  |    FF   |   LUT   |
|----------|---------------------------------------------------|---------|---------|
|   call   | grp_monProduct_512_Pipeline_MON_PRODUCT_MOD_fu_30 |   1548  |   1915  |
|----------|---------------------------------------------------|---------|---------|
|    add   |                   add_ln93_fu_58                  |    0    |   512   |
|----------|---------------------------------------------------|---------|---------|
|  select  |                 select_ln93_fu_64                 |    0    |   428   |
|----------|---------------------------------------------------|---------|---------|
|   icmp   |                 icmp_ln1081_fu_48                 |    0    |   179   |
|----------|---------------------------------------------------|---------|---------|
|   read   |                opB_read_read_fu_18                |    0    |    0    |
|          |                opA_read_read_fu_24                |    0    |    0    |
|----------|---------------------------------------------------|---------|---------|
|   trunc  |                  p_Result_s_fu_40                 |    0    |    0    |
|          |                 trunc_ln887_fu_54                 |    0    |    0    |
|----------|---------------------------------------------------|---------|---------|
|   Total  |                                                   |   1548  |   3034  |
|----------|---------------------------------------------------|---------|---------|

Memories:
N/A

* Register list:
+-----------------+--------+
|                 |   FF   |
+-----------------+--------+
| opA_read_reg_77 |   512  |
| opB_read_reg_72 |   512  |
|p_Result_s_reg_88|    1   |
| s_V_2_loc_reg_82|   513  |
+-----------------+--------+
|      Total      |  1538  |
+-----------------+--------+

* Multiplexer (MUX) list: 
|---------------------------------------------------|------|------|------|--------||---------||---------|
|                        Comp                       |  Pin | Size |  BW  | S x BW ||  Delay  ||   LUT   |
|---------------------------------------------------|------|------|------|--------||---------||---------|
| grp_monProduct_512_Pipeline_MON_PRODUCT_MOD_fu_30 |  p1  |   2  |  512 |  1024  ||    9    |
| grp_monProduct_512_Pipeline_MON_PRODUCT_MOD_fu_30 |  p2  |   2  |   1  |    2   ||    9    |
| grp_monProduct_512_Pipeline_MON_PRODUCT_MOD_fu_30 |  p3  |   2  |  512 |  1024  ||    9    |
|---------------------------------------------------|------|------|------|--------||---------||---------|
|                       Total                       |      |      |      |  2050  ||  1.161  ||    27   |
|---------------------------------------------------|------|------|------|--------||---------||---------|



* Summary:
+-----------+--------+--------+--------+
|           |  Delay |   FF   |   LUT  |
+-----------+--------+--------+--------+
|  Function |    -   |  1548  |  3034  |
|   Memory  |    -   |    -   |    -   |
|Multiplexer|    1   |    -   |   27   |
|  Register |    -   |  1538  |    -   |
+-----------+--------+--------+--------+
|   Total   |    1   |  3086  |  3061  |
+-----------+--------+--------+--------+
