==============================================================
Vitis HLS - High-Level Synthesis from C, C++ and OpenCL v2022.1 (64-bit)
Tool Version Limit: 2022.04
Copyright 1986-2022 Xilinx, Inc. All Rights Reserved.
==============================================================
INFO: [SYN 201-201] Setting up clock 'default' with a period of 10ns.
INFO: [HLS 200-1611] Setting target device to 'xcu280-fsvh2892-2L-e'
INFO: [HLS 200-1505] Using flow_target 'vivado'
INFO: [HLS 200-1510] Running: set_part xcu280-fsvh2892-2L-e 
INFO: [HLS 200-1510] Running: create_clock -period 10 -name default 
INFO: [SYN 201-201] Setting up clock 'default' with a period of 10ns.
INFO: [HLS 200-1510] Running: source ./shat/solution1/directives.tcl
INFO: [HLS 200-1510] Running: csynth_design 
INFO: [HLS 200-111] Finished File checks and directory preparation: CPU user time: 0.01 seconds. CPU system time: 0 seconds. Elapsed time: 0 seconds; current allocated memory: 1.231 GB.
INFO: [HLS 200-10] Analyzing design file 'sha256_tb.cpp' ... 
INFO: [HLS 200-10] Analyzing design file 'sha256.cpp' ... 
INFO: [HLS 200-111] Finished Source Code Analysis and Preprocessing: CPU user time: 6.63 seconds. CPU system time: 1.26 seconds. Elapsed time: 6.98 seconds; current allocated memory: 226.984 MB.
INFO: [HLS 200-777] Using interface defaults for 'Vivado' flow target.
INFO: [HLS 214-178] Inlining function 'axisIntf::axisIntf()' into 'sha256(hls::stream<axisIntf, 0>&, hls::stream<axisIntf, 0>&)' (sha256.cpp:10:0)
INFO: [HLS 214-241] Aggregating axis (hls::stream) variable 'input' with compact=bit mode in 584-bits (sha256.cpp:10:0)
INFO: [HLS 214-241] Aggregating axis (hls::stream) variable 'output' with compact=bit mode in 584-bits (sha256.cpp:10:0)
INFO: [HLS 214-131] Inlining function '_llvm.fpga.pack.none.i592.sl_s_struct.ap_uint<512>ss_struct.ap_uint<64>ss_struct.ap_uint<6>ss_struct.ap_uint<1>ss' into '_llvm.fpga.unpack.bits.s_struct.axisIntfs.i584.1'
INFO: [HLS 214-131] Inlining function '_llvm.fpga.unpack.bits.s_struct.axisIntfs.i584.1' into 'sha256(hls::stream<axisIntf, 0>&, hls::stream<axisIntf, 0>&)' (/share/xilinx/Vitis_HLS/2022.1/common/technology/autopilot/hls_stream_39.h:145:9)
INFO: [HLS 214-131] Inlining function '_llvm.fpga.pack.bits.i583.s_struct.axisIntfs.1' into 'sha256(hls::stream<axisIntf, 0>&, hls::stream<axisIntf, 0>&)' (/share/xilinx/Vitis_HLS/2022.1/common/technology/autopilot/hls_stream_39.h:174:9)
INFO: [HLS 214-131] Inlining function '_llvm.fpga.pack.none.i592.s_struct.axisIntfs' into 'sha256(hls::stream<axisIntf, 0>&, hls::stream<axisIntf, 0>&)' (/share/xilinx/Vitis_HLS/2022.1/common/technology/autopilot/hls_stream_39.h:174:9)
INFO: [HLS 200-111] Finished Compiling Optimization and Transform: CPU user time: 4.12 seconds. CPU system time: 0.48 seconds. Elapsed time: 4.61 seconds; current allocated memory: 227.688 MB.
INFO: [HLS 200-111] Finished Checking Pragmas: CPU user time: 0 seconds. CPU system time: 0 seconds. Elapsed time: 0 seconds; current allocated memory: 227.688 MB.
INFO: [HLS 200-10] Starting code transformations ...
INFO: [HLS 200-111] Finished Standard Transforms: CPU user time: 0.03 seconds. CPU system time: 0.01 seconds. Elapsed time: 0.04 seconds; current allocated memory: 236.336 MB.
INFO: [HLS 200-10] Checking synthesizability ...
INFO: [HLS 200-111] Finished Checking Synthesizability: CPU user time: 0.07 seconds. CPU system time: 0 seconds. Elapsed time: 0.08 seconds; current allocated memory: 248.973 MB.
INFO: [XFORM 203-510] Pipelining loop 'VITIS_LOOP_27_1' (/share/xilinx/Vitis_HLS/2022.1/common/technology/autopilot/hls_stream_39.h:145) in function 'sha256' automatically.
INFO: [HLS 200-111] Finished Loop, function and other optimizations: CPU user time: 0.1 seconds. CPU system time: 0.01 seconds. Elapsed time: 0.1 seconds; current allocated memory: 282.902 MB.
INFO: [HLS 200-111] Finished Architecture Synthesis: CPU user time: 0.06 seconds. CPU system time: 0 seconds. Elapsed time: 0.06 seconds; current allocated memory: 292.324 MB.
INFO: [HLS 200-10] Starting hardware synthesis ...
INFO: [HLS 200-10] Synthesizing 'sha256' ...
INFO: [HLS 200-10] ----------------------------------------------------------------
INFO: [HLS 200-42] -- Implementing module 'sha256_Pipeline_VITIS_LOOP_27_1' 
INFO: [HLS 200-10] ----------------------------------------------------------------
INFO: [SCHED 204-11] Starting scheduling ...
INFO: [SCHED 204-61] Pipelining loop 'VITIS_LOOP_27_1'.
INFO: [HLS 200-1470] Pipelining result : Target II = NA, Final II = 1, Depth = 2, loop 'VITIS_LOOP_27_1'
INFO: [SCHED 204-11] Finished scheduling.
INFO: [HLS 200-111] Finished Scheduling: CPU user time: 0.09 seconds. CPU system time: 0.02 seconds. Elapsed time: 0.12 seconds; current allocated memory: 292.324 MB.
INFO: [BIND 205-100] Starting micro-architecture generation ...
INFO: [BIND 205-101] Performing variable lifetime analysis.
INFO: [BIND 205-101] Exploring resource sharing.
INFO: [BIND 205-101] Binding ...
INFO: [BIND 205-100] Finished micro-architecture generation.
INFO: [HLS 200-111] Finished Binding: CPU user time: 0.02 seconds. CPU system time: 0 seconds. Elapsed time: 0.01 seconds; current allocated memory: 292.324 MB.
INFO: [HLS 200-10] ----------------------------------------------------------------
INFO: [HLS 200-42] -- Implementing module 'sha256' 
INFO: [HLS 200-10] ----------------------------------------------------------------
INFO: [SCHED 204-11] Starting scheduling ...
INFO: [SCHED 204-11] Finished scheduling.
INFO: [HLS 200-111] Finished Scheduling: CPU user time: 0.02 seconds. CPU system time: 0 seconds. Elapsed time: 0.02 seconds; current allocated memory: 292.324 MB.
INFO: [BIND 205-100] Starting micro-architecture generation ...
INFO: [BIND 205-101] Performing variable lifetime analysis.
INFO: [BIND 205-101] Exploring resource sharing.
INFO: [BIND 205-101] Binding ...
INFO: [BIND 205-100] Finished micro-architecture generation.
INFO: [HLS 200-111] Finished Binding: CPU user time: 0.02 seconds. CPU system time: 0 seconds. Elapsed time: 0.02 seconds; current allocated memory: 292.324 MB.
INFO: [HLS 200-10] ----------------------------------------------------------------
INFO: [HLS 200-10] -- Generating RTL for module 'sha256_Pipeline_VITIS_LOOP_27_1' 
INFO: [HLS 200-10] ----------------------------------------------------------------
INFO: [HLS 200-1030] Apply Unified Pipeline Control on module 'sha256_Pipeline_VITIS_LOOP_27_1' pipeline 'VITIS_LOOP_27_1' pipeline type 'loop pipeline'
INFO: [RTGEN 206-100] Finished creating RTL model for 'sha256_Pipeline_VITIS_LOOP_27_1'.
INFO: [HLS 200-111] Finished Creating RTL model: CPU user time: 0.01 seconds. CPU system time: 0 seconds. Elapsed time: 0.01 seconds; current allocated memory: 292.324 MB.
INFO: [HLS 200-10] ----------------------------------------------------------------
INFO: [HLS 200-10] -- Generating RTL for module 'sha256' 
INFO: [HLS 200-10] ----------------------------------------------------------------
WARNING: [RTGEN 206-101] Design contains AXI ports. Reset is fixed to synchronous and active low.
INFO: [RTGEN 206-500] Setting interface mode on port 'sha256/input_r' to 'axis' (register, both mode).
INFO: [RTGEN 206-500] Setting interface mode on port 'sha256/output_r' to 'axis' (register, both mode).
INFO: [RTGEN 206-500] Setting interface mode on function 'sha256' to 'ap_ctrl_none'.
INFO: [RTGEN 206-100] Finished creating RTL model for 'sha256'.
INFO: [HLS 200-111] Finished Creating RTL model: CPU user time: 0.03 seconds. CPU system time: 0 seconds. Elapsed time: 0.03 seconds; current allocated memory: 292.324 MB.
INFO: [HLS 200-111] Finished Generating all RTL models: CPU user time: 0.14 seconds. CPU system time: 0.01 seconds. Elapsed time: 0.15 seconds; current allocated memory: 293.383 MB.
INFO: [HLS 200-111] Finished Updating report files: CPU user time: 0.18 seconds. CPU system time: 0.01 seconds. Elapsed time: 0.2 seconds; current allocated memory: 296.672 MB.
INFO: [VHDL 208-304] Generating VHDL RTL for sha256.
INFO: [VLOG 209-307] Generating Verilog RTL for sha256.
INFO: [HLS 200-790] **** Loop Constraint Status: All loop constraints were satisfied.
INFO: [HLS 200-789] **** Estimated Fmax: 270.56 MHz
INFO: [HLS 200-111] Finished Command csynth_design CPU user time: 11.54 seconds. CPU system time: 1.8 seconds. Elapsed time: 12.44 seconds; current allocated memory: -963.969 MB.
INFO: [HLS 200-112] Total CPU user time: 13.91 seconds. Total CPU system time: 2.41 seconds. Total elapsed time: 14.55 seconds; peak allocated memory: 1.231 GB.
