

================================================================
== Vitis HLS Report for 'SHA512Digest_64u_512u_Pipeline_LOOP_SHA1_UPDATE_80_ROUNDS'
================================================================
* Date:           Thu Aug  3 21:15:08 2023

* Version:        2022.1 (Build 3526262 on Mon Apr 18 15:47:01 MDT 2022)
* Project:        DESHA512_01
* Solution:       solution1 (Vivado IP Flow Target)
* Product family: virtexuplus
* Target device:  xcu280-fsvh2892-2L-e


================================================================
== Performance Estimates
================================================================
+ Timing: 
    * Summary: 
    +--------+---------+----------+------------+
    |  Clock |  Target | Estimated| Uncertainty|
    +--------+---------+----------+------------+
    |ap_clk  |  4.00 ns|  2.548 ns|     1.08 ns|
    +--------+---------+----------+------------+

+ Latency: 
    * Summary: 
    +---------+---------+----------+----------+-----+-----+---------+
    |  Latency (cycles) |  Latency (absolute) |  Interval | Pipeline|
    |   min   |   max   |    min   |    max   | min | max |   Type  |
    +---------+---------+----------+----------+-----+-----+---------+
    |      163|      163|  0.652 us|  0.652 us|  163|  163|       no|
    +---------+---------+----------+----------+-----+-----+---------+

    + Detail: 
        * Instance: 
        N/A

        * Loop: 
        +------------------------------+---------+---------+----------+-----------+-----------+------+----------+
        |                              |  Latency (cycles) | Iteration|  Initiation Interval  | Trip |          |
        |           Loop Name          |   min   |   max   |  Latency |  achieved |   target  | Count| Pipelined|
        +------------------------------+---------+---------+----------+-----------+-----------+------+----------+
        |- LOOP_SHA1_UPDATE_80_ROUNDS  |      161|      161|         3|          2|          2|    80|       yes|
        +------------------------------+---------+---------+----------+-----------+-----------+------+----------+



================================================================
== Utilization Estimates
================================================================
* Summary: 
+---------------------+---------+------+---------+---------+-----+
|         Name        | BRAM_18K|  DSP |    FF   |   LUT   | URAM|
+---------------------+---------+------+---------+---------+-----+
|DSP                  |        -|     -|        -|        -|    -|
|Expression           |        -|     -|        0|     1253|    -|
|FIFO                 |        -|     -|        -|        -|    -|
|Instance             |        -|     -|        0|      377|    -|
|Memory               |        -|     -|        -|        -|    -|
|Multiplexer          |        -|     -|        -|      140|    -|
|Register             |        -|     -|      724|        -|    -|
+---------------------+---------+------+---------+---------+-----+
|Total                |        0|     0|      724|     1770|    0|
+---------------------+---------+------+---------+---------+-----+
|Available SLR        |     1344|  3008|   869120|   434560|  320|
+---------------------+---------+------+---------+---------+-----+
|Utilization SLR (%)  |        0|     0|       ~0|       ~0|    0|
+---------------------+---------+------+---------+---------+-----+
|Available            |     4032|  9024|  2607360|  1303680|  960|
+---------------------+---------+------+---------+---------+-----+
|Utilization (%)      |        0|     0|       ~0|       ~0|    0|
+---------------------+---------+------+---------+---------+-----+

+ Detail: 
    * Instance: 
    +--------------------+----------------+---------+----+---+-----+-----+
    |      Instance      |     Module     | BRAM_18K| DSP| FF| LUT | URAM|
    +--------------------+----------------+---------+----+---+-----+-----+
    |mux_807_64_1_1_U85  |mux_807_64_1_1  |        0|   0|  0|  377|    0|
    +--------------------+----------------+---------+----+---+-----+-----+
    |Total               |                |        0|   0|  0|  377|    0|
    +--------------------+----------------+---------+----+---+-----+-----+

    * DSP: 
    N/A

    * Memory: 
    N/A

    * FIFO: 
    N/A

    * Expression: 
    +----------------------------------+----------+----+---+----+------------+------------+
    |           Variable Name          | Operation| DSP| FF| LUT| Bitwidth P0| Bitwidth P1|
    +----------------------------------+----------+----+---+----+------------+------------+
    |T1_V_fu_790_p2                    |         +|   0|  0|  64|          64|          64|
    |a_V_2_fu_925_p2                   |         +|   0|  0|  64|          64|          64|
    |add_ln232_3_fu_778_p2             |         +|   0|  0|  64|          64|          64|
    |add_ln232_4_fu_784_p2             |         +|   0|  0|  64|          64|          64|
    |add_ln232_7_fu_920_p2             |         +|   0|  0|  64|          64|          64|
    |add_ln232_fu_772_p2               |         +|   0|  0|  64|          64|          64|
    |add_ln886_fu_494_p2               |         +|   0|  0|  14|           7|           1|
    |e_V_2_fu_915_p2                   |         +|   0|  0|  71|          64|          64|
    |ap_block_pp0_stage1_01001         |       and|   0|  0|   2|           1|           1|
    |ap_block_state2_pp0_stage1_iter0  |       and|   0|  0|   2|           1|           1|
    |ret_V_26_fu_583_p2                |       and|   0|  0|  64|          64|          64|
    |ret_V_27_fu_595_p2                |       and|   0|  0|  64|          64|          64|
    |ret_V_31_fu_899_p2                |       and|   0|  0|  64|          64|          64|
    |ret_V_32_fu_904_p2                |       and|   0|  0|  64|          64|          64|
    |icmp_ln1073_fu_472_p2             |      icmp|   0|  0|  10|           7|           7|
    |ap_enable_pp0                     |       xor|   0|  0|   2|           1|           2|
    |r_V_fu_589_p2                     |       xor|   0|  0|  64|          64|           2|
    |ret_V_15_fu_601_p2                |       xor|   0|  0|  64|          64|          64|
    |ret_V_19_fu_888_p2                |       xor|   0|  0|  64|          64|          64|
    |ret_V_22_fu_909_p2                |       xor|   0|  0|  64|          64|          64|
    |ret_V_fu_577_p2                   |       xor|   0|  0|  64|          64|          64|
    |xor_ln1545_6_fu_882_p2            |       xor|   0|  0|  64|          64|          64|
    |xor_ln1545_8_fu_894_p2            |       xor|   0|  0|  64|          64|          64|
    |xor_ln1545_fu_571_p2              |       xor|   0|  0|  64|          64|          64|
    +----------------------------------+----------+----+---+----+------------+------------+
    |Total                             |          |   0|  0|1253|        1233|        1166|
    +----------------------------------+----------+----+---+----+------------+------------+

    * Multiplexer: 
    +-------------------------+----+-----------+-----+-----------+
    |           Name          | LUT| Input Size| Bits| Total Bits|
    +-------------------------+----+-----------+-----+-----------+
    |ap_NS_fsm                |  14|          3|    1|          3|
    |ap_done_int              |   9|          2|    1|          2|
    |ap_enable_reg_pp0_iter0  |   9|          2|    1|          2|
    |ap_enable_reg_pp0_iter1  |   9|          2|    1|          2|
    |ap_sig_allocacmp_t_V_2   |   9|          2|    7|         14|
    |b_V_1_fu_290             |   9|          2|   64|        128|
    |c_V_1_fu_278             |   9|          2|   64|        128|
    |d_V_1_fu_282             |   9|          2|   64|        128|
    |d_V_2_fu_302             |   9|          2|   64|        128|
    |f_V_1_fu_306             |   9|          2|   64|        128|
    |g_V_1_fu_286             |   9|          2|   64|        128|
    |h_V_1_fu_294             |   9|          2|   64|        128|
    |h_V_2_fu_310             |   9|          2|   64|        128|
    |t_V_fu_298               |   9|          2|    7|         14|
    |w_strm6_blk_n            |   9|          2|    1|          2|
    +-------------------------+----+-----------+-----+-----------+
    |Total                    | 140|         31|  531|       1063|
    +-------------------------+----+-----------+-----+-----------+

    * Register: 
    +-----------------------------+----+----+-----+-----------+
    |             Name            | FF | LUT| Bits| Const Bits|
    +-----------------------------+----+----+-----+-----------+
    |T1_V_reg_1066                |  64|   0|   64|          0|
    |a_V_3_reg_1047               |  64|   0|   64|          0|
    |ap_CS_fsm                    |   2|   0|    2|          0|
    |ap_done_reg                  |   1|   0|    1|          0|
    |ap_enable_reg_pp0_iter0_reg  |   1|   0|    1|          0|
    |ap_enable_reg_pp0_iter1      |   1|   0|    1|          0|
    |b_V_1_fu_290                 |  64|   0|   64|          0|
    |c_V_1_fu_278                 |  64|   0|   64|          0|
    |c_V_3_reg_1059               |  64|   0|   64|          0|
    |d_V_1_fu_282                 |  64|   0|   64|          0|
    |d_V_2_fu_302                 |  64|   0|   64|          0|
    |f_V_1_fu_306                 |  64|   0|   64|          0|
    |g_V_1_fu_286                 |  64|   0|   64|          0|
    |h_V_1_fu_294                 |  64|   0|   64|          0|
    |h_V_2_fu_310                 |  64|   0|   64|          0|
    |icmp_ln1073_reg_1043         |   1|   0|    1|          0|
    |t_V_2_reg_1037               |   7|   0|    7|          0|
    |t_V_fu_298                   |   7|   0|    7|          0|
    +-----------------------------+----+----+-----+-----------+
    |Total                        | 724|   0|  724|          0|
    +-----------------------------+----+----+-----+-----------+



================================================================
== Interface
================================================================
* Summary: 
+------------------------+-----+-----+------------+-------------------------------------------------------------+--------------+
|        RTL Ports       | Dir | Bits|  Protocol  |                        Source Object                        |    C Type    |
+------------------------+-----+-----+------------+-------------------------------------------------------------+--------------+
|ap_clk                  |   in|    1|  ap_ctrl_hs|  SHA512Digest<64u, 512u>_Pipeline_LOOP_SHA1_UPDATE_80_ROUNDS|  return value|
|ap_rst                  |   in|    1|  ap_ctrl_hs|  SHA512Digest<64u, 512u>_Pipeline_LOOP_SHA1_UPDATE_80_ROUNDS|  return value|
|ap_start                |   in|    1|  ap_ctrl_hs|  SHA512Digest<64u, 512u>_Pipeline_LOOP_SHA1_UPDATE_80_ROUNDS|  return value|
|ap_done                 |  out|    1|  ap_ctrl_hs|  SHA512Digest<64u, 512u>_Pipeline_LOOP_SHA1_UPDATE_80_ROUNDS|  return value|
|ap_idle                 |  out|    1|  ap_ctrl_hs|  SHA512Digest<64u, 512u>_Pipeline_LOOP_SHA1_UPDATE_80_ROUNDS|  return value|
|ap_ready                |  out|    1|  ap_ctrl_hs|  SHA512Digest<64u, 512u>_Pipeline_LOOP_SHA1_UPDATE_80_ROUNDS|  return value|
|w_strm6_dout            |   in|   64|     ap_fifo|                                                      w_strm6|       pointer|
|w_strm6_num_data_valid  |   in|    6|     ap_fifo|                                                      w_strm6|       pointer|
|w_strm6_fifo_cap        |   in|    6|     ap_fifo|                                                      w_strm6|       pointer|
|w_strm6_empty_n         |   in|    1|     ap_fifo|                                                      w_strm6|       pointer|
|w_strm6_read            |  out|    1|     ap_fifo|                                                      w_strm6|       pointer|
|h_V                     |   in|   64|     ap_none|                                                          h_V|        scalar|
|g_V                     |   in|   64|     ap_none|                                                          g_V|        scalar|
|f_V                     |   in|   64|     ap_none|                                                          f_V|        scalar|
|e_V                     |   in|   64|     ap_none|                                                          e_V|        scalar|
|d_V                     |   in|   64|     ap_none|                                                          d_V|        scalar|
|c_V                     |   in|   64|     ap_none|                                                          c_V|        scalar|
|b_V                     |   in|   64|     ap_none|                                                          b_V|        scalar|
|a_V                     |   in|   64|     ap_none|                                                          a_V|        scalar|
|h_V_1_out               |  out|   64|      ap_vld|                                                    h_V_1_out|       pointer|
|h_V_1_out_ap_vld        |  out|    1|      ap_vld|                                                    h_V_1_out|       pointer|
|g_V_3_out               |  out|   64|      ap_vld|                                                    g_V_3_out|       pointer|
|g_V_3_out_ap_vld        |  out|    1|      ap_vld|                                                    g_V_3_out|       pointer|
|f_V_3_out               |  out|   64|      ap_vld|                                                    f_V_3_out|       pointer|
|f_V_3_out_ap_vld        |  out|    1|      ap_vld|                                                    f_V_3_out|       pointer|
|e_V_3_out               |  out|   64|      ap_vld|                                                    e_V_3_out|       pointer|
|e_V_3_out_ap_vld        |  out|    1|      ap_vld|                                                    e_V_3_out|       pointer|
|d_V_1_out               |  out|   64|      ap_vld|                                                    d_V_1_out|       pointer|
|d_V_1_out_ap_vld        |  out|    1|      ap_vld|                                                    d_V_1_out|       pointer|
|c_V_3_out               |  out|   64|      ap_vld|                                                    c_V_3_out|       pointer|
|c_V_3_out_ap_vld        |  out|    1|      ap_vld|                                                    c_V_3_out|       pointer|
|b_V_3_out               |  out|   64|      ap_vld|                                                    b_V_3_out|       pointer|
|b_V_3_out_ap_vld        |  out|    1|      ap_vld|                                                    b_V_3_out|       pointer|
|a_V_3_out               |  out|   64|      ap_vld|                                                    a_V_3_out|       pointer|
|a_V_3_out_ap_vld        |  out|    1|      ap_vld|                                                    a_V_3_out|       pointer|
+------------------------+-----+-----+------------+-------------------------------------------------------------+--------------+

