

================================================================
== Vitis HLS Report for 'sha2561_ver'
================================================================
* Date:           Fri Jul 28 01:16:43 2023

* Version:        2022.1 (Build 3526262 on Mon Apr 18 15:47:01 MDT 2022)
* Project:        shav2
* Solution:       solution1 (Vivado IP Flow Target)
* Product family: virtexuplus
* Target device:  xcu280-fsvh2892-2L-e


================================================================
== Performance Estimates
================================================================
+ Timing: 
    * Summary: 
    +--------+----------+----------+------------+
    |  Clock |  Target  | Estimated| Uncertainty|
    +--------+----------+----------+------------+
    |ap_clk  |  10.00 ns|  7.175 ns|     2.70 ns|
    +--------+----------+----------+------------+

+ Latency: 
    * Summary: 
    +---------+---------+----------+----------+-----+-----+---------+
    |  Latency (cycles) |  Latency (absolute) |  Interval | Pipeline|
    |   min   |   max   |    min   |    max   | min | max |   Type  |
    +---------+---------+----------+----------+-----+-----+---------+
    |        ?|        ?|         ?|         ?|    ?|    ?|       no|
    +---------+---------+----------+----------+-----+-----+---------+

    + Detail: 
        * Instance: 
        N/A

        * Loop: 
        +-------------------+---------+---------+----------+-----------+-----------+------+----------+
        |                   |  Latency (cycles) | Iteration|  Initiation Interval  | Trip |          |
        |     Loop Name     |   min   |   max   |  Latency |  achieved |   target  | Count| Pipelined|
        +-------------------+---------+---------+----------+-----------+-----------+------+----------+
        |- VITIS_LOOP_33_1  |        ?|        ?|  2 ~ 3400|          -|          -|     ?|        no|
        +-------------------+---------+---------+----------+-----------+-----------+------+----------+

============================================================
+ Verbose Summary: Synthesis Manager
============================================================
InlineROM: 1
ExposeGlobal: 0
============================================================
+ Verbose Summary: CDFG Model
============================================================
IsTopModel: 0
ResetActiveHigh: 1
IsCombinational: 0
IsDatapathOnly: 0
HasWiredReturn: 1
HasMFsm: 0
HasVarLatency: 1
IsPipeline: 0
IsRtlPipelined: 0
IsInstanceOverlapped: 0
IsDontTouch: 0
HasImplIP: 0
IsGatedGlobalClock: 0


============================================================
+ Verbose Summary: Schedule
============================================================
* Number of FSM states : 7
* Pipeline : 0
* Dataflow Pipeline: 0

* FSM state transitions: 
1 --> 2 
2 --> 3 5 
3 --> 4 
4 --> 5 
5 --> 2 6 
6 --> 7 
7 --> 

* FSM state operations: 

State 1 <SV = 0> <Delay = 0.38>
ST_1 : Operation 8 [1/1] (0.00ns)   --->   "%sha256ctx_bitlen_0 = alloca i32 1"   --->   Operation 8 'alloca' 'sha256ctx_bitlen_0' <Predicate = true> <Delay = 0.00>
ST_1 : Operation 9 [1/1] (0.00ns)   --->   "%sha256ctx_bitlen_1 = alloca i32 1"   --->   Operation 9 'alloca' 'sha256ctx_bitlen_1' <Predicate = true> <Delay = 0.00>
ST_1 : Operation 10 [1/1] (0.00ns)   --->   "%seg_buf = alloca i32 1"   --->   Operation 10 'alloca' 'seg_buf' <Predicate = true> <Delay = 0.00>
ST_1 : Operation 11 [1/1] (0.00ns)   --->   "%seg_buf_1 = alloca i32 1"   --->   Operation 11 'alloca' 'seg_buf_1' <Predicate = true> <Delay = 0.00>
ST_1 : Operation 12 [1/1] (0.00ns)   --->   "%seg_buf_2 = alloca i32 1"   --->   Operation 12 'alloca' 'seg_buf_2' <Predicate = true> <Delay = 0.00>
ST_1 : Operation 13 [1/1] (0.00ns)   --->   "%seg_buf_3 = alloca i32 1"   --->   Operation 13 'alloca' 'seg_buf_3' <Predicate = true> <Delay = 0.00>
ST_1 : Operation 14 [1/1] (0.00ns)   --->   "%seg_buf_4 = alloca i32 1"   --->   Operation 14 'alloca' 'seg_buf_4' <Predicate = true> <Delay = 0.00>
ST_1 : Operation 15 [1/1] (0.00ns)   --->   "%seg_buf_5 = alloca i32 1"   --->   Operation 15 'alloca' 'seg_buf_5' <Predicate = true> <Delay = 0.00>
ST_1 : Operation 16 [1/1] (0.00ns)   --->   "%seg_buf_6 = alloca i32 1"   --->   Operation 16 'alloca' 'seg_buf_6' <Predicate = true> <Delay = 0.00>
ST_1 : Operation 17 [1/1] (0.00ns)   --->   "%seg_buf_7 = alloca i32 1"   --->   Operation 17 'alloca' 'seg_buf_7' <Predicate = true> <Delay = 0.00>
ST_1 : Operation 18 [1/1] (0.00ns)   --->   "%seg_buf_8 = alloca i32 1"   --->   Operation 18 'alloca' 'seg_buf_8' <Predicate = true> <Delay = 0.00>
ST_1 : Operation 19 [1/1] (0.00ns)   --->   "%seg_buf_9 = alloca i32 1"   --->   Operation 19 'alloca' 'seg_buf_9' <Predicate = true> <Delay = 0.00>
ST_1 : Operation 20 [1/1] (0.00ns)   --->   "%seg_buf_10 = alloca i32 1"   --->   Operation 20 'alloca' 'seg_buf_10' <Predicate = true> <Delay = 0.00>
ST_1 : Operation 21 [1/1] (0.00ns)   --->   "%seg_buf_11 = alloca i32 1"   --->   Operation 21 'alloca' 'seg_buf_11' <Predicate = true> <Delay = 0.00>
ST_1 : Operation 22 [1/1] (0.00ns)   --->   "%seg_buf_12 = alloca i32 1"   --->   Operation 22 'alloca' 'seg_buf_12' <Predicate = true> <Delay = 0.00>
ST_1 : Operation 23 [1/1] (0.00ns)   --->   "%seg_buf_13 = alloca i32 1"   --->   Operation 23 'alloca' 'seg_buf_13' <Predicate = true> <Delay = 0.00>
ST_1 : Operation 24 [1/1] (0.00ns)   --->   "%seg_buf_14 = alloca i32 1"   --->   Operation 24 'alloca' 'seg_buf_14' <Predicate = true> <Delay = 0.00>
ST_1 : Operation 25 [1/1] (0.00ns)   --->   "%seg_buf_15 = alloca i32 1"   --->   Operation 25 'alloca' 'seg_buf_15' <Predicate = true> <Delay = 0.00>
ST_1 : Operation 26 [1/1] (0.00ns)   --->   "%seg_buf_16 = alloca i32 1"   --->   Operation 26 'alloca' 'seg_buf_16' <Predicate = true> <Delay = 0.00>
ST_1 : Operation 27 [1/1] (0.00ns)   --->   "%seg_buf_17 = alloca i32 1"   --->   Operation 27 'alloca' 'seg_buf_17' <Predicate = true> <Delay = 0.00>
ST_1 : Operation 28 [1/1] (0.00ns)   --->   "%seg_buf_18 = alloca i32 1"   --->   Operation 28 'alloca' 'seg_buf_18' <Predicate = true> <Delay = 0.00>
ST_1 : Operation 29 [1/1] (0.00ns)   --->   "%seg_buf_19 = alloca i32 1"   --->   Operation 29 'alloca' 'seg_buf_19' <Predicate = true> <Delay = 0.00>
ST_1 : Operation 30 [1/1] (0.00ns)   --->   "%seg_buf_20 = alloca i32 1"   --->   Operation 30 'alloca' 'seg_buf_20' <Predicate = true> <Delay = 0.00>
ST_1 : Operation 31 [1/1] (0.00ns)   --->   "%seg_buf_21 = alloca i32 1"   --->   Operation 31 'alloca' 'seg_buf_21' <Predicate = true> <Delay = 0.00>
ST_1 : Operation 32 [1/1] (0.00ns)   --->   "%seg_buf_22 = alloca i32 1"   --->   Operation 32 'alloca' 'seg_buf_22' <Predicate = true> <Delay = 0.00>
ST_1 : Operation 33 [1/1] (0.00ns)   --->   "%seg_buf_23 = alloca i32 1"   --->   Operation 33 'alloca' 'seg_buf_23' <Predicate = true> <Delay = 0.00>
ST_1 : Operation 34 [1/1] (0.00ns)   --->   "%seg_buf_24 = alloca i32 1"   --->   Operation 34 'alloca' 'seg_buf_24' <Predicate = true> <Delay = 0.00>
ST_1 : Operation 35 [1/1] (0.00ns)   --->   "%seg_buf_25 = alloca i32 1"   --->   Operation 35 'alloca' 'seg_buf_25' <Predicate = true> <Delay = 0.00>
ST_1 : Operation 36 [1/1] (0.00ns)   --->   "%seg_buf_26 = alloca i32 1"   --->   Operation 36 'alloca' 'seg_buf_26' <Predicate = true> <Delay = 0.00>
ST_1 : Operation 37 [1/1] (0.00ns)   --->   "%seg_buf_27 = alloca i32 1"   --->   Operation 37 'alloca' 'seg_buf_27' <Predicate = true> <Delay = 0.00>
ST_1 : Operation 38 [1/1] (0.00ns)   --->   "%seg_buf_28 = alloca i32 1"   --->   Operation 38 'alloca' 'seg_buf_28' <Predicate = true> <Delay = 0.00>
ST_1 : Operation 39 [1/1] (0.00ns)   --->   "%seg_buf_29 = alloca i32 1"   --->   Operation 39 'alloca' 'seg_buf_29' <Predicate = true> <Delay = 0.00>
ST_1 : Operation 40 [1/1] (0.00ns)   --->   "%seg_buf_30 = alloca i32 1"   --->   Operation 40 'alloca' 'seg_buf_30' <Predicate = true> <Delay = 0.00>
ST_1 : Operation 41 [1/1] (0.00ns)   --->   "%seg_buf_31 = alloca i32 1"   --->   Operation 41 'alloca' 'seg_buf_31' <Predicate = true> <Delay = 0.00>
ST_1 : Operation 42 [1/1] (0.00ns)   --->   "%seg_buf_97 = alloca i32 1"   --->   Operation 42 'alloca' 'seg_buf_97' <Predicate = true> <Delay = 0.00>
ST_1 : Operation 43 [1/1] (0.00ns)   --->   "%seg_buf_98 = alloca i32 1"   --->   Operation 43 'alloca' 'seg_buf_98' <Predicate = true> <Delay = 0.00>
ST_1 : Operation 44 [1/1] (0.00ns)   --->   "%seg_buf_99 = alloca i32 1"   --->   Operation 44 'alloca' 'seg_buf_99' <Predicate = true> <Delay = 0.00>
ST_1 : Operation 45 [1/1] (0.00ns)   --->   "%seg_buf_100 = alloca i32 1"   --->   Operation 45 'alloca' 'seg_buf_100' <Predicate = true> <Delay = 0.00>
ST_1 : Operation 46 [1/1] (0.00ns)   --->   "%seg_buf_101 = alloca i32 1"   --->   Operation 46 'alloca' 'seg_buf_101' <Predicate = true> <Delay = 0.00>
ST_1 : Operation 47 [1/1] (0.00ns)   --->   "%seg_buf_102 = alloca i32 1"   --->   Operation 47 'alloca' 'seg_buf_102' <Predicate = true> <Delay = 0.00>
ST_1 : Operation 48 [1/1] (0.00ns)   --->   "%seg_buf_103 = alloca i32 1"   --->   Operation 48 'alloca' 'seg_buf_103' <Predicate = true> <Delay = 0.00>
ST_1 : Operation 49 [1/1] (0.00ns)   --->   "%seg_buf_104 = alloca i32 1"   --->   Operation 49 'alloca' 'seg_buf_104' <Predicate = true> <Delay = 0.00>
ST_1 : Operation 50 [1/1] (0.00ns)   --->   "%seg_buf_105 = alloca i32 1"   --->   Operation 50 'alloca' 'seg_buf_105' <Predicate = true> <Delay = 0.00>
ST_1 : Operation 51 [1/1] (0.00ns)   --->   "%seg_buf_106 = alloca i32 1"   --->   Operation 51 'alloca' 'seg_buf_106' <Predicate = true> <Delay = 0.00>
ST_1 : Operation 52 [1/1] (0.00ns)   --->   "%seg_buf_107 = alloca i32 1"   --->   Operation 52 'alloca' 'seg_buf_107' <Predicate = true> <Delay = 0.00>
ST_1 : Operation 53 [1/1] (0.00ns)   --->   "%seg_buf_108 = alloca i32 1"   --->   Operation 53 'alloca' 'seg_buf_108' <Predicate = true> <Delay = 0.00>
ST_1 : Operation 54 [1/1] (0.00ns)   --->   "%seg_buf_109 = alloca i32 1"   --->   Operation 54 'alloca' 'seg_buf_109' <Predicate = true> <Delay = 0.00>
ST_1 : Operation 55 [1/1] (0.00ns)   --->   "%seg_buf_110 = alloca i32 1"   --->   Operation 55 'alloca' 'seg_buf_110' <Predicate = true> <Delay = 0.00>
ST_1 : Operation 56 [1/1] (0.00ns)   --->   "%seg_buf_111 = alloca i32 1"   --->   Operation 56 'alloca' 'seg_buf_111' <Predicate = true> <Delay = 0.00>
ST_1 : Operation 57 [1/1] (0.00ns)   --->   "%seg_buf_112 = alloca i32 1"   --->   Operation 57 'alloca' 'seg_buf_112' <Predicate = true> <Delay = 0.00>
ST_1 : Operation 58 [1/1] (0.00ns)   --->   "%seg_buf_113 = alloca i32 1"   --->   Operation 58 'alloca' 'seg_buf_113' <Predicate = true> <Delay = 0.00>
ST_1 : Operation 59 [1/1] (0.00ns)   --->   "%seg_buf_114 = alloca i32 1"   --->   Operation 59 'alloca' 'seg_buf_114' <Predicate = true> <Delay = 0.00>
ST_1 : Operation 60 [1/1] (0.00ns)   --->   "%seg_buf_115 = alloca i32 1"   --->   Operation 60 'alloca' 'seg_buf_115' <Predicate = true> <Delay = 0.00>
ST_1 : Operation 61 [1/1] (0.00ns)   --->   "%seg_buf_116 = alloca i32 1"   --->   Operation 61 'alloca' 'seg_buf_116' <Predicate = true> <Delay = 0.00>
ST_1 : Operation 62 [1/1] (0.00ns)   --->   "%seg_buf_117 = alloca i32 1"   --->   Operation 62 'alloca' 'seg_buf_117' <Predicate = true> <Delay = 0.00>
ST_1 : Operation 63 [1/1] (0.00ns)   --->   "%seg_buf_118 = alloca i32 1"   --->   Operation 63 'alloca' 'seg_buf_118' <Predicate = true> <Delay = 0.00>
ST_1 : Operation 64 [1/1] (0.00ns)   --->   "%seg_buf_119 = alloca i32 1"   --->   Operation 64 'alloca' 'seg_buf_119' <Predicate = true> <Delay = 0.00>
ST_1 : Operation 65 [1/1] (0.00ns)   --->   "%seg_buf_120 = alloca i32 1"   --->   Operation 65 'alloca' 'seg_buf_120' <Predicate = true> <Delay = 0.00>
ST_1 : Operation 66 [1/1] (0.00ns)   --->   "%seg_buf_121 = alloca i32 1"   --->   Operation 66 'alloca' 'seg_buf_121' <Predicate = true> <Delay = 0.00>
ST_1 : Operation 67 [1/1] (0.00ns)   --->   "%seg_buf_122 = alloca i32 1"   --->   Operation 67 'alloca' 'seg_buf_122' <Predicate = true> <Delay = 0.00>
ST_1 : Operation 68 [1/1] (0.00ns)   --->   "%seg_buf_123 = alloca i32 1"   --->   Operation 68 'alloca' 'seg_buf_123' <Predicate = true> <Delay = 0.00>
ST_1 : Operation 69 [1/1] (0.00ns)   --->   "%seg_buf_124 = alloca i32 1"   --->   Operation 69 'alloca' 'seg_buf_124' <Predicate = true> <Delay = 0.00>
ST_1 : Operation 70 [1/1] (0.00ns)   --->   "%seg_buf_125 = alloca i32 1"   --->   Operation 70 'alloca' 'seg_buf_125' <Predicate = true> <Delay = 0.00>
ST_1 : Operation 71 [1/1] (0.00ns)   --->   "%seg_buf_126 = alloca i32 1"   --->   Operation 71 'alloca' 'seg_buf_126' <Predicate = true> <Delay = 0.00>
ST_1 : Operation 72 [1/1] (0.00ns)   --->   "%seg_buf_127 = alloca i32 1"   --->   Operation 72 'alloca' 'seg_buf_127' <Predicate = true> <Delay = 0.00>
ST_1 : Operation 73 [1/1] (0.00ns)   --->   "%seg_buf_128 = alloca i32 1"   --->   Operation 73 'alloca' 'seg_buf_128' <Predicate = true> <Delay = 0.00>
ST_1 : Operation 74 [1/1] (0.00ns)   --->   "%sha256ctx_datalen = alloca i32 1"   --->   Operation 74 'alloca' 'sha256ctx_datalen' <Predicate = true> <Delay = 0.00>
ST_1 : Operation 75 [1/1] (0.00ns)   --->   "%lastPacket_tdata_05 = alloca i32 1"   --->   Operation 75 'alloca' 'lastPacket_tdata_05' <Predicate = true> <Delay = 0.00>
ST_1 : Operation 76 [1/1] (0.00ns)   --->   "%write_flag12_0 = alloca i32 1"   --->   Operation 76 'alloca' 'write_flag12_0' <Predicate = true> <Delay = 0.00>
ST_1 : Operation 77 [1/1] (0.00ns)   --->   "%sha256ctx_state_7_0 = alloca i32 1"   --->   Operation 77 'alloca' 'sha256ctx_state_7_0' <Predicate = true> <Delay = 0.00>
ST_1 : Operation 78 [1/1] (0.00ns)   --->   "%sha256ctx_state_6_0 = alloca i32 1"   --->   Operation 78 'alloca' 'sha256ctx_state_6_0' <Predicate = true> <Delay = 0.00>
ST_1 : Operation 79 [1/1] (0.00ns)   --->   "%sha256ctx_state_0_0 = alloca i32 1"   --->   Operation 79 'alloca' 'sha256ctx_state_0_0' <Predicate = true> <Delay = 0.00>
ST_1 : Operation 80 [1/1] (0.00ns)   --->   "%sha256ctx_state_1_0 = alloca i32 1"   --->   Operation 80 'alloca' 'sha256ctx_state_1_0' <Predicate = true> <Delay = 0.00>
ST_1 : Operation 81 [1/1] (0.00ns)   --->   "%sha256ctx_state_2_0 = alloca i32 1"   --->   Operation 81 'alloca' 'sha256ctx_state_2_0' <Predicate = true> <Delay = 0.00>
ST_1 : Operation 82 [1/1] (0.00ns)   --->   "%sha256ctx_state_3_0 = alloca i32 1"   --->   Operation 82 'alloca' 'sha256ctx_state_3_0' <Predicate = true> <Delay = 0.00>
ST_1 : Operation 83 [1/1] (0.00ns)   --->   "%sha256ctx_state_4_0 = alloca i32 1"   --->   Operation 83 'alloca' 'sha256ctx_state_4_0' <Predicate = true> <Delay = 0.00>
ST_1 : Operation 84 [1/1] (0.00ns)   --->   "%sha256ctx_state_5_0 = alloca i32 1"   --->   Operation 84 'alloca' 'sha256ctx_state_5_0' <Predicate = true> <Delay = 0.00>
ST_1 : Operation 85 [1/1] (0.00ns)   --->   "%seg_buf_32_loc = alloca i64 1"   --->   Operation 85 'alloca' 'seg_buf_32_loc' <Predicate = true> <Delay = 0.00>
ST_1 : Operation 86 [1/1] (0.00ns)   --->   "%seg_buf_33_loc = alloca i64 1"   --->   Operation 86 'alloca' 'seg_buf_33_loc' <Predicate = true> <Delay = 0.00>
ST_1 : Operation 87 [1/1] (0.00ns)   --->   "%seg_buf_34_loc = alloca i64 1"   --->   Operation 87 'alloca' 'seg_buf_34_loc' <Predicate = true> <Delay = 0.00>
ST_1 : Operation 88 [1/1] (0.00ns)   --->   "%seg_buf_35_loc = alloca i64 1"   --->   Operation 88 'alloca' 'seg_buf_35_loc' <Predicate = true> <Delay = 0.00>
ST_1 : Operation 89 [1/1] (0.00ns)   --->   "%seg_buf_36_loc = alloca i64 1"   --->   Operation 89 'alloca' 'seg_buf_36_loc' <Predicate = true> <Delay = 0.00>
ST_1 : Operation 90 [1/1] (0.00ns)   --->   "%seg_buf_37_loc = alloca i64 1"   --->   Operation 90 'alloca' 'seg_buf_37_loc' <Predicate = true> <Delay = 0.00>
ST_1 : Operation 91 [1/1] (0.00ns)   --->   "%seg_buf_38_loc = alloca i64 1"   --->   Operation 91 'alloca' 'seg_buf_38_loc' <Predicate = true> <Delay = 0.00>
ST_1 : Operation 92 [1/1] (0.00ns)   --->   "%seg_buf_39_loc = alloca i64 1"   --->   Operation 92 'alloca' 'seg_buf_39_loc' <Predicate = true> <Delay = 0.00>
ST_1 : Operation 93 [1/1] (0.00ns)   --->   "%seg_buf_40_loc = alloca i64 1"   --->   Operation 93 'alloca' 'seg_buf_40_loc' <Predicate = true> <Delay = 0.00>
ST_1 : Operation 94 [1/1] (0.00ns)   --->   "%seg_buf_41_loc = alloca i64 1"   --->   Operation 94 'alloca' 'seg_buf_41_loc' <Predicate = true> <Delay = 0.00>
ST_1 : Operation 95 [1/1] (0.00ns)   --->   "%seg_buf_42_loc = alloca i64 1"   --->   Operation 95 'alloca' 'seg_buf_42_loc' <Predicate = true> <Delay = 0.00>
ST_1 : Operation 96 [1/1] (0.00ns)   --->   "%seg_buf_43_loc = alloca i64 1"   --->   Operation 96 'alloca' 'seg_buf_43_loc' <Predicate = true> <Delay = 0.00>
ST_1 : Operation 97 [1/1] (0.00ns)   --->   "%seg_buf_44_loc = alloca i64 1"   --->   Operation 97 'alloca' 'seg_buf_44_loc' <Predicate = true> <Delay = 0.00>
ST_1 : Operation 98 [1/1] (0.00ns)   --->   "%seg_buf_45_loc = alloca i64 1"   --->   Operation 98 'alloca' 'seg_buf_45_loc' <Predicate = true> <Delay = 0.00>
ST_1 : Operation 99 [1/1] (0.00ns)   --->   "%seg_buf_46_loc = alloca i64 1"   --->   Operation 99 'alloca' 'seg_buf_46_loc' <Predicate = true> <Delay = 0.00>
ST_1 : Operation 100 [1/1] (0.00ns)   --->   "%seg_buf_47_loc = alloca i64 1"   --->   Operation 100 'alloca' 'seg_buf_47_loc' <Predicate = true> <Delay = 0.00>
ST_1 : Operation 101 [1/1] (0.00ns)   --->   "%seg_buf_48_loc = alloca i64 1"   --->   Operation 101 'alloca' 'seg_buf_48_loc' <Predicate = true> <Delay = 0.00>
ST_1 : Operation 102 [1/1] (0.00ns)   --->   "%seg_buf_49_loc = alloca i64 1"   --->   Operation 102 'alloca' 'seg_buf_49_loc' <Predicate = true> <Delay = 0.00>
ST_1 : Operation 103 [1/1] (0.00ns)   --->   "%seg_buf_50_loc = alloca i64 1"   --->   Operation 103 'alloca' 'seg_buf_50_loc' <Predicate = true> <Delay = 0.00>
ST_1 : Operation 104 [1/1] (0.00ns)   --->   "%seg_buf_51_loc = alloca i64 1"   --->   Operation 104 'alloca' 'seg_buf_51_loc' <Predicate = true> <Delay = 0.00>
ST_1 : Operation 105 [1/1] (0.00ns)   --->   "%seg_buf_52_loc = alloca i64 1"   --->   Operation 105 'alloca' 'seg_buf_52_loc' <Predicate = true> <Delay = 0.00>
ST_1 : Operation 106 [1/1] (0.00ns)   --->   "%seg_buf_53_loc = alloca i64 1"   --->   Operation 106 'alloca' 'seg_buf_53_loc' <Predicate = true> <Delay = 0.00>
ST_1 : Operation 107 [1/1] (0.00ns)   --->   "%seg_buf_54_loc = alloca i64 1"   --->   Operation 107 'alloca' 'seg_buf_54_loc' <Predicate = true> <Delay = 0.00>
ST_1 : Operation 108 [1/1] (0.00ns)   --->   "%seg_buf_55_loc = alloca i64 1"   --->   Operation 108 'alloca' 'seg_buf_55_loc' <Predicate = true> <Delay = 0.00>
ST_1 : Operation 109 [1/1] (0.00ns)   --->   "%seg_buf_56_loc = alloca i64 1"   --->   Operation 109 'alloca' 'seg_buf_56_loc' <Predicate = true> <Delay = 0.00>
ST_1 : Operation 110 [1/1] (0.00ns)   --->   "%seg_buf_57_loc = alloca i64 1"   --->   Operation 110 'alloca' 'seg_buf_57_loc' <Predicate = true> <Delay = 0.00>
ST_1 : Operation 111 [1/1] (0.00ns)   --->   "%seg_buf_58_loc = alloca i64 1"   --->   Operation 111 'alloca' 'seg_buf_58_loc' <Predicate = true> <Delay = 0.00>
ST_1 : Operation 112 [1/1] (0.00ns)   --->   "%seg_buf_59_loc = alloca i64 1"   --->   Operation 112 'alloca' 'seg_buf_59_loc' <Predicate = true> <Delay = 0.00>
ST_1 : Operation 113 [1/1] (0.00ns)   --->   "%seg_buf_60_loc = alloca i64 1"   --->   Operation 113 'alloca' 'seg_buf_60_loc' <Predicate = true> <Delay = 0.00>
ST_1 : Operation 114 [1/1] (0.00ns)   --->   "%seg_buf_61_loc = alloca i64 1"   --->   Operation 114 'alloca' 'seg_buf_61_loc' <Predicate = true> <Delay = 0.00>
ST_1 : Operation 115 [1/1] (0.00ns)   --->   "%seg_buf_62_loc = alloca i64 1"   --->   Operation 115 'alloca' 'seg_buf_62_loc' <Predicate = true> <Delay = 0.00>
ST_1 : Operation 116 [1/1] (0.00ns)   --->   "%seg_buf_63_loc = alloca i64 1"   --->   Operation 116 'alloca' 'seg_buf_63_loc' <Predicate = true> <Delay = 0.00>
ST_1 : Operation 117 [1/1] (0.00ns)   --->   "%conv11_loc = alloca i64 1"   --->   Operation 117 'alloca' 'conv11_loc' <Predicate = true> <Delay = 0.00>
ST_1 : Operation 118 [1/1] (0.00ns)   --->   "%conv13_loc = alloca i64 1"   --->   Operation 118 'alloca' 'conv13_loc' <Predicate = true> <Delay = 0.00>
ST_1 : Operation 119 [1/1] (0.00ns)   --->   "%conv15_loc = alloca i64 1"   --->   Operation 119 'alloca' 'conv15_loc' <Predicate = true> <Delay = 0.00>
ST_1 : Operation 120 [1/1] (0.00ns)   --->   "%conv17_loc = alloca i64 1"   --->   Operation 120 'alloca' 'conv17_loc' <Predicate = true> <Delay = 0.00>
ST_1 : Operation 121 [1/1] (0.00ns)   --->   "%conv19_loc = alloca i64 1"   --->   Operation 121 'alloca' 'conv19_loc' <Predicate = true> <Delay = 0.00>
ST_1 : Operation 122 [1/1] (0.00ns)   --->   "%conv21_loc = alloca i64 1"   --->   Operation 122 'alloca' 'conv21_loc' <Predicate = true> <Delay = 0.00>
ST_1 : Operation 123 [1/1] (0.00ns)   --->   "%conv23_loc = alloca i64 1"   --->   Operation 123 'alloca' 'conv23_loc' <Predicate = true> <Delay = 0.00>
ST_1 : Operation 124 [1/1] (0.00ns)   --->   "%conv25_loc = alloca i64 1"   --->   Operation 124 'alloca' 'conv25_loc' <Predicate = true> <Delay = 0.00>
ST_1 : Operation 125 [1/1] (0.00ns)   --->   "%conv27_loc = alloca i64 1"   --->   Operation 125 'alloca' 'conv27_loc' <Predicate = true> <Delay = 0.00>
ST_1 : Operation 126 [1/1] (0.00ns)   --->   "%conv29_loc = alloca i64 1"   --->   Operation 126 'alloca' 'conv29_loc' <Predicate = true> <Delay = 0.00>
ST_1 : Operation 127 [1/1] (0.00ns)   --->   "%conv31_loc = alloca i64 1"   --->   Operation 127 'alloca' 'conv31_loc' <Predicate = true> <Delay = 0.00>
ST_1 : Operation 128 [1/1] (0.00ns)   --->   "%conv33_loc = alloca i64 1"   --->   Operation 128 'alloca' 'conv33_loc' <Predicate = true> <Delay = 0.00>
ST_1 : Operation 129 [1/1] (0.00ns)   --->   "%conv35_loc = alloca i64 1"   --->   Operation 129 'alloca' 'conv35_loc' <Predicate = true> <Delay = 0.00>
ST_1 : Operation 130 [1/1] (0.00ns)   --->   "%conv37_loc = alloca i64 1"   --->   Operation 130 'alloca' 'conv37_loc' <Predicate = true> <Delay = 0.00>
ST_1 : Operation 131 [1/1] (0.00ns)   --->   "%conv39_loc = alloca i64 1"   --->   Operation 131 'alloca' 'conv39_loc' <Predicate = true> <Delay = 0.00>
ST_1 : Operation 132 [1/1] (0.00ns)   --->   "%conv41_loc = alloca i64 1"   --->   Operation 132 'alloca' 'conv41_loc' <Predicate = true> <Delay = 0.00>
ST_1 : Operation 133 [1/1] (0.00ns)   --->   "%conv43_loc = alloca i64 1"   --->   Operation 133 'alloca' 'conv43_loc' <Predicate = true> <Delay = 0.00>
ST_1 : Operation 134 [1/1] (0.00ns)   --->   "%conv45_loc = alloca i64 1"   --->   Operation 134 'alloca' 'conv45_loc' <Predicate = true> <Delay = 0.00>
ST_1 : Operation 135 [1/1] (0.00ns)   --->   "%conv47_loc = alloca i64 1"   --->   Operation 135 'alloca' 'conv47_loc' <Predicate = true> <Delay = 0.00>
ST_1 : Operation 136 [1/1] (0.00ns)   --->   "%conv49_loc = alloca i64 1"   --->   Operation 136 'alloca' 'conv49_loc' <Predicate = true> <Delay = 0.00>
ST_1 : Operation 137 [1/1] (0.00ns)   --->   "%conv51_loc = alloca i64 1"   --->   Operation 137 'alloca' 'conv51_loc' <Predicate = true> <Delay = 0.00>
ST_1 : Operation 138 [1/1] (0.00ns)   --->   "%conv53_loc = alloca i64 1"   --->   Operation 138 'alloca' 'conv53_loc' <Predicate = true> <Delay = 0.00>
ST_1 : Operation 139 [1/1] (0.00ns)   --->   "%conv55_loc = alloca i64 1"   --->   Operation 139 'alloca' 'conv55_loc' <Predicate = true> <Delay = 0.00>
ST_1 : Operation 140 [1/1] (0.00ns)   --->   "%conv57_loc = alloca i64 1"   --->   Operation 140 'alloca' 'conv57_loc' <Predicate = true> <Delay = 0.00>
ST_1 : Operation 141 [1/1] (0.00ns)   --->   "%conv59_loc = alloca i64 1"   --->   Operation 141 'alloca' 'conv59_loc' <Predicate = true> <Delay = 0.00>
ST_1 : Operation 142 [1/1] (0.00ns)   --->   "%conv61_loc = alloca i64 1"   --->   Operation 142 'alloca' 'conv61_loc' <Predicate = true> <Delay = 0.00>
ST_1 : Operation 143 [1/1] (0.00ns)   --->   "%conv63_loc = alloca i64 1"   --->   Operation 143 'alloca' 'conv63_loc' <Predicate = true> <Delay = 0.00>
ST_1 : Operation 144 [1/1] (0.00ns)   --->   "%conv65_loc = alloca i64 1"   --->   Operation 144 'alloca' 'conv65_loc' <Predicate = true> <Delay = 0.00>
ST_1 : Operation 145 [1/1] (0.00ns)   --->   "%conv67_loc = alloca i64 1"   --->   Operation 145 'alloca' 'conv67_loc' <Predicate = true> <Delay = 0.00>
ST_1 : Operation 146 [1/1] (0.00ns)   --->   "%conv69_loc = alloca i64 1"   --->   Operation 146 'alloca' 'conv69_loc' <Predicate = true> <Delay = 0.00>
ST_1 : Operation 147 [1/1] (0.00ns)   --->   "%conv71_loc = alloca i64 1"   --->   Operation 147 'alloca' 'conv71_loc' <Predicate = true> <Delay = 0.00>
ST_1 : Operation 148 [1/1] (0.00ns)   --->   "%conv73_loc = alloca i64 1"   --->   Operation 148 'alloca' 'conv73_loc' <Predicate = true> <Delay = 0.00>
ST_1 : Operation 149 [1/1] (0.00ns)   --->   "%specinterface_ln0 = specinterface void @_ssdm_op_SpecInterface, i584 %input_r, void @empty, i32 0, i32 0, void @empty_0, i32 0, i32 0, void @empty_1, void @empty_1, void @empty_1, i32 0, i32 0, i32 0, i32 0, void @empty_1, void @empty_1, i32 4294967295, i32 0"   --->   Operation 149 'specinterface' 'specinterface_ln0' <Predicate = true> <Delay = 0.00>
ST_1 : Operation 150 [1/1] (0.00ns)   --->   "%specinterface_ln0 = specinterface void @_ssdm_op_SpecInterface, i32 0, void @empty_3, i32 0, i32 0, void @empty_1, i32 0, i32 0, void @empty_1, void @empty_1, void @empty_1, i32 0, i32 0, i32 0, i32 0, void @empty_1, void @empty_1, i32 4294967295, i32 0"   --->   Operation 150 'specinterface' 'specinterface_ln0' <Predicate = true> <Delay = 0.00>
ST_1 : Operation 151 [1/1] (0.00ns)   --->   "%sha256ctx_data = alloca i64 1" [sha1/sha2561.cpp:30]   --->   Operation 151 'alloca' 'sha256ctx_data' <Predicate = true> <Delay = 0.00>
ST_1 : Operation 152 [1/1] (0.00ns)   --->   "%store_ln33 = store i32 2600822924, i32 %sha256ctx_state_5_0" [sha1/sha2561.cpp:33]   --->   Operation 152 'store' 'store_ln33' <Predicate = true> <Delay = 0.00>
ST_1 : Operation 153 [1/1] (0.00ns)   --->   "%store_ln33 = store i32 1359893119, i32 %sha256ctx_state_4_0" [sha1/sha2561.cpp:33]   --->   Operation 153 'store' 'store_ln33' <Predicate = true> <Delay = 0.00>
ST_1 : Operation 154 [1/1] (0.00ns)   --->   "%store_ln33 = store i32 2773480762, i32 %sha256ctx_state_3_0" [sha1/sha2561.cpp:33]   --->   Operation 154 'store' 'store_ln33' <Predicate = true> <Delay = 0.00>
ST_1 : Operation 155 [1/1] (0.00ns)   --->   "%store_ln33 = store i32 1013904242, i32 %sha256ctx_state_2_0" [sha1/sha2561.cpp:33]   --->   Operation 155 'store' 'store_ln33' <Predicate = true> <Delay = 0.00>
ST_1 : Operation 156 [1/1] (0.00ns)   --->   "%store_ln33 = store i32 3144134277, i32 %sha256ctx_state_1_0" [sha1/sha2561.cpp:33]   --->   Operation 156 'store' 'store_ln33' <Predicate = true> <Delay = 0.00>
ST_1 : Operation 157 [1/1] (0.00ns)   --->   "%store_ln33 = store i32 1779033703, i32 %sha256ctx_state_0_0" [sha1/sha2561.cpp:33]   --->   Operation 157 'store' 'store_ln33' <Predicate = true> <Delay = 0.00>
ST_1 : Operation 158 [1/1] (0.00ns)   --->   "%store_ln33 = store i32 528734635, i32 %sha256ctx_state_6_0" [sha1/sha2561.cpp:33]   --->   Operation 158 'store' 'store_ln33' <Predicate = true> <Delay = 0.00>
ST_1 : Operation 159 [1/1] (0.00ns)   --->   "%store_ln33 = store i32 1541459225, i32 %sha256ctx_state_7_0" [sha1/sha2561.cpp:33]   --->   Operation 159 'store' 'store_ln33' <Predicate = true> <Delay = 0.00>
ST_1 : Operation 160 [1/1] (0.38ns)   --->   "%store_ln33 = store i1 0, i1 %write_flag12_0" [sha1/sha2561.cpp:33]   --->   Operation 160 'store' 'store_ln33' <Predicate = true> <Delay = 0.38>
ST_1 : Operation 161 [1/1] (0.00ns)   --->   "%store_ln33 = store i32 0, i32 %sha256ctx_datalen" [sha1/sha2561.cpp:33]   --->   Operation 161 'store' 'store_ln33' <Predicate = true> <Delay = 0.00>
ST_1 : Operation 162 [1/1] (0.00ns)   --->   "%store_ln33 = store i32 0, i32 %sha256ctx_bitlen_1" [sha1/sha2561.cpp:33]   --->   Operation 162 'store' 'store_ln33' <Predicate = true> <Delay = 0.00>
ST_1 : Operation 163 [1/1] (0.00ns)   --->   "%store_ln33 = store i32 0, i32 %sha256ctx_bitlen_0" [sha1/sha2561.cpp:33]   --->   Operation 163 'store' 'store_ln33' <Predicate = true> <Delay = 0.00>
ST_1 : Operation 164 [1/1] (0.00ns)   --->   "%br_ln33 = br void %do.body" [sha1/sha2561.cpp:33]   --->   Operation 164 'br' 'br_ln33' <Predicate = true> <Delay = 0.00>

State 2 <SV = 1> <Delay = 1.83>
ST_2 : Operation 165 [1/1] (0.00ns)   --->   "%specloopname_ln20 = specloopname void @_ssdm_op_SpecLoopName, void @empty_10" [sha1/sha2561.cpp:20]   --->   Operation 165 'specloopname' 'specloopname_ln20' <Predicate = true> <Delay = 0.00>
ST_2 : Operation 166 [1/1] (0.00ns)   --->   "%input_r_read = read i584 @_ssdm_op_Read.axis.volatile.i584P128A, i584 %input_r" [/share/xilinx/Vitis_HLS/2022.1/common/technology/autopilot/hls_stream_39.h:145]   --->   Operation 166 'read' 'input_r_read' <Predicate = true> <Delay = 0.00> <CoreInst = "axis">   --->   Core 123 'axis' <Latency = 0> <II = 1> <Delay = 1.00> <Adapter> <Opcode : >
ST_2 : Operation 167 [1/1] (0.00ns)   --->   "%trunc_ln145 = trunc i584 %input_r_read" [/share/xilinx/Vitis_HLS/2022.1/common/technology/autopilot/hls_stream_39.h:145]   --->   Operation 167 'trunc' 'trunc_ln145' <Predicate = true> <Delay = 0.00>
ST_2 : Operation 168 [1/1] (0.00ns)   --->   "%tmp = bitselect i1 @_ssdm_op_BitSelect.i1.i584.i32, i584 %input_r_read, i32 582" [/share/xilinx/Vitis_HLS/2022.1/common/technology/autopilot/hls_stream_39.h:145]   --->   Operation 168 'bitselect' 'tmp' <Predicate = true> <Delay = 0.00>
ST_2 : Operation 169 [1/1] (0.00ns)   --->   "%br_ln35 = br i1 %tmp, void %for.inc.preheader, void %do.body.do.cond_crit_edge" [sha1/sha2561.cpp:35]   --->   Operation 169 'br' 'br_ln35' <Predicate = true> <Delay = 0.00>
ST_2 : Operation 170 [1/1] (0.00ns)   --->   "%seg_buf_load = load i8 %seg_buf"   --->   Operation 170 'load' 'seg_buf_load' <Predicate = (!tmp)> <Delay = 0.00>
ST_2 : Operation 171 [1/1] (0.00ns)   --->   "%seg_buf_1_load = load i8 %seg_buf_1"   --->   Operation 171 'load' 'seg_buf_1_load' <Predicate = (!tmp)> <Delay = 0.00>
ST_2 : Operation 172 [1/1] (0.00ns)   --->   "%seg_buf_2_load = load i8 %seg_buf_2"   --->   Operation 172 'load' 'seg_buf_2_load' <Predicate = (!tmp)> <Delay = 0.00>
ST_2 : Operation 173 [1/1] (0.00ns)   --->   "%seg_buf_3_load = load i8 %seg_buf_3"   --->   Operation 173 'load' 'seg_buf_3_load' <Predicate = (!tmp)> <Delay = 0.00>
ST_2 : Operation 174 [1/1] (0.00ns)   --->   "%seg_buf_4_load = load i8 %seg_buf_4"   --->   Operation 174 'load' 'seg_buf_4_load' <Predicate = (!tmp)> <Delay = 0.00>
ST_2 : Operation 175 [1/1] (0.00ns)   --->   "%seg_buf_5_load = load i8 %seg_buf_5"   --->   Operation 175 'load' 'seg_buf_5_load' <Predicate = (!tmp)> <Delay = 0.00>
ST_2 : Operation 176 [1/1] (0.00ns)   --->   "%seg_buf_6_load = load i8 %seg_buf_6"   --->   Operation 176 'load' 'seg_buf_6_load' <Predicate = (!tmp)> <Delay = 0.00>
ST_2 : Operation 177 [1/1] (0.00ns)   --->   "%seg_buf_7_load = load i8 %seg_buf_7"   --->   Operation 177 'load' 'seg_buf_7_load' <Predicate = (!tmp)> <Delay = 0.00>
ST_2 : Operation 178 [1/1] (0.00ns)   --->   "%seg_buf_8_load = load i8 %seg_buf_8"   --->   Operation 178 'load' 'seg_buf_8_load' <Predicate = (!tmp)> <Delay = 0.00>
ST_2 : Operation 179 [1/1] (0.00ns)   --->   "%seg_buf_9_load = load i8 %seg_buf_9"   --->   Operation 179 'load' 'seg_buf_9_load' <Predicate = (!tmp)> <Delay = 0.00>
ST_2 : Operation 180 [1/1] (0.00ns)   --->   "%seg_buf_10_load = load i8 %seg_buf_10"   --->   Operation 180 'load' 'seg_buf_10_load' <Predicate = (!tmp)> <Delay = 0.00>
ST_2 : Operation 181 [1/1] (0.00ns)   --->   "%seg_buf_11_load = load i8 %seg_buf_11"   --->   Operation 181 'load' 'seg_buf_11_load' <Predicate = (!tmp)> <Delay = 0.00>
ST_2 : Operation 182 [1/1] (0.00ns)   --->   "%seg_buf_12_load = load i8 %seg_buf_12"   --->   Operation 182 'load' 'seg_buf_12_load' <Predicate = (!tmp)> <Delay = 0.00>
ST_2 : Operation 183 [1/1] (0.00ns)   --->   "%seg_buf_13_load = load i8 %seg_buf_13"   --->   Operation 183 'load' 'seg_buf_13_load' <Predicate = (!tmp)> <Delay = 0.00>
ST_2 : Operation 184 [1/1] (0.00ns)   --->   "%seg_buf_14_load = load i8 %seg_buf_14"   --->   Operation 184 'load' 'seg_buf_14_load' <Predicate = (!tmp)> <Delay = 0.00>
ST_2 : Operation 185 [1/1] (0.00ns)   --->   "%seg_buf_15_load = load i8 %seg_buf_15"   --->   Operation 185 'load' 'seg_buf_15_load' <Predicate = (!tmp)> <Delay = 0.00>
ST_2 : Operation 186 [1/1] (0.00ns)   --->   "%seg_buf_16_load = load i8 %seg_buf_16"   --->   Operation 186 'load' 'seg_buf_16_load' <Predicate = (!tmp)> <Delay = 0.00>
ST_2 : Operation 187 [1/1] (0.00ns)   --->   "%seg_buf_17_load = load i8 %seg_buf_17"   --->   Operation 187 'load' 'seg_buf_17_load' <Predicate = (!tmp)> <Delay = 0.00>
ST_2 : Operation 188 [1/1] (0.00ns)   --->   "%seg_buf_18_load = load i8 %seg_buf_18"   --->   Operation 188 'load' 'seg_buf_18_load' <Predicate = (!tmp)> <Delay = 0.00>
ST_2 : Operation 189 [1/1] (0.00ns)   --->   "%seg_buf_19_load = load i8 %seg_buf_19"   --->   Operation 189 'load' 'seg_buf_19_load' <Predicate = (!tmp)> <Delay = 0.00>
ST_2 : Operation 190 [1/1] (0.00ns)   --->   "%seg_buf_20_load = load i8 %seg_buf_20"   --->   Operation 190 'load' 'seg_buf_20_load' <Predicate = (!tmp)> <Delay = 0.00>
ST_2 : Operation 191 [1/1] (0.00ns)   --->   "%seg_buf_21_load = load i8 %seg_buf_21"   --->   Operation 191 'load' 'seg_buf_21_load' <Predicate = (!tmp)> <Delay = 0.00>
ST_2 : Operation 192 [1/1] (0.00ns)   --->   "%seg_buf_22_load = load i8 %seg_buf_22"   --->   Operation 192 'load' 'seg_buf_22_load' <Predicate = (!tmp)> <Delay = 0.00>
ST_2 : Operation 193 [1/1] (0.00ns)   --->   "%seg_buf_23_load = load i8 %seg_buf_23"   --->   Operation 193 'load' 'seg_buf_23_load' <Predicate = (!tmp)> <Delay = 0.00>
ST_2 : Operation 194 [1/1] (0.00ns)   --->   "%seg_buf_24_load = load i8 %seg_buf_24"   --->   Operation 194 'load' 'seg_buf_24_load' <Predicate = (!tmp)> <Delay = 0.00>
ST_2 : Operation 195 [1/1] (0.00ns)   --->   "%seg_buf_25_load = load i8 %seg_buf_25"   --->   Operation 195 'load' 'seg_buf_25_load' <Predicate = (!tmp)> <Delay = 0.00>
ST_2 : Operation 196 [1/1] (0.00ns)   --->   "%seg_buf_26_load = load i8 %seg_buf_26"   --->   Operation 196 'load' 'seg_buf_26_load' <Predicate = (!tmp)> <Delay = 0.00>
ST_2 : Operation 197 [1/1] (0.00ns)   --->   "%seg_buf_27_load = load i8 %seg_buf_27"   --->   Operation 197 'load' 'seg_buf_27_load' <Predicate = (!tmp)> <Delay = 0.00>
ST_2 : Operation 198 [1/1] (0.00ns)   --->   "%seg_buf_28_load = load i8 %seg_buf_28"   --->   Operation 198 'load' 'seg_buf_28_load' <Predicate = (!tmp)> <Delay = 0.00>
ST_2 : Operation 199 [1/1] (0.00ns)   --->   "%seg_buf_29_load = load i8 %seg_buf_29"   --->   Operation 199 'load' 'seg_buf_29_load' <Predicate = (!tmp)> <Delay = 0.00>
ST_2 : Operation 200 [1/1] (0.00ns)   --->   "%seg_buf_30_load = load i8 %seg_buf_30"   --->   Operation 200 'load' 'seg_buf_30_load' <Predicate = (!tmp)> <Delay = 0.00>
ST_2 : Operation 201 [1/1] (0.00ns)   --->   "%seg_buf_31_load = load i8 %seg_buf_31"   --->   Operation 201 'load' 'seg_buf_31_load' <Predicate = (!tmp)> <Delay = 0.00>
ST_2 : Operation 202 [1/1] (0.00ns)   --->   "%seg_buf_97_load = load i8 %seg_buf_97"   --->   Operation 202 'load' 'seg_buf_97_load' <Predicate = (!tmp)> <Delay = 0.00>
ST_2 : Operation 203 [1/1] (0.00ns)   --->   "%seg_buf_98_load = load i8 %seg_buf_98"   --->   Operation 203 'load' 'seg_buf_98_load' <Predicate = (!tmp)> <Delay = 0.00>
ST_2 : Operation 204 [1/1] (0.00ns)   --->   "%seg_buf_99_load = load i8 %seg_buf_99"   --->   Operation 204 'load' 'seg_buf_99_load' <Predicate = (!tmp)> <Delay = 0.00>
ST_2 : Operation 205 [1/1] (0.00ns)   --->   "%seg_buf_100_load = load i8 %seg_buf_100"   --->   Operation 205 'load' 'seg_buf_100_load' <Predicate = (!tmp)> <Delay = 0.00>
ST_2 : Operation 206 [1/1] (0.00ns)   --->   "%seg_buf_101_load = load i8 %seg_buf_101"   --->   Operation 206 'load' 'seg_buf_101_load' <Predicate = (!tmp)> <Delay = 0.00>
ST_2 : Operation 207 [1/1] (0.00ns)   --->   "%seg_buf_102_load = load i8 %seg_buf_102"   --->   Operation 207 'load' 'seg_buf_102_load' <Predicate = (!tmp)> <Delay = 0.00>
ST_2 : Operation 208 [1/1] (0.00ns)   --->   "%seg_buf_103_load = load i8 %seg_buf_103"   --->   Operation 208 'load' 'seg_buf_103_load' <Predicate = (!tmp)> <Delay = 0.00>
ST_2 : Operation 209 [1/1] (0.00ns)   --->   "%seg_buf_104_load = load i8 %seg_buf_104"   --->   Operation 209 'load' 'seg_buf_104_load' <Predicate = (!tmp)> <Delay = 0.00>
ST_2 : Operation 210 [1/1] (0.00ns)   --->   "%seg_buf_105_load = load i8 %seg_buf_105"   --->   Operation 210 'load' 'seg_buf_105_load' <Predicate = (!tmp)> <Delay = 0.00>
ST_2 : Operation 211 [1/1] (0.00ns)   --->   "%seg_buf_106_load = load i8 %seg_buf_106"   --->   Operation 211 'load' 'seg_buf_106_load' <Predicate = (!tmp)> <Delay = 0.00>
ST_2 : Operation 212 [1/1] (0.00ns)   --->   "%seg_buf_107_load = load i8 %seg_buf_107"   --->   Operation 212 'load' 'seg_buf_107_load' <Predicate = (!tmp)> <Delay = 0.00>
ST_2 : Operation 213 [1/1] (0.00ns)   --->   "%seg_buf_108_load = load i8 %seg_buf_108"   --->   Operation 213 'load' 'seg_buf_108_load' <Predicate = (!tmp)> <Delay = 0.00>
ST_2 : Operation 214 [1/1] (0.00ns)   --->   "%seg_buf_109_load = load i8 %seg_buf_109"   --->   Operation 214 'load' 'seg_buf_109_load' <Predicate = (!tmp)> <Delay = 0.00>
ST_2 : Operation 215 [1/1] (0.00ns)   --->   "%seg_buf_110_load = load i8 %seg_buf_110"   --->   Operation 215 'load' 'seg_buf_110_load' <Predicate = (!tmp)> <Delay = 0.00>
ST_2 : Operation 216 [1/1] (0.00ns)   --->   "%seg_buf_111_load = load i8 %seg_buf_111"   --->   Operation 216 'load' 'seg_buf_111_load' <Predicate = (!tmp)> <Delay = 0.00>
ST_2 : Operation 217 [1/1] (0.00ns)   --->   "%seg_buf_112_load = load i8 %seg_buf_112"   --->   Operation 217 'load' 'seg_buf_112_load' <Predicate = (!tmp)> <Delay = 0.00>
ST_2 : Operation 218 [1/1] (0.00ns)   --->   "%seg_buf_113_load = load i8 %seg_buf_113"   --->   Operation 218 'load' 'seg_buf_113_load' <Predicate = (!tmp)> <Delay = 0.00>
ST_2 : Operation 219 [1/1] (0.00ns)   --->   "%seg_buf_114_load = load i8 %seg_buf_114"   --->   Operation 219 'load' 'seg_buf_114_load' <Predicate = (!tmp)> <Delay = 0.00>
ST_2 : Operation 220 [1/1] (0.00ns)   --->   "%seg_buf_115_load = load i8 %seg_buf_115"   --->   Operation 220 'load' 'seg_buf_115_load' <Predicate = (!tmp)> <Delay = 0.00>
ST_2 : Operation 221 [1/1] (0.00ns)   --->   "%seg_buf_116_load = load i8 %seg_buf_116"   --->   Operation 221 'load' 'seg_buf_116_load' <Predicate = (!tmp)> <Delay = 0.00>
ST_2 : Operation 222 [1/1] (0.00ns)   --->   "%seg_buf_117_load = load i8 %seg_buf_117"   --->   Operation 222 'load' 'seg_buf_117_load' <Predicate = (!tmp)> <Delay = 0.00>
ST_2 : Operation 223 [1/1] (0.00ns)   --->   "%seg_buf_118_load = load i8 %seg_buf_118"   --->   Operation 223 'load' 'seg_buf_118_load' <Predicate = (!tmp)> <Delay = 0.00>
ST_2 : Operation 224 [1/1] (0.00ns)   --->   "%seg_buf_119_load = load i8 %seg_buf_119"   --->   Operation 224 'load' 'seg_buf_119_load' <Predicate = (!tmp)> <Delay = 0.00>
ST_2 : Operation 225 [1/1] (0.00ns)   --->   "%seg_buf_120_load = load i8 %seg_buf_120"   --->   Operation 225 'load' 'seg_buf_120_load' <Predicate = (!tmp)> <Delay = 0.00>
ST_2 : Operation 226 [1/1] (0.00ns)   --->   "%seg_buf_121_load = load i8 %seg_buf_121"   --->   Operation 226 'load' 'seg_buf_121_load' <Predicate = (!tmp)> <Delay = 0.00>
ST_2 : Operation 227 [1/1] (0.00ns)   --->   "%seg_buf_122_load = load i8 %seg_buf_122"   --->   Operation 227 'load' 'seg_buf_122_load' <Predicate = (!tmp)> <Delay = 0.00>
ST_2 : Operation 228 [1/1] (0.00ns)   --->   "%seg_buf_123_load = load i8 %seg_buf_123"   --->   Operation 228 'load' 'seg_buf_123_load' <Predicate = (!tmp)> <Delay = 0.00>
ST_2 : Operation 229 [1/1] (0.00ns)   --->   "%seg_buf_124_load = load i8 %seg_buf_124"   --->   Operation 229 'load' 'seg_buf_124_load' <Predicate = (!tmp)> <Delay = 0.00>
ST_2 : Operation 230 [1/1] (0.00ns)   --->   "%seg_buf_125_load = load i8 %seg_buf_125"   --->   Operation 230 'load' 'seg_buf_125_load' <Predicate = (!tmp)> <Delay = 0.00>
ST_2 : Operation 231 [1/1] (0.00ns)   --->   "%seg_buf_126_load = load i8 %seg_buf_126"   --->   Operation 231 'load' 'seg_buf_126_load' <Predicate = (!tmp)> <Delay = 0.00>
ST_2 : Operation 232 [1/1] (0.00ns)   --->   "%seg_buf_127_load = load i8 %seg_buf_127"   --->   Operation 232 'load' 'seg_buf_127_load' <Predicate = (!tmp)> <Delay = 0.00>
ST_2 : Operation 233 [1/1] (0.00ns)   --->   "%seg_buf_128_load = load i8 %seg_buf_128"   --->   Operation 233 'load' 'seg_buf_128_load' <Predicate = (!tmp)> <Delay = 0.00>
ST_2 : Operation 234 [2/2] (1.83ns)   --->   "%call_ln145 = call void @sha2561_ver_Pipeline_VITIS_LOOP_36_2, i8 %seg_buf_128_load, i8 %seg_buf_127_load, i8 %seg_buf_126_load, i8 %seg_buf_125_load, i8 %seg_buf_124_load, i8 %seg_buf_123_load, i8 %seg_buf_122_load, i8 %seg_buf_121_load, i8 %seg_buf_120_load, i8 %seg_buf_119_load, i8 %seg_buf_118_load, i8 %seg_buf_117_load, i8 %seg_buf_116_load, i8 %seg_buf_115_load, i8 %seg_buf_114_load, i8 %seg_buf_113_load, i8 %seg_buf_112_load, i8 %seg_buf_111_load, i8 %seg_buf_110_load, i8 %seg_buf_109_load, i8 %seg_buf_108_load, i8 %seg_buf_107_load, i8 %seg_buf_106_load, i8 %seg_buf_105_load, i8 %seg_buf_104_load, i8 %seg_buf_103_load, i8 %seg_buf_102_load, i8 %seg_buf_101_load, i8 %seg_buf_100_load, i8 %seg_buf_99_load, i8 %seg_buf_98_load, i8 %seg_buf_97_load, i8 %seg_buf_31_load, i8 %seg_buf_30_load, i8 %seg_buf_29_load, i8 %seg_buf_28_load, i8 %seg_buf_27_load, i8 %seg_buf_26_load, i8 %seg_buf_25_load, i8 %seg_buf_24_load, i8 %seg_buf_23_load, i8 %seg_buf_22_load, i8 %seg_buf_21_load, i8 %seg_buf_20_load, i8 %seg_buf_19_load, i8 %seg_buf_18_load, i8 %seg_buf_17_load, i8 %seg_buf_16_load, i8 %seg_buf_15_load, i8 %seg_buf_14_load, i8 %seg_buf_13_load, i8 %seg_buf_12_load, i8 %seg_buf_11_load, i8 %seg_buf_10_load, i8 %seg_buf_9_load, i8 %seg_buf_8_load, i8 %seg_buf_7_load, i8 %seg_buf_6_load, i8 %seg_buf_5_load, i8 %seg_buf_4_load, i8 %seg_buf_3_load, i8 %seg_buf_2_load, i8 %seg_buf_1_load, i8 %seg_buf_load, i512 %trunc_ln145, i8 %conv73_loc, i8 %conv71_loc, i8 %conv69_loc, i8 %conv67_loc, i8 %conv65_loc, i8 %conv63_loc, i8 %conv61_loc, i8 %conv59_loc, i8 %conv57_loc, i8 %conv55_loc, i8 %conv53_loc, i8 %conv51_loc, i8 %conv49_loc, i8 %conv47_loc, i8 %conv45_loc, i8 %conv43_loc, i8 %conv41_loc, i8 %conv39_loc, i8 %conv37_loc, i8 %conv35_loc, i8 %conv33_loc, i8 %conv31_loc, i8 %conv29_loc, i8 %conv27_loc, i8 %conv25_loc, i8 %conv23_loc, i8 %conv21_loc, i8 %conv19_loc, i8 %conv17_loc, i8 %conv15_loc, i8 %conv13_loc, i8 %conv11_loc, i8 %seg_buf_63_loc, i8 %seg_buf_62_loc, i8 %seg_buf_61_loc, i8 %seg_buf_60_loc, i8 %seg_buf_59_loc, i8 %seg_buf_58_loc, i8 %seg_buf_57_loc, i8 %seg_buf_56_loc, i8 %seg_buf_55_loc, i8 %seg_buf_54_loc, i8 %seg_buf_53_loc, i8 %seg_buf_52_loc, i8 %seg_buf_51_loc, i8 %seg_buf_50_loc, i8 %seg_buf_49_loc, i8 %seg_buf_48_loc, i8 %seg_buf_47_loc, i8 %seg_buf_46_loc, i8 %seg_buf_45_loc, i8 %seg_buf_44_loc, i8 %seg_buf_43_loc, i8 %seg_buf_42_loc, i8 %seg_buf_41_loc, i8 %seg_buf_40_loc, i8 %seg_buf_39_loc, i8 %seg_buf_38_loc, i8 %seg_buf_37_loc, i8 %seg_buf_36_loc, i8 %seg_buf_35_loc, i8 %seg_buf_34_loc, i8 %seg_buf_33_loc, i8 %seg_buf_32_loc" [/share/xilinx/Vitis_HLS/2022.1/common/technology/autopilot/hls_stream_39.h:145]   --->   Operation 234 'call' 'call_ln145' <Predicate = (!tmp)> <Delay = 1.83> <CoreType = "Generic">   --->   Core 0 '' <Latency = 0> <II = 1> <Delay = 1.00> <Generic> <Opcode : >
ST_2 : Operation 235 [1/1] (0.38ns)   --->   "%store_ln35 = store i1 1, i1 %write_flag12_0" [sha1/sha2561.cpp:35]   --->   Operation 235 'store' 'store_ln35' <Predicate = (tmp)> <Delay = 0.38>
ST_2 : Operation 236 [1/1] (0.00ns)   --->   "%store_ln35 = store i512 %trunc_ln145, i512 %lastPacket_tdata_05" [sha1/sha2561.cpp:35]   --->   Operation 236 'store' 'store_ln35' <Predicate = (tmp)> <Delay = 0.00>
ST_2 : Operation 237 [1/1] (0.00ns)   --->   "%br_ln35 = br void %do.cond" [sha1/sha2561.cpp:35]   --->   Operation 237 'br' 'br_ln35' <Predicate = (tmp)> <Delay = 0.00>

State 3 <SV = 2> <Delay = 0.98>
ST_3 : Operation 238 [1/2] (0.98ns)   --->   "%call_ln145 = call void @sha2561_ver_Pipeline_VITIS_LOOP_36_2, i8 %seg_buf_128_load, i8 %seg_buf_127_load, i8 %seg_buf_126_load, i8 %seg_buf_125_load, i8 %seg_buf_124_load, i8 %seg_buf_123_load, i8 %seg_buf_122_load, i8 %seg_buf_121_load, i8 %seg_buf_120_load, i8 %seg_buf_119_load, i8 %seg_buf_118_load, i8 %seg_buf_117_load, i8 %seg_buf_116_load, i8 %seg_buf_115_load, i8 %seg_buf_114_load, i8 %seg_buf_113_load, i8 %seg_buf_112_load, i8 %seg_buf_111_load, i8 %seg_buf_110_load, i8 %seg_buf_109_load, i8 %seg_buf_108_load, i8 %seg_buf_107_load, i8 %seg_buf_106_load, i8 %seg_buf_105_load, i8 %seg_buf_104_load, i8 %seg_buf_103_load, i8 %seg_buf_102_load, i8 %seg_buf_101_load, i8 %seg_buf_100_load, i8 %seg_buf_99_load, i8 %seg_buf_98_load, i8 %seg_buf_97_load, i8 %seg_buf_31_load, i8 %seg_buf_30_load, i8 %seg_buf_29_load, i8 %seg_buf_28_load, i8 %seg_buf_27_load, i8 %seg_buf_26_load, i8 %seg_buf_25_load, i8 %seg_buf_24_load, i8 %seg_buf_23_load, i8 %seg_buf_22_load, i8 %seg_buf_21_load, i8 %seg_buf_20_load, i8 %seg_buf_19_load, i8 %seg_buf_18_load, i8 %seg_buf_17_load, i8 %seg_buf_16_load, i8 %seg_buf_15_load, i8 %seg_buf_14_load, i8 %seg_buf_13_load, i8 %seg_buf_12_load, i8 %seg_buf_11_load, i8 %seg_buf_10_load, i8 %seg_buf_9_load, i8 %seg_buf_8_load, i8 %seg_buf_7_load, i8 %seg_buf_6_load, i8 %seg_buf_5_load, i8 %seg_buf_4_load, i8 %seg_buf_3_load, i8 %seg_buf_2_load, i8 %seg_buf_1_load, i8 %seg_buf_load, i512 %trunc_ln145, i8 %conv73_loc, i8 %conv71_loc, i8 %conv69_loc, i8 %conv67_loc, i8 %conv65_loc, i8 %conv63_loc, i8 %conv61_loc, i8 %conv59_loc, i8 %conv57_loc, i8 %conv55_loc, i8 %conv53_loc, i8 %conv51_loc, i8 %conv49_loc, i8 %conv47_loc, i8 %conv45_loc, i8 %conv43_loc, i8 %conv41_loc, i8 %conv39_loc, i8 %conv37_loc, i8 %conv35_loc, i8 %conv33_loc, i8 %conv31_loc, i8 %conv29_loc, i8 %conv27_loc, i8 %conv25_loc, i8 %conv23_loc, i8 %conv21_loc, i8 %conv19_loc, i8 %conv17_loc, i8 %conv15_loc, i8 %conv13_loc, i8 %conv11_loc, i8 %seg_buf_63_loc, i8 %seg_buf_62_loc, i8 %seg_buf_61_loc, i8 %seg_buf_60_loc, i8 %seg_buf_59_loc, i8 %seg_buf_58_loc, i8 %seg_buf_57_loc, i8 %seg_buf_56_loc, i8 %seg_buf_55_loc, i8 %seg_buf_54_loc, i8 %seg_buf_53_loc, i8 %seg_buf_52_loc, i8 %seg_buf_51_loc, i8 %seg_buf_50_loc, i8 %seg_buf_49_loc, i8 %seg_buf_48_loc, i8 %seg_buf_47_loc, i8 %seg_buf_46_loc, i8 %seg_buf_45_loc, i8 %seg_buf_44_loc, i8 %seg_buf_43_loc, i8 %seg_buf_42_loc, i8 %seg_buf_41_loc, i8 %seg_buf_40_loc, i8 %seg_buf_39_loc, i8 %seg_buf_38_loc, i8 %seg_buf_37_loc, i8 %seg_buf_36_loc, i8 %seg_buf_35_loc, i8 %seg_buf_34_loc, i8 %seg_buf_33_loc, i8 %seg_buf_32_loc" [/share/xilinx/Vitis_HLS/2022.1/common/technology/autopilot/hls_stream_39.h:145]   --->   Operation 238 'call' 'call_ln145' <Predicate = true> <Delay = 0.98> <CoreType = "Generic">   --->   Core 0 '' <Latency = 0> <II = 1> <Delay = 1.00> <Generic> <Opcode : >

State 4 <SV = 3> <Delay = 1.41>
ST_4 : Operation 239 [1/1] (0.00ns)   --->   "%conv73_loc_load = load i8 %conv73_loc"   --->   Operation 239 'load' 'conv73_loc_load' <Predicate = true> <Delay = 0.00>
ST_4 : Operation 240 [1/1] (0.00ns)   --->   "%conv71_loc_load = load i8 %conv71_loc"   --->   Operation 240 'load' 'conv71_loc_load' <Predicate = true> <Delay = 0.00>
ST_4 : Operation 241 [1/1] (0.00ns)   --->   "%conv69_loc_load = load i8 %conv69_loc"   --->   Operation 241 'load' 'conv69_loc_load' <Predicate = true> <Delay = 0.00>
ST_4 : Operation 242 [1/1] (0.00ns)   --->   "%conv67_loc_load = load i8 %conv67_loc"   --->   Operation 242 'load' 'conv67_loc_load' <Predicate = true> <Delay = 0.00>
ST_4 : Operation 243 [1/1] (0.00ns)   --->   "%conv65_loc_load = load i8 %conv65_loc"   --->   Operation 243 'load' 'conv65_loc_load' <Predicate = true> <Delay = 0.00>
ST_4 : Operation 244 [1/1] (0.00ns)   --->   "%conv63_loc_load = load i8 %conv63_loc"   --->   Operation 244 'load' 'conv63_loc_load' <Predicate = true> <Delay = 0.00>
ST_4 : Operation 245 [1/1] (0.00ns)   --->   "%conv61_loc_load = load i8 %conv61_loc"   --->   Operation 245 'load' 'conv61_loc_load' <Predicate = true> <Delay = 0.00>
ST_4 : Operation 246 [1/1] (0.00ns)   --->   "%conv59_loc_load = load i8 %conv59_loc"   --->   Operation 246 'load' 'conv59_loc_load' <Predicate = true> <Delay = 0.00>
ST_4 : Operation 247 [1/1] (0.00ns)   --->   "%conv57_loc_load = load i8 %conv57_loc"   --->   Operation 247 'load' 'conv57_loc_load' <Predicate = true> <Delay = 0.00>
ST_4 : Operation 248 [1/1] (0.00ns)   --->   "%conv55_loc_load = load i8 %conv55_loc"   --->   Operation 248 'load' 'conv55_loc_load' <Predicate = true> <Delay = 0.00>
ST_4 : Operation 249 [1/1] (0.00ns)   --->   "%conv53_loc_load = load i8 %conv53_loc"   --->   Operation 249 'load' 'conv53_loc_load' <Predicate = true> <Delay = 0.00>
ST_4 : Operation 250 [1/1] (0.00ns)   --->   "%conv51_loc_load = load i8 %conv51_loc"   --->   Operation 250 'load' 'conv51_loc_load' <Predicate = true> <Delay = 0.00>
ST_4 : Operation 251 [1/1] (0.00ns)   --->   "%conv49_loc_load = load i8 %conv49_loc"   --->   Operation 251 'load' 'conv49_loc_load' <Predicate = true> <Delay = 0.00>
ST_4 : Operation 252 [1/1] (0.00ns)   --->   "%conv47_loc_load = load i8 %conv47_loc"   --->   Operation 252 'load' 'conv47_loc_load' <Predicate = true> <Delay = 0.00>
ST_4 : Operation 253 [1/1] (0.00ns)   --->   "%conv45_loc_load = load i8 %conv45_loc"   --->   Operation 253 'load' 'conv45_loc_load' <Predicate = true> <Delay = 0.00>
ST_4 : Operation 254 [1/1] (0.00ns)   --->   "%conv43_loc_load = load i8 %conv43_loc"   --->   Operation 254 'load' 'conv43_loc_load' <Predicate = true> <Delay = 0.00>
ST_4 : Operation 255 [1/1] (0.00ns)   --->   "%conv41_loc_load = load i8 %conv41_loc"   --->   Operation 255 'load' 'conv41_loc_load' <Predicate = true> <Delay = 0.00>
ST_4 : Operation 256 [1/1] (0.00ns)   --->   "%conv39_loc_load = load i8 %conv39_loc"   --->   Operation 256 'load' 'conv39_loc_load' <Predicate = true> <Delay = 0.00>
ST_4 : Operation 257 [1/1] (0.00ns)   --->   "%conv37_loc_load = load i8 %conv37_loc"   --->   Operation 257 'load' 'conv37_loc_load' <Predicate = true> <Delay = 0.00>
ST_4 : Operation 258 [1/1] (0.00ns)   --->   "%conv35_loc_load = load i8 %conv35_loc"   --->   Operation 258 'load' 'conv35_loc_load' <Predicate = true> <Delay = 0.00>
ST_4 : Operation 259 [1/1] (0.00ns)   --->   "%conv33_loc_load = load i8 %conv33_loc"   --->   Operation 259 'load' 'conv33_loc_load' <Predicate = true> <Delay = 0.00>
ST_4 : Operation 260 [1/1] (0.00ns)   --->   "%conv31_loc_load = load i8 %conv31_loc"   --->   Operation 260 'load' 'conv31_loc_load' <Predicate = true> <Delay = 0.00>
ST_4 : Operation 261 [1/1] (0.00ns)   --->   "%conv29_loc_load = load i8 %conv29_loc"   --->   Operation 261 'load' 'conv29_loc_load' <Predicate = true> <Delay = 0.00>
ST_4 : Operation 262 [1/1] (0.00ns)   --->   "%conv27_loc_load = load i8 %conv27_loc"   --->   Operation 262 'load' 'conv27_loc_load' <Predicate = true> <Delay = 0.00>
ST_4 : Operation 263 [1/1] (0.00ns)   --->   "%conv25_loc_load = load i8 %conv25_loc"   --->   Operation 263 'load' 'conv25_loc_load' <Predicate = true> <Delay = 0.00>
ST_4 : Operation 264 [1/1] (0.00ns)   --->   "%conv23_loc_load = load i8 %conv23_loc"   --->   Operation 264 'load' 'conv23_loc_load' <Predicate = true> <Delay = 0.00>
ST_4 : Operation 265 [1/1] (0.00ns)   --->   "%conv21_loc_load = load i8 %conv21_loc"   --->   Operation 265 'load' 'conv21_loc_load' <Predicate = true> <Delay = 0.00>
ST_4 : Operation 266 [1/1] (0.00ns)   --->   "%conv19_loc_load = load i8 %conv19_loc"   --->   Operation 266 'load' 'conv19_loc_load' <Predicate = true> <Delay = 0.00>
ST_4 : Operation 267 [1/1] (0.00ns)   --->   "%conv17_loc_load = load i8 %conv17_loc"   --->   Operation 267 'load' 'conv17_loc_load' <Predicate = true> <Delay = 0.00>
ST_4 : Operation 268 [1/1] (0.00ns)   --->   "%conv15_loc_load = load i8 %conv15_loc"   --->   Operation 268 'load' 'conv15_loc_load' <Predicate = true> <Delay = 0.00>
ST_4 : Operation 269 [1/1] (0.00ns)   --->   "%conv13_loc_load = load i8 %conv13_loc"   --->   Operation 269 'load' 'conv13_loc_load' <Predicate = true> <Delay = 0.00>
ST_4 : Operation 270 [1/1] (0.00ns)   --->   "%conv11_loc_load = load i8 %conv11_loc"   --->   Operation 270 'load' 'conv11_loc_load' <Predicate = true> <Delay = 0.00>
ST_4 : Operation 271 [1/1] (0.00ns)   --->   "%seg_buf_63_loc_load = load i8 %seg_buf_63_loc"   --->   Operation 271 'load' 'seg_buf_63_loc_load' <Predicate = true> <Delay = 0.00>
ST_4 : Operation 272 [1/1] (0.00ns)   --->   "%seg_buf_62_loc_load = load i8 %seg_buf_62_loc"   --->   Operation 272 'load' 'seg_buf_62_loc_load' <Predicate = true> <Delay = 0.00>
ST_4 : Operation 273 [1/1] (0.00ns)   --->   "%seg_buf_61_loc_load = load i8 %seg_buf_61_loc"   --->   Operation 273 'load' 'seg_buf_61_loc_load' <Predicate = true> <Delay = 0.00>
ST_4 : Operation 274 [1/1] (0.00ns)   --->   "%seg_buf_60_loc_load = load i8 %seg_buf_60_loc"   --->   Operation 274 'load' 'seg_buf_60_loc_load' <Predicate = true> <Delay = 0.00>
ST_4 : Operation 275 [1/1] (0.00ns)   --->   "%seg_buf_59_loc_load = load i8 %seg_buf_59_loc"   --->   Operation 275 'load' 'seg_buf_59_loc_load' <Predicate = true> <Delay = 0.00>
ST_4 : Operation 276 [1/1] (0.00ns)   --->   "%seg_buf_58_loc_load = load i8 %seg_buf_58_loc"   --->   Operation 276 'load' 'seg_buf_58_loc_load' <Predicate = true> <Delay = 0.00>
ST_4 : Operation 277 [1/1] (0.00ns)   --->   "%seg_buf_57_loc_load = load i8 %seg_buf_57_loc"   --->   Operation 277 'load' 'seg_buf_57_loc_load' <Predicate = true> <Delay = 0.00>
ST_4 : Operation 278 [1/1] (0.00ns)   --->   "%seg_buf_56_loc_load = load i8 %seg_buf_56_loc"   --->   Operation 278 'load' 'seg_buf_56_loc_load' <Predicate = true> <Delay = 0.00>
ST_4 : Operation 279 [1/1] (0.00ns)   --->   "%seg_buf_55_loc_load = load i8 %seg_buf_55_loc"   --->   Operation 279 'load' 'seg_buf_55_loc_load' <Predicate = true> <Delay = 0.00>
ST_4 : Operation 280 [1/1] (0.00ns)   --->   "%seg_buf_54_loc_load = load i8 %seg_buf_54_loc"   --->   Operation 280 'load' 'seg_buf_54_loc_load' <Predicate = true> <Delay = 0.00>
ST_4 : Operation 281 [1/1] (0.00ns)   --->   "%seg_buf_53_loc_load = load i8 %seg_buf_53_loc"   --->   Operation 281 'load' 'seg_buf_53_loc_load' <Predicate = true> <Delay = 0.00>
ST_4 : Operation 282 [1/1] (0.00ns)   --->   "%seg_buf_52_loc_load = load i8 %seg_buf_52_loc"   --->   Operation 282 'load' 'seg_buf_52_loc_load' <Predicate = true> <Delay = 0.00>
ST_4 : Operation 283 [1/1] (0.00ns)   --->   "%seg_buf_51_loc_load = load i8 %seg_buf_51_loc"   --->   Operation 283 'load' 'seg_buf_51_loc_load' <Predicate = true> <Delay = 0.00>
ST_4 : Operation 284 [1/1] (0.00ns)   --->   "%seg_buf_50_loc_load = load i8 %seg_buf_50_loc"   --->   Operation 284 'load' 'seg_buf_50_loc_load' <Predicate = true> <Delay = 0.00>
ST_4 : Operation 285 [1/1] (0.00ns)   --->   "%seg_buf_49_loc_load = load i8 %seg_buf_49_loc"   --->   Operation 285 'load' 'seg_buf_49_loc_load' <Predicate = true> <Delay = 0.00>
ST_4 : Operation 286 [1/1] (0.00ns)   --->   "%seg_buf_48_loc_load = load i8 %seg_buf_48_loc"   --->   Operation 286 'load' 'seg_buf_48_loc_load' <Predicate = true> <Delay = 0.00>
ST_4 : Operation 287 [1/1] (0.00ns)   --->   "%seg_buf_47_loc_load = load i8 %seg_buf_47_loc"   --->   Operation 287 'load' 'seg_buf_47_loc_load' <Predicate = true> <Delay = 0.00>
ST_4 : Operation 288 [1/1] (0.00ns)   --->   "%seg_buf_46_loc_load = load i8 %seg_buf_46_loc"   --->   Operation 288 'load' 'seg_buf_46_loc_load' <Predicate = true> <Delay = 0.00>
ST_4 : Operation 289 [1/1] (0.00ns)   --->   "%seg_buf_45_loc_load = load i8 %seg_buf_45_loc"   --->   Operation 289 'load' 'seg_buf_45_loc_load' <Predicate = true> <Delay = 0.00>
ST_4 : Operation 290 [1/1] (0.00ns)   --->   "%seg_buf_44_loc_load = load i8 %seg_buf_44_loc"   --->   Operation 290 'load' 'seg_buf_44_loc_load' <Predicate = true> <Delay = 0.00>
ST_4 : Operation 291 [1/1] (0.00ns)   --->   "%seg_buf_43_loc_load = load i8 %seg_buf_43_loc"   --->   Operation 291 'load' 'seg_buf_43_loc_load' <Predicate = true> <Delay = 0.00>
ST_4 : Operation 292 [1/1] (0.00ns)   --->   "%seg_buf_42_loc_load = load i8 %seg_buf_42_loc"   --->   Operation 292 'load' 'seg_buf_42_loc_load' <Predicate = true> <Delay = 0.00>
ST_4 : Operation 293 [1/1] (0.00ns)   --->   "%seg_buf_41_loc_load = load i8 %seg_buf_41_loc"   --->   Operation 293 'load' 'seg_buf_41_loc_load' <Predicate = true> <Delay = 0.00>
ST_4 : Operation 294 [1/1] (0.00ns)   --->   "%seg_buf_40_loc_load = load i8 %seg_buf_40_loc"   --->   Operation 294 'load' 'seg_buf_40_loc_load' <Predicate = true> <Delay = 0.00>
ST_4 : Operation 295 [1/1] (0.00ns)   --->   "%seg_buf_39_loc_load = load i8 %seg_buf_39_loc"   --->   Operation 295 'load' 'seg_buf_39_loc_load' <Predicate = true> <Delay = 0.00>
ST_4 : Operation 296 [1/1] (0.00ns)   --->   "%seg_buf_38_loc_load = load i8 %seg_buf_38_loc"   --->   Operation 296 'load' 'seg_buf_38_loc_load' <Predicate = true> <Delay = 0.00>
ST_4 : Operation 297 [1/1] (0.00ns)   --->   "%seg_buf_37_loc_load = load i8 %seg_buf_37_loc"   --->   Operation 297 'load' 'seg_buf_37_loc_load' <Predicate = true> <Delay = 0.00>
ST_4 : Operation 298 [1/1] (0.00ns)   --->   "%seg_buf_36_loc_load = load i8 %seg_buf_36_loc"   --->   Operation 298 'load' 'seg_buf_36_loc_load' <Predicate = true> <Delay = 0.00>
ST_4 : Operation 299 [1/1] (0.00ns)   --->   "%seg_buf_35_loc_load = load i8 %seg_buf_35_loc"   --->   Operation 299 'load' 'seg_buf_35_loc_load' <Predicate = true> <Delay = 0.00>
ST_4 : Operation 300 [1/1] (0.00ns)   --->   "%seg_buf_34_loc_load = load i8 %seg_buf_34_loc"   --->   Operation 300 'load' 'seg_buf_34_loc_load' <Predicate = true> <Delay = 0.00>
ST_4 : Operation 301 [1/1] (0.00ns)   --->   "%seg_buf_33_loc_load = load i8 %seg_buf_33_loc"   --->   Operation 301 'load' 'seg_buf_33_loc_load' <Predicate = true> <Delay = 0.00>
ST_4 : Operation 302 [1/1] (0.00ns)   --->   "%seg_buf_32_loc_load = load i8 %seg_buf_32_loc"   --->   Operation 302 'load' 'seg_buf_32_loc_load' <Predicate = true> <Delay = 0.00>
ST_4 : Operation 303 [2/2] (1.41ns)   --->   "%call_ln0 = call void @sha2561_ver_Pipeline_VITIS_LOOP_90_1, i8 %conv73_loc_load, i8 %conv71_loc_load, i8 %conv69_loc_load, i8 %conv67_loc_load, i8 %conv65_loc_load, i8 %conv63_loc_load, i8 %conv61_loc_load, i8 %conv59_loc_load, i8 %conv57_loc_load, i8 %conv55_loc_load, i8 %conv53_loc_load, i8 %conv51_loc_load, i8 %conv49_loc_load, i8 %conv47_loc_load, i8 %conv45_loc_load, i8 %conv43_loc_load, i8 %conv41_loc_load, i8 %conv39_loc_load, i8 %conv37_loc_load, i8 %conv35_loc_load, i8 %conv33_loc_load, i8 %conv31_loc_load, i8 %conv29_loc_load, i8 %conv27_loc_load, i8 %conv25_loc_load, i8 %conv23_loc_load, i8 %conv21_loc_load, i8 %conv19_loc_load, i8 %conv17_loc_load, i8 %conv15_loc_load, i8 %conv13_loc_load, i8 %conv11_loc_load, i8 %seg_buf_32_loc_load, i8 %seg_buf_33_loc_load, i8 %seg_buf_34_loc_load, i8 %seg_buf_35_loc_load, i8 %seg_buf_36_loc_load, i8 %seg_buf_37_loc_load, i8 %seg_buf_38_loc_load, i8 %seg_buf_39_loc_load, i8 %seg_buf_40_loc_load, i8 %seg_buf_41_loc_load, i8 %seg_buf_42_loc_load, i8 %seg_buf_43_loc_load, i8 %seg_buf_44_loc_load, i8 %seg_buf_45_loc_load, i8 %seg_buf_46_loc_load, i8 %seg_buf_47_loc_load, i8 %seg_buf_48_loc_load, i8 %seg_buf_49_loc_load, i8 %seg_buf_50_loc_load, i8 %seg_buf_51_loc_load, i8 %seg_buf_52_loc_load, i8 %seg_buf_53_loc_load, i8 %seg_buf_54_loc_load, i8 %seg_buf_55_loc_load, i8 %seg_buf_56_loc_load, i8 %seg_buf_57_loc_load, i8 %seg_buf_58_loc_load, i8 %seg_buf_59_loc_load, i8 %seg_buf_60_loc_load, i8 %seg_buf_61_loc_load, i8 %seg_buf_62_loc_load, i8 %seg_buf_63_loc_load, i8 %sha256ctx_data, i32 %sha256ctx_state_5_0, i32 %sha256ctx_state_4_0, i32 %sha256ctx_state_3_0, i32 %sha256ctx_state_2_0, i32 %sha256ctx_state_1_0, i32 %sha256ctx_state_0_0, i32 %sha256ctx_state_6_0, i32 %sha256ctx_state_7_0, i32 %sha256ctx_bitlen_1, i32 %sha256ctx_bitlen_0, i32 %sha256ctx_datalen"   --->   Operation 303 'call' 'call_ln0' <Predicate = true> <Delay = 1.41> <CoreType = "Generic">   --->   Core 0 '' <Latency = 0> <II = 1> <Delay = 1.00> <Generic> <Opcode : >
ST_4 : Operation 304 [1/1] (0.00ns)   --->   "%store_ln0 = store i8 %conv73_loc_load, i8 %seg_buf_128"   --->   Operation 304 'store' 'store_ln0' <Predicate = true> <Delay = 0.00>
ST_4 : Operation 305 [1/1] (0.00ns)   --->   "%store_ln0 = store i8 %conv71_loc_load, i8 %seg_buf_127"   --->   Operation 305 'store' 'store_ln0' <Predicate = true> <Delay = 0.00>
ST_4 : Operation 306 [1/1] (0.00ns)   --->   "%store_ln0 = store i8 %conv69_loc_load, i8 %seg_buf_126"   --->   Operation 306 'store' 'store_ln0' <Predicate = true> <Delay = 0.00>
ST_4 : Operation 307 [1/1] (0.00ns)   --->   "%store_ln0 = store i8 %conv67_loc_load, i8 %seg_buf_125"   --->   Operation 307 'store' 'store_ln0' <Predicate = true> <Delay = 0.00>
ST_4 : Operation 308 [1/1] (0.00ns)   --->   "%store_ln0 = store i8 %conv65_loc_load, i8 %seg_buf_124"   --->   Operation 308 'store' 'store_ln0' <Predicate = true> <Delay = 0.00>
ST_4 : Operation 309 [1/1] (0.00ns)   --->   "%store_ln0 = store i8 %conv63_loc_load, i8 %seg_buf_123"   --->   Operation 309 'store' 'store_ln0' <Predicate = true> <Delay = 0.00>
ST_4 : Operation 310 [1/1] (0.00ns)   --->   "%store_ln0 = store i8 %conv61_loc_load, i8 %seg_buf_122"   --->   Operation 310 'store' 'store_ln0' <Predicate = true> <Delay = 0.00>
ST_4 : Operation 311 [1/1] (0.00ns)   --->   "%store_ln0 = store i8 %conv59_loc_load, i8 %seg_buf_121"   --->   Operation 311 'store' 'store_ln0' <Predicate = true> <Delay = 0.00>
ST_4 : Operation 312 [1/1] (0.00ns)   --->   "%store_ln0 = store i8 %conv57_loc_load, i8 %seg_buf_120"   --->   Operation 312 'store' 'store_ln0' <Predicate = true> <Delay = 0.00>
ST_4 : Operation 313 [1/1] (0.00ns)   --->   "%store_ln0 = store i8 %conv55_loc_load, i8 %seg_buf_119"   --->   Operation 313 'store' 'store_ln0' <Predicate = true> <Delay = 0.00>
ST_4 : Operation 314 [1/1] (0.00ns)   --->   "%store_ln0 = store i8 %conv53_loc_load, i8 %seg_buf_118"   --->   Operation 314 'store' 'store_ln0' <Predicate = true> <Delay = 0.00>
ST_4 : Operation 315 [1/1] (0.00ns)   --->   "%store_ln0 = store i8 %conv51_loc_load, i8 %seg_buf_117"   --->   Operation 315 'store' 'store_ln0' <Predicate = true> <Delay = 0.00>
ST_4 : Operation 316 [1/1] (0.00ns)   --->   "%store_ln0 = store i8 %conv49_loc_load, i8 %seg_buf_116"   --->   Operation 316 'store' 'store_ln0' <Predicate = true> <Delay = 0.00>
ST_4 : Operation 317 [1/1] (0.00ns)   --->   "%store_ln0 = store i8 %conv47_loc_load, i8 %seg_buf_115"   --->   Operation 317 'store' 'store_ln0' <Predicate = true> <Delay = 0.00>
ST_4 : Operation 318 [1/1] (0.00ns)   --->   "%store_ln0 = store i8 %conv45_loc_load, i8 %seg_buf_114"   --->   Operation 318 'store' 'store_ln0' <Predicate = true> <Delay = 0.00>
ST_4 : Operation 319 [1/1] (0.00ns)   --->   "%store_ln0 = store i8 %conv43_loc_load, i8 %seg_buf_113"   --->   Operation 319 'store' 'store_ln0' <Predicate = true> <Delay = 0.00>
ST_4 : Operation 320 [1/1] (0.00ns)   --->   "%store_ln0 = store i8 %conv41_loc_load, i8 %seg_buf_112"   --->   Operation 320 'store' 'store_ln0' <Predicate = true> <Delay = 0.00>
ST_4 : Operation 321 [1/1] (0.00ns)   --->   "%store_ln0 = store i8 %conv39_loc_load, i8 %seg_buf_111"   --->   Operation 321 'store' 'store_ln0' <Predicate = true> <Delay = 0.00>
ST_4 : Operation 322 [1/1] (0.00ns)   --->   "%store_ln0 = store i8 %conv37_loc_load, i8 %seg_buf_110"   --->   Operation 322 'store' 'store_ln0' <Predicate = true> <Delay = 0.00>
ST_4 : Operation 323 [1/1] (0.00ns)   --->   "%store_ln0 = store i8 %conv35_loc_load, i8 %seg_buf_109"   --->   Operation 323 'store' 'store_ln0' <Predicate = true> <Delay = 0.00>
ST_4 : Operation 324 [1/1] (0.00ns)   --->   "%store_ln0 = store i8 %conv33_loc_load, i8 %seg_buf_108"   --->   Operation 324 'store' 'store_ln0' <Predicate = true> <Delay = 0.00>
ST_4 : Operation 325 [1/1] (0.00ns)   --->   "%store_ln0 = store i8 %conv31_loc_load, i8 %seg_buf_107"   --->   Operation 325 'store' 'store_ln0' <Predicate = true> <Delay = 0.00>
ST_4 : Operation 326 [1/1] (0.00ns)   --->   "%store_ln0 = store i8 %conv29_loc_load, i8 %seg_buf_106"   --->   Operation 326 'store' 'store_ln0' <Predicate = true> <Delay = 0.00>
ST_4 : Operation 327 [1/1] (0.00ns)   --->   "%store_ln0 = store i8 %conv27_loc_load, i8 %seg_buf_105"   --->   Operation 327 'store' 'store_ln0' <Predicate = true> <Delay = 0.00>
ST_4 : Operation 328 [1/1] (0.00ns)   --->   "%store_ln0 = store i8 %conv25_loc_load, i8 %seg_buf_104"   --->   Operation 328 'store' 'store_ln0' <Predicate = true> <Delay = 0.00>
ST_4 : Operation 329 [1/1] (0.00ns)   --->   "%store_ln0 = store i8 %conv23_loc_load, i8 %seg_buf_103"   --->   Operation 329 'store' 'store_ln0' <Predicate = true> <Delay = 0.00>
ST_4 : Operation 330 [1/1] (0.00ns)   --->   "%store_ln0 = store i8 %conv21_loc_load, i8 %seg_buf_102"   --->   Operation 330 'store' 'store_ln0' <Predicate = true> <Delay = 0.00>
ST_4 : Operation 331 [1/1] (0.00ns)   --->   "%store_ln0 = store i8 %conv19_loc_load, i8 %seg_buf_101"   --->   Operation 331 'store' 'store_ln0' <Predicate = true> <Delay = 0.00>
ST_4 : Operation 332 [1/1] (0.00ns)   --->   "%store_ln0 = store i8 %conv17_loc_load, i8 %seg_buf_100"   --->   Operation 332 'store' 'store_ln0' <Predicate = true> <Delay = 0.00>
ST_4 : Operation 333 [1/1] (0.00ns)   --->   "%store_ln0 = store i8 %conv15_loc_load, i8 %seg_buf_99"   --->   Operation 333 'store' 'store_ln0' <Predicate = true> <Delay = 0.00>
ST_4 : Operation 334 [1/1] (0.00ns)   --->   "%store_ln0 = store i8 %conv13_loc_load, i8 %seg_buf_98"   --->   Operation 334 'store' 'store_ln0' <Predicate = true> <Delay = 0.00>
ST_4 : Operation 335 [1/1] (0.00ns)   --->   "%store_ln0 = store i8 %conv11_loc_load, i8 %seg_buf_97"   --->   Operation 335 'store' 'store_ln0' <Predicate = true> <Delay = 0.00>
ST_4 : Operation 336 [1/1] (0.00ns)   --->   "%store_ln0 = store i8 %seg_buf_63_loc_load, i8 %seg_buf_31"   --->   Operation 336 'store' 'store_ln0' <Predicate = true> <Delay = 0.00>
ST_4 : Operation 337 [1/1] (0.00ns)   --->   "%store_ln0 = store i8 %seg_buf_62_loc_load, i8 %seg_buf_30"   --->   Operation 337 'store' 'store_ln0' <Predicate = true> <Delay = 0.00>
ST_4 : Operation 338 [1/1] (0.00ns)   --->   "%store_ln0 = store i8 %seg_buf_61_loc_load, i8 %seg_buf_29"   --->   Operation 338 'store' 'store_ln0' <Predicate = true> <Delay = 0.00>
ST_4 : Operation 339 [1/1] (0.00ns)   --->   "%store_ln0 = store i8 %seg_buf_60_loc_load, i8 %seg_buf_28"   --->   Operation 339 'store' 'store_ln0' <Predicate = true> <Delay = 0.00>
ST_4 : Operation 340 [1/1] (0.00ns)   --->   "%store_ln0 = store i8 %seg_buf_59_loc_load, i8 %seg_buf_27"   --->   Operation 340 'store' 'store_ln0' <Predicate = true> <Delay = 0.00>
ST_4 : Operation 341 [1/1] (0.00ns)   --->   "%store_ln0 = store i8 %seg_buf_58_loc_load, i8 %seg_buf_26"   --->   Operation 341 'store' 'store_ln0' <Predicate = true> <Delay = 0.00>
ST_4 : Operation 342 [1/1] (0.00ns)   --->   "%store_ln0 = store i8 %seg_buf_57_loc_load, i8 %seg_buf_25"   --->   Operation 342 'store' 'store_ln0' <Predicate = true> <Delay = 0.00>
ST_4 : Operation 343 [1/1] (0.00ns)   --->   "%store_ln0 = store i8 %seg_buf_56_loc_load, i8 %seg_buf_24"   --->   Operation 343 'store' 'store_ln0' <Predicate = true> <Delay = 0.00>
ST_4 : Operation 344 [1/1] (0.00ns)   --->   "%store_ln0 = store i8 %seg_buf_55_loc_load, i8 %seg_buf_23"   --->   Operation 344 'store' 'store_ln0' <Predicate = true> <Delay = 0.00>
ST_4 : Operation 345 [1/1] (0.00ns)   --->   "%store_ln0 = store i8 %seg_buf_54_loc_load, i8 %seg_buf_22"   --->   Operation 345 'store' 'store_ln0' <Predicate = true> <Delay = 0.00>
ST_4 : Operation 346 [1/1] (0.00ns)   --->   "%store_ln0 = store i8 %seg_buf_53_loc_load, i8 %seg_buf_21"   --->   Operation 346 'store' 'store_ln0' <Predicate = true> <Delay = 0.00>
ST_4 : Operation 347 [1/1] (0.00ns)   --->   "%store_ln0 = store i8 %seg_buf_52_loc_load, i8 %seg_buf_20"   --->   Operation 347 'store' 'store_ln0' <Predicate = true> <Delay = 0.00>
ST_4 : Operation 348 [1/1] (0.00ns)   --->   "%store_ln0 = store i8 %seg_buf_51_loc_load, i8 %seg_buf_19"   --->   Operation 348 'store' 'store_ln0' <Predicate = true> <Delay = 0.00>
ST_4 : Operation 349 [1/1] (0.00ns)   --->   "%store_ln0 = store i8 %seg_buf_50_loc_load, i8 %seg_buf_18"   --->   Operation 349 'store' 'store_ln0' <Predicate = true> <Delay = 0.00>
ST_4 : Operation 350 [1/1] (0.00ns)   --->   "%store_ln0 = store i8 %seg_buf_49_loc_load, i8 %seg_buf_17"   --->   Operation 350 'store' 'store_ln0' <Predicate = true> <Delay = 0.00>
ST_4 : Operation 351 [1/1] (0.00ns)   --->   "%store_ln0 = store i8 %seg_buf_48_loc_load, i8 %seg_buf_16"   --->   Operation 351 'store' 'store_ln0' <Predicate = true> <Delay = 0.00>
ST_4 : Operation 352 [1/1] (0.00ns)   --->   "%store_ln0 = store i8 %seg_buf_47_loc_load, i8 %seg_buf_15"   --->   Operation 352 'store' 'store_ln0' <Predicate = true> <Delay = 0.00>
ST_4 : Operation 353 [1/1] (0.00ns)   --->   "%store_ln0 = store i8 %seg_buf_46_loc_load, i8 %seg_buf_14"   --->   Operation 353 'store' 'store_ln0' <Predicate = true> <Delay = 0.00>
ST_4 : Operation 354 [1/1] (0.00ns)   --->   "%store_ln0 = store i8 %seg_buf_45_loc_load, i8 %seg_buf_13"   --->   Operation 354 'store' 'store_ln0' <Predicate = true> <Delay = 0.00>
ST_4 : Operation 355 [1/1] (0.00ns)   --->   "%store_ln0 = store i8 %seg_buf_44_loc_load, i8 %seg_buf_12"   --->   Operation 355 'store' 'store_ln0' <Predicate = true> <Delay = 0.00>
ST_4 : Operation 356 [1/1] (0.00ns)   --->   "%store_ln0 = store i8 %seg_buf_43_loc_load, i8 %seg_buf_11"   --->   Operation 356 'store' 'store_ln0' <Predicate = true> <Delay = 0.00>
ST_4 : Operation 357 [1/1] (0.00ns)   --->   "%store_ln0 = store i8 %seg_buf_42_loc_load, i8 %seg_buf_10"   --->   Operation 357 'store' 'store_ln0' <Predicate = true> <Delay = 0.00>
ST_4 : Operation 358 [1/1] (0.00ns)   --->   "%store_ln0 = store i8 %seg_buf_41_loc_load, i8 %seg_buf_9"   --->   Operation 358 'store' 'store_ln0' <Predicate = true> <Delay = 0.00>
ST_4 : Operation 359 [1/1] (0.00ns)   --->   "%store_ln0 = store i8 %seg_buf_40_loc_load, i8 %seg_buf_8"   --->   Operation 359 'store' 'store_ln0' <Predicate = true> <Delay = 0.00>
ST_4 : Operation 360 [1/1] (0.00ns)   --->   "%store_ln0 = store i8 %seg_buf_39_loc_load, i8 %seg_buf_7"   --->   Operation 360 'store' 'store_ln0' <Predicate = true> <Delay = 0.00>
ST_4 : Operation 361 [1/1] (0.00ns)   --->   "%store_ln0 = store i8 %seg_buf_38_loc_load, i8 %seg_buf_6"   --->   Operation 361 'store' 'store_ln0' <Predicate = true> <Delay = 0.00>
ST_4 : Operation 362 [1/1] (0.00ns)   --->   "%store_ln0 = store i8 %seg_buf_37_loc_load, i8 %seg_buf_5"   --->   Operation 362 'store' 'store_ln0' <Predicate = true> <Delay = 0.00>
ST_4 : Operation 363 [1/1] (0.00ns)   --->   "%store_ln0 = store i8 %seg_buf_36_loc_load, i8 %seg_buf_4"   --->   Operation 363 'store' 'store_ln0' <Predicate = true> <Delay = 0.00>
ST_4 : Operation 364 [1/1] (0.00ns)   --->   "%store_ln0 = store i8 %seg_buf_35_loc_load, i8 %seg_buf_3"   --->   Operation 364 'store' 'store_ln0' <Predicate = true> <Delay = 0.00>
ST_4 : Operation 365 [1/1] (0.00ns)   --->   "%store_ln0 = store i8 %seg_buf_34_loc_load, i8 %seg_buf_2"   --->   Operation 365 'store' 'store_ln0' <Predicate = true> <Delay = 0.00>
ST_4 : Operation 366 [1/1] (0.00ns)   --->   "%store_ln0 = store i8 %seg_buf_33_loc_load, i8 %seg_buf_1"   --->   Operation 366 'store' 'store_ln0' <Predicate = true> <Delay = 0.00>
ST_4 : Operation 367 [1/1] (0.00ns)   --->   "%store_ln0 = store i8 %seg_buf_32_loc_load, i8 %seg_buf"   --->   Operation 367 'store' 'store_ln0' <Predicate = true> <Delay = 0.00>

State 5 <SV = 4> <Delay = 0.00>
ST_5 : Operation 368 [1/2] (0.00ns)   --->   "%call_ln0 = call void @sha2561_ver_Pipeline_VITIS_LOOP_90_1, i8 %conv73_loc_load, i8 %conv71_loc_load, i8 %conv69_loc_load, i8 %conv67_loc_load, i8 %conv65_loc_load, i8 %conv63_loc_load, i8 %conv61_loc_load, i8 %conv59_loc_load, i8 %conv57_loc_load, i8 %conv55_loc_load, i8 %conv53_loc_load, i8 %conv51_loc_load, i8 %conv49_loc_load, i8 %conv47_loc_load, i8 %conv45_loc_load, i8 %conv43_loc_load, i8 %conv41_loc_load, i8 %conv39_loc_load, i8 %conv37_loc_load, i8 %conv35_loc_load, i8 %conv33_loc_load, i8 %conv31_loc_load, i8 %conv29_loc_load, i8 %conv27_loc_load, i8 %conv25_loc_load, i8 %conv23_loc_load, i8 %conv21_loc_load, i8 %conv19_loc_load, i8 %conv17_loc_load, i8 %conv15_loc_load, i8 %conv13_loc_load, i8 %conv11_loc_load, i8 %seg_buf_32_loc_load, i8 %seg_buf_33_loc_load, i8 %seg_buf_34_loc_load, i8 %seg_buf_35_loc_load, i8 %seg_buf_36_loc_load, i8 %seg_buf_37_loc_load, i8 %seg_buf_38_loc_load, i8 %seg_buf_39_loc_load, i8 %seg_buf_40_loc_load, i8 %seg_buf_41_loc_load, i8 %seg_buf_42_loc_load, i8 %seg_buf_43_loc_load, i8 %seg_buf_44_loc_load, i8 %seg_buf_45_loc_load, i8 %seg_buf_46_loc_load, i8 %seg_buf_47_loc_load, i8 %seg_buf_48_loc_load, i8 %seg_buf_49_loc_load, i8 %seg_buf_50_loc_load, i8 %seg_buf_51_loc_load, i8 %seg_buf_52_loc_load, i8 %seg_buf_53_loc_load, i8 %seg_buf_54_loc_load, i8 %seg_buf_55_loc_load, i8 %seg_buf_56_loc_load, i8 %seg_buf_57_loc_load, i8 %seg_buf_58_loc_load, i8 %seg_buf_59_loc_load, i8 %seg_buf_60_loc_load, i8 %seg_buf_61_loc_load, i8 %seg_buf_62_loc_load, i8 %seg_buf_63_loc_load, i8 %sha256ctx_data, i32 %sha256ctx_state_5_0, i32 %sha256ctx_state_4_0, i32 %sha256ctx_state_3_0, i32 %sha256ctx_state_2_0, i32 %sha256ctx_state_1_0, i32 %sha256ctx_state_0_0, i32 %sha256ctx_state_6_0, i32 %sha256ctx_state_7_0, i32 %sha256ctx_bitlen_1, i32 %sha256ctx_bitlen_0, i32 %sha256ctx_datalen"   --->   Operation 368 'call' 'call_ln0' <Predicate = (!tmp)> <Delay = 0.00> <CoreType = "Generic">   --->   Core 0 '' <Latency = 0> <II = 1> <Delay = 1.00> <Generic> <Opcode : >
ST_5 : Operation 369 [1/1] (0.00ns)   --->   "%br_ln0 = br void %do.cond"   --->   Operation 369 'br' 'br_ln0' <Predicate = (!tmp)> <Delay = 0.00>
ST_5 : Operation 370 [1/1] (0.00ns)   --->   "%br_ln45 = br i1 %tmp, void %do.body, void %do.end" [sha1/sha2561.cpp:45]   --->   Operation 370 'br' 'br_ln45' <Predicate = true> <Delay = 0.00>

State 6 <SV = 5> <Delay = 0.85>
ST_6 : Operation 371 [1/1] (0.00ns)   --->   "%sha256ctx_bitlen_0_load = load i32 %sha256ctx_bitlen_0" [sha1/sha2561.cpp:48]   --->   Operation 371 'load' 'sha256ctx_bitlen_0_load' <Predicate = true> <Delay = 0.00>
ST_6 : Operation 372 [1/1] (0.00ns)   --->   "%sha256ctx_bitlen_1_load = load i32 %sha256ctx_bitlen_1" [sha1/sha2561.cpp:48]   --->   Operation 372 'load' 'sha256ctx_bitlen_1_load' <Predicate = true> <Delay = 0.00>
ST_6 : Operation 373 [1/1] (0.00ns)   --->   "%seg_buf_97_load_1 = load i8 %seg_buf_97" [sha1/sha2561.cpp:48]   --->   Operation 373 'load' 'seg_buf_97_load_1' <Predicate = true> <Delay = 0.00>
ST_6 : Operation 374 [1/1] (0.00ns)   --->   "%seg_buf_98_load_1 = load i8 %seg_buf_98" [sha1/sha2561.cpp:48]   --->   Operation 374 'load' 'seg_buf_98_load_1' <Predicate = true> <Delay = 0.00>
ST_6 : Operation 375 [1/1] (0.00ns)   --->   "%seg_buf_99_load_1 = load i8 %seg_buf_99" [sha1/sha2561.cpp:48]   --->   Operation 375 'load' 'seg_buf_99_load_1' <Predicate = true> <Delay = 0.00>
ST_6 : Operation 376 [1/1] (0.00ns)   --->   "%seg_buf_100_load_1 = load i8 %seg_buf_100" [sha1/sha2561.cpp:48]   --->   Operation 376 'load' 'seg_buf_100_load_1' <Predicate = true> <Delay = 0.00>
ST_6 : Operation 377 [1/1] (0.00ns)   --->   "%seg_buf_101_load_1 = load i8 %seg_buf_101" [sha1/sha2561.cpp:48]   --->   Operation 377 'load' 'seg_buf_101_load_1' <Predicate = true> <Delay = 0.00>
ST_6 : Operation 378 [1/1] (0.00ns)   --->   "%seg_buf_102_load_1 = load i8 %seg_buf_102" [sha1/sha2561.cpp:48]   --->   Operation 378 'load' 'seg_buf_102_load_1' <Predicate = true> <Delay = 0.00>
ST_6 : Operation 379 [1/1] (0.00ns)   --->   "%seg_buf_103_load_1 = load i8 %seg_buf_103" [sha1/sha2561.cpp:48]   --->   Operation 379 'load' 'seg_buf_103_load_1' <Predicate = true> <Delay = 0.00>
ST_6 : Operation 380 [1/1] (0.00ns)   --->   "%seg_buf_104_load_1 = load i8 %seg_buf_104" [sha1/sha2561.cpp:48]   --->   Operation 380 'load' 'seg_buf_104_load_1' <Predicate = true> <Delay = 0.00>
ST_6 : Operation 381 [1/1] (0.00ns)   --->   "%seg_buf_105_load_1 = load i8 %seg_buf_105" [sha1/sha2561.cpp:48]   --->   Operation 381 'load' 'seg_buf_105_load_1' <Predicate = true> <Delay = 0.00>
ST_6 : Operation 382 [1/1] (0.00ns)   --->   "%seg_buf_106_load_1 = load i8 %seg_buf_106" [sha1/sha2561.cpp:48]   --->   Operation 382 'load' 'seg_buf_106_load_1' <Predicate = true> <Delay = 0.00>
ST_6 : Operation 383 [1/1] (0.00ns)   --->   "%seg_buf_107_load_1 = load i8 %seg_buf_107" [sha1/sha2561.cpp:48]   --->   Operation 383 'load' 'seg_buf_107_load_1' <Predicate = true> <Delay = 0.00>
ST_6 : Operation 384 [1/1] (0.00ns)   --->   "%seg_buf_108_load_1 = load i8 %seg_buf_108" [sha1/sha2561.cpp:48]   --->   Operation 384 'load' 'seg_buf_108_load_1' <Predicate = true> <Delay = 0.00>
ST_6 : Operation 385 [1/1] (0.00ns)   --->   "%seg_buf_109_load_1 = load i8 %seg_buf_109" [sha1/sha2561.cpp:48]   --->   Operation 385 'load' 'seg_buf_109_load_1' <Predicate = true> <Delay = 0.00>
ST_6 : Operation 386 [1/1] (0.00ns)   --->   "%seg_buf_110_load_1 = load i8 %seg_buf_110" [sha1/sha2561.cpp:48]   --->   Operation 386 'load' 'seg_buf_110_load_1' <Predicate = true> <Delay = 0.00>
ST_6 : Operation 387 [1/1] (0.00ns)   --->   "%seg_buf_111_load_1 = load i8 %seg_buf_111" [sha1/sha2561.cpp:48]   --->   Operation 387 'load' 'seg_buf_111_load_1' <Predicate = true> <Delay = 0.00>
ST_6 : Operation 388 [1/1] (0.00ns)   --->   "%seg_buf_112_load_1 = load i8 %seg_buf_112" [sha1/sha2561.cpp:48]   --->   Operation 388 'load' 'seg_buf_112_load_1' <Predicate = true> <Delay = 0.00>
ST_6 : Operation 389 [1/1] (0.00ns)   --->   "%seg_buf_113_load_1 = load i8 %seg_buf_113" [sha1/sha2561.cpp:48]   --->   Operation 389 'load' 'seg_buf_113_load_1' <Predicate = true> <Delay = 0.00>
ST_6 : Operation 390 [1/1] (0.00ns)   --->   "%seg_buf_114_load_1 = load i8 %seg_buf_114" [sha1/sha2561.cpp:48]   --->   Operation 390 'load' 'seg_buf_114_load_1' <Predicate = true> <Delay = 0.00>
ST_6 : Operation 391 [1/1] (0.00ns)   --->   "%seg_buf_115_load_1 = load i8 %seg_buf_115" [sha1/sha2561.cpp:48]   --->   Operation 391 'load' 'seg_buf_115_load_1' <Predicate = true> <Delay = 0.00>
ST_6 : Operation 392 [1/1] (0.00ns)   --->   "%seg_buf_116_load_1 = load i8 %seg_buf_116" [sha1/sha2561.cpp:48]   --->   Operation 392 'load' 'seg_buf_116_load_1' <Predicate = true> <Delay = 0.00>
ST_6 : Operation 393 [1/1] (0.00ns)   --->   "%seg_buf_117_load_1 = load i8 %seg_buf_117" [sha1/sha2561.cpp:48]   --->   Operation 393 'load' 'seg_buf_117_load_1' <Predicate = true> <Delay = 0.00>
ST_6 : Operation 394 [1/1] (0.00ns)   --->   "%seg_buf_118_load_1 = load i8 %seg_buf_118" [sha1/sha2561.cpp:48]   --->   Operation 394 'load' 'seg_buf_118_load_1' <Predicate = true> <Delay = 0.00>
ST_6 : Operation 395 [1/1] (0.00ns)   --->   "%seg_buf_119_load_1 = load i8 %seg_buf_119" [sha1/sha2561.cpp:48]   --->   Operation 395 'load' 'seg_buf_119_load_1' <Predicate = true> <Delay = 0.00>
ST_6 : Operation 396 [1/1] (0.00ns)   --->   "%seg_buf_120_load_1 = load i8 %seg_buf_120" [sha1/sha2561.cpp:48]   --->   Operation 396 'load' 'seg_buf_120_load_1' <Predicate = true> <Delay = 0.00>
ST_6 : Operation 397 [1/1] (0.00ns)   --->   "%seg_buf_121_load_1 = load i8 %seg_buf_121" [sha1/sha2561.cpp:48]   --->   Operation 397 'load' 'seg_buf_121_load_1' <Predicate = true> <Delay = 0.00>
ST_6 : Operation 398 [1/1] (0.00ns)   --->   "%seg_buf_122_load_1 = load i8 %seg_buf_122" [sha1/sha2561.cpp:48]   --->   Operation 398 'load' 'seg_buf_122_load_1' <Predicate = true> <Delay = 0.00>
ST_6 : Operation 399 [1/1] (0.00ns)   --->   "%seg_buf_123_load_1 = load i8 %seg_buf_123" [sha1/sha2561.cpp:48]   --->   Operation 399 'load' 'seg_buf_123_load_1' <Predicate = true> <Delay = 0.00>
ST_6 : Operation 400 [1/1] (0.00ns)   --->   "%seg_buf_124_load_1 = load i8 %seg_buf_124" [sha1/sha2561.cpp:48]   --->   Operation 400 'load' 'seg_buf_124_load_1' <Predicate = true> <Delay = 0.00>
ST_6 : Operation 401 [1/1] (0.00ns)   --->   "%seg_buf_125_load_1 = load i8 %seg_buf_125" [sha1/sha2561.cpp:48]   --->   Operation 401 'load' 'seg_buf_125_load_1' <Predicate = true> <Delay = 0.00>
ST_6 : Operation 402 [1/1] (0.00ns)   --->   "%seg_buf_126_load_1 = load i8 %seg_buf_126" [sha1/sha2561.cpp:48]   --->   Operation 402 'load' 'seg_buf_126_load_1' <Predicate = true> <Delay = 0.00>
ST_6 : Operation 403 [1/1] (0.00ns)   --->   "%seg_buf_127_load_1 = load i8 %seg_buf_127" [sha1/sha2561.cpp:48]   --->   Operation 403 'load' 'seg_buf_127_load_1' <Predicate = true> <Delay = 0.00>
ST_6 : Operation 404 [1/1] (0.00ns)   --->   "%seg_buf_128_load_1 = load i8 %seg_buf_128" [sha1/sha2561.cpp:48]   --->   Operation 404 'load' 'seg_buf_128_load_1' <Predicate = true> <Delay = 0.00>
ST_6 : Operation 405 [1/1] (0.00ns)   --->   "%sha256ctx_datalen_load = load i32 %sha256ctx_datalen" [sha1/sha2561.cpp:48]   --->   Operation 405 'load' 'sha256ctx_datalen_load' <Predicate = true> <Delay = 0.00>
ST_6 : Operation 406 [1/1] (0.00ns)   --->   "%sha256ctx_state_7_0_load = load i32 %sha256ctx_state_7_0" [sha1/sha2561.cpp:48]   --->   Operation 406 'load' 'sha256ctx_state_7_0_load' <Predicate = true> <Delay = 0.00>
ST_6 : Operation 407 [1/1] (0.00ns)   --->   "%sha256ctx_state_6_0_load = load i32 %sha256ctx_state_6_0" [sha1/sha2561.cpp:48]   --->   Operation 407 'load' 'sha256ctx_state_6_0_load' <Predicate = true> <Delay = 0.00>
ST_6 : Operation 408 [1/1] (0.00ns)   --->   "%sha256ctx_state_0_0_load = load i32 %sha256ctx_state_0_0" [sha1/sha2561.cpp:48]   --->   Operation 408 'load' 'sha256ctx_state_0_0_load' <Predicate = true> <Delay = 0.00>
ST_6 : Operation 409 [1/1] (0.00ns)   --->   "%sha256ctx_state_1_0_load = load i32 %sha256ctx_state_1_0" [sha1/sha2561.cpp:48]   --->   Operation 409 'load' 'sha256ctx_state_1_0_load' <Predicate = true> <Delay = 0.00>
ST_6 : Operation 410 [1/1] (0.00ns)   --->   "%sha256ctx_state_2_0_load = load i32 %sha256ctx_state_2_0" [sha1/sha2561.cpp:48]   --->   Operation 410 'load' 'sha256ctx_state_2_0_load' <Predicate = true> <Delay = 0.00>
ST_6 : Operation 411 [1/1] (0.00ns)   --->   "%sha256ctx_state_3_0_load = load i32 %sha256ctx_state_3_0" [sha1/sha2561.cpp:48]   --->   Operation 411 'load' 'sha256ctx_state_3_0_load' <Predicate = true> <Delay = 0.00>
ST_6 : Operation 412 [1/1] (0.00ns)   --->   "%sha256ctx_state_4_0_load = load i32 %sha256ctx_state_4_0" [sha1/sha2561.cpp:48]   --->   Operation 412 'load' 'sha256ctx_state_4_0_load' <Predicate = true> <Delay = 0.00>
ST_6 : Operation 413 [1/1] (0.00ns)   --->   "%sha256ctx_state_5_0_load = load i32 %sha256ctx_state_5_0" [sha1/sha2561.cpp:48]   --->   Operation 413 'load' 'sha256ctx_state_5_0_load' <Predicate = true> <Delay = 0.00>
ST_6 : Operation 414 [2/2] (0.85ns)   --->   "%call_ret = call i256 @sha256_final, i8 %sha256ctx_data, i32 %sha256ctx_datalen_load, i32 %sha256ctx_bitlen_0_load, i32 %sha256ctx_bitlen_1_load, i32 %sha256ctx_state_0_0_load, i32 %sha256ctx_state_1_0_load, i32 %sha256ctx_state_2_0_load, i32 %sha256ctx_state_3_0_load, i32 %sha256ctx_state_4_0_load, i32 %sha256ctx_state_5_0_load, i32 %sha256ctx_state_6_0_load, i32 %sha256ctx_state_7_0_load, i8 %seg_buf_128_load_1, i8 %seg_buf_127_load_1, i8 %seg_buf_126_load_1, i8 %seg_buf_125_load_1, i8 %seg_buf_124_load_1, i8 %seg_buf_123_load_1, i8 %seg_buf_122_load_1, i8 %seg_buf_121_load_1, i8 %seg_buf_120_load_1, i8 %seg_buf_119_load_1, i8 %seg_buf_118_load_1, i8 %seg_buf_117_load_1, i8 %seg_buf_116_load_1, i8 %seg_buf_115_load_1, i8 %seg_buf_114_load_1, i8 %seg_buf_113_load_1, i8 %seg_buf_112_load_1, i8 %seg_buf_111_load_1, i8 %seg_buf_110_load_1, i8 %seg_buf_109_load_1, i8 %seg_buf_108_load_1, i8 %seg_buf_107_load_1, i8 %seg_buf_106_load_1, i8 %seg_buf_105_load_1, i8 %seg_buf_104_load_1, i8 %seg_buf_103_load_1, i8 %seg_buf_102_load_1, i8 %seg_buf_101_load_1, i8 %seg_buf_100_load_1, i8 %seg_buf_99_load_1, i8 %seg_buf_98_load_1, i8 %seg_buf_97_load_1" [sha1/sha2561.cpp:48]   --->   Operation 414 'call' 'call_ret' <Predicate = true> <Delay = 0.85> <CoreType = "Generic">   --->   Core 0 '' <Latency = 0> <II = 1> <Delay = 1.00> <Generic> <Opcode : >

State 7 <SV = 6> <Delay = 0.57>
ST_7 : Operation 415 [1/1] (0.00ns)   --->   "%lastPacket_tdata_05_load = load i512 %lastPacket_tdata_05" [sha1/sha2561.cpp:62]   --->   Operation 415 'load' 'lastPacket_tdata_05_load' <Predicate = true> <Delay = 0.00>
ST_7 : Operation 416 [1/1] (0.00ns)   --->   "%write_flag12_0_load = load i1 %write_flag12_0" [sha1/sha2561.cpp:62]   --->   Operation 416 'load' 'write_flag12_0_load' <Predicate = true> <Delay = 0.00>
ST_7 : Operation 417 [1/2] (0.30ns)   --->   "%call_ret = call i256 @sha256_final, i8 %sha256ctx_data, i32 %sha256ctx_datalen_load, i32 %sha256ctx_bitlen_0_load, i32 %sha256ctx_bitlen_1_load, i32 %sha256ctx_state_0_0_load, i32 %sha256ctx_state_1_0_load, i32 %sha256ctx_state_2_0_load, i32 %sha256ctx_state_3_0_load, i32 %sha256ctx_state_4_0_load, i32 %sha256ctx_state_5_0_load, i32 %sha256ctx_state_6_0_load, i32 %sha256ctx_state_7_0_load, i8 %seg_buf_128_load_1, i8 %seg_buf_127_load_1, i8 %seg_buf_126_load_1, i8 %seg_buf_125_load_1, i8 %seg_buf_124_load_1, i8 %seg_buf_123_load_1, i8 %seg_buf_122_load_1, i8 %seg_buf_121_load_1, i8 %seg_buf_120_load_1, i8 %seg_buf_119_load_1, i8 %seg_buf_118_load_1, i8 %seg_buf_117_load_1, i8 %seg_buf_116_load_1, i8 %seg_buf_115_load_1, i8 %seg_buf_114_load_1, i8 %seg_buf_113_load_1, i8 %seg_buf_112_load_1, i8 %seg_buf_111_load_1, i8 %seg_buf_110_load_1, i8 %seg_buf_109_load_1, i8 %seg_buf_108_load_1, i8 %seg_buf_107_load_1, i8 %seg_buf_106_load_1, i8 %seg_buf_105_load_1, i8 %seg_buf_104_load_1, i8 %seg_buf_103_load_1, i8 %seg_buf_102_load_1, i8 %seg_buf_101_load_1, i8 %seg_buf_100_load_1, i8 %seg_buf_99_load_1, i8 %seg_buf_98_load_1, i8 %seg_buf_97_load_1" [sha1/sha2561.cpp:48]   --->   Operation 417 'call' 'call_ret' <Predicate = true> <Delay = 0.30> <CoreType = "Generic">   --->   Core 0 '' <Latency = 0> <II = 1> <Delay = 1.00> <Generic> <Opcode : >
ST_7 : Operation 418 [1/1] (0.00ns)   --->   "%seg_buf_129 = extractvalue i256 %call_ret" [sha1/sha2561.cpp:48]   --->   Operation 418 'extractvalue' 'seg_buf_129' <Predicate = true> <Delay = 0.00>
ST_7 : Operation 419 [1/1] (0.00ns)   --->   "%seg_buf_32 = extractvalue i256 %call_ret" [sha1/sha2561.cpp:48]   --->   Operation 419 'extractvalue' 'seg_buf_32' <Predicate = true> <Delay = 0.00>
ST_7 : Operation 420 [1/1] (0.00ns)   --->   "%seg_buf_33 = extractvalue i256 %call_ret" [sha1/sha2561.cpp:48]   --->   Operation 420 'extractvalue' 'seg_buf_33' <Predicate = true> <Delay = 0.00>
ST_7 : Operation 421 [1/1] (0.00ns)   --->   "%seg_buf_34 = extractvalue i256 %call_ret" [sha1/sha2561.cpp:48]   --->   Operation 421 'extractvalue' 'seg_buf_34' <Predicate = true> <Delay = 0.00>
ST_7 : Operation 422 [1/1] (0.00ns)   --->   "%seg_buf_35 = extractvalue i256 %call_ret" [sha1/sha2561.cpp:48]   --->   Operation 422 'extractvalue' 'seg_buf_35' <Predicate = true> <Delay = 0.00>
ST_7 : Operation 423 [1/1] (0.00ns)   --->   "%seg_buf_36 = extractvalue i256 %call_ret" [sha1/sha2561.cpp:48]   --->   Operation 423 'extractvalue' 'seg_buf_36' <Predicate = true> <Delay = 0.00>
ST_7 : Operation 424 [1/1] (0.00ns)   --->   "%seg_buf_37 = extractvalue i256 %call_ret" [sha1/sha2561.cpp:48]   --->   Operation 424 'extractvalue' 'seg_buf_37' <Predicate = true> <Delay = 0.00>
ST_7 : Operation 425 [1/1] (0.00ns)   --->   "%seg_buf_38 = extractvalue i256 %call_ret" [sha1/sha2561.cpp:48]   --->   Operation 425 'extractvalue' 'seg_buf_38' <Predicate = true> <Delay = 0.00>
ST_7 : Operation 426 [1/1] (0.00ns)   --->   "%seg_buf_39 = extractvalue i256 %call_ret" [sha1/sha2561.cpp:48]   --->   Operation 426 'extractvalue' 'seg_buf_39' <Predicate = true> <Delay = 0.00>
ST_7 : Operation 427 [1/1] (0.00ns)   --->   "%seg_buf_40 = extractvalue i256 %call_ret" [sha1/sha2561.cpp:48]   --->   Operation 427 'extractvalue' 'seg_buf_40' <Predicate = true> <Delay = 0.00>
ST_7 : Operation 428 [1/1] (0.00ns)   --->   "%seg_buf_41 = extractvalue i256 %call_ret" [sha1/sha2561.cpp:48]   --->   Operation 428 'extractvalue' 'seg_buf_41' <Predicate = true> <Delay = 0.00>
ST_7 : Operation 429 [1/1] (0.00ns)   --->   "%seg_buf_42 = extractvalue i256 %call_ret" [sha1/sha2561.cpp:48]   --->   Operation 429 'extractvalue' 'seg_buf_42' <Predicate = true> <Delay = 0.00>
ST_7 : Operation 430 [1/1] (0.00ns)   --->   "%seg_buf_43 = extractvalue i256 %call_ret" [sha1/sha2561.cpp:48]   --->   Operation 430 'extractvalue' 'seg_buf_43' <Predicate = true> <Delay = 0.00>
ST_7 : Operation 431 [1/1] (0.00ns)   --->   "%seg_buf_44 = extractvalue i256 %call_ret" [sha1/sha2561.cpp:48]   --->   Operation 431 'extractvalue' 'seg_buf_44' <Predicate = true> <Delay = 0.00>
ST_7 : Operation 432 [1/1] (0.00ns)   --->   "%seg_buf_45 = extractvalue i256 %call_ret" [sha1/sha2561.cpp:48]   --->   Operation 432 'extractvalue' 'seg_buf_45' <Predicate = true> <Delay = 0.00>
ST_7 : Operation 433 [1/1] (0.00ns)   --->   "%seg_buf_46 = extractvalue i256 %call_ret" [sha1/sha2561.cpp:48]   --->   Operation 433 'extractvalue' 'seg_buf_46' <Predicate = true> <Delay = 0.00>
ST_7 : Operation 434 [1/1] (0.00ns)   --->   "%seg_buf_47 = extractvalue i256 %call_ret" [sha1/sha2561.cpp:48]   --->   Operation 434 'extractvalue' 'seg_buf_47' <Predicate = true> <Delay = 0.00>
ST_7 : Operation 435 [1/1] (0.00ns)   --->   "%seg_buf_48 = extractvalue i256 %call_ret" [sha1/sha2561.cpp:48]   --->   Operation 435 'extractvalue' 'seg_buf_48' <Predicate = true> <Delay = 0.00>
ST_7 : Operation 436 [1/1] (0.00ns)   --->   "%seg_buf_49 = extractvalue i256 %call_ret" [sha1/sha2561.cpp:48]   --->   Operation 436 'extractvalue' 'seg_buf_49' <Predicate = true> <Delay = 0.00>
ST_7 : Operation 437 [1/1] (0.00ns)   --->   "%seg_buf_50 = extractvalue i256 %call_ret" [sha1/sha2561.cpp:48]   --->   Operation 437 'extractvalue' 'seg_buf_50' <Predicate = true> <Delay = 0.00>
ST_7 : Operation 438 [1/1] (0.00ns)   --->   "%seg_buf_51 = extractvalue i256 %call_ret" [sha1/sha2561.cpp:48]   --->   Operation 438 'extractvalue' 'seg_buf_51' <Predicate = true> <Delay = 0.00>
ST_7 : Operation 439 [1/1] (0.00ns)   --->   "%seg_buf_52 = extractvalue i256 %call_ret" [sha1/sha2561.cpp:48]   --->   Operation 439 'extractvalue' 'seg_buf_52' <Predicate = true> <Delay = 0.00>
ST_7 : Operation 440 [1/1] (0.00ns)   --->   "%seg_buf_53 = extractvalue i256 %call_ret" [sha1/sha2561.cpp:48]   --->   Operation 440 'extractvalue' 'seg_buf_53' <Predicate = true> <Delay = 0.00>
ST_7 : Operation 441 [1/1] (0.00ns)   --->   "%seg_buf_54 = extractvalue i256 %call_ret" [sha1/sha2561.cpp:48]   --->   Operation 441 'extractvalue' 'seg_buf_54' <Predicate = true> <Delay = 0.00>
ST_7 : Operation 442 [1/1] (0.00ns)   --->   "%seg_buf_55 = extractvalue i256 %call_ret" [sha1/sha2561.cpp:48]   --->   Operation 442 'extractvalue' 'seg_buf_55' <Predicate = true> <Delay = 0.00>
ST_7 : Operation 443 [1/1] (0.00ns)   --->   "%seg_buf_56 = extractvalue i256 %call_ret" [sha1/sha2561.cpp:48]   --->   Operation 443 'extractvalue' 'seg_buf_56' <Predicate = true> <Delay = 0.00>
ST_7 : Operation 444 [1/1] (0.00ns)   --->   "%seg_buf_57 = extractvalue i256 %call_ret" [sha1/sha2561.cpp:48]   --->   Operation 444 'extractvalue' 'seg_buf_57' <Predicate = true> <Delay = 0.00>
ST_7 : Operation 445 [1/1] (0.00ns)   --->   "%seg_buf_58 = extractvalue i256 %call_ret" [sha1/sha2561.cpp:48]   --->   Operation 445 'extractvalue' 'seg_buf_58' <Predicate = true> <Delay = 0.00>
ST_7 : Operation 446 [1/1] (0.00ns)   --->   "%seg_buf_59 = extractvalue i256 %call_ret" [sha1/sha2561.cpp:48]   --->   Operation 446 'extractvalue' 'seg_buf_59' <Predicate = true> <Delay = 0.00>
ST_7 : Operation 447 [1/1] (0.00ns)   --->   "%seg_buf_60 = extractvalue i256 %call_ret" [sha1/sha2561.cpp:48]   --->   Operation 447 'extractvalue' 'seg_buf_60' <Predicate = true> <Delay = 0.00>
ST_7 : Operation 448 [1/1] (0.00ns)   --->   "%seg_buf_61 = extractvalue i256 %call_ret" [sha1/sha2561.cpp:48]   --->   Operation 448 'extractvalue' 'seg_buf_61' <Predicate = true> <Delay = 0.00>
ST_7 : Operation 449 [1/1] (0.00ns)   --->   "%seg_buf_62 = extractvalue i256 %call_ret" [sha1/sha2561.cpp:48]   --->   Operation 449 'extractvalue' 'seg_buf_62' <Predicate = true> <Delay = 0.00>
ST_7 : Operation 450 [1/1] (0.00ns)   --->   "%tmp_s = bitconcatenate i256 @_ssdm_op_BitConcatenate.i256.i8.i8.i8.i8.i8.i8.i8.i8.i8.i8.i8.i8.i8.i8.i8.i8.i8.i8.i8.i8.i8.i8.i8.i8.i8.i8.i8.i8.i8.i8.i8.i8, i8 %seg_buf_129, i8 %seg_buf_32, i8 %seg_buf_33, i8 %seg_buf_34, i8 %seg_buf_35, i8 %seg_buf_36, i8 %seg_buf_37, i8 %seg_buf_38, i8 %seg_buf_39, i8 %seg_buf_40, i8 %seg_buf_41, i8 %seg_buf_42, i8 %seg_buf_43, i8 %seg_buf_44, i8 %seg_buf_45, i8 %seg_buf_46, i8 %seg_buf_47, i8 %seg_buf_48, i8 %seg_buf_49, i8 %seg_buf_50, i8 %seg_buf_51, i8 %seg_buf_52, i8 %seg_buf_53, i8 %seg_buf_54, i8 %seg_buf_55, i8 %seg_buf_56, i8 %seg_buf_57, i8 %seg_buf_58, i8 %seg_buf_59, i8 %seg_buf_60, i8 %seg_buf_61, i8 %seg_buf_62"   --->   Operation 450 'bitconcatenate' 'tmp_s' <Predicate = true> <Delay = 0.00>
ST_7 : Operation 451 [1/1] (0.00ns)   --->   "%zext_ln904 = zext i256 %tmp_s"   --->   Operation 451 'zext' 'zext_ln904' <Predicate = true> <Delay = 0.00>
ST_7 : Operation 452 [1/1] (0.57ns)   --->   "%select_ln62 = select i1 %write_flag12_0_load, i512 %lastPacket_tdata_05_load, i512 0" [sha1/sha2561.cpp:62]   --->   Operation 452 'select' 'select_ln62' <Predicate = true> <Delay = 0.57> <CoreInst = "Sel">   --->   Core 73 'Sel' <Latency = 0> <II = 1> <Delay = 0.57> <FuncUnit> <Opcode : 'select'> <InPorts = 3> <OutPorts = 1>
ST_7 : Operation 453 [1/1] (0.00ns)   --->   "%newret = insertvalue i1024 <undef>, i512 %zext_ln904"   --->   Operation 453 'insertvalue' 'newret' <Predicate = true> <Delay = 0.00>
ST_7 : Operation 454 [1/1] (0.00ns)   --->   "%newret2 = insertvalue i1024 %newret, i512 %select_ln62"   --->   Operation 454 'insertvalue' 'newret2' <Predicate = true> <Delay = 0.00>
ST_7 : Operation 455 [1/1] (0.00ns)   --->   "%ret_ln904 = ret i1024 %newret2"   --->   Operation 455 'ret' 'ret_ln904' <Predicate = true> <Delay = 0.00>


============================================================
+ Verbose Summary: Timing violations
============================================================
Target clock period: 10ns, clock uncertainty: 2.7ns.

 <State 1>: 0.387ns
The critical path consists of the following:
	'alloca' operation ('write_flag12_0') [70]  (0 ns)
	'store' operation ('store_ln33', sha1/sha2561.cpp:33) of constant 0 on local variable 'write_flag12_0' [154]  (0.387 ns)

 <State 2>: 1.83ns
The critical path consists of the following:
	axis read operation ('input_r_read', /share/xilinx/Vitis_HLS/2022.1/common/technology/autopilot/hls_stream_39.h:145) on port 'input_r' (/share/xilinx/Vitis_HLS/2022.1/common/technology/autopilot/hls_stream_39.h:145) [161]  (0 ns)
	'call' operation ('call_ln145', /share/xilinx/Vitis_HLS/2022.1/common/technology/autopilot/hls_stream_39.h:145) to 'sha2561_ver_Pipeline_VITIS_LOOP_36_2' [230]  (1.83 ns)

 <State 3>: 0.987ns
The critical path consists of the following:
	'call' operation ('call_ln145', /share/xilinx/Vitis_HLS/2022.1/common/technology/autopilot/hls_stream_39.h:145) to 'sha2561_ver_Pipeline_VITIS_LOOP_36_2' [230]  (0.987 ns)

 <State 4>: 1.42ns
The critical path consists of the following:
	'load' operation ('conv73_loc_load') on local variable 'conv73_loc' [231]  (0 ns)
	'call' operation ('call_ln0') to 'sha2561_ver_Pipeline_VITIS_LOOP_90_1' [295]  (1.42 ns)

 <State 5>: 0ns
The critical path consists of the following:

 <State 6>: 0.859ns
The critical path consists of the following:
	'load' operation ('sha256ctx_bitlen_0_load', sha1/sha2561.cpp:48) on local variable 'sha256ctx.bitlen[0]' [368]  (0 ns)
	'call' operation ('call_ret', sha1/sha2561.cpp:48) to 'sha256_final' [413]  (0.859 ns)

 <State 7>: 0.578ns
The critical path consists of the following:
	'load' operation ('lastPacket_tdata_05_load', sha1/sha2561.cpp:62) on local variable 'lastPacket_tdata_05' [403]  (0 ns)
	'select' operation ('select_ln62', sha1/sha2561.cpp:62) [448]  (0.578 ns)


============================================================
+ Verbose Summary: Binding
============================================================
N/A
* FSMD analyzer results:
  - Output states:
 - Input state : 
  - Chain level:
	State 1
	State 2
	State 3
	State 4
	State 5
	State 6
	State 7


============================================================
+ Verbose Summary: Datapath Resource usage 
============================================================
N/A
