

================================================================
== Vitis HLS Report for 'sha2561_ver_Pipeline_VITIS_LOOP_36_2'
================================================================
* Date:           Fri Jul 28 01:15:15 2023

* Version:        2022.1 (Build 3526262 on Mon Apr 18 15:47:01 MDT 2022)
* Project:        shav2
* Solution:       solution1 (Vivado IP Flow Target)
* Product family: virtexuplus
* Target device:  xcu280-fsvh2892-2L-e


================================================================
== Performance Estimates
================================================================
+ Timing: 
    * Summary: 
    +--------+----------+----------+------------+
    |  Clock |  Target  | Estimated| Uncertainty|
    +--------+----------+----------+------------+
    |ap_clk  |  10.00 ns|  1.830 ns|     2.70 ns|
    +--------+----------+----------+------------+

+ Latency: 
    * Summary: 
    +---------+---------+----------+----------+-----+-----+---------+
    |  Latency (cycles) |  Latency (absolute) |  Interval | Pipeline|
    |   min   |   max   |    min   |    max   | min | max |   Type  |
    +---------+---------+----------+----------+-----+-----+---------+
    |       66|       66|  0.660 us|  0.660 us|   66|   66|       no|
    +---------+---------+----------+----------+-----+-----+---------+

    + Detail: 
        * Instance: 
        N/A

        * Loop: 
        +-------------------+---------+---------+----------+-----------+-----------+------+----------+
        |                   |  Latency (cycles) | Iteration|  Initiation Interval  | Trip |          |
        |     Loop Name     |   min   |   max   |  Latency |  achieved |   target  | Count| Pipelined|
        +-------------------+---------+---------+----------+-----------+-----------+------+----------+
        |- VITIS_LOOP_36_2  |       64|       64|         1|          1|          1|    64|       yes|
        +-------------------+---------+---------+----------+-----------+-----------+------+----------+

============================================================
+ Verbose Summary: Synthesis Manager
============================================================
InlineROM: 1
ExposeGlobal: 0
============================================================
+ Verbose Summary: CDFG Model
============================================================
IsTopModel: 0
ResetActiveHigh: 1
IsCombinational: 0
IsDatapathOnly: 0
HasWiredReturn: 1
HasMFsm: 2
HasVarLatency: 1
IsPipeline: 0
IsRtlPipelined: 0
IsInstanceOverlapped: 0
IsDontTouch: 0
HasImplIP: 0
IsGatedGlobalClock: 0

+ Individual pipeline summary: 
  * Pipeline-0: initiation interval (II) = 1, depth = 1


============================================================
+ Verbose Summary: Schedule
============================================================
* Number of FSM states : 1
* Pipeline : 1
  Pipeline-0 : II = 1, D = 1, States = { 1 }
* Dataflow Pipeline: 0

* FSM state transitions: 
1 --> 

* FSM state operations: 

State 1 <SV = 0> <Delay = 1.83>
ST_1 : Operation 4 [1/1] (0.00ns)   --->   "%i = alloca i32 1"   --->   Operation 4 'alloca' 'i' <Predicate = true> <Delay = 0.00>
ST_1 : Operation 5 [1/1] (0.00ns)   --->   "%seg_buf_32 = alloca i32 1"   --->   Operation 5 'alloca' 'seg_buf_32' <Predicate = true> <Delay = 0.00>
ST_1 : Operation 6 [1/1] (0.00ns)   --->   "%seg_buf_33 = alloca i32 1"   --->   Operation 6 'alloca' 'seg_buf_33' <Predicate = true> <Delay = 0.00>
ST_1 : Operation 7 [1/1] (0.00ns)   --->   "%seg_buf_34 = alloca i32 1"   --->   Operation 7 'alloca' 'seg_buf_34' <Predicate = true> <Delay = 0.00>
ST_1 : Operation 8 [1/1] (0.00ns)   --->   "%seg_buf_35 = alloca i32 1"   --->   Operation 8 'alloca' 'seg_buf_35' <Predicate = true> <Delay = 0.00>
ST_1 : Operation 9 [1/1] (0.00ns)   --->   "%seg_buf_36 = alloca i32 1"   --->   Operation 9 'alloca' 'seg_buf_36' <Predicate = true> <Delay = 0.00>
ST_1 : Operation 10 [1/1] (0.00ns)   --->   "%seg_buf_37 = alloca i32 1"   --->   Operation 10 'alloca' 'seg_buf_37' <Predicate = true> <Delay = 0.00>
ST_1 : Operation 11 [1/1] (0.00ns)   --->   "%seg_buf_38 = alloca i32 1"   --->   Operation 11 'alloca' 'seg_buf_38' <Predicate = true> <Delay = 0.00>
ST_1 : Operation 12 [1/1] (0.00ns)   --->   "%seg_buf_39 = alloca i32 1"   --->   Operation 12 'alloca' 'seg_buf_39' <Predicate = true> <Delay = 0.00>
ST_1 : Operation 13 [1/1] (0.00ns)   --->   "%seg_buf_40 = alloca i32 1"   --->   Operation 13 'alloca' 'seg_buf_40' <Predicate = true> <Delay = 0.00>
ST_1 : Operation 14 [1/1] (0.00ns)   --->   "%seg_buf_41 = alloca i32 1"   --->   Operation 14 'alloca' 'seg_buf_41' <Predicate = true> <Delay = 0.00>
ST_1 : Operation 15 [1/1] (0.00ns)   --->   "%seg_buf_42 = alloca i32 1"   --->   Operation 15 'alloca' 'seg_buf_42' <Predicate = true> <Delay = 0.00>
ST_1 : Operation 16 [1/1] (0.00ns)   --->   "%seg_buf_43 = alloca i32 1"   --->   Operation 16 'alloca' 'seg_buf_43' <Predicate = true> <Delay = 0.00>
ST_1 : Operation 17 [1/1] (0.00ns)   --->   "%seg_buf_44 = alloca i32 1"   --->   Operation 17 'alloca' 'seg_buf_44' <Predicate = true> <Delay = 0.00>
ST_1 : Operation 18 [1/1] (0.00ns)   --->   "%seg_buf_45 = alloca i32 1"   --->   Operation 18 'alloca' 'seg_buf_45' <Predicate = true> <Delay = 0.00>
ST_1 : Operation 19 [1/1] (0.00ns)   --->   "%seg_buf_46 = alloca i32 1"   --->   Operation 19 'alloca' 'seg_buf_46' <Predicate = true> <Delay = 0.00>
ST_1 : Operation 20 [1/1] (0.00ns)   --->   "%seg_buf_47 = alloca i32 1"   --->   Operation 20 'alloca' 'seg_buf_47' <Predicate = true> <Delay = 0.00>
ST_1 : Operation 21 [1/1] (0.00ns)   --->   "%seg_buf_48 = alloca i32 1"   --->   Operation 21 'alloca' 'seg_buf_48' <Predicate = true> <Delay = 0.00>
ST_1 : Operation 22 [1/1] (0.00ns)   --->   "%seg_buf_49 = alloca i32 1"   --->   Operation 22 'alloca' 'seg_buf_49' <Predicate = true> <Delay = 0.00>
ST_1 : Operation 23 [1/1] (0.00ns)   --->   "%seg_buf_50 = alloca i32 1"   --->   Operation 23 'alloca' 'seg_buf_50' <Predicate = true> <Delay = 0.00>
ST_1 : Operation 24 [1/1] (0.00ns)   --->   "%seg_buf_51 = alloca i32 1"   --->   Operation 24 'alloca' 'seg_buf_51' <Predicate = true> <Delay = 0.00>
ST_1 : Operation 25 [1/1] (0.00ns)   --->   "%seg_buf_52 = alloca i32 1"   --->   Operation 25 'alloca' 'seg_buf_52' <Predicate = true> <Delay = 0.00>
ST_1 : Operation 26 [1/1] (0.00ns)   --->   "%seg_buf_53 = alloca i32 1"   --->   Operation 26 'alloca' 'seg_buf_53' <Predicate = true> <Delay = 0.00>
ST_1 : Operation 27 [1/1] (0.00ns)   --->   "%seg_buf_54 = alloca i32 1"   --->   Operation 27 'alloca' 'seg_buf_54' <Predicate = true> <Delay = 0.00>
ST_1 : Operation 28 [1/1] (0.00ns)   --->   "%seg_buf_55 = alloca i32 1"   --->   Operation 28 'alloca' 'seg_buf_55' <Predicate = true> <Delay = 0.00>
ST_1 : Operation 29 [1/1] (0.00ns)   --->   "%seg_buf_56 = alloca i32 1"   --->   Operation 29 'alloca' 'seg_buf_56' <Predicate = true> <Delay = 0.00>
ST_1 : Operation 30 [1/1] (0.00ns)   --->   "%seg_buf_57 = alloca i32 1"   --->   Operation 30 'alloca' 'seg_buf_57' <Predicate = true> <Delay = 0.00>
ST_1 : Operation 31 [1/1] (0.00ns)   --->   "%seg_buf_58 = alloca i32 1"   --->   Operation 31 'alloca' 'seg_buf_58' <Predicate = true> <Delay = 0.00>
ST_1 : Operation 32 [1/1] (0.00ns)   --->   "%seg_buf_59 = alloca i32 1"   --->   Operation 32 'alloca' 'seg_buf_59' <Predicate = true> <Delay = 0.00>
ST_1 : Operation 33 [1/1] (0.00ns)   --->   "%seg_buf_60 = alloca i32 1"   --->   Operation 33 'alloca' 'seg_buf_60' <Predicate = true> <Delay = 0.00>
ST_1 : Operation 34 [1/1] (0.00ns)   --->   "%seg_buf_61 = alloca i32 1"   --->   Operation 34 'alloca' 'seg_buf_61' <Predicate = true> <Delay = 0.00>
ST_1 : Operation 35 [1/1] (0.00ns)   --->   "%seg_buf_62 = alloca i32 1"   --->   Operation 35 'alloca' 'seg_buf_62' <Predicate = true> <Delay = 0.00>
ST_1 : Operation 36 [1/1] (0.00ns)   --->   "%seg_buf_63 = alloca i32 1"   --->   Operation 36 'alloca' 'seg_buf_63' <Predicate = true> <Delay = 0.00>
ST_1 : Operation 37 [1/1] (0.00ns)   --->   "%seg_buf_64 = alloca i32 1"   --->   Operation 37 'alloca' 'seg_buf_64' <Predicate = true> <Delay = 0.00>
ST_1 : Operation 38 [1/1] (0.00ns)   --->   "%seg_buf_65 = alloca i32 1"   --->   Operation 38 'alloca' 'seg_buf_65' <Predicate = true> <Delay = 0.00>
ST_1 : Operation 39 [1/1] (0.00ns)   --->   "%seg_buf_66 = alloca i32 1"   --->   Operation 39 'alloca' 'seg_buf_66' <Predicate = true> <Delay = 0.00>
ST_1 : Operation 40 [1/1] (0.00ns)   --->   "%seg_buf_67 = alloca i32 1"   --->   Operation 40 'alloca' 'seg_buf_67' <Predicate = true> <Delay = 0.00>
ST_1 : Operation 41 [1/1] (0.00ns)   --->   "%seg_buf_68 = alloca i32 1"   --->   Operation 41 'alloca' 'seg_buf_68' <Predicate = true> <Delay = 0.00>
ST_1 : Operation 42 [1/1] (0.00ns)   --->   "%seg_buf_69 = alloca i32 1"   --->   Operation 42 'alloca' 'seg_buf_69' <Predicate = true> <Delay = 0.00>
ST_1 : Operation 43 [1/1] (0.00ns)   --->   "%seg_buf_70 = alloca i32 1"   --->   Operation 43 'alloca' 'seg_buf_70' <Predicate = true> <Delay = 0.00>
ST_1 : Operation 44 [1/1] (0.00ns)   --->   "%seg_buf_71 = alloca i32 1"   --->   Operation 44 'alloca' 'seg_buf_71' <Predicate = true> <Delay = 0.00>
ST_1 : Operation 45 [1/1] (0.00ns)   --->   "%seg_buf_72 = alloca i32 1"   --->   Operation 45 'alloca' 'seg_buf_72' <Predicate = true> <Delay = 0.00>
ST_1 : Operation 46 [1/1] (0.00ns)   --->   "%seg_buf_73 = alloca i32 1"   --->   Operation 46 'alloca' 'seg_buf_73' <Predicate = true> <Delay = 0.00>
ST_1 : Operation 47 [1/1] (0.00ns)   --->   "%seg_buf_74 = alloca i32 1"   --->   Operation 47 'alloca' 'seg_buf_74' <Predicate = true> <Delay = 0.00>
ST_1 : Operation 48 [1/1] (0.00ns)   --->   "%seg_buf_75 = alloca i32 1"   --->   Operation 48 'alloca' 'seg_buf_75' <Predicate = true> <Delay = 0.00>
ST_1 : Operation 49 [1/1] (0.00ns)   --->   "%seg_buf_76 = alloca i32 1"   --->   Operation 49 'alloca' 'seg_buf_76' <Predicate = true> <Delay = 0.00>
ST_1 : Operation 50 [1/1] (0.00ns)   --->   "%seg_buf_77 = alloca i32 1"   --->   Operation 50 'alloca' 'seg_buf_77' <Predicate = true> <Delay = 0.00>
ST_1 : Operation 51 [1/1] (0.00ns)   --->   "%seg_buf_78 = alloca i32 1"   --->   Operation 51 'alloca' 'seg_buf_78' <Predicate = true> <Delay = 0.00>
ST_1 : Operation 52 [1/1] (0.00ns)   --->   "%seg_buf_79 = alloca i32 1"   --->   Operation 52 'alloca' 'seg_buf_79' <Predicate = true> <Delay = 0.00>
ST_1 : Operation 53 [1/1] (0.00ns)   --->   "%seg_buf_80 = alloca i32 1"   --->   Operation 53 'alloca' 'seg_buf_80' <Predicate = true> <Delay = 0.00>
ST_1 : Operation 54 [1/1] (0.00ns)   --->   "%seg_buf_81 = alloca i32 1"   --->   Operation 54 'alloca' 'seg_buf_81' <Predicate = true> <Delay = 0.00>
ST_1 : Operation 55 [1/1] (0.00ns)   --->   "%seg_buf_82 = alloca i32 1"   --->   Operation 55 'alloca' 'seg_buf_82' <Predicate = true> <Delay = 0.00>
ST_1 : Operation 56 [1/1] (0.00ns)   --->   "%seg_buf_83 = alloca i32 1"   --->   Operation 56 'alloca' 'seg_buf_83' <Predicate = true> <Delay = 0.00>
ST_1 : Operation 57 [1/1] (0.00ns)   --->   "%seg_buf_84 = alloca i32 1"   --->   Operation 57 'alloca' 'seg_buf_84' <Predicate = true> <Delay = 0.00>
ST_1 : Operation 58 [1/1] (0.00ns)   --->   "%seg_buf_85 = alloca i32 1"   --->   Operation 58 'alloca' 'seg_buf_85' <Predicate = true> <Delay = 0.00>
ST_1 : Operation 59 [1/1] (0.00ns)   --->   "%seg_buf_86 = alloca i32 1"   --->   Operation 59 'alloca' 'seg_buf_86' <Predicate = true> <Delay = 0.00>
ST_1 : Operation 60 [1/1] (0.00ns)   --->   "%seg_buf_87 = alloca i32 1"   --->   Operation 60 'alloca' 'seg_buf_87' <Predicate = true> <Delay = 0.00>
ST_1 : Operation 61 [1/1] (0.00ns)   --->   "%seg_buf_88 = alloca i32 1"   --->   Operation 61 'alloca' 'seg_buf_88' <Predicate = true> <Delay = 0.00>
ST_1 : Operation 62 [1/1] (0.00ns)   --->   "%seg_buf_89 = alloca i32 1"   --->   Operation 62 'alloca' 'seg_buf_89' <Predicate = true> <Delay = 0.00>
ST_1 : Operation 63 [1/1] (0.00ns)   --->   "%seg_buf_90 = alloca i32 1"   --->   Operation 63 'alloca' 'seg_buf_90' <Predicate = true> <Delay = 0.00>
ST_1 : Operation 64 [1/1] (0.00ns)   --->   "%seg_buf_91 = alloca i32 1"   --->   Operation 64 'alloca' 'seg_buf_91' <Predicate = true> <Delay = 0.00>
ST_1 : Operation 65 [1/1] (0.00ns)   --->   "%seg_buf_92 = alloca i32 1"   --->   Operation 65 'alloca' 'seg_buf_92' <Predicate = true> <Delay = 0.00>
ST_1 : Operation 66 [1/1] (0.00ns)   --->   "%seg_buf_93 = alloca i32 1"   --->   Operation 66 'alloca' 'seg_buf_93' <Predicate = true> <Delay = 0.00>
ST_1 : Operation 67 [1/1] (0.00ns)   --->   "%seg_buf_94 = alloca i32 1"   --->   Operation 67 'alloca' 'seg_buf_94' <Predicate = true> <Delay = 0.00>
ST_1 : Operation 68 [1/1] (0.00ns)   --->   "%seg_buf_95 = alloca i32 1"   --->   Operation 68 'alloca' 'seg_buf_95' <Predicate = true> <Delay = 0.00>
ST_1 : Operation 69 [1/1] (0.00ns)   --->   "%trunc_ln145_1_read = read i512 @_ssdm_op_Read.ap_auto.i512, i512 %trunc_ln145_1"   --->   Operation 69 'read' 'trunc_ln145_1_read' <Predicate = true> <Delay = 0.00>
ST_1 : Operation 70 [1/1] (0.00ns)   --->   "%seg_buf_read = read i8 @_ssdm_op_Read.ap_auto.i8, i8 %seg_buf"   --->   Operation 70 'read' 'seg_buf_read' <Predicate = true> <Delay = 0.00>
ST_1 : Operation 71 [1/1] (0.00ns)   --->   "%seg_buf_1_read = read i8 @_ssdm_op_Read.ap_auto.i8, i8 %seg_buf_1"   --->   Operation 71 'read' 'seg_buf_1_read' <Predicate = true> <Delay = 0.00>
ST_1 : Operation 72 [1/1] (0.00ns)   --->   "%seg_buf_2_read = read i8 @_ssdm_op_Read.ap_auto.i8, i8 %seg_buf_2"   --->   Operation 72 'read' 'seg_buf_2_read' <Predicate = true> <Delay = 0.00>
ST_1 : Operation 73 [1/1] (0.00ns)   --->   "%seg_buf_3_read = read i8 @_ssdm_op_Read.ap_auto.i8, i8 %seg_buf_3"   --->   Operation 73 'read' 'seg_buf_3_read' <Predicate = true> <Delay = 0.00>
ST_1 : Operation 74 [1/1] (0.00ns)   --->   "%seg_buf_4_read = read i8 @_ssdm_op_Read.ap_auto.i8, i8 %seg_buf_4"   --->   Operation 74 'read' 'seg_buf_4_read' <Predicate = true> <Delay = 0.00>
ST_1 : Operation 75 [1/1] (0.00ns)   --->   "%seg_buf_5_read = read i8 @_ssdm_op_Read.ap_auto.i8, i8 %seg_buf_5"   --->   Operation 75 'read' 'seg_buf_5_read' <Predicate = true> <Delay = 0.00>
ST_1 : Operation 76 [1/1] (0.00ns)   --->   "%seg_buf_6_read = read i8 @_ssdm_op_Read.ap_auto.i8, i8 %seg_buf_6"   --->   Operation 76 'read' 'seg_buf_6_read' <Predicate = true> <Delay = 0.00>
ST_1 : Operation 77 [1/1] (0.00ns)   --->   "%seg_buf_7_read = read i8 @_ssdm_op_Read.ap_auto.i8, i8 %seg_buf_7"   --->   Operation 77 'read' 'seg_buf_7_read' <Predicate = true> <Delay = 0.00>
ST_1 : Operation 78 [1/1] (0.00ns)   --->   "%seg_buf_8_read = read i8 @_ssdm_op_Read.ap_auto.i8, i8 %seg_buf_8"   --->   Operation 78 'read' 'seg_buf_8_read' <Predicate = true> <Delay = 0.00>
ST_1 : Operation 79 [1/1] (0.00ns)   --->   "%seg_buf_9_read = read i8 @_ssdm_op_Read.ap_auto.i8, i8 %seg_buf_9"   --->   Operation 79 'read' 'seg_buf_9_read' <Predicate = true> <Delay = 0.00>
ST_1 : Operation 80 [1/1] (0.00ns)   --->   "%seg_buf_10_read = read i8 @_ssdm_op_Read.ap_auto.i8, i8 %seg_buf_10"   --->   Operation 80 'read' 'seg_buf_10_read' <Predicate = true> <Delay = 0.00>
ST_1 : Operation 81 [1/1] (0.00ns)   --->   "%seg_buf_11_read = read i8 @_ssdm_op_Read.ap_auto.i8, i8 %seg_buf_11"   --->   Operation 81 'read' 'seg_buf_11_read' <Predicate = true> <Delay = 0.00>
ST_1 : Operation 82 [1/1] (0.00ns)   --->   "%seg_buf_12_read = read i8 @_ssdm_op_Read.ap_auto.i8, i8 %seg_buf_12"   --->   Operation 82 'read' 'seg_buf_12_read' <Predicate = true> <Delay = 0.00>
ST_1 : Operation 83 [1/1] (0.00ns)   --->   "%seg_buf_13_read = read i8 @_ssdm_op_Read.ap_auto.i8, i8 %seg_buf_13"   --->   Operation 83 'read' 'seg_buf_13_read' <Predicate = true> <Delay = 0.00>
ST_1 : Operation 84 [1/1] (0.00ns)   --->   "%seg_buf_14_read = read i8 @_ssdm_op_Read.ap_auto.i8, i8 %seg_buf_14"   --->   Operation 84 'read' 'seg_buf_14_read' <Predicate = true> <Delay = 0.00>
ST_1 : Operation 85 [1/1] (0.00ns)   --->   "%seg_buf_15_read = read i8 @_ssdm_op_Read.ap_auto.i8, i8 %seg_buf_15"   --->   Operation 85 'read' 'seg_buf_15_read' <Predicate = true> <Delay = 0.00>
ST_1 : Operation 86 [1/1] (0.00ns)   --->   "%seg_buf_16_read = read i8 @_ssdm_op_Read.ap_auto.i8, i8 %seg_buf_16"   --->   Operation 86 'read' 'seg_buf_16_read' <Predicate = true> <Delay = 0.00>
ST_1 : Operation 87 [1/1] (0.00ns)   --->   "%seg_buf_17_read = read i8 @_ssdm_op_Read.ap_auto.i8, i8 %seg_buf_17"   --->   Operation 87 'read' 'seg_buf_17_read' <Predicate = true> <Delay = 0.00>
ST_1 : Operation 88 [1/1] (0.00ns)   --->   "%seg_buf_18_read = read i8 @_ssdm_op_Read.ap_auto.i8, i8 %seg_buf_18"   --->   Operation 88 'read' 'seg_buf_18_read' <Predicate = true> <Delay = 0.00>
ST_1 : Operation 89 [1/1] (0.00ns)   --->   "%seg_buf_19_read = read i8 @_ssdm_op_Read.ap_auto.i8, i8 %seg_buf_19"   --->   Operation 89 'read' 'seg_buf_19_read' <Predicate = true> <Delay = 0.00>
ST_1 : Operation 90 [1/1] (0.00ns)   --->   "%seg_buf_20_read = read i8 @_ssdm_op_Read.ap_auto.i8, i8 %seg_buf_20"   --->   Operation 90 'read' 'seg_buf_20_read' <Predicate = true> <Delay = 0.00>
ST_1 : Operation 91 [1/1] (0.00ns)   --->   "%seg_buf_21_read = read i8 @_ssdm_op_Read.ap_auto.i8, i8 %seg_buf_21"   --->   Operation 91 'read' 'seg_buf_21_read' <Predicate = true> <Delay = 0.00>
ST_1 : Operation 92 [1/1] (0.00ns)   --->   "%seg_buf_22_read = read i8 @_ssdm_op_Read.ap_auto.i8, i8 %seg_buf_22"   --->   Operation 92 'read' 'seg_buf_22_read' <Predicate = true> <Delay = 0.00>
ST_1 : Operation 93 [1/1] (0.00ns)   --->   "%seg_buf_23_read = read i8 @_ssdm_op_Read.ap_auto.i8, i8 %seg_buf_23"   --->   Operation 93 'read' 'seg_buf_23_read' <Predicate = true> <Delay = 0.00>
ST_1 : Operation 94 [1/1] (0.00ns)   --->   "%seg_buf_24_read = read i8 @_ssdm_op_Read.ap_auto.i8, i8 %seg_buf_24"   --->   Operation 94 'read' 'seg_buf_24_read' <Predicate = true> <Delay = 0.00>
ST_1 : Operation 95 [1/1] (0.00ns)   --->   "%seg_buf_25_read = read i8 @_ssdm_op_Read.ap_auto.i8, i8 %seg_buf_25"   --->   Operation 95 'read' 'seg_buf_25_read' <Predicate = true> <Delay = 0.00>
ST_1 : Operation 96 [1/1] (0.00ns)   --->   "%seg_buf_26_read = read i8 @_ssdm_op_Read.ap_auto.i8, i8 %seg_buf_26"   --->   Operation 96 'read' 'seg_buf_26_read' <Predicate = true> <Delay = 0.00>
ST_1 : Operation 97 [1/1] (0.00ns)   --->   "%seg_buf_27_read = read i8 @_ssdm_op_Read.ap_auto.i8, i8 %seg_buf_27"   --->   Operation 97 'read' 'seg_buf_27_read' <Predicate = true> <Delay = 0.00>
ST_1 : Operation 98 [1/1] (0.00ns)   --->   "%seg_buf_28_read = read i8 @_ssdm_op_Read.ap_auto.i8, i8 %seg_buf_28"   --->   Operation 98 'read' 'seg_buf_28_read' <Predicate = true> <Delay = 0.00>
ST_1 : Operation 99 [1/1] (0.00ns)   --->   "%seg_buf_29_read = read i8 @_ssdm_op_Read.ap_auto.i8, i8 %seg_buf_29"   --->   Operation 99 'read' 'seg_buf_29_read' <Predicate = true> <Delay = 0.00>
ST_1 : Operation 100 [1/1] (0.00ns)   --->   "%seg_buf_30_read = read i8 @_ssdm_op_Read.ap_auto.i8, i8 %seg_buf_30"   --->   Operation 100 'read' 'seg_buf_30_read' <Predicate = true> <Delay = 0.00>
ST_1 : Operation 101 [1/1] (0.00ns)   --->   "%seg_buf_31_read = read i8 @_ssdm_op_Read.ap_auto.i8, i8 %seg_buf_31"   --->   Operation 101 'read' 'seg_buf_31_read' <Predicate = true> <Delay = 0.00>
ST_1 : Operation 102 [1/1] (0.00ns)   --->   "%conv12_lcssa78_read = read i8 @_ssdm_op_Read.ap_auto.i8, i8 %conv12_lcssa78"   --->   Operation 102 'read' 'conv12_lcssa78_read' <Predicate = true> <Delay = 0.00>
ST_1 : Operation 103 [1/1] (0.00ns)   --->   "%conv14_lcssa81_read = read i8 @_ssdm_op_Read.ap_auto.i8, i8 %conv14_lcssa81"   --->   Operation 103 'read' 'conv14_lcssa81_read' <Predicate = true> <Delay = 0.00>
ST_1 : Operation 104 [1/1] (0.00ns)   --->   "%conv16_lcssa84_read = read i8 @_ssdm_op_Read.ap_auto.i8, i8 %conv16_lcssa84"   --->   Operation 104 'read' 'conv16_lcssa84_read' <Predicate = true> <Delay = 0.00>
ST_1 : Operation 105 [1/1] (0.00ns)   --->   "%conv18_lcssa87_read = read i8 @_ssdm_op_Read.ap_auto.i8, i8 %conv18_lcssa87"   --->   Operation 105 'read' 'conv18_lcssa87_read' <Predicate = true> <Delay = 0.00>
ST_1 : Operation 106 [1/1] (0.00ns)   --->   "%conv20_lcssa90_read = read i8 @_ssdm_op_Read.ap_auto.i8, i8 %conv20_lcssa90"   --->   Operation 106 'read' 'conv20_lcssa90_read' <Predicate = true> <Delay = 0.00>
ST_1 : Operation 107 [1/1] (0.00ns)   --->   "%conv22_lcssa93_read = read i8 @_ssdm_op_Read.ap_auto.i8, i8 %conv22_lcssa93"   --->   Operation 107 'read' 'conv22_lcssa93_read' <Predicate = true> <Delay = 0.00>
ST_1 : Operation 108 [1/1] (0.00ns)   --->   "%conv24_lcssa96_read = read i8 @_ssdm_op_Read.ap_auto.i8, i8 %conv24_lcssa96"   --->   Operation 108 'read' 'conv24_lcssa96_read' <Predicate = true> <Delay = 0.00>
ST_1 : Operation 109 [1/1] (0.00ns)   --->   "%conv26_lcssa99_read = read i8 @_ssdm_op_Read.ap_auto.i8, i8 %conv26_lcssa99"   --->   Operation 109 'read' 'conv26_lcssa99_read' <Predicate = true> <Delay = 0.00>
ST_1 : Operation 110 [1/1] (0.00ns)   --->   "%conv28_lcssa102_read = read i8 @_ssdm_op_Read.ap_auto.i8, i8 %conv28_lcssa102"   --->   Operation 110 'read' 'conv28_lcssa102_read' <Predicate = true> <Delay = 0.00>
ST_1 : Operation 111 [1/1] (0.00ns)   --->   "%conv30_lcssa105_read = read i8 @_ssdm_op_Read.ap_auto.i8, i8 %conv30_lcssa105"   --->   Operation 111 'read' 'conv30_lcssa105_read' <Predicate = true> <Delay = 0.00>
ST_1 : Operation 112 [1/1] (0.00ns)   --->   "%conv32_lcssa108_read = read i8 @_ssdm_op_Read.ap_auto.i8, i8 %conv32_lcssa108"   --->   Operation 112 'read' 'conv32_lcssa108_read' <Predicate = true> <Delay = 0.00>
ST_1 : Operation 113 [1/1] (0.00ns)   --->   "%conv34_lcssa111_read = read i8 @_ssdm_op_Read.ap_auto.i8, i8 %conv34_lcssa111"   --->   Operation 113 'read' 'conv34_lcssa111_read' <Predicate = true> <Delay = 0.00>
ST_1 : Operation 114 [1/1] (0.00ns)   --->   "%conv36_lcssa114_read = read i8 @_ssdm_op_Read.ap_auto.i8, i8 %conv36_lcssa114"   --->   Operation 114 'read' 'conv36_lcssa114_read' <Predicate = true> <Delay = 0.00>
ST_1 : Operation 115 [1/1] (0.00ns)   --->   "%conv38_lcssa117_read = read i8 @_ssdm_op_Read.ap_auto.i8, i8 %conv38_lcssa117"   --->   Operation 115 'read' 'conv38_lcssa117_read' <Predicate = true> <Delay = 0.00>
ST_1 : Operation 116 [1/1] (0.00ns)   --->   "%conv40_lcssa120_read = read i8 @_ssdm_op_Read.ap_auto.i8, i8 %conv40_lcssa120"   --->   Operation 116 'read' 'conv40_lcssa120_read' <Predicate = true> <Delay = 0.00>
ST_1 : Operation 117 [1/1] (0.00ns)   --->   "%conv42_lcssa123_read = read i8 @_ssdm_op_Read.ap_auto.i8, i8 %conv42_lcssa123"   --->   Operation 117 'read' 'conv42_lcssa123_read' <Predicate = true> <Delay = 0.00>
ST_1 : Operation 118 [1/1] (0.00ns)   --->   "%conv44_lcssa126_read = read i8 @_ssdm_op_Read.ap_auto.i8, i8 %conv44_lcssa126"   --->   Operation 118 'read' 'conv44_lcssa126_read' <Predicate = true> <Delay = 0.00>
ST_1 : Operation 119 [1/1] (0.00ns)   --->   "%conv46_lcssa129_read = read i8 @_ssdm_op_Read.ap_auto.i8, i8 %conv46_lcssa129"   --->   Operation 119 'read' 'conv46_lcssa129_read' <Predicate = true> <Delay = 0.00>
ST_1 : Operation 120 [1/1] (0.00ns)   --->   "%conv48_lcssa132_read = read i8 @_ssdm_op_Read.ap_auto.i8, i8 %conv48_lcssa132"   --->   Operation 120 'read' 'conv48_lcssa132_read' <Predicate = true> <Delay = 0.00>
ST_1 : Operation 121 [1/1] (0.00ns)   --->   "%conv50_lcssa135_read = read i8 @_ssdm_op_Read.ap_auto.i8, i8 %conv50_lcssa135"   --->   Operation 121 'read' 'conv50_lcssa135_read' <Predicate = true> <Delay = 0.00>
ST_1 : Operation 122 [1/1] (0.00ns)   --->   "%conv52_lcssa138_read = read i8 @_ssdm_op_Read.ap_auto.i8, i8 %conv52_lcssa138"   --->   Operation 122 'read' 'conv52_lcssa138_read' <Predicate = true> <Delay = 0.00>
ST_1 : Operation 123 [1/1] (0.00ns)   --->   "%conv54_lcssa141_read = read i8 @_ssdm_op_Read.ap_auto.i8, i8 %conv54_lcssa141"   --->   Operation 123 'read' 'conv54_lcssa141_read' <Predicate = true> <Delay = 0.00>
ST_1 : Operation 124 [1/1] (0.00ns)   --->   "%conv56_lcssa144_read = read i8 @_ssdm_op_Read.ap_auto.i8, i8 %conv56_lcssa144"   --->   Operation 124 'read' 'conv56_lcssa144_read' <Predicate = true> <Delay = 0.00>
ST_1 : Operation 125 [1/1] (0.00ns)   --->   "%conv58_lcssa147_read = read i8 @_ssdm_op_Read.ap_auto.i8, i8 %conv58_lcssa147"   --->   Operation 125 'read' 'conv58_lcssa147_read' <Predicate = true> <Delay = 0.00>
ST_1 : Operation 126 [1/1] (0.00ns)   --->   "%conv60_lcssa150_read = read i8 @_ssdm_op_Read.ap_auto.i8, i8 %conv60_lcssa150"   --->   Operation 126 'read' 'conv60_lcssa150_read' <Predicate = true> <Delay = 0.00>
ST_1 : Operation 127 [1/1] (0.00ns)   --->   "%conv62_lcssa153_read = read i8 @_ssdm_op_Read.ap_auto.i8, i8 %conv62_lcssa153"   --->   Operation 127 'read' 'conv62_lcssa153_read' <Predicate = true> <Delay = 0.00>
ST_1 : Operation 128 [1/1] (0.00ns)   --->   "%conv64_lcssa156_read = read i8 @_ssdm_op_Read.ap_auto.i8, i8 %conv64_lcssa156"   --->   Operation 128 'read' 'conv64_lcssa156_read' <Predicate = true> <Delay = 0.00>
ST_1 : Operation 129 [1/1] (0.00ns)   --->   "%conv66_lcssa159_read = read i8 @_ssdm_op_Read.ap_auto.i8, i8 %conv66_lcssa159"   --->   Operation 129 'read' 'conv66_lcssa159_read' <Predicate = true> <Delay = 0.00>
ST_1 : Operation 130 [1/1] (0.00ns)   --->   "%conv68_lcssa162_read = read i8 @_ssdm_op_Read.ap_auto.i8, i8 %conv68_lcssa162"   --->   Operation 130 'read' 'conv68_lcssa162_read' <Predicate = true> <Delay = 0.00>
ST_1 : Operation 131 [1/1] (0.00ns)   --->   "%conv70_lcssa165_read = read i8 @_ssdm_op_Read.ap_auto.i8, i8 %conv70_lcssa165"   --->   Operation 131 'read' 'conv70_lcssa165_read' <Predicate = true> <Delay = 0.00>
ST_1 : Operation 132 [1/1] (0.00ns)   --->   "%conv72_lcssa168_read = read i8 @_ssdm_op_Read.ap_auto.i8, i8 %conv72_lcssa168"   --->   Operation 132 'read' 'conv72_lcssa168_read' <Predicate = true> <Delay = 0.00>
ST_1 : Operation 133 [1/1] (0.00ns)   --->   "%conv74_lcssa171_read = read i8 @_ssdm_op_Read.ap_auto.i8, i8 %conv74_lcssa171"   --->   Operation 133 'read' 'conv74_lcssa171_read' <Predicate = true> <Delay = 0.00>
ST_1 : Operation 134 [1/1] (0.38ns)   --->   "%store_ln0 = store i8 %conv74_lcssa171_read, i8 %seg_buf_95"   --->   Operation 134 'store' 'store_ln0' <Predicate = true> <Delay = 0.38>
ST_1 : Operation 135 [1/1] (0.38ns)   --->   "%store_ln0 = store i8 %conv72_lcssa168_read, i8 %seg_buf_94"   --->   Operation 135 'store' 'store_ln0' <Predicate = true> <Delay = 0.38>
ST_1 : Operation 136 [1/1] (0.38ns)   --->   "%store_ln0 = store i8 %conv70_lcssa165_read, i8 %seg_buf_93"   --->   Operation 136 'store' 'store_ln0' <Predicate = true> <Delay = 0.38>
ST_1 : Operation 137 [1/1] (0.38ns)   --->   "%store_ln0 = store i8 %conv68_lcssa162_read, i8 %seg_buf_92"   --->   Operation 137 'store' 'store_ln0' <Predicate = true> <Delay = 0.38>
ST_1 : Operation 138 [1/1] (0.38ns)   --->   "%store_ln0 = store i8 %conv66_lcssa159_read, i8 %seg_buf_91"   --->   Operation 138 'store' 'store_ln0' <Predicate = true> <Delay = 0.38>
ST_1 : Operation 139 [1/1] (0.38ns)   --->   "%store_ln0 = store i8 %conv64_lcssa156_read, i8 %seg_buf_90"   --->   Operation 139 'store' 'store_ln0' <Predicate = true> <Delay = 0.38>
ST_1 : Operation 140 [1/1] (0.38ns)   --->   "%store_ln0 = store i8 %conv62_lcssa153_read, i8 %seg_buf_89"   --->   Operation 140 'store' 'store_ln0' <Predicate = true> <Delay = 0.38>
ST_1 : Operation 141 [1/1] (0.38ns)   --->   "%store_ln0 = store i8 %conv60_lcssa150_read, i8 %seg_buf_88"   --->   Operation 141 'store' 'store_ln0' <Predicate = true> <Delay = 0.38>
ST_1 : Operation 142 [1/1] (0.38ns)   --->   "%store_ln0 = store i8 %conv58_lcssa147_read, i8 %seg_buf_87"   --->   Operation 142 'store' 'store_ln0' <Predicate = true> <Delay = 0.38>
ST_1 : Operation 143 [1/1] (0.38ns)   --->   "%store_ln0 = store i8 %conv56_lcssa144_read, i8 %seg_buf_86"   --->   Operation 143 'store' 'store_ln0' <Predicate = true> <Delay = 0.38>
ST_1 : Operation 144 [1/1] (0.38ns)   --->   "%store_ln0 = store i8 %conv54_lcssa141_read, i8 %seg_buf_85"   --->   Operation 144 'store' 'store_ln0' <Predicate = true> <Delay = 0.38>
ST_1 : Operation 145 [1/1] (0.38ns)   --->   "%store_ln0 = store i8 %conv52_lcssa138_read, i8 %seg_buf_84"   --->   Operation 145 'store' 'store_ln0' <Predicate = true> <Delay = 0.38>
ST_1 : Operation 146 [1/1] (0.38ns)   --->   "%store_ln0 = store i8 %conv50_lcssa135_read, i8 %seg_buf_83"   --->   Operation 146 'store' 'store_ln0' <Predicate = true> <Delay = 0.38>
ST_1 : Operation 147 [1/1] (0.38ns)   --->   "%store_ln0 = store i8 %conv48_lcssa132_read, i8 %seg_buf_82"   --->   Operation 147 'store' 'store_ln0' <Predicate = true> <Delay = 0.38>
ST_1 : Operation 148 [1/1] (0.38ns)   --->   "%store_ln0 = store i8 %conv46_lcssa129_read, i8 %seg_buf_81"   --->   Operation 148 'store' 'store_ln0' <Predicate = true> <Delay = 0.38>
ST_1 : Operation 149 [1/1] (0.38ns)   --->   "%store_ln0 = store i8 %conv44_lcssa126_read, i8 %seg_buf_80"   --->   Operation 149 'store' 'store_ln0' <Predicate = true> <Delay = 0.38>
ST_1 : Operation 150 [1/1] (0.38ns)   --->   "%store_ln0 = store i8 %conv42_lcssa123_read, i8 %seg_buf_79"   --->   Operation 150 'store' 'store_ln0' <Predicate = true> <Delay = 0.38>
ST_1 : Operation 151 [1/1] (0.38ns)   --->   "%store_ln0 = store i8 %conv40_lcssa120_read, i8 %seg_buf_78"   --->   Operation 151 'store' 'store_ln0' <Predicate = true> <Delay = 0.38>
ST_1 : Operation 152 [1/1] (0.38ns)   --->   "%store_ln0 = store i8 %conv38_lcssa117_read, i8 %seg_buf_77"   --->   Operation 152 'store' 'store_ln0' <Predicate = true> <Delay = 0.38>
ST_1 : Operation 153 [1/1] (0.38ns)   --->   "%store_ln0 = store i8 %conv36_lcssa114_read, i8 %seg_buf_76"   --->   Operation 153 'store' 'store_ln0' <Predicate = true> <Delay = 0.38>
ST_1 : Operation 154 [1/1] (0.38ns)   --->   "%store_ln0 = store i8 %conv34_lcssa111_read, i8 %seg_buf_75"   --->   Operation 154 'store' 'store_ln0' <Predicate = true> <Delay = 0.38>
ST_1 : Operation 155 [1/1] (0.38ns)   --->   "%store_ln0 = store i8 %conv32_lcssa108_read, i8 %seg_buf_74"   --->   Operation 155 'store' 'store_ln0' <Predicate = true> <Delay = 0.38>
ST_1 : Operation 156 [1/1] (0.38ns)   --->   "%store_ln0 = store i8 %conv30_lcssa105_read, i8 %seg_buf_73"   --->   Operation 156 'store' 'store_ln0' <Predicate = true> <Delay = 0.38>
ST_1 : Operation 157 [1/1] (0.38ns)   --->   "%store_ln0 = store i8 %conv28_lcssa102_read, i8 %seg_buf_72"   --->   Operation 157 'store' 'store_ln0' <Predicate = true> <Delay = 0.38>
ST_1 : Operation 158 [1/1] (0.38ns)   --->   "%store_ln0 = store i8 %conv26_lcssa99_read, i8 %seg_buf_71"   --->   Operation 158 'store' 'store_ln0' <Predicate = true> <Delay = 0.38>
ST_1 : Operation 159 [1/1] (0.38ns)   --->   "%store_ln0 = store i8 %conv24_lcssa96_read, i8 %seg_buf_70"   --->   Operation 159 'store' 'store_ln0' <Predicate = true> <Delay = 0.38>
ST_1 : Operation 160 [1/1] (0.38ns)   --->   "%store_ln0 = store i8 %conv22_lcssa93_read, i8 %seg_buf_69"   --->   Operation 160 'store' 'store_ln0' <Predicate = true> <Delay = 0.38>
ST_1 : Operation 161 [1/1] (0.38ns)   --->   "%store_ln0 = store i8 %conv20_lcssa90_read, i8 %seg_buf_68"   --->   Operation 161 'store' 'store_ln0' <Predicate = true> <Delay = 0.38>
ST_1 : Operation 162 [1/1] (0.38ns)   --->   "%store_ln0 = store i8 %conv18_lcssa87_read, i8 %seg_buf_67"   --->   Operation 162 'store' 'store_ln0' <Predicate = true> <Delay = 0.38>
ST_1 : Operation 163 [1/1] (0.38ns)   --->   "%store_ln0 = store i8 %conv16_lcssa84_read, i8 %seg_buf_66"   --->   Operation 163 'store' 'store_ln0' <Predicate = true> <Delay = 0.38>
ST_1 : Operation 164 [1/1] (0.38ns)   --->   "%store_ln0 = store i8 %conv14_lcssa81_read, i8 %seg_buf_65"   --->   Operation 164 'store' 'store_ln0' <Predicate = true> <Delay = 0.38>
ST_1 : Operation 165 [1/1] (0.38ns)   --->   "%store_ln0 = store i8 %conv12_lcssa78_read, i8 %seg_buf_64"   --->   Operation 165 'store' 'store_ln0' <Predicate = true> <Delay = 0.38>
ST_1 : Operation 166 [1/1] (0.38ns)   --->   "%store_ln0 = store i8 %seg_buf_31_read, i8 %seg_buf_63"   --->   Operation 166 'store' 'store_ln0' <Predicate = true> <Delay = 0.38>
ST_1 : Operation 167 [1/1] (0.38ns)   --->   "%store_ln0 = store i8 %seg_buf_30_read, i8 %seg_buf_62"   --->   Operation 167 'store' 'store_ln0' <Predicate = true> <Delay = 0.38>
ST_1 : Operation 168 [1/1] (0.38ns)   --->   "%store_ln0 = store i8 %seg_buf_29_read, i8 %seg_buf_61"   --->   Operation 168 'store' 'store_ln0' <Predicate = true> <Delay = 0.38>
ST_1 : Operation 169 [1/1] (0.38ns)   --->   "%store_ln0 = store i8 %seg_buf_28_read, i8 %seg_buf_60"   --->   Operation 169 'store' 'store_ln0' <Predicate = true> <Delay = 0.38>
ST_1 : Operation 170 [1/1] (0.38ns)   --->   "%store_ln0 = store i8 %seg_buf_27_read, i8 %seg_buf_59"   --->   Operation 170 'store' 'store_ln0' <Predicate = true> <Delay = 0.38>
ST_1 : Operation 171 [1/1] (0.38ns)   --->   "%store_ln0 = store i8 %seg_buf_26_read, i8 %seg_buf_58"   --->   Operation 171 'store' 'store_ln0' <Predicate = true> <Delay = 0.38>
ST_1 : Operation 172 [1/1] (0.38ns)   --->   "%store_ln0 = store i8 %seg_buf_25_read, i8 %seg_buf_57"   --->   Operation 172 'store' 'store_ln0' <Predicate = true> <Delay = 0.38>
ST_1 : Operation 173 [1/1] (0.38ns)   --->   "%store_ln0 = store i8 %seg_buf_24_read, i8 %seg_buf_56"   --->   Operation 173 'store' 'store_ln0' <Predicate = true> <Delay = 0.38>
ST_1 : Operation 174 [1/1] (0.38ns)   --->   "%store_ln0 = store i8 %seg_buf_23_read, i8 %seg_buf_55"   --->   Operation 174 'store' 'store_ln0' <Predicate = true> <Delay = 0.38>
ST_1 : Operation 175 [1/1] (0.38ns)   --->   "%store_ln0 = store i8 %seg_buf_22_read, i8 %seg_buf_54"   --->   Operation 175 'store' 'store_ln0' <Predicate = true> <Delay = 0.38>
ST_1 : Operation 176 [1/1] (0.38ns)   --->   "%store_ln0 = store i8 %seg_buf_21_read, i8 %seg_buf_53"   --->   Operation 176 'store' 'store_ln0' <Predicate = true> <Delay = 0.38>
ST_1 : Operation 177 [1/1] (0.38ns)   --->   "%store_ln0 = store i8 %seg_buf_20_read, i8 %seg_buf_52"   --->   Operation 177 'store' 'store_ln0' <Predicate = true> <Delay = 0.38>
ST_1 : Operation 178 [1/1] (0.38ns)   --->   "%store_ln0 = store i8 %seg_buf_19_read, i8 %seg_buf_51"   --->   Operation 178 'store' 'store_ln0' <Predicate = true> <Delay = 0.38>
ST_1 : Operation 179 [1/1] (0.38ns)   --->   "%store_ln0 = store i8 %seg_buf_18_read, i8 %seg_buf_50"   --->   Operation 179 'store' 'store_ln0' <Predicate = true> <Delay = 0.38>
ST_1 : Operation 180 [1/1] (0.38ns)   --->   "%store_ln0 = store i8 %seg_buf_17_read, i8 %seg_buf_49"   --->   Operation 180 'store' 'store_ln0' <Predicate = true> <Delay = 0.38>
ST_1 : Operation 181 [1/1] (0.38ns)   --->   "%store_ln0 = store i8 %seg_buf_16_read, i8 %seg_buf_48"   --->   Operation 181 'store' 'store_ln0' <Predicate = true> <Delay = 0.38>
ST_1 : Operation 182 [1/1] (0.38ns)   --->   "%store_ln0 = store i8 %seg_buf_15_read, i8 %seg_buf_47"   --->   Operation 182 'store' 'store_ln0' <Predicate = true> <Delay = 0.38>
ST_1 : Operation 183 [1/1] (0.38ns)   --->   "%store_ln0 = store i8 %seg_buf_14_read, i8 %seg_buf_46"   --->   Operation 183 'store' 'store_ln0' <Predicate = true> <Delay = 0.38>
ST_1 : Operation 184 [1/1] (0.38ns)   --->   "%store_ln0 = store i8 %seg_buf_13_read, i8 %seg_buf_45"   --->   Operation 184 'store' 'store_ln0' <Predicate = true> <Delay = 0.38>
ST_1 : Operation 185 [1/1] (0.38ns)   --->   "%store_ln0 = store i8 %seg_buf_12_read, i8 %seg_buf_44"   --->   Operation 185 'store' 'store_ln0' <Predicate = true> <Delay = 0.38>
ST_1 : Operation 186 [1/1] (0.38ns)   --->   "%store_ln0 = store i8 %seg_buf_11_read, i8 %seg_buf_43"   --->   Operation 186 'store' 'store_ln0' <Predicate = true> <Delay = 0.38>
ST_1 : Operation 187 [1/1] (0.38ns)   --->   "%store_ln0 = store i8 %seg_buf_10_read, i8 %seg_buf_42"   --->   Operation 187 'store' 'store_ln0' <Predicate = true> <Delay = 0.38>
ST_1 : Operation 188 [1/1] (0.38ns)   --->   "%store_ln0 = store i8 %seg_buf_9_read, i8 %seg_buf_41"   --->   Operation 188 'store' 'store_ln0' <Predicate = true> <Delay = 0.38>
ST_1 : Operation 189 [1/1] (0.38ns)   --->   "%store_ln0 = store i8 %seg_buf_8_read, i8 %seg_buf_40"   --->   Operation 189 'store' 'store_ln0' <Predicate = true> <Delay = 0.38>
ST_1 : Operation 190 [1/1] (0.38ns)   --->   "%store_ln0 = store i8 %seg_buf_7_read, i8 %seg_buf_39"   --->   Operation 190 'store' 'store_ln0' <Predicate = true> <Delay = 0.38>
ST_1 : Operation 191 [1/1] (0.38ns)   --->   "%store_ln0 = store i8 %seg_buf_6_read, i8 %seg_buf_38"   --->   Operation 191 'store' 'store_ln0' <Predicate = true> <Delay = 0.38>
ST_1 : Operation 192 [1/1] (0.38ns)   --->   "%store_ln0 = store i8 %seg_buf_5_read, i8 %seg_buf_37"   --->   Operation 192 'store' 'store_ln0' <Predicate = true> <Delay = 0.38>
ST_1 : Operation 193 [1/1] (0.38ns)   --->   "%store_ln0 = store i8 %seg_buf_4_read, i8 %seg_buf_36"   --->   Operation 193 'store' 'store_ln0' <Predicate = true> <Delay = 0.38>
ST_1 : Operation 194 [1/1] (0.38ns)   --->   "%store_ln0 = store i8 %seg_buf_3_read, i8 %seg_buf_35"   --->   Operation 194 'store' 'store_ln0' <Predicate = true> <Delay = 0.38>
ST_1 : Operation 195 [1/1] (0.38ns)   --->   "%store_ln0 = store i8 %seg_buf_2_read, i8 %seg_buf_34"   --->   Operation 195 'store' 'store_ln0' <Predicate = true> <Delay = 0.38>
ST_1 : Operation 196 [1/1] (0.38ns)   --->   "%store_ln0 = store i8 %seg_buf_1_read, i8 %seg_buf_33"   --->   Operation 196 'store' 'store_ln0' <Predicate = true> <Delay = 0.38>
ST_1 : Operation 197 [1/1] (0.38ns)   --->   "%store_ln0 = store i8 %seg_buf_read, i8 %seg_buf_32"   --->   Operation 197 'store' 'store_ln0' <Predicate = true> <Delay = 0.38>
ST_1 : Operation 198 [1/1] (0.38ns)   --->   "%store_ln0 = store i7 0, i7 %i"   --->   Operation 198 'store' 'store_ln0' <Predicate = true> <Delay = 0.38>
ST_1 : Operation 199 [1/1] (0.00ns)   --->   "%br_ln0 = br void %for.inc"   --->   Operation 199 'br' 'br_ln0' <Predicate = true> <Delay = 0.00>
ST_1 : Operation 200 [1/1] (0.00ns)   --->   "%i_7 = load i7 %i" [sha1/sha2561.cpp:37]   --->   Operation 200 'load' 'i_7' <Predicate = true> <Delay = 0.00>
ST_1 : Operation 201 [1/1] (0.00ns)   --->   "%specpipeline_ln0 = specpipeline void @_ssdm_op_SpecPipeline, i32 4294967295, i32 0, i32 1, i32 0, void @p_str"   --->   Operation 201 'specpipeline' 'specpipeline_ln0' <Predicate = true> <Delay = 0.00>
ST_1 : Operation 202 [1/1] (0.59ns)   --->   "%icmp_ln36 = icmp_eq  i7 %i_7, i7 64" [sha1/sha2561.cpp:36]   --->   Operation 202 'icmp' 'icmp_ln36' <Predicate = true> <Delay = 0.59> <CoreInst = "Cmp">   --->   Core 9 'Cmp' <Latency = 0> <II = 1> <Delay = 0.59> <FuncUnit> <Opcode : 'icmp'> <InPorts = 2> <OutPorts = 1>
ST_1 : Operation 203 [1/1] (0.00ns)   --->   "%empty = speclooptripcount i32 @_ssdm_op_SpecLoopTripCount, i64 64, i64 64, i64 64"   --->   Operation 203 'speclooptripcount' 'empty' <Predicate = true> <Delay = 0.00>
ST_1 : Operation 204 [1/1] (0.70ns)   --->   "%add_ln36 = add i7 %i_7, i7 1" [sha1/sha2561.cpp:36]   --->   Operation 204 'add' 'add_ln36' <Predicate = true> <Delay = 0.70> <CoreInst = "Adder">   --->   Core 1 'Adder' <Latency = 0> <II = 1> <Delay = 0.70> <FuncUnit> <Opcode : 'add' 'sub'> <InPorts = 2> <OutPorts = 1>
ST_1 : Operation 205 [1/1] (0.00ns)   --->   "%br_ln36 = br i1 %icmp_ln36, void %for.inc.split, void %for.body.i.preheader.exitStub" [sha1/sha2561.cpp:36]   --->   Operation 205 'br' 'br_ln36' <Predicate = true> <Delay = 0.00>
ST_1 : Operation 206 [1/1] (0.00ns)   --->   "%specloopname_ln20 = specloopname void @_ssdm_op_SpecLoopName, void @empty_4" [sha1/sha2561.cpp:20]   --->   Operation 206 'specloopname' 'specloopname_ln20' <Predicate = (!icmp_ln36)> <Delay = 0.00>
ST_1 : Operation 207 [1/1] (0.00ns)   --->   "%trunc_ln37 = trunc i7 %i_7" [sha1/sha2561.cpp:37]   --->   Operation 207 'trunc' 'trunc_ln37' <Predicate = (!icmp_ln36)> <Delay = 0.00>
ST_1 : Operation 208 [1/1] (0.00ns)   --->   "%shl_ln = bitconcatenate i9 @_ssdm_op_BitConcatenate.i9.i6.i3, i6 %trunc_ln37, i3 0" [sha1/sha2561.cpp:37]   --->   Operation 208 'bitconcatenate' 'shl_ln' <Predicate = (!icmp_ln36)> <Delay = 0.00>
ST_1 : Operation 209 [1/1] (0.00ns)   --->   "%zext_ln1715 = zext i9 %shl_ln"   --->   Operation 209 'zext' 'zext_ln1715' <Predicate = (!icmp_ln36)> <Delay = 0.00>
ST_1 : Operation 210 [1/1] (1.44ns)   --->   "%r_V = lshr i512 %trunc_ln145_1_read, i512 %zext_ln1715"   --->   Operation 210 'lshr' 'r_V' <Predicate = (!icmp_ln36)> <Delay = 1.44> <CoreInst = "Shifter">   --->   Core 75 'Shifter' <Latency = 0> <II = 1> <Delay = 1.44> <FuncUnit> <Opcode : 'shl' 'lshr' 'ashr'> <InPorts = 2> <OutPorts = 1>
ST_1 : Operation 211 [1/1] (0.00ns)   --->   "%seg_buf_96 = trunc i512 %r_V" [sha1/sha2561.cpp:37]   --->   Operation 211 'trunc' 'seg_buf_96' <Predicate = (!icmp_ln36)> <Delay = 0.00>
ST_1 : Operation 212 [1/1] (0.12ns)   --->   "%xor_ln37 = xor i6 %trunc_ln37, i6 63" [sha1/sha2561.cpp:37]   --->   Operation 212 'xor' 'xor_ln37' <Predicate = (!icmp_ln36)> <Delay = 0.12> <CoreInst = "LogicGate">   --->   Core 74 'LogicGate' <Latency = 0> <II = 1> <Delay = 0.12> <FuncUnit> <Opcode : 'and' 'or' 'xor'> <InPorts = 2> <OutPorts = 1>
ST_1 : Operation 213 [1/1] (0.34ns)   --->   "%switch_ln37 = switch i6 %xor_ln37, void %arrayidx.case.63, i6 0, void %for.inc.split.arrayidx.exit_crit_edge, i6 1, void %for.inc.split.arrayidx.exit_crit_edge66, i6 2, void %arrayidx.case.2, i6 3, void %arrayidx.case.3, i6 4, void %arrayidx.case.4, i6 5, void %arrayidx.case.5, i6 6, void %arrayidx.case.6, i6 7, void %arrayidx.case.7, i6 8, void %arrayidx.case.8, i6 9, void %arrayidx.case.9, i6 10, void %arrayidx.case.10, i6 11, void %arrayidx.case.11, i6 12, void %arrayidx.case.12, i6 13, void %arrayidx.case.13, i6 14, void %arrayidx.case.14, i6 15, void %arrayidx.case.15, i6 16, void %arrayidx.case.16, i6 17, void %arrayidx.case.17, i6 18, void %arrayidx.case.18, i6 19, void %arrayidx.case.19, i6 20, void %arrayidx.case.20, i6 21, void %arrayidx.case.21, i6 22, void %arrayidx.case.22, i6 23, void %arrayidx.case.23, i6 24, void %arrayidx.case.24, i6 25, void %arrayidx.case.25, i6 26, void %arrayidx.case.26, i6 27, void %arrayidx.case.27, i6 28, void %arrayidx.case.28, i6 29, void %arrayidx.case.29, i6 30, void %arrayidx.case.30, i6 31, void %arrayidx.case.31, i6 32, void %arrayidx.case.32, i6 33, void %arrayidx.case.33, i6 34, void %arrayidx.case.34, i6 35, void %arrayidx.case.35, i6 36, void %arrayidx.case.36, i6 37, void %arrayidx.case.37, i6 38, void %arrayidx.case.38, i6 39, void %arrayidx.case.39, i6 40, void %arrayidx.case.40, i6 41, void %arrayidx.case.41, i6 42, void %arrayidx.case.42, i6 43, void %arrayidx.case.43, i6 44, void %arrayidx.case.44, i6 45, void %arrayidx.case.45, i6 46, void %arrayidx.case.46, i6 47, void %arrayidx.case.47, i6 48, void %arrayidx.case.48, i6 49, void %arrayidx.case.49, i6 50, void %arrayidx.case.50, i6 51, void %arrayidx.case.51, i6 52, void %arrayidx.case.52, i6 53, void %arrayidx.case.53, i6 54, void %arrayidx.case.54, i6 55, void %arrayidx.case.55, i6 56, void %arrayidx.case.56, i6 57, void %arrayidx.case.57, i6 58, void %arrayidx.case.58, i6 59, void %arrayidx.case.59, i6 60, void %arrayidx.case.60, i6 61, void %arrayidx.case.61, i6 62, void %arrayidx.case.62" [sha1/sha2561.cpp:37]   --->   Operation 213 'switch' 'switch_ln37' <Predicate = (!icmp_ln36)> <Delay = 0.34>
ST_1 : Operation 214 [1/1] (0.38ns)   --->   "%store_ln37 = store i8 %seg_buf_96, i8 %seg_buf_62" [sha1/sha2561.cpp:37]   --->   Operation 214 'store' 'store_ln37' <Predicate = (!icmp_ln36 & xor_ln37 == 62)> <Delay = 0.38>
ST_1 : Operation 215 [1/1] (0.00ns)   --->   "%br_ln37 = br void %arrayidx.exit" [sha1/sha2561.cpp:37]   --->   Operation 215 'br' 'br_ln37' <Predicate = (!icmp_ln36 & xor_ln37 == 62)> <Delay = 0.00>
ST_1 : Operation 216 [1/1] (0.38ns)   --->   "%store_ln37 = store i8 %seg_buf_96, i8 %seg_buf_61" [sha1/sha2561.cpp:37]   --->   Operation 216 'store' 'store_ln37' <Predicate = (!icmp_ln36 & xor_ln37 == 61)> <Delay = 0.38>
ST_1 : Operation 217 [1/1] (0.00ns)   --->   "%br_ln37 = br void %arrayidx.exit" [sha1/sha2561.cpp:37]   --->   Operation 217 'br' 'br_ln37' <Predicate = (!icmp_ln36 & xor_ln37 == 61)> <Delay = 0.00>
ST_1 : Operation 218 [1/1] (0.38ns)   --->   "%store_ln37 = store i8 %seg_buf_96, i8 %seg_buf_60" [sha1/sha2561.cpp:37]   --->   Operation 218 'store' 'store_ln37' <Predicate = (!icmp_ln36 & xor_ln37 == 60)> <Delay = 0.38>
ST_1 : Operation 219 [1/1] (0.00ns)   --->   "%br_ln37 = br void %arrayidx.exit" [sha1/sha2561.cpp:37]   --->   Operation 219 'br' 'br_ln37' <Predicate = (!icmp_ln36 & xor_ln37 == 60)> <Delay = 0.00>
ST_1 : Operation 220 [1/1] (0.38ns)   --->   "%store_ln37 = store i8 %seg_buf_96, i8 %seg_buf_59" [sha1/sha2561.cpp:37]   --->   Operation 220 'store' 'store_ln37' <Predicate = (!icmp_ln36 & xor_ln37 == 59)> <Delay = 0.38>
ST_1 : Operation 221 [1/1] (0.00ns)   --->   "%br_ln37 = br void %arrayidx.exit" [sha1/sha2561.cpp:37]   --->   Operation 221 'br' 'br_ln37' <Predicate = (!icmp_ln36 & xor_ln37 == 59)> <Delay = 0.00>
ST_1 : Operation 222 [1/1] (0.38ns)   --->   "%store_ln37 = store i8 %seg_buf_96, i8 %seg_buf_58" [sha1/sha2561.cpp:37]   --->   Operation 222 'store' 'store_ln37' <Predicate = (!icmp_ln36 & xor_ln37 == 58)> <Delay = 0.38>
ST_1 : Operation 223 [1/1] (0.00ns)   --->   "%br_ln37 = br void %arrayidx.exit" [sha1/sha2561.cpp:37]   --->   Operation 223 'br' 'br_ln37' <Predicate = (!icmp_ln36 & xor_ln37 == 58)> <Delay = 0.00>
ST_1 : Operation 224 [1/1] (0.38ns)   --->   "%store_ln37 = store i8 %seg_buf_96, i8 %seg_buf_57" [sha1/sha2561.cpp:37]   --->   Operation 224 'store' 'store_ln37' <Predicate = (!icmp_ln36 & xor_ln37 == 57)> <Delay = 0.38>
ST_1 : Operation 225 [1/1] (0.00ns)   --->   "%br_ln37 = br void %arrayidx.exit" [sha1/sha2561.cpp:37]   --->   Operation 225 'br' 'br_ln37' <Predicate = (!icmp_ln36 & xor_ln37 == 57)> <Delay = 0.00>
ST_1 : Operation 226 [1/1] (0.38ns)   --->   "%store_ln37 = store i8 %seg_buf_96, i8 %seg_buf_56" [sha1/sha2561.cpp:37]   --->   Operation 226 'store' 'store_ln37' <Predicate = (!icmp_ln36 & xor_ln37 == 56)> <Delay = 0.38>
ST_1 : Operation 227 [1/1] (0.00ns)   --->   "%br_ln37 = br void %arrayidx.exit" [sha1/sha2561.cpp:37]   --->   Operation 227 'br' 'br_ln37' <Predicate = (!icmp_ln36 & xor_ln37 == 56)> <Delay = 0.00>
ST_1 : Operation 228 [1/1] (0.38ns)   --->   "%store_ln37 = store i8 %seg_buf_96, i8 %seg_buf_55" [sha1/sha2561.cpp:37]   --->   Operation 228 'store' 'store_ln37' <Predicate = (!icmp_ln36 & xor_ln37 == 55)> <Delay = 0.38>
ST_1 : Operation 229 [1/1] (0.00ns)   --->   "%br_ln37 = br void %arrayidx.exit" [sha1/sha2561.cpp:37]   --->   Operation 229 'br' 'br_ln37' <Predicate = (!icmp_ln36 & xor_ln37 == 55)> <Delay = 0.00>
ST_1 : Operation 230 [1/1] (0.38ns)   --->   "%store_ln37 = store i8 %seg_buf_96, i8 %seg_buf_54" [sha1/sha2561.cpp:37]   --->   Operation 230 'store' 'store_ln37' <Predicate = (!icmp_ln36 & xor_ln37 == 54)> <Delay = 0.38>
ST_1 : Operation 231 [1/1] (0.00ns)   --->   "%br_ln37 = br void %arrayidx.exit" [sha1/sha2561.cpp:37]   --->   Operation 231 'br' 'br_ln37' <Predicate = (!icmp_ln36 & xor_ln37 == 54)> <Delay = 0.00>
ST_1 : Operation 232 [1/1] (0.38ns)   --->   "%store_ln37 = store i8 %seg_buf_96, i8 %seg_buf_53" [sha1/sha2561.cpp:37]   --->   Operation 232 'store' 'store_ln37' <Predicate = (!icmp_ln36 & xor_ln37 == 53)> <Delay = 0.38>
ST_1 : Operation 233 [1/1] (0.00ns)   --->   "%br_ln37 = br void %arrayidx.exit" [sha1/sha2561.cpp:37]   --->   Operation 233 'br' 'br_ln37' <Predicate = (!icmp_ln36 & xor_ln37 == 53)> <Delay = 0.00>
ST_1 : Operation 234 [1/1] (0.38ns)   --->   "%store_ln37 = store i8 %seg_buf_96, i8 %seg_buf_52" [sha1/sha2561.cpp:37]   --->   Operation 234 'store' 'store_ln37' <Predicate = (!icmp_ln36 & xor_ln37 == 52)> <Delay = 0.38>
ST_1 : Operation 235 [1/1] (0.00ns)   --->   "%br_ln37 = br void %arrayidx.exit" [sha1/sha2561.cpp:37]   --->   Operation 235 'br' 'br_ln37' <Predicate = (!icmp_ln36 & xor_ln37 == 52)> <Delay = 0.00>
ST_1 : Operation 236 [1/1] (0.38ns)   --->   "%store_ln37 = store i8 %seg_buf_96, i8 %seg_buf_51" [sha1/sha2561.cpp:37]   --->   Operation 236 'store' 'store_ln37' <Predicate = (!icmp_ln36 & xor_ln37 == 51)> <Delay = 0.38>
ST_1 : Operation 237 [1/1] (0.00ns)   --->   "%br_ln37 = br void %arrayidx.exit" [sha1/sha2561.cpp:37]   --->   Operation 237 'br' 'br_ln37' <Predicate = (!icmp_ln36 & xor_ln37 == 51)> <Delay = 0.00>
ST_1 : Operation 238 [1/1] (0.38ns)   --->   "%store_ln37 = store i8 %seg_buf_96, i8 %seg_buf_50" [sha1/sha2561.cpp:37]   --->   Operation 238 'store' 'store_ln37' <Predicate = (!icmp_ln36 & xor_ln37 == 50)> <Delay = 0.38>
ST_1 : Operation 239 [1/1] (0.00ns)   --->   "%br_ln37 = br void %arrayidx.exit" [sha1/sha2561.cpp:37]   --->   Operation 239 'br' 'br_ln37' <Predicate = (!icmp_ln36 & xor_ln37 == 50)> <Delay = 0.00>
ST_1 : Operation 240 [1/1] (0.38ns)   --->   "%store_ln37 = store i8 %seg_buf_96, i8 %seg_buf_49" [sha1/sha2561.cpp:37]   --->   Operation 240 'store' 'store_ln37' <Predicate = (!icmp_ln36 & xor_ln37 == 49)> <Delay = 0.38>
ST_1 : Operation 241 [1/1] (0.00ns)   --->   "%br_ln37 = br void %arrayidx.exit" [sha1/sha2561.cpp:37]   --->   Operation 241 'br' 'br_ln37' <Predicate = (!icmp_ln36 & xor_ln37 == 49)> <Delay = 0.00>
ST_1 : Operation 242 [1/1] (0.38ns)   --->   "%store_ln37 = store i8 %seg_buf_96, i8 %seg_buf_48" [sha1/sha2561.cpp:37]   --->   Operation 242 'store' 'store_ln37' <Predicate = (!icmp_ln36 & xor_ln37 == 48)> <Delay = 0.38>
ST_1 : Operation 243 [1/1] (0.00ns)   --->   "%br_ln37 = br void %arrayidx.exit" [sha1/sha2561.cpp:37]   --->   Operation 243 'br' 'br_ln37' <Predicate = (!icmp_ln36 & xor_ln37 == 48)> <Delay = 0.00>
ST_1 : Operation 244 [1/1] (0.38ns)   --->   "%store_ln37 = store i8 %seg_buf_96, i8 %seg_buf_47" [sha1/sha2561.cpp:37]   --->   Operation 244 'store' 'store_ln37' <Predicate = (!icmp_ln36 & xor_ln37 == 47)> <Delay = 0.38>
ST_1 : Operation 245 [1/1] (0.00ns)   --->   "%br_ln37 = br void %arrayidx.exit" [sha1/sha2561.cpp:37]   --->   Operation 245 'br' 'br_ln37' <Predicate = (!icmp_ln36 & xor_ln37 == 47)> <Delay = 0.00>
ST_1 : Operation 246 [1/1] (0.38ns)   --->   "%store_ln37 = store i8 %seg_buf_96, i8 %seg_buf_46" [sha1/sha2561.cpp:37]   --->   Operation 246 'store' 'store_ln37' <Predicate = (!icmp_ln36 & xor_ln37 == 46)> <Delay = 0.38>
ST_1 : Operation 247 [1/1] (0.00ns)   --->   "%br_ln37 = br void %arrayidx.exit" [sha1/sha2561.cpp:37]   --->   Operation 247 'br' 'br_ln37' <Predicate = (!icmp_ln36 & xor_ln37 == 46)> <Delay = 0.00>
ST_1 : Operation 248 [1/1] (0.38ns)   --->   "%store_ln37 = store i8 %seg_buf_96, i8 %seg_buf_45" [sha1/sha2561.cpp:37]   --->   Operation 248 'store' 'store_ln37' <Predicate = (!icmp_ln36 & xor_ln37 == 45)> <Delay = 0.38>
ST_1 : Operation 249 [1/1] (0.00ns)   --->   "%br_ln37 = br void %arrayidx.exit" [sha1/sha2561.cpp:37]   --->   Operation 249 'br' 'br_ln37' <Predicate = (!icmp_ln36 & xor_ln37 == 45)> <Delay = 0.00>
ST_1 : Operation 250 [1/1] (0.38ns)   --->   "%store_ln37 = store i8 %seg_buf_96, i8 %seg_buf_44" [sha1/sha2561.cpp:37]   --->   Operation 250 'store' 'store_ln37' <Predicate = (!icmp_ln36 & xor_ln37 == 44)> <Delay = 0.38>
ST_1 : Operation 251 [1/1] (0.00ns)   --->   "%br_ln37 = br void %arrayidx.exit" [sha1/sha2561.cpp:37]   --->   Operation 251 'br' 'br_ln37' <Predicate = (!icmp_ln36 & xor_ln37 == 44)> <Delay = 0.00>
ST_1 : Operation 252 [1/1] (0.38ns)   --->   "%store_ln37 = store i8 %seg_buf_96, i8 %seg_buf_43" [sha1/sha2561.cpp:37]   --->   Operation 252 'store' 'store_ln37' <Predicate = (!icmp_ln36 & xor_ln37 == 43)> <Delay = 0.38>
ST_1 : Operation 253 [1/1] (0.00ns)   --->   "%br_ln37 = br void %arrayidx.exit" [sha1/sha2561.cpp:37]   --->   Operation 253 'br' 'br_ln37' <Predicate = (!icmp_ln36 & xor_ln37 == 43)> <Delay = 0.00>
ST_1 : Operation 254 [1/1] (0.38ns)   --->   "%store_ln37 = store i8 %seg_buf_96, i8 %seg_buf_42" [sha1/sha2561.cpp:37]   --->   Operation 254 'store' 'store_ln37' <Predicate = (!icmp_ln36 & xor_ln37 == 42)> <Delay = 0.38>
ST_1 : Operation 255 [1/1] (0.00ns)   --->   "%br_ln37 = br void %arrayidx.exit" [sha1/sha2561.cpp:37]   --->   Operation 255 'br' 'br_ln37' <Predicate = (!icmp_ln36 & xor_ln37 == 42)> <Delay = 0.00>
ST_1 : Operation 256 [1/1] (0.38ns)   --->   "%store_ln37 = store i8 %seg_buf_96, i8 %seg_buf_41" [sha1/sha2561.cpp:37]   --->   Operation 256 'store' 'store_ln37' <Predicate = (!icmp_ln36 & xor_ln37 == 41)> <Delay = 0.38>
ST_1 : Operation 257 [1/1] (0.00ns)   --->   "%br_ln37 = br void %arrayidx.exit" [sha1/sha2561.cpp:37]   --->   Operation 257 'br' 'br_ln37' <Predicate = (!icmp_ln36 & xor_ln37 == 41)> <Delay = 0.00>
ST_1 : Operation 258 [1/1] (0.38ns)   --->   "%store_ln37 = store i8 %seg_buf_96, i8 %seg_buf_40" [sha1/sha2561.cpp:37]   --->   Operation 258 'store' 'store_ln37' <Predicate = (!icmp_ln36 & xor_ln37 == 40)> <Delay = 0.38>
ST_1 : Operation 259 [1/1] (0.00ns)   --->   "%br_ln37 = br void %arrayidx.exit" [sha1/sha2561.cpp:37]   --->   Operation 259 'br' 'br_ln37' <Predicate = (!icmp_ln36 & xor_ln37 == 40)> <Delay = 0.00>
ST_1 : Operation 260 [1/1] (0.38ns)   --->   "%store_ln37 = store i8 %seg_buf_96, i8 %seg_buf_39" [sha1/sha2561.cpp:37]   --->   Operation 260 'store' 'store_ln37' <Predicate = (!icmp_ln36 & xor_ln37 == 39)> <Delay = 0.38>
ST_1 : Operation 261 [1/1] (0.00ns)   --->   "%br_ln37 = br void %arrayidx.exit" [sha1/sha2561.cpp:37]   --->   Operation 261 'br' 'br_ln37' <Predicate = (!icmp_ln36 & xor_ln37 == 39)> <Delay = 0.00>
ST_1 : Operation 262 [1/1] (0.38ns)   --->   "%store_ln37 = store i8 %seg_buf_96, i8 %seg_buf_38" [sha1/sha2561.cpp:37]   --->   Operation 262 'store' 'store_ln37' <Predicate = (!icmp_ln36 & xor_ln37 == 38)> <Delay = 0.38>
ST_1 : Operation 263 [1/1] (0.00ns)   --->   "%br_ln37 = br void %arrayidx.exit" [sha1/sha2561.cpp:37]   --->   Operation 263 'br' 'br_ln37' <Predicate = (!icmp_ln36 & xor_ln37 == 38)> <Delay = 0.00>
ST_1 : Operation 264 [1/1] (0.38ns)   --->   "%store_ln37 = store i8 %seg_buf_96, i8 %seg_buf_37" [sha1/sha2561.cpp:37]   --->   Operation 264 'store' 'store_ln37' <Predicate = (!icmp_ln36 & xor_ln37 == 37)> <Delay = 0.38>
ST_1 : Operation 265 [1/1] (0.00ns)   --->   "%br_ln37 = br void %arrayidx.exit" [sha1/sha2561.cpp:37]   --->   Operation 265 'br' 'br_ln37' <Predicate = (!icmp_ln36 & xor_ln37 == 37)> <Delay = 0.00>
ST_1 : Operation 266 [1/1] (0.38ns)   --->   "%store_ln37 = store i8 %seg_buf_96, i8 %seg_buf_36" [sha1/sha2561.cpp:37]   --->   Operation 266 'store' 'store_ln37' <Predicate = (!icmp_ln36 & xor_ln37 == 36)> <Delay = 0.38>
ST_1 : Operation 267 [1/1] (0.00ns)   --->   "%br_ln37 = br void %arrayidx.exit" [sha1/sha2561.cpp:37]   --->   Operation 267 'br' 'br_ln37' <Predicate = (!icmp_ln36 & xor_ln37 == 36)> <Delay = 0.00>
ST_1 : Operation 268 [1/1] (0.38ns)   --->   "%store_ln37 = store i8 %seg_buf_96, i8 %seg_buf_35" [sha1/sha2561.cpp:37]   --->   Operation 268 'store' 'store_ln37' <Predicate = (!icmp_ln36 & xor_ln37 == 35)> <Delay = 0.38>
ST_1 : Operation 269 [1/1] (0.00ns)   --->   "%br_ln37 = br void %arrayidx.exit" [sha1/sha2561.cpp:37]   --->   Operation 269 'br' 'br_ln37' <Predicate = (!icmp_ln36 & xor_ln37 == 35)> <Delay = 0.00>
ST_1 : Operation 270 [1/1] (0.38ns)   --->   "%store_ln37 = store i8 %seg_buf_96, i8 %seg_buf_34" [sha1/sha2561.cpp:37]   --->   Operation 270 'store' 'store_ln37' <Predicate = (!icmp_ln36 & xor_ln37 == 34)> <Delay = 0.38>
ST_1 : Operation 271 [1/1] (0.00ns)   --->   "%br_ln37 = br void %arrayidx.exit" [sha1/sha2561.cpp:37]   --->   Operation 271 'br' 'br_ln37' <Predicate = (!icmp_ln36 & xor_ln37 == 34)> <Delay = 0.00>
ST_1 : Operation 272 [1/1] (0.38ns)   --->   "%store_ln37 = store i8 %seg_buf_96, i8 %seg_buf_33" [sha1/sha2561.cpp:37]   --->   Operation 272 'store' 'store_ln37' <Predicate = (!icmp_ln36 & xor_ln37 == 33)> <Delay = 0.38>
ST_1 : Operation 273 [1/1] (0.00ns)   --->   "%br_ln37 = br void %arrayidx.exit" [sha1/sha2561.cpp:37]   --->   Operation 273 'br' 'br_ln37' <Predicate = (!icmp_ln36 & xor_ln37 == 33)> <Delay = 0.00>
ST_1 : Operation 274 [1/1] (0.38ns)   --->   "%store_ln37 = store i8 %seg_buf_96, i8 %seg_buf_32" [sha1/sha2561.cpp:37]   --->   Operation 274 'store' 'store_ln37' <Predicate = (!icmp_ln36 & xor_ln37 == 32)> <Delay = 0.38>
ST_1 : Operation 275 [1/1] (0.00ns)   --->   "%br_ln37 = br void %arrayidx.exit" [sha1/sha2561.cpp:37]   --->   Operation 275 'br' 'br_ln37' <Predicate = (!icmp_ln36 & xor_ln37 == 32)> <Delay = 0.00>
ST_1 : Operation 276 [1/1] (0.38ns)   --->   "%store_ln37 = store i8 %seg_buf_96, i8 %seg_buf_64" [sha1/sha2561.cpp:37]   --->   Operation 276 'store' 'store_ln37' <Predicate = (!icmp_ln36 & xor_ln37 == 31)> <Delay = 0.38>
ST_1 : Operation 277 [1/1] (0.00ns)   --->   "%br_ln37 = br void %arrayidx.exit" [sha1/sha2561.cpp:37]   --->   Operation 277 'br' 'br_ln37' <Predicate = (!icmp_ln36 & xor_ln37 == 31)> <Delay = 0.00>
ST_1 : Operation 278 [1/1] (0.38ns)   --->   "%store_ln37 = store i8 %seg_buf_96, i8 %seg_buf_65" [sha1/sha2561.cpp:37]   --->   Operation 278 'store' 'store_ln37' <Predicate = (!icmp_ln36 & xor_ln37 == 30)> <Delay = 0.38>
ST_1 : Operation 279 [1/1] (0.00ns)   --->   "%br_ln37 = br void %arrayidx.exit" [sha1/sha2561.cpp:37]   --->   Operation 279 'br' 'br_ln37' <Predicate = (!icmp_ln36 & xor_ln37 == 30)> <Delay = 0.00>
ST_1 : Operation 280 [1/1] (0.38ns)   --->   "%store_ln37 = store i8 %seg_buf_96, i8 %seg_buf_66" [sha1/sha2561.cpp:37]   --->   Operation 280 'store' 'store_ln37' <Predicate = (!icmp_ln36 & xor_ln37 == 29)> <Delay = 0.38>
ST_1 : Operation 281 [1/1] (0.00ns)   --->   "%br_ln37 = br void %arrayidx.exit" [sha1/sha2561.cpp:37]   --->   Operation 281 'br' 'br_ln37' <Predicate = (!icmp_ln36 & xor_ln37 == 29)> <Delay = 0.00>
ST_1 : Operation 282 [1/1] (0.38ns)   --->   "%store_ln37 = store i8 %seg_buf_96, i8 %seg_buf_67" [sha1/sha2561.cpp:37]   --->   Operation 282 'store' 'store_ln37' <Predicate = (!icmp_ln36 & xor_ln37 == 28)> <Delay = 0.38>
ST_1 : Operation 283 [1/1] (0.00ns)   --->   "%br_ln37 = br void %arrayidx.exit" [sha1/sha2561.cpp:37]   --->   Operation 283 'br' 'br_ln37' <Predicate = (!icmp_ln36 & xor_ln37 == 28)> <Delay = 0.00>
ST_1 : Operation 284 [1/1] (0.38ns)   --->   "%store_ln37 = store i8 %seg_buf_96, i8 %seg_buf_68" [sha1/sha2561.cpp:37]   --->   Operation 284 'store' 'store_ln37' <Predicate = (!icmp_ln36 & xor_ln37 == 27)> <Delay = 0.38>
ST_1 : Operation 285 [1/1] (0.00ns)   --->   "%br_ln37 = br void %arrayidx.exit" [sha1/sha2561.cpp:37]   --->   Operation 285 'br' 'br_ln37' <Predicate = (!icmp_ln36 & xor_ln37 == 27)> <Delay = 0.00>
ST_1 : Operation 286 [1/1] (0.38ns)   --->   "%store_ln37 = store i8 %seg_buf_96, i8 %seg_buf_69" [sha1/sha2561.cpp:37]   --->   Operation 286 'store' 'store_ln37' <Predicate = (!icmp_ln36 & xor_ln37 == 26)> <Delay = 0.38>
ST_1 : Operation 287 [1/1] (0.00ns)   --->   "%br_ln37 = br void %arrayidx.exit" [sha1/sha2561.cpp:37]   --->   Operation 287 'br' 'br_ln37' <Predicate = (!icmp_ln36 & xor_ln37 == 26)> <Delay = 0.00>
ST_1 : Operation 288 [1/1] (0.38ns)   --->   "%store_ln37 = store i8 %seg_buf_96, i8 %seg_buf_70" [sha1/sha2561.cpp:37]   --->   Operation 288 'store' 'store_ln37' <Predicate = (!icmp_ln36 & xor_ln37 == 25)> <Delay = 0.38>
ST_1 : Operation 289 [1/1] (0.00ns)   --->   "%br_ln37 = br void %arrayidx.exit" [sha1/sha2561.cpp:37]   --->   Operation 289 'br' 'br_ln37' <Predicate = (!icmp_ln36 & xor_ln37 == 25)> <Delay = 0.00>
ST_1 : Operation 290 [1/1] (0.38ns)   --->   "%store_ln37 = store i8 %seg_buf_96, i8 %seg_buf_71" [sha1/sha2561.cpp:37]   --->   Operation 290 'store' 'store_ln37' <Predicate = (!icmp_ln36 & xor_ln37 == 24)> <Delay = 0.38>
ST_1 : Operation 291 [1/1] (0.00ns)   --->   "%br_ln37 = br void %arrayidx.exit" [sha1/sha2561.cpp:37]   --->   Operation 291 'br' 'br_ln37' <Predicate = (!icmp_ln36 & xor_ln37 == 24)> <Delay = 0.00>
ST_1 : Operation 292 [1/1] (0.38ns)   --->   "%store_ln37 = store i8 %seg_buf_96, i8 %seg_buf_72" [sha1/sha2561.cpp:37]   --->   Operation 292 'store' 'store_ln37' <Predicate = (!icmp_ln36 & xor_ln37 == 23)> <Delay = 0.38>
ST_1 : Operation 293 [1/1] (0.00ns)   --->   "%br_ln37 = br void %arrayidx.exit" [sha1/sha2561.cpp:37]   --->   Operation 293 'br' 'br_ln37' <Predicate = (!icmp_ln36 & xor_ln37 == 23)> <Delay = 0.00>
ST_1 : Operation 294 [1/1] (0.38ns)   --->   "%store_ln37 = store i8 %seg_buf_96, i8 %seg_buf_73" [sha1/sha2561.cpp:37]   --->   Operation 294 'store' 'store_ln37' <Predicate = (!icmp_ln36 & xor_ln37 == 22)> <Delay = 0.38>
ST_1 : Operation 295 [1/1] (0.00ns)   --->   "%br_ln37 = br void %arrayidx.exit" [sha1/sha2561.cpp:37]   --->   Operation 295 'br' 'br_ln37' <Predicate = (!icmp_ln36 & xor_ln37 == 22)> <Delay = 0.00>
ST_1 : Operation 296 [1/1] (0.38ns)   --->   "%store_ln37 = store i8 %seg_buf_96, i8 %seg_buf_74" [sha1/sha2561.cpp:37]   --->   Operation 296 'store' 'store_ln37' <Predicate = (!icmp_ln36 & xor_ln37 == 21)> <Delay = 0.38>
ST_1 : Operation 297 [1/1] (0.00ns)   --->   "%br_ln37 = br void %arrayidx.exit" [sha1/sha2561.cpp:37]   --->   Operation 297 'br' 'br_ln37' <Predicate = (!icmp_ln36 & xor_ln37 == 21)> <Delay = 0.00>
ST_1 : Operation 298 [1/1] (0.38ns)   --->   "%store_ln37 = store i8 %seg_buf_96, i8 %seg_buf_75" [sha1/sha2561.cpp:37]   --->   Operation 298 'store' 'store_ln37' <Predicate = (!icmp_ln36 & xor_ln37 == 20)> <Delay = 0.38>
ST_1 : Operation 299 [1/1] (0.00ns)   --->   "%br_ln37 = br void %arrayidx.exit" [sha1/sha2561.cpp:37]   --->   Operation 299 'br' 'br_ln37' <Predicate = (!icmp_ln36 & xor_ln37 == 20)> <Delay = 0.00>
ST_1 : Operation 300 [1/1] (0.38ns)   --->   "%store_ln37 = store i8 %seg_buf_96, i8 %seg_buf_76" [sha1/sha2561.cpp:37]   --->   Operation 300 'store' 'store_ln37' <Predicate = (!icmp_ln36 & xor_ln37 == 19)> <Delay = 0.38>
ST_1 : Operation 301 [1/1] (0.00ns)   --->   "%br_ln37 = br void %arrayidx.exit" [sha1/sha2561.cpp:37]   --->   Operation 301 'br' 'br_ln37' <Predicate = (!icmp_ln36 & xor_ln37 == 19)> <Delay = 0.00>
ST_1 : Operation 302 [1/1] (0.38ns)   --->   "%store_ln37 = store i8 %seg_buf_96, i8 %seg_buf_77" [sha1/sha2561.cpp:37]   --->   Operation 302 'store' 'store_ln37' <Predicate = (!icmp_ln36 & xor_ln37 == 18)> <Delay = 0.38>
ST_1 : Operation 303 [1/1] (0.00ns)   --->   "%br_ln37 = br void %arrayidx.exit" [sha1/sha2561.cpp:37]   --->   Operation 303 'br' 'br_ln37' <Predicate = (!icmp_ln36 & xor_ln37 == 18)> <Delay = 0.00>
ST_1 : Operation 304 [1/1] (0.38ns)   --->   "%store_ln37 = store i8 %seg_buf_96, i8 %seg_buf_78" [sha1/sha2561.cpp:37]   --->   Operation 304 'store' 'store_ln37' <Predicate = (!icmp_ln36 & xor_ln37 == 17)> <Delay = 0.38>
ST_1 : Operation 305 [1/1] (0.00ns)   --->   "%br_ln37 = br void %arrayidx.exit" [sha1/sha2561.cpp:37]   --->   Operation 305 'br' 'br_ln37' <Predicate = (!icmp_ln36 & xor_ln37 == 17)> <Delay = 0.00>
ST_1 : Operation 306 [1/1] (0.38ns)   --->   "%store_ln37 = store i8 %seg_buf_96, i8 %seg_buf_79" [sha1/sha2561.cpp:37]   --->   Operation 306 'store' 'store_ln37' <Predicate = (!icmp_ln36 & xor_ln37 == 16)> <Delay = 0.38>
ST_1 : Operation 307 [1/1] (0.00ns)   --->   "%br_ln37 = br void %arrayidx.exit" [sha1/sha2561.cpp:37]   --->   Operation 307 'br' 'br_ln37' <Predicate = (!icmp_ln36 & xor_ln37 == 16)> <Delay = 0.00>
ST_1 : Operation 308 [1/1] (0.38ns)   --->   "%store_ln37 = store i8 %seg_buf_96, i8 %seg_buf_80" [sha1/sha2561.cpp:37]   --->   Operation 308 'store' 'store_ln37' <Predicate = (!icmp_ln36 & xor_ln37 == 15)> <Delay = 0.38>
ST_1 : Operation 309 [1/1] (0.00ns)   --->   "%br_ln37 = br void %arrayidx.exit" [sha1/sha2561.cpp:37]   --->   Operation 309 'br' 'br_ln37' <Predicate = (!icmp_ln36 & xor_ln37 == 15)> <Delay = 0.00>
ST_1 : Operation 310 [1/1] (0.38ns)   --->   "%store_ln37 = store i8 %seg_buf_96, i8 %seg_buf_81" [sha1/sha2561.cpp:37]   --->   Operation 310 'store' 'store_ln37' <Predicate = (!icmp_ln36 & xor_ln37 == 14)> <Delay = 0.38>
ST_1 : Operation 311 [1/1] (0.00ns)   --->   "%br_ln37 = br void %arrayidx.exit" [sha1/sha2561.cpp:37]   --->   Operation 311 'br' 'br_ln37' <Predicate = (!icmp_ln36 & xor_ln37 == 14)> <Delay = 0.00>
ST_1 : Operation 312 [1/1] (0.38ns)   --->   "%store_ln37 = store i8 %seg_buf_96, i8 %seg_buf_82" [sha1/sha2561.cpp:37]   --->   Operation 312 'store' 'store_ln37' <Predicate = (!icmp_ln36 & xor_ln37 == 13)> <Delay = 0.38>
ST_1 : Operation 313 [1/1] (0.00ns)   --->   "%br_ln37 = br void %arrayidx.exit" [sha1/sha2561.cpp:37]   --->   Operation 313 'br' 'br_ln37' <Predicate = (!icmp_ln36 & xor_ln37 == 13)> <Delay = 0.00>
ST_1 : Operation 314 [1/1] (0.38ns)   --->   "%store_ln37 = store i8 %seg_buf_96, i8 %seg_buf_83" [sha1/sha2561.cpp:37]   --->   Operation 314 'store' 'store_ln37' <Predicate = (!icmp_ln36 & xor_ln37 == 12)> <Delay = 0.38>
ST_1 : Operation 315 [1/1] (0.00ns)   --->   "%br_ln37 = br void %arrayidx.exit" [sha1/sha2561.cpp:37]   --->   Operation 315 'br' 'br_ln37' <Predicate = (!icmp_ln36 & xor_ln37 == 12)> <Delay = 0.00>
ST_1 : Operation 316 [1/1] (0.38ns)   --->   "%store_ln37 = store i8 %seg_buf_96, i8 %seg_buf_84" [sha1/sha2561.cpp:37]   --->   Operation 316 'store' 'store_ln37' <Predicate = (!icmp_ln36 & xor_ln37 == 11)> <Delay = 0.38>
ST_1 : Operation 317 [1/1] (0.00ns)   --->   "%br_ln37 = br void %arrayidx.exit" [sha1/sha2561.cpp:37]   --->   Operation 317 'br' 'br_ln37' <Predicate = (!icmp_ln36 & xor_ln37 == 11)> <Delay = 0.00>
ST_1 : Operation 318 [1/1] (0.38ns)   --->   "%store_ln37 = store i8 %seg_buf_96, i8 %seg_buf_85" [sha1/sha2561.cpp:37]   --->   Operation 318 'store' 'store_ln37' <Predicate = (!icmp_ln36 & xor_ln37 == 10)> <Delay = 0.38>
ST_1 : Operation 319 [1/1] (0.00ns)   --->   "%br_ln37 = br void %arrayidx.exit" [sha1/sha2561.cpp:37]   --->   Operation 319 'br' 'br_ln37' <Predicate = (!icmp_ln36 & xor_ln37 == 10)> <Delay = 0.00>
ST_1 : Operation 320 [1/1] (0.38ns)   --->   "%store_ln37 = store i8 %seg_buf_96, i8 %seg_buf_86" [sha1/sha2561.cpp:37]   --->   Operation 320 'store' 'store_ln37' <Predicate = (!icmp_ln36 & xor_ln37 == 9)> <Delay = 0.38>
ST_1 : Operation 321 [1/1] (0.00ns)   --->   "%br_ln37 = br void %arrayidx.exit" [sha1/sha2561.cpp:37]   --->   Operation 321 'br' 'br_ln37' <Predicate = (!icmp_ln36 & xor_ln37 == 9)> <Delay = 0.00>
ST_1 : Operation 322 [1/1] (0.38ns)   --->   "%store_ln37 = store i8 %seg_buf_96, i8 %seg_buf_87" [sha1/sha2561.cpp:37]   --->   Operation 322 'store' 'store_ln37' <Predicate = (!icmp_ln36 & xor_ln37 == 8)> <Delay = 0.38>
ST_1 : Operation 323 [1/1] (0.00ns)   --->   "%br_ln37 = br void %arrayidx.exit" [sha1/sha2561.cpp:37]   --->   Operation 323 'br' 'br_ln37' <Predicate = (!icmp_ln36 & xor_ln37 == 8)> <Delay = 0.00>
ST_1 : Operation 324 [1/1] (0.38ns)   --->   "%store_ln37 = store i8 %seg_buf_96, i8 %seg_buf_88" [sha1/sha2561.cpp:37]   --->   Operation 324 'store' 'store_ln37' <Predicate = (!icmp_ln36 & xor_ln37 == 7)> <Delay = 0.38>
ST_1 : Operation 325 [1/1] (0.00ns)   --->   "%br_ln37 = br void %arrayidx.exit" [sha1/sha2561.cpp:37]   --->   Operation 325 'br' 'br_ln37' <Predicate = (!icmp_ln36 & xor_ln37 == 7)> <Delay = 0.00>
ST_1 : Operation 326 [1/1] (0.38ns)   --->   "%store_ln37 = store i8 %seg_buf_96, i8 %seg_buf_89" [sha1/sha2561.cpp:37]   --->   Operation 326 'store' 'store_ln37' <Predicate = (!icmp_ln36 & xor_ln37 == 6)> <Delay = 0.38>
ST_1 : Operation 327 [1/1] (0.00ns)   --->   "%br_ln37 = br void %arrayidx.exit" [sha1/sha2561.cpp:37]   --->   Operation 327 'br' 'br_ln37' <Predicate = (!icmp_ln36 & xor_ln37 == 6)> <Delay = 0.00>
ST_1 : Operation 328 [1/1] (0.38ns)   --->   "%store_ln37 = store i8 %seg_buf_96, i8 %seg_buf_90" [sha1/sha2561.cpp:37]   --->   Operation 328 'store' 'store_ln37' <Predicate = (!icmp_ln36 & xor_ln37 == 5)> <Delay = 0.38>
ST_1 : Operation 329 [1/1] (0.00ns)   --->   "%br_ln37 = br void %arrayidx.exit" [sha1/sha2561.cpp:37]   --->   Operation 329 'br' 'br_ln37' <Predicate = (!icmp_ln36 & xor_ln37 == 5)> <Delay = 0.00>
ST_1 : Operation 330 [1/1] (0.38ns)   --->   "%store_ln37 = store i8 %seg_buf_96, i8 %seg_buf_91" [sha1/sha2561.cpp:37]   --->   Operation 330 'store' 'store_ln37' <Predicate = (!icmp_ln36 & xor_ln37 == 4)> <Delay = 0.38>
ST_1 : Operation 331 [1/1] (0.00ns)   --->   "%br_ln37 = br void %arrayidx.exit" [sha1/sha2561.cpp:37]   --->   Operation 331 'br' 'br_ln37' <Predicate = (!icmp_ln36 & xor_ln37 == 4)> <Delay = 0.00>
ST_1 : Operation 332 [1/1] (0.38ns)   --->   "%store_ln37 = store i8 %seg_buf_96, i8 %seg_buf_92" [sha1/sha2561.cpp:37]   --->   Operation 332 'store' 'store_ln37' <Predicate = (!icmp_ln36 & xor_ln37 == 3)> <Delay = 0.38>
ST_1 : Operation 333 [1/1] (0.00ns)   --->   "%br_ln37 = br void %arrayidx.exit" [sha1/sha2561.cpp:37]   --->   Operation 333 'br' 'br_ln37' <Predicate = (!icmp_ln36 & xor_ln37 == 3)> <Delay = 0.00>
ST_1 : Operation 334 [1/1] (0.38ns)   --->   "%store_ln37 = store i8 %seg_buf_96, i8 %seg_buf_93" [sha1/sha2561.cpp:37]   --->   Operation 334 'store' 'store_ln37' <Predicate = (!icmp_ln36 & xor_ln37 == 2)> <Delay = 0.38>
ST_1 : Operation 335 [1/1] (0.00ns)   --->   "%br_ln37 = br void %arrayidx.exit" [sha1/sha2561.cpp:37]   --->   Operation 335 'br' 'br_ln37' <Predicate = (!icmp_ln36 & xor_ln37 == 2)> <Delay = 0.00>
ST_1 : Operation 336 [1/1] (0.38ns)   --->   "%store_ln37 = store i8 %seg_buf_96, i8 %seg_buf_94" [sha1/sha2561.cpp:37]   --->   Operation 336 'store' 'store_ln37' <Predicate = (!icmp_ln36 & xor_ln37 == 1)> <Delay = 0.38>
ST_1 : Operation 337 [1/1] (0.00ns)   --->   "%br_ln37 = br void %arrayidx.exit" [sha1/sha2561.cpp:37]   --->   Operation 337 'br' 'br_ln37' <Predicate = (!icmp_ln36 & xor_ln37 == 1)> <Delay = 0.00>
ST_1 : Operation 338 [1/1] (0.38ns)   --->   "%store_ln37 = store i8 %seg_buf_96, i8 %seg_buf_95" [sha1/sha2561.cpp:37]   --->   Operation 338 'store' 'store_ln37' <Predicate = (!icmp_ln36 & xor_ln37 == 0)> <Delay = 0.38>
ST_1 : Operation 339 [1/1] (0.00ns)   --->   "%br_ln37 = br void %arrayidx.exit" [sha1/sha2561.cpp:37]   --->   Operation 339 'br' 'br_ln37' <Predicate = (!icmp_ln36 & xor_ln37 == 0)> <Delay = 0.00>
ST_1 : Operation 340 [1/1] (0.38ns)   --->   "%store_ln37 = store i8 %seg_buf_96, i8 %seg_buf_63" [sha1/sha2561.cpp:37]   --->   Operation 340 'store' 'store_ln37' <Predicate = (!icmp_ln36 & xor_ln37 == 63)> <Delay = 0.38>
ST_1 : Operation 341 [1/1] (0.00ns)   --->   "%br_ln37 = br void %arrayidx.exit" [sha1/sha2561.cpp:37]   --->   Operation 341 'br' 'br_ln37' <Predicate = (!icmp_ln36 & xor_ln37 == 63)> <Delay = 0.00>
ST_1 : Operation 342 [1/1] (0.38ns)   --->   "%store_ln36 = store i7 %add_ln36, i7 %i" [sha1/sha2561.cpp:36]   --->   Operation 342 'store' 'store_ln36' <Predicate = (!icmp_ln36)> <Delay = 0.38>
ST_1 : Operation 343 [1/1] (0.00ns)   --->   "%br_ln36 = br void %for.inc" [sha1/sha2561.cpp:36]   --->   Operation 343 'br' 'br_ln36' <Predicate = (!icmp_ln36)> <Delay = 0.00>
ST_1 : Operation 344 [1/1] (0.00ns)   --->   "%seg_buf_32_load = load i8 %seg_buf_32"   --->   Operation 344 'load' 'seg_buf_32_load' <Predicate = (icmp_ln36)> <Delay = 0.00>
ST_1 : Operation 345 [1/1] (0.00ns)   --->   "%seg_buf_33_load = load i8 %seg_buf_33"   --->   Operation 345 'load' 'seg_buf_33_load' <Predicate = (icmp_ln36)> <Delay = 0.00>
ST_1 : Operation 346 [1/1] (0.00ns)   --->   "%seg_buf_34_load = load i8 %seg_buf_34"   --->   Operation 346 'load' 'seg_buf_34_load' <Predicate = (icmp_ln36)> <Delay = 0.00>
ST_1 : Operation 347 [1/1] (0.00ns)   --->   "%seg_buf_35_load = load i8 %seg_buf_35"   --->   Operation 347 'load' 'seg_buf_35_load' <Predicate = (icmp_ln36)> <Delay = 0.00>
ST_1 : Operation 348 [1/1] (0.00ns)   --->   "%seg_buf_36_load = load i8 %seg_buf_36"   --->   Operation 348 'load' 'seg_buf_36_load' <Predicate = (icmp_ln36)> <Delay = 0.00>
ST_1 : Operation 349 [1/1] (0.00ns)   --->   "%seg_buf_37_load = load i8 %seg_buf_37"   --->   Operation 349 'load' 'seg_buf_37_load' <Predicate = (icmp_ln36)> <Delay = 0.00>
ST_1 : Operation 350 [1/1] (0.00ns)   --->   "%seg_buf_38_load = load i8 %seg_buf_38"   --->   Operation 350 'load' 'seg_buf_38_load' <Predicate = (icmp_ln36)> <Delay = 0.00>
ST_1 : Operation 351 [1/1] (0.00ns)   --->   "%seg_buf_39_load = load i8 %seg_buf_39"   --->   Operation 351 'load' 'seg_buf_39_load' <Predicate = (icmp_ln36)> <Delay = 0.00>
ST_1 : Operation 352 [1/1] (0.00ns)   --->   "%seg_buf_40_load = load i8 %seg_buf_40"   --->   Operation 352 'load' 'seg_buf_40_load' <Predicate = (icmp_ln36)> <Delay = 0.00>
ST_1 : Operation 353 [1/1] (0.00ns)   --->   "%seg_buf_41_load = load i8 %seg_buf_41"   --->   Operation 353 'load' 'seg_buf_41_load' <Predicate = (icmp_ln36)> <Delay = 0.00>
ST_1 : Operation 354 [1/1] (0.00ns)   --->   "%seg_buf_42_load = load i8 %seg_buf_42"   --->   Operation 354 'load' 'seg_buf_42_load' <Predicate = (icmp_ln36)> <Delay = 0.00>
ST_1 : Operation 355 [1/1] (0.00ns)   --->   "%seg_buf_43_load = load i8 %seg_buf_43"   --->   Operation 355 'load' 'seg_buf_43_load' <Predicate = (icmp_ln36)> <Delay = 0.00>
ST_1 : Operation 356 [1/1] (0.00ns)   --->   "%seg_buf_44_load = load i8 %seg_buf_44"   --->   Operation 356 'load' 'seg_buf_44_load' <Predicate = (icmp_ln36)> <Delay = 0.00>
ST_1 : Operation 357 [1/1] (0.00ns)   --->   "%seg_buf_45_load = load i8 %seg_buf_45"   --->   Operation 357 'load' 'seg_buf_45_load' <Predicate = (icmp_ln36)> <Delay = 0.00>
ST_1 : Operation 358 [1/1] (0.00ns)   --->   "%seg_buf_46_load = load i8 %seg_buf_46"   --->   Operation 358 'load' 'seg_buf_46_load' <Predicate = (icmp_ln36)> <Delay = 0.00>
ST_1 : Operation 359 [1/1] (0.00ns)   --->   "%seg_buf_47_load = load i8 %seg_buf_47"   --->   Operation 359 'load' 'seg_buf_47_load' <Predicate = (icmp_ln36)> <Delay = 0.00>
ST_1 : Operation 360 [1/1] (0.00ns)   --->   "%seg_buf_48_load = load i8 %seg_buf_48"   --->   Operation 360 'load' 'seg_buf_48_load' <Predicate = (icmp_ln36)> <Delay = 0.00>
ST_1 : Operation 361 [1/1] (0.00ns)   --->   "%seg_buf_49_load = load i8 %seg_buf_49"   --->   Operation 361 'load' 'seg_buf_49_load' <Predicate = (icmp_ln36)> <Delay = 0.00>
ST_1 : Operation 362 [1/1] (0.00ns)   --->   "%seg_buf_50_load = load i8 %seg_buf_50"   --->   Operation 362 'load' 'seg_buf_50_load' <Predicate = (icmp_ln36)> <Delay = 0.00>
ST_1 : Operation 363 [1/1] (0.00ns)   --->   "%seg_buf_51_load = load i8 %seg_buf_51"   --->   Operation 363 'load' 'seg_buf_51_load' <Predicate = (icmp_ln36)> <Delay = 0.00>
ST_1 : Operation 364 [1/1] (0.00ns)   --->   "%seg_buf_52_load = load i8 %seg_buf_52"   --->   Operation 364 'load' 'seg_buf_52_load' <Predicate = (icmp_ln36)> <Delay = 0.00>
ST_1 : Operation 365 [1/1] (0.00ns)   --->   "%seg_buf_53_load = load i8 %seg_buf_53"   --->   Operation 365 'load' 'seg_buf_53_load' <Predicate = (icmp_ln36)> <Delay = 0.00>
ST_1 : Operation 366 [1/1] (0.00ns)   --->   "%seg_buf_54_load = load i8 %seg_buf_54"   --->   Operation 366 'load' 'seg_buf_54_load' <Predicate = (icmp_ln36)> <Delay = 0.00>
ST_1 : Operation 367 [1/1] (0.00ns)   --->   "%seg_buf_55_load = load i8 %seg_buf_55"   --->   Operation 367 'load' 'seg_buf_55_load' <Predicate = (icmp_ln36)> <Delay = 0.00>
ST_1 : Operation 368 [1/1] (0.00ns)   --->   "%seg_buf_56_load = load i8 %seg_buf_56"   --->   Operation 368 'load' 'seg_buf_56_load' <Predicate = (icmp_ln36)> <Delay = 0.00>
ST_1 : Operation 369 [1/1] (0.00ns)   --->   "%seg_buf_57_load = load i8 %seg_buf_57"   --->   Operation 369 'load' 'seg_buf_57_load' <Predicate = (icmp_ln36)> <Delay = 0.00>
ST_1 : Operation 370 [1/1] (0.00ns)   --->   "%seg_buf_58_load = load i8 %seg_buf_58"   --->   Operation 370 'load' 'seg_buf_58_load' <Predicate = (icmp_ln36)> <Delay = 0.00>
ST_1 : Operation 371 [1/1] (0.00ns)   --->   "%seg_buf_59_load = load i8 %seg_buf_59"   --->   Operation 371 'load' 'seg_buf_59_load' <Predicate = (icmp_ln36)> <Delay = 0.00>
ST_1 : Operation 372 [1/1] (0.00ns)   --->   "%seg_buf_60_load = load i8 %seg_buf_60"   --->   Operation 372 'load' 'seg_buf_60_load' <Predicate = (icmp_ln36)> <Delay = 0.00>
ST_1 : Operation 373 [1/1] (0.00ns)   --->   "%seg_buf_61_load = load i8 %seg_buf_61"   --->   Operation 373 'load' 'seg_buf_61_load' <Predicate = (icmp_ln36)> <Delay = 0.00>
ST_1 : Operation 374 [1/1] (0.00ns)   --->   "%seg_buf_62_load = load i8 %seg_buf_62"   --->   Operation 374 'load' 'seg_buf_62_load' <Predicate = (icmp_ln36)> <Delay = 0.00>
ST_1 : Operation 375 [1/1] (0.00ns)   --->   "%seg_buf_63_load = load i8 %seg_buf_63"   --->   Operation 375 'load' 'seg_buf_63_load' <Predicate = (icmp_ln36)> <Delay = 0.00>
ST_1 : Operation 376 [1/1] (0.00ns)   --->   "%seg_buf_64_load = load i8 %seg_buf_64"   --->   Operation 376 'load' 'seg_buf_64_load' <Predicate = (icmp_ln36)> <Delay = 0.00>
ST_1 : Operation 377 [1/1] (0.00ns)   --->   "%seg_buf_65_load = load i8 %seg_buf_65"   --->   Operation 377 'load' 'seg_buf_65_load' <Predicate = (icmp_ln36)> <Delay = 0.00>
ST_1 : Operation 378 [1/1] (0.00ns)   --->   "%seg_buf_66_load = load i8 %seg_buf_66"   --->   Operation 378 'load' 'seg_buf_66_load' <Predicate = (icmp_ln36)> <Delay = 0.00>
ST_1 : Operation 379 [1/1] (0.00ns)   --->   "%seg_buf_67_load = load i8 %seg_buf_67"   --->   Operation 379 'load' 'seg_buf_67_load' <Predicate = (icmp_ln36)> <Delay = 0.00>
ST_1 : Operation 380 [1/1] (0.00ns)   --->   "%seg_buf_68_load = load i8 %seg_buf_68"   --->   Operation 380 'load' 'seg_buf_68_load' <Predicate = (icmp_ln36)> <Delay = 0.00>
ST_1 : Operation 381 [1/1] (0.00ns)   --->   "%seg_buf_69_load = load i8 %seg_buf_69"   --->   Operation 381 'load' 'seg_buf_69_load' <Predicate = (icmp_ln36)> <Delay = 0.00>
ST_1 : Operation 382 [1/1] (0.00ns)   --->   "%seg_buf_70_load = load i8 %seg_buf_70"   --->   Operation 382 'load' 'seg_buf_70_load' <Predicate = (icmp_ln36)> <Delay = 0.00>
ST_1 : Operation 383 [1/1] (0.00ns)   --->   "%seg_buf_71_load = load i8 %seg_buf_71"   --->   Operation 383 'load' 'seg_buf_71_load' <Predicate = (icmp_ln36)> <Delay = 0.00>
ST_1 : Operation 384 [1/1] (0.00ns)   --->   "%seg_buf_72_load = load i8 %seg_buf_72"   --->   Operation 384 'load' 'seg_buf_72_load' <Predicate = (icmp_ln36)> <Delay = 0.00>
ST_1 : Operation 385 [1/1] (0.00ns)   --->   "%seg_buf_73_load = load i8 %seg_buf_73"   --->   Operation 385 'load' 'seg_buf_73_load' <Predicate = (icmp_ln36)> <Delay = 0.00>
ST_1 : Operation 386 [1/1] (0.00ns)   --->   "%seg_buf_74_load = load i8 %seg_buf_74"   --->   Operation 386 'load' 'seg_buf_74_load' <Predicate = (icmp_ln36)> <Delay = 0.00>
ST_1 : Operation 387 [1/1] (0.00ns)   --->   "%seg_buf_75_load = load i8 %seg_buf_75"   --->   Operation 387 'load' 'seg_buf_75_load' <Predicate = (icmp_ln36)> <Delay = 0.00>
ST_1 : Operation 388 [1/1] (0.00ns)   --->   "%seg_buf_76_load = load i8 %seg_buf_76"   --->   Operation 388 'load' 'seg_buf_76_load' <Predicate = (icmp_ln36)> <Delay = 0.00>
ST_1 : Operation 389 [1/1] (0.00ns)   --->   "%seg_buf_77_load = load i8 %seg_buf_77"   --->   Operation 389 'load' 'seg_buf_77_load' <Predicate = (icmp_ln36)> <Delay = 0.00>
ST_1 : Operation 390 [1/1] (0.00ns)   --->   "%seg_buf_78_load = load i8 %seg_buf_78"   --->   Operation 390 'load' 'seg_buf_78_load' <Predicate = (icmp_ln36)> <Delay = 0.00>
ST_1 : Operation 391 [1/1] (0.00ns)   --->   "%seg_buf_79_load = load i8 %seg_buf_79"   --->   Operation 391 'load' 'seg_buf_79_load' <Predicate = (icmp_ln36)> <Delay = 0.00>
ST_1 : Operation 392 [1/1] (0.00ns)   --->   "%seg_buf_80_load = load i8 %seg_buf_80"   --->   Operation 392 'load' 'seg_buf_80_load' <Predicate = (icmp_ln36)> <Delay = 0.00>
ST_1 : Operation 393 [1/1] (0.00ns)   --->   "%seg_buf_81_load = load i8 %seg_buf_81"   --->   Operation 393 'load' 'seg_buf_81_load' <Predicate = (icmp_ln36)> <Delay = 0.00>
ST_1 : Operation 394 [1/1] (0.00ns)   --->   "%seg_buf_82_load = load i8 %seg_buf_82"   --->   Operation 394 'load' 'seg_buf_82_load' <Predicate = (icmp_ln36)> <Delay = 0.00>
ST_1 : Operation 395 [1/1] (0.00ns)   --->   "%seg_buf_83_load = load i8 %seg_buf_83"   --->   Operation 395 'load' 'seg_buf_83_load' <Predicate = (icmp_ln36)> <Delay = 0.00>
ST_1 : Operation 396 [1/1] (0.00ns)   --->   "%seg_buf_84_load = load i8 %seg_buf_84"   --->   Operation 396 'load' 'seg_buf_84_load' <Predicate = (icmp_ln36)> <Delay = 0.00>
ST_1 : Operation 397 [1/1] (0.00ns)   --->   "%seg_buf_85_load = load i8 %seg_buf_85"   --->   Operation 397 'load' 'seg_buf_85_load' <Predicate = (icmp_ln36)> <Delay = 0.00>
ST_1 : Operation 398 [1/1] (0.00ns)   --->   "%seg_buf_86_load = load i8 %seg_buf_86"   --->   Operation 398 'load' 'seg_buf_86_load' <Predicate = (icmp_ln36)> <Delay = 0.00>
ST_1 : Operation 399 [1/1] (0.00ns)   --->   "%seg_buf_87_load = load i8 %seg_buf_87"   --->   Operation 399 'load' 'seg_buf_87_load' <Predicate = (icmp_ln36)> <Delay = 0.00>
ST_1 : Operation 400 [1/1] (0.00ns)   --->   "%seg_buf_88_load = load i8 %seg_buf_88"   --->   Operation 400 'load' 'seg_buf_88_load' <Predicate = (icmp_ln36)> <Delay = 0.00>
ST_1 : Operation 401 [1/1] (0.00ns)   --->   "%seg_buf_89_load = load i8 %seg_buf_89"   --->   Operation 401 'load' 'seg_buf_89_load' <Predicate = (icmp_ln36)> <Delay = 0.00>
ST_1 : Operation 402 [1/1] (0.00ns)   --->   "%seg_buf_90_load = load i8 %seg_buf_90"   --->   Operation 402 'load' 'seg_buf_90_load' <Predicate = (icmp_ln36)> <Delay = 0.00>
ST_1 : Operation 403 [1/1] (0.00ns)   --->   "%seg_buf_91_load = load i8 %seg_buf_91"   --->   Operation 403 'load' 'seg_buf_91_load' <Predicate = (icmp_ln36)> <Delay = 0.00>
ST_1 : Operation 404 [1/1] (0.00ns)   --->   "%seg_buf_92_load = load i8 %seg_buf_92"   --->   Operation 404 'load' 'seg_buf_92_load' <Predicate = (icmp_ln36)> <Delay = 0.00>
ST_1 : Operation 405 [1/1] (0.00ns)   --->   "%seg_buf_93_load = load i8 %seg_buf_93"   --->   Operation 405 'load' 'seg_buf_93_load' <Predicate = (icmp_ln36)> <Delay = 0.00>
ST_1 : Operation 406 [1/1] (0.00ns)   --->   "%seg_buf_94_load = load i8 %seg_buf_94"   --->   Operation 406 'load' 'seg_buf_94_load' <Predicate = (icmp_ln36)> <Delay = 0.00>
ST_1 : Operation 407 [1/1] (0.00ns)   --->   "%seg_buf_95_load = load i8 %seg_buf_95"   --->   Operation 407 'load' 'seg_buf_95_load' <Predicate = (icmp_ln36)> <Delay = 0.00>
ST_1 : Operation 408 [1/1] (0.00ns)   --->   "%write_ln0 = write void @_ssdm_op_Write.ap_auto.i8P0A, i8 %conv73_out, i8 %seg_buf_95_load"   --->   Operation 408 'write' 'write_ln0' <Predicate = (icmp_ln36)> <Delay = 0.00>
ST_1 : Operation 409 [1/1] (0.00ns)   --->   "%write_ln0 = write void @_ssdm_op_Write.ap_auto.i8P0A, i8 %conv71_out, i8 %seg_buf_94_load"   --->   Operation 409 'write' 'write_ln0' <Predicate = (icmp_ln36)> <Delay = 0.00>
ST_1 : Operation 410 [1/1] (0.00ns)   --->   "%write_ln0 = write void @_ssdm_op_Write.ap_auto.i8P0A, i8 %conv69_out, i8 %seg_buf_93_load"   --->   Operation 410 'write' 'write_ln0' <Predicate = (icmp_ln36)> <Delay = 0.00>
ST_1 : Operation 411 [1/1] (0.00ns)   --->   "%write_ln0 = write void @_ssdm_op_Write.ap_auto.i8P0A, i8 %conv67_out, i8 %seg_buf_92_load"   --->   Operation 411 'write' 'write_ln0' <Predicate = (icmp_ln36)> <Delay = 0.00>
ST_1 : Operation 412 [1/1] (0.00ns)   --->   "%write_ln0 = write void @_ssdm_op_Write.ap_auto.i8P0A, i8 %conv65_out, i8 %seg_buf_91_load"   --->   Operation 412 'write' 'write_ln0' <Predicate = (icmp_ln36)> <Delay = 0.00>
ST_1 : Operation 413 [1/1] (0.00ns)   --->   "%write_ln0 = write void @_ssdm_op_Write.ap_auto.i8P0A, i8 %conv63_out, i8 %seg_buf_90_load"   --->   Operation 413 'write' 'write_ln0' <Predicate = (icmp_ln36)> <Delay = 0.00>
ST_1 : Operation 414 [1/1] (0.00ns)   --->   "%write_ln0 = write void @_ssdm_op_Write.ap_auto.i8P0A, i8 %conv61_out, i8 %seg_buf_89_load"   --->   Operation 414 'write' 'write_ln0' <Predicate = (icmp_ln36)> <Delay = 0.00>
ST_1 : Operation 415 [1/1] (0.00ns)   --->   "%write_ln0 = write void @_ssdm_op_Write.ap_auto.i8P0A, i8 %conv59_out, i8 %seg_buf_88_load"   --->   Operation 415 'write' 'write_ln0' <Predicate = (icmp_ln36)> <Delay = 0.00>
ST_1 : Operation 416 [1/1] (0.00ns)   --->   "%write_ln0 = write void @_ssdm_op_Write.ap_auto.i8P0A, i8 %conv57_out, i8 %seg_buf_87_load"   --->   Operation 416 'write' 'write_ln0' <Predicate = (icmp_ln36)> <Delay = 0.00>
ST_1 : Operation 417 [1/1] (0.00ns)   --->   "%write_ln0 = write void @_ssdm_op_Write.ap_auto.i8P0A, i8 %conv55_out, i8 %seg_buf_86_load"   --->   Operation 417 'write' 'write_ln0' <Predicate = (icmp_ln36)> <Delay = 0.00>
ST_1 : Operation 418 [1/1] (0.00ns)   --->   "%write_ln0 = write void @_ssdm_op_Write.ap_auto.i8P0A, i8 %conv53_out, i8 %seg_buf_85_load"   --->   Operation 418 'write' 'write_ln0' <Predicate = (icmp_ln36)> <Delay = 0.00>
ST_1 : Operation 419 [1/1] (0.00ns)   --->   "%write_ln0 = write void @_ssdm_op_Write.ap_auto.i8P0A, i8 %conv51_out, i8 %seg_buf_84_load"   --->   Operation 419 'write' 'write_ln0' <Predicate = (icmp_ln36)> <Delay = 0.00>
ST_1 : Operation 420 [1/1] (0.00ns)   --->   "%write_ln0 = write void @_ssdm_op_Write.ap_auto.i8P0A, i8 %conv49_out, i8 %seg_buf_83_load"   --->   Operation 420 'write' 'write_ln0' <Predicate = (icmp_ln36)> <Delay = 0.00>
ST_1 : Operation 421 [1/1] (0.00ns)   --->   "%write_ln0 = write void @_ssdm_op_Write.ap_auto.i8P0A, i8 %conv47_out, i8 %seg_buf_82_load"   --->   Operation 421 'write' 'write_ln0' <Predicate = (icmp_ln36)> <Delay = 0.00>
ST_1 : Operation 422 [1/1] (0.00ns)   --->   "%write_ln0 = write void @_ssdm_op_Write.ap_auto.i8P0A, i8 %conv45_out, i8 %seg_buf_81_load"   --->   Operation 422 'write' 'write_ln0' <Predicate = (icmp_ln36)> <Delay = 0.00>
ST_1 : Operation 423 [1/1] (0.00ns)   --->   "%write_ln0 = write void @_ssdm_op_Write.ap_auto.i8P0A, i8 %conv43_out, i8 %seg_buf_80_load"   --->   Operation 423 'write' 'write_ln0' <Predicate = (icmp_ln36)> <Delay = 0.00>
ST_1 : Operation 424 [1/1] (0.00ns)   --->   "%write_ln0 = write void @_ssdm_op_Write.ap_auto.i8P0A, i8 %conv41_out, i8 %seg_buf_79_load"   --->   Operation 424 'write' 'write_ln0' <Predicate = (icmp_ln36)> <Delay = 0.00>
ST_1 : Operation 425 [1/1] (0.00ns)   --->   "%write_ln0 = write void @_ssdm_op_Write.ap_auto.i8P0A, i8 %conv39_out, i8 %seg_buf_78_load"   --->   Operation 425 'write' 'write_ln0' <Predicate = (icmp_ln36)> <Delay = 0.00>
ST_1 : Operation 426 [1/1] (0.00ns)   --->   "%write_ln0 = write void @_ssdm_op_Write.ap_auto.i8P0A, i8 %conv37_out, i8 %seg_buf_77_load"   --->   Operation 426 'write' 'write_ln0' <Predicate = (icmp_ln36)> <Delay = 0.00>
ST_1 : Operation 427 [1/1] (0.00ns)   --->   "%write_ln0 = write void @_ssdm_op_Write.ap_auto.i8P0A, i8 %conv35_out, i8 %seg_buf_76_load"   --->   Operation 427 'write' 'write_ln0' <Predicate = (icmp_ln36)> <Delay = 0.00>
ST_1 : Operation 428 [1/1] (0.00ns)   --->   "%write_ln0 = write void @_ssdm_op_Write.ap_auto.i8P0A, i8 %conv33_out, i8 %seg_buf_75_load"   --->   Operation 428 'write' 'write_ln0' <Predicate = (icmp_ln36)> <Delay = 0.00>
ST_1 : Operation 429 [1/1] (0.00ns)   --->   "%write_ln0 = write void @_ssdm_op_Write.ap_auto.i8P0A, i8 %conv31_out, i8 %seg_buf_74_load"   --->   Operation 429 'write' 'write_ln0' <Predicate = (icmp_ln36)> <Delay = 0.00>
ST_1 : Operation 430 [1/1] (0.00ns)   --->   "%write_ln0 = write void @_ssdm_op_Write.ap_auto.i8P0A, i8 %conv29_out, i8 %seg_buf_73_load"   --->   Operation 430 'write' 'write_ln0' <Predicate = (icmp_ln36)> <Delay = 0.00>
ST_1 : Operation 431 [1/1] (0.00ns)   --->   "%write_ln0 = write void @_ssdm_op_Write.ap_auto.i8P0A, i8 %conv27_out, i8 %seg_buf_72_load"   --->   Operation 431 'write' 'write_ln0' <Predicate = (icmp_ln36)> <Delay = 0.00>
ST_1 : Operation 432 [1/1] (0.00ns)   --->   "%write_ln0 = write void @_ssdm_op_Write.ap_auto.i8P0A, i8 %conv25_out, i8 %seg_buf_71_load"   --->   Operation 432 'write' 'write_ln0' <Predicate = (icmp_ln36)> <Delay = 0.00>
ST_1 : Operation 433 [1/1] (0.00ns)   --->   "%write_ln0 = write void @_ssdm_op_Write.ap_auto.i8P0A, i8 %conv23_out, i8 %seg_buf_70_load"   --->   Operation 433 'write' 'write_ln0' <Predicate = (icmp_ln36)> <Delay = 0.00>
ST_1 : Operation 434 [1/1] (0.00ns)   --->   "%write_ln0 = write void @_ssdm_op_Write.ap_auto.i8P0A, i8 %conv21_out, i8 %seg_buf_69_load"   --->   Operation 434 'write' 'write_ln0' <Predicate = (icmp_ln36)> <Delay = 0.00>
ST_1 : Operation 435 [1/1] (0.00ns)   --->   "%write_ln0 = write void @_ssdm_op_Write.ap_auto.i8P0A, i8 %conv19_out, i8 %seg_buf_68_load"   --->   Operation 435 'write' 'write_ln0' <Predicate = (icmp_ln36)> <Delay = 0.00>
ST_1 : Operation 436 [1/1] (0.00ns)   --->   "%write_ln0 = write void @_ssdm_op_Write.ap_auto.i8P0A, i8 %conv17_out, i8 %seg_buf_67_load"   --->   Operation 436 'write' 'write_ln0' <Predicate = (icmp_ln36)> <Delay = 0.00>
ST_1 : Operation 437 [1/1] (0.00ns)   --->   "%write_ln0 = write void @_ssdm_op_Write.ap_auto.i8P0A, i8 %conv15_out, i8 %seg_buf_66_load"   --->   Operation 437 'write' 'write_ln0' <Predicate = (icmp_ln36)> <Delay = 0.00>
ST_1 : Operation 438 [1/1] (0.00ns)   --->   "%write_ln0 = write void @_ssdm_op_Write.ap_auto.i8P0A, i8 %conv13_out, i8 %seg_buf_65_load"   --->   Operation 438 'write' 'write_ln0' <Predicate = (icmp_ln36)> <Delay = 0.00>
ST_1 : Operation 439 [1/1] (0.00ns)   --->   "%write_ln0 = write void @_ssdm_op_Write.ap_auto.i8P0A, i8 %conv11_out, i8 %seg_buf_64_load"   --->   Operation 439 'write' 'write_ln0' <Predicate = (icmp_ln36)> <Delay = 0.00>
ST_1 : Operation 440 [1/1] (0.00ns)   --->   "%write_ln0 = write void @_ssdm_op_Write.ap_auto.i8P0A, i8 %seg_buf_63_out, i8 %seg_buf_63_load"   --->   Operation 440 'write' 'write_ln0' <Predicate = (icmp_ln36)> <Delay = 0.00>
ST_1 : Operation 441 [1/1] (0.00ns)   --->   "%write_ln0 = write void @_ssdm_op_Write.ap_auto.i8P0A, i8 %seg_buf_62_out, i8 %seg_buf_62_load"   --->   Operation 441 'write' 'write_ln0' <Predicate = (icmp_ln36)> <Delay = 0.00>
ST_1 : Operation 442 [1/1] (0.00ns)   --->   "%write_ln0 = write void @_ssdm_op_Write.ap_auto.i8P0A, i8 %seg_buf_61_out, i8 %seg_buf_61_load"   --->   Operation 442 'write' 'write_ln0' <Predicate = (icmp_ln36)> <Delay = 0.00>
ST_1 : Operation 443 [1/1] (0.00ns)   --->   "%write_ln0 = write void @_ssdm_op_Write.ap_auto.i8P0A, i8 %seg_buf_60_out, i8 %seg_buf_60_load"   --->   Operation 443 'write' 'write_ln0' <Predicate = (icmp_ln36)> <Delay = 0.00>
ST_1 : Operation 444 [1/1] (0.00ns)   --->   "%write_ln0 = write void @_ssdm_op_Write.ap_auto.i8P0A, i8 %seg_buf_59_out, i8 %seg_buf_59_load"   --->   Operation 444 'write' 'write_ln0' <Predicate = (icmp_ln36)> <Delay = 0.00>
ST_1 : Operation 445 [1/1] (0.00ns)   --->   "%write_ln0 = write void @_ssdm_op_Write.ap_auto.i8P0A, i8 %seg_buf_58_out, i8 %seg_buf_58_load"   --->   Operation 445 'write' 'write_ln0' <Predicate = (icmp_ln36)> <Delay = 0.00>
ST_1 : Operation 446 [1/1] (0.00ns)   --->   "%write_ln0 = write void @_ssdm_op_Write.ap_auto.i8P0A, i8 %seg_buf_57_out, i8 %seg_buf_57_load"   --->   Operation 446 'write' 'write_ln0' <Predicate = (icmp_ln36)> <Delay = 0.00>
ST_1 : Operation 447 [1/1] (0.00ns)   --->   "%write_ln0 = write void @_ssdm_op_Write.ap_auto.i8P0A, i8 %seg_buf_56_out, i8 %seg_buf_56_load"   --->   Operation 447 'write' 'write_ln0' <Predicate = (icmp_ln36)> <Delay = 0.00>
ST_1 : Operation 448 [1/1] (0.00ns)   --->   "%write_ln0 = write void @_ssdm_op_Write.ap_auto.i8P0A, i8 %seg_buf_55_out, i8 %seg_buf_55_load"   --->   Operation 448 'write' 'write_ln0' <Predicate = (icmp_ln36)> <Delay = 0.00>
ST_1 : Operation 449 [1/1] (0.00ns)   --->   "%write_ln0 = write void @_ssdm_op_Write.ap_auto.i8P0A, i8 %seg_buf_54_out, i8 %seg_buf_54_load"   --->   Operation 449 'write' 'write_ln0' <Predicate = (icmp_ln36)> <Delay = 0.00>
ST_1 : Operation 450 [1/1] (0.00ns)   --->   "%write_ln0 = write void @_ssdm_op_Write.ap_auto.i8P0A, i8 %seg_buf_53_out, i8 %seg_buf_53_load"   --->   Operation 450 'write' 'write_ln0' <Predicate = (icmp_ln36)> <Delay = 0.00>
ST_1 : Operation 451 [1/1] (0.00ns)   --->   "%write_ln0 = write void @_ssdm_op_Write.ap_auto.i8P0A, i8 %seg_buf_52_out, i8 %seg_buf_52_load"   --->   Operation 451 'write' 'write_ln0' <Predicate = (icmp_ln36)> <Delay = 0.00>
ST_1 : Operation 452 [1/1] (0.00ns)   --->   "%write_ln0 = write void @_ssdm_op_Write.ap_auto.i8P0A, i8 %seg_buf_51_out, i8 %seg_buf_51_load"   --->   Operation 452 'write' 'write_ln0' <Predicate = (icmp_ln36)> <Delay = 0.00>
ST_1 : Operation 453 [1/1] (0.00ns)   --->   "%write_ln0 = write void @_ssdm_op_Write.ap_auto.i8P0A, i8 %seg_buf_50_out, i8 %seg_buf_50_load"   --->   Operation 453 'write' 'write_ln0' <Predicate = (icmp_ln36)> <Delay = 0.00>
ST_1 : Operation 454 [1/1] (0.00ns)   --->   "%write_ln0 = write void @_ssdm_op_Write.ap_auto.i8P0A, i8 %seg_buf_49_out, i8 %seg_buf_49_load"   --->   Operation 454 'write' 'write_ln0' <Predicate = (icmp_ln36)> <Delay = 0.00>
ST_1 : Operation 455 [1/1] (0.00ns)   --->   "%write_ln0 = write void @_ssdm_op_Write.ap_auto.i8P0A, i8 %seg_buf_48_out, i8 %seg_buf_48_load"   --->   Operation 455 'write' 'write_ln0' <Predicate = (icmp_ln36)> <Delay = 0.00>
ST_1 : Operation 456 [1/1] (0.00ns)   --->   "%write_ln0 = write void @_ssdm_op_Write.ap_auto.i8P0A, i8 %seg_buf_47_out, i8 %seg_buf_47_load"   --->   Operation 456 'write' 'write_ln0' <Predicate = (icmp_ln36)> <Delay = 0.00>
ST_1 : Operation 457 [1/1] (0.00ns)   --->   "%write_ln0 = write void @_ssdm_op_Write.ap_auto.i8P0A, i8 %seg_buf_46_out, i8 %seg_buf_46_load"   --->   Operation 457 'write' 'write_ln0' <Predicate = (icmp_ln36)> <Delay = 0.00>
ST_1 : Operation 458 [1/1] (0.00ns)   --->   "%write_ln0 = write void @_ssdm_op_Write.ap_auto.i8P0A, i8 %seg_buf_45_out, i8 %seg_buf_45_load"   --->   Operation 458 'write' 'write_ln0' <Predicate = (icmp_ln36)> <Delay = 0.00>
ST_1 : Operation 459 [1/1] (0.00ns)   --->   "%write_ln0 = write void @_ssdm_op_Write.ap_auto.i8P0A, i8 %seg_buf_44_out, i8 %seg_buf_44_load"   --->   Operation 459 'write' 'write_ln0' <Predicate = (icmp_ln36)> <Delay = 0.00>
ST_1 : Operation 460 [1/1] (0.00ns)   --->   "%write_ln0 = write void @_ssdm_op_Write.ap_auto.i8P0A, i8 %seg_buf_43_out, i8 %seg_buf_43_load"   --->   Operation 460 'write' 'write_ln0' <Predicate = (icmp_ln36)> <Delay = 0.00>
ST_1 : Operation 461 [1/1] (0.00ns)   --->   "%write_ln0 = write void @_ssdm_op_Write.ap_auto.i8P0A, i8 %seg_buf_42_out, i8 %seg_buf_42_load"   --->   Operation 461 'write' 'write_ln0' <Predicate = (icmp_ln36)> <Delay = 0.00>
ST_1 : Operation 462 [1/1] (0.00ns)   --->   "%write_ln0 = write void @_ssdm_op_Write.ap_auto.i8P0A, i8 %seg_buf_41_out, i8 %seg_buf_41_load"   --->   Operation 462 'write' 'write_ln0' <Predicate = (icmp_ln36)> <Delay = 0.00>
ST_1 : Operation 463 [1/1] (0.00ns)   --->   "%write_ln0 = write void @_ssdm_op_Write.ap_auto.i8P0A, i8 %seg_buf_40_out, i8 %seg_buf_40_load"   --->   Operation 463 'write' 'write_ln0' <Predicate = (icmp_ln36)> <Delay = 0.00>
ST_1 : Operation 464 [1/1] (0.00ns)   --->   "%write_ln0 = write void @_ssdm_op_Write.ap_auto.i8P0A, i8 %seg_buf_39_out, i8 %seg_buf_39_load"   --->   Operation 464 'write' 'write_ln0' <Predicate = (icmp_ln36)> <Delay = 0.00>
ST_1 : Operation 465 [1/1] (0.00ns)   --->   "%write_ln0 = write void @_ssdm_op_Write.ap_auto.i8P0A, i8 %seg_buf_38_out, i8 %seg_buf_38_load"   --->   Operation 465 'write' 'write_ln0' <Predicate = (icmp_ln36)> <Delay = 0.00>
ST_1 : Operation 466 [1/1] (0.00ns)   --->   "%write_ln0 = write void @_ssdm_op_Write.ap_auto.i8P0A, i8 %seg_buf_37_out, i8 %seg_buf_37_load"   --->   Operation 466 'write' 'write_ln0' <Predicate = (icmp_ln36)> <Delay = 0.00>
ST_1 : Operation 467 [1/1] (0.00ns)   --->   "%write_ln0 = write void @_ssdm_op_Write.ap_auto.i8P0A, i8 %seg_buf_36_out, i8 %seg_buf_36_load"   --->   Operation 467 'write' 'write_ln0' <Predicate = (icmp_ln36)> <Delay = 0.00>
ST_1 : Operation 468 [1/1] (0.00ns)   --->   "%write_ln0 = write void @_ssdm_op_Write.ap_auto.i8P0A, i8 %seg_buf_35_out, i8 %seg_buf_35_load"   --->   Operation 468 'write' 'write_ln0' <Predicate = (icmp_ln36)> <Delay = 0.00>
ST_1 : Operation 469 [1/1] (0.00ns)   --->   "%write_ln0 = write void @_ssdm_op_Write.ap_auto.i8P0A, i8 %seg_buf_34_out, i8 %seg_buf_34_load"   --->   Operation 469 'write' 'write_ln0' <Predicate = (icmp_ln36)> <Delay = 0.00>
ST_1 : Operation 470 [1/1] (0.00ns)   --->   "%write_ln0 = write void @_ssdm_op_Write.ap_auto.i8P0A, i8 %seg_buf_33_out, i8 %seg_buf_33_load"   --->   Operation 470 'write' 'write_ln0' <Predicate = (icmp_ln36)> <Delay = 0.00>
ST_1 : Operation 471 [1/1] (0.00ns)   --->   "%write_ln0 = write void @_ssdm_op_Write.ap_auto.i8P0A, i8 %seg_buf_32_out, i8 %seg_buf_32_load"   --->   Operation 471 'write' 'write_ln0' <Predicate = (icmp_ln36)> <Delay = 0.00>
ST_1 : Operation 472 [1/1] (0.00ns)   --->   "%ret_ln0 = ret"   --->   Operation 472 'ret' 'ret_ln0' <Predicate = (icmp_ln36)> <Delay = 0.00>


============================================================
+ Verbose Summary: Timing violations
============================================================
Target clock period: 10ns, clock uncertainty: 2.7ns.

 <State 1>: 1.83ns
The critical path consists of the following:
	'alloca' operation ('i') [130]  (0 ns)
	'load' operation ('i', sha1/sha2561.cpp:37) on local variable 'i' [327]  (0 ns)
	'lshr' operation ('r.V') [338]  (1.44 ns)
	'store' operation ('store_ln37', sha1/sha2561.cpp:37) of variable 'seg_buf', sha1/sha2561.cpp:37 on local variable 'seg_buf' [361]  (0.387 ns)


============================================================
+ Verbose Summary: Binding
============================================================
N/A
* FSMD analyzer results:
  - Output states:
 - Input state : 
  - Chain level:
	State 1


============================================================
+ Verbose Summary: Datapath Resource usage 
============================================================
N/A
