

================================================================
== Vitis HLS Report for 'sha2561_ver_Pipeline_VITIS_LOOP_90_1'
================================================================
* Date:           Fri Jul 28 01:16:11 2023

* Version:        2022.1 (Build 3526262 on Mon Apr 18 15:47:01 MDT 2022)
* Project:        shav2
* Solution:       solution1 (Vivado IP Flow Target)
* Product family: virtexuplus
* Target device:  xcu280-fsvh2892-2L-e


================================================================
== Performance Estimates
================================================================
+ Timing: 
    * Summary: 
    +--------+----------+----------+------------+
    |  Clock |  Target  | Estimated| Uncertainty|
    +--------+----------+----------+------------+
    |ap_clk  |  10.00 ns|  7.175 ns|     2.70 ns|
    +--------+----------+----------+------------+

+ Latency: 
    * Summary: 
    +---------+---------+-----------+-----------+------+------+---------+
    |  Latency (cycles) |   Latency (absolute)  |   Interval  | Pipeline|
    |   min   |   max   |    min    |    max    |  min |  max |   Type  |
    +---------+---------+-----------+-----------+------+------+---------+
    |     3330|     3330|  33.300 us|  33.300 us|  3330|  3330|       no|
    +---------+---------+-----------+-----------+------+------+---------+

    + Detail: 
        * Instance: 
        N/A

        * Loop: 
        +-------------------+---------+---------+----------+-----------+-----------+------+----------+
        |                   |  Latency (cycles) | Iteration|  Initiation Interval  | Trip |          |
        |     Loop Name     |   min   |   max   |  Latency |  achieved |   target  | Count| Pipelined|
        +-------------------+---------+---------+----------+-----------+-----------+------+----------+
        |- VITIS_LOOP_90_1  |     3328|     3328|        52|         52|          1|    64|       yes|
        +-------------------+---------+---------+----------+-----------+-----------+------+----------+

============================================================
+ Verbose Summary: Synthesis Manager
============================================================
InlineROM: 1
ExposeGlobal: 0
============================================================
+ Verbose Summary: CDFG Model
============================================================
IsTopModel: 0
ResetActiveHigh: 1
IsCombinational: 0
IsDatapathOnly: 0
HasWiredReturn: 1
HasMFsm: 2
HasVarLatency: 1
IsPipeline: 0
IsRtlPipelined: 0
IsInstanceOverlapped: 0
IsDontTouch: 0
HasImplIP: 0
IsGatedGlobalClock: 0

+ Individual pipeline summary: 
  * Pipeline-0: initiation interval (II) = 52, depth = 52


============================================================
+ Verbose Summary: Schedule
============================================================
* Number of FSM states : 52
* Pipeline : 1
  Pipeline-0 : II = 52, D = 52, States = { 1 2 3 4 5 6 7 8 9 10 11 12 13 14 15 16 17 18 19 20 21 22 23 24 25 26 27 28 29 30 31 32 33 34 35 36 37 38 39 40 41 42 43 44 45 46 47 48 49 50 51 52 }
* Dataflow Pipeline: 0

* FSM state transitions: 
1 --> 2 
2 --> 3 
3 --> 4 
4 --> 5 
5 --> 6 
6 --> 7 
7 --> 8 
8 --> 9 
9 --> 10 
10 --> 11 
11 --> 12 
12 --> 13 
13 --> 14 
14 --> 15 
15 --> 16 
16 --> 17 
17 --> 18 
18 --> 19 
19 --> 20 
20 --> 21 
21 --> 22 
22 --> 23 
23 --> 24 
24 --> 25 
25 --> 26 
26 --> 27 
27 --> 28 
28 --> 29 
29 --> 30 
30 --> 31 
31 --> 32 
32 --> 33 
33 --> 34 
34 --> 35 
35 --> 36 
36 --> 37 
37 --> 38 
38 --> 39 
39 --> 40 
40 --> 41 
41 --> 42 
42 --> 43 
43 --> 44 
44 --> 45 
45 --> 46 
46 --> 47 
47 --> 48 
48 --> 49 
49 --> 50 
50 --> 51 
51 --> 52 
52 --> 

* FSM state operations: 

State 1 <SV = 0> <Delay = 2.24>
ST_1 : Operation 55 [1/1] (0.00ns)   --->   "%i_5 = alloca i32 1"   --->   Operation 55 'alloca' 'i_5' <Predicate = true> <Delay = 0.00>
ST_1 : Operation 56 [1/1] (0.00ns)   --->   "%seg_buf_63_reload_read = read i8 @_ssdm_op_Read.ap_auto.i8, i8 %seg_buf_63_reload"   --->   Operation 56 'read' 'seg_buf_63_reload_read' <Predicate = true> <Delay = 0.00>
ST_1 : Operation 57 [1/1] (0.00ns)   --->   "%seg_buf_62_reload_read = read i8 @_ssdm_op_Read.ap_auto.i8, i8 %seg_buf_62_reload"   --->   Operation 57 'read' 'seg_buf_62_reload_read' <Predicate = true> <Delay = 0.00>
ST_1 : Operation 58 [1/1] (0.00ns)   --->   "%seg_buf_61_reload_read = read i8 @_ssdm_op_Read.ap_auto.i8, i8 %seg_buf_61_reload"   --->   Operation 58 'read' 'seg_buf_61_reload_read' <Predicate = true> <Delay = 0.00>
ST_1 : Operation 59 [1/1] (0.00ns)   --->   "%seg_buf_60_reload_read = read i8 @_ssdm_op_Read.ap_auto.i8, i8 %seg_buf_60_reload"   --->   Operation 59 'read' 'seg_buf_60_reload_read' <Predicate = true> <Delay = 0.00>
ST_1 : Operation 60 [1/1] (0.00ns)   --->   "%seg_buf_59_reload_read = read i8 @_ssdm_op_Read.ap_auto.i8, i8 %seg_buf_59_reload"   --->   Operation 60 'read' 'seg_buf_59_reload_read' <Predicate = true> <Delay = 0.00>
ST_1 : Operation 61 [1/1] (0.00ns)   --->   "%seg_buf_58_reload_read = read i8 @_ssdm_op_Read.ap_auto.i8, i8 %seg_buf_58_reload"   --->   Operation 61 'read' 'seg_buf_58_reload_read' <Predicate = true> <Delay = 0.00>
ST_1 : Operation 62 [1/1] (0.00ns)   --->   "%seg_buf_57_reload_read = read i8 @_ssdm_op_Read.ap_auto.i8, i8 %seg_buf_57_reload"   --->   Operation 62 'read' 'seg_buf_57_reload_read' <Predicate = true> <Delay = 0.00>
ST_1 : Operation 63 [1/1] (0.00ns)   --->   "%seg_buf_56_reload_read = read i8 @_ssdm_op_Read.ap_auto.i8, i8 %seg_buf_56_reload"   --->   Operation 63 'read' 'seg_buf_56_reload_read' <Predicate = true> <Delay = 0.00>
ST_1 : Operation 64 [1/1] (0.00ns)   --->   "%seg_buf_55_reload_read = read i8 @_ssdm_op_Read.ap_auto.i8, i8 %seg_buf_55_reload"   --->   Operation 64 'read' 'seg_buf_55_reload_read' <Predicate = true> <Delay = 0.00>
ST_1 : Operation 65 [1/1] (0.00ns)   --->   "%seg_buf_54_reload_read = read i8 @_ssdm_op_Read.ap_auto.i8, i8 %seg_buf_54_reload"   --->   Operation 65 'read' 'seg_buf_54_reload_read' <Predicate = true> <Delay = 0.00>
ST_1 : Operation 66 [1/1] (0.00ns)   --->   "%seg_buf_53_reload_read = read i8 @_ssdm_op_Read.ap_auto.i8, i8 %seg_buf_53_reload"   --->   Operation 66 'read' 'seg_buf_53_reload_read' <Predicate = true> <Delay = 0.00>
ST_1 : Operation 67 [1/1] (0.00ns)   --->   "%seg_buf_52_reload_read = read i8 @_ssdm_op_Read.ap_auto.i8, i8 %seg_buf_52_reload"   --->   Operation 67 'read' 'seg_buf_52_reload_read' <Predicate = true> <Delay = 0.00>
ST_1 : Operation 68 [1/1] (0.00ns)   --->   "%seg_buf_51_reload_read = read i8 @_ssdm_op_Read.ap_auto.i8, i8 %seg_buf_51_reload"   --->   Operation 68 'read' 'seg_buf_51_reload_read' <Predicate = true> <Delay = 0.00>
ST_1 : Operation 69 [1/1] (0.00ns)   --->   "%seg_buf_50_reload_read = read i8 @_ssdm_op_Read.ap_auto.i8, i8 %seg_buf_50_reload"   --->   Operation 69 'read' 'seg_buf_50_reload_read' <Predicate = true> <Delay = 0.00>
ST_1 : Operation 70 [1/1] (0.00ns)   --->   "%seg_buf_49_reload_read = read i8 @_ssdm_op_Read.ap_auto.i8, i8 %seg_buf_49_reload"   --->   Operation 70 'read' 'seg_buf_49_reload_read' <Predicate = true> <Delay = 0.00>
ST_1 : Operation 71 [1/1] (0.00ns)   --->   "%seg_buf_48_reload_read = read i8 @_ssdm_op_Read.ap_auto.i8, i8 %seg_buf_48_reload"   --->   Operation 71 'read' 'seg_buf_48_reload_read' <Predicate = true> <Delay = 0.00>
ST_1 : Operation 72 [1/1] (0.00ns)   --->   "%seg_buf_47_reload_read = read i8 @_ssdm_op_Read.ap_auto.i8, i8 %seg_buf_47_reload"   --->   Operation 72 'read' 'seg_buf_47_reload_read' <Predicate = true> <Delay = 0.00>
ST_1 : Operation 73 [1/1] (0.00ns)   --->   "%seg_buf_46_reload_read = read i8 @_ssdm_op_Read.ap_auto.i8, i8 %seg_buf_46_reload"   --->   Operation 73 'read' 'seg_buf_46_reload_read' <Predicate = true> <Delay = 0.00>
ST_1 : Operation 74 [1/1] (0.00ns)   --->   "%seg_buf_45_reload_read = read i8 @_ssdm_op_Read.ap_auto.i8, i8 %seg_buf_45_reload"   --->   Operation 74 'read' 'seg_buf_45_reload_read' <Predicate = true> <Delay = 0.00>
ST_1 : Operation 75 [1/1] (0.00ns)   --->   "%seg_buf_44_reload_read = read i8 @_ssdm_op_Read.ap_auto.i8, i8 %seg_buf_44_reload"   --->   Operation 75 'read' 'seg_buf_44_reload_read' <Predicate = true> <Delay = 0.00>
ST_1 : Operation 76 [1/1] (0.00ns)   --->   "%seg_buf_43_reload_read = read i8 @_ssdm_op_Read.ap_auto.i8, i8 %seg_buf_43_reload"   --->   Operation 76 'read' 'seg_buf_43_reload_read' <Predicate = true> <Delay = 0.00>
ST_1 : Operation 77 [1/1] (0.00ns)   --->   "%seg_buf_42_reload_read = read i8 @_ssdm_op_Read.ap_auto.i8, i8 %seg_buf_42_reload"   --->   Operation 77 'read' 'seg_buf_42_reload_read' <Predicate = true> <Delay = 0.00>
ST_1 : Operation 78 [1/1] (0.00ns)   --->   "%seg_buf_41_reload_read = read i8 @_ssdm_op_Read.ap_auto.i8, i8 %seg_buf_41_reload"   --->   Operation 78 'read' 'seg_buf_41_reload_read' <Predicate = true> <Delay = 0.00>
ST_1 : Operation 79 [1/1] (0.00ns)   --->   "%seg_buf_40_reload_read = read i8 @_ssdm_op_Read.ap_auto.i8, i8 %seg_buf_40_reload"   --->   Operation 79 'read' 'seg_buf_40_reload_read' <Predicate = true> <Delay = 0.00>
ST_1 : Operation 80 [1/1] (0.00ns)   --->   "%seg_buf_39_reload_read = read i8 @_ssdm_op_Read.ap_auto.i8, i8 %seg_buf_39_reload"   --->   Operation 80 'read' 'seg_buf_39_reload_read' <Predicate = true> <Delay = 0.00>
ST_1 : Operation 81 [1/1] (0.00ns)   --->   "%seg_buf_38_reload_read = read i8 @_ssdm_op_Read.ap_auto.i8, i8 %seg_buf_38_reload"   --->   Operation 81 'read' 'seg_buf_38_reload_read' <Predicate = true> <Delay = 0.00>
ST_1 : Operation 82 [1/1] (0.00ns)   --->   "%seg_buf_37_reload_read = read i8 @_ssdm_op_Read.ap_auto.i8, i8 %seg_buf_37_reload"   --->   Operation 82 'read' 'seg_buf_37_reload_read' <Predicate = true> <Delay = 0.00>
ST_1 : Operation 83 [1/1] (0.00ns)   --->   "%seg_buf_36_reload_read = read i8 @_ssdm_op_Read.ap_auto.i8, i8 %seg_buf_36_reload"   --->   Operation 83 'read' 'seg_buf_36_reload_read' <Predicate = true> <Delay = 0.00>
ST_1 : Operation 84 [1/1] (0.00ns)   --->   "%seg_buf_35_reload_read = read i8 @_ssdm_op_Read.ap_auto.i8, i8 %seg_buf_35_reload"   --->   Operation 84 'read' 'seg_buf_35_reload_read' <Predicate = true> <Delay = 0.00>
ST_1 : Operation 85 [1/1] (0.00ns)   --->   "%seg_buf_34_reload_read = read i8 @_ssdm_op_Read.ap_auto.i8, i8 %seg_buf_34_reload"   --->   Operation 85 'read' 'seg_buf_34_reload_read' <Predicate = true> <Delay = 0.00>
ST_1 : Operation 86 [1/1] (0.00ns)   --->   "%seg_buf_33_reload_read = read i8 @_ssdm_op_Read.ap_auto.i8, i8 %seg_buf_33_reload"   --->   Operation 86 'read' 'seg_buf_33_reload_read' <Predicate = true> <Delay = 0.00>
ST_1 : Operation 87 [1/1] (0.00ns)   --->   "%seg_buf_32_reload_read = read i8 @_ssdm_op_Read.ap_auto.i8, i8 %seg_buf_32_reload"   --->   Operation 87 'read' 'seg_buf_32_reload_read' <Predicate = true> <Delay = 0.00>
ST_1 : Operation 88 [1/1] (0.00ns)   --->   "%conv11_reload_read = read i8 @_ssdm_op_Read.ap_auto.i8, i8 %conv11_reload"   --->   Operation 88 'read' 'conv11_reload_read' <Predicate = true> <Delay = 0.00>
ST_1 : Operation 89 [1/1] (0.00ns)   --->   "%conv13_reload_read = read i8 @_ssdm_op_Read.ap_auto.i8, i8 %conv13_reload"   --->   Operation 89 'read' 'conv13_reload_read' <Predicate = true> <Delay = 0.00>
ST_1 : Operation 90 [1/1] (0.00ns)   --->   "%conv15_reload_read = read i8 @_ssdm_op_Read.ap_auto.i8, i8 %conv15_reload"   --->   Operation 90 'read' 'conv15_reload_read' <Predicate = true> <Delay = 0.00>
ST_1 : Operation 91 [1/1] (0.00ns)   --->   "%conv17_reload_read = read i8 @_ssdm_op_Read.ap_auto.i8, i8 %conv17_reload"   --->   Operation 91 'read' 'conv17_reload_read' <Predicate = true> <Delay = 0.00>
ST_1 : Operation 92 [1/1] (0.00ns)   --->   "%conv19_reload_read = read i8 @_ssdm_op_Read.ap_auto.i8, i8 %conv19_reload"   --->   Operation 92 'read' 'conv19_reload_read' <Predicate = true> <Delay = 0.00>
ST_1 : Operation 93 [1/1] (0.00ns)   --->   "%conv21_reload_read = read i8 @_ssdm_op_Read.ap_auto.i8, i8 %conv21_reload"   --->   Operation 93 'read' 'conv21_reload_read' <Predicate = true> <Delay = 0.00>
ST_1 : Operation 94 [1/1] (0.00ns)   --->   "%conv23_reload_read = read i8 @_ssdm_op_Read.ap_auto.i8, i8 %conv23_reload"   --->   Operation 94 'read' 'conv23_reload_read' <Predicate = true> <Delay = 0.00>
ST_1 : Operation 95 [1/1] (0.00ns)   --->   "%conv25_reload_read = read i8 @_ssdm_op_Read.ap_auto.i8, i8 %conv25_reload"   --->   Operation 95 'read' 'conv25_reload_read' <Predicate = true> <Delay = 0.00>
ST_1 : Operation 96 [1/1] (0.00ns)   --->   "%conv27_reload_read = read i8 @_ssdm_op_Read.ap_auto.i8, i8 %conv27_reload"   --->   Operation 96 'read' 'conv27_reload_read' <Predicate = true> <Delay = 0.00>
ST_1 : Operation 97 [1/1] (0.00ns)   --->   "%conv29_reload_read = read i8 @_ssdm_op_Read.ap_auto.i8, i8 %conv29_reload"   --->   Operation 97 'read' 'conv29_reload_read' <Predicate = true> <Delay = 0.00>
ST_1 : Operation 98 [1/1] (0.00ns)   --->   "%conv31_reload_read = read i8 @_ssdm_op_Read.ap_auto.i8, i8 %conv31_reload"   --->   Operation 98 'read' 'conv31_reload_read' <Predicate = true> <Delay = 0.00>
ST_1 : Operation 99 [1/1] (0.00ns)   --->   "%conv33_reload_read = read i8 @_ssdm_op_Read.ap_auto.i8, i8 %conv33_reload"   --->   Operation 99 'read' 'conv33_reload_read' <Predicate = true> <Delay = 0.00>
ST_1 : Operation 100 [1/1] (0.00ns)   --->   "%conv35_reload_read = read i8 @_ssdm_op_Read.ap_auto.i8, i8 %conv35_reload"   --->   Operation 100 'read' 'conv35_reload_read' <Predicate = true> <Delay = 0.00>
ST_1 : Operation 101 [1/1] (0.00ns)   --->   "%conv37_reload_read = read i8 @_ssdm_op_Read.ap_auto.i8, i8 %conv37_reload"   --->   Operation 101 'read' 'conv37_reload_read' <Predicate = true> <Delay = 0.00>
ST_1 : Operation 102 [1/1] (0.00ns)   --->   "%conv39_reload_read = read i8 @_ssdm_op_Read.ap_auto.i8, i8 %conv39_reload"   --->   Operation 102 'read' 'conv39_reload_read' <Predicate = true> <Delay = 0.00>
ST_1 : Operation 103 [1/1] (0.00ns)   --->   "%conv41_reload_read = read i8 @_ssdm_op_Read.ap_auto.i8, i8 %conv41_reload"   --->   Operation 103 'read' 'conv41_reload_read' <Predicate = true> <Delay = 0.00>
ST_1 : Operation 104 [1/1] (0.00ns)   --->   "%conv43_reload_read = read i8 @_ssdm_op_Read.ap_auto.i8, i8 %conv43_reload"   --->   Operation 104 'read' 'conv43_reload_read' <Predicate = true> <Delay = 0.00>
ST_1 : Operation 105 [1/1] (0.00ns)   --->   "%conv45_reload_read = read i8 @_ssdm_op_Read.ap_auto.i8, i8 %conv45_reload"   --->   Operation 105 'read' 'conv45_reload_read' <Predicate = true> <Delay = 0.00>
ST_1 : Operation 106 [1/1] (0.00ns)   --->   "%conv47_reload_read = read i8 @_ssdm_op_Read.ap_auto.i8, i8 %conv47_reload"   --->   Operation 106 'read' 'conv47_reload_read' <Predicate = true> <Delay = 0.00>
ST_1 : Operation 107 [1/1] (0.00ns)   --->   "%conv49_reload_read = read i8 @_ssdm_op_Read.ap_auto.i8, i8 %conv49_reload"   --->   Operation 107 'read' 'conv49_reload_read' <Predicate = true> <Delay = 0.00>
ST_1 : Operation 108 [1/1] (0.00ns)   --->   "%conv51_reload_read = read i8 @_ssdm_op_Read.ap_auto.i8, i8 %conv51_reload"   --->   Operation 108 'read' 'conv51_reload_read' <Predicate = true> <Delay = 0.00>
ST_1 : Operation 109 [1/1] (0.00ns)   --->   "%conv53_reload_read = read i8 @_ssdm_op_Read.ap_auto.i8, i8 %conv53_reload"   --->   Operation 109 'read' 'conv53_reload_read' <Predicate = true> <Delay = 0.00>
ST_1 : Operation 110 [1/1] (0.00ns)   --->   "%conv55_reload_read = read i8 @_ssdm_op_Read.ap_auto.i8, i8 %conv55_reload"   --->   Operation 110 'read' 'conv55_reload_read' <Predicate = true> <Delay = 0.00>
ST_1 : Operation 111 [1/1] (0.00ns)   --->   "%conv57_reload_read = read i8 @_ssdm_op_Read.ap_auto.i8, i8 %conv57_reload"   --->   Operation 111 'read' 'conv57_reload_read' <Predicate = true> <Delay = 0.00>
ST_1 : Operation 112 [1/1] (0.00ns)   --->   "%conv59_reload_read = read i8 @_ssdm_op_Read.ap_auto.i8, i8 %conv59_reload"   --->   Operation 112 'read' 'conv59_reload_read' <Predicate = true> <Delay = 0.00>
ST_1 : Operation 113 [1/1] (0.00ns)   --->   "%conv61_reload_read = read i8 @_ssdm_op_Read.ap_auto.i8, i8 %conv61_reload"   --->   Operation 113 'read' 'conv61_reload_read' <Predicate = true> <Delay = 0.00>
ST_1 : Operation 114 [1/1] (0.00ns)   --->   "%conv63_reload_read = read i8 @_ssdm_op_Read.ap_auto.i8, i8 %conv63_reload"   --->   Operation 114 'read' 'conv63_reload_read' <Predicate = true> <Delay = 0.00>
ST_1 : Operation 115 [1/1] (0.00ns)   --->   "%conv65_reload_read = read i8 @_ssdm_op_Read.ap_auto.i8, i8 %conv65_reload"   --->   Operation 115 'read' 'conv65_reload_read' <Predicate = true> <Delay = 0.00>
ST_1 : Operation 116 [1/1] (0.00ns)   --->   "%conv67_reload_read = read i8 @_ssdm_op_Read.ap_auto.i8, i8 %conv67_reload"   --->   Operation 116 'read' 'conv67_reload_read' <Predicate = true> <Delay = 0.00>
ST_1 : Operation 117 [1/1] (0.00ns)   --->   "%conv69_reload_read = read i8 @_ssdm_op_Read.ap_auto.i8, i8 %conv69_reload"   --->   Operation 117 'read' 'conv69_reload_read' <Predicate = true> <Delay = 0.00>
ST_1 : Operation 118 [1/1] (0.00ns)   --->   "%conv71_reload_read = read i8 @_ssdm_op_Read.ap_auto.i8, i8 %conv71_reload"   --->   Operation 118 'read' 'conv71_reload_read' <Predicate = true> <Delay = 0.00>
ST_1 : Operation 119 [1/1] (0.00ns)   --->   "%conv73_reload_read = read i8 @_ssdm_op_Read.ap_auto.i8, i8 %conv73_reload"   --->   Operation 119 'read' 'conv73_reload_read' <Predicate = true> <Delay = 0.00>
ST_1 : Operation 120 [1/1] (0.38ns)   --->   "%store_ln0 = store i7 0, i7 %i_5"   --->   Operation 120 'store' 'store_ln0' <Predicate = true> <Delay = 0.38>
ST_1 : Operation 121 [1/1] (0.00ns)   --->   "%br_ln0 = br void %for.body.i"   --->   Operation 121 'br' 'br_ln0' <Predicate = true> <Delay = 0.00>
ST_1 : Operation 122 [1/1] (0.00ns)   --->   "%i = load i7 %i_5" [sha1/sha256_impl1.cpp:90]   --->   Operation 122 'load' 'i' <Predicate = true> <Delay = 0.00>
ST_1 : Operation 123 [1/1] (0.00ns)   --->   "%specpipeline_ln0 = specpipeline void @_ssdm_op_SpecPipeline, i32 4294967295, i32 0, i32 1, i32 0, void @p_str"   --->   Operation 123 'specpipeline' 'specpipeline_ln0' <Predicate = true> <Delay = 0.00>
ST_1 : Operation 124 [1/1] (0.59ns)   --->   "%icmp_ln90 = icmp_eq  i7 %i, i7 64" [sha1/sha256_impl1.cpp:90]   --->   Operation 124 'icmp' 'icmp_ln90' <Predicate = true> <Delay = 0.59> <CoreInst = "Cmp">   --->   Core 9 'Cmp' <Latency = 0> <II = 1> <Delay = 0.59> <FuncUnit> <Opcode : 'icmp'> <InPorts = 2> <OutPorts = 1>
ST_1 : Operation 125 [1/1] (0.00ns)   --->   "%empty = speclooptripcount i32 @_ssdm_op_SpecLoopTripCount, i64 64, i64 64, i64 64"   --->   Operation 125 'speclooptripcount' 'empty' <Predicate = true> <Delay = 0.00>
ST_1 : Operation 126 [1/1] (0.70ns)   --->   "%add_ln90 = add i7 %i, i7 1" [sha1/sha256_impl1.cpp:90]   --->   Operation 126 'add' 'add_ln90' <Predicate = true> <Delay = 0.70> <CoreInst = "Adder">   --->   Core 1 'Adder' <Latency = 0> <II = 1> <Delay = 0.70> <FuncUnit> <Opcode : 'add' 'sub'> <InPorts = 2> <OutPorts = 1>
ST_1 : Operation 127 [1/1] (0.00ns)   --->   "%br_ln90 = br i1 %icmp_ln90, void %for.body.i.split, void %do.cond.loopexit.exitStub" [sha1/sha256_impl1.cpp:90]   --->   Operation 127 'br' 'br_ln90' <Predicate = true> <Delay = 0.00>
ST_1 : Operation 128 [1/1] (0.00ns)   --->   "%p_out2_load = load i32 %p_out2" [sha1/sha256_impl1.cpp:92]   --->   Operation 128 'load' 'p_out2_load' <Predicate = (!icmp_ln90)> <Delay = 0.00>
ST_1 : Operation 129 [1/1] (0.00ns)   --->   "%specloopname_ln88 = specloopname void @_ssdm_op_SpecLoopName, void @empty_9" [sha1/sha256_impl1.cpp:88]   --->   Operation 129 'specloopname' 'specloopname_ln88' <Predicate = (!icmp_ln90)> <Delay = 0.00>
ST_1 : Operation 130 [1/1] (0.75ns)   --->   "%tmp_1 = mux i8 @_ssdm_op_Mux.ap_auto.64i8.i7, i8 %conv73_reload_read, i8 %conv71_reload_read, i8 %conv69_reload_read, i8 %conv67_reload_read, i8 %conv65_reload_read, i8 %conv63_reload_read, i8 %conv61_reload_read, i8 %conv59_reload_read, i8 %conv57_reload_read, i8 %conv55_reload_read, i8 %conv53_reload_read, i8 %conv51_reload_read, i8 %conv49_reload_read, i8 %conv47_reload_read, i8 %conv45_reload_read, i8 %conv43_reload_read, i8 %conv41_reload_read, i8 %conv39_reload_read, i8 %conv37_reload_read, i8 %conv35_reload_read, i8 %conv33_reload_read, i8 %conv31_reload_read, i8 %conv29_reload_read, i8 %conv27_reload_read, i8 %conv25_reload_read, i8 %conv23_reload_read, i8 %conv21_reload_read, i8 %conv19_reload_read, i8 %conv17_reload_read, i8 %conv15_reload_read, i8 %conv13_reload_read, i8 %conv11_reload_read, i8 %seg_buf_32_reload_read, i8 %seg_buf_33_reload_read, i8 %seg_buf_34_reload_read, i8 %seg_buf_35_reload_read, i8 %seg_buf_36_reload_read, i8 %seg_buf_37_reload_read, i8 %seg_buf_38_reload_read, i8 %seg_buf_39_reload_read, i8 %seg_buf_40_reload_read, i8 %seg_buf_41_reload_read, i8 %seg_buf_42_reload_read, i8 %seg_buf_43_reload_read, i8 %seg_buf_44_reload_read, i8 %seg_buf_45_reload_read, i8 %seg_buf_46_reload_read, i8 %seg_buf_47_reload_read, i8 %seg_buf_48_reload_read, i8 %seg_buf_49_reload_read, i8 %seg_buf_50_reload_read, i8 %seg_buf_51_reload_read, i8 %seg_buf_52_reload_read, i8 %seg_buf_53_reload_read, i8 %seg_buf_54_reload_read, i8 %seg_buf_55_reload_read, i8 %seg_buf_56_reload_read, i8 %seg_buf_57_reload_read, i8 %seg_buf_58_reload_read, i8 %seg_buf_59_reload_read, i8 %seg_buf_60_reload_read, i8 %seg_buf_61_reload_read, i8 %seg_buf_62_reload_read, i8 %seg_buf_63_reload_read, i7 %i" [sha1/sha256_impl1.cpp:91]   --->   Operation 130 'mux' 'tmp_1' <Predicate = (!icmp_ln90)> <Delay = 0.75> <CoreInst = "Multiplexer">   --->   Core 76 'Multiplexer' <Latency = 0> <II = 1> <Delay = 0.75> <FuncUnit> <Opcode : 'mux'> <InPorts = 2> <OutPorts = 1>
ST_1 : Operation 131 [1/1] (0.00ns)   --->   "%zext_ln91 = zext i32 %p_out2_load" [sha1/sha256_impl1.cpp:91]   --->   Operation 131 'zext' 'zext_ln91' <Predicate = (!icmp_ln90)> <Delay = 0.00>
ST_1 : Operation 132 [1/1] (0.00ns)   --->   "%sha256ctx_data_addr = getelementptr i8 %sha256ctx_data, i64 0, i64 %zext_ln91" [sha1/sha256_impl1.cpp:91]   --->   Operation 132 'getelementptr' 'sha256ctx_data_addr' <Predicate = (!icmp_ln90)> <Delay = 0.00>
ST_1 : Operation 133 [1/1] (0.66ns)   --->   "%store_ln91 = store i8 %tmp_1, i6 %sha256ctx_data_addr" [sha1/sha256_impl1.cpp:91]   --->   Operation 133 'store' 'store_ln91' <Predicate = (!icmp_ln90)> <Delay = 0.66> <CoreInst = "RAM">   --->   Core 83 'RAM' <Latency = 1> <II = 1> <Delay = 0.66> <Storage> <Opcode : 'load' 'store'> <Ports = 2> <Width = 8> <Depth = 64> <RAM>
ST_1 : Operation 134 [1/1] (0.88ns)   --->   "%add_ln92 = add i32 %p_out2_load, i32 1" [sha1/sha256_impl1.cpp:92]   --->   Operation 134 'add' 'add_ln92' <Predicate = (!icmp_ln90)> <Delay = 0.88> <CoreInst = "Adder">   --->   Core 1 'Adder' <Latency = 0> <II = 1> <Delay = 0.88> <FuncUnit> <Opcode : 'add' 'sub'> <InPorts = 2> <OutPorts = 1>
ST_1 : Operation 135 [1/1] (0.85ns)   --->   "%icmp_ln93 = icmp_eq  i32 %add_ln92, i32 64" [sha1/sha256_impl1.cpp:93]   --->   Operation 135 'icmp' 'icmp_ln93' <Predicate = (!icmp_ln90)> <Delay = 0.85> <CoreInst = "Cmp">   --->   Core 9 'Cmp' <Latency = 0> <II = 1> <Delay = 0.85> <FuncUnit> <Opcode : 'icmp'> <InPorts = 2> <OutPorts = 1>
ST_1 : Operation 136 [1/1] (0.00ns)   --->   "%br_ln93 = br i1 %icmp_ln93, void %for.body.i.split.for.inc.i_crit_edge, void %if.then.i" [sha1/sha256_impl1.cpp:93]   --->   Operation 136 'br' 'br_ln93' <Predicate = (!icmp_ln90)> <Delay = 0.00>
ST_1 : Operation 137 [1/1] (0.38ns)   --->   "%store_ln93 = store i32 %add_ln92, i32 %p_out2" [sha1/sha256_impl1.cpp:93]   --->   Operation 137 'store' 'store_ln93' <Predicate = (!icmp_ln90 & !icmp_ln93)> <Delay = 0.38>
ST_1 : Operation 138 [1/1] (0.00ns)   --->   "%br_ln93 = br void %for.inc.i" [sha1/sha256_impl1.cpp:93]   --->   Operation 138 'br' 'br_ln93' <Predicate = (!icmp_ln90 & !icmp_ln93)> <Delay = 0.00>
ST_1 : Operation 226 [1/1] (0.00ns)   --->   "%ret_ln0 = ret"   --->   Operation 226 'ret' 'ret_ln0' <Predicate = (icmp_ln90)> <Delay = 0.00>

State 2 <SV = 1> <Delay = 7.13>
ST_2 : Operation 139 [1/1] (0.00ns)   --->   "%p_out1_load = load i32 %p_out1" [sha1/sha256_impl1.cpp:95]   --->   Operation 139 'load' 'p_out1_load' <Predicate = (!icmp_ln90 & icmp_ln93)> <Delay = 0.00>
ST_2 : Operation 140 [1/1] (0.00ns)   --->   "%p_out_load = load i32 %p_out" [sha1/sha256_impl1.cpp:95]   --->   Operation 140 'load' 'p_out_load' <Predicate = (!icmp_ln90 & icmp_ln93)> <Delay = 0.00>
ST_2 : Operation 141 [1/1] (0.00ns)   --->   "%sha256ctx_state_7_1_out_load = load i32 %sha256ctx_state_7_1_out" [sha1/sha256_impl1.cpp:94]   --->   Operation 141 'load' 'sha256ctx_state_7_1_out_load' <Predicate = (!icmp_ln90 & icmp_ln93)> <Delay = 0.00>
ST_2 : Operation 142 [1/1] (0.00ns)   --->   "%sha256ctx_state_6_1_out_load = load i32 %sha256ctx_state_6_1_out" [sha1/sha256_impl1.cpp:94]   --->   Operation 142 'load' 'sha256ctx_state_6_1_out_load' <Predicate = (!icmp_ln90 & icmp_ln93)> <Delay = 0.00>
ST_2 : Operation 143 [1/1] (0.00ns)   --->   "%sha256ctx_state_0_1_out_load = load i32 %sha256ctx_state_0_1_out" [sha1/sha256_impl1.cpp:94]   --->   Operation 143 'load' 'sha256ctx_state_0_1_out_load' <Predicate = (!icmp_ln90 & icmp_ln93)> <Delay = 0.00>
ST_2 : Operation 144 [1/1] (0.00ns)   --->   "%sha256ctx_state_1_1_out_load = load i32 %sha256ctx_state_1_1_out" [sha1/sha256_impl1.cpp:94]   --->   Operation 144 'load' 'sha256ctx_state_1_1_out_load' <Predicate = (!icmp_ln90 & icmp_ln93)> <Delay = 0.00>
ST_2 : Operation 145 [1/1] (0.00ns)   --->   "%sha256ctx_state_2_1_out_load = load i32 %sha256ctx_state_2_1_out" [sha1/sha256_impl1.cpp:94]   --->   Operation 145 'load' 'sha256ctx_state_2_1_out_load' <Predicate = (!icmp_ln90 & icmp_ln93)> <Delay = 0.00>
ST_2 : Operation 146 [1/1] (0.00ns)   --->   "%sha256ctx_state_3_1_out_load = load i32 %sha256ctx_state_3_1_out" [sha1/sha256_impl1.cpp:94]   --->   Operation 146 'load' 'sha256ctx_state_3_1_out_load' <Predicate = (!icmp_ln90 & icmp_ln93)> <Delay = 0.00>
ST_2 : Operation 147 [1/1] (0.00ns)   --->   "%sha256ctx_state_4_1_out_load = load i32 %sha256ctx_state_4_1_out" [sha1/sha256_impl1.cpp:94]   --->   Operation 147 'load' 'sha256ctx_state_4_1_out_load' <Predicate = (!icmp_ln90 & icmp_ln93)> <Delay = 0.00>
ST_2 : Operation 148 [1/1] (0.00ns)   --->   "%sha256ctx_state_5_1_out_load = load i32 %sha256ctx_state_5_1_out" [sha1/sha256_impl1.cpp:94]   --->   Operation 148 'load' 'sha256ctx_state_5_1_out_load' <Predicate = (!icmp_ln90 & icmp_ln93)> <Delay = 0.00>
ST_2 : Operation 149 [51/51] (7.13ns)   --->   "%call_ret2 = call i256 @sha256_transform, i32 %sha256ctx_state_0_1_out_load, i32 %sha256ctx_state_1_1_out_load, i32 %sha256ctx_state_2_1_out_load, i32 %sha256ctx_state_3_1_out_load, i32 %sha256ctx_state_4_1_out_load, i32 %sha256ctx_state_5_1_out_load, i32 %sha256ctx_state_6_1_out_load, i32 %sha256ctx_state_7_1_out_load, i8 %sha256ctx_data" [sha1/sha256_impl1.cpp:94]   --->   Operation 149 'call' 'call_ret2' <Predicate = (!icmp_ln90 & icmp_ln93)> <Delay = 7.13> <CoreType = "Generic">   --->   Core 0 '' <Latency = 0> <II = 1> <Delay = 1.00> <Generic> <Opcode : >
ST_2 : Operation 150 [1/1] (0.85ns)   --->   "%icmp_ln95 = icmp_ugt  i32 %p_out1_load, i32 4294966783" [sha1/sha256_impl1.cpp:95]   --->   Operation 150 'icmp' 'icmp_ln95' <Predicate = (!icmp_ln90 & icmp_ln93)> <Delay = 0.85> <CoreInst = "Cmp">   --->   Core 9 'Cmp' <Latency = 0> <II = 1> <Delay = 0.85> <FuncUnit> <Opcode : 'icmp'> <InPorts = 2> <OutPorts = 1>
ST_2 : Operation 151 [1/1] (0.88ns)   --->   "%add_ln95 = add i32 %p_out_load, i32 1" [sha1/sha256_impl1.cpp:95]   --->   Operation 151 'add' 'add_ln95' <Predicate = (!icmp_ln90 & icmp_ln93)> <Delay = 0.88> <CoreInst = "Adder">   --->   Core 1 'Adder' <Latency = 0> <II = 1> <Delay = 0.88> <FuncUnit> <Opcode : 'add' 'sub'> <InPorts = 2> <OutPorts = 1>
ST_2 : Operation 152 [1/1] (0.22ns)   --->   "%select_ln95 = select i1 %icmp_ln95, i32 %add_ln95, i32 %p_out_load" [sha1/sha256_impl1.cpp:95]   --->   Operation 152 'select' 'select_ln95' <Predicate = (!icmp_ln90 & icmp_ln93)> <Delay = 0.22> <CoreInst = "Sel">   --->   Core 73 'Sel' <Latency = 0> <II = 1> <Delay = 0.22> <FuncUnit> <Opcode : 'select'> <InPorts = 3> <OutPorts = 1>
ST_2 : Operation 153 [1/1] (0.88ns)   --->   "%add_ln95_1 = add i32 %p_out1_load, i32 512" [sha1/sha256_impl1.cpp:95]   --->   Operation 153 'add' 'add_ln95_1' <Predicate = (!icmp_ln90 & icmp_ln93)> <Delay = 0.88> <CoreInst = "Adder">   --->   Core 1 'Adder' <Latency = 0> <II = 1> <Delay = 0.88> <FuncUnit> <Opcode : 'add' 'sub'> <InPorts = 2> <OutPorts = 1>
ST_2 : Operation 154 [1/1] (0.00ns)   --->   "%store_ln97 = store i32 %select_ln95, i32 %p_out" [sha1/sha256_impl1.cpp:97]   --->   Operation 154 'store' 'store_ln97' <Predicate = (!icmp_ln90 & icmp_ln93)> <Delay = 0.00>
ST_2 : Operation 155 [1/1] (0.00ns)   --->   "%store_ln97 = store i32 %add_ln95_1, i32 %p_out1" [sha1/sha256_impl1.cpp:97]   --->   Operation 155 'store' 'store_ln97' <Predicate = (!icmp_ln90 & icmp_ln93)> <Delay = 0.00>
ST_2 : Operation 156 [1/1] (0.38ns)   --->   "%store_ln97 = store i32 0, i32 %p_out2" [sha1/sha256_impl1.cpp:97]   --->   Operation 156 'store' 'store_ln97' <Predicate = (!icmp_ln90 & icmp_ln93)> <Delay = 0.38>

State 3 <SV = 2> <Delay = 7.17>
ST_3 : Operation 157 [50/51] (7.17ns)   --->   "%call_ret2 = call i256 @sha256_transform, i32 %sha256ctx_state_0_1_out_load, i32 %sha256ctx_state_1_1_out_load, i32 %sha256ctx_state_2_1_out_load, i32 %sha256ctx_state_3_1_out_load, i32 %sha256ctx_state_4_1_out_load, i32 %sha256ctx_state_5_1_out_load, i32 %sha256ctx_state_6_1_out_load, i32 %sha256ctx_state_7_1_out_load, i8 %sha256ctx_data" [sha1/sha256_impl1.cpp:94]   --->   Operation 157 'call' 'call_ret2' <Predicate = (!icmp_ln90 & icmp_ln93)> <Delay = 7.17> <CoreType = "Generic">   --->   Core 0 '' <Latency = 0> <II = 1> <Delay = 1.00> <Generic> <Opcode : >

State 4 <SV = 3> <Delay = 7.17>
ST_4 : Operation 158 [49/51] (7.17ns)   --->   "%call_ret2 = call i256 @sha256_transform, i32 %sha256ctx_state_0_1_out_load, i32 %sha256ctx_state_1_1_out_load, i32 %sha256ctx_state_2_1_out_load, i32 %sha256ctx_state_3_1_out_load, i32 %sha256ctx_state_4_1_out_load, i32 %sha256ctx_state_5_1_out_load, i32 %sha256ctx_state_6_1_out_load, i32 %sha256ctx_state_7_1_out_load, i8 %sha256ctx_data" [sha1/sha256_impl1.cpp:94]   --->   Operation 158 'call' 'call_ret2' <Predicate = (!icmp_ln90 & icmp_ln93)> <Delay = 7.17> <CoreType = "Generic">   --->   Core 0 '' <Latency = 0> <II = 1> <Delay = 1.00> <Generic> <Opcode : >

State 5 <SV = 4> <Delay = 7.17>
ST_5 : Operation 159 [48/51] (7.17ns)   --->   "%call_ret2 = call i256 @sha256_transform, i32 %sha256ctx_state_0_1_out_load, i32 %sha256ctx_state_1_1_out_load, i32 %sha256ctx_state_2_1_out_load, i32 %sha256ctx_state_3_1_out_load, i32 %sha256ctx_state_4_1_out_load, i32 %sha256ctx_state_5_1_out_load, i32 %sha256ctx_state_6_1_out_load, i32 %sha256ctx_state_7_1_out_load, i8 %sha256ctx_data" [sha1/sha256_impl1.cpp:94]   --->   Operation 159 'call' 'call_ret2' <Predicate = (!icmp_ln90 & icmp_ln93)> <Delay = 7.17> <CoreType = "Generic">   --->   Core 0 '' <Latency = 0> <II = 1> <Delay = 1.00> <Generic> <Opcode : >

State 6 <SV = 5> <Delay = 7.17>
ST_6 : Operation 160 [47/51] (7.17ns)   --->   "%call_ret2 = call i256 @sha256_transform, i32 %sha256ctx_state_0_1_out_load, i32 %sha256ctx_state_1_1_out_load, i32 %sha256ctx_state_2_1_out_load, i32 %sha256ctx_state_3_1_out_load, i32 %sha256ctx_state_4_1_out_load, i32 %sha256ctx_state_5_1_out_load, i32 %sha256ctx_state_6_1_out_load, i32 %sha256ctx_state_7_1_out_load, i8 %sha256ctx_data" [sha1/sha256_impl1.cpp:94]   --->   Operation 160 'call' 'call_ret2' <Predicate = (!icmp_ln90 & icmp_ln93)> <Delay = 7.17> <CoreType = "Generic">   --->   Core 0 '' <Latency = 0> <II = 1> <Delay = 1.00> <Generic> <Opcode : >

State 7 <SV = 6> <Delay = 7.17>
ST_7 : Operation 161 [46/51] (7.17ns)   --->   "%call_ret2 = call i256 @sha256_transform, i32 %sha256ctx_state_0_1_out_load, i32 %sha256ctx_state_1_1_out_load, i32 %sha256ctx_state_2_1_out_load, i32 %sha256ctx_state_3_1_out_load, i32 %sha256ctx_state_4_1_out_load, i32 %sha256ctx_state_5_1_out_load, i32 %sha256ctx_state_6_1_out_load, i32 %sha256ctx_state_7_1_out_load, i8 %sha256ctx_data" [sha1/sha256_impl1.cpp:94]   --->   Operation 161 'call' 'call_ret2' <Predicate = (!icmp_ln90 & icmp_ln93)> <Delay = 7.17> <CoreType = "Generic">   --->   Core 0 '' <Latency = 0> <II = 1> <Delay = 1.00> <Generic> <Opcode : >

State 8 <SV = 7> <Delay = 7.17>
ST_8 : Operation 162 [45/51] (7.17ns)   --->   "%call_ret2 = call i256 @sha256_transform, i32 %sha256ctx_state_0_1_out_load, i32 %sha256ctx_state_1_1_out_load, i32 %sha256ctx_state_2_1_out_load, i32 %sha256ctx_state_3_1_out_load, i32 %sha256ctx_state_4_1_out_load, i32 %sha256ctx_state_5_1_out_load, i32 %sha256ctx_state_6_1_out_load, i32 %sha256ctx_state_7_1_out_load, i8 %sha256ctx_data" [sha1/sha256_impl1.cpp:94]   --->   Operation 162 'call' 'call_ret2' <Predicate = (!icmp_ln90 & icmp_ln93)> <Delay = 7.17> <CoreType = "Generic">   --->   Core 0 '' <Latency = 0> <II = 1> <Delay = 1.00> <Generic> <Opcode : >

State 9 <SV = 8> <Delay = 7.17>
ST_9 : Operation 163 [44/51] (7.17ns)   --->   "%call_ret2 = call i256 @sha256_transform, i32 %sha256ctx_state_0_1_out_load, i32 %sha256ctx_state_1_1_out_load, i32 %sha256ctx_state_2_1_out_load, i32 %sha256ctx_state_3_1_out_load, i32 %sha256ctx_state_4_1_out_load, i32 %sha256ctx_state_5_1_out_load, i32 %sha256ctx_state_6_1_out_load, i32 %sha256ctx_state_7_1_out_load, i8 %sha256ctx_data" [sha1/sha256_impl1.cpp:94]   --->   Operation 163 'call' 'call_ret2' <Predicate = (!icmp_ln90 & icmp_ln93)> <Delay = 7.17> <CoreType = "Generic">   --->   Core 0 '' <Latency = 0> <II = 1> <Delay = 1.00> <Generic> <Opcode : >

State 10 <SV = 9> <Delay = 7.17>
ST_10 : Operation 164 [43/51] (7.17ns)   --->   "%call_ret2 = call i256 @sha256_transform, i32 %sha256ctx_state_0_1_out_load, i32 %sha256ctx_state_1_1_out_load, i32 %sha256ctx_state_2_1_out_load, i32 %sha256ctx_state_3_1_out_load, i32 %sha256ctx_state_4_1_out_load, i32 %sha256ctx_state_5_1_out_load, i32 %sha256ctx_state_6_1_out_load, i32 %sha256ctx_state_7_1_out_load, i8 %sha256ctx_data" [sha1/sha256_impl1.cpp:94]   --->   Operation 164 'call' 'call_ret2' <Predicate = (!icmp_ln90 & icmp_ln93)> <Delay = 7.17> <CoreType = "Generic">   --->   Core 0 '' <Latency = 0> <II = 1> <Delay = 1.00> <Generic> <Opcode : >

State 11 <SV = 10> <Delay = 7.17>
ST_11 : Operation 165 [42/51] (7.17ns)   --->   "%call_ret2 = call i256 @sha256_transform, i32 %sha256ctx_state_0_1_out_load, i32 %sha256ctx_state_1_1_out_load, i32 %sha256ctx_state_2_1_out_load, i32 %sha256ctx_state_3_1_out_load, i32 %sha256ctx_state_4_1_out_load, i32 %sha256ctx_state_5_1_out_load, i32 %sha256ctx_state_6_1_out_load, i32 %sha256ctx_state_7_1_out_load, i8 %sha256ctx_data" [sha1/sha256_impl1.cpp:94]   --->   Operation 165 'call' 'call_ret2' <Predicate = (!icmp_ln90 & icmp_ln93)> <Delay = 7.17> <CoreType = "Generic">   --->   Core 0 '' <Latency = 0> <II = 1> <Delay = 1.00> <Generic> <Opcode : >

State 12 <SV = 11> <Delay = 7.17>
ST_12 : Operation 166 [41/51] (7.17ns)   --->   "%call_ret2 = call i256 @sha256_transform, i32 %sha256ctx_state_0_1_out_load, i32 %sha256ctx_state_1_1_out_load, i32 %sha256ctx_state_2_1_out_load, i32 %sha256ctx_state_3_1_out_load, i32 %sha256ctx_state_4_1_out_load, i32 %sha256ctx_state_5_1_out_load, i32 %sha256ctx_state_6_1_out_load, i32 %sha256ctx_state_7_1_out_load, i8 %sha256ctx_data" [sha1/sha256_impl1.cpp:94]   --->   Operation 166 'call' 'call_ret2' <Predicate = (!icmp_ln90 & icmp_ln93)> <Delay = 7.17> <CoreType = "Generic">   --->   Core 0 '' <Latency = 0> <II = 1> <Delay = 1.00> <Generic> <Opcode : >

State 13 <SV = 12> <Delay = 7.17>
ST_13 : Operation 167 [40/51] (7.17ns)   --->   "%call_ret2 = call i256 @sha256_transform, i32 %sha256ctx_state_0_1_out_load, i32 %sha256ctx_state_1_1_out_load, i32 %sha256ctx_state_2_1_out_load, i32 %sha256ctx_state_3_1_out_load, i32 %sha256ctx_state_4_1_out_load, i32 %sha256ctx_state_5_1_out_load, i32 %sha256ctx_state_6_1_out_load, i32 %sha256ctx_state_7_1_out_load, i8 %sha256ctx_data" [sha1/sha256_impl1.cpp:94]   --->   Operation 167 'call' 'call_ret2' <Predicate = (!icmp_ln90 & icmp_ln93)> <Delay = 7.17> <CoreType = "Generic">   --->   Core 0 '' <Latency = 0> <II = 1> <Delay = 1.00> <Generic> <Opcode : >

State 14 <SV = 13> <Delay = 7.17>
ST_14 : Operation 168 [39/51] (7.17ns)   --->   "%call_ret2 = call i256 @sha256_transform, i32 %sha256ctx_state_0_1_out_load, i32 %sha256ctx_state_1_1_out_load, i32 %sha256ctx_state_2_1_out_load, i32 %sha256ctx_state_3_1_out_load, i32 %sha256ctx_state_4_1_out_load, i32 %sha256ctx_state_5_1_out_load, i32 %sha256ctx_state_6_1_out_load, i32 %sha256ctx_state_7_1_out_load, i8 %sha256ctx_data" [sha1/sha256_impl1.cpp:94]   --->   Operation 168 'call' 'call_ret2' <Predicate = (!icmp_ln90 & icmp_ln93)> <Delay = 7.17> <CoreType = "Generic">   --->   Core 0 '' <Latency = 0> <II = 1> <Delay = 1.00> <Generic> <Opcode : >

State 15 <SV = 14> <Delay = 7.17>
ST_15 : Operation 169 [38/51] (7.17ns)   --->   "%call_ret2 = call i256 @sha256_transform, i32 %sha256ctx_state_0_1_out_load, i32 %sha256ctx_state_1_1_out_load, i32 %sha256ctx_state_2_1_out_load, i32 %sha256ctx_state_3_1_out_load, i32 %sha256ctx_state_4_1_out_load, i32 %sha256ctx_state_5_1_out_load, i32 %sha256ctx_state_6_1_out_load, i32 %sha256ctx_state_7_1_out_load, i8 %sha256ctx_data" [sha1/sha256_impl1.cpp:94]   --->   Operation 169 'call' 'call_ret2' <Predicate = (!icmp_ln90 & icmp_ln93)> <Delay = 7.17> <CoreType = "Generic">   --->   Core 0 '' <Latency = 0> <II = 1> <Delay = 1.00> <Generic> <Opcode : >

State 16 <SV = 15> <Delay = 7.17>
ST_16 : Operation 170 [37/51] (7.17ns)   --->   "%call_ret2 = call i256 @sha256_transform, i32 %sha256ctx_state_0_1_out_load, i32 %sha256ctx_state_1_1_out_load, i32 %sha256ctx_state_2_1_out_load, i32 %sha256ctx_state_3_1_out_load, i32 %sha256ctx_state_4_1_out_load, i32 %sha256ctx_state_5_1_out_load, i32 %sha256ctx_state_6_1_out_load, i32 %sha256ctx_state_7_1_out_load, i8 %sha256ctx_data" [sha1/sha256_impl1.cpp:94]   --->   Operation 170 'call' 'call_ret2' <Predicate = (!icmp_ln90 & icmp_ln93)> <Delay = 7.17> <CoreType = "Generic">   --->   Core 0 '' <Latency = 0> <II = 1> <Delay = 1.00> <Generic> <Opcode : >

State 17 <SV = 16> <Delay = 7.17>
ST_17 : Operation 171 [36/51] (7.17ns)   --->   "%call_ret2 = call i256 @sha256_transform, i32 %sha256ctx_state_0_1_out_load, i32 %sha256ctx_state_1_1_out_load, i32 %sha256ctx_state_2_1_out_load, i32 %sha256ctx_state_3_1_out_load, i32 %sha256ctx_state_4_1_out_load, i32 %sha256ctx_state_5_1_out_load, i32 %sha256ctx_state_6_1_out_load, i32 %sha256ctx_state_7_1_out_load, i8 %sha256ctx_data" [sha1/sha256_impl1.cpp:94]   --->   Operation 171 'call' 'call_ret2' <Predicate = (!icmp_ln90 & icmp_ln93)> <Delay = 7.17> <CoreType = "Generic">   --->   Core 0 '' <Latency = 0> <II = 1> <Delay = 1.00> <Generic> <Opcode : >

State 18 <SV = 17> <Delay = 7.17>
ST_18 : Operation 172 [35/51] (7.17ns)   --->   "%call_ret2 = call i256 @sha256_transform, i32 %sha256ctx_state_0_1_out_load, i32 %sha256ctx_state_1_1_out_load, i32 %sha256ctx_state_2_1_out_load, i32 %sha256ctx_state_3_1_out_load, i32 %sha256ctx_state_4_1_out_load, i32 %sha256ctx_state_5_1_out_load, i32 %sha256ctx_state_6_1_out_load, i32 %sha256ctx_state_7_1_out_load, i8 %sha256ctx_data" [sha1/sha256_impl1.cpp:94]   --->   Operation 172 'call' 'call_ret2' <Predicate = (!icmp_ln90 & icmp_ln93)> <Delay = 7.17> <CoreType = "Generic">   --->   Core 0 '' <Latency = 0> <II = 1> <Delay = 1.00> <Generic> <Opcode : >

State 19 <SV = 18> <Delay = 7.17>
ST_19 : Operation 173 [34/51] (7.17ns)   --->   "%call_ret2 = call i256 @sha256_transform, i32 %sha256ctx_state_0_1_out_load, i32 %sha256ctx_state_1_1_out_load, i32 %sha256ctx_state_2_1_out_load, i32 %sha256ctx_state_3_1_out_load, i32 %sha256ctx_state_4_1_out_load, i32 %sha256ctx_state_5_1_out_load, i32 %sha256ctx_state_6_1_out_load, i32 %sha256ctx_state_7_1_out_load, i8 %sha256ctx_data" [sha1/sha256_impl1.cpp:94]   --->   Operation 173 'call' 'call_ret2' <Predicate = (!icmp_ln90 & icmp_ln93)> <Delay = 7.17> <CoreType = "Generic">   --->   Core 0 '' <Latency = 0> <II = 1> <Delay = 1.00> <Generic> <Opcode : >

State 20 <SV = 19> <Delay = 7.17>
ST_20 : Operation 174 [33/51] (7.17ns)   --->   "%call_ret2 = call i256 @sha256_transform, i32 %sha256ctx_state_0_1_out_load, i32 %sha256ctx_state_1_1_out_load, i32 %sha256ctx_state_2_1_out_load, i32 %sha256ctx_state_3_1_out_load, i32 %sha256ctx_state_4_1_out_load, i32 %sha256ctx_state_5_1_out_load, i32 %sha256ctx_state_6_1_out_load, i32 %sha256ctx_state_7_1_out_load, i8 %sha256ctx_data" [sha1/sha256_impl1.cpp:94]   --->   Operation 174 'call' 'call_ret2' <Predicate = (!icmp_ln90 & icmp_ln93)> <Delay = 7.17> <CoreType = "Generic">   --->   Core 0 '' <Latency = 0> <II = 1> <Delay = 1.00> <Generic> <Opcode : >

State 21 <SV = 20> <Delay = 7.17>
ST_21 : Operation 175 [32/51] (7.17ns)   --->   "%call_ret2 = call i256 @sha256_transform, i32 %sha256ctx_state_0_1_out_load, i32 %sha256ctx_state_1_1_out_load, i32 %sha256ctx_state_2_1_out_load, i32 %sha256ctx_state_3_1_out_load, i32 %sha256ctx_state_4_1_out_load, i32 %sha256ctx_state_5_1_out_load, i32 %sha256ctx_state_6_1_out_load, i32 %sha256ctx_state_7_1_out_load, i8 %sha256ctx_data" [sha1/sha256_impl1.cpp:94]   --->   Operation 175 'call' 'call_ret2' <Predicate = (!icmp_ln90 & icmp_ln93)> <Delay = 7.17> <CoreType = "Generic">   --->   Core 0 '' <Latency = 0> <II = 1> <Delay = 1.00> <Generic> <Opcode : >

State 22 <SV = 21> <Delay = 7.17>
ST_22 : Operation 176 [31/51] (7.17ns)   --->   "%call_ret2 = call i256 @sha256_transform, i32 %sha256ctx_state_0_1_out_load, i32 %sha256ctx_state_1_1_out_load, i32 %sha256ctx_state_2_1_out_load, i32 %sha256ctx_state_3_1_out_load, i32 %sha256ctx_state_4_1_out_load, i32 %sha256ctx_state_5_1_out_load, i32 %sha256ctx_state_6_1_out_load, i32 %sha256ctx_state_7_1_out_load, i8 %sha256ctx_data" [sha1/sha256_impl1.cpp:94]   --->   Operation 176 'call' 'call_ret2' <Predicate = (!icmp_ln90 & icmp_ln93)> <Delay = 7.17> <CoreType = "Generic">   --->   Core 0 '' <Latency = 0> <II = 1> <Delay = 1.00> <Generic> <Opcode : >

State 23 <SV = 22> <Delay = 7.17>
ST_23 : Operation 177 [30/51] (7.17ns)   --->   "%call_ret2 = call i256 @sha256_transform, i32 %sha256ctx_state_0_1_out_load, i32 %sha256ctx_state_1_1_out_load, i32 %sha256ctx_state_2_1_out_load, i32 %sha256ctx_state_3_1_out_load, i32 %sha256ctx_state_4_1_out_load, i32 %sha256ctx_state_5_1_out_load, i32 %sha256ctx_state_6_1_out_load, i32 %sha256ctx_state_7_1_out_load, i8 %sha256ctx_data" [sha1/sha256_impl1.cpp:94]   --->   Operation 177 'call' 'call_ret2' <Predicate = (!icmp_ln90 & icmp_ln93)> <Delay = 7.17> <CoreType = "Generic">   --->   Core 0 '' <Latency = 0> <II = 1> <Delay = 1.00> <Generic> <Opcode : >

State 24 <SV = 23> <Delay = 7.17>
ST_24 : Operation 178 [29/51] (7.17ns)   --->   "%call_ret2 = call i256 @sha256_transform, i32 %sha256ctx_state_0_1_out_load, i32 %sha256ctx_state_1_1_out_load, i32 %sha256ctx_state_2_1_out_load, i32 %sha256ctx_state_3_1_out_load, i32 %sha256ctx_state_4_1_out_load, i32 %sha256ctx_state_5_1_out_load, i32 %sha256ctx_state_6_1_out_load, i32 %sha256ctx_state_7_1_out_load, i8 %sha256ctx_data" [sha1/sha256_impl1.cpp:94]   --->   Operation 178 'call' 'call_ret2' <Predicate = (!icmp_ln90 & icmp_ln93)> <Delay = 7.17> <CoreType = "Generic">   --->   Core 0 '' <Latency = 0> <II = 1> <Delay = 1.00> <Generic> <Opcode : >

State 25 <SV = 24> <Delay = 7.17>
ST_25 : Operation 179 [28/51] (7.17ns)   --->   "%call_ret2 = call i256 @sha256_transform, i32 %sha256ctx_state_0_1_out_load, i32 %sha256ctx_state_1_1_out_load, i32 %sha256ctx_state_2_1_out_load, i32 %sha256ctx_state_3_1_out_load, i32 %sha256ctx_state_4_1_out_load, i32 %sha256ctx_state_5_1_out_load, i32 %sha256ctx_state_6_1_out_load, i32 %sha256ctx_state_7_1_out_load, i8 %sha256ctx_data" [sha1/sha256_impl1.cpp:94]   --->   Operation 179 'call' 'call_ret2' <Predicate = (!icmp_ln90 & icmp_ln93)> <Delay = 7.17> <CoreType = "Generic">   --->   Core 0 '' <Latency = 0> <II = 1> <Delay = 1.00> <Generic> <Opcode : >

State 26 <SV = 25> <Delay = 7.17>
ST_26 : Operation 180 [27/51] (7.17ns)   --->   "%call_ret2 = call i256 @sha256_transform, i32 %sha256ctx_state_0_1_out_load, i32 %sha256ctx_state_1_1_out_load, i32 %sha256ctx_state_2_1_out_load, i32 %sha256ctx_state_3_1_out_load, i32 %sha256ctx_state_4_1_out_load, i32 %sha256ctx_state_5_1_out_load, i32 %sha256ctx_state_6_1_out_load, i32 %sha256ctx_state_7_1_out_load, i8 %sha256ctx_data" [sha1/sha256_impl1.cpp:94]   --->   Operation 180 'call' 'call_ret2' <Predicate = (!icmp_ln90 & icmp_ln93)> <Delay = 7.17> <CoreType = "Generic">   --->   Core 0 '' <Latency = 0> <II = 1> <Delay = 1.00> <Generic> <Opcode : >

State 27 <SV = 26> <Delay = 7.17>
ST_27 : Operation 181 [26/51] (7.17ns)   --->   "%call_ret2 = call i256 @sha256_transform, i32 %sha256ctx_state_0_1_out_load, i32 %sha256ctx_state_1_1_out_load, i32 %sha256ctx_state_2_1_out_load, i32 %sha256ctx_state_3_1_out_load, i32 %sha256ctx_state_4_1_out_load, i32 %sha256ctx_state_5_1_out_load, i32 %sha256ctx_state_6_1_out_load, i32 %sha256ctx_state_7_1_out_load, i8 %sha256ctx_data" [sha1/sha256_impl1.cpp:94]   --->   Operation 181 'call' 'call_ret2' <Predicate = (!icmp_ln90 & icmp_ln93)> <Delay = 7.17> <CoreType = "Generic">   --->   Core 0 '' <Latency = 0> <II = 1> <Delay = 1.00> <Generic> <Opcode : >

State 28 <SV = 27> <Delay = 7.17>
ST_28 : Operation 182 [25/51] (7.17ns)   --->   "%call_ret2 = call i256 @sha256_transform, i32 %sha256ctx_state_0_1_out_load, i32 %sha256ctx_state_1_1_out_load, i32 %sha256ctx_state_2_1_out_load, i32 %sha256ctx_state_3_1_out_load, i32 %sha256ctx_state_4_1_out_load, i32 %sha256ctx_state_5_1_out_load, i32 %sha256ctx_state_6_1_out_load, i32 %sha256ctx_state_7_1_out_load, i8 %sha256ctx_data" [sha1/sha256_impl1.cpp:94]   --->   Operation 182 'call' 'call_ret2' <Predicate = (!icmp_ln90 & icmp_ln93)> <Delay = 7.17> <CoreType = "Generic">   --->   Core 0 '' <Latency = 0> <II = 1> <Delay = 1.00> <Generic> <Opcode : >

State 29 <SV = 28> <Delay = 7.17>
ST_29 : Operation 183 [24/51] (7.17ns)   --->   "%call_ret2 = call i256 @sha256_transform, i32 %sha256ctx_state_0_1_out_load, i32 %sha256ctx_state_1_1_out_load, i32 %sha256ctx_state_2_1_out_load, i32 %sha256ctx_state_3_1_out_load, i32 %sha256ctx_state_4_1_out_load, i32 %sha256ctx_state_5_1_out_load, i32 %sha256ctx_state_6_1_out_load, i32 %sha256ctx_state_7_1_out_load, i8 %sha256ctx_data" [sha1/sha256_impl1.cpp:94]   --->   Operation 183 'call' 'call_ret2' <Predicate = (!icmp_ln90 & icmp_ln93)> <Delay = 7.17> <CoreType = "Generic">   --->   Core 0 '' <Latency = 0> <II = 1> <Delay = 1.00> <Generic> <Opcode : >

State 30 <SV = 29> <Delay = 7.17>
ST_30 : Operation 184 [23/51] (7.17ns)   --->   "%call_ret2 = call i256 @sha256_transform, i32 %sha256ctx_state_0_1_out_load, i32 %sha256ctx_state_1_1_out_load, i32 %sha256ctx_state_2_1_out_load, i32 %sha256ctx_state_3_1_out_load, i32 %sha256ctx_state_4_1_out_load, i32 %sha256ctx_state_5_1_out_load, i32 %sha256ctx_state_6_1_out_load, i32 %sha256ctx_state_7_1_out_load, i8 %sha256ctx_data" [sha1/sha256_impl1.cpp:94]   --->   Operation 184 'call' 'call_ret2' <Predicate = (!icmp_ln90 & icmp_ln93)> <Delay = 7.17> <CoreType = "Generic">   --->   Core 0 '' <Latency = 0> <II = 1> <Delay = 1.00> <Generic> <Opcode : >

State 31 <SV = 30> <Delay = 7.17>
ST_31 : Operation 185 [22/51] (7.17ns)   --->   "%call_ret2 = call i256 @sha256_transform, i32 %sha256ctx_state_0_1_out_load, i32 %sha256ctx_state_1_1_out_load, i32 %sha256ctx_state_2_1_out_load, i32 %sha256ctx_state_3_1_out_load, i32 %sha256ctx_state_4_1_out_load, i32 %sha256ctx_state_5_1_out_load, i32 %sha256ctx_state_6_1_out_load, i32 %sha256ctx_state_7_1_out_load, i8 %sha256ctx_data" [sha1/sha256_impl1.cpp:94]   --->   Operation 185 'call' 'call_ret2' <Predicate = (!icmp_ln90 & icmp_ln93)> <Delay = 7.17> <CoreType = "Generic">   --->   Core 0 '' <Latency = 0> <II = 1> <Delay = 1.00> <Generic> <Opcode : >

State 32 <SV = 31> <Delay = 7.17>
ST_32 : Operation 186 [21/51] (7.17ns)   --->   "%call_ret2 = call i256 @sha256_transform, i32 %sha256ctx_state_0_1_out_load, i32 %sha256ctx_state_1_1_out_load, i32 %sha256ctx_state_2_1_out_load, i32 %sha256ctx_state_3_1_out_load, i32 %sha256ctx_state_4_1_out_load, i32 %sha256ctx_state_5_1_out_load, i32 %sha256ctx_state_6_1_out_load, i32 %sha256ctx_state_7_1_out_load, i8 %sha256ctx_data" [sha1/sha256_impl1.cpp:94]   --->   Operation 186 'call' 'call_ret2' <Predicate = (!icmp_ln90 & icmp_ln93)> <Delay = 7.17> <CoreType = "Generic">   --->   Core 0 '' <Latency = 0> <II = 1> <Delay = 1.00> <Generic> <Opcode : >

State 33 <SV = 32> <Delay = 7.17>
ST_33 : Operation 187 [20/51] (7.17ns)   --->   "%call_ret2 = call i256 @sha256_transform, i32 %sha256ctx_state_0_1_out_load, i32 %sha256ctx_state_1_1_out_load, i32 %sha256ctx_state_2_1_out_load, i32 %sha256ctx_state_3_1_out_load, i32 %sha256ctx_state_4_1_out_load, i32 %sha256ctx_state_5_1_out_load, i32 %sha256ctx_state_6_1_out_load, i32 %sha256ctx_state_7_1_out_load, i8 %sha256ctx_data" [sha1/sha256_impl1.cpp:94]   --->   Operation 187 'call' 'call_ret2' <Predicate = (!icmp_ln90 & icmp_ln93)> <Delay = 7.17> <CoreType = "Generic">   --->   Core 0 '' <Latency = 0> <II = 1> <Delay = 1.00> <Generic> <Opcode : >

State 34 <SV = 33> <Delay = 7.17>
ST_34 : Operation 188 [19/51] (7.17ns)   --->   "%call_ret2 = call i256 @sha256_transform, i32 %sha256ctx_state_0_1_out_load, i32 %sha256ctx_state_1_1_out_load, i32 %sha256ctx_state_2_1_out_load, i32 %sha256ctx_state_3_1_out_load, i32 %sha256ctx_state_4_1_out_load, i32 %sha256ctx_state_5_1_out_load, i32 %sha256ctx_state_6_1_out_load, i32 %sha256ctx_state_7_1_out_load, i8 %sha256ctx_data" [sha1/sha256_impl1.cpp:94]   --->   Operation 188 'call' 'call_ret2' <Predicate = (!icmp_ln90 & icmp_ln93)> <Delay = 7.17> <CoreType = "Generic">   --->   Core 0 '' <Latency = 0> <II = 1> <Delay = 1.00> <Generic> <Opcode : >

State 35 <SV = 34> <Delay = 7.17>
ST_35 : Operation 189 [18/51] (7.17ns)   --->   "%call_ret2 = call i256 @sha256_transform, i32 %sha256ctx_state_0_1_out_load, i32 %sha256ctx_state_1_1_out_load, i32 %sha256ctx_state_2_1_out_load, i32 %sha256ctx_state_3_1_out_load, i32 %sha256ctx_state_4_1_out_load, i32 %sha256ctx_state_5_1_out_load, i32 %sha256ctx_state_6_1_out_load, i32 %sha256ctx_state_7_1_out_load, i8 %sha256ctx_data" [sha1/sha256_impl1.cpp:94]   --->   Operation 189 'call' 'call_ret2' <Predicate = (!icmp_ln90 & icmp_ln93)> <Delay = 7.17> <CoreType = "Generic">   --->   Core 0 '' <Latency = 0> <II = 1> <Delay = 1.00> <Generic> <Opcode : >

State 36 <SV = 35> <Delay = 7.17>
ST_36 : Operation 190 [17/51] (7.17ns)   --->   "%call_ret2 = call i256 @sha256_transform, i32 %sha256ctx_state_0_1_out_load, i32 %sha256ctx_state_1_1_out_load, i32 %sha256ctx_state_2_1_out_load, i32 %sha256ctx_state_3_1_out_load, i32 %sha256ctx_state_4_1_out_load, i32 %sha256ctx_state_5_1_out_load, i32 %sha256ctx_state_6_1_out_load, i32 %sha256ctx_state_7_1_out_load, i8 %sha256ctx_data" [sha1/sha256_impl1.cpp:94]   --->   Operation 190 'call' 'call_ret2' <Predicate = (!icmp_ln90 & icmp_ln93)> <Delay = 7.17> <CoreType = "Generic">   --->   Core 0 '' <Latency = 0> <II = 1> <Delay = 1.00> <Generic> <Opcode : >

State 37 <SV = 36> <Delay = 7.17>
ST_37 : Operation 191 [16/51] (7.17ns)   --->   "%call_ret2 = call i256 @sha256_transform, i32 %sha256ctx_state_0_1_out_load, i32 %sha256ctx_state_1_1_out_load, i32 %sha256ctx_state_2_1_out_load, i32 %sha256ctx_state_3_1_out_load, i32 %sha256ctx_state_4_1_out_load, i32 %sha256ctx_state_5_1_out_load, i32 %sha256ctx_state_6_1_out_load, i32 %sha256ctx_state_7_1_out_load, i8 %sha256ctx_data" [sha1/sha256_impl1.cpp:94]   --->   Operation 191 'call' 'call_ret2' <Predicate = (!icmp_ln90 & icmp_ln93)> <Delay = 7.17> <CoreType = "Generic">   --->   Core 0 '' <Latency = 0> <II = 1> <Delay = 1.00> <Generic> <Opcode : >

State 38 <SV = 37> <Delay = 7.17>
ST_38 : Operation 192 [15/51] (7.17ns)   --->   "%call_ret2 = call i256 @sha256_transform, i32 %sha256ctx_state_0_1_out_load, i32 %sha256ctx_state_1_1_out_load, i32 %sha256ctx_state_2_1_out_load, i32 %sha256ctx_state_3_1_out_load, i32 %sha256ctx_state_4_1_out_load, i32 %sha256ctx_state_5_1_out_load, i32 %sha256ctx_state_6_1_out_load, i32 %sha256ctx_state_7_1_out_load, i8 %sha256ctx_data" [sha1/sha256_impl1.cpp:94]   --->   Operation 192 'call' 'call_ret2' <Predicate = (!icmp_ln90 & icmp_ln93)> <Delay = 7.17> <CoreType = "Generic">   --->   Core 0 '' <Latency = 0> <II = 1> <Delay = 1.00> <Generic> <Opcode : >

State 39 <SV = 38> <Delay = 7.17>
ST_39 : Operation 193 [14/51] (7.17ns)   --->   "%call_ret2 = call i256 @sha256_transform, i32 %sha256ctx_state_0_1_out_load, i32 %sha256ctx_state_1_1_out_load, i32 %sha256ctx_state_2_1_out_load, i32 %sha256ctx_state_3_1_out_load, i32 %sha256ctx_state_4_1_out_load, i32 %sha256ctx_state_5_1_out_load, i32 %sha256ctx_state_6_1_out_load, i32 %sha256ctx_state_7_1_out_load, i8 %sha256ctx_data" [sha1/sha256_impl1.cpp:94]   --->   Operation 193 'call' 'call_ret2' <Predicate = (!icmp_ln90 & icmp_ln93)> <Delay = 7.17> <CoreType = "Generic">   --->   Core 0 '' <Latency = 0> <II = 1> <Delay = 1.00> <Generic> <Opcode : >

State 40 <SV = 39> <Delay = 7.17>
ST_40 : Operation 194 [13/51] (7.17ns)   --->   "%call_ret2 = call i256 @sha256_transform, i32 %sha256ctx_state_0_1_out_load, i32 %sha256ctx_state_1_1_out_load, i32 %sha256ctx_state_2_1_out_load, i32 %sha256ctx_state_3_1_out_load, i32 %sha256ctx_state_4_1_out_load, i32 %sha256ctx_state_5_1_out_load, i32 %sha256ctx_state_6_1_out_load, i32 %sha256ctx_state_7_1_out_load, i8 %sha256ctx_data" [sha1/sha256_impl1.cpp:94]   --->   Operation 194 'call' 'call_ret2' <Predicate = (!icmp_ln90 & icmp_ln93)> <Delay = 7.17> <CoreType = "Generic">   --->   Core 0 '' <Latency = 0> <II = 1> <Delay = 1.00> <Generic> <Opcode : >

State 41 <SV = 40> <Delay = 7.17>
ST_41 : Operation 195 [12/51] (7.17ns)   --->   "%call_ret2 = call i256 @sha256_transform, i32 %sha256ctx_state_0_1_out_load, i32 %sha256ctx_state_1_1_out_load, i32 %sha256ctx_state_2_1_out_load, i32 %sha256ctx_state_3_1_out_load, i32 %sha256ctx_state_4_1_out_load, i32 %sha256ctx_state_5_1_out_load, i32 %sha256ctx_state_6_1_out_load, i32 %sha256ctx_state_7_1_out_load, i8 %sha256ctx_data" [sha1/sha256_impl1.cpp:94]   --->   Operation 195 'call' 'call_ret2' <Predicate = (!icmp_ln90 & icmp_ln93)> <Delay = 7.17> <CoreType = "Generic">   --->   Core 0 '' <Latency = 0> <II = 1> <Delay = 1.00> <Generic> <Opcode : >

State 42 <SV = 41> <Delay = 7.17>
ST_42 : Operation 196 [11/51] (7.17ns)   --->   "%call_ret2 = call i256 @sha256_transform, i32 %sha256ctx_state_0_1_out_load, i32 %sha256ctx_state_1_1_out_load, i32 %sha256ctx_state_2_1_out_load, i32 %sha256ctx_state_3_1_out_load, i32 %sha256ctx_state_4_1_out_load, i32 %sha256ctx_state_5_1_out_load, i32 %sha256ctx_state_6_1_out_load, i32 %sha256ctx_state_7_1_out_load, i8 %sha256ctx_data" [sha1/sha256_impl1.cpp:94]   --->   Operation 196 'call' 'call_ret2' <Predicate = (!icmp_ln90 & icmp_ln93)> <Delay = 7.17> <CoreType = "Generic">   --->   Core 0 '' <Latency = 0> <II = 1> <Delay = 1.00> <Generic> <Opcode : >

State 43 <SV = 42> <Delay = 7.17>
ST_43 : Operation 197 [10/51] (7.17ns)   --->   "%call_ret2 = call i256 @sha256_transform, i32 %sha256ctx_state_0_1_out_load, i32 %sha256ctx_state_1_1_out_load, i32 %sha256ctx_state_2_1_out_load, i32 %sha256ctx_state_3_1_out_load, i32 %sha256ctx_state_4_1_out_load, i32 %sha256ctx_state_5_1_out_load, i32 %sha256ctx_state_6_1_out_load, i32 %sha256ctx_state_7_1_out_load, i8 %sha256ctx_data" [sha1/sha256_impl1.cpp:94]   --->   Operation 197 'call' 'call_ret2' <Predicate = (!icmp_ln90 & icmp_ln93)> <Delay = 7.17> <CoreType = "Generic">   --->   Core 0 '' <Latency = 0> <II = 1> <Delay = 1.00> <Generic> <Opcode : >

State 44 <SV = 43> <Delay = 7.17>
ST_44 : Operation 198 [9/51] (7.17ns)   --->   "%call_ret2 = call i256 @sha256_transform, i32 %sha256ctx_state_0_1_out_load, i32 %sha256ctx_state_1_1_out_load, i32 %sha256ctx_state_2_1_out_load, i32 %sha256ctx_state_3_1_out_load, i32 %sha256ctx_state_4_1_out_load, i32 %sha256ctx_state_5_1_out_load, i32 %sha256ctx_state_6_1_out_load, i32 %sha256ctx_state_7_1_out_load, i8 %sha256ctx_data" [sha1/sha256_impl1.cpp:94]   --->   Operation 198 'call' 'call_ret2' <Predicate = (!icmp_ln90 & icmp_ln93)> <Delay = 7.17> <CoreType = "Generic">   --->   Core 0 '' <Latency = 0> <II = 1> <Delay = 1.00> <Generic> <Opcode : >

State 45 <SV = 44> <Delay = 7.17>
ST_45 : Operation 199 [8/51] (7.17ns)   --->   "%call_ret2 = call i256 @sha256_transform, i32 %sha256ctx_state_0_1_out_load, i32 %sha256ctx_state_1_1_out_load, i32 %sha256ctx_state_2_1_out_load, i32 %sha256ctx_state_3_1_out_load, i32 %sha256ctx_state_4_1_out_load, i32 %sha256ctx_state_5_1_out_load, i32 %sha256ctx_state_6_1_out_load, i32 %sha256ctx_state_7_1_out_load, i8 %sha256ctx_data" [sha1/sha256_impl1.cpp:94]   --->   Operation 199 'call' 'call_ret2' <Predicate = (!icmp_ln90 & icmp_ln93)> <Delay = 7.17> <CoreType = "Generic">   --->   Core 0 '' <Latency = 0> <II = 1> <Delay = 1.00> <Generic> <Opcode : >

State 46 <SV = 45> <Delay = 7.17>
ST_46 : Operation 200 [7/51] (7.17ns)   --->   "%call_ret2 = call i256 @sha256_transform, i32 %sha256ctx_state_0_1_out_load, i32 %sha256ctx_state_1_1_out_load, i32 %sha256ctx_state_2_1_out_load, i32 %sha256ctx_state_3_1_out_load, i32 %sha256ctx_state_4_1_out_load, i32 %sha256ctx_state_5_1_out_load, i32 %sha256ctx_state_6_1_out_load, i32 %sha256ctx_state_7_1_out_load, i8 %sha256ctx_data" [sha1/sha256_impl1.cpp:94]   --->   Operation 200 'call' 'call_ret2' <Predicate = (!icmp_ln90 & icmp_ln93)> <Delay = 7.17> <CoreType = "Generic">   --->   Core 0 '' <Latency = 0> <II = 1> <Delay = 1.00> <Generic> <Opcode : >

State 47 <SV = 46> <Delay = 7.17>
ST_47 : Operation 201 [6/51] (7.17ns)   --->   "%call_ret2 = call i256 @sha256_transform, i32 %sha256ctx_state_0_1_out_load, i32 %sha256ctx_state_1_1_out_load, i32 %sha256ctx_state_2_1_out_load, i32 %sha256ctx_state_3_1_out_load, i32 %sha256ctx_state_4_1_out_load, i32 %sha256ctx_state_5_1_out_load, i32 %sha256ctx_state_6_1_out_load, i32 %sha256ctx_state_7_1_out_load, i8 %sha256ctx_data" [sha1/sha256_impl1.cpp:94]   --->   Operation 201 'call' 'call_ret2' <Predicate = (!icmp_ln90 & icmp_ln93)> <Delay = 7.17> <CoreType = "Generic">   --->   Core 0 '' <Latency = 0> <II = 1> <Delay = 1.00> <Generic> <Opcode : >

State 48 <SV = 47> <Delay = 7.17>
ST_48 : Operation 202 [5/51] (7.17ns)   --->   "%call_ret2 = call i256 @sha256_transform, i32 %sha256ctx_state_0_1_out_load, i32 %sha256ctx_state_1_1_out_load, i32 %sha256ctx_state_2_1_out_load, i32 %sha256ctx_state_3_1_out_load, i32 %sha256ctx_state_4_1_out_load, i32 %sha256ctx_state_5_1_out_load, i32 %sha256ctx_state_6_1_out_load, i32 %sha256ctx_state_7_1_out_load, i8 %sha256ctx_data" [sha1/sha256_impl1.cpp:94]   --->   Operation 202 'call' 'call_ret2' <Predicate = (!icmp_ln90 & icmp_ln93)> <Delay = 7.17> <CoreType = "Generic">   --->   Core 0 '' <Latency = 0> <II = 1> <Delay = 1.00> <Generic> <Opcode : >

State 49 <SV = 48> <Delay = 7.17>
ST_49 : Operation 203 [4/51] (7.17ns)   --->   "%call_ret2 = call i256 @sha256_transform, i32 %sha256ctx_state_0_1_out_load, i32 %sha256ctx_state_1_1_out_load, i32 %sha256ctx_state_2_1_out_load, i32 %sha256ctx_state_3_1_out_load, i32 %sha256ctx_state_4_1_out_load, i32 %sha256ctx_state_5_1_out_load, i32 %sha256ctx_state_6_1_out_load, i32 %sha256ctx_state_7_1_out_load, i8 %sha256ctx_data" [sha1/sha256_impl1.cpp:94]   --->   Operation 203 'call' 'call_ret2' <Predicate = (!icmp_ln90 & icmp_ln93)> <Delay = 7.17> <CoreType = "Generic">   --->   Core 0 '' <Latency = 0> <II = 1> <Delay = 1.00> <Generic> <Opcode : >

State 50 <SV = 49> <Delay = 7.17>
ST_50 : Operation 204 [3/51] (7.17ns)   --->   "%call_ret2 = call i256 @sha256_transform, i32 %sha256ctx_state_0_1_out_load, i32 %sha256ctx_state_1_1_out_load, i32 %sha256ctx_state_2_1_out_load, i32 %sha256ctx_state_3_1_out_load, i32 %sha256ctx_state_4_1_out_load, i32 %sha256ctx_state_5_1_out_load, i32 %sha256ctx_state_6_1_out_load, i32 %sha256ctx_state_7_1_out_load, i8 %sha256ctx_data" [sha1/sha256_impl1.cpp:94]   --->   Operation 204 'call' 'call_ret2' <Predicate = (!icmp_ln90 & icmp_ln93)> <Delay = 7.17> <CoreType = "Generic">   --->   Core 0 '' <Latency = 0> <II = 1> <Delay = 1.00> <Generic> <Opcode : >

State 51 <SV = 50> <Delay = 7.17>
ST_51 : Operation 205 [2/51] (7.17ns)   --->   "%call_ret2 = call i256 @sha256_transform, i32 %sha256ctx_state_0_1_out_load, i32 %sha256ctx_state_1_1_out_load, i32 %sha256ctx_state_2_1_out_load, i32 %sha256ctx_state_3_1_out_load, i32 %sha256ctx_state_4_1_out_load, i32 %sha256ctx_state_5_1_out_load, i32 %sha256ctx_state_6_1_out_load, i32 %sha256ctx_state_7_1_out_load, i8 %sha256ctx_data" [sha1/sha256_impl1.cpp:94]   --->   Operation 205 'call' 'call_ret2' <Predicate = (!icmp_ln90 & icmp_ln93)> <Delay = 7.17> <CoreType = "Generic">   --->   Core 0 '' <Latency = 0> <II = 1> <Delay = 1.00> <Generic> <Opcode : >

State 52 <SV = 51> <Delay = 6.59>
ST_52 : Operation 206 [1/51] (6.59ns)   --->   "%call_ret2 = call i256 @sha256_transform, i32 %sha256ctx_state_0_1_out_load, i32 %sha256ctx_state_1_1_out_load, i32 %sha256ctx_state_2_1_out_load, i32 %sha256ctx_state_3_1_out_load, i32 %sha256ctx_state_4_1_out_load, i32 %sha256ctx_state_5_1_out_load, i32 %sha256ctx_state_6_1_out_load, i32 %sha256ctx_state_7_1_out_load, i8 %sha256ctx_data" [sha1/sha256_impl1.cpp:94]   --->   Operation 206 'call' 'call_ret2' <Predicate = (!icmp_ln90 & icmp_ln93)> <Delay = 6.59> <CoreType = "Generic">   --->   Core 0 '' <Latency = 0> <II = 1> <Delay = 1.00> <Generic> <Opcode : >
ST_52 : Operation 207 [1/1] (0.00ns)   --->   "%sha256ctx_state_0 = extractvalue i256 %call_ret2" [sha1/sha256_impl1.cpp:94]   --->   Operation 207 'extractvalue' 'sha256ctx_state_0' <Predicate = (!icmp_ln90 & icmp_ln93)> <Delay = 0.00>
ST_52 : Operation 208 [1/1] (0.00ns)   --->   "%sha256ctx_state_1 = extractvalue i256 %call_ret2" [sha1/sha256_impl1.cpp:94]   --->   Operation 208 'extractvalue' 'sha256ctx_state_1' <Predicate = (!icmp_ln90 & icmp_ln93)> <Delay = 0.00>
ST_52 : Operation 209 [1/1] (0.00ns)   --->   "%sha256ctx_state_2 = extractvalue i256 %call_ret2" [sha1/sha256_impl1.cpp:94]   --->   Operation 209 'extractvalue' 'sha256ctx_state_2' <Predicate = (!icmp_ln90 & icmp_ln93)> <Delay = 0.00>
ST_52 : Operation 210 [1/1] (0.00ns)   --->   "%sha256ctx_state_3 = extractvalue i256 %call_ret2" [sha1/sha256_impl1.cpp:94]   --->   Operation 210 'extractvalue' 'sha256ctx_state_3' <Predicate = (!icmp_ln90 & icmp_ln93)> <Delay = 0.00>
ST_52 : Operation 211 [1/1] (0.00ns)   --->   "%sha256ctx_state_4 = extractvalue i256 %call_ret2" [sha1/sha256_impl1.cpp:94]   --->   Operation 211 'extractvalue' 'sha256ctx_state_4' <Predicate = (!icmp_ln90 & icmp_ln93)> <Delay = 0.00>
ST_52 : Operation 212 [1/1] (0.00ns)   --->   "%sha256ctx_state_5 = extractvalue i256 %call_ret2" [sha1/sha256_impl1.cpp:94]   --->   Operation 212 'extractvalue' 'sha256ctx_state_5' <Predicate = (!icmp_ln90 & icmp_ln93)> <Delay = 0.00>
ST_52 : Operation 213 [1/1] (0.00ns)   --->   "%sha256ctx_state_6 = extractvalue i256 %call_ret2" [sha1/sha256_impl1.cpp:94]   --->   Operation 213 'extractvalue' 'sha256ctx_state_6' <Predicate = (!icmp_ln90 & icmp_ln93)> <Delay = 0.00>
ST_52 : Operation 214 [1/1] (0.00ns)   --->   "%sha256ctx_state_7 = extractvalue i256 %call_ret2" [sha1/sha256_impl1.cpp:94]   --->   Operation 214 'extractvalue' 'sha256ctx_state_7' <Predicate = (!icmp_ln90 & icmp_ln93)> <Delay = 0.00>
ST_52 : Operation 215 [1/1] (0.00ns)   --->   "%store_ln97 = store i32 %sha256ctx_state_5, i32 %sha256ctx_state_5_1_out" [sha1/sha256_impl1.cpp:97]   --->   Operation 215 'store' 'store_ln97' <Predicate = (!icmp_ln90 & icmp_ln93)> <Delay = 0.00>
ST_52 : Operation 216 [1/1] (0.00ns)   --->   "%store_ln97 = store i32 %sha256ctx_state_4, i32 %sha256ctx_state_4_1_out" [sha1/sha256_impl1.cpp:97]   --->   Operation 216 'store' 'store_ln97' <Predicate = (!icmp_ln90 & icmp_ln93)> <Delay = 0.00>
ST_52 : Operation 217 [1/1] (0.00ns)   --->   "%store_ln97 = store i32 %sha256ctx_state_3, i32 %sha256ctx_state_3_1_out" [sha1/sha256_impl1.cpp:97]   --->   Operation 217 'store' 'store_ln97' <Predicate = (!icmp_ln90 & icmp_ln93)> <Delay = 0.00>
ST_52 : Operation 218 [1/1] (0.00ns)   --->   "%store_ln97 = store i32 %sha256ctx_state_2, i32 %sha256ctx_state_2_1_out" [sha1/sha256_impl1.cpp:97]   --->   Operation 218 'store' 'store_ln97' <Predicate = (!icmp_ln90 & icmp_ln93)> <Delay = 0.00>
ST_52 : Operation 219 [1/1] (0.00ns)   --->   "%store_ln97 = store i32 %sha256ctx_state_1, i32 %sha256ctx_state_1_1_out" [sha1/sha256_impl1.cpp:97]   --->   Operation 219 'store' 'store_ln97' <Predicate = (!icmp_ln90 & icmp_ln93)> <Delay = 0.00>
ST_52 : Operation 220 [1/1] (0.00ns)   --->   "%store_ln97 = store i32 %sha256ctx_state_0, i32 %sha256ctx_state_0_1_out" [sha1/sha256_impl1.cpp:97]   --->   Operation 220 'store' 'store_ln97' <Predicate = (!icmp_ln90 & icmp_ln93)> <Delay = 0.00>
ST_52 : Operation 221 [1/1] (0.00ns)   --->   "%store_ln97 = store i32 %sha256ctx_state_6, i32 %sha256ctx_state_6_1_out" [sha1/sha256_impl1.cpp:97]   --->   Operation 221 'store' 'store_ln97' <Predicate = (!icmp_ln90 & icmp_ln93)> <Delay = 0.00>
ST_52 : Operation 222 [1/1] (0.00ns)   --->   "%store_ln97 = store i32 %sha256ctx_state_7, i32 %sha256ctx_state_7_1_out" [sha1/sha256_impl1.cpp:97]   --->   Operation 222 'store' 'store_ln97' <Predicate = (!icmp_ln90 & icmp_ln93)> <Delay = 0.00>
ST_52 : Operation 223 [1/1] (0.00ns)   --->   "%br_ln97 = br void %for.inc.i" [sha1/sha256_impl1.cpp:97]   --->   Operation 223 'br' 'br_ln97' <Predicate = (!icmp_ln90 & icmp_ln93)> <Delay = 0.00>
ST_52 : Operation 224 [1/1] (0.38ns)   --->   "%store_ln90 = store i7 %add_ln90, i7 %i_5" [sha1/sha256_impl1.cpp:90]   --->   Operation 224 'store' 'store_ln90' <Predicate = (!icmp_ln90)> <Delay = 0.38>
ST_52 : Operation 225 [1/1] (0.00ns)   --->   "%br_ln90 = br void %for.body.i" [sha1/sha256_impl1.cpp:90]   --->   Operation 225 'br' 'br_ln90' <Predicate = (!icmp_ln90)> <Delay = 0.00>


============================================================
+ Verbose Summary: Timing violations
============================================================
Target clock period: 10ns, clock uncertainty: 2.7ns.

 <State 1>: 2.25ns
The critical path consists of the following:
	'load' operation ('p_out2_load', sha1/sha256_impl1.cpp:92) on local variable 'p_out2' [152]  (0 ns)
	'add' operation ('add_ln92', sha1/sha256_impl1.cpp:92) [158]  (0.88 ns)
	'icmp' operation ('icmp_ln93', sha1/sha256_impl1.cpp:93) [159]  (0.859 ns)
	blocking operation 0.509 ns on control path)

 <State 2>: 7.13ns
The critical path consists of the following:
	'load' operation ('sha256ctx_state_7_1_out_load', sha1/sha256_impl1.cpp:94) on local variable 'sha256ctx_state_7_1_out' [167]  (0 ns)
	'call' operation ('call_ret2', sha1/sha256_impl1.cpp:94) to 'sha256_transform' [175]  (7.13 ns)

 <State 3>: 7.17ns
The critical path consists of the following:
	'call' operation ('call_ret2', sha1/sha256_impl1.cpp:94) to 'sha256_transform' [175]  (7.17 ns)

 <State 4>: 7.17ns
The critical path consists of the following:
	'call' operation ('call_ret2', sha1/sha256_impl1.cpp:94) to 'sha256_transform' [175]  (7.17 ns)

 <State 5>: 7.17ns
The critical path consists of the following:
	'call' operation ('call_ret2', sha1/sha256_impl1.cpp:94) to 'sha256_transform' [175]  (7.17 ns)

 <State 6>: 7.17ns
The critical path consists of the following:
	'call' operation ('call_ret2', sha1/sha256_impl1.cpp:94) to 'sha256_transform' [175]  (7.17 ns)

 <State 7>: 7.17ns
The critical path consists of the following:
	'call' operation ('call_ret2', sha1/sha256_impl1.cpp:94) to 'sha256_transform' [175]  (7.17 ns)

 <State 8>: 7.17ns
The critical path consists of the following:
	'call' operation ('call_ret2', sha1/sha256_impl1.cpp:94) to 'sha256_transform' [175]  (7.17 ns)

 <State 9>: 7.17ns
The critical path consists of the following:
	'call' operation ('call_ret2', sha1/sha256_impl1.cpp:94) to 'sha256_transform' [175]  (7.17 ns)

 <State 10>: 7.17ns
The critical path consists of the following:
	'call' operation ('call_ret2', sha1/sha256_impl1.cpp:94) to 'sha256_transform' [175]  (7.17 ns)

 <State 11>: 7.17ns
The critical path consists of the following:
	'call' operation ('call_ret2', sha1/sha256_impl1.cpp:94) to 'sha256_transform' [175]  (7.17 ns)

 <State 12>: 7.17ns
The critical path consists of the following:
	'call' operation ('call_ret2', sha1/sha256_impl1.cpp:94) to 'sha256_transform' [175]  (7.17 ns)

 <State 13>: 7.17ns
The critical path consists of the following:
	'call' operation ('call_ret2', sha1/sha256_impl1.cpp:94) to 'sha256_transform' [175]  (7.17 ns)

 <State 14>: 7.17ns
The critical path consists of the following:
	'call' operation ('call_ret2', sha1/sha256_impl1.cpp:94) to 'sha256_transform' [175]  (7.17 ns)

 <State 15>: 7.17ns
The critical path consists of the following:
	'call' operation ('call_ret2', sha1/sha256_impl1.cpp:94) to 'sha256_transform' [175]  (7.17 ns)

 <State 16>: 7.17ns
The critical path consists of the following:
	'call' operation ('call_ret2', sha1/sha256_impl1.cpp:94) to 'sha256_transform' [175]  (7.17 ns)

 <State 17>: 7.17ns
The critical path consists of the following:
	'call' operation ('call_ret2', sha1/sha256_impl1.cpp:94) to 'sha256_transform' [175]  (7.17 ns)

 <State 18>: 7.17ns
The critical path consists of the following:
	'call' operation ('call_ret2', sha1/sha256_impl1.cpp:94) to 'sha256_transform' [175]  (7.17 ns)

 <State 19>: 7.17ns
The critical path consists of the following:
	'call' operation ('call_ret2', sha1/sha256_impl1.cpp:94) to 'sha256_transform' [175]  (7.17 ns)

 <State 20>: 7.17ns
The critical path consists of the following:
	'call' operation ('call_ret2', sha1/sha256_impl1.cpp:94) to 'sha256_transform' [175]  (7.17 ns)

 <State 21>: 7.17ns
The critical path consists of the following:
	'call' operation ('call_ret2', sha1/sha256_impl1.cpp:94) to 'sha256_transform' [175]  (7.17 ns)

 <State 22>: 7.17ns
The critical path consists of the following:
	'call' operation ('call_ret2', sha1/sha256_impl1.cpp:94) to 'sha256_transform' [175]  (7.17 ns)

 <State 23>: 7.17ns
The critical path consists of the following:
	'call' operation ('call_ret2', sha1/sha256_impl1.cpp:94) to 'sha256_transform' [175]  (7.17 ns)

 <State 24>: 7.17ns
The critical path consists of the following:
	'call' operation ('call_ret2', sha1/sha256_impl1.cpp:94) to 'sha256_transform' [175]  (7.17 ns)

 <State 25>: 7.17ns
The critical path consists of the following:
	'call' operation ('call_ret2', sha1/sha256_impl1.cpp:94) to 'sha256_transform' [175]  (7.17 ns)

 <State 26>: 7.17ns
The critical path consists of the following:
	'call' operation ('call_ret2', sha1/sha256_impl1.cpp:94) to 'sha256_transform' [175]  (7.17 ns)

 <State 27>: 7.17ns
The critical path consists of the following:
	'call' operation ('call_ret2', sha1/sha256_impl1.cpp:94) to 'sha256_transform' [175]  (7.17 ns)

 <State 28>: 7.17ns
The critical path consists of the following:
	'call' operation ('call_ret2', sha1/sha256_impl1.cpp:94) to 'sha256_transform' [175]  (7.17 ns)

 <State 29>: 7.17ns
The critical path consists of the following:
	'call' operation ('call_ret2', sha1/sha256_impl1.cpp:94) to 'sha256_transform' [175]  (7.17 ns)

 <State 30>: 7.17ns
The critical path consists of the following:
	'call' operation ('call_ret2', sha1/sha256_impl1.cpp:94) to 'sha256_transform' [175]  (7.17 ns)

 <State 31>: 7.17ns
The critical path consists of the following:
	'call' operation ('call_ret2', sha1/sha256_impl1.cpp:94) to 'sha256_transform' [175]  (7.17 ns)

 <State 32>: 7.17ns
The critical path consists of the following:
	'call' operation ('call_ret2', sha1/sha256_impl1.cpp:94) to 'sha256_transform' [175]  (7.17 ns)

 <State 33>: 7.17ns
The critical path consists of the following:
	'call' operation ('call_ret2', sha1/sha256_impl1.cpp:94) to 'sha256_transform' [175]  (7.17 ns)

 <State 34>: 7.17ns
The critical path consists of the following:
	'call' operation ('call_ret2', sha1/sha256_impl1.cpp:94) to 'sha256_transform' [175]  (7.17 ns)

 <State 35>: 7.17ns
The critical path consists of the following:
	'call' operation ('call_ret2', sha1/sha256_impl1.cpp:94) to 'sha256_transform' [175]  (7.17 ns)

 <State 36>: 7.17ns
The critical path consists of the following:
	'call' operation ('call_ret2', sha1/sha256_impl1.cpp:94) to 'sha256_transform' [175]  (7.17 ns)

 <State 37>: 7.17ns
The critical path consists of the following:
	'call' operation ('call_ret2', sha1/sha256_impl1.cpp:94) to 'sha256_transform' [175]  (7.17 ns)

 <State 38>: 7.17ns
The critical path consists of the following:
	'call' operation ('call_ret2', sha1/sha256_impl1.cpp:94) to 'sha256_transform' [175]  (7.17 ns)

 <State 39>: 7.17ns
The critical path consists of the following:
	'call' operation ('call_ret2', sha1/sha256_impl1.cpp:94) to 'sha256_transform' [175]  (7.17 ns)

 <State 40>: 7.17ns
The critical path consists of the following:
	'call' operation ('call_ret2', sha1/sha256_impl1.cpp:94) to 'sha256_transform' [175]  (7.17 ns)

 <State 41>: 7.17ns
The critical path consists of the following:
	'call' operation ('call_ret2', sha1/sha256_impl1.cpp:94) to 'sha256_transform' [175]  (7.17 ns)

 <State 42>: 7.17ns
The critical path consists of the following:
	'call' operation ('call_ret2', sha1/sha256_impl1.cpp:94) to 'sha256_transform' [175]  (7.17 ns)

 <State 43>: 7.17ns
The critical path consists of the following:
	'call' operation ('call_ret2', sha1/sha256_impl1.cpp:94) to 'sha256_transform' [175]  (7.17 ns)

 <State 44>: 7.17ns
The critical path consists of the following:
	'call' operation ('call_ret2', sha1/sha256_impl1.cpp:94) to 'sha256_transform' [175]  (7.17 ns)

 <State 45>: 7.17ns
The critical path consists of the following:
	'call' operation ('call_ret2', sha1/sha256_impl1.cpp:94) to 'sha256_transform' [175]  (7.17 ns)

 <State 46>: 7.17ns
The critical path consists of the following:
	'call' operation ('call_ret2', sha1/sha256_impl1.cpp:94) to 'sha256_transform' [175]  (7.17 ns)

 <State 47>: 7.17ns
The critical path consists of the following:
	'call' operation ('call_ret2', sha1/sha256_impl1.cpp:94) to 'sha256_transform' [175]  (7.17 ns)

 <State 48>: 7.17ns
The critical path consists of the following:
	'call' operation ('call_ret2', sha1/sha256_impl1.cpp:94) to 'sha256_transform' [175]  (7.17 ns)

 <State 49>: 7.17ns
The critical path consists of the following:
	'call' operation ('call_ret2', sha1/sha256_impl1.cpp:94) to 'sha256_transform' [175]  (7.17 ns)

 <State 50>: 7.17ns
The critical path consists of the following:
	'call' operation ('call_ret2', sha1/sha256_impl1.cpp:94) to 'sha256_transform' [175]  (7.17 ns)

 <State 51>: 7.17ns
The critical path consists of the following:
	'call' operation ('call_ret2', sha1/sha256_impl1.cpp:94) to 'sha256_transform' [175]  (7.17 ns)

 <State 52>: 6.59ns
The critical path consists of the following:
	'call' operation ('call_ret2', sha1/sha256_impl1.cpp:94) to 'sha256_transform' [175]  (6.59 ns)


============================================================
+ Verbose Summary: Binding
============================================================
N/A
* FSMD analyzer results:
  - Output states:
 - Input state : 
  - Chain level:
	State 1
	State 2
	State 3
	State 4
	State 5
	State 6
	State 7
	State 8
	State 9
	State 10
	State 11
	State 12
	State 13
	State 14
	State 15
	State 16
	State 17
	State 18
	State 19
	State 20
	State 21
	State 22
	State 23
	State 24
	State 25
	State 26
	State 27
	State 28
	State 29
	State 30
	State 31
	State 32
	State 33
	State 34
	State 35
	State 36
	State 37
	State 38
	State 39
	State 40
	State 41
	State 42
	State 43
	State 44
	State 45
	State 46
	State 47
	State 48
	State 49
	State 50
	State 51
	State 52


============================================================
+ Verbose Summary: Datapath Resource usage 
============================================================
N/A
