

================================================================
== Vitis HLS Report for 'sha256_final_Pipeline_VITIS_LOOP_138_4'
================================================================
* Date:           Fri Jul 28 01:16:25 2023

* Version:        2022.1 (Build 3526262 on Mon Apr 18 15:47:01 MDT 2022)
* Project:        shav2
* Solution:       solution1 (Vivado IP Flow Target)
* Product family: virtexuplus
* Target device:  xcu280-fsvh2892-2L-e


================================================================
== Performance Estimates
================================================================
+ Timing: 
    * Summary: 
    +--------+----------+----------+------------+
    |  Clock |  Target  | Estimated| Uncertainty|
    +--------+----------+----------+------------+
    |ap_clk  |  10.00 ns|  1.760 ns|     2.70 ns|
    +--------+----------+----------+------------+

+ Latency: 
    * Summary: 
    +---------+---------+-----------+-----------+-----+-----+---------+
    |  Latency (cycles) |   Latency (absolute)  |  Interval | Pipeline|
    |   min   |   max   |    min    |    max    | min | max |   Type  |
    +---------+---------+-----------+-----------+-----+-----+---------+
    |        6|        6|  60.000 ns|  60.000 ns|    6|    6|       no|
    +---------+---------+-----------+-----------+-----+-----+---------+

    + Detail: 
        * Instance: 
        N/A

        * Loop: 
        +--------------------+---------+---------+----------+-----------+-----------+------+----------+
        |                    |  Latency (cycles) | Iteration|  Initiation Interval  | Trip |          |
        |      Loop Name     |   min   |   max   |  Latency |  achieved |   target  | Count| Pipelined|
        +--------------------+---------+---------+----------+-----------+-----------+------+----------+
        |- VITIS_LOOP_138_4  |        4|        4|         1|          1|          1|     4|       yes|
        +--------------------+---------+---------+----------+-----------+-----------+------+----------+

============================================================
+ Verbose Summary: Synthesis Manager
============================================================
InlineROM: 1
ExposeGlobal: 0
============================================================
+ Verbose Summary: CDFG Model
============================================================
IsTopModel: 0
ResetActiveHigh: 1
IsCombinational: 0
IsDatapathOnly: 0
HasWiredReturn: 1
HasMFsm: 2
HasVarLatency: 1
IsPipeline: 0
IsRtlPipelined: 0
IsInstanceOverlapped: 0
IsDontTouch: 0
HasImplIP: 0
IsGatedGlobalClock: 0

+ Individual pipeline summary: 
  * Pipeline-0: initiation interval (II) = 1, depth = 1


============================================================
+ Verbose Summary: Schedule
============================================================
* Number of FSM states : 1
* Pipeline : 1
  Pipeline-0 : II = 1, D = 1, States = { 1 }
* Dataflow Pipeline: 0

* FSM state transitions: 
1 --> 

* FSM state operations: 

State 1 <SV = 0> <Delay = 1.76>
ST_1 : Operation 4 [1/1] (0.00ns)   --->   "%i = alloca i32 1"   --->   Operation 4 'alloca' 'i' <Predicate = true> <Delay = 0.00>
ST_1 : Operation 5 [1/1] (0.00ns)   --->   "%hash_31_033 = alloca i32 1"   --->   Operation 5 'alloca' 'hash_31_033' <Predicate = true> <Delay = 0.00>
ST_1 : Operation 6 [1/1] (0.00ns)   --->   "%write_flag_0 = alloca i32 1"   --->   Operation 6 'alloca' 'write_flag_0' <Predicate = true> <Delay = 0.00>
ST_1 : Operation 7 [1/1] (0.00ns)   --->   "%write_flag97_0 = alloca i32 1"   --->   Operation 7 'alloca' 'write_flag97_0' <Predicate = true> <Delay = 0.00>
ST_1 : Operation 8 [1/1] (0.00ns)   --->   "%hash_30_034 = alloca i32 1"   --->   Operation 8 'alloca' 'hash_30_034' <Predicate = true> <Delay = 0.00>
ST_1 : Operation 9 [1/1] (0.00ns)   --->   "%hash_0_035 = alloca i32 1"   --->   Operation 9 'alloca' 'hash_0_035' <Predicate = true> <Delay = 0.00>
ST_1 : Operation 10 [1/1] (0.00ns)   --->   "%write_flag94_0 = alloca i32 1"   --->   Operation 10 'alloca' 'write_flag94_0' <Predicate = true> <Delay = 0.00>
ST_1 : Operation 11 [1/1] (0.00ns)   --->   "%hash_29_036 = alloca i32 1"   --->   Operation 11 'alloca' 'hash_29_036' <Predicate = true> <Delay = 0.00>
ST_1 : Operation 12 [1/1] (0.00ns)   --->   "%write_flag3_0 = alloca i32 1"   --->   Operation 12 'alloca' 'write_flag3_0' <Predicate = true> <Delay = 0.00>
ST_1 : Operation 13 [1/1] (0.00ns)   --->   "%write_flag91_0 = alloca i32 1"   --->   Operation 13 'alloca' 'write_flag91_0' <Predicate = true> <Delay = 0.00>
ST_1 : Operation 14 [1/1] (0.00ns)   --->   "%hash_28_037 = alloca i32 1"   --->   Operation 14 'alloca' 'hash_28_037' <Predicate = true> <Delay = 0.00>
ST_1 : Operation 15 [1/1] (0.00ns)   --->   "%hash_1_038 = alloca i32 1"   --->   Operation 15 'alloca' 'hash_1_038' <Predicate = true> <Delay = 0.00>
ST_1 : Operation 16 [1/1] (0.00ns)   --->   "%write_flag88_0 = alloca i32 1"   --->   Operation 16 'alloca' 'write_flag88_0' <Predicate = true> <Delay = 0.00>
ST_1 : Operation 17 [1/1] (0.00ns)   --->   "%hash_2786_039 = alloca i32 1"   --->   Operation 17 'alloca' 'hash_2786_039' <Predicate = true> <Delay = 0.00>
ST_1 : Operation 18 [1/1] (0.00ns)   --->   "%write_flag6_0 = alloca i32 1"   --->   Operation 18 'alloca' 'write_flag6_0' <Predicate = true> <Delay = 0.00>
ST_1 : Operation 19 [1/1] (0.00ns)   --->   "%write_flag84_0 = alloca i32 1"   --->   Operation 19 'alloca' 'write_flag84_0' <Predicate = true> <Delay = 0.00>
ST_1 : Operation 20 [1/1] (0.00ns)   --->   "%hash_26_040 = alloca i32 1"   --->   Operation 20 'alloca' 'hash_26_040' <Predicate = true> <Delay = 0.00>
ST_1 : Operation 21 [1/1] (0.00ns)   --->   "%hash_2_041 = alloca i32 1"   --->   Operation 21 'alloca' 'hash_2_041' <Predicate = true> <Delay = 0.00>
ST_1 : Operation 22 [1/1] (0.00ns)   --->   "%write_flag80_0 = alloca i32 1"   --->   Operation 22 'alloca' 'write_flag80_0' <Predicate = true> <Delay = 0.00>
ST_1 : Operation 23 [1/1] (0.00ns)   --->   "%hash_25_042 = alloca i32 1"   --->   Operation 23 'alloca' 'hash_25_042' <Predicate = true> <Delay = 0.00>
ST_1 : Operation 24 [1/1] (0.00ns)   --->   "%write_flag9_0 = alloca i32 1"   --->   Operation 24 'alloca' 'write_flag9_0' <Predicate = true> <Delay = 0.00>
ST_1 : Operation 25 [1/1] (0.00ns)   --->   "%write_flag77_0 = alloca i32 1"   --->   Operation 25 'alloca' 'write_flag77_0' <Predicate = true> <Delay = 0.00>
ST_1 : Operation 26 [1/1] (0.00ns)   --->   "%hash_24_043 = alloca i32 1"   --->   Operation 26 'alloca' 'hash_24_043' <Predicate = true> <Delay = 0.00>
ST_1 : Operation 27 [1/1] (0.00ns)   --->   "%hash_3_044 = alloca i32 1"   --->   Operation 27 'alloca' 'hash_3_044' <Predicate = true> <Delay = 0.00>
ST_1 : Operation 28 [1/1] (0.00ns)   --->   "%write_flag74_0 = alloca i32 1"   --->   Operation 28 'alloca' 'write_flag74_0' <Predicate = true> <Delay = 0.00>
ST_1 : Operation 29 [1/1] (0.00ns)   --->   "%hash_23_045 = alloca i32 1"   --->   Operation 29 'alloca' 'hash_23_045' <Predicate = true> <Delay = 0.00>
ST_1 : Operation 30 [1/1] (0.00ns)   --->   "%write_flag12_0 = alloca i32 1"   --->   Operation 30 'alloca' 'write_flag12_0' <Predicate = true> <Delay = 0.00>
ST_1 : Operation 31 [1/1] (0.00ns)   --->   "%write_flag71_0 = alloca i32 1"   --->   Operation 31 'alloca' 'write_flag71_0' <Predicate = true> <Delay = 0.00>
ST_1 : Operation 32 [1/1] (0.00ns)   --->   "%hash_22_046 = alloca i32 1"   --->   Operation 32 'alloca' 'hash_22_046' <Predicate = true> <Delay = 0.00>
ST_1 : Operation 33 [1/1] (0.00ns)   --->   "%hash_4_047 = alloca i32 1"   --->   Operation 33 'alloca' 'hash_4_047' <Predicate = true> <Delay = 0.00>
ST_1 : Operation 34 [1/1] (0.00ns)   --->   "%write_flag68_0 = alloca i32 1"   --->   Operation 34 'alloca' 'write_flag68_0' <Predicate = true> <Delay = 0.00>
ST_1 : Operation 35 [1/1] (0.00ns)   --->   "%hash_21_048 = alloca i32 1"   --->   Operation 35 'alloca' 'hash_21_048' <Predicate = true> <Delay = 0.00>
ST_1 : Operation 36 [1/1] (0.00ns)   --->   "%write_flag15_0 = alloca i32 1"   --->   Operation 36 'alloca' 'write_flag15_0' <Predicate = true> <Delay = 0.00>
ST_1 : Operation 37 [1/1] (0.00ns)   --->   "%write_flag65_0 = alloca i32 1"   --->   Operation 37 'alloca' 'write_flag65_0' <Predicate = true> <Delay = 0.00>
ST_1 : Operation 38 [1/1] (0.00ns)   --->   "%hash_20_049 = alloca i32 1"   --->   Operation 38 'alloca' 'hash_20_049' <Predicate = true> <Delay = 0.00>
ST_1 : Operation 39 [1/1] (0.00ns)   --->   "%hash_5_050 = alloca i32 1"   --->   Operation 39 'alloca' 'hash_5_050' <Predicate = true> <Delay = 0.00>
ST_1 : Operation 40 [1/1] (0.00ns)   --->   "%write_flag62_0 = alloca i32 1"   --->   Operation 40 'alloca' 'write_flag62_0' <Predicate = true> <Delay = 0.00>
ST_1 : Operation 41 [1/1] (0.00ns)   --->   "%hash_19_051 = alloca i32 1"   --->   Operation 41 'alloca' 'hash_19_051' <Predicate = true> <Delay = 0.00>
ST_1 : Operation 42 [1/1] (0.00ns)   --->   "%write_flag18_0 = alloca i32 1"   --->   Operation 42 'alloca' 'write_flag18_0' <Predicate = true> <Delay = 0.00>
ST_1 : Operation 43 [1/1] (0.00ns)   --->   "%write_flag59_0 = alloca i32 1"   --->   Operation 43 'alloca' 'write_flag59_0' <Predicate = true> <Delay = 0.00>
ST_1 : Operation 44 [1/1] (0.00ns)   --->   "%hash_18_052 = alloca i32 1"   --->   Operation 44 'alloca' 'hash_18_052' <Predicate = true> <Delay = 0.00>
ST_1 : Operation 45 [1/1] (0.00ns)   --->   "%hash_6_053 = alloca i32 1"   --->   Operation 45 'alloca' 'hash_6_053' <Predicate = true> <Delay = 0.00>
ST_1 : Operation 46 [1/1] (0.00ns)   --->   "%write_flag56_0 = alloca i32 1"   --->   Operation 46 'alloca' 'write_flag56_0' <Predicate = true> <Delay = 0.00>
ST_1 : Operation 47 [1/1] (0.00ns)   --->   "%hash_17_054 = alloca i32 1"   --->   Operation 47 'alloca' 'hash_17_054' <Predicate = true> <Delay = 0.00>
ST_1 : Operation 48 [1/1] (0.00ns)   --->   "%write_flag21_0 = alloca i32 1"   --->   Operation 48 'alloca' 'write_flag21_0' <Predicate = true> <Delay = 0.00>
ST_1 : Operation 49 [1/1] (0.00ns)   --->   "%write_flag53_0 = alloca i32 1"   --->   Operation 49 'alloca' 'write_flag53_0' <Predicate = true> <Delay = 0.00>
ST_1 : Operation 50 [1/1] (0.00ns)   --->   "%hash_16_055 = alloca i32 1"   --->   Operation 50 'alloca' 'hash_16_055' <Predicate = true> <Delay = 0.00>
ST_1 : Operation 51 [1/1] (0.00ns)   --->   "%hash_7_056 = alloca i32 1"   --->   Operation 51 'alloca' 'hash_7_056' <Predicate = true> <Delay = 0.00>
ST_1 : Operation 52 [1/1] (0.00ns)   --->   "%write_flag50_0 = alloca i32 1"   --->   Operation 52 'alloca' 'write_flag50_0' <Predicate = true> <Delay = 0.00>
ST_1 : Operation 53 [1/1] (0.00ns)   --->   "%hash_15_057 = alloca i32 1"   --->   Operation 53 'alloca' 'hash_15_057' <Predicate = true> <Delay = 0.00>
ST_1 : Operation 54 [1/1] (0.00ns)   --->   "%write_flag24_0 = alloca i32 1"   --->   Operation 54 'alloca' 'write_flag24_0' <Predicate = true> <Delay = 0.00>
ST_1 : Operation 55 [1/1] (0.00ns)   --->   "%write_flag47_0 = alloca i32 1"   --->   Operation 55 'alloca' 'write_flag47_0' <Predicate = true> <Delay = 0.00>
ST_1 : Operation 56 [1/1] (0.00ns)   --->   "%hash_1445_058 = alloca i32 1"   --->   Operation 56 'alloca' 'hash_1445_058' <Predicate = true> <Delay = 0.00>
ST_1 : Operation 57 [1/1] (0.00ns)   --->   "%hash_8_059 = alloca i32 1"   --->   Operation 57 'alloca' 'hash_8_059' <Predicate = true> <Delay = 0.00>
ST_1 : Operation 58 [1/1] (0.00ns)   --->   "%write_flag43_0 = alloca i32 1"   --->   Operation 58 'alloca' 'write_flag43_0' <Predicate = true> <Delay = 0.00>
ST_1 : Operation 59 [1/1] (0.00ns)   --->   "%hash_13_060 = alloca i32 1"   --->   Operation 59 'alloca' 'hash_13_060' <Predicate = true> <Delay = 0.00>
ST_1 : Operation 60 [1/1] (0.00ns)   --->   "%write_flag27_0 = alloca i32 1"   --->   Operation 60 'alloca' 'write_flag27_0' <Predicate = true> <Delay = 0.00>
ST_1 : Operation 61 [1/1] (0.00ns)   --->   "%write_flag39_0 = alloca i32 1"   --->   Operation 61 'alloca' 'write_flag39_0' <Predicate = true> <Delay = 0.00>
ST_1 : Operation 62 [1/1] (0.00ns)   --->   "%hash_12_061 = alloca i32 1"   --->   Operation 62 'alloca' 'hash_12_061' <Predicate = true> <Delay = 0.00>
ST_1 : Operation 63 [1/1] (0.00ns)   --->   "%hash_9_062 = alloca i32 1"   --->   Operation 63 'alloca' 'hash_9_062' <Predicate = true> <Delay = 0.00>
ST_1 : Operation 64 [1/1] (0.00ns)   --->   "%write_flag36_0 = alloca i32 1"   --->   Operation 64 'alloca' 'write_flag36_0' <Predicate = true> <Delay = 0.00>
ST_1 : Operation 65 [1/1] (0.00ns)   --->   "%hash_11_063 = alloca i32 1"   --->   Operation 65 'alloca' 'hash_11_063' <Predicate = true> <Delay = 0.00>
ST_1 : Operation 66 [1/1] (0.00ns)   --->   "%write_flag30_0 = alloca i32 1"   --->   Operation 66 'alloca' 'write_flag30_0' <Predicate = true> <Delay = 0.00>
ST_1 : Operation 67 [1/1] (0.00ns)   --->   "%write_flag33_0 = alloca i32 1"   --->   Operation 67 'alloca' 'write_flag33_0' <Predicate = true> <Delay = 0.00>
ST_1 : Operation 68 [1/1] (0.00ns)   --->   "%hash_10_064 = alloca i32 1"   --->   Operation 68 'alloca' 'hash_10_064' <Predicate = true> <Delay = 0.00>
ST_1 : Operation 69 [1/1] (0.00ns)   --->   "%ctx_state_7_ret1_read = read i32 @_ssdm_op_Read.ap_auto.i32, i32 %ctx_state_7_ret1"   --->   Operation 69 'read' 'ctx_state_7_ret1_read' <Predicate = true> <Delay = 0.00>
ST_1 : Operation 70 [1/1] (0.00ns)   --->   "%ctx_state_6_ret1_read = read i32 @_ssdm_op_Read.ap_auto.i32, i32 %ctx_state_6_ret1"   --->   Operation 70 'read' 'ctx_state_6_ret1_read' <Predicate = true> <Delay = 0.00>
ST_1 : Operation 71 [1/1] (0.00ns)   --->   "%ctx_state_5_ret1_read = read i32 @_ssdm_op_Read.ap_auto.i32, i32 %ctx_state_5_ret1"   --->   Operation 71 'read' 'ctx_state_5_ret1_read' <Predicate = true> <Delay = 0.00>
ST_1 : Operation 72 [1/1] (0.00ns)   --->   "%ctx_state_4_ret1_read = read i32 @_ssdm_op_Read.ap_auto.i32, i32 %ctx_state_4_ret1"   --->   Operation 72 'read' 'ctx_state_4_ret1_read' <Predicate = true> <Delay = 0.00>
ST_1 : Operation 73 [1/1] (0.00ns)   --->   "%ctx_state_3_ret1_read = read i32 @_ssdm_op_Read.ap_auto.i32, i32 %ctx_state_3_ret1"   --->   Operation 73 'read' 'ctx_state_3_ret1_read' <Predicate = true> <Delay = 0.00>
ST_1 : Operation 74 [1/1] (0.00ns)   --->   "%ctx_state_2_ret1_read = read i32 @_ssdm_op_Read.ap_auto.i32, i32 %ctx_state_2_ret1"   --->   Operation 74 'read' 'ctx_state_2_ret1_read' <Predicate = true> <Delay = 0.00>
ST_1 : Operation 75 [1/1] (0.00ns)   --->   "%ctx_state_1_ret1_read = read i32 @_ssdm_op_Read.ap_auto.i32, i32 %ctx_state_1_ret1"   --->   Operation 75 'read' 'ctx_state_1_ret1_read' <Predicate = true> <Delay = 0.00>
ST_1 : Operation 76 [1/1] (0.00ns)   --->   "%ctx_state_0_ret1_read = read i32 @_ssdm_op_Read.ap_auto.i32, i32 %ctx_state_0_ret1"   --->   Operation 76 'read' 'ctx_state_0_ret1_read' <Predicate = true> <Delay = 0.00>
ST_1 : Operation 77 [1/1] (0.38ns)   --->   "%store_ln0 = store i1 0, i1 %write_flag33_0"   --->   Operation 77 'store' 'store_ln0' <Predicate = true> <Delay = 0.38>
ST_1 : Operation 78 [1/1] (0.38ns)   --->   "%store_ln0 = store i1 0, i1 %write_flag30_0"   --->   Operation 78 'store' 'store_ln0' <Predicate = true> <Delay = 0.38>
ST_1 : Operation 79 [1/1] (0.38ns)   --->   "%store_ln0 = store i1 0, i1 %write_flag36_0"   --->   Operation 79 'store' 'store_ln0' <Predicate = true> <Delay = 0.38>
ST_1 : Operation 80 [1/1] (0.38ns)   --->   "%store_ln0 = store i1 0, i1 %write_flag39_0"   --->   Operation 80 'store' 'store_ln0' <Predicate = true> <Delay = 0.38>
ST_1 : Operation 81 [1/1] (0.38ns)   --->   "%store_ln0 = store i1 0, i1 %write_flag27_0"   --->   Operation 81 'store' 'store_ln0' <Predicate = true> <Delay = 0.38>
ST_1 : Operation 82 [1/1] (0.38ns)   --->   "%store_ln0 = store i1 0, i1 %write_flag43_0"   --->   Operation 82 'store' 'store_ln0' <Predicate = true> <Delay = 0.38>
ST_1 : Operation 83 [1/1] (0.38ns)   --->   "%store_ln0 = store i1 0, i1 %write_flag47_0"   --->   Operation 83 'store' 'store_ln0' <Predicate = true> <Delay = 0.38>
ST_1 : Operation 84 [1/1] (0.38ns)   --->   "%store_ln0 = store i1 0, i1 %write_flag24_0"   --->   Operation 84 'store' 'store_ln0' <Predicate = true> <Delay = 0.38>
ST_1 : Operation 85 [1/1] (0.38ns)   --->   "%store_ln0 = store i1 0, i1 %write_flag50_0"   --->   Operation 85 'store' 'store_ln0' <Predicate = true> <Delay = 0.38>
ST_1 : Operation 86 [1/1] (0.38ns)   --->   "%store_ln0 = store i1 0, i1 %write_flag53_0"   --->   Operation 86 'store' 'store_ln0' <Predicate = true> <Delay = 0.38>
ST_1 : Operation 87 [1/1] (0.38ns)   --->   "%store_ln0 = store i1 0, i1 %write_flag21_0"   --->   Operation 87 'store' 'store_ln0' <Predicate = true> <Delay = 0.38>
ST_1 : Operation 88 [1/1] (0.38ns)   --->   "%store_ln0 = store i1 0, i1 %write_flag56_0"   --->   Operation 88 'store' 'store_ln0' <Predicate = true> <Delay = 0.38>
ST_1 : Operation 89 [1/1] (0.38ns)   --->   "%store_ln0 = store i1 0, i1 %write_flag59_0"   --->   Operation 89 'store' 'store_ln0' <Predicate = true> <Delay = 0.38>
ST_1 : Operation 90 [1/1] (0.38ns)   --->   "%store_ln0 = store i1 0, i1 %write_flag18_0"   --->   Operation 90 'store' 'store_ln0' <Predicate = true> <Delay = 0.38>
ST_1 : Operation 91 [1/1] (0.38ns)   --->   "%store_ln0 = store i1 0, i1 %write_flag62_0"   --->   Operation 91 'store' 'store_ln0' <Predicate = true> <Delay = 0.38>
ST_1 : Operation 92 [1/1] (0.38ns)   --->   "%store_ln0 = store i1 0, i1 %write_flag65_0"   --->   Operation 92 'store' 'store_ln0' <Predicate = true> <Delay = 0.38>
ST_1 : Operation 93 [1/1] (0.38ns)   --->   "%store_ln0 = store i1 0, i1 %write_flag15_0"   --->   Operation 93 'store' 'store_ln0' <Predicate = true> <Delay = 0.38>
ST_1 : Operation 94 [1/1] (0.38ns)   --->   "%store_ln0 = store i1 0, i1 %write_flag68_0"   --->   Operation 94 'store' 'store_ln0' <Predicate = true> <Delay = 0.38>
ST_1 : Operation 95 [1/1] (0.38ns)   --->   "%store_ln0 = store i1 0, i1 %write_flag71_0"   --->   Operation 95 'store' 'store_ln0' <Predicate = true> <Delay = 0.38>
ST_1 : Operation 96 [1/1] (0.38ns)   --->   "%store_ln0 = store i1 0, i1 %write_flag12_0"   --->   Operation 96 'store' 'store_ln0' <Predicate = true> <Delay = 0.38>
ST_1 : Operation 97 [1/1] (0.38ns)   --->   "%store_ln0 = store i1 0, i1 %write_flag74_0"   --->   Operation 97 'store' 'store_ln0' <Predicate = true> <Delay = 0.38>
ST_1 : Operation 98 [1/1] (0.38ns)   --->   "%store_ln0 = store i1 0, i1 %write_flag77_0"   --->   Operation 98 'store' 'store_ln0' <Predicate = true> <Delay = 0.38>
ST_1 : Operation 99 [1/1] (0.38ns)   --->   "%store_ln0 = store i1 0, i1 %write_flag9_0"   --->   Operation 99 'store' 'store_ln0' <Predicate = true> <Delay = 0.38>
ST_1 : Operation 100 [1/1] (0.38ns)   --->   "%store_ln0 = store i1 0, i1 %write_flag80_0"   --->   Operation 100 'store' 'store_ln0' <Predicate = true> <Delay = 0.38>
ST_1 : Operation 101 [1/1] (0.38ns)   --->   "%store_ln0 = store i1 0, i1 %write_flag84_0"   --->   Operation 101 'store' 'store_ln0' <Predicate = true> <Delay = 0.38>
ST_1 : Operation 102 [1/1] (0.38ns)   --->   "%store_ln0 = store i1 0, i1 %write_flag6_0"   --->   Operation 102 'store' 'store_ln0' <Predicate = true> <Delay = 0.38>
ST_1 : Operation 103 [1/1] (0.38ns)   --->   "%store_ln0 = store i1 0, i1 %write_flag88_0"   --->   Operation 103 'store' 'store_ln0' <Predicate = true> <Delay = 0.38>
ST_1 : Operation 104 [1/1] (0.38ns)   --->   "%store_ln0 = store i1 0, i1 %write_flag91_0"   --->   Operation 104 'store' 'store_ln0' <Predicate = true> <Delay = 0.38>
ST_1 : Operation 105 [1/1] (0.38ns)   --->   "%store_ln0 = store i1 0, i1 %write_flag3_0"   --->   Operation 105 'store' 'store_ln0' <Predicate = true> <Delay = 0.38>
ST_1 : Operation 106 [1/1] (0.38ns)   --->   "%store_ln0 = store i1 0, i1 %write_flag94_0"   --->   Operation 106 'store' 'store_ln0' <Predicate = true> <Delay = 0.38>
ST_1 : Operation 107 [1/1] (0.38ns)   --->   "%store_ln0 = store i1 0, i1 %write_flag97_0"   --->   Operation 107 'store' 'store_ln0' <Predicate = true> <Delay = 0.38>
ST_1 : Operation 108 [1/1] (0.38ns)   --->   "%store_ln0 = store i1 0, i1 %write_flag_0"   --->   Operation 108 'store' 'store_ln0' <Predicate = true> <Delay = 0.38>
ST_1 : Operation 109 [1/1] (0.38ns)   --->   "%store_ln0 = store i3 0, i3 %i"   --->   Operation 109 'store' 'store_ln0' <Predicate = true> <Delay = 0.38>
ST_1 : Operation 110 [1/1] (0.00ns)   --->   "%br_ln0 = br void %for.inc163"   --->   Operation 110 'br' 'br_ln0' <Predicate = true> <Delay = 0.00>
ST_1 : Operation 111 [1/1] (0.00ns)   --->   "%i_1 = load i3 %i" [sha1/sha256_impl1.cpp:139]   --->   Operation 111 'load' 'i_1' <Predicate = true> <Delay = 0.00>
ST_1 : Operation 112 [1/1] (0.00ns)   --->   "%specpipeline_ln0 = specpipeline void @_ssdm_op_SpecPipeline, i32 4294967295, i32 0, i32 1, i32 0, void @p_str"   --->   Operation 112 'specpipeline' 'specpipeline_ln0' <Predicate = true> <Delay = 0.00>
ST_1 : Operation 113 [1/1] (0.49ns)   --->   "%icmp_ln138 = icmp_eq  i3 %i_1, i3 4" [sha1/sha256_impl1.cpp:138]   --->   Operation 113 'icmp' 'icmp_ln138' <Predicate = true> <Delay = 0.49> <CoreInst = "Cmp">   --->   Core 9 'Cmp' <Latency = 0> <II = 1> <Delay = 0.49> <FuncUnit> <Opcode : 'icmp'> <InPorts = 2> <OutPorts = 1>
ST_1 : Operation 114 [1/1] (0.00ns)   --->   "%empty = speclooptripcount i32 @_ssdm_op_SpecLoopTripCount, i64 4, i64 4, i64 4"   --->   Operation 114 'speclooptripcount' 'empty' <Predicate = true> <Delay = 0.00>
ST_1 : Operation 115 [1/1] (0.57ns)   --->   "%add_ln138 = add i3 %i_1, i3 1" [sha1/sha256_impl1.cpp:138]   --->   Operation 115 'add' 'add_ln138' <Predicate = true> <Delay = 0.57> <CoreInst = "Adder">   --->   Core 1 'Adder' <Latency = 0> <II = 1> <Delay = 0.57> <FuncUnit> <Opcode : 'add' 'sub'> <InPorts = 2> <OutPorts = 1>
ST_1 : Operation 116 [1/1] (0.00ns)   --->   "%br_ln138 = br i1 %icmp_ln138, void %for.inc163.split, void %for.end165.exitStub" [sha1/sha256_impl1.cpp:138]   --->   Operation 116 'br' 'br_ln138' <Predicate = true> <Delay = 0.00>
ST_1 : Operation 117 [1/1] (0.00ns)   --->   "%specloopname_ln103 = specloopname void @_ssdm_op_SpecLoopName, void @empty_5" [sha1/sha256_impl1.cpp:103]   --->   Operation 117 'specloopname' 'specloopname_ln103' <Predicate = (!icmp_ln138)> <Delay = 0.00>
ST_1 : Operation 118 [1/1] (0.00ns)   --->   "%trunc_ln139 = trunc i3 %i_1" [sha1/sha256_impl1.cpp:139]   --->   Operation 118 'trunc' 'trunc_ln139' <Predicate = (!icmp_ln138)> <Delay = 0.00>
ST_1 : Operation 119 [1/1] (0.00ns)   --->   "%shl_ln1 = bitconcatenate i5 @_ssdm_op_BitConcatenate.i5.i2.i3, i2 %trunc_ln139, i3 0" [sha1/sha256_impl1.cpp:139]   --->   Operation 119 'bitconcatenate' 'shl_ln1' <Predicate = (!icmp_ln138)> <Delay = 0.00>
ST_1 : Operation 120 [1/1] (0.70ns)   --->   "%sub_ln139 = sub i5 24, i5 %shl_ln1" [sha1/sha256_impl1.cpp:139]   --->   Operation 120 'sub' 'sub_ln139' <Predicate = (!icmp_ln138)> <Delay = 0.70> <CoreInst = "Adder">   --->   Core 1 'Adder' <Latency = 0> <II = 1> <Delay = 0.70> <FuncUnit> <Opcode : 'add' 'sub'> <InPorts = 2> <OutPorts = 1>
ST_1 : Operation 121 [1/1] (0.00ns)   --->   "%zext_ln139 = zext i5 %sub_ln139" [sha1/sha256_impl1.cpp:139]   --->   Operation 121 'zext' 'zext_ln139' <Predicate = (!icmp_ln138)> <Delay = 0.00>
ST_1 : Operation 122 [1/1] (1.05ns)   --->   "%lshr_ln139 = lshr i32 %ctx_state_0_ret1_read, i32 %zext_ln139" [sha1/sha256_impl1.cpp:139]   --->   Operation 122 'lshr' 'lshr_ln139' <Predicate = (!icmp_ln138)> <Delay = 1.05> <CoreInst = "Shifter">   --->   Core 75 'Shifter' <Latency = 0> <II = 1> <Delay = 1.05> <FuncUnit> <Opcode : 'shl' 'lshr' 'ashr'> <InPorts = 2> <OutPorts = 1>
ST_1 : Operation 123 [1/1] (0.00ns)   --->   "%trunc_ln139_1 = trunc i32 %lshr_ln139" [sha1/sha256_impl1.cpp:139]   --->   Operation 123 'trunc' 'trunc_ln139_1' <Predicate = (!icmp_ln138)> <Delay = 0.00>
ST_1 : Operation 124 [1/1] (1.05ns)   --->   "%lshr_ln140 = lshr i32 %ctx_state_1_ret1_read, i32 %zext_ln139" [sha1/sha256_impl1.cpp:140]   --->   Operation 124 'lshr' 'lshr_ln140' <Predicate = (!icmp_ln138)> <Delay = 1.05> <CoreInst = "Shifter">   --->   Core 75 'Shifter' <Latency = 0> <II = 1> <Delay = 1.05> <FuncUnit> <Opcode : 'shl' 'lshr' 'ashr'> <InPorts = 2> <OutPorts = 1>
ST_1 : Operation 125 [1/1] (0.00ns)   --->   "%trunc_ln140 = trunc i32 %lshr_ln140" [sha1/sha256_impl1.cpp:140]   --->   Operation 125 'trunc' 'trunc_ln140' <Predicate = (!icmp_ln138)> <Delay = 0.00>
ST_1 : Operation 126 [1/1] (1.05ns)   --->   "%lshr_ln141 = lshr i32 %ctx_state_2_ret1_read, i32 %zext_ln139" [sha1/sha256_impl1.cpp:141]   --->   Operation 126 'lshr' 'lshr_ln141' <Predicate = (!icmp_ln138)> <Delay = 1.05> <CoreInst = "Shifter">   --->   Core 75 'Shifter' <Latency = 0> <II = 1> <Delay = 1.05> <FuncUnit> <Opcode : 'shl' 'lshr' 'ashr'> <InPorts = 2> <OutPorts = 1>
ST_1 : Operation 127 [1/1] (0.00ns)   --->   "%trunc_ln141 = trunc i32 %lshr_ln141" [sha1/sha256_impl1.cpp:141]   --->   Operation 127 'trunc' 'trunc_ln141' <Predicate = (!icmp_ln138)> <Delay = 0.00>
ST_1 : Operation 128 [1/1] (1.05ns)   --->   "%lshr_ln142 = lshr i32 %ctx_state_3_ret1_read, i32 %zext_ln139" [sha1/sha256_impl1.cpp:142]   --->   Operation 128 'lshr' 'lshr_ln142' <Predicate = (!icmp_ln138)> <Delay = 1.05> <CoreInst = "Shifter">   --->   Core 75 'Shifter' <Latency = 0> <II = 1> <Delay = 1.05> <FuncUnit> <Opcode : 'shl' 'lshr' 'ashr'> <InPorts = 2> <OutPorts = 1>
ST_1 : Operation 129 [1/1] (0.00ns)   --->   "%trunc_ln142 = trunc i32 %lshr_ln142" [sha1/sha256_impl1.cpp:142]   --->   Operation 129 'trunc' 'trunc_ln142' <Predicate = (!icmp_ln138)> <Delay = 0.00>
ST_1 : Operation 130 [1/1] (1.05ns)   --->   "%lshr_ln143 = lshr i32 %ctx_state_4_ret1_read, i32 %zext_ln139" [sha1/sha256_impl1.cpp:143]   --->   Operation 130 'lshr' 'lshr_ln143' <Predicate = (!icmp_ln138)> <Delay = 1.05> <CoreInst = "Shifter">   --->   Core 75 'Shifter' <Latency = 0> <II = 1> <Delay = 1.05> <FuncUnit> <Opcode : 'shl' 'lshr' 'ashr'> <InPorts = 2> <OutPorts = 1>
ST_1 : Operation 131 [1/1] (0.00ns)   --->   "%trunc_ln143 = trunc i32 %lshr_ln143" [sha1/sha256_impl1.cpp:143]   --->   Operation 131 'trunc' 'trunc_ln143' <Predicate = (!icmp_ln138)> <Delay = 0.00>
ST_1 : Operation 132 [1/1] (1.05ns)   --->   "%lshr_ln144 = lshr i32 %ctx_state_5_ret1_read, i32 %zext_ln139" [sha1/sha256_impl1.cpp:144]   --->   Operation 132 'lshr' 'lshr_ln144' <Predicate = (!icmp_ln138)> <Delay = 1.05> <CoreInst = "Shifter">   --->   Core 75 'Shifter' <Latency = 0> <II = 1> <Delay = 1.05> <FuncUnit> <Opcode : 'shl' 'lshr' 'ashr'> <InPorts = 2> <OutPorts = 1>
ST_1 : Operation 133 [1/1] (0.00ns)   --->   "%trunc_ln144 = trunc i32 %lshr_ln144" [sha1/sha256_impl1.cpp:144]   --->   Operation 133 'trunc' 'trunc_ln144' <Predicate = (!icmp_ln138)> <Delay = 0.00>
ST_1 : Operation 134 [1/1] (1.05ns)   --->   "%lshr_ln145 = lshr i32 %ctx_state_6_ret1_read, i32 %zext_ln139" [sha1/sha256_impl1.cpp:145]   --->   Operation 134 'lshr' 'lshr_ln145' <Predicate = (!icmp_ln138)> <Delay = 1.05> <CoreInst = "Shifter">   --->   Core 75 'Shifter' <Latency = 0> <II = 1> <Delay = 1.05> <FuncUnit> <Opcode : 'shl' 'lshr' 'ashr'> <InPorts = 2> <OutPorts = 1>
ST_1 : Operation 135 [1/1] (0.00ns)   --->   "%trunc_ln145 = trunc i32 %lshr_ln145" [sha1/sha256_impl1.cpp:145]   --->   Operation 135 'trunc' 'trunc_ln145' <Predicate = (!icmp_ln138)> <Delay = 0.00>
ST_1 : Operation 136 [1/1] (1.05ns)   --->   "%lshr_ln146 = lshr i32 %ctx_state_7_ret1_read, i32 %zext_ln139" [sha1/sha256_impl1.cpp:146]   --->   Operation 136 'lshr' 'lshr_ln146' <Predicate = (!icmp_ln138)> <Delay = 1.05> <CoreInst = "Shifter">   --->   Core 75 'Shifter' <Latency = 0> <II = 1> <Delay = 1.05> <FuncUnit> <Opcode : 'shl' 'lshr' 'ashr'> <InPorts = 2> <OutPorts = 1>
ST_1 : Operation 137 [1/1] (0.00ns)   --->   "%trunc_ln146 = trunc i32 %lshr_ln146" [sha1/sha256_impl1.cpp:146]   --->   Operation 137 'trunc' 'trunc_ln146' <Predicate = (!icmp_ln138)> <Delay = 0.00>
ST_1 : Operation 138 [1/1] (0.34ns)   --->   "%switch_ln139 = switch i2 %trunc_ln139, void %arrayidx1628.case.31, i2 0, void %for.inc163.split.arrayidx1628.exit_crit_edge, i2 1, void %for.inc163.split.arrayidx1628.exit_crit_edge9, i2 2, void %arrayidx1628.case.30" [sha1/sha256_impl1.cpp:139]   --->   Operation 138 'switch' 'switch_ln139' <Predicate = (!icmp_ln138)> <Delay = 0.34>
ST_1 : Operation 139 [1/1] (0.00ns)   --->   "%store_ln146 = store i8 %trunc_ln141, i8 %hash_10_064" [sha1/sha256_impl1.cpp:146]   --->   Operation 139 'store' 'store_ln146' <Predicate = (!icmp_ln138 & trunc_ln139 == 2)> <Delay = 0.00>
ST_1 : Operation 140 [1/1] (0.38ns)   --->   "%store_ln146 = store i1 1, i1 %write_flag30_0" [sha1/sha256_impl1.cpp:146]   --->   Operation 140 'store' 'store_ln146' <Predicate = (!icmp_ln138 & trunc_ln139 == 2)> <Delay = 0.38>
ST_1 : Operation 141 [1/1] (0.38ns)   --->   "%store_ln146 = store i1 1, i1 %write_flag43_0" [sha1/sha256_impl1.cpp:146]   --->   Operation 141 'store' 'store_ln146' <Predicate = (!icmp_ln138 & trunc_ln139 == 2)> <Delay = 0.38>
ST_1 : Operation 142 [1/1] (0.00ns)   --->   "%store_ln146 = store i8 %trunc_ln142, i8 %hash_1445_058" [sha1/sha256_impl1.cpp:146]   --->   Operation 142 'store' 'store_ln146' <Predicate = (!icmp_ln138 & trunc_ln139 == 2)> <Delay = 0.00>
ST_1 : Operation 143 [1/1] (0.38ns)   --->   "%store_ln146 = store i1 1, i1 %write_flag56_0" [sha1/sha256_impl1.cpp:146]   --->   Operation 143 'store' 'store_ln146' <Predicate = (!icmp_ln138 & trunc_ln139 == 2)> <Delay = 0.38>
ST_1 : Operation 144 [1/1] (0.00ns)   --->   "%store_ln146 = store i8 %trunc_ln140, i8 %hash_6_053" [sha1/sha256_impl1.cpp:146]   --->   Operation 144 'store' 'store_ln146' <Predicate = (!icmp_ln138 & trunc_ln139 == 2)> <Delay = 0.00>
ST_1 : Operation 145 [1/1] (0.00ns)   --->   "%store_ln146 = store i8 %trunc_ln143, i8 %hash_18_052" [sha1/sha256_impl1.cpp:146]   --->   Operation 145 'store' 'store_ln146' <Predicate = (!icmp_ln138 & trunc_ln139 == 2)> <Delay = 0.00>
ST_1 : Operation 146 [1/1] (0.38ns)   --->   "%store_ln146 = store i1 1, i1 %write_flag18_0" [sha1/sha256_impl1.cpp:146]   --->   Operation 146 'store' 'store_ln146' <Predicate = (!icmp_ln138 & trunc_ln139 == 2)> <Delay = 0.38>
ST_1 : Operation 147 [1/1] (0.38ns)   --->   "%store_ln146 = store i1 1, i1 %write_flag68_0" [sha1/sha256_impl1.cpp:146]   --->   Operation 147 'store' 'store_ln146' <Predicate = (!icmp_ln138 & trunc_ln139 == 2)> <Delay = 0.38>
ST_1 : Operation 148 [1/1] (0.00ns)   --->   "%store_ln146 = store i8 %trunc_ln144, i8 %hash_22_046" [sha1/sha256_impl1.cpp:146]   --->   Operation 148 'store' 'store_ln146' <Predicate = (!icmp_ln138 & trunc_ln139 == 2)> <Delay = 0.00>
ST_1 : Operation 149 [1/1] (0.38ns)   --->   "%store_ln146 = store i1 1, i1 %write_flag80_0" [sha1/sha256_impl1.cpp:146]   --->   Operation 149 'store' 'store_ln146' <Predicate = (!icmp_ln138 & trunc_ln139 == 2)> <Delay = 0.38>
ST_1 : Operation 150 [1/1] (0.00ns)   --->   "%store_ln146 = store i8 %trunc_ln139_1, i8 %hash_2_041" [sha1/sha256_impl1.cpp:146]   --->   Operation 150 'store' 'store_ln146' <Predicate = (!icmp_ln138 & trunc_ln139 == 2)> <Delay = 0.00>
ST_1 : Operation 151 [1/1] (0.00ns)   --->   "%store_ln146 = store i8 %trunc_ln145, i8 %hash_26_040" [sha1/sha256_impl1.cpp:146]   --->   Operation 151 'store' 'store_ln146' <Predicate = (!icmp_ln138 & trunc_ln139 == 2)> <Delay = 0.00>
ST_1 : Operation 152 [1/1] (0.38ns)   --->   "%store_ln146 = store i1 1, i1 %write_flag6_0" [sha1/sha256_impl1.cpp:146]   --->   Operation 152 'store' 'store_ln146' <Predicate = (!icmp_ln138 & trunc_ln139 == 2)> <Delay = 0.38>
ST_1 : Operation 153 [1/1] (0.38ns)   --->   "%store_ln146 = store i1 1, i1 %write_flag94_0" [sha1/sha256_impl1.cpp:146]   --->   Operation 153 'store' 'store_ln146' <Predicate = (!icmp_ln138 & trunc_ln139 == 2)> <Delay = 0.38>
ST_1 : Operation 154 [1/1] (0.00ns)   --->   "%store_ln146 = store i8 %trunc_ln146, i8 %hash_30_034" [sha1/sha256_impl1.cpp:146]   --->   Operation 154 'store' 'store_ln146' <Predicate = (!icmp_ln138 & trunc_ln139 == 2)> <Delay = 0.00>
ST_1 : Operation 155 [1/1] (0.00ns)   --->   "%br_ln146 = br void %arrayidx1628.exit" [sha1/sha256_impl1.cpp:146]   --->   Operation 155 'br' 'br_ln146' <Predicate = (!icmp_ln138 & trunc_ln139 == 2)> <Delay = 0.00>
ST_1 : Operation 156 [1/1] (0.00ns)   --->   "%store_ln139 = store i8 %trunc_ln141, i8 %hash_9_062" [sha1/sha256_impl1.cpp:139]   --->   Operation 156 'store' 'store_ln139' <Predicate = (!icmp_ln138 & trunc_ln139 == 1)> <Delay = 0.00>
ST_1 : Operation 157 [1/1] (0.38ns)   --->   "%store_ln139 = store i1 1, i1 %write_flag39_0" [sha1/sha256_impl1.cpp:139]   --->   Operation 157 'store' 'store_ln139' <Predicate = (!icmp_ln138 & trunc_ln139 == 1)> <Delay = 0.38>
ST_1 : Operation 158 [1/1] (0.38ns)   --->   "%store_ln139 = store i1 1, i1 %write_flag27_0" [sha1/sha256_impl1.cpp:139]   --->   Operation 158 'store' 'store_ln139' <Predicate = (!icmp_ln138 & trunc_ln139 == 1)> <Delay = 0.38>
ST_1 : Operation 159 [1/1] (0.00ns)   --->   "%store_ln139 = store i8 %trunc_ln142, i8 %hash_13_060" [sha1/sha256_impl1.cpp:139]   --->   Operation 159 'store' 'store_ln139' <Predicate = (!icmp_ln138 & trunc_ln139 == 1)> <Delay = 0.00>
ST_1 : Operation 160 [1/1] (0.38ns)   --->   "%store_ln139 = store i1 1, i1 %write_flag53_0" [sha1/sha256_impl1.cpp:139]   --->   Operation 160 'store' 'store_ln139' <Predicate = (!icmp_ln138 & trunc_ln139 == 1)> <Delay = 0.38>
ST_1 : Operation 161 [1/1] (0.00ns)   --->   "%store_ln139 = store i8 %trunc_ln143, i8 %hash_17_054" [sha1/sha256_impl1.cpp:139]   --->   Operation 161 'store' 'store_ln139' <Predicate = (!icmp_ln138 & trunc_ln139 == 1)> <Delay = 0.00>
ST_1 : Operation 162 [1/1] (0.00ns)   --->   "%store_ln139 = store i8 %trunc_ln140, i8 %hash_5_050" [sha1/sha256_impl1.cpp:139]   --->   Operation 162 'store' 'store_ln139' <Predicate = (!icmp_ln138 & trunc_ln139 == 1)> <Delay = 0.00>
ST_1 : Operation 163 [1/1] (0.38ns)   --->   "%store_ln139 = store i1 1, i1 %write_flag65_0" [sha1/sha256_impl1.cpp:139]   --->   Operation 163 'store' 'store_ln139' <Predicate = (!icmp_ln138 & trunc_ln139 == 1)> <Delay = 0.38>
ST_1 : Operation 164 [1/1] (0.38ns)   --->   "%store_ln139 = store i1 1, i1 %write_flag15_0" [sha1/sha256_impl1.cpp:139]   --->   Operation 164 'store' 'store_ln139' <Predicate = (!icmp_ln138 & trunc_ln139 == 1)> <Delay = 0.38>
ST_1 : Operation 165 [1/1] (0.00ns)   --->   "%store_ln139 = store i8 %trunc_ln144, i8 %hash_21_048" [sha1/sha256_impl1.cpp:139]   --->   Operation 165 'store' 'store_ln139' <Predicate = (!icmp_ln138 & trunc_ln139 == 1)> <Delay = 0.00>
ST_1 : Operation 166 [1/1] (0.38ns)   --->   "%store_ln139 = store i1 1, i1 %write_flag77_0" [sha1/sha256_impl1.cpp:139]   --->   Operation 166 'store' 'store_ln139' <Predicate = (!icmp_ln138 & trunc_ln139 == 1)> <Delay = 0.38>
ST_1 : Operation 167 [1/1] (0.00ns)   --->   "%store_ln139 = store i8 %trunc_ln145, i8 %hash_25_042" [sha1/sha256_impl1.cpp:139]   --->   Operation 167 'store' 'store_ln139' <Predicate = (!icmp_ln138 & trunc_ln139 == 1)> <Delay = 0.00>
ST_1 : Operation 168 [1/1] (0.00ns)   --->   "%store_ln139 = store i8 %trunc_ln139_1, i8 %hash_1_038" [sha1/sha256_impl1.cpp:139]   --->   Operation 168 'store' 'store_ln139' <Predicate = (!icmp_ln138 & trunc_ln139 == 1)> <Delay = 0.00>
ST_1 : Operation 169 [1/1] (0.38ns)   --->   "%store_ln139 = store i1 1, i1 %write_flag91_0" [sha1/sha256_impl1.cpp:139]   --->   Operation 169 'store' 'store_ln139' <Predicate = (!icmp_ln138 & trunc_ln139 == 1)> <Delay = 0.38>
ST_1 : Operation 170 [1/1] (0.38ns)   --->   "%store_ln139 = store i1 1, i1 %write_flag3_0" [sha1/sha256_impl1.cpp:139]   --->   Operation 170 'store' 'store_ln139' <Predicate = (!icmp_ln138 & trunc_ln139 == 1)> <Delay = 0.38>
ST_1 : Operation 171 [1/1] (0.00ns)   --->   "%store_ln139 = store i8 %trunc_ln146, i8 %hash_29_036" [sha1/sha256_impl1.cpp:139]   --->   Operation 171 'store' 'store_ln139' <Predicate = (!icmp_ln138 & trunc_ln139 == 1)> <Delay = 0.00>
ST_1 : Operation 172 [1/1] (0.00ns)   --->   "%br_ln139 = br void %arrayidx1628.exit" [sha1/sha256_impl1.cpp:139]   --->   Operation 172 'br' 'br_ln139' <Predicate = (!icmp_ln138 & trunc_ln139 == 1)> <Delay = 0.00>
ST_1 : Operation 173 [1/1] (0.38ns)   --->   "%store_ln139 = store i1 1, i1 %write_flag36_0" [sha1/sha256_impl1.cpp:139]   --->   Operation 173 'store' 'store_ln139' <Predicate = (!icmp_ln138 & trunc_ln139 == 0)> <Delay = 0.38>
ST_1 : Operation 174 [1/1] (0.00ns)   --->   "%store_ln139 = store i8 %trunc_ln142, i8 %hash_12_061" [sha1/sha256_impl1.cpp:139]   --->   Operation 174 'store' 'store_ln139' <Predicate = (!icmp_ln138 & trunc_ln139 == 0)> <Delay = 0.00>
ST_1 : Operation 175 [1/1] (0.00ns)   --->   "%store_ln139 = store i8 %trunc_ln141, i8 %hash_8_059" [sha1/sha256_impl1.cpp:139]   --->   Operation 175 'store' 'store_ln139' <Predicate = (!icmp_ln138 & trunc_ln139 == 0)> <Delay = 0.00>
ST_1 : Operation 176 [1/1] (0.38ns)   --->   "%store_ln139 = store i1 1, i1 %write_flag24_0" [sha1/sha256_impl1.cpp:139]   --->   Operation 176 'store' 'store_ln139' <Predicate = (!icmp_ln138 & trunc_ln139 == 0)> <Delay = 0.38>
ST_1 : Operation 177 [1/1] (0.38ns)   --->   "%store_ln139 = store i1 1, i1 %write_flag50_0" [sha1/sha256_impl1.cpp:139]   --->   Operation 177 'store' 'store_ln139' <Predicate = (!icmp_ln138 & trunc_ln139 == 0)> <Delay = 0.38>
ST_1 : Operation 178 [1/1] (0.00ns)   --->   "%store_ln139 = store i8 %trunc_ln143, i8 %hash_16_055" [sha1/sha256_impl1.cpp:139]   --->   Operation 178 'store' 'store_ln139' <Predicate = (!icmp_ln138 & trunc_ln139 == 0)> <Delay = 0.00>
ST_1 : Operation 179 [1/1] (0.38ns)   --->   "%store_ln139 = store i1 1, i1 %write_flag62_0" [sha1/sha256_impl1.cpp:139]   --->   Operation 179 'store' 'store_ln139' <Predicate = (!icmp_ln138 & trunc_ln139 == 0)> <Delay = 0.38>
ST_1 : Operation 180 [1/1] (0.00ns)   --->   "%store_ln139 = store i8 %trunc_ln144, i8 %hash_20_049" [sha1/sha256_impl1.cpp:139]   --->   Operation 180 'store' 'store_ln139' <Predicate = (!icmp_ln138 & trunc_ln139 == 0)> <Delay = 0.00>
ST_1 : Operation 181 [1/1] (0.00ns)   --->   "%store_ln139 = store i8 %trunc_ln140, i8 %hash_4_047" [sha1/sha256_impl1.cpp:139]   --->   Operation 181 'store' 'store_ln139' <Predicate = (!icmp_ln138 & trunc_ln139 == 0)> <Delay = 0.00>
ST_1 : Operation 182 [1/1] (0.38ns)   --->   "%store_ln139 = store i1 1, i1 %write_flag12_0" [sha1/sha256_impl1.cpp:139]   --->   Operation 182 'store' 'store_ln139' <Predicate = (!icmp_ln138 & trunc_ln139 == 0)> <Delay = 0.38>
ST_1 : Operation 183 [1/1] (0.38ns)   --->   "%store_ln139 = store i1 1, i1 %write_flag74_0" [sha1/sha256_impl1.cpp:139]   --->   Operation 183 'store' 'store_ln139' <Predicate = (!icmp_ln138 & trunc_ln139 == 0)> <Delay = 0.38>
ST_1 : Operation 184 [1/1] (0.00ns)   --->   "%store_ln139 = store i8 %trunc_ln145, i8 %hash_24_043" [sha1/sha256_impl1.cpp:139]   --->   Operation 184 'store' 'store_ln139' <Predicate = (!icmp_ln138 & trunc_ln139 == 0)> <Delay = 0.00>
ST_1 : Operation 185 [1/1] (0.38ns)   --->   "%store_ln139 = store i1 1, i1 %write_flag88_0" [sha1/sha256_impl1.cpp:139]   --->   Operation 185 'store' 'store_ln139' <Predicate = (!icmp_ln138 & trunc_ln139 == 0)> <Delay = 0.38>
ST_1 : Operation 186 [1/1] (0.00ns)   --->   "%store_ln139 = store i8 %trunc_ln146, i8 %hash_28_037" [sha1/sha256_impl1.cpp:139]   --->   Operation 186 'store' 'store_ln139' <Predicate = (!icmp_ln138 & trunc_ln139 == 0)> <Delay = 0.00>
ST_1 : Operation 187 [1/1] (0.00ns)   --->   "%store_ln139 = store i8 %trunc_ln139_1, i8 %hash_0_035" [sha1/sha256_impl1.cpp:139]   --->   Operation 187 'store' 'store_ln139' <Predicate = (!icmp_ln138 & trunc_ln139 == 0)> <Delay = 0.00>
ST_1 : Operation 188 [1/1] (0.38ns)   --->   "%store_ln139 = store i1 1, i1 %write_flag_0" [sha1/sha256_impl1.cpp:139]   --->   Operation 188 'store' 'store_ln139' <Predicate = (!icmp_ln138 & trunc_ln139 == 0)> <Delay = 0.38>
ST_1 : Operation 189 [1/1] (0.00ns)   --->   "%br_ln139 = br void %arrayidx1628.exit" [sha1/sha256_impl1.cpp:139]   --->   Operation 189 'br' 'br_ln139' <Predicate = (!icmp_ln138 & trunc_ln139 == 0)> <Delay = 0.00>
ST_1 : Operation 190 [1/1] (0.38ns)   --->   "%store_ln146 = store i1 1, i1 %write_flag33_0" [sha1/sha256_impl1.cpp:146]   --->   Operation 190 'store' 'store_ln146' <Predicate = (!icmp_ln138 & trunc_ln139 == 3)> <Delay = 0.38>
ST_1 : Operation 191 [1/1] (0.00ns)   --->   "%store_ln146 = store i8 %trunc_ln141, i8 %hash_11_063" [sha1/sha256_impl1.cpp:146]   --->   Operation 191 'store' 'store_ln146' <Predicate = (!icmp_ln138 & trunc_ln139 == 3)> <Delay = 0.00>
ST_1 : Operation 192 [1/1] (0.38ns)   --->   "%store_ln146 = store i1 1, i1 %write_flag47_0" [sha1/sha256_impl1.cpp:146]   --->   Operation 192 'store' 'store_ln146' <Predicate = (!icmp_ln138 & trunc_ln139 == 3)> <Delay = 0.38>
ST_1 : Operation 193 [1/1] (0.00ns)   --->   "%store_ln146 = store i8 %trunc_ln142, i8 %hash_15_057" [sha1/sha256_impl1.cpp:146]   --->   Operation 193 'store' 'store_ln146' <Predicate = (!icmp_ln138 & trunc_ln139 == 3)> <Delay = 0.00>
ST_1 : Operation 194 [1/1] (0.00ns)   --->   "%store_ln146 = store i8 %trunc_ln140, i8 %hash_7_056" [sha1/sha256_impl1.cpp:146]   --->   Operation 194 'store' 'store_ln146' <Predicate = (!icmp_ln138 & trunc_ln139 == 3)> <Delay = 0.00>
ST_1 : Operation 195 [1/1] (0.38ns)   --->   "%store_ln146 = store i1 1, i1 %write_flag21_0" [sha1/sha256_impl1.cpp:146]   --->   Operation 195 'store' 'store_ln146' <Predicate = (!icmp_ln138 & trunc_ln139 == 3)> <Delay = 0.38>
ST_1 : Operation 196 [1/1] (0.38ns)   --->   "%store_ln146 = store i1 1, i1 %write_flag59_0" [sha1/sha256_impl1.cpp:146]   --->   Operation 196 'store' 'store_ln146' <Predicate = (!icmp_ln138 & trunc_ln139 == 3)> <Delay = 0.38>
ST_1 : Operation 197 [1/1] (0.00ns)   --->   "%store_ln146 = store i8 %trunc_ln143, i8 %hash_19_051" [sha1/sha256_impl1.cpp:146]   --->   Operation 197 'store' 'store_ln146' <Predicate = (!icmp_ln138 & trunc_ln139 == 3)> <Delay = 0.00>
ST_1 : Operation 198 [1/1] (0.38ns)   --->   "%store_ln146 = store i1 1, i1 %write_flag71_0" [sha1/sha256_impl1.cpp:146]   --->   Operation 198 'store' 'store_ln146' <Predicate = (!icmp_ln138 & trunc_ln139 == 3)> <Delay = 0.38>
ST_1 : Operation 199 [1/1] (0.00ns)   --->   "%store_ln146 = store i8 %trunc_ln144, i8 %hash_23_045" [sha1/sha256_impl1.cpp:146]   --->   Operation 199 'store' 'store_ln146' <Predicate = (!icmp_ln138 & trunc_ln139 == 3)> <Delay = 0.00>
ST_1 : Operation 200 [1/1] (0.00ns)   --->   "%store_ln146 = store i8 %trunc_ln139_1, i8 %hash_3_044" [sha1/sha256_impl1.cpp:146]   --->   Operation 200 'store' 'store_ln146' <Predicate = (!icmp_ln138 & trunc_ln139 == 3)> <Delay = 0.00>
ST_1 : Operation 201 [1/1] (0.38ns)   --->   "%store_ln146 = store i1 1, i1 %write_flag9_0" [sha1/sha256_impl1.cpp:146]   --->   Operation 201 'store' 'store_ln146' <Predicate = (!icmp_ln138 & trunc_ln139 == 3)> <Delay = 0.38>
ST_1 : Operation 202 [1/1] (0.38ns)   --->   "%store_ln146 = store i1 1, i1 %write_flag84_0" [sha1/sha256_impl1.cpp:146]   --->   Operation 202 'store' 'store_ln146' <Predicate = (!icmp_ln138 & trunc_ln139 == 3)> <Delay = 0.38>
ST_1 : Operation 203 [1/1] (0.00ns)   --->   "%store_ln146 = store i8 %trunc_ln145, i8 %hash_2786_039" [sha1/sha256_impl1.cpp:146]   --->   Operation 203 'store' 'store_ln146' <Predicate = (!icmp_ln138 & trunc_ln139 == 3)> <Delay = 0.00>
ST_1 : Operation 204 [1/1] (0.38ns)   --->   "%store_ln146 = store i1 1, i1 %write_flag97_0" [sha1/sha256_impl1.cpp:146]   --->   Operation 204 'store' 'store_ln146' <Predicate = (!icmp_ln138 & trunc_ln139 == 3)> <Delay = 0.38>
ST_1 : Operation 205 [1/1] (0.00ns)   --->   "%store_ln146 = store i8 %trunc_ln146, i8 %hash_31_033" [sha1/sha256_impl1.cpp:146]   --->   Operation 205 'store' 'store_ln146' <Predicate = (!icmp_ln138 & trunc_ln139 == 3)> <Delay = 0.00>
ST_1 : Operation 206 [1/1] (0.00ns)   --->   "%br_ln146 = br void %arrayidx1628.exit" [sha1/sha256_impl1.cpp:146]   --->   Operation 206 'br' 'br_ln146' <Predicate = (!icmp_ln138 & trunc_ln139 == 3)> <Delay = 0.00>
ST_1 : Operation 207 [1/1] (0.38ns)   --->   "%store_ln138 = store i3 %add_ln138, i3 %i" [sha1/sha256_impl1.cpp:138]   --->   Operation 207 'store' 'store_ln138' <Predicate = (!icmp_ln138)> <Delay = 0.38>
ST_1 : Operation 208 [1/1] (0.00ns)   --->   "%br_ln138 = br void %for.inc163" [sha1/sha256_impl1.cpp:138]   --->   Operation 208 'br' 'br_ln138' <Predicate = (!icmp_ln138)> <Delay = 0.00>
ST_1 : Operation 209 [1/1] (0.00ns)   --->   "%hash_31_033_load = load i8 %hash_31_033"   --->   Operation 209 'load' 'hash_31_033_load' <Predicate = (icmp_ln138)> <Delay = 0.00>
ST_1 : Operation 210 [1/1] (0.00ns)   --->   "%write_flag_0_load = load i1 %write_flag_0"   --->   Operation 210 'load' 'write_flag_0_load' <Predicate = (icmp_ln138)> <Delay = 0.00>
ST_1 : Operation 211 [1/1] (0.00ns)   --->   "%write_flag97_0_load = load i1 %write_flag97_0"   --->   Operation 211 'load' 'write_flag97_0_load' <Predicate = (icmp_ln138)> <Delay = 0.00>
ST_1 : Operation 212 [1/1] (0.00ns)   --->   "%hash_30_034_load = load i8 %hash_30_034"   --->   Operation 212 'load' 'hash_30_034_load' <Predicate = (icmp_ln138)> <Delay = 0.00>
ST_1 : Operation 213 [1/1] (0.00ns)   --->   "%hash_0_035_load = load i8 %hash_0_035"   --->   Operation 213 'load' 'hash_0_035_load' <Predicate = (icmp_ln138)> <Delay = 0.00>
ST_1 : Operation 214 [1/1] (0.00ns)   --->   "%write_flag94_0_load = load i1 %write_flag94_0"   --->   Operation 214 'load' 'write_flag94_0_load' <Predicate = (icmp_ln138)> <Delay = 0.00>
ST_1 : Operation 215 [1/1] (0.00ns)   --->   "%hash_29_036_load = load i8 %hash_29_036"   --->   Operation 215 'load' 'hash_29_036_load' <Predicate = (icmp_ln138)> <Delay = 0.00>
ST_1 : Operation 216 [1/1] (0.00ns)   --->   "%write_flag3_0_load = load i1 %write_flag3_0"   --->   Operation 216 'load' 'write_flag3_0_load' <Predicate = (icmp_ln138)> <Delay = 0.00>
ST_1 : Operation 217 [1/1] (0.00ns)   --->   "%write_flag91_0_load = load i1 %write_flag91_0"   --->   Operation 217 'load' 'write_flag91_0_load' <Predicate = (icmp_ln138)> <Delay = 0.00>
ST_1 : Operation 218 [1/1] (0.00ns)   --->   "%hash_28_037_load = load i8 %hash_28_037"   --->   Operation 218 'load' 'hash_28_037_load' <Predicate = (icmp_ln138)> <Delay = 0.00>
ST_1 : Operation 219 [1/1] (0.00ns)   --->   "%hash_1_038_load = load i8 %hash_1_038"   --->   Operation 219 'load' 'hash_1_038_load' <Predicate = (icmp_ln138)> <Delay = 0.00>
ST_1 : Operation 220 [1/1] (0.00ns)   --->   "%write_flag88_0_load = load i1 %write_flag88_0"   --->   Operation 220 'load' 'write_flag88_0_load' <Predicate = (icmp_ln138)> <Delay = 0.00>
ST_1 : Operation 221 [1/1] (0.00ns)   --->   "%hash_2786_039_load = load i8 %hash_2786_039"   --->   Operation 221 'load' 'hash_2786_039_load' <Predicate = (icmp_ln138)> <Delay = 0.00>
ST_1 : Operation 222 [1/1] (0.00ns)   --->   "%write_flag6_0_load = load i1 %write_flag6_0"   --->   Operation 222 'load' 'write_flag6_0_load' <Predicate = (icmp_ln138)> <Delay = 0.00>
ST_1 : Operation 223 [1/1] (0.00ns)   --->   "%write_flag84_0_load = load i1 %write_flag84_0"   --->   Operation 223 'load' 'write_flag84_0_load' <Predicate = (icmp_ln138)> <Delay = 0.00>
ST_1 : Operation 224 [1/1] (0.00ns)   --->   "%hash_26_040_load = load i8 %hash_26_040"   --->   Operation 224 'load' 'hash_26_040_load' <Predicate = (icmp_ln138)> <Delay = 0.00>
ST_1 : Operation 225 [1/1] (0.00ns)   --->   "%hash_2_041_load = load i8 %hash_2_041"   --->   Operation 225 'load' 'hash_2_041_load' <Predicate = (icmp_ln138)> <Delay = 0.00>
ST_1 : Operation 226 [1/1] (0.00ns)   --->   "%write_flag80_0_load = load i1 %write_flag80_0"   --->   Operation 226 'load' 'write_flag80_0_load' <Predicate = (icmp_ln138)> <Delay = 0.00>
ST_1 : Operation 227 [1/1] (0.00ns)   --->   "%hash_25_042_load = load i8 %hash_25_042"   --->   Operation 227 'load' 'hash_25_042_load' <Predicate = (icmp_ln138)> <Delay = 0.00>
ST_1 : Operation 228 [1/1] (0.00ns)   --->   "%write_flag9_0_load = load i1 %write_flag9_0"   --->   Operation 228 'load' 'write_flag9_0_load' <Predicate = (icmp_ln138)> <Delay = 0.00>
ST_1 : Operation 229 [1/1] (0.00ns)   --->   "%write_flag77_0_load = load i1 %write_flag77_0"   --->   Operation 229 'load' 'write_flag77_0_load' <Predicate = (icmp_ln138)> <Delay = 0.00>
ST_1 : Operation 230 [1/1] (0.00ns)   --->   "%hash_24_043_load = load i8 %hash_24_043"   --->   Operation 230 'load' 'hash_24_043_load' <Predicate = (icmp_ln138)> <Delay = 0.00>
ST_1 : Operation 231 [1/1] (0.00ns)   --->   "%hash_3_044_load = load i8 %hash_3_044"   --->   Operation 231 'load' 'hash_3_044_load' <Predicate = (icmp_ln138)> <Delay = 0.00>
ST_1 : Operation 232 [1/1] (0.00ns)   --->   "%write_flag74_0_load = load i1 %write_flag74_0"   --->   Operation 232 'load' 'write_flag74_0_load' <Predicate = (icmp_ln138)> <Delay = 0.00>
ST_1 : Operation 233 [1/1] (0.00ns)   --->   "%hash_23_045_load = load i8 %hash_23_045"   --->   Operation 233 'load' 'hash_23_045_load' <Predicate = (icmp_ln138)> <Delay = 0.00>
ST_1 : Operation 234 [1/1] (0.00ns)   --->   "%write_flag12_0_load = load i1 %write_flag12_0"   --->   Operation 234 'load' 'write_flag12_0_load' <Predicate = (icmp_ln138)> <Delay = 0.00>
ST_1 : Operation 235 [1/1] (0.00ns)   --->   "%write_flag71_0_load = load i1 %write_flag71_0"   --->   Operation 235 'load' 'write_flag71_0_load' <Predicate = (icmp_ln138)> <Delay = 0.00>
ST_1 : Operation 236 [1/1] (0.00ns)   --->   "%hash_22_046_load = load i8 %hash_22_046"   --->   Operation 236 'load' 'hash_22_046_load' <Predicate = (icmp_ln138)> <Delay = 0.00>
ST_1 : Operation 237 [1/1] (0.00ns)   --->   "%hash_4_047_load = load i8 %hash_4_047"   --->   Operation 237 'load' 'hash_4_047_load' <Predicate = (icmp_ln138)> <Delay = 0.00>
ST_1 : Operation 238 [1/1] (0.00ns)   --->   "%write_flag68_0_load = load i1 %write_flag68_0"   --->   Operation 238 'load' 'write_flag68_0_load' <Predicate = (icmp_ln138)> <Delay = 0.00>
ST_1 : Operation 239 [1/1] (0.00ns)   --->   "%hash_21_048_load = load i8 %hash_21_048"   --->   Operation 239 'load' 'hash_21_048_load' <Predicate = (icmp_ln138)> <Delay = 0.00>
ST_1 : Operation 240 [1/1] (0.00ns)   --->   "%write_flag15_0_load = load i1 %write_flag15_0"   --->   Operation 240 'load' 'write_flag15_0_load' <Predicate = (icmp_ln138)> <Delay = 0.00>
ST_1 : Operation 241 [1/1] (0.00ns)   --->   "%write_flag65_0_load = load i1 %write_flag65_0"   --->   Operation 241 'load' 'write_flag65_0_load' <Predicate = (icmp_ln138)> <Delay = 0.00>
ST_1 : Operation 242 [1/1] (0.00ns)   --->   "%hash_20_049_load = load i8 %hash_20_049"   --->   Operation 242 'load' 'hash_20_049_load' <Predicate = (icmp_ln138)> <Delay = 0.00>
ST_1 : Operation 243 [1/1] (0.00ns)   --->   "%hash_5_050_load = load i8 %hash_5_050"   --->   Operation 243 'load' 'hash_5_050_load' <Predicate = (icmp_ln138)> <Delay = 0.00>
ST_1 : Operation 244 [1/1] (0.00ns)   --->   "%write_flag62_0_load = load i1 %write_flag62_0"   --->   Operation 244 'load' 'write_flag62_0_load' <Predicate = (icmp_ln138)> <Delay = 0.00>
ST_1 : Operation 245 [1/1] (0.00ns)   --->   "%hash_19_051_load = load i8 %hash_19_051"   --->   Operation 245 'load' 'hash_19_051_load' <Predicate = (icmp_ln138)> <Delay = 0.00>
ST_1 : Operation 246 [1/1] (0.00ns)   --->   "%write_flag18_0_load = load i1 %write_flag18_0"   --->   Operation 246 'load' 'write_flag18_0_load' <Predicate = (icmp_ln138)> <Delay = 0.00>
ST_1 : Operation 247 [1/1] (0.00ns)   --->   "%write_flag59_0_load = load i1 %write_flag59_0"   --->   Operation 247 'load' 'write_flag59_0_load' <Predicate = (icmp_ln138)> <Delay = 0.00>
ST_1 : Operation 248 [1/1] (0.00ns)   --->   "%hash_18_052_load = load i8 %hash_18_052"   --->   Operation 248 'load' 'hash_18_052_load' <Predicate = (icmp_ln138)> <Delay = 0.00>
ST_1 : Operation 249 [1/1] (0.00ns)   --->   "%hash_6_053_load = load i8 %hash_6_053"   --->   Operation 249 'load' 'hash_6_053_load' <Predicate = (icmp_ln138)> <Delay = 0.00>
ST_1 : Operation 250 [1/1] (0.00ns)   --->   "%write_flag56_0_load = load i1 %write_flag56_0"   --->   Operation 250 'load' 'write_flag56_0_load' <Predicate = (icmp_ln138)> <Delay = 0.00>
ST_1 : Operation 251 [1/1] (0.00ns)   --->   "%hash_17_054_load = load i8 %hash_17_054"   --->   Operation 251 'load' 'hash_17_054_load' <Predicate = (icmp_ln138)> <Delay = 0.00>
ST_1 : Operation 252 [1/1] (0.00ns)   --->   "%write_flag21_0_load = load i1 %write_flag21_0"   --->   Operation 252 'load' 'write_flag21_0_load' <Predicate = (icmp_ln138)> <Delay = 0.00>
ST_1 : Operation 253 [1/1] (0.00ns)   --->   "%write_flag53_0_load = load i1 %write_flag53_0"   --->   Operation 253 'load' 'write_flag53_0_load' <Predicate = (icmp_ln138)> <Delay = 0.00>
ST_1 : Operation 254 [1/1] (0.00ns)   --->   "%hash_16_055_load = load i8 %hash_16_055"   --->   Operation 254 'load' 'hash_16_055_load' <Predicate = (icmp_ln138)> <Delay = 0.00>
ST_1 : Operation 255 [1/1] (0.00ns)   --->   "%hash_7_056_load = load i8 %hash_7_056"   --->   Operation 255 'load' 'hash_7_056_load' <Predicate = (icmp_ln138)> <Delay = 0.00>
ST_1 : Operation 256 [1/1] (0.00ns)   --->   "%write_flag50_0_load = load i1 %write_flag50_0"   --->   Operation 256 'load' 'write_flag50_0_load' <Predicate = (icmp_ln138)> <Delay = 0.00>
ST_1 : Operation 257 [1/1] (0.00ns)   --->   "%hash_15_057_load = load i8 %hash_15_057"   --->   Operation 257 'load' 'hash_15_057_load' <Predicate = (icmp_ln138)> <Delay = 0.00>
ST_1 : Operation 258 [1/1] (0.00ns)   --->   "%write_flag24_0_load = load i1 %write_flag24_0"   --->   Operation 258 'load' 'write_flag24_0_load' <Predicate = (icmp_ln138)> <Delay = 0.00>
ST_1 : Operation 259 [1/1] (0.00ns)   --->   "%write_flag47_0_load = load i1 %write_flag47_0"   --->   Operation 259 'load' 'write_flag47_0_load' <Predicate = (icmp_ln138)> <Delay = 0.00>
ST_1 : Operation 260 [1/1] (0.00ns)   --->   "%hash_1445_058_load = load i8 %hash_1445_058"   --->   Operation 260 'load' 'hash_1445_058_load' <Predicate = (icmp_ln138)> <Delay = 0.00>
ST_1 : Operation 261 [1/1] (0.00ns)   --->   "%hash_8_059_load = load i8 %hash_8_059"   --->   Operation 261 'load' 'hash_8_059_load' <Predicate = (icmp_ln138)> <Delay = 0.00>
ST_1 : Operation 262 [1/1] (0.00ns)   --->   "%write_flag43_0_load = load i1 %write_flag43_0"   --->   Operation 262 'load' 'write_flag43_0_load' <Predicate = (icmp_ln138)> <Delay = 0.00>
ST_1 : Operation 263 [1/1] (0.00ns)   --->   "%hash_13_060_load = load i8 %hash_13_060"   --->   Operation 263 'load' 'hash_13_060_load' <Predicate = (icmp_ln138)> <Delay = 0.00>
ST_1 : Operation 264 [1/1] (0.00ns)   --->   "%write_flag27_0_load = load i1 %write_flag27_0"   --->   Operation 264 'load' 'write_flag27_0_load' <Predicate = (icmp_ln138)> <Delay = 0.00>
ST_1 : Operation 265 [1/1] (0.00ns)   --->   "%write_flag39_0_load = load i1 %write_flag39_0"   --->   Operation 265 'load' 'write_flag39_0_load' <Predicate = (icmp_ln138)> <Delay = 0.00>
ST_1 : Operation 266 [1/1] (0.00ns)   --->   "%hash_12_061_load = load i8 %hash_12_061"   --->   Operation 266 'load' 'hash_12_061_load' <Predicate = (icmp_ln138)> <Delay = 0.00>
ST_1 : Operation 267 [1/1] (0.00ns)   --->   "%hash_9_062_load = load i8 %hash_9_062"   --->   Operation 267 'load' 'hash_9_062_load' <Predicate = (icmp_ln138)> <Delay = 0.00>
ST_1 : Operation 268 [1/1] (0.00ns)   --->   "%write_flag36_0_load = load i1 %write_flag36_0"   --->   Operation 268 'load' 'write_flag36_0_load' <Predicate = (icmp_ln138)> <Delay = 0.00>
ST_1 : Operation 269 [1/1] (0.00ns)   --->   "%hash_11_063_load = load i8 %hash_11_063"   --->   Operation 269 'load' 'hash_11_063_load' <Predicate = (icmp_ln138)> <Delay = 0.00>
ST_1 : Operation 270 [1/1] (0.00ns)   --->   "%write_flag30_0_load = load i1 %write_flag30_0"   --->   Operation 270 'load' 'write_flag30_0_load' <Predicate = (icmp_ln138)> <Delay = 0.00>
ST_1 : Operation 271 [1/1] (0.00ns)   --->   "%write_flag33_0_load = load i1 %write_flag33_0"   --->   Operation 271 'load' 'write_flag33_0_load' <Predicate = (icmp_ln138)> <Delay = 0.00>
ST_1 : Operation 272 [1/1] (0.00ns)   --->   "%hash_10_064_load = load i8 %hash_10_064"   --->   Operation 272 'load' 'hash_10_064_load' <Predicate = (icmp_ln138)> <Delay = 0.00>
ST_1 : Operation 273 [1/1] (0.00ns)   --->   "%write_ln0 = write void @_ssdm_op_Write.ap_auto.i8P0A, i8 %hash_10_064_out, i8 %hash_10_064_load"   --->   Operation 273 'write' 'write_ln0' <Predicate = (icmp_ln138)> <Delay = 0.00>
ST_1 : Operation 274 [1/1] (0.00ns)   --->   "%write_ln0 = write void @_ssdm_op_Write.ap_auto.i1P0A, i1 %write_flag33_0_out, i1 %write_flag33_0_load"   --->   Operation 274 'write' 'write_ln0' <Predicate = (icmp_ln138)> <Delay = 0.00>
ST_1 : Operation 275 [1/1] (0.00ns)   --->   "%write_ln0 = write void @_ssdm_op_Write.ap_auto.i1P0A, i1 %write_flag30_0_out, i1 %write_flag30_0_load"   --->   Operation 275 'write' 'write_ln0' <Predicate = (icmp_ln138)> <Delay = 0.00>
ST_1 : Operation 276 [1/1] (0.00ns)   --->   "%write_ln0 = write void @_ssdm_op_Write.ap_auto.i8P0A, i8 %hash_11_063_out, i8 %hash_11_063_load"   --->   Operation 276 'write' 'write_ln0' <Predicate = (icmp_ln138)> <Delay = 0.00>
ST_1 : Operation 277 [1/1] (0.00ns)   --->   "%write_ln0 = write void @_ssdm_op_Write.ap_auto.i1P0A, i1 %write_flag36_0_out, i1 %write_flag36_0_load"   --->   Operation 277 'write' 'write_ln0' <Predicate = (icmp_ln138)> <Delay = 0.00>
ST_1 : Operation 278 [1/1] (0.00ns)   --->   "%write_ln0 = write void @_ssdm_op_Write.ap_auto.i8P0A, i8 %hash_9_062_out, i8 %hash_9_062_load"   --->   Operation 278 'write' 'write_ln0' <Predicate = (icmp_ln138)> <Delay = 0.00>
ST_1 : Operation 279 [1/1] (0.00ns)   --->   "%write_ln0 = write void @_ssdm_op_Write.ap_auto.i8P0A, i8 %hash_12_061_out, i8 %hash_12_061_load"   --->   Operation 279 'write' 'write_ln0' <Predicate = (icmp_ln138)> <Delay = 0.00>
ST_1 : Operation 280 [1/1] (0.00ns)   --->   "%write_ln0 = write void @_ssdm_op_Write.ap_auto.i1P0A, i1 %write_flag39_0_out, i1 %write_flag39_0_load"   --->   Operation 280 'write' 'write_ln0' <Predicate = (icmp_ln138)> <Delay = 0.00>
ST_1 : Operation 281 [1/1] (0.00ns)   --->   "%write_ln0 = write void @_ssdm_op_Write.ap_auto.i1P0A, i1 %write_flag27_0_out, i1 %write_flag27_0_load"   --->   Operation 281 'write' 'write_ln0' <Predicate = (icmp_ln138)> <Delay = 0.00>
ST_1 : Operation 282 [1/1] (0.00ns)   --->   "%write_ln0 = write void @_ssdm_op_Write.ap_auto.i8P0A, i8 %hash_13_060_out, i8 %hash_13_060_load"   --->   Operation 282 'write' 'write_ln0' <Predicate = (icmp_ln138)> <Delay = 0.00>
ST_1 : Operation 283 [1/1] (0.00ns)   --->   "%write_ln0 = write void @_ssdm_op_Write.ap_auto.i1P0A, i1 %write_flag43_0_out, i1 %write_flag43_0_load"   --->   Operation 283 'write' 'write_ln0' <Predicate = (icmp_ln138)> <Delay = 0.00>
ST_1 : Operation 284 [1/1] (0.00ns)   --->   "%write_ln0 = write void @_ssdm_op_Write.ap_auto.i8P0A, i8 %hash_8_059_out, i8 %hash_8_059_load"   --->   Operation 284 'write' 'write_ln0' <Predicate = (icmp_ln138)> <Delay = 0.00>
ST_1 : Operation 285 [1/1] (0.00ns)   --->   "%write_ln0 = write void @_ssdm_op_Write.ap_auto.i8P0A, i8 %hash_1445_058_out, i8 %hash_1445_058_load"   --->   Operation 285 'write' 'write_ln0' <Predicate = (icmp_ln138)> <Delay = 0.00>
ST_1 : Operation 286 [1/1] (0.00ns)   --->   "%write_ln0 = write void @_ssdm_op_Write.ap_auto.i1P0A, i1 %write_flag47_0_out, i1 %write_flag47_0_load"   --->   Operation 286 'write' 'write_ln0' <Predicate = (icmp_ln138)> <Delay = 0.00>
ST_1 : Operation 287 [1/1] (0.00ns)   --->   "%write_ln0 = write void @_ssdm_op_Write.ap_auto.i1P0A, i1 %write_flag24_0_out, i1 %write_flag24_0_load"   --->   Operation 287 'write' 'write_ln0' <Predicate = (icmp_ln138)> <Delay = 0.00>
ST_1 : Operation 288 [1/1] (0.00ns)   --->   "%write_ln0 = write void @_ssdm_op_Write.ap_auto.i8P0A, i8 %hash_15_057_out, i8 %hash_15_057_load"   --->   Operation 288 'write' 'write_ln0' <Predicate = (icmp_ln138)> <Delay = 0.00>
ST_1 : Operation 289 [1/1] (0.00ns)   --->   "%write_ln0 = write void @_ssdm_op_Write.ap_auto.i1P0A, i1 %write_flag50_0_out, i1 %write_flag50_0_load"   --->   Operation 289 'write' 'write_ln0' <Predicate = (icmp_ln138)> <Delay = 0.00>
ST_1 : Operation 290 [1/1] (0.00ns)   --->   "%write_ln0 = write void @_ssdm_op_Write.ap_auto.i8P0A, i8 %hash_7_056_out, i8 %hash_7_056_load"   --->   Operation 290 'write' 'write_ln0' <Predicate = (icmp_ln138)> <Delay = 0.00>
ST_1 : Operation 291 [1/1] (0.00ns)   --->   "%write_ln0 = write void @_ssdm_op_Write.ap_auto.i8P0A, i8 %hash_16_055_out, i8 %hash_16_055_load"   --->   Operation 291 'write' 'write_ln0' <Predicate = (icmp_ln138)> <Delay = 0.00>
ST_1 : Operation 292 [1/1] (0.00ns)   --->   "%write_ln0 = write void @_ssdm_op_Write.ap_auto.i1P0A, i1 %write_flag53_0_out, i1 %write_flag53_0_load"   --->   Operation 292 'write' 'write_ln0' <Predicate = (icmp_ln138)> <Delay = 0.00>
ST_1 : Operation 293 [1/1] (0.00ns)   --->   "%write_ln0 = write void @_ssdm_op_Write.ap_auto.i1P0A, i1 %write_flag21_0_out, i1 %write_flag21_0_load"   --->   Operation 293 'write' 'write_ln0' <Predicate = (icmp_ln138)> <Delay = 0.00>
ST_1 : Operation 294 [1/1] (0.00ns)   --->   "%write_ln0 = write void @_ssdm_op_Write.ap_auto.i8P0A, i8 %hash_17_054_out, i8 %hash_17_054_load"   --->   Operation 294 'write' 'write_ln0' <Predicate = (icmp_ln138)> <Delay = 0.00>
ST_1 : Operation 295 [1/1] (0.00ns)   --->   "%write_ln0 = write void @_ssdm_op_Write.ap_auto.i1P0A, i1 %write_flag56_0_out, i1 %write_flag56_0_load"   --->   Operation 295 'write' 'write_ln0' <Predicate = (icmp_ln138)> <Delay = 0.00>
ST_1 : Operation 296 [1/1] (0.00ns)   --->   "%write_ln0 = write void @_ssdm_op_Write.ap_auto.i8P0A, i8 %hash_6_053_out, i8 %hash_6_053_load"   --->   Operation 296 'write' 'write_ln0' <Predicate = (icmp_ln138)> <Delay = 0.00>
ST_1 : Operation 297 [1/1] (0.00ns)   --->   "%write_ln0 = write void @_ssdm_op_Write.ap_auto.i8P0A, i8 %hash_18_052_out, i8 %hash_18_052_load"   --->   Operation 297 'write' 'write_ln0' <Predicate = (icmp_ln138)> <Delay = 0.00>
ST_1 : Operation 298 [1/1] (0.00ns)   --->   "%write_ln0 = write void @_ssdm_op_Write.ap_auto.i1P0A, i1 %write_flag59_0_out, i1 %write_flag59_0_load"   --->   Operation 298 'write' 'write_ln0' <Predicate = (icmp_ln138)> <Delay = 0.00>
ST_1 : Operation 299 [1/1] (0.00ns)   --->   "%write_ln0 = write void @_ssdm_op_Write.ap_auto.i1P0A, i1 %write_flag18_0_out, i1 %write_flag18_0_load"   --->   Operation 299 'write' 'write_ln0' <Predicate = (icmp_ln138)> <Delay = 0.00>
ST_1 : Operation 300 [1/1] (0.00ns)   --->   "%write_ln0 = write void @_ssdm_op_Write.ap_auto.i8P0A, i8 %hash_19_051_out, i8 %hash_19_051_load"   --->   Operation 300 'write' 'write_ln0' <Predicate = (icmp_ln138)> <Delay = 0.00>
ST_1 : Operation 301 [1/1] (0.00ns)   --->   "%write_ln0 = write void @_ssdm_op_Write.ap_auto.i1P0A, i1 %write_flag62_0_out, i1 %write_flag62_0_load"   --->   Operation 301 'write' 'write_ln0' <Predicate = (icmp_ln138)> <Delay = 0.00>
ST_1 : Operation 302 [1/1] (0.00ns)   --->   "%write_ln0 = write void @_ssdm_op_Write.ap_auto.i8P0A, i8 %hash_5_050_out, i8 %hash_5_050_load"   --->   Operation 302 'write' 'write_ln0' <Predicate = (icmp_ln138)> <Delay = 0.00>
ST_1 : Operation 303 [1/1] (0.00ns)   --->   "%write_ln0 = write void @_ssdm_op_Write.ap_auto.i8P0A, i8 %hash_20_049_out, i8 %hash_20_049_load"   --->   Operation 303 'write' 'write_ln0' <Predicate = (icmp_ln138)> <Delay = 0.00>
ST_1 : Operation 304 [1/1] (0.00ns)   --->   "%write_ln0 = write void @_ssdm_op_Write.ap_auto.i1P0A, i1 %write_flag65_0_out, i1 %write_flag65_0_load"   --->   Operation 304 'write' 'write_ln0' <Predicate = (icmp_ln138)> <Delay = 0.00>
ST_1 : Operation 305 [1/1] (0.00ns)   --->   "%write_ln0 = write void @_ssdm_op_Write.ap_auto.i1P0A, i1 %write_flag15_0_out, i1 %write_flag15_0_load"   --->   Operation 305 'write' 'write_ln0' <Predicate = (icmp_ln138)> <Delay = 0.00>
ST_1 : Operation 306 [1/1] (0.00ns)   --->   "%write_ln0 = write void @_ssdm_op_Write.ap_auto.i8P0A, i8 %hash_21_048_out, i8 %hash_21_048_load"   --->   Operation 306 'write' 'write_ln0' <Predicate = (icmp_ln138)> <Delay = 0.00>
ST_1 : Operation 307 [1/1] (0.00ns)   --->   "%write_ln0 = write void @_ssdm_op_Write.ap_auto.i1P0A, i1 %write_flag68_0_out, i1 %write_flag68_0_load"   --->   Operation 307 'write' 'write_ln0' <Predicate = (icmp_ln138)> <Delay = 0.00>
ST_1 : Operation 308 [1/1] (0.00ns)   --->   "%write_ln0 = write void @_ssdm_op_Write.ap_auto.i8P0A, i8 %hash_4_047_out, i8 %hash_4_047_load"   --->   Operation 308 'write' 'write_ln0' <Predicate = (icmp_ln138)> <Delay = 0.00>
ST_1 : Operation 309 [1/1] (0.00ns)   --->   "%write_ln0 = write void @_ssdm_op_Write.ap_auto.i8P0A, i8 %hash_22_046_out, i8 %hash_22_046_load"   --->   Operation 309 'write' 'write_ln0' <Predicate = (icmp_ln138)> <Delay = 0.00>
ST_1 : Operation 310 [1/1] (0.00ns)   --->   "%write_ln0 = write void @_ssdm_op_Write.ap_auto.i1P0A, i1 %write_flag71_0_out, i1 %write_flag71_0_load"   --->   Operation 310 'write' 'write_ln0' <Predicate = (icmp_ln138)> <Delay = 0.00>
ST_1 : Operation 311 [1/1] (0.00ns)   --->   "%write_ln0 = write void @_ssdm_op_Write.ap_auto.i1P0A, i1 %write_flag12_0_out, i1 %write_flag12_0_load"   --->   Operation 311 'write' 'write_ln0' <Predicate = (icmp_ln138)> <Delay = 0.00>
ST_1 : Operation 312 [1/1] (0.00ns)   --->   "%write_ln0 = write void @_ssdm_op_Write.ap_auto.i8P0A, i8 %hash_23_045_out, i8 %hash_23_045_load"   --->   Operation 312 'write' 'write_ln0' <Predicate = (icmp_ln138)> <Delay = 0.00>
ST_1 : Operation 313 [1/1] (0.00ns)   --->   "%write_ln0 = write void @_ssdm_op_Write.ap_auto.i1P0A, i1 %write_flag74_0_out, i1 %write_flag74_0_load"   --->   Operation 313 'write' 'write_ln0' <Predicate = (icmp_ln138)> <Delay = 0.00>
ST_1 : Operation 314 [1/1] (0.00ns)   --->   "%write_ln0 = write void @_ssdm_op_Write.ap_auto.i8P0A, i8 %hash_3_044_out, i8 %hash_3_044_load"   --->   Operation 314 'write' 'write_ln0' <Predicate = (icmp_ln138)> <Delay = 0.00>
ST_1 : Operation 315 [1/1] (0.00ns)   --->   "%write_ln0 = write void @_ssdm_op_Write.ap_auto.i8P0A, i8 %hash_24_043_out, i8 %hash_24_043_load"   --->   Operation 315 'write' 'write_ln0' <Predicate = (icmp_ln138)> <Delay = 0.00>
ST_1 : Operation 316 [1/1] (0.00ns)   --->   "%write_ln0 = write void @_ssdm_op_Write.ap_auto.i1P0A, i1 %write_flag77_0_out, i1 %write_flag77_0_load"   --->   Operation 316 'write' 'write_ln0' <Predicate = (icmp_ln138)> <Delay = 0.00>
ST_1 : Operation 317 [1/1] (0.00ns)   --->   "%write_ln0 = write void @_ssdm_op_Write.ap_auto.i1P0A, i1 %write_flag9_0_out, i1 %write_flag9_0_load"   --->   Operation 317 'write' 'write_ln0' <Predicate = (icmp_ln138)> <Delay = 0.00>
ST_1 : Operation 318 [1/1] (0.00ns)   --->   "%write_ln0 = write void @_ssdm_op_Write.ap_auto.i8P0A, i8 %hash_25_042_out, i8 %hash_25_042_load"   --->   Operation 318 'write' 'write_ln0' <Predicate = (icmp_ln138)> <Delay = 0.00>
ST_1 : Operation 319 [1/1] (0.00ns)   --->   "%write_ln0 = write void @_ssdm_op_Write.ap_auto.i1P0A, i1 %write_flag80_0_out, i1 %write_flag80_0_load"   --->   Operation 319 'write' 'write_ln0' <Predicate = (icmp_ln138)> <Delay = 0.00>
ST_1 : Operation 320 [1/1] (0.00ns)   --->   "%write_ln0 = write void @_ssdm_op_Write.ap_auto.i8P0A, i8 %hash_2_041_out, i8 %hash_2_041_load"   --->   Operation 320 'write' 'write_ln0' <Predicate = (icmp_ln138)> <Delay = 0.00>
ST_1 : Operation 321 [1/1] (0.00ns)   --->   "%write_ln0 = write void @_ssdm_op_Write.ap_auto.i8P0A, i8 %hash_26_040_out, i8 %hash_26_040_load"   --->   Operation 321 'write' 'write_ln0' <Predicate = (icmp_ln138)> <Delay = 0.00>
ST_1 : Operation 322 [1/1] (0.00ns)   --->   "%write_ln0 = write void @_ssdm_op_Write.ap_auto.i1P0A, i1 %write_flag84_0_out, i1 %write_flag84_0_load"   --->   Operation 322 'write' 'write_ln0' <Predicate = (icmp_ln138)> <Delay = 0.00>
ST_1 : Operation 323 [1/1] (0.00ns)   --->   "%write_ln0 = write void @_ssdm_op_Write.ap_auto.i1P0A, i1 %write_flag6_0_out, i1 %write_flag6_0_load"   --->   Operation 323 'write' 'write_ln0' <Predicate = (icmp_ln138)> <Delay = 0.00>
ST_1 : Operation 324 [1/1] (0.00ns)   --->   "%write_ln0 = write void @_ssdm_op_Write.ap_auto.i8P0A, i8 %hash_2786_039_out, i8 %hash_2786_039_load"   --->   Operation 324 'write' 'write_ln0' <Predicate = (icmp_ln138)> <Delay = 0.00>
ST_1 : Operation 325 [1/1] (0.00ns)   --->   "%write_ln0 = write void @_ssdm_op_Write.ap_auto.i1P0A, i1 %write_flag88_0_out, i1 %write_flag88_0_load"   --->   Operation 325 'write' 'write_ln0' <Predicate = (icmp_ln138)> <Delay = 0.00>
ST_1 : Operation 326 [1/1] (0.00ns)   --->   "%write_ln0 = write void @_ssdm_op_Write.ap_auto.i8P0A, i8 %hash_1_038_out, i8 %hash_1_038_load"   --->   Operation 326 'write' 'write_ln0' <Predicate = (icmp_ln138)> <Delay = 0.00>
ST_1 : Operation 327 [1/1] (0.00ns)   --->   "%write_ln0 = write void @_ssdm_op_Write.ap_auto.i8P0A, i8 %hash_28_037_out, i8 %hash_28_037_load"   --->   Operation 327 'write' 'write_ln0' <Predicate = (icmp_ln138)> <Delay = 0.00>
ST_1 : Operation 328 [1/1] (0.00ns)   --->   "%write_ln0 = write void @_ssdm_op_Write.ap_auto.i1P0A, i1 %write_flag91_0_out, i1 %write_flag91_0_load"   --->   Operation 328 'write' 'write_ln0' <Predicate = (icmp_ln138)> <Delay = 0.00>
ST_1 : Operation 329 [1/1] (0.00ns)   --->   "%write_ln0 = write void @_ssdm_op_Write.ap_auto.i1P0A, i1 %write_flag3_0_out, i1 %write_flag3_0_load"   --->   Operation 329 'write' 'write_ln0' <Predicate = (icmp_ln138)> <Delay = 0.00>
ST_1 : Operation 330 [1/1] (0.00ns)   --->   "%write_ln0 = write void @_ssdm_op_Write.ap_auto.i8P0A, i8 %hash_29_036_out, i8 %hash_29_036_load"   --->   Operation 330 'write' 'write_ln0' <Predicate = (icmp_ln138)> <Delay = 0.00>
ST_1 : Operation 331 [1/1] (0.00ns)   --->   "%write_ln0 = write void @_ssdm_op_Write.ap_auto.i1P0A, i1 %write_flag94_0_out, i1 %write_flag94_0_load"   --->   Operation 331 'write' 'write_ln0' <Predicate = (icmp_ln138)> <Delay = 0.00>
ST_1 : Operation 332 [1/1] (0.00ns)   --->   "%write_ln0 = write void @_ssdm_op_Write.ap_auto.i8P0A, i8 %hash_0_035_out, i8 %hash_0_035_load"   --->   Operation 332 'write' 'write_ln0' <Predicate = (icmp_ln138)> <Delay = 0.00>
ST_1 : Operation 333 [1/1] (0.00ns)   --->   "%write_ln0 = write void @_ssdm_op_Write.ap_auto.i8P0A, i8 %hash_30_034_out, i8 %hash_30_034_load"   --->   Operation 333 'write' 'write_ln0' <Predicate = (icmp_ln138)> <Delay = 0.00>
ST_1 : Operation 334 [1/1] (0.00ns)   --->   "%write_ln0 = write void @_ssdm_op_Write.ap_auto.i1P0A, i1 %write_flag97_0_out, i1 %write_flag97_0_load"   --->   Operation 334 'write' 'write_ln0' <Predicate = (icmp_ln138)> <Delay = 0.00>
ST_1 : Operation 335 [1/1] (0.00ns)   --->   "%write_ln0 = write void @_ssdm_op_Write.ap_auto.i1P0A, i1 %write_flag_0_out, i1 %write_flag_0_load"   --->   Operation 335 'write' 'write_ln0' <Predicate = (icmp_ln138)> <Delay = 0.00>
ST_1 : Operation 336 [1/1] (0.00ns)   --->   "%write_ln0 = write void @_ssdm_op_Write.ap_auto.i8P0A, i8 %hash_31_033_out, i8 %hash_31_033_load"   --->   Operation 336 'write' 'write_ln0' <Predicate = (icmp_ln138)> <Delay = 0.00>
ST_1 : Operation 337 [1/1] (0.00ns)   --->   "%ret_ln0 = ret"   --->   Operation 337 'ret' 'ret_ln0' <Predicate = (icmp_ln138)> <Delay = 0.00>


============================================================
+ Verbose Summary: Timing violations
============================================================
Target clock period: 10ns, clock uncertainty: 2.7ns.

 <State 1>: 1.76ns
The critical path consists of the following:
	'alloca' operation ('i') [73]  (0 ns)
	'load' operation ('i', sha1/sha256_impl1.cpp:139) on local variable 'i' [181]  (0 ns)
	'sub' operation ('sub_ln139', sha1/sha256_impl1.cpp:139) [191]  (0.707 ns)
	'lshr' operation ('lshr_ln141', sha1/sha256_impl1.cpp:141) [197]  (1.05 ns)
	'store' operation ('store_ln139', sha1/sha256_impl1.cpp:139) of variable 'trunc_ln141', sha1/sha256_impl1.cpp:141 on local variable 'hash_9_062' [229]  (0 ns)


============================================================
+ Verbose Summary: Binding
============================================================
N/A
* FSMD analyzer results:
  - Output states:
 - Input state : 
  - Chain level:
	State 1


============================================================
+ Verbose Summary: Datapath Resource usage 
============================================================
N/A
