

================================================================
== Vitis HLS Report for 'sha2561'
================================================================
* Date:           Thu Jul 27 12:24:18 2023

* Version:        2022.1 (Build 3526262 on Mon Apr 18 15:47:01 MDT 2022)
* Project:        shat
* Solution:       solution1 (Vivado IP Flow Target)
* Product family: virtexuplus
* Target device:  xcu280-fsvh2892-2L-e


================================================================
== Performance Estimates
================================================================
+ Timing: 
    * Summary: 
    +--------+----------+----------+------------+
    |  Clock |  Target  | Estimated| Uncertainty|
    +--------+----------+----------+------------+
    |ap_clk  |  10.00 ns|  7.175 ns|     2.70 ns|
    +--------+----------+----------+------------+

+ Latency: 
    * Summary: 
    +---------+---------+----------+----------+-----+-----+---------+
    |  Latency (cycles) |  Latency (absolute) |  Interval | Pipeline|
    |   min   |   max   |    min   |    max   | min | max |   Type  |
    +---------+---------+----------+----------+-----+-----+---------+
    |        ?|        ?|         ?|         ?|    ?|    ?|       no|
    +---------+---------+----------+----------+-----+-----+---------+

    + Detail: 
        * Instance: 
        N/A

        * Loop: 
        +-------------------+---------+---------+----------+-----------+-----------+------+----------+
        |                   |  Latency (cycles) | Iteration|  Initiation Interval  | Trip |          |
        |     Loop Name     |   min   |   max   |  Latency |  achieved |   target  | Count| Pipelined|
        +-------------------+---------+---------+----------+-----------+-----------+------+----------+
        |- VITIS_LOOP_90_1  |        ?|        ?|      3401|          -|          -|     ?|        no|
        +-------------------+---------+---------+----------+-----------+-----------+------+----------+

============================================================
+ Verbose Summary: Synthesis Manager
============================================================
InlineROM: 1
ExposeGlobal: 0
============================================================
+ Verbose Summary: CDFG Model
============================================================
IsTopModel: 0
ResetActiveHigh: 1
IsCombinational: 0
IsDatapathOnly: 0
HasWiredReturn: 1
HasMFsm: 0
HasVarLatency: 1
IsPipeline: 0
IsRtlPipelined: 0
IsInstanceOverlapped: 0
IsDontTouch: 0
HasImplIP: 0
IsGatedGlobalClock: 0


============================================================
+ Verbose Summary: Schedule
============================================================
* Number of FSM states : 7
* Pipeline : 0
* Dataflow Pipeline: 0

* FSM state transitions: 
1 --> 2 
2 --> 3 
3 --> 4 
4 --> 5 
5 --> 6 
6 --> 7 2 
7 --> 

* FSM state operations: 

State 1 <SV = 0> <Delay = 0.38>
ST_1 : Operation 8 [1/1] (0.00ns)   --->   "%p_lcssa1215 = alloca i32 1"   --->   Operation 8 'alloca' 'p_lcssa1215' <Predicate = true> <Delay = 0.00>
ST_1 : Operation 9 [1/1] (0.00ns)   --->   "%p_lcssa1317 = alloca i32 1"   --->   Operation 9 'alloca' 'p_lcssa1317' <Predicate = true> <Delay = 0.00>
ST_1 : Operation 10 [1/1] (0.00ns)   --->   "%seg_buf = alloca i32 1"   --->   Operation 10 'alloca' 'seg_buf' <Predicate = true> <Delay = 0.00>
ST_1 : Operation 11 [1/1] (0.00ns)   --->   "%seg_buf_1 = alloca i32 1"   --->   Operation 11 'alloca' 'seg_buf_1' <Predicate = true> <Delay = 0.00>
ST_1 : Operation 12 [1/1] (0.00ns)   --->   "%seg_buf_2 = alloca i32 1"   --->   Operation 12 'alloca' 'seg_buf_2' <Predicate = true> <Delay = 0.00>
ST_1 : Operation 13 [1/1] (0.00ns)   --->   "%seg_buf_3 = alloca i32 1"   --->   Operation 13 'alloca' 'seg_buf_3' <Predicate = true> <Delay = 0.00>
ST_1 : Operation 14 [1/1] (0.00ns)   --->   "%seg_buf_4 = alloca i32 1"   --->   Operation 14 'alloca' 'seg_buf_4' <Predicate = true> <Delay = 0.00>
ST_1 : Operation 15 [1/1] (0.00ns)   --->   "%seg_buf_5 = alloca i32 1"   --->   Operation 15 'alloca' 'seg_buf_5' <Predicate = true> <Delay = 0.00>
ST_1 : Operation 16 [1/1] (0.00ns)   --->   "%seg_buf_6 = alloca i32 1"   --->   Operation 16 'alloca' 'seg_buf_6' <Predicate = true> <Delay = 0.00>
ST_1 : Operation 17 [1/1] (0.00ns)   --->   "%seg_buf_7 = alloca i32 1"   --->   Operation 17 'alloca' 'seg_buf_7' <Predicate = true> <Delay = 0.00>
ST_1 : Operation 18 [1/1] (0.00ns)   --->   "%seg_buf_8 = alloca i32 1"   --->   Operation 18 'alloca' 'seg_buf_8' <Predicate = true> <Delay = 0.00>
ST_1 : Operation 19 [1/1] (0.00ns)   --->   "%seg_buf_9 = alloca i32 1"   --->   Operation 19 'alloca' 'seg_buf_9' <Predicate = true> <Delay = 0.00>
ST_1 : Operation 20 [1/1] (0.00ns)   --->   "%seg_buf_10 = alloca i32 1"   --->   Operation 20 'alloca' 'seg_buf_10' <Predicate = true> <Delay = 0.00>
ST_1 : Operation 21 [1/1] (0.00ns)   --->   "%seg_buf_11 = alloca i32 1"   --->   Operation 21 'alloca' 'seg_buf_11' <Predicate = true> <Delay = 0.00>
ST_1 : Operation 22 [1/1] (0.00ns)   --->   "%seg_buf_12 = alloca i32 1"   --->   Operation 22 'alloca' 'seg_buf_12' <Predicate = true> <Delay = 0.00>
ST_1 : Operation 23 [1/1] (0.00ns)   --->   "%seg_buf_13 = alloca i32 1"   --->   Operation 23 'alloca' 'seg_buf_13' <Predicate = true> <Delay = 0.00>
ST_1 : Operation 24 [1/1] (0.00ns)   --->   "%seg_buf_14 = alloca i32 1"   --->   Operation 24 'alloca' 'seg_buf_14' <Predicate = true> <Delay = 0.00>
ST_1 : Operation 25 [1/1] (0.00ns)   --->   "%seg_buf_15 = alloca i32 1"   --->   Operation 25 'alloca' 'seg_buf_15' <Predicate = true> <Delay = 0.00>
ST_1 : Operation 26 [1/1] (0.00ns)   --->   "%seg_buf_16 = alloca i32 1"   --->   Operation 26 'alloca' 'seg_buf_16' <Predicate = true> <Delay = 0.00>
ST_1 : Operation 27 [1/1] (0.00ns)   --->   "%seg_buf_17 = alloca i32 1"   --->   Operation 27 'alloca' 'seg_buf_17' <Predicate = true> <Delay = 0.00>
ST_1 : Operation 28 [1/1] (0.00ns)   --->   "%seg_buf_18 = alloca i32 1"   --->   Operation 28 'alloca' 'seg_buf_18' <Predicate = true> <Delay = 0.00>
ST_1 : Operation 29 [1/1] (0.00ns)   --->   "%seg_buf_19 = alloca i32 1"   --->   Operation 29 'alloca' 'seg_buf_19' <Predicate = true> <Delay = 0.00>
ST_1 : Operation 30 [1/1] (0.00ns)   --->   "%seg_buf_20 = alloca i32 1"   --->   Operation 30 'alloca' 'seg_buf_20' <Predicate = true> <Delay = 0.00>
ST_1 : Operation 31 [1/1] (0.00ns)   --->   "%seg_buf_21 = alloca i32 1"   --->   Operation 31 'alloca' 'seg_buf_21' <Predicate = true> <Delay = 0.00>
ST_1 : Operation 32 [1/1] (0.00ns)   --->   "%seg_buf_22 = alloca i32 1"   --->   Operation 32 'alloca' 'seg_buf_22' <Predicate = true> <Delay = 0.00>
ST_1 : Operation 33 [1/1] (0.00ns)   --->   "%seg_buf_23 = alloca i32 1"   --->   Operation 33 'alloca' 'seg_buf_23' <Predicate = true> <Delay = 0.00>
ST_1 : Operation 34 [1/1] (0.00ns)   --->   "%seg_buf_24 = alloca i32 1"   --->   Operation 34 'alloca' 'seg_buf_24' <Predicate = true> <Delay = 0.00>
ST_1 : Operation 35 [1/1] (0.00ns)   --->   "%seg_buf_25 = alloca i32 1"   --->   Operation 35 'alloca' 'seg_buf_25' <Predicate = true> <Delay = 0.00>
ST_1 : Operation 36 [1/1] (0.00ns)   --->   "%seg_buf_26 = alloca i32 1"   --->   Operation 36 'alloca' 'seg_buf_26' <Predicate = true> <Delay = 0.00>
ST_1 : Operation 37 [1/1] (0.00ns)   --->   "%seg_buf_27 = alloca i32 1"   --->   Operation 37 'alloca' 'seg_buf_27' <Predicate = true> <Delay = 0.00>
ST_1 : Operation 38 [1/1] (0.00ns)   --->   "%seg_buf_28 = alloca i32 1"   --->   Operation 38 'alloca' 'seg_buf_28' <Predicate = true> <Delay = 0.00>
ST_1 : Operation 39 [1/1] (0.00ns)   --->   "%seg_buf_29 = alloca i32 1"   --->   Operation 39 'alloca' 'seg_buf_29' <Predicate = true> <Delay = 0.00>
ST_1 : Operation 40 [1/1] (0.00ns)   --->   "%seg_buf_30 = alloca i32 1"   --->   Operation 40 'alloca' 'seg_buf_30' <Predicate = true> <Delay = 0.00>
ST_1 : Operation 41 [1/1] (0.00ns)   --->   "%seg_buf_31 = alloca i32 1"   --->   Operation 41 'alloca' 'seg_buf_31' <Predicate = true> <Delay = 0.00>
ST_1 : Operation 42 [1/1] (0.00ns)   --->   "%conv12_lcssa77 = alloca i32 1"   --->   Operation 42 'alloca' 'conv12_lcssa77' <Predicate = true> <Delay = 0.00>
ST_1 : Operation 43 [1/1] (0.00ns)   --->   "%conv14_lcssa79 = alloca i32 1"   --->   Operation 43 'alloca' 'conv14_lcssa79' <Predicate = true> <Delay = 0.00>
ST_1 : Operation 44 [1/1] (0.00ns)   --->   "%conv16_lcssa81 = alloca i32 1"   --->   Operation 44 'alloca' 'conv16_lcssa81' <Predicate = true> <Delay = 0.00>
ST_1 : Operation 45 [1/1] (0.00ns)   --->   "%conv18_lcssa83 = alloca i32 1"   --->   Operation 45 'alloca' 'conv18_lcssa83' <Predicate = true> <Delay = 0.00>
ST_1 : Operation 46 [1/1] (0.00ns)   --->   "%conv20_lcssa85 = alloca i32 1"   --->   Operation 46 'alloca' 'conv20_lcssa85' <Predicate = true> <Delay = 0.00>
ST_1 : Operation 47 [1/1] (0.00ns)   --->   "%conv22_lcssa87 = alloca i32 1"   --->   Operation 47 'alloca' 'conv22_lcssa87' <Predicate = true> <Delay = 0.00>
ST_1 : Operation 48 [1/1] (0.00ns)   --->   "%conv24_lcssa89 = alloca i32 1"   --->   Operation 48 'alloca' 'conv24_lcssa89' <Predicate = true> <Delay = 0.00>
ST_1 : Operation 49 [1/1] (0.00ns)   --->   "%conv26_lcssa91 = alloca i32 1"   --->   Operation 49 'alloca' 'conv26_lcssa91' <Predicate = true> <Delay = 0.00>
ST_1 : Operation 50 [1/1] (0.00ns)   --->   "%conv28_lcssa93 = alloca i32 1"   --->   Operation 50 'alloca' 'conv28_lcssa93' <Predicate = true> <Delay = 0.00>
ST_1 : Operation 51 [1/1] (0.00ns)   --->   "%conv30_lcssa95 = alloca i32 1"   --->   Operation 51 'alloca' 'conv30_lcssa95' <Predicate = true> <Delay = 0.00>
ST_1 : Operation 52 [1/1] (0.00ns)   --->   "%conv32_lcssa97 = alloca i32 1"   --->   Operation 52 'alloca' 'conv32_lcssa97' <Predicate = true> <Delay = 0.00>
ST_1 : Operation 53 [1/1] (0.00ns)   --->   "%conv34_lcssa99 = alloca i32 1"   --->   Operation 53 'alloca' 'conv34_lcssa99' <Predicate = true> <Delay = 0.00>
ST_1 : Operation 54 [1/1] (0.00ns)   --->   "%conv36_lcssa101 = alloca i32 1"   --->   Operation 54 'alloca' 'conv36_lcssa101' <Predicate = true> <Delay = 0.00>
ST_1 : Operation 55 [1/1] (0.00ns)   --->   "%conv38_lcssa103 = alloca i32 1"   --->   Operation 55 'alloca' 'conv38_lcssa103' <Predicate = true> <Delay = 0.00>
ST_1 : Operation 56 [1/1] (0.00ns)   --->   "%conv40_lcssa105 = alloca i32 1"   --->   Operation 56 'alloca' 'conv40_lcssa105' <Predicate = true> <Delay = 0.00>
ST_1 : Operation 57 [1/1] (0.00ns)   --->   "%conv42_lcssa107 = alloca i32 1"   --->   Operation 57 'alloca' 'conv42_lcssa107' <Predicate = true> <Delay = 0.00>
ST_1 : Operation 58 [1/1] (0.00ns)   --->   "%conv44_lcssa109 = alloca i32 1"   --->   Operation 58 'alloca' 'conv44_lcssa109' <Predicate = true> <Delay = 0.00>
ST_1 : Operation 59 [1/1] (0.00ns)   --->   "%conv46_lcssa111 = alloca i32 1"   --->   Operation 59 'alloca' 'conv46_lcssa111' <Predicate = true> <Delay = 0.00>
ST_1 : Operation 60 [1/1] (0.00ns)   --->   "%conv48_lcssa113 = alloca i32 1"   --->   Operation 60 'alloca' 'conv48_lcssa113' <Predicate = true> <Delay = 0.00>
ST_1 : Operation 61 [1/1] (0.00ns)   --->   "%conv50_lcssa115 = alloca i32 1"   --->   Operation 61 'alloca' 'conv50_lcssa115' <Predicate = true> <Delay = 0.00>
ST_1 : Operation 62 [1/1] (0.00ns)   --->   "%conv52_lcssa117 = alloca i32 1"   --->   Operation 62 'alloca' 'conv52_lcssa117' <Predicate = true> <Delay = 0.00>
ST_1 : Operation 63 [1/1] (0.00ns)   --->   "%conv54_lcssa119 = alloca i32 1"   --->   Operation 63 'alloca' 'conv54_lcssa119' <Predicate = true> <Delay = 0.00>
ST_1 : Operation 64 [1/1] (0.00ns)   --->   "%conv56_lcssa121 = alloca i32 1"   --->   Operation 64 'alloca' 'conv56_lcssa121' <Predicate = true> <Delay = 0.00>
ST_1 : Operation 65 [1/1] (0.00ns)   --->   "%conv58_lcssa123 = alloca i32 1"   --->   Operation 65 'alloca' 'conv58_lcssa123' <Predicate = true> <Delay = 0.00>
ST_1 : Operation 66 [1/1] (0.00ns)   --->   "%conv60_lcssa125 = alloca i32 1"   --->   Operation 66 'alloca' 'conv60_lcssa125' <Predicate = true> <Delay = 0.00>
ST_1 : Operation 67 [1/1] (0.00ns)   --->   "%conv62_lcssa127 = alloca i32 1"   --->   Operation 67 'alloca' 'conv62_lcssa127' <Predicate = true> <Delay = 0.00>
ST_1 : Operation 68 [1/1] (0.00ns)   --->   "%conv64_lcssa129 = alloca i32 1"   --->   Operation 68 'alloca' 'conv64_lcssa129' <Predicate = true> <Delay = 0.00>
ST_1 : Operation 69 [1/1] (0.00ns)   --->   "%conv66_lcssa131 = alloca i32 1"   --->   Operation 69 'alloca' 'conv66_lcssa131' <Predicate = true> <Delay = 0.00>
ST_1 : Operation 70 [1/1] (0.00ns)   --->   "%conv68_lcssa133 = alloca i32 1"   --->   Operation 70 'alloca' 'conv68_lcssa133' <Predicate = true> <Delay = 0.00>
ST_1 : Operation 71 [1/1] (0.00ns)   --->   "%conv70_lcssa135 = alloca i32 1"   --->   Operation 71 'alloca' 'conv70_lcssa135' <Predicate = true> <Delay = 0.00>
ST_1 : Operation 72 [1/1] (0.00ns)   --->   "%conv72_lcssa137 = alloca i32 1"   --->   Operation 72 'alloca' 'conv72_lcssa137' <Predicate = true> <Delay = 0.00>
ST_1 : Operation 73 [1/1] (0.00ns)   --->   "%conv74_lcssa139 = alloca i32 1"   --->   Operation 73 'alloca' 'conv74_lcssa139' <Predicate = true> <Delay = 0.00>
ST_1 : Operation 74 [1/1] (0.00ns)   --->   "%p_lcssa140 = alloca i32 1"   --->   Operation 74 'alloca' 'p_lcssa140' <Predicate = true> <Delay = 0.00>
ST_1 : Operation 75 [1/1] (0.00ns)   --->   "%sha256ctx_state_7_0 = alloca i32 1"   --->   Operation 75 'alloca' 'sha256ctx_state_7_0' <Predicate = true> <Delay = 0.00>
ST_1 : Operation 76 [1/1] (0.00ns)   --->   "%sha256ctx_state_6_0 = alloca i32 1"   --->   Operation 76 'alloca' 'sha256ctx_state_6_0' <Predicate = true> <Delay = 0.00>
ST_1 : Operation 77 [1/1] (0.00ns)   --->   "%sha256ctx_state_0_0 = alloca i32 1"   --->   Operation 77 'alloca' 'sha256ctx_state_0_0' <Predicate = true> <Delay = 0.00>
ST_1 : Operation 78 [1/1] (0.00ns)   --->   "%sha256ctx_state_1_0 = alloca i32 1"   --->   Operation 78 'alloca' 'sha256ctx_state_1_0' <Predicate = true> <Delay = 0.00>
ST_1 : Operation 79 [1/1] (0.00ns)   --->   "%sha256ctx_state_2_0 = alloca i32 1"   --->   Operation 79 'alloca' 'sha256ctx_state_2_0' <Predicate = true> <Delay = 0.00>
ST_1 : Operation 80 [1/1] (0.00ns)   --->   "%sha256ctx_state_3_0 = alloca i32 1"   --->   Operation 80 'alloca' 'sha256ctx_state_3_0' <Predicate = true> <Delay = 0.00>
ST_1 : Operation 81 [1/1] (0.00ns)   --->   "%sha256ctx_state_4_0 = alloca i32 1"   --->   Operation 81 'alloca' 'sha256ctx_state_4_0' <Predicate = true> <Delay = 0.00>
ST_1 : Operation 82 [1/1] (0.00ns)   --->   "%sha256ctx_state_5_0 = alloca i32 1"   --->   Operation 82 'alloca' 'sha256ctx_state_5_0' <Predicate = true> <Delay = 0.00>
ST_1 : Operation 83 [1/1] (0.00ns)   --->   "%sha256ctx_datalen_loc = alloca i64 1"   --->   Operation 83 'alloca' 'sha256ctx_datalen_loc' <Predicate = true> <Delay = 0.00>
ST_1 : Operation 84 [1/1] (0.00ns)   --->   "%sha256ctx_bitlen_0_loc = alloca i64 1"   --->   Operation 84 'alloca' 'sha256ctx_bitlen_0_loc' <Predicate = true> <Delay = 0.00>
ST_1 : Operation 85 [1/1] (0.00ns)   --->   "%sha256ctx_bitlen_1_loc = alloca i64 1"   --->   Operation 85 'alloca' 'sha256ctx_bitlen_1_loc' <Predicate = true> <Delay = 0.00>
ST_1 : Operation 86 [1/1] (0.00ns)   --->   "%sha256ctx_state_7_1_loc = alloca i64 1"   --->   Operation 86 'alloca' 'sha256ctx_state_7_1_loc' <Predicate = true> <Delay = 0.00>
ST_1 : Operation 87 [1/1] (0.00ns)   --->   "%sha256ctx_state_6_1_loc = alloca i64 1"   --->   Operation 87 'alloca' 'sha256ctx_state_6_1_loc' <Predicate = true> <Delay = 0.00>
ST_1 : Operation 88 [1/1] (0.00ns)   --->   "%sha256ctx_state_0_1_loc = alloca i64 1"   --->   Operation 88 'alloca' 'sha256ctx_state_0_1_loc' <Predicate = true> <Delay = 0.00>
ST_1 : Operation 89 [1/1] (0.00ns)   --->   "%sha256ctx_state_1_1_loc = alloca i64 1"   --->   Operation 89 'alloca' 'sha256ctx_state_1_1_loc' <Predicate = true> <Delay = 0.00>
ST_1 : Operation 90 [1/1] (0.00ns)   --->   "%sha256ctx_state_2_1_loc = alloca i64 1"   --->   Operation 90 'alloca' 'sha256ctx_state_2_1_loc' <Predicate = true> <Delay = 0.00>
ST_1 : Operation 91 [1/1] (0.00ns)   --->   "%sha256ctx_state_3_1_loc = alloca i64 1"   --->   Operation 91 'alloca' 'sha256ctx_state_3_1_loc' <Predicate = true> <Delay = 0.00>
ST_1 : Operation 92 [1/1] (0.00ns)   --->   "%sha256ctx_state_4_1_loc = alloca i64 1"   --->   Operation 92 'alloca' 'sha256ctx_state_4_1_loc' <Predicate = true> <Delay = 0.00>
ST_1 : Operation 93 [1/1] (0.00ns)   --->   "%sha256ctx_state_5_1_loc = alloca i64 1"   --->   Operation 93 'alloca' 'sha256ctx_state_5_1_loc' <Predicate = true> <Delay = 0.00>
ST_1 : Operation 94 [1/1] (0.00ns)   --->   "%seg_buf_32_loc = alloca i64 1"   --->   Operation 94 'alloca' 'seg_buf_32_loc' <Predicate = true> <Delay = 0.00>
ST_1 : Operation 95 [1/1] (0.00ns)   --->   "%seg_buf_33_loc = alloca i64 1"   --->   Operation 95 'alloca' 'seg_buf_33_loc' <Predicate = true> <Delay = 0.00>
ST_1 : Operation 96 [1/1] (0.00ns)   --->   "%seg_buf_34_loc = alloca i64 1"   --->   Operation 96 'alloca' 'seg_buf_34_loc' <Predicate = true> <Delay = 0.00>
ST_1 : Operation 97 [1/1] (0.00ns)   --->   "%seg_buf_35_loc = alloca i64 1"   --->   Operation 97 'alloca' 'seg_buf_35_loc' <Predicate = true> <Delay = 0.00>
ST_1 : Operation 98 [1/1] (0.00ns)   --->   "%seg_buf_36_loc = alloca i64 1"   --->   Operation 98 'alloca' 'seg_buf_36_loc' <Predicate = true> <Delay = 0.00>
ST_1 : Operation 99 [1/1] (0.00ns)   --->   "%seg_buf_37_loc = alloca i64 1"   --->   Operation 99 'alloca' 'seg_buf_37_loc' <Predicate = true> <Delay = 0.00>
ST_1 : Operation 100 [1/1] (0.00ns)   --->   "%seg_buf_38_loc = alloca i64 1"   --->   Operation 100 'alloca' 'seg_buf_38_loc' <Predicate = true> <Delay = 0.00>
ST_1 : Operation 101 [1/1] (0.00ns)   --->   "%seg_buf_39_loc = alloca i64 1"   --->   Operation 101 'alloca' 'seg_buf_39_loc' <Predicate = true> <Delay = 0.00>
ST_1 : Operation 102 [1/1] (0.00ns)   --->   "%seg_buf_40_loc = alloca i64 1"   --->   Operation 102 'alloca' 'seg_buf_40_loc' <Predicate = true> <Delay = 0.00>
ST_1 : Operation 103 [1/1] (0.00ns)   --->   "%seg_buf_41_loc = alloca i64 1"   --->   Operation 103 'alloca' 'seg_buf_41_loc' <Predicate = true> <Delay = 0.00>
ST_1 : Operation 104 [1/1] (0.00ns)   --->   "%seg_buf_42_loc = alloca i64 1"   --->   Operation 104 'alloca' 'seg_buf_42_loc' <Predicate = true> <Delay = 0.00>
ST_1 : Operation 105 [1/1] (0.00ns)   --->   "%seg_buf_43_loc = alloca i64 1"   --->   Operation 105 'alloca' 'seg_buf_43_loc' <Predicate = true> <Delay = 0.00>
ST_1 : Operation 106 [1/1] (0.00ns)   --->   "%seg_buf_44_loc = alloca i64 1"   --->   Operation 106 'alloca' 'seg_buf_44_loc' <Predicate = true> <Delay = 0.00>
ST_1 : Operation 107 [1/1] (0.00ns)   --->   "%seg_buf_45_loc = alloca i64 1"   --->   Operation 107 'alloca' 'seg_buf_45_loc' <Predicate = true> <Delay = 0.00>
ST_1 : Operation 108 [1/1] (0.00ns)   --->   "%seg_buf_46_loc = alloca i64 1"   --->   Operation 108 'alloca' 'seg_buf_46_loc' <Predicate = true> <Delay = 0.00>
ST_1 : Operation 109 [1/1] (0.00ns)   --->   "%seg_buf_47_loc = alloca i64 1"   --->   Operation 109 'alloca' 'seg_buf_47_loc' <Predicate = true> <Delay = 0.00>
ST_1 : Operation 110 [1/1] (0.00ns)   --->   "%seg_buf_48_loc = alloca i64 1"   --->   Operation 110 'alloca' 'seg_buf_48_loc' <Predicate = true> <Delay = 0.00>
ST_1 : Operation 111 [1/1] (0.00ns)   --->   "%seg_buf_49_loc = alloca i64 1"   --->   Operation 111 'alloca' 'seg_buf_49_loc' <Predicate = true> <Delay = 0.00>
ST_1 : Operation 112 [1/1] (0.00ns)   --->   "%seg_buf_50_loc = alloca i64 1"   --->   Operation 112 'alloca' 'seg_buf_50_loc' <Predicate = true> <Delay = 0.00>
ST_1 : Operation 113 [1/1] (0.00ns)   --->   "%seg_buf_51_loc = alloca i64 1"   --->   Operation 113 'alloca' 'seg_buf_51_loc' <Predicate = true> <Delay = 0.00>
ST_1 : Operation 114 [1/1] (0.00ns)   --->   "%seg_buf_52_loc = alloca i64 1"   --->   Operation 114 'alloca' 'seg_buf_52_loc' <Predicate = true> <Delay = 0.00>
ST_1 : Operation 115 [1/1] (0.00ns)   --->   "%seg_buf_53_loc = alloca i64 1"   --->   Operation 115 'alloca' 'seg_buf_53_loc' <Predicate = true> <Delay = 0.00>
ST_1 : Operation 116 [1/1] (0.00ns)   --->   "%seg_buf_54_loc = alloca i64 1"   --->   Operation 116 'alloca' 'seg_buf_54_loc' <Predicate = true> <Delay = 0.00>
ST_1 : Operation 117 [1/1] (0.00ns)   --->   "%seg_buf_55_loc = alloca i64 1"   --->   Operation 117 'alloca' 'seg_buf_55_loc' <Predicate = true> <Delay = 0.00>
ST_1 : Operation 118 [1/1] (0.00ns)   --->   "%seg_buf_56_loc = alloca i64 1"   --->   Operation 118 'alloca' 'seg_buf_56_loc' <Predicate = true> <Delay = 0.00>
ST_1 : Operation 119 [1/1] (0.00ns)   --->   "%seg_buf_57_loc = alloca i64 1"   --->   Operation 119 'alloca' 'seg_buf_57_loc' <Predicate = true> <Delay = 0.00>
ST_1 : Operation 120 [1/1] (0.00ns)   --->   "%seg_buf_58_loc = alloca i64 1"   --->   Operation 120 'alloca' 'seg_buf_58_loc' <Predicate = true> <Delay = 0.00>
ST_1 : Operation 121 [1/1] (0.00ns)   --->   "%seg_buf_59_loc = alloca i64 1"   --->   Operation 121 'alloca' 'seg_buf_59_loc' <Predicate = true> <Delay = 0.00>
ST_1 : Operation 122 [1/1] (0.00ns)   --->   "%seg_buf_60_loc = alloca i64 1"   --->   Operation 122 'alloca' 'seg_buf_60_loc' <Predicate = true> <Delay = 0.00>
ST_1 : Operation 123 [1/1] (0.00ns)   --->   "%seg_buf_61_loc = alloca i64 1"   --->   Operation 123 'alloca' 'seg_buf_61_loc' <Predicate = true> <Delay = 0.00>
ST_1 : Operation 124 [1/1] (0.00ns)   --->   "%seg_buf_62_loc = alloca i64 1"   --->   Operation 124 'alloca' 'seg_buf_62_loc' <Predicate = true> <Delay = 0.00>
ST_1 : Operation 125 [1/1] (0.00ns)   --->   "%seg_buf_63_loc = alloca i64 1"   --->   Operation 125 'alloca' 'seg_buf_63_loc' <Predicate = true> <Delay = 0.00>
ST_1 : Operation 126 [1/1] (0.00ns)   --->   "%seg_buf_65_loc = alloca i64 1"   --->   Operation 126 'alloca' 'seg_buf_65_loc' <Predicate = true> <Delay = 0.00>
ST_1 : Operation 127 [1/1] (0.00ns)   --->   "%seg_buf_66_loc = alloca i64 1"   --->   Operation 127 'alloca' 'seg_buf_66_loc' <Predicate = true> <Delay = 0.00>
ST_1 : Operation 128 [1/1] (0.00ns)   --->   "%seg_buf_67_loc = alloca i64 1"   --->   Operation 128 'alloca' 'seg_buf_67_loc' <Predicate = true> <Delay = 0.00>
ST_1 : Operation 129 [1/1] (0.00ns)   --->   "%seg_buf_68_loc = alloca i64 1"   --->   Operation 129 'alloca' 'seg_buf_68_loc' <Predicate = true> <Delay = 0.00>
ST_1 : Operation 130 [1/1] (0.00ns)   --->   "%seg_buf_69_loc = alloca i64 1"   --->   Operation 130 'alloca' 'seg_buf_69_loc' <Predicate = true> <Delay = 0.00>
ST_1 : Operation 131 [1/1] (0.00ns)   --->   "%seg_buf_70_loc = alloca i64 1"   --->   Operation 131 'alloca' 'seg_buf_70_loc' <Predicate = true> <Delay = 0.00>
ST_1 : Operation 132 [1/1] (0.00ns)   --->   "%seg_buf_71_loc = alloca i64 1"   --->   Operation 132 'alloca' 'seg_buf_71_loc' <Predicate = true> <Delay = 0.00>
ST_1 : Operation 133 [1/1] (0.00ns)   --->   "%seg_buf_72_loc = alloca i64 1"   --->   Operation 133 'alloca' 'seg_buf_72_loc' <Predicate = true> <Delay = 0.00>
ST_1 : Operation 134 [1/1] (0.00ns)   --->   "%seg_buf_73_loc = alloca i64 1"   --->   Operation 134 'alloca' 'seg_buf_73_loc' <Predicate = true> <Delay = 0.00>
ST_1 : Operation 135 [1/1] (0.00ns)   --->   "%seg_buf_74_loc = alloca i64 1"   --->   Operation 135 'alloca' 'seg_buf_74_loc' <Predicate = true> <Delay = 0.00>
ST_1 : Operation 136 [1/1] (0.00ns)   --->   "%seg_buf_75_loc = alloca i64 1"   --->   Operation 136 'alloca' 'seg_buf_75_loc' <Predicate = true> <Delay = 0.00>
ST_1 : Operation 137 [1/1] (0.00ns)   --->   "%seg_buf_76_loc = alloca i64 1"   --->   Operation 137 'alloca' 'seg_buf_76_loc' <Predicate = true> <Delay = 0.00>
ST_1 : Operation 138 [1/1] (0.00ns)   --->   "%seg_buf_77_loc = alloca i64 1"   --->   Operation 138 'alloca' 'seg_buf_77_loc' <Predicate = true> <Delay = 0.00>
ST_1 : Operation 139 [1/1] (0.00ns)   --->   "%seg_buf_78_loc = alloca i64 1"   --->   Operation 139 'alloca' 'seg_buf_78_loc' <Predicate = true> <Delay = 0.00>
ST_1 : Operation 140 [1/1] (0.00ns)   --->   "%seg_buf_79_loc = alloca i64 1"   --->   Operation 140 'alloca' 'seg_buf_79_loc' <Predicate = true> <Delay = 0.00>
ST_1 : Operation 141 [1/1] (0.00ns)   --->   "%seg_buf_80_loc = alloca i64 1"   --->   Operation 141 'alloca' 'seg_buf_80_loc' <Predicate = true> <Delay = 0.00>
ST_1 : Operation 142 [1/1] (0.00ns)   --->   "%seg_buf_81_loc = alloca i64 1"   --->   Operation 142 'alloca' 'seg_buf_81_loc' <Predicate = true> <Delay = 0.00>
ST_1 : Operation 143 [1/1] (0.00ns)   --->   "%seg_buf_82_loc = alloca i64 1"   --->   Operation 143 'alloca' 'seg_buf_82_loc' <Predicate = true> <Delay = 0.00>
ST_1 : Operation 144 [1/1] (0.00ns)   --->   "%seg_buf_83_loc = alloca i64 1"   --->   Operation 144 'alloca' 'seg_buf_83_loc' <Predicate = true> <Delay = 0.00>
ST_1 : Operation 145 [1/1] (0.00ns)   --->   "%seg_buf_84_loc = alloca i64 1"   --->   Operation 145 'alloca' 'seg_buf_84_loc' <Predicate = true> <Delay = 0.00>
ST_1 : Operation 146 [1/1] (0.00ns)   --->   "%seg_buf_85_loc = alloca i64 1"   --->   Operation 146 'alloca' 'seg_buf_85_loc' <Predicate = true> <Delay = 0.00>
ST_1 : Operation 147 [1/1] (0.00ns)   --->   "%seg_buf_86_loc = alloca i64 1"   --->   Operation 147 'alloca' 'seg_buf_86_loc' <Predicate = true> <Delay = 0.00>
ST_1 : Operation 148 [1/1] (0.00ns)   --->   "%seg_buf_87_loc = alloca i64 1"   --->   Operation 148 'alloca' 'seg_buf_87_loc' <Predicate = true> <Delay = 0.00>
ST_1 : Operation 149 [1/1] (0.00ns)   --->   "%seg_buf_88_loc = alloca i64 1"   --->   Operation 149 'alloca' 'seg_buf_88_loc' <Predicate = true> <Delay = 0.00>
ST_1 : Operation 150 [1/1] (0.00ns)   --->   "%seg_buf_89_loc = alloca i64 1"   --->   Operation 150 'alloca' 'seg_buf_89_loc' <Predicate = true> <Delay = 0.00>
ST_1 : Operation 151 [1/1] (0.00ns)   --->   "%seg_buf_90_loc = alloca i64 1"   --->   Operation 151 'alloca' 'seg_buf_90_loc' <Predicate = true> <Delay = 0.00>
ST_1 : Operation 152 [1/1] (0.00ns)   --->   "%seg_buf_91_loc = alloca i64 1"   --->   Operation 152 'alloca' 'seg_buf_91_loc' <Predicate = true> <Delay = 0.00>
ST_1 : Operation 153 [1/1] (0.00ns)   --->   "%seg_buf_92_loc = alloca i64 1"   --->   Operation 153 'alloca' 'seg_buf_92_loc' <Predicate = true> <Delay = 0.00>
ST_1 : Operation 154 [1/1] (0.00ns)   --->   "%seg_buf_93_loc = alloca i64 1"   --->   Operation 154 'alloca' 'seg_buf_93_loc' <Predicate = true> <Delay = 0.00>
ST_1 : Operation 155 [1/1] (0.00ns)   --->   "%seg_buf_94_loc = alloca i64 1"   --->   Operation 155 'alloca' 'seg_buf_94_loc' <Predicate = true> <Delay = 0.00>
ST_1 : Operation 156 [1/1] (0.00ns)   --->   "%seg_buf_95_loc = alloca i64 1"   --->   Operation 156 'alloca' 'seg_buf_95_loc' <Predicate = true> <Delay = 0.00>
ST_1 : Operation 157 [1/1] (0.00ns)   --->   "%seg_buf_96_loc = alloca i64 1"   --->   Operation 157 'alloca' 'seg_buf_96_loc' <Predicate = true> <Delay = 0.00>
ST_1 : Operation 158 [1/1] (0.00ns)   --->   "%specinterface_ln0 = specinterface void @_ssdm_op_SpecInterface, i584 %input_r, void @empty, i32 0, i32 0, void @empty_0, i32 0, i32 0, void @empty_1, void @empty_1, void @empty_1, i32 0, i32 0, i32 0, i32 0, void @empty_1, void @empty_1, i32 4294967295, i32 0"   --->   Operation 158 'specinterface' 'specinterface_ln0' <Predicate = true> <Delay = 0.00>
ST_1 : Operation 159 [1/1] (0.00ns)   --->   "%specinterface_ln0 = specinterface void @_ssdm_op_SpecInterface, i32 0, void @empty_3, i32 0, i32 0, void @empty_1, i32 0, i32 0, void @empty_1, void @empty_1, void @empty_1, i32 0, i32 0, i32 0, i32 0, void @empty_1, void @empty_1, i32 4294967295, i32 0"   --->   Operation 159 'specinterface' 'specinterface_ln0' <Predicate = true> <Delay = 0.00>
ST_1 : Operation 160 [1/1] (0.00ns)   --->   "%sha256ctx_data = alloca i64 1" [sha1/sha2561.cpp:87]   --->   Operation 160 'alloca' 'sha256ctx_data' <Predicate = true> <Delay = 0.00>
ST_1 : Operation 161 [1/1] (0.38ns)   --->   "%store_ln90 = store i32 2600822924, i32 %sha256ctx_state_5_0" [sha1/sha2561.cpp:90]   --->   Operation 161 'store' 'store_ln90' <Predicate = true> <Delay = 0.38>
ST_1 : Operation 162 [1/1] (0.38ns)   --->   "%store_ln90 = store i32 1359893119, i32 %sha256ctx_state_4_0" [sha1/sha2561.cpp:90]   --->   Operation 162 'store' 'store_ln90' <Predicate = true> <Delay = 0.38>
ST_1 : Operation 163 [1/1] (0.38ns)   --->   "%store_ln90 = store i32 2773480762, i32 %sha256ctx_state_3_0" [sha1/sha2561.cpp:90]   --->   Operation 163 'store' 'store_ln90' <Predicate = true> <Delay = 0.38>
ST_1 : Operation 164 [1/1] (0.38ns)   --->   "%store_ln90 = store i32 1013904242, i32 %sha256ctx_state_2_0" [sha1/sha2561.cpp:90]   --->   Operation 164 'store' 'store_ln90' <Predicate = true> <Delay = 0.38>
ST_1 : Operation 165 [1/1] (0.38ns)   --->   "%store_ln90 = store i32 3144134277, i32 %sha256ctx_state_1_0" [sha1/sha2561.cpp:90]   --->   Operation 165 'store' 'store_ln90' <Predicate = true> <Delay = 0.38>
ST_1 : Operation 166 [1/1] (0.38ns)   --->   "%store_ln90 = store i32 1779033703, i32 %sha256ctx_state_0_0" [sha1/sha2561.cpp:90]   --->   Operation 166 'store' 'store_ln90' <Predicate = true> <Delay = 0.38>
ST_1 : Operation 167 [1/1] (0.38ns)   --->   "%store_ln90 = store i32 528734635, i32 %sha256ctx_state_6_0" [sha1/sha2561.cpp:90]   --->   Operation 167 'store' 'store_ln90' <Predicate = true> <Delay = 0.38>
ST_1 : Operation 168 [1/1] (0.38ns)   --->   "%store_ln90 = store i32 1541459225, i32 %sha256ctx_state_7_0" [sha1/sha2561.cpp:90]   --->   Operation 168 'store' 'store_ln90' <Predicate = true> <Delay = 0.38>
ST_1 : Operation 169 [1/1] (0.38ns)   --->   "%store_ln90 = store i32 0, i32 %p_lcssa140" [sha1/sha2561.cpp:90]   --->   Operation 169 'store' 'store_ln90' <Predicate = true> <Delay = 0.38>
ST_1 : Operation 170 [1/1] (0.38ns)   --->   "%store_ln90 = store i32 0, i32 %p_lcssa1317" [sha1/sha2561.cpp:90]   --->   Operation 170 'store' 'store_ln90' <Predicate = true> <Delay = 0.38>
ST_1 : Operation 171 [1/1] (0.38ns)   --->   "%store_ln90 = store i32 0, i32 %p_lcssa1215" [sha1/sha2561.cpp:90]   --->   Operation 171 'store' 'store_ln90' <Predicate = true> <Delay = 0.38>
ST_1 : Operation 172 [1/1] (0.00ns)   --->   "%br_ln90 = br void %VITIS_LOOP_92_2" [sha1/sha2561.cpp:90]   --->   Operation 172 'br' 'br_ln90' <Predicate = true> <Delay = 0.00>

State 2 <SV = 1> <Delay = 1.83>
ST_2 : Operation 173 [1/1] (0.00ns)   --->   "%seg_buf_97 = load i8 %seg_buf"   --->   Operation 173 'load' 'seg_buf_97' <Predicate = true> <Delay = 0.00>
ST_2 : Operation 174 [1/1] (0.00ns)   --->   "%seg_buf_98 = load i8 %seg_buf_1"   --->   Operation 174 'load' 'seg_buf_98' <Predicate = true> <Delay = 0.00>
ST_2 : Operation 175 [1/1] (0.00ns)   --->   "%seg_buf_99 = load i8 %seg_buf_2"   --->   Operation 175 'load' 'seg_buf_99' <Predicate = true> <Delay = 0.00>
ST_2 : Operation 176 [1/1] (0.00ns)   --->   "%seg_buf_100 = load i8 %seg_buf_3"   --->   Operation 176 'load' 'seg_buf_100' <Predicate = true> <Delay = 0.00>
ST_2 : Operation 177 [1/1] (0.00ns)   --->   "%seg_buf_101 = load i8 %seg_buf_4"   --->   Operation 177 'load' 'seg_buf_101' <Predicate = true> <Delay = 0.00>
ST_2 : Operation 178 [1/1] (0.00ns)   --->   "%seg_buf_102 = load i8 %seg_buf_5"   --->   Operation 178 'load' 'seg_buf_102' <Predicate = true> <Delay = 0.00>
ST_2 : Operation 179 [1/1] (0.00ns)   --->   "%seg_buf_103 = load i8 %seg_buf_6"   --->   Operation 179 'load' 'seg_buf_103' <Predicate = true> <Delay = 0.00>
ST_2 : Operation 180 [1/1] (0.00ns)   --->   "%seg_buf_104 = load i8 %seg_buf_7"   --->   Operation 180 'load' 'seg_buf_104' <Predicate = true> <Delay = 0.00>
ST_2 : Operation 181 [1/1] (0.00ns)   --->   "%seg_buf_105 = load i8 %seg_buf_8"   --->   Operation 181 'load' 'seg_buf_105' <Predicate = true> <Delay = 0.00>
ST_2 : Operation 182 [1/1] (0.00ns)   --->   "%seg_buf_106 = load i8 %seg_buf_9"   --->   Operation 182 'load' 'seg_buf_106' <Predicate = true> <Delay = 0.00>
ST_2 : Operation 183 [1/1] (0.00ns)   --->   "%seg_buf_107 = load i8 %seg_buf_10"   --->   Operation 183 'load' 'seg_buf_107' <Predicate = true> <Delay = 0.00>
ST_2 : Operation 184 [1/1] (0.00ns)   --->   "%seg_buf_108 = load i8 %seg_buf_11"   --->   Operation 184 'load' 'seg_buf_108' <Predicate = true> <Delay = 0.00>
ST_2 : Operation 185 [1/1] (0.00ns)   --->   "%seg_buf_109 = load i8 %seg_buf_12"   --->   Operation 185 'load' 'seg_buf_109' <Predicate = true> <Delay = 0.00>
ST_2 : Operation 186 [1/1] (0.00ns)   --->   "%seg_buf_110 = load i8 %seg_buf_13"   --->   Operation 186 'load' 'seg_buf_110' <Predicate = true> <Delay = 0.00>
ST_2 : Operation 187 [1/1] (0.00ns)   --->   "%seg_buf_111 = load i8 %seg_buf_14"   --->   Operation 187 'load' 'seg_buf_111' <Predicate = true> <Delay = 0.00>
ST_2 : Operation 188 [1/1] (0.00ns)   --->   "%seg_buf_112 = load i8 %seg_buf_15"   --->   Operation 188 'load' 'seg_buf_112' <Predicate = true> <Delay = 0.00>
ST_2 : Operation 189 [1/1] (0.00ns)   --->   "%seg_buf_113 = load i8 %seg_buf_16"   --->   Operation 189 'load' 'seg_buf_113' <Predicate = true> <Delay = 0.00>
ST_2 : Operation 190 [1/1] (0.00ns)   --->   "%seg_buf_114 = load i8 %seg_buf_17"   --->   Operation 190 'load' 'seg_buf_114' <Predicate = true> <Delay = 0.00>
ST_2 : Operation 191 [1/1] (0.00ns)   --->   "%seg_buf_115 = load i8 %seg_buf_18"   --->   Operation 191 'load' 'seg_buf_115' <Predicate = true> <Delay = 0.00>
ST_2 : Operation 192 [1/1] (0.00ns)   --->   "%seg_buf_116 = load i8 %seg_buf_19"   --->   Operation 192 'load' 'seg_buf_116' <Predicate = true> <Delay = 0.00>
ST_2 : Operation 193 [1/1] (0.00ns)   --->   "%seg_buf_117 = load i8 %seg_buf_20"   --->   Operation 193 'load' 'seg_buf_117' <Predicate = true> <Delay = 0.00>
ST_2 : Operation 194 [1/1] (0.00ns)   --->   "%seg_buf_118 = load i8 %seg_buf_21"   --->   Operation 194 'load' 'seg_buf_118' <Predicate = true> <Delay = 0.00>
ST_2 : Operation 195 [1/1] (0.00ns)   --->   "%seg_buf_119 = load i8 %seg_buf_22"   --->   Operation 195 'load' 'seg_buf_119' <Predicate = true> <Delay = 0.00>
ST_2 : Operation 196 [1/1] (0.00ns)   --->   "%seg_buf_120 = load i8 %seg_buf_23"   --->   Operation 196 'load' 'seg_buf_120' <Predicate = true> <Delay = 0.00>
ST_2 : Operation 197 [1/1] (0.00ns)   --->   "%seg_buf_121 = load i8 %seg_buf_24"   --->   Operation 197 'load' 'seg_buf_121' <Predicate = true> <Delay = 0.00>
ST_2 : Operation 198 [1/1] (0.00ns)   --->   "%seg_buf_122 = load i8 %seg_buf_25"   --->   Operation 198 'load' 'seg_buf_122' <Predicate = true> <Delay = 0.00>
ST_2 : Operation 199 [1/1] (0.00ns)   --->   "%seg_buf_123 = load i8 %seg_buf_26"   --->   Operation 199 'load' 'seg_buf_123' <Predicate = true> <Delay = 0.00>
ST_2 : Operation 200 [1/1] (0.00ns)   --->   "%seg_buf_124 = load i8 %seg_buf_27"   --->   Operation 200 'load' 'seg_buf_124' <Predicate = true> <Delay = 0.00>
ST_2 : Operation 201 [1/1] (0.00ns)   --->   "%seg_buf_125 = load i8 %seg_buf_28"   --->   Operation 201 'load' 'seg_buf_125' <Predicate = true> <Delay = 0.00>
ST_2 : Operation 202 [1/1] (0.00ns)   --->   "%seg_buf_126 = load i8 %seg_buf_29"   --->   Operation 202 'load' 'seg_buf_126' <Predicate = true> <Delay = 0.00>
ST_2 : Operation 203 [1/1] (0.00ns)   --->   "%seg_buf_127 = load i8 %seg_buf_30"   --->   Operation 203 'load' 'seg_buf_127' <Predicate = true> <Delay = 0.00>
ST_2 : Operation 204 [1/1] (0.00ns)   --->   "%seg_buf_128 = load i8 %seg_buf_31"   --->   Operation 204 'load' 'seg_buf_128' <Predicate = true> <Delay = 0.00>
ST_2 : Operation 205 [1/1] (0.00ns)   --->   "%conv12_lcssa77_load = load i8 %conv12_lcssa77"   --->   Operation 205 'load' 'conv12_lcssa77_load' <Predicate = true> <Delay = 0.00>
ST_2 : Operation 206 [1/1] (0.00ns)   --->   "%conv14_lcssa79_load = load i8 %conv14_lcssa79"   --->   Operation 206 'load' 'conv14_lcssa79_load' <Predicate = true> <Delay = 0.00>
ST_2 : Operation 207 [1/1] (0.00ns)   --->   "%conv16_lcssa81_load = load i8 %conv16_lcssa81"   --->   Operation 207 'load' 'conv16_lcssa81_load' <Predicate = true> <Delay = 0.00>
ST_2 : Operation 208 [1/1] (0.00ns)   --->   "%conv18_lcssa83_load = load i8 %conv18_lcssa83"   --->   Operation 208 'load' 'conv18_lcssa83_load' <Predicate = true> <Delay = 0.00>
ST_2 : Operation 209 [1/1] (0.00ns)   --->   "%conv20_lcssa85_load = load i8 %conv20_lcssa85"   --->   Operation 209 'load' 'conv20_lcssa85_load' <Predicate = true> <Delay = 0.00>
ST_2 : Operation 210 [1/1] (0.00ns)   --->   "%conv22_lcssa87_load = load i8 %conv22_lcssa87"   --->   Operation 210 'load' 'conv22_lcssa87_load' <Predicate = true> <Delay = 0.00>
ST_2 : Operation 211 [1/1] (0.00ns)   --->   "%conv24_lcssa89_load = load i8 %conv24_lcssa89"   --->   Operation 211 'load' 'conv24_lcssa89_load' <Predicate = true> <Delay = 0.00>
ST_2 : Operation 212 [1/1] (0.00ns)   --->   "%conv26_lcssa91_load = load i8 %conv26_lcssa91"   --->   Operation 212 'load' 'conv26_lcssa91_load' <Predicate = true> <Delay = 0.00>
ST_2 : Operation 213 [1/1] (0.00ns)   --->   "%conv28_lcssa93_load = load i8 %conv28_lcssa93"   --->   Operation 213 'load' 'conv28_lcssa93_load' <Predicate = true> <Delay = 0.00>
ST_2 : Operation 214 [1/1] (0.00ns)   --->   "%conv30_lcssa95_load = load i8 %conv30_lcssa95"   --->   Operation 214 'load' 'conv30_lcssa95_load' <Predicate = true> <Delay = 0.00>
ST_2 : Operation 215 [1/1] (0.00ns)   --->   "%conv32_lcssa97_load = load i8 %conv32_lcssa97"   --->   Operation 215 'load' 'conv32_lcssa97_load' <Predicate = true> <Delay = 0.00>
ST_2 : Operation 216 [1/1] (0.00ns)   --->   "%conv34_lcssa99_load = load i8 %conv34_lcssa99"   --->   Operation 216 'load' 'conv34_lcssa99_load' <Predicate = true> <Delay = 0.00>
ST_2 : Operation 217 [1/1] (0.00ns)   --->   "%conv36_lcssa101_load = load i8 %conv36_lcssa101"   --->   Operation 217 'load' 'conv36_lcssa101_load' <Predicate = true> <Delay = 0.00>
ST_2 : Operation 218 [1/1] (0.00ns)   --->   "%conv38_lcssa103_load = load i8 %conv38_lcssa103"   --->   Operation 218 'load' 'conv38_lcssa103_load' <Predicate = true> <Delay = 0.00>
ST_2 : Operation 219 [1/1] (0.00ns)   --->   "%conv40_lcssa105_load = load i8 %conv40_lcssa105"   --->   Operation 219 'load' 'conv40_lcssa105_load' <Predicate = true> <Delay = 0.00>
ST_2 : Operation 220 [1/1] (0.00ns)   --->   "%conv42_lcssa107_load = load i8 %conv42_lcssa107"   --->   Operation 220 'load' 'conv42_lcssa107_load' <Predicate = true> <Delay = 0.00>
ST_2 : Operation 221 [1/1] (0.00ns)   --->   "%conv44_lcssa109_load = load i8 %conv44_lcssa109"   --->   Operation 221 'load' 'conv44_lcssa109_load' <Predicate = true> <Delay = 0.00>
ST_2 : Operation 222 [1/1] (0.00ns)   --->   "%conv46_lcssa111_load = load i8 %conv46_lcssa111"   --->   Operation 222 'load' 'conv46_lcssa111_load' <Predicate = true> <Delay = 0.00>
ST_2 : Operation 223 [1/1] (0.00ns)   --->   "%conv48_lcssa113_load = load i8 %conv48_lcssa113"   --->   Operation 223 'load' 'conv48_lcssa113_load' <Predicate = true> <Delay = 0.00>
ST_2 : Operation 224 [1/1] (0.00ns)   --->   "%conv50_lcssa115_load = load i8 %conv50_lcssa115"   --->   Operation 224 'load' 'conv50_lcssa115_load' <Predicate = true> <Delay = 0.00>
ST_2 : Operation 225 [1/1] (0.00ns)   --->   "%conv52_lcssa117_load = load i8 %conv52_lcssa117"   --->   Operation 225 'load' 'conv52_lcssa117_load' <Predicate = true> <Delay = 0.00>
ST_2 : Operation 226 [1/1] (0.00ns)   --->   "%conv54_lcssa119_load = load i8 %conv54_lcssa119"   --->   Operation 226 'load' 'conv54_lcssa119_load' <Predicate = true> <Delay = 0.00>
ST_2 : Operation 227 [1/1] (0.00ns)   --->   "%conv56_lcssa121_load = load i8 %conv56_lcssa121"   --->   Operation 227 'load' 'conv56_lcssa121_load' <Predicate = true> <Delay = 0.00>
ST_2 : Operation 228 [1/1] (0.00ns)   --->   "%conv58_lcssa123_load = load i8 %conv58_lcssa123"   --->   Operation 228 'load' 'conv58_lcssa123_load' <Predicate = true> <Delay = 0.00>
ST_2 : Operation 229 [1/1] (0.00ns)   --->   "%conv60_lcssa125_load = load i8 %conv60_lcssa125"   --->   Operation 229 'load' 'conv60_lcssa125_load' <Predicate = true> <Delay = 0.00>
ST_2 : Operation 230 [1/1] (0.00ns)   --->   "%conv62_lcssa127_load = load i8 %conv62_lcssa127"   --->   Operation 230 'load' 'conv62_lcssa127_load' <Predicate = true> <Delay = 0.00>
ST_2 : Operation 231 [1/1] (0.00ns)   --->   "%conv64_lcssa129_load = load i8 %conv64_lcssa129"   --->   Operation 231 'load' 'conv64_lcssa129_load' <Predicate = true> <Delay = 0.00>
ST_2 : Operation 232 [1/1] (0.00ns)   --->   "%conv66_lcssa131_load = load i8 %conv66_lcssa131"   --->   Operation 232 'load' 'conv66_lcssa131_load' <Predicate = true> <Delay = 0.00>
ST_2 : Operation 233 [1/1] (0.00ns)   --->   "%conv68_lcssa133_load = load i8 %conv68_lcssa133"   --->   Operation 233 'load' 'conv68_lcssa133_load' <Predicate = true> <Delay = 0.00>
ST_2 : Operation 234 [1/1] (0.00ns)   --->   "%conv70_lcssa135_load = load i8 %conv70_lcssa135"   --->   Operation 234 'load' 'conv70_lcssa135_load' <Predicate = true> <Delay = 0.00>
ST_2 : Operation 235 [1/1] (0.00ns)   --->   "%conv72_lcssa137_load = load i8 %conv72_lcssa137"   --->   Operation 235 'load' 'conv72_lcssa137_load' <Predicate = true> <Delay = 0.00>
ST_2 : Operation 236 [1/1] (0.00ns)   --->   "%conv74_lcssa139_load = load i8 %conv74_lcssa139"   --->   Operation 236 'load' 'conv74_lcssa139_load' <Predicate = true> <Delay = 0.00>
ST_2 : Operation 237 [1/1] (0.00ns)   --->   "%input_r_read = read i584 @_ssdm_op_Read.axis.volatile.i584P128A, i584 %input_r" [/share/xilinx/Vitis_HLS/2022.1/common/technology/autopilot/hls_stream_39.h:145]   --->   Operation 237 'read' 'input_r_read' <Predicate = true> <Delay = 0.00> <CoreInst = "axis">   --->   Core 123 'axis' <Latency = 0> <II = 1> <Delay = 1.00> <Adapter> <Opcode : >
ST_2 : Operation 238 [1/1] (0.00ns)   --->   "%trunc_ln145 = trunc i584 %input_r_read" [/share/xilinx/Vitis_HLS/2022.1/common/technology/autopilot/hls_stream_39.h:145]   --->   Operation 238 'trunc' 'trunc_ln145' <Predicate = true> <Delay = 0.00>
ST_2 : Operation 239 [1/1] (0.00ns)   --->   "%tmp = bitselect i1 @_ssdm_op_BitSelect.i1.i584.i32, i584 %input_r_read, i32 582" [/share/xilinx/Vitis_HLS/2022.1/common/technology/autopilot/hls_stream_39.h:145]   --->   Operation 239 'bitselect' 'tmp' <Predicate = true> <Delay = 0.00>
ST_2 : Operation 240 [2/2] (1.83ns)   --->   "%call_ln145 = call void @sha2561_Pipeline_VITIS_LOOP_92_2, i8 %conv74_lcssa139_load, i8 %conv72_lcssa137_load, i8 %conv70_lcssa135_load, i8 %conv68_lcssa133_load, i8 %conv66_lcssa131_load, i8 %conv64_lcssa129_load, i8 %conv62_lcssa127_load, i8 %conv60_lcssa125_load, i8 %conv58_lcssa123_load, i8 %conv56_lcssa121_load, i8 %conv54_lcssa119_load, i8 %conv52_lcssa117_load, i8 %conv50_lcssa115_load, i8 %conv48_lcssa113_load, i8 %conv46_lcssa111_load, i8 %conv44_lcssa109_load, i8 %conv42_lcssa107_load, i8 %conv40_lcssa105_load, i8 %conv38_lcssa103_load, i8 %conv36_lcssa101_load, i8 %conv34_lcssa99_load, i8 %conv32_lcssa97_load, i8 %conv30_lcssa95_load, i8 %conv28_lcssa93_load, i8 %conv26_lcssa91_load, i8 %conv24_lcssa89_load, i8 %conv22_lcssa87_load, i8 %conv20_lcssa85_load, i8 %conv18_lcssa83_load, i8 %conv16_lcssa81_load, i8 %conv14_lcssa79_load, i8 %conv12_lcssa77_load, i8 %seg_buf_128, i8 %seg_buf_127, i8 %seg_buf_126, i8 %seg_buf_125, i8 %seg_buf_124, i8 %seg_buf_123, i8 %seg_buf_122, i8 %seg_buf_121, i8 %seg_buf_120, i8 %seg_buf_119, i8 %seg_buf_118, i8 %seg_buf_117, i8 %seg_buf_116, i8 %seg_buf_115, i8 %seg_buf_114, i8 %seg_buf_113, i8 %seg_buf_112, i8 %seg_buf_111, i8 %seg_buf_110, i8 %seg_buf_109, i8 %seg_buf_108, i8 %seg_buf_107, i8 %seg_buf_106, i8 %seg_buf_105, i8 %seg_buf_104, i8 %seg_buf_103, i8 %seg_buf_102, i8 %seg_buf_101, i8 %seg_buf_100, i8 %seg_buf_99, i8 %seg_buf_98, i8 %seg_buf_97, i512 %trunc_ln145, i8 %seg_buf_96_loc, i8 %seg_buf_95_loc, i8 %seg_buf_94_loc, i8 %seg_buf_93_loc, i8 %seg_buf_92_loc, i8 %seg_buf_91_loc, i8 %seg_buf_90_loc, i8 %seg_buf_89_loc, i8 %seg_buf_88_loc, i8 %seg_buf_87_loc, i8 %seg_buf_86_loc, i8 %seg_buf_85_loc, i8 %seg_buf_84_loc, i8 %seg_buf_83_loc, i8 %seg_buf_82_loc, i8 %seg_buf_81_loc, i8 %seg_buf_80_loc, i8 %seg_buf_79_loc, i8 %seg_buf_78_loc, i8 %seg_buf_77_loc, i8 %seg_buf_76_loc, i8 %seg_buf_75_loc, i8 %seg_buf_74_loc, i8 %seg_buf_73_loc, i8 %seg_buf_72_loc, i8 %seg_buf_71_loc, i8 %seg_buf_70_loc, i8 %seg_buf_69_loc, i8 %seg_buf_68_loc, i8 %seg_buf_67_loc, i8 %seg_buf_66_loc, i8 %seg_buf_65_loc, i8 %seg_buf_63_loc, i8 %seg_buf_62_loc, i8 %seg_buf_61_loc, i8 %seg_buf_60_loc, i8 %seg_buf_59_loc, i8 %seg_buf_58_loc, i8 %seg_buf_57_loc, i8 %seg_buf_56_loc, i8 %seg_buf_55_loc, i8 %seg_buf_54_loc, i8 %seg_buf_53_loc, i8 %seg_buf_52_loc, i8 %seg_buf_51_loc, i8 %seg_buf_50_loc, i8 %seg_buf_49_loc, i8 %seg_buf_48_loc, i8 %seg_buf_47_loc, i8 %seg_buf_46_loc, i8 %seg_buf_45_loc, i8 %seg_buf_44_loc, i8 %seg_buf_43_loc, i8 %seg_buf_42_loc, i8 %seg_buf_41_loc, i8 %seg_buf_40_loc, i8 %seg_buf_39_loc, i8 %seg_buf_38_loc, i8 %seg_buf_37_loc, i8 %seg_buf_36_loc, i8 %seg_buf_35_loc, i8 %seg_buf_34_loc, i8 %seg_buf_33_loc, i8 %seg_buf_32_loc" [/share/xilinx/Vitis_HLS/2022.1/common/technology/autopilot/hls_stream_39.h:145]   --->   Operation 240 'call' 'call_ln145' <Predicate = true> <Delay = 1.83> <CoreType = "Generic">   --->   Core 0 '' <Latency = 0> <II = 1> <Delay = 1.00> <Generic> <Opcode : >

State 3 <SV = 2> <Delay = 0.98>
ST_3 : Operation 241 [1/2] (0.98ns)   --->   "%call_ln145 = call void @sha2561_Pipeline_VITIS_LOOP_92_2, i8 %conv74_lcssa139_load, i8 %conv72_lcssa137_load, i8 %conv70_lcssa135_load, i8 %conv68_lcssa133_load, i8 %conv66_lcssa131_load, i8 %conv64_lcssa129_load, i8 %conv62_lcssa127_load, i8 %conv60_lcssa125_load, i8 %conv58_lcssa123_load, i8 %conv56_lcssa121_load, i8 %conv54_lcssa119_load, i8 %conv52_lcssa117_load, i8 %conv50_lcssa115_load, i8 %conv48_lcssa113_load, i8 %conv46_lcssa111_load, i8 %conv44_lcssa109_load, i8 %conv42_lcssa107_load, i8 %conv40_lcssa105_load, i8 %conv38_lcssa103_load, i8 %conv36_lcssa101_load, i8 %conv34_lcssa99_load, i8 %conv32_lcssa97_load, i8 %conv30_lcssa95_load, i8 %conv28_lcssa93_load, i8 %conv26_lcssa91_load, i8 %conv24_lcssa89_load, i8 %conv22_lcssa87_load, i8 %conv20_lcssa85_load, i8 %conv18_lcssa83_load, i8 %conv16_lcssa81_load, i8 %conv14_lcssa79_load, i8 %conv12_lcssa77_load, i8 %seg_buf_128, i8 %seg_buf_127, i8 %seg_buf_126, i8 %seg_buf_125, i8 %seg_buf_124, i8 %seg_buf_123, i8 %seg_buf_122, i8 %seg_buf_121, i8 %seg_buf_120, i8 %seg_buf_119, i8 %seg_buf_118, i8 %seg_buf_117, i8 %seg_buf_116, i8 %seg_buf_115, i8 %seg_buf_114, i8 %seg_buf_113, i8 %seg_buf_112, i8 %seg_buf_111, i8 %seg_buf_110, i8 %seg_buf_109, i8 %seg_buf_108, i8 %seg_buf_107, i8 %seg_buf_106, i8 %seg_buf_105, i8 %seg_buf_104, i8 %seg_buf_103, i8 %seg_buf_102, i8 %seg_buf_101, i8 %seg_buf_100, i8 %seg_buf_99, i8 %seg_buf_98, i8 %seg_buf_97, i512 %trunc_ln145, i8 %seg_buf_96_loc, i8 %seg_buf_95_loc, i8 %seg_buf_94_loc, i8 %seg_buf_93_loc, i8 %seg_buf_92_loc, i8 %seg_buf_91_loc, i8 %seg_buf_90_loc, i8 %seg_buf_89_loc, i8 %seg_buf_88_loc, i8 %seg_buf_87_loc, i8 %seg_buf_86_loc, i8 %seg_buf_85_loc, i8 %seg_buf_84_loc, i8 %seg_buf_83_loc, i8 %seg_buf_82_loc, i8 %seg_buf_81_loc, i8 %seg_buf_80_loc, i8 %seg_buf_79_loc, i8 %seg_buf_78_loc, i8 %seg_buf_77_loc, i8 %seg_buf_76_loc, i8 %seg_buf_75_loc, i8 %seg_buf_74_loc, i8 %seg_buf_73_loc, i8 %seg_buf_72_loc, i8 %seg_buf_71_loc, i8 %seg_buf_70_loc, i8 %seg_buf_69_loc, i8 %seg_buf_68_loc, i8 %seg_buf_67_loc, i8 %seg_buf_66_loc, i8 %seg_buf_65_loc, i8 %seg_buf_63_loc, i8 %seg_buf_62_loc, i8 %seg_buf_61_loc, i8 %seg_buf_60_loc, i8 %seg_buf_59_loc, i8 %seg_buf_58_loc, i8 %seg_buf_57_loc, i8 %seg_buf_56_loc, i8 %seg_buf_55_loc, i8 %seg_buf_54_loc, i8 %seg_buf_53_loc, i8 %seg_buf_52_loc, i8 %seg_buf_51_loc, i8 %seg_buf_50_loc, i8 %seg_buf_49_loc, i8 %seg_buf_48_loc, i8 %seg_buf_47_loc, i8 %seg_buf_46_loc, i8 %seg_buf_45_loc, i8 %seg_buf_44_loc, i8 %seg_buf_43_loc, i8 %seg_buf_42_loc, i8 %seg_buf_41_loc, i8 %seg_buf_40_loc, i8 %seg_buf_39_loc, i8 %seg_buf_38_loc, i8 %seg_buf_37_loc, i8 %seg_buf_36_loc, i8 %seg_buf_35_loc, i8 %seg_buf_34_loc, i8 %seg_buf_33_loc, i8 %seg_buf_32_loc" [/share/xilinx/Vitis_HLS/2022.1/common/technology/autopilot/hls_stream_39.h:145]   --->   Operation 241 'call' 'call_ln145' <Predicate = true> <Delay = 0.98> <CoreType = "Generic">   --->   Core 0 '' <Latency = 0> <II = 1> <Delay = 1.00> <Generic> <Opcode : >

State 4 <SV = 3> <Delay = 0.41>
ST_4 : Operation 242 [1/1] (0.00ns)   --->   "%p_lcssa1215_load = load i32 %p_lcssa1215"   --->   Operation 242 'load' 'p_lcssa1215_load' <Predicate = true> <Delay = 0.00>
ST_4 : Operation 243 [1/1] (0.00ns)   --->   "%p_lcssa1317_load = load i32 %p_lcssa1317"   --->   Operation 243 'load' 'p_lcssa1317_load' <Predicate = true> <Delay = 0.00>
ST_4 : Operation 244 [1/1] (0.00ns)   --->   "%p_lcssa140_load = load i32 %p_lcssa140"   --->   Operation 244 'load' 'p_lcssa140_load' <Predicate = true> <Delay = 0.00>
ST_4 : Operation 245 [1/1] (0.00ns)   --->   "%sha256ctx_state_7_0_load = load i32 %sha256ctx_state_7_0"   --->   Operation 245 'load' 'sha256ctx_state_7_0_load' <Predicate = true> <Delay = 0.00>
ST_4 : Operation 246 [1/1] (0.00ns)   --->   "%sha256ctx_state_6_0_load = load i32 %sha256ctx_state_6_0"   --->   Operation 246 'load' 'sha256ctx_state_6_0_load' <Predicate = true> <Delay = 0.00>
ST_4 : Operation 247 [1/1] (0.00ns)   --->   "%sha256ctx_state_0_0_load = load i32 %sha256ctx_state_0_0"   --->   Operation 247 'load' 'sha256ctx_state_0_0_load' <Predicate = true> <Delay = 0.00>
ST_4 : Operation 248 [1/1] (0.00ns)   --->   "%sha256ctx_state_1_0_load = load i32 %sha256ctx_state_1_0"   --->   Operation 248 'load' 'sha256ctx_state_1_0_load' <Predicate = true> <Delay = 0.00>
ST_4 : Operation 249 [1/1] (0.00ns)   --->   "%sha256ctx_state_2_0_load = load i32 %sha256ctx_state_2_0"   --->   Operation 249 'load' 'sha256ctx_state_2_0_load' <Predicate = true> <Delay = 0.00>
ST_4 : Operation 250 [1/1] (0.00ns)   --->   "%sha256ctx_state_3_0_load = load i32 %sha256ctx_state_3_0"   --->   Operation 250 'load' 'sha256ctx_state_3_0_load' <Predicate = true> <Delay = 0.00>
ST_4 : Operation 251 [1/1] (0.00ns)   --->   "%sha256ctx_state_4_0_load = load i32 %sha256ctx_state_4_0"   --->   Operation 251 'load' 'sha256ctx_state_4_0_load' <Predicate = true> <Delay = 0.00>
ST_4 : Operation 252 [1/1] (0.00ns)   --->   "%sha256ctx_state_5_0_load = load i32 %sha256ctx_state_5_0"   --->   Operation 252 'load' 'sha256ctx_state_5_0_load' <Predicate = true> <Delay = 0.00>
ST_4 : Operation 253 [1/1] (0.00ns)   --->   "%seg_buf_96_loc_load = load i8 %seg_buf_96_loc"   --->   Operation 253 'load' 'seg_buf_96_loc_load' <Predicate = true> <Delay = 0.00>
ST_4 : Operation 254 [1/1] (0.00ns)   --->   "%seg_buf_95_loc_load = load i8 %seg_buf_95_loc"   --->   Operation 254 'load' 'seg_buf_95_loc_load' <Predicate = true> <Delay = 0.00>
ST_4 : Operation 255 [1/1] (0.00ns)   --->   "%seg_buf_94_loc_load = load i8 %seg_buf_94_loc"   --->   Operation 255 'load' 'seg_buf_94_loc_load' <Predicate = true> <Delay = 0.00>
ST_4 : Operation 256 [1/1] (0.00ns)   --->   "%seg_buf_93_loc_load = load i8 %seg_buf_93_loc"   --->   Operation 256 'load' 'seg_buf_93_loc_load' <Predicate = true> <Delay = 0.00>
ST_4 : Operation 257 [1/1] (0.00ns)   --->   "%seg_buf_92_loc_load = load i8 %seg_buf_92_loc"   --->   Operation 257 'load' 'seg_buf_92_loc_load' <Predicate = true> <Delay = 0.00>
ST_4 : Operation 258 [1/1] (0.00ns)   --->   "%seg_buf_91_loc_load = load i8 %seg_buf_91_loc"   --->   Operation 258 'load' 'seg_buf_91_loc_load' <Predicate = true> <Delay = 0.00>
ST_4 : Operation 259 [1/1] (0.00ns)   --->   "%seg_buf_90_loc_load = load i8 %seg_buf_90_loc"   --->   Operation 259 'load' 'seg_buf_90_loc_load' <Predicate = true> <Delay = 0.00>
ST_4 : Operation 260 [1/1] (0.00ns)   --->   "%seg_buf_89_loc_load = load i8 %seg_buf_89_loc"   --->   Operation 260 'load' 'seg_buf_89_loc_load' <Predicate = true> <Delay = 0.00>
ST_4 : Operation 261 [1/1] (0.00ns)   --->   "%seg_buf_88_loc_load = load i8 %seg_buf_88_loc"   --->   Operation 261 'load' 'seg_buf_88_loc_load' <Predicate = true> <Delay = 0.00>
ST_4 : Operation 262 [1/1] (0.00ns)   --->   "%seg_buf_87_loc_load = load i8 %seg_buf_87_loc"   --->   Operation 262 'load' 'seg_buf_87_loc_load' <Predicate = true> <Delay = 0.00>
ST_4 : Operation 263 [1/1] (0.00ns)   --->   "%seg_buf_86_loc_load = load i8 %seg_buf_86_loc"   --->   Operation 263 'load' 'seg_buf_86_loc_load' <Predicate = true> <Delay = 0.00>
ST_4 : Operation 264 [1/1] (0.00ns)   --->   "%seg_buf_85_loc_load = load i8 %seg_buf_85_loc"   --->   Operation 264 'load' 'seg_buf_85_loc_load' <Predicate = true> <Delay = 0.00>
ST_4 : Operation 265 [1/1] (0.00ns)   --->   "%seg_buf_84_loc_load = load i8 %seg_buf_84_loc"   --->   Operation 265 'load' 'seg_buf_84_loc_load' <Predicate = true> <Delay = 0.00>
ST_4 : Operation 266 [1/1] (0.00ns)   --->   "%seg_buf_83_loc_load = load i8 %seg_buf_83_loc"   --->   Operation 266 'load' 'seg_buf_83_loc_load' <Predicate = true> <Delay = 0.00>
ST_4 : Operation 267 [1/1] (0.00ns)   --->   "%seg_buf_82_loc_load = load i8 %seg_buf_82_loc"   --->   Operation 267 'load' 'seg_buf_82_loc_load' <Predicate = true> <Delay = 0.00>
ST_4 : Operation 268 [1/1] (0.00ns)   --->   "%seg_buf_81_loc_load = load i8 %seg_buf_81_loc"   --->   Operation 268 'load' 'seg_buf_81_loc_load' <Predicate = true> <Delay = 0.00>
ST_4 : Operation 269 [1/1] (0.00ns)   --->   "%seg_buf_80_loc_load = load i8 %seg_buf_80_loc"   --->   Operation 269 'load' 'seg_buf_80_loc_load' <Predicate = true> <Delay = 0.00>
ST_4 : Operation 270 [1/1] (0.00ns)   --->   "%seg_buf_79_loc_load = load i8 %seg_buf_79_loc"   --->   Operation 270 'load' 'seg_buf_79_loc_load' <Predicate = true> <Delay = 0.00>
ST_4 : Operation 271 [1/1] (0.00ns)   --->   "%seg_buf_78_loc_load = load i8 %seg_buf_78_loc"   --->   Operation 271 'load' 'seg_buf_78_loc_load' <Predicate = true> <Delay = 0.00>
ST_4 : Operation 272 [1/1] (0.00ns)   --->   "%seg_buf_77_loc_load = load i8 %seg_buf_77_loc"   --->   Operation 272 'load' 'seg_buf_77_loc_load' <Predicate = true> <Delay = 0.00>
ST_4 : Operation 273 [1/1] (0.00ns)   --->   "%seg_buf_76_loc_load = load i8 %seg_buf_76_loc"   --->   Operation 273 'load' 'seg_buf_76_loc_load' <Predicate = true> <Delay = 0.00>
ST_4 : Operation 274 [1/1] (0.00ns)   --->   "%seg_buf_75_loc_load = load i8 %seg_buf_75_loc"   --->   Operation 274 'load' 'seg_buf_75_loc_load' <Predicate = true> <Delay = 0.00>
ST_4 : Operation 275 [1/1] (0.00ns)   --->   "%seg_buf_74_loc_load = load i8 %seg_buf_74_loc"   --->   Operation 275 'load' 'seg_buf_74_loc_load' <Predicate = true> <Delay = 0.00>
ST_4 : Operation 276 [1/1] (0.00ns)   --->   "%seg_buf_73_loc_load = load i8 %seg_buf_73_loc"   --->   Operation 276 'load' 'seg_buf_73_loc_load' <Predicate = true> <Delay = 0.00>
ST_4 : Operation 277 [1/1] (0.00ns)   --->   "%seg_buf_72_loc_load = load i8 %seg_buf_72_loc"   --->   Operation 277 'load' 'seg_buf_72_loc_load' <Predicate = true> <Delay = 0.00>
ST_4 : Operation 278 [1/1] (0.00ns)   --->   "%seg_buf_71_loc_load = load i8 %seg_buf_71_loc"   --->   Operation 278 'load' 'seg_buf_71_loc_load' <Predicate = true> <Delay = 0.00>
ST_4 : Operation 279 [1/1] (0.00ns)   --->   "%seg_buf_70_loc_load = load i8 %seg_buf_70_loc"   --->   Operation 279 'load' 'seg_buf_70_loc_load' <Predicate = true> <Delay = 0.00>
ST_4 : Operation 280 [1/1] (0.00ns)   --->   "%seg_buf_69_loc_load = load i8 %seg_buf_69_loc"   --->   Operation 280 'load' 'seg_buf_69_loc_load' <Predicate = true> <Delay = 0.00>
ST_4 : Operation 281 [1/1] (0.00ns)   --->   "%seg_buf_68_loc_load = load i8 %seg_buf_68_loc"   --->   Operation 281 'load' 'seg_buf_68_loc_load' <Predicate = true> <Delay = 0.00>
ST_4 : Operation 282 [1/1] (0.00ns)   --->   "%seg_buf_67_loc_load = load i8 %seg_buf_67_loc"   --->   Operation 282 'load' 'seg_buf_67_loc_load' <Predicate = true> <Delay = 0.00>
ST_4 : Operation 283 [1/1] (0.00ns)   --->   "%seg_buf_66_loc_load = load i8 %seg_buf_66_loc"   --->   Operation 283 'load' 'seg_buf_66_loc_load' <Predicate = true> <Delay = 0.00>
ST_4 : Operation 284 [1/1] (0.00ns)   --->   "%seg_buf_65_loc_load = load i8 %seg_buf_65_loc"   --->   Operation 284 'load' 'seg_buf_65_loc_load' <Predicate = true> <Delay = 0.00>
ST_4 : Operation 285 [1/1] (0.00ns)   --->   "%seg_buf_63_loc_load = load i8 %seg_buf_63_loc"   --->   Operation 285 'load' 'seg_buf_63_loc_load' <Predicate = true> <Delay = 0.00>
ST_4 : Operation 286 [1/1] (0.00ns)   --->   "%seg_buf_62_loc_load = load i8 %seg_buf_62_loc"   --->   Operation 286 'load' 'seg_buf_62_loc_load' <Predicate = true> <Delay = 0.00>
ST_4 : Operation 287 [1/1] (0.00ns)   --->   "%seg_buf_61_loc_load = load i8 %seg_buf_61_loc"   --->   Operation 287 'load' 'seg_buf_61_loc_load' <Predicate = true> <Delay = 0.00>
ST_4 : Operation 288 [1/1] (0.00ns)   --->   "%seg_buf_60_loc_load = load i8 %seg_buf_60_loc"   --->   Operation 288 'load' 'seg_buf_60_loc_load' <Predicate = true> <Delay = 0.00>
ST_4 : Operation 289 [1/1] (0.00ns)   --->   "%seg_buf_59_loc_load = load i8 %seg_buf_59_loc"   --->   Operation 289 'load' 'seg_buf_59_loc_load' <Predicate = true> <Delay = 0.00>
ST_4 : Operation 290 [1/1] (0.00ns)   --->   "%seg_buf_58_loc_load = load i8 %seg_buf_58_loc"   --->   Operation 290 'load' 'seg_buf_58_loc_load' <Predicate = true> <Delay = 0.00>
ST_4 : Operation 291 [1/1] (0.00ns)   --->   "%seg_buf_57_loc_load = load i8 %seg_buf_57_loc"   --->   Operation 291 'load' 'seg_buf_57_loc_load' <Predicate = true> <Delay = 0.00>
ST_4 : Operation 292 [1/1] (0.00ns)   --->   "%seg_buf_56_loc_load = load i8 %seg_buf_56_loc"   --->   Operation 292 'load' 'seg_buf_56_loc_load' <Predicate = true> <Delay = 0.00>
ST_4 : Operation 293 [1/1] (0.00ns)   --->   "%seg_buf_55_loc_load = load i8 %seg_buf_55_loc"   --->   Operation 293 'load' 'seg_buf_55_loc_load' <Predicate = true> <Delay = 0.00>
ST_4 : Operation 294 [1/1] (0.00ns)   --->   "%seg_buf_54_loc_load = load i8 %seg_buf_54_loc"   --->   Operation 294 'load' 'seg_buf_54_loc_load' <Predicate = true> <Delay = 0.00>
ST_4 : Operation 295 [1/1] (0.00ns)   --->   "%seg_buf_53_loc_load = load i8 %seg_buf_53_loc"   --->   Operation 295 'load' 'seg_buf_53_loc_load' <Predicate = true> <Delay = 0.00>
ST_4 : Operation 296 [1/1] (0.00ns)   --->   "%seg_buf_52_loc_load = load i8 %seg_buf_52_loc"   --->   Operation 296 'load' 'seg_buf_52_loc_load' <Predicate = true> <Delay = 0.00>
ST_4 : Operation 297 [1/1] (0.00ns)   --->   "%seg_buf_51_loc_load = load i8 %seg_buf_51_loc"   --->   Operation 297 'load' 'seg_buf_51_loc_load' <Predicate = true> <Delay = 0.00>
ST_4 : Operation 298 [1/1] (0.00ns)   --->   "%seg_buf_50_loc_load = load i8 %seg_buf_50_loc"   --->   Operation 298 'load' 'seg_buf_50_loc_load' <Predicate = true> <Delay = 0.00>
ST_4 : Operation 299 [1/1] (0.00ns)   --->   "%seg_buf_49_loc_load = load i8 %seg_buf_49_loc"   --->   Operation 299 'load' 'seg_buf_49_loc_load' <Predicate = true> <Delay = 0.00>
ST_4 : Operation 300 [1/1] (0.00ns)   --->   "%seg_buf_48_loc_load = load i8 %seg_buf_48_loc"   --->   Operation 300 'load' 'seg_buf_48_loc_load' <Predicate = true> <Delay = 0.00>
ST_4 : Operation 301 [1/1] (0.00ns)   --->   "%seg_buf_47_loc_load = load i8 %seg_buf_47_loc"   --->   Operation 301 'load' 'seg_buf_47_loc_load' <Predicate = true> <Delay = 0.00>
ST_4 : Operation 302 [1/1] (0.00ns)   --->   "%seg_buf_46_loc_load = load i8 %seg_buf_46_loc"   --->   Operation 302 'load' 'seg_buf_46_loc_load' <Predicate = true> <Delay = 0.00>
ST_4 : Operation 303 [1/1] (0.00ns)   --->   "%seg_buf_45_loc_load = load i8 %seg_buf_45_loc"   --->   Operation 303 'load' 'seg_buf_45_loc_load' <Predicate = true> <Delay = 0.00>
ST_4 : Operation 304 [1/1] (0.00ns)   --->   "%seg_buf_44_loc_load = load i8 %seg_buf_44_loc"   --->   Operation 304 'load' 'seg_buf_44_loc_load' <Predicate = true> <Delay = 0.00>
ST_4 : Operation 305 [1/1] (0.00ns)   --->   "%seg_buf_43_loc_load = load i8 %seg_buf_43_loc"   --->   Operation 305 'load' 'seg_buf_43_loc_load' <Predicate = true> <Delay = 0.00>
ST_4 : Operation 306 [1/1] (0.00ns)   --->   "%seg_buf_42_loc_load = load i8 %seg_buf_42_loc"   --->   Operation 306 'load' 'seg_buf_42_loc_load' <Predicate = true> <Delay = 0.00>
ST_4 : Operation 307 [1/1] (0.00ns)   --->   "%seg_buf_41_loc_load = load i8 %seg_buf_41_loc"   --->   Operation 307 'load' 'seg_buf_41_loc_load' <Predicate = true> <Delay = 0.00>
ST_4 : Operation 308 [1/1] (0.00ns)   --->   "%seg_buf_40_loc_load = load i8 %seg_buf_40_loc"   --->   Operation 308 'load' 'seg_buf_40_loc_load' <Predicate = true> <Delay = 0.00>
ST_4 : Operation 309 [1/1] (0.00ns)   --->   "%seg_buf_39_loc_load = load i8 %seg_buf_39_loc"   --->   Operation 309 'load' 'seg_buf_39_loc_load' <Predicate = true> <Delay = 0.00>
ST_4 : Operation 310 [1/1] (0.00ns)   --->   "%seg_buf_38_loc_load = load i8 %seg_buf_38_loc"   --->   Operation 310 'load' 'seg_buf_38_loc_load' <Predicate = true> <Delay = 0.00>
ST_4 : Operation 311 [1/1] (0.00ns)   --->   "%seg_buf_37_loc_load = load i8 %seg_buf_37_loc"   --->   Operation 311 'load' 'seg_buf_37_loc_load' <Predicate = true> <Delay = 0.00>
ST_4 : Operation 312 [1/1] (0.00ns)   --->   "%seg_buf_36_loc_load = load i8 %seg_buf_36_loc"   --->   Operation 312 'load' 'seg_buf_36_loc_load' <Predicate = true> <Delay = 0.00>
ST_4 : Operation 313 [1/1] (0.00ns)   --->   "%seg_buf_35_loc_load = load i8 %seg_buf_35_loc"   --->   Operation 313 'load' 'seg_buf_35_loc_load' <Predicate = true> <Delay = 0.00>
ST_4 : Operation 314 [1/1] (0.00ns)   --->   "%seg_buf_34_loc_load = load i8 %seg_buf_34_loc"   --->   Operation 314 'load' 'seg_buf_34_loc_load' <Predicate = true> <Delay = 0.00>
ST_4 : Operation 315 [1/1] (0.00ns)   --->   "%seg_buf_33_loc_load = load i8 %seg_buf_33_loc"   --->   Operation 315 'load' 'seg_buf_33_loc_load' <Predicate = true> <Delay = 0.00>
ST_4 : Operation 316 [1/1] (0.00ns)   --->   "%seg_buf_32_loc_load = load i8 %seg_buf_32_loc"   --->   Operation 316 'load' 'seg_buf_32_loc_load' <Predicate = true> <Delay = 0.00>
ST_4 : Operation 317 [2/2] (0.41ns)   --->   "%call_ln0 = call void @sha2561_Pipeline_VITIS_LOOP_90_1, i32 %sha256ctx_state_5_0_load, i32 %sha256ctx_state_4_0_load, i32 %sha256ctx_state_3_0_load, i32 %sha256ctx_state_2_0_load, i32 %sha256ctx_state_1_0_load, i32 %sha256ctx_state_0_0_load, i32 %sha256ctx_state_6_0_load, i32 %sha256ctx_state_7_0_load, i32 %p_lcssa1317_load, i32 %p_lcssa1215_load, i32 %p_lcssa140_load, i8 %seg_buf_96_loc_load, i8 %seg_buf_95_loc_load, i8 %seg_buf_94_loc_load, i8 %seg_buf_93_loc_load, i8 %seg_buf_92_loc_load, i8 %seg_buf_91_loc_load, i8 %seg_buf_90_loc_load, i8 %seg_buf_89_loc_load, i8 %seg_buf_88_loc_load, i8 %seg_buf_87_loc_load, i8 %seg_buf_86_loc_load, i8 %seg_buf_85_loc_load, i8 %seg_buf_84_loc_load, i8 %seg_buf_83_loc_load, i8 %seg_buf_82_loc_load, i8 %seg_buf_81_loc_load, i8 %seg_buf_80_loc_load, i8 %seg_buf_79_loc_load, i8 %seg_buf_78_loc_load, i8 %seg_buf_77_loc_load, i8 %seg_buf_76_loc_load, i8 %seg_buf_75_loc_load, i8 %seg_buf_74_loc_load, i8 %seg_buf_73_loc_load, i8 %seg_buf_72_loc_load, i8 %seg_buf_71_loc_load, i8 %seg_buf_70_loc_load, i8 %seg_buf_69_loc_load, i8 %seg_buf_68_loc_load, i8 %seg_buf_67_loc_load, i8 %seg_buf_66_loc_load, i8 %seg_buf_65_loc_load, i8 %seg_buf_32_loc_load, i8 %seg_buf_33_loc_load, i8 %seg_buf_34_loc_load, i8 %seg_buf_35_loc_load, i8 %seg_buf_36_loc_load, i8 %seg_buf_37_loc_load, i8 %seg_buf_38_loc_load, i8 %seg_buf_39_loc_load, i8 %seg_buf_40_loc_load, i8 %seg_buf_41_loc_load, i8 %seg_buf_42_loc_load, i8 %seg_buf_43_loc_load, i8 %seg_buf_44_loc_load, i8 %seg_buf_45_loc_load, i8 %seg_buf_46_loc_load, i8 %seg_buf_47_loc_load, i8 %seg_buf_48_loc_load, i8 %seg_buf_49_loc_load, i8 %seg_buf_50_loc_load, i8 %seg_buf_51_loc_load, i8 %seg_buf_52_loc_load, i8 %seg_buf_53_loc_load, i8 %seg_buf_54_loc_load, i8 %seg_buf_55_loc_load, i8 %seg_buf_56_loc_load, i8 %seg_buf_57_loc_load, i8 %seg_buf_58_loc_load, i8 %seg_buf_59_loc_load, i8 %seg_buf_60_loc_load, i8 %seg_buf_61_loc_load, i8 %seg_buf_62_loc_load, i8 %seg_buf_63_loc_load, i8 %sha256ctx_data, i32 %sha256ctx_state_5_1_loc, i32 %sha256ctx_state_4_1_loc, i32 %sha256ctx_state_3_1_loc, i32 %sha256ctx_state_2_1_loc, i32 %sha256ctx_state_1_1_loc, i32 %sha256ctx_state_0_1_loc, i32 %sha256ctx_state_6_1_loc, i32 %sha256ctx_state_7_1_loc, i32 %sha256ctx_bitlen_1_loc, i32 %sha256ctx_bitlen_0_loc, i32 %sha256ctx_datalen_loc"   --->   Operation 317 'call' 'call_ln0' <Predicate = true> <Delay = 0.41> <CoreType = "Generic">   --->   Core 0 '' <Latency = 0> <II = 1> <Delay = 1.00> <Generic> <Opcode : >

State 5 <SV = 4> <Delay = 0.59>
ST_5 : Operation 318 [1/2] (0.59ns)   --->   "%call_ln0 = call void @sha2561_Pipeline_VITIS_LOOP_90_1, i32 %sha256ctx_state_5_0_load, i32 %sha256ctx_state_4_0_load, i32 %sha256ctx_state_3_0_load, i32 %sha256ctx_state_2_0_load, i32 %sha256ctx_state_1_0_load, i32 %sha256ctx_state_0_0_load, i32 %sha256ctx_state_6_0_load, i32 %sha256ctx_state_7_0_load, i32 %p_lcssa1317_load, i32 %p_lcssa1215_load, i32 %p_lcssa140_load, i8 %seg_buf_96_loc_load, i8 %seg_buf_95_loc_load, i8 %seg_buf_94_loc_load, i8 %seg_buf_93_loc_load, i8 %seg_buf_92_loc_load, i8 %seg_buf_91_loc_load, i8 %seg_buf_90_loc_load, i8 %seg_buf_89_loc_load, i8 %seg_buf_88_loc_load, i8 %seg_buf_87_loc_load, i8 %seg_buf_86_loc_load, i8 %seg_buf_85_loc_load, i8 %seg_buf_84_loc_load, i8 %seg_buf_83_loc_load, i8 %seg_buf_82_loc_load, i8 %seg_buf_81_loc_load, i8 %seg_buf_80_loc_load, i8 %seg_buf_79_loc_load, i8 %seg_buf_78_loc_load, i8 %seg_buf_77_loc_load, i8 %seg_buf_76_loc_load, i8 %seg_buf_75_loc_load, i8 %seg_buf_74_loc_load, i8 %seg_buf_73_loc_load, i8 %seg_buf_72_loc_load, i8 %seg_buf_71_loc_load, i8 %seg_buf_70_loc_load, i8 %seg_buf_69_loc_load, i8 %seg_buf_68_loc_load, i8 %seg_buf_67_loc_load, i8 %seg_buf_66_loc_load, i8 %seg_buf_65_loc_load, i8 %seg_buf_32_loc_load, i8 %seg_buf_33_loc_load, i8 %seg_buf_34_loc_load, i8 %seg_buf_35_loc_load, i8 %seg_buf_36_loc_load, i8 %seg_buf_37_loc_load, i8 %seg_buf_38_loc_load, i8 %seg_buf_39_loc_load, i8 %seg_buf_40_loc_load, i8 %seg_buf_41_loc_load, i8 %seg_buf_42_loc_load, i8 %seg_buf_43_loc_load, i8 %seg_buf_44_loc_load, i8 %seg_buf_45_loc_load, i8 %seg_buf_46_loc_load, i8 %seg_buf_47_loc_load, i8 %seg_buf_48_loc_load, i8 %seg_buf_49_loc_load, i8 %seg_buf_50_loc_load, i8 %seg_buf_51_loc_load, i8 %seg_buf_52_loc_load, i8 %seg_buf_53_loc_load, i8 %seg_buf_54_loc_load, i8 %seg_buf_55_loc_load, i8 %seg_buf_56_loc_load, i8 %seg_buf_57_loc_load, i8 %seg_buf_58_loc_load, i8 %seg_buf_59_loc_load, i8 %seg_buf_60_loc_load, i8 %seg_buf_61_loc_load, i8 %seg_buf_62_loc_load, i8 %seg_buf_63_loc_load, i8 %sha256ctx_data, i32 %sha256ctx_state_5_1_loc, i32 %sha256ctx_state_4_1_loc, i32 %sha256ctx_state_3_1_loc, i32 %sha256ctx_state_2_1_loc, i32 %sha256ctx_state_1_1_loc, i32 %sha256ctx_state_0_1_loc, i32 %sha256ctx_state_6_1_loc, i32 %sha256ctx_state_7_1_loc, i32 %sha256ctx_bitlen_1_loc, i32 %sha256ctx_bitlen_0_loc, i32 %sha256ctx_datalen_loc"   --->   Operation 318 'call' 'call_ln0' <Predicate = true> <Delay = 0.59> <CoreType = "Generic">   --->   Core 0 '' <Latency = 0> <II = 1> <Delay = 1.00> <Generic> <Opcode : >

State 6 <SV = 5> <Delay = 0.85>
ST_6 : Operation 319 [1/1] (0.00ns)   --->   "%specloopname_ln77 = specloopname void @_ssdm_op_SpecLoopName, void @empty_9" [sha1/sha2561.cpp:77]   --->   Operation 319 'specloopname' 'specloopname_ln77' <Predicate = true> <Delay = 0.00>
ST_6 : Operation 320 [1/1] (0.00ns)   --->   "%sha256ctx_state_5_1_loc_load = load i32 %sha256ctx_state_5_1_loc"   --->   Operation 320 'load' 'sha256ctx_state_5_1_loc_load' <Predicate = true> <Delay = 0.00>
ST_6 : Operation 321 [1/1] (0.00ns)   --->   "%sha256ctx_state_4_1_loc_load = load i32 %sha256ctx_state_4_1_loc"   --->   Operation 321 'load' 'sha256ctx_state_4_1_loc_load' <Predicate = true> <Delay = 0.00>
ST_6 : Operation 322 [1/1] (0.00ns)   --->   "%sha256ctx_state_3_1_loc_load = load i32 %sha256ctx_state_3_1_loc"   --->   Operation 322 'load' 'sha256ctx_state_3_1_loc_load' <Predicate = true> <Delay = 0.00>
ST_6 : Operation 323 [1/1] (0.00ns)   --->   "%sha256ctx_state_2_1_loc_load = load i32 %sha256ctx_state_2_1_loc"   --->   Operation 323 'load' 'sha256ctx_state_2_1_loc_load' <Predicate = true> <Delay = 0.00>
ST_6 : Operation 324 [1/1] (0.00ns)   --->   "%sha256ctx_state_1_1_loc_load = load i32 %sha256ctx_state_1_1_loc"   --->   Operation 324 'load' 'sha256ctx_state_1_1_loc_load' <Predicate = true> <Delay = 0.00>
ST_6 : Operation 325 [1/1] (0.00ns)   --->   "%sha256ctx_state_0_1_loc_load = load i32 %sha256ctx_state_0_1_loc"   --->   Operation 325 'load' 'sha256ctx_state_0_1_loc_load' <Predicate = true> <Delay = 0.00>
ST_6 : Operation 326 [1/1] (0.00ns)   --->   "%sha256ctx_state_6_1_loc_load = load i32 %sha256ctx_state_6_1_loc"   --->   Operation 326 'load' 'sha256ctx_state_6_1_loc_load' <Predicate = true> <Delay = 0.00>
ST_6 : Operation 327 [1/1] (0.00ns)   --->   "%sha256ctx_state_7_1_loc_load = load i32 %sha256ctx_state_7_1_loc"   --->   Operation 327 'load' 'sha256ctx_state_7_1_loc_load' <Predicate = true> <Delay = 0.00>
ST_6 : Operation 328 [1/1] (0.00ns)   --->   "%sha256ctx_bitlen_1_loc_load = load i32 %sha256ctx_bitlen_1_loc"   --->   Operation 328 'load' 'sha256ctx_bitlen_1_loc_load' <Predicate = true> <Delay = 0.00>
ST_6 : Operation 329 [1/1] (0.00ns)   --->   "%sha256ctx_bitlen_0_loc_load = load i32 %sha256ctx_bitlen_0_loc"   --->   Operation 329 'load' 'sha256ctx_bitlen_0_loc_load' <Predicate = true> <Delay = 0.00>
ST_6 : Operation 330 [1/1] (0.00ns)   --->   "%sha256ctx_datalen_loc_load = load i32 %sha256ctx_datalen_loc"   --->   Operation 330 'load' 'sha256ctx_datalen_loc_load' <Predicate = true> <Delay = 0.00>
ST_6 : Operation 331 [1/1] (0.00ns)   --->   "%br_ln97 = br i1 %tmp, void %VITIS_LOOP_92_2.VITIS_LOOP_92_2_crit_edge, void %do.end" [sha1/sha2561.cpp:97]   --->   Operation 331 'br' 'br_ln97' <Predicate = true> <Delay = 0.00>
ST_6 : Operation 332 [1/1] (0.38ns)   --->   "%store_ln97 = store i32 %sha256ctx_state_5_1_loc_load, i32 %sha256ctx_state_5_0" [sha1/sha2561.cpp:97]   --->   Operation 332 'store' 'store_ln97' <Predicate = (!tmp)> <Delay = 0.38>
ST_6 : Operation 333 [1/1] (0.38ns)   --->   "%store_ln97 = store i32 %sha256ctx_state_4_1_loc_load, i32 %sha256ctx_state_4_0" [sha1/sha2561.cpp:97]   --->   Operation 333 'store' 'store_ln97' <Predicate = (!tmp)> <Delay = 0.38>
ST_6 : Operation 334 [1/1] (0.38ns)   --->   "%store_ln97 = store i32 %sha256ctx_state_3_1_loc_load, i32 %sha256ctx_state_3_0" [sha1/sha2561.cpp:97]   --->   Operation 334 'store' 'store_ln97' <Predicate = (!tmp)> <Delay = 0.38>
ST_6 : Operation 335 [1/1] (0.38ns)   --->   "%store_ln97 = store i32 %sha256ctx_state_2_1_loc_load, i32 %sha256ctx_state_2_0" [sha1/sha2561.cpp:97]   --->   Operation 335 'store' 'store_ln97' <Predicate = (!tmp)> <Delay = 0.38>
ST_6 : Operation 336 [1/1] (0.38ns)   --->   "%store_ln97 = store i32 %sha256ctx_state_1_1_loc_load, i32 %sha256ctx_state_1_0" [sha1/sha2561.cpp:97]   --->   Operation 336 'store' 'store_ln97' <Predicate = (!tmp)> <Delay = 0.38>
ST_6 : Operation 337 [1/1] (0.38ns)   --->   "%store_ln97 = store i32 %sha256ctx_state_0_1_loc_load, i32 %sha256ctx_state_0_0" [sha1/sha2561.cpp:97]   --->   Operation 337 'store' 'store_ln97' <Predicate = (!tmp)> <Delay = 0.38>
ST_6 : Operation 338 [1/1] (0.38ns)   --->   "%store_ln97 = store i32 %sha256ctx_state_6_1_loc_load, i32 %sha256ctx_state_6_0" [sha1/sha2561.cpp:97]   --->   Operation 338 'store' 'store_ln97' <Predicate = (!tmp)> <Delay = 0.38>
ST_6 : Operation 339 [1/1] (0.38ns)   --->   "%store_ln97 = store i32 %sha256ctx_state_7_1_loc_load, i32 %sha256ctx_state_7_0" [sha1/sha2561.cpp:97]   --->   Operation 339 'store' 'store_ln97' <Predicate = (!tmp)> <Delay = 0.38>
ST_6 : Operation 340 [1/1] (0.38ns)   --->   "%store_ln97 = store i32 %sha256ctx_datalen_loc_load, i32 %p_lcssa140" [sha1/sha2561.cpp:97]   --->   Operation 340 'store' 'store_ln97' <Predicate = (!tmp)> <Delay = 0.38>
ST_6 : Operation 341 [1/1] (0.00ns)   --->   "%store_ln97 = store i8 %seg_buf_96_loc_load, i8 %conv74_lcssa139" [sha1/sha2561.cpp:97]   --->   Operation 341 'store' 'store_ln97' <Predicate = (!tmp)> <Delay = 0.00>
ST_6 : Operation 342 [1/1] (0.00ns)   --->   "%store_ln97 = store i8 %seg_buf_95_loc_load, i8 %conv72_lcssa137" [sha1/sha2561.cpp:97]   --->   Operation 342 'store' 'store_ln97' <Predicate = (!tmp)> <Delay = 0.00>
ST_6 : Operation 343 [1/1] (0.00ns)   --->   "%store_ln97 = store i8 %seg_buf_94_loc_load, i8 %conv70_lcssa135" [sha1/sha2561.cpp:97]   --->   Operation 343 'store' 'store_ln97' <Predicate = (!tmp)> <Delay = 0.00>
ST_6 : Operation 344 [1/1] (0.00ns)   --->   "%store_ln97 = store i8 %seg_buf_93_loc_load, i8 %conv68_lcssa133" [sha1/sha2561.cpp:97]   --->   Operation 344 'store' 'store_ln97' <Predicate = (!tmp)> <Delay = 0.00>
ST_6 : Operation 345 [1/1] (0.00ns)   --->   "%store_ln97 = store i8 %seg_buf_92_loc_load, i8 %conv66_lcssa131" [sha1/sha2561.cpp:97]   --->   Operation 345 'store' 'store_ln97' <Predicate = (!tmp)> <Delay = 0.00>
ST_6 : Operation 346 [1/1] (0.00ns)   --->   "%store_ln97 = store i8 %seg_buf_91_loc_load, i8 %conv64_lcssa129" [sha1/sha2561.cpp:97]   --->   Operation 346 'store' 'store_ln97' <Predicate = (!tmp)> <Delay = 0.00>
ST_6 : Operation 347 [1/1] (0.00ns)   --->   "%store_ln97 = store i8 %seg_buf_90_loc_load, i8 %conv62_lcssa127" [sha1/sha2561.cpp:97]   --->   Operation 347 'store' 'store_ln97' <Predicate = (!tmp)> <Delay = 0.00>
ST_6 : Operation 348 [1/1] (0.00ns)   --->   "%store_ln97 = store i8 %seg_buf_89_loc_load, i8 %conv60_lcssa125" [sha1/sha2561.cpp:97]   --->   Operation 348 'store' 'store_ln97' <Predicate = (!tmp)> <Delay = 0.00>
ST_6 : Operation 349 [1/1] (0.00ns)   --->   "%store_ln97 = store i8 %seg_buf_88_loc_load, i8 %conv58_lcssa123" [sha1/sha2561.cpp:97]   --->   Operation 349 'store' 'store_ln97' <Predicate = (!tmp)> <Delay = 0.00>
ST_6 : Operation 350 [1/1] (0.00ns)   --->   "%store_ln97 = store i8 %seg_buf_87_loc_load, i8 %conv56_lcssa121" [sha1/sha2561.cpp:97]   --->   Operation 350 'store' 'store_ln97' <Predicate = (!tmp)> <Delay = 0.00>
ST_6 : Operation 351 [1/1] (0.00ns)   --->   "%store_ln97 = store i8 %seg_buf_86_loc_load, i8 %conv54_lcssa119" [sha1/sha2561.cpp:97]   --->   Operation 351 'store' 'store_ln97' <Predicate = (!tmp)> <Delay = 0.00>
ST_6 : Operation 352 [1/1] (0.00ns)   --->   "%store_ln97 = store i8 %seg_buf_85_loc_load, i8 %conv52_lcssa117" [sha1/sha2561.cpp:97]   --->   Operation 352 'store' 'store_ln97' <Predicate = (!tmp)> <Delay = 0.00>
ST_6 : Operation 353 [1/1] (0.00ns)   --->   "%store_ln97 = store i8 %seg_buf_84_loc_load, i8 %conv50_lcssa115" [sha1/sha2561.cpp:97]   --->   Operation 353 'store' 'store_ln97' <Predicate = (!tmp)> <Delay = 0.00>
ST_6 : Operation 354 [1/1] (0.00ns)   --->   "%store_ln97 = store i8 %seg_buf_83_loc_load, i8 %conv48_lcssa113" [sha1/sha2561.cpp:97]   --->   Operation 354 'store' 'store_ln97' <Predicate = (!tmp)> <Delay = 0.00>
ST_6 : Operation 355 [1/1] (0.00ns)   --->   "%store_ln97 = store i8 %seg_buf_82_loc_load, i8 %conv46_lcssa111" [sha1/sha2561.cpp:97]   --->   Operation 355 'store' 'store_ln97' <Predicate = (!tmp)> <Delay = 0.00>
ST_6 : Operation 356 [1/1] (0.00ns)   --->   "%store_ln97 = store i8 %seg_buf_81_loc_load, i8 %conv44_lcssa109" [sha1/sha2561.cpp:97]   --->   Operation 356 'store' 'store_ln97' <Predicate = (!tmp)> <Delay = 0.00>
ST_6 : Operation 357 [1/1] (0.00ns)   --->   "%store_ln97 = store i8 %seg_buf_80_loc_load, i8 %conv42_lcssa107" [sha1/sha2561.cpp:97]   --->   Operation 357 'store' 'store_ln97' <Predicate = (!tmp)> <Delay = 0.00>
ST_6 : Operation 358 [1/1] (0.00ns)   --->   "%store_ln97 = store i8 %seg_buf_79_loc_load, i8 %conv40_lcssa105" [sha1/sha2561.cpp:97]   --->   Operation 358 'store' 'store_ln97' <Predicate = (!tmp)> <Delay = 0.00>
ST_6 : Operation 359 [1/1] (0.00ns)   --->   "%store_ln97 = store i8 %seg_buf_78_loc_load, i8 %conv38_lcssa103" [sha1/sha2561.cpp:97]   --->   Operation 359 'store' 'store_ln97' <Predicate = (!tmp)> <Delay = 0.00>
ST_6 : Operation 360 [1/1] (0.00ns)   --->   "%store_ln97 = store i8 %seg_buf_77_loc_load, i8 %conv36_lcssa101" [sha1/sha2561.cpp:97]   --->   Operation 360 'store' 'store_ln97' <Predicate = (!tmp)> <Delay = 0.00>
ST_6 : Operation 361 [1/1] (0.00ns)   --->   "%store_ln97 = store i8 %seg_buf_76_loc_load, i8 %conv34_lcssa99" [sha1/sha2561.cpp:97]   --->   Operation 361 'store' 'store_ln97' <Predicate = (!tmp)> <Delay = 0.00>
ST_6 : Operation 362 [1/1] (0.00ns)   --->   "%store_ln97 = store i8 %seg_buf_75_loc_load, i8 %conv32_lcssa97" [sha1/sha2561.cpp:97]   --->   Operation 362 'store' 'store_ln97' <Predicate = (!tmp)> <Delay = 0.00>
ST_6 : Operation 363 [1/1] (0.00ns)   --->   "%store_ln97 = store i8 %seg_buf_74_loc_load, i8 %conv30_lcssa95" [sha1/sha2561.cpp:97]   --->   Operation 363 'store' 'store_ln97' <Predicate = (!tmp)> <Delay = 0.00>
ST_6 : Operation 364 [1/1] (0.00ns)   --->   "%store_ln97 = store i8 %seg_buf_73_loc_load, i8 %conv28_lcssa93" [sha1/sha2561.cpp:97]   --->   Operation 364 'store' 'store_ln97' <Predicate = (!tmp)> <Delay = 0.00>
ST_6 : Operation 365 [1/1] (0.00ns)   --->   "%store_ln97 = store i8 %seg_buf_72_loc_load, i8 %conv26_lcssa91" [sha1/sha2561.cpp:97]   --->   Operation 365 'store' 'store_ln97' <Predicate = (!tmp)> <Delay = 0.00>
ST_6 : Operation 366 [1/1] (0.00ns)   --->   "%store_ln97 = store i8 %seg_buf_71_loc_load, i8 %conv24_lcssa89" [sha1/sha2561.cpp:97]   --->   Operation 366 'store' 'store_ln97' <Predicate = (!tmp)> <Delay = 0.00>
ST_6 : Operation 367 [1/1] (0.00ns)   --->   "%store_ln97 = store i8 %seg_buf_70_loc_load, i8 %conv22_lcssa87" [sha1/sha2561.cpp:97]   --->   Operation 367 'store' 'store_ln97' <Predicate = (!tmp)> <Delay = 0.00>
ST_6 : Operation 368 [1/1] (0.00ns)   --->   "%store_ln97 = store i8 %seg_buf_69_loc_load, i8 %conv20_lcssa85" [sha1/sha2561.cpp:97]   --->   Operation 368 'store' 'store_ln97' <Predicate = (!tmp)> <Delay = 0.00>
ST_6 : Operation 369 [1/1] (0.00ns)   --->   "%store_ln97 = store i8 %seg_buf_68_loc_load, i8 %conv18_lcssa83" [sha1/sha2561.cpp:97]   --->   Operation 369 'store' 'store_ln97' <Predicate = (!tmp)> <Delay = 0.00>
ST_6 : Operation 370 [1/1] (0.00ns)   --->   "%store_ln97 = store i8 %seg_buf_67_loc_load, i8 %conv16_lcssa81" [sha1/sha2561.cpp:97]   --->   Operation 370 'store' 'store_ln97' <Predicate = (!tmp)> <Delay = 0.00>
ST_6 : Operation 371 [1/1] (0.00ns)   --->   "%store_ln97 = store i8 %seg_buf_66_loc_load, i8 %conv14_lcssa79" [sha1/sha2561.cpp:97]   --->   Operation 371 'store' 'store_ln97' <Predicate = (!tmp)> <Delay = 0.00>
ST_6 : Operation 372 [1/1] (0.00ns)   --->   "%store_ln97 = store i8 %seg_buf_65_loc_load, i8 %conv12_lcssa77" [sha1/sha2561.cpp:97]   --->   Operation 372 'store' 'store_ln97' <Predicate = (!tmp)> <Delay = 0.00>
ST_6 : Operation 373 [1/1] (0.00ns)   --->   "%store_ln97 = store i8 %seg_buf_63_loc_load, i8 %seg_buf_31" [sha1/sha2561.cpp:97]   --->   Operation 373 'store' 'store_ln97' <Predicate = (!tmp)> <Delay = 0.00>
ST_6 : Operation 374 [1/1] (0.00ns)   --->   "%store_ln97 = store i8 %seg_buf_62_loc_load, i8 %seg_buf_30" [sha1/sha2561.cpp:97]   --->   Operation 374 'store' 'store_ln97' <Predicate = (!tmp)> <Delay = 0.00>
ST_6 : Operation 375 [1/1] (0.00ns)   --->   "%store_ln97 = store i8 %seg_buf_61_loc_load, i8 %seg_buf_29" [sha1/sha2561.cpp:97]   --->   Operation 375 'store' 'store_ln97' <Predicate = (!tmp)> <Delay = 0.00>
ST_6 : Operation 376 [1/1] (0.00ns)   --->   "%store_ln97 = store i8 %seg_buf_60_loc_load, i8 %seg_buf_28" [sha1/sha2561.cpp:97]   --->   Operation 376 'store' 'store_ln97' <Predicate = (!tmp)> <Delay = 0.00>
ST_6 : Operation 377 [1/1] (0.00ns)   --->   "%store_ln97 = store i8 %seg_buf_59_loc_load, i8 %seg_buf_27" [sha1/sha2561.cpp:97]   --->   Operation 377 'store' 'store_ln97' <Predicate = (!tmp)> <Delay = 0.00>
ST_6 : Operation 378 [1/1] (0.00ns)   --->   "%store_ln97 = store i8 %seg_buf_58_loc_load, i8 %seg_buf_26" [sha1/sha2561.cpp:97]   --->   Operation 378 'store' 'store_ln97' <Predicate = (!tmp)> <Delay = 0.00>
ST_6 : Operation 379 [1/1] (0.00ns)   --->   "%store_ln97 = store i8 %seg_buf_57_loc_load, i8 %seg_buf_25" [sha1/sha2561.cpp:97]   --->   Operation 379 'store' 'store_ln97' <Predicate = (!tmp)> <Delay = 0.00>
ST_6 : Operation 380 [1/1] (0.00ns)   --->   "%store_ln97 = store i8 %seg_buf_56_loc_load, i8 %seg_buf_24" [sha1/sha2561.cpp:97]   --->   Operation 380 'store' 'store_ln97' <Predicate = (!tmp)> <Delay = 0.00>
ST_6 : Operation 381 [1/1] (0.00ns)   --->   "%store_ln97 = store i8 %seg_buf_55_loc_load, i8 %seg_buf_23" [sha1/sha2561.cpp:97]   --->   Operation 381 'store' 'store_ln97' <Predicate = (!tmp)> <Delay = 0.00>
ST_6 : Operation 382 [1/1] (0.00ns)   --->   "%store_ln97 = store i8 %seg_buf_54_loc_load, i8 %seg_buf_22" [sha1/sha2561.cpp:97]   --->   Operation 382 'store' 'store_ln97' <Predicate = (!tmp)> <Delay = 0.00>
ST_6 : Operation 383 [1/1] (0.00ns)   --->   "%store_ln97 = store i8 %seg_buf_53_loc_load, i8 %seg_buf_21" [sha1/sha2561.cpp:97]   --->   Operation 383 'store' 'store_ln97' <Predicate = (!tmp)> <Delay = 0.00>
ST_6 : Operation 384 [1/1] (0.00ns)   --->   "%store_ln97 = store i8 %seg_buf_52_loc_load, i8 %seg_buf_20" [sha1/sha2561.cpp:97]   --->   Operation 384 'store' 'store_ln97' <Predicate = (!tmp)> <Delay = 0.00>
ST_6 : Operation 385 [1/1] (0.00ns)   --->   "%store_ln97 = store i8 %seg_buf_51_loc_load, i8 %seg_buf_19" [sha1/sha2561.cpp:97]   --->   Operation 385 'store' 'store_ln97' <Predicate = (!tmp)> <Delay = 0.00>
ST_6 : Operation 386 [1/1] (0.00ns)   --->   "%store_ln97 = store i8 %seg_buf_50_loc_load, i8 %seg_buf_18" [sha1/sha2561.cpp:97]   --->   Operation 386 'store' 'store_ln97' <Predicate = (!tmp)> <Delay = 0.00>
ST_6 : Operation 387 [1/1] (0.00ns)   --->   "%store_ln97 = store i8 %seg_buf_49_loc_load, i8 %seg_buf_17" [sha1/sha2561.cpp:97]   --->   Operation 387 'store' 'store_ln97' <Predicate = (!tmp)> <Delay = 0.00>
ST_6 : Operation 388 [1/1] (0.00ns)   --->   "%store_ln97 = store i8 %seg_buf_48_loc_load, i8 %seg_buf_16" [sha1/sha2561.cpp:97]   --->   Operation 388 'store' 'store_ln97' <Predicate = (!tmp)> <Delay = 0.00>
ST_6 : Operation 389 [1/1] (0.00ns)   --->   "%store_ln97 = store i8 %seg_buf_47_loc_load, i8 %seg_buf_15" [sha1/sha2561.cpp:97]   --->   Operation 389 'store' 'store_ln97' <Predicate = (!tmp)> <Delay = 0.00>
ST_6 : Operation 390 [1/1] (0.00ns)   --->   "%store_ln97 = store i8 %seg_buf_46_loc_load, i8 %seg_buf_14" [sha1/sha2561.cpp:97]   --->   Operation 390 'store' 'store_ln97' <Predicate = (!tmp)> <Delay = 0.00>
ST_6 : Operation 391 [1/1] (0.00ns)   --->   "%store_ln97 = store i8 %seg_buf_45_loc_load, i8 %seg_buf_13" [sha1/sha2561.cpp:97]   --->   Operation 391 'store' 'store_ln97' <Predicate = (!tmp)> <Delay = 0.00>
ST_6 : Operation 392 [1/1] (0.00ns)   --->   "%store_ln97 = store i8 %seg_buf_44_loc_load, i8 %seg_buf_12" [sha1/sha2561.cpp:97]   --->   Operation 392 'store' 'store_ln97' <Predicate = (!tmp)> <Delay = 0.00>
ST_6 : Operation 393 [1/1] (0.00ns)   --->   "%store_ln97 = store i8 %seg_buf_43_loc_load, i8 %seg_buf_11" [sha1/sha2561.cpp:97]   --->   Operation 393 'store' 'store_ln97' <Predicate = (!tmp)> <Delay = 0.00>
ST_6 : Operation 394 [1/1] (0.00ns)   --->   "%store_ln97 = store i8 %seg_buf_42_loc_load, i8 %seg_buf_10" [sha1/sha2561.cpp:97]   --->   Operation 394 'store' 'store_ln97' <Predicate = (!tmp)> <Delay = 0.00>
ST_6 : Operation 395 [1/1] (0.00ns)   --->   "%store_ln97 = store i8 %seg_buf_41_loc_load, i8 %seg_buf_9" [sha1/sha2561.cpp:97]   --->   Operation 395 'store' 'store_ln97' <Predicate = (!tmp)> <Delay = 0.00>
ST_6 : Operation 396 [1/1] (0.00ns)   --->   "%store_ln97 = store i8 %seg_buf_40_loc_load, i8 %seg_buf_8" [sha1/sha2561.cpp:97]   --->   Operation 396 'store' 'store_ln97' <Predicate = (!tmp)> <Delay = 0.00>
ST_6 : Operation 397 [1/1] (0.00ns)   --->   "%store_ln97 = store i8 %seg_buf_39_loc_load, i8 %seg_buf_7" [sha1/sha2561.cpp:97]   --->   Operation 397 'store' 'store_ln97' <Predicate = (!tmp)> <Delay = 0.00>
ST_6 : Operation 398 [1/1] (0.00ns)   --->   "%store_ln97 = store i8 %seg_buf_38_loc_load, i8 %seg_buf_6" [sha1/sha2561.cpp:97]   --->   Operation 398 'store' 'store_ln97' <Predicate = (!tmp)> <Delay = 0.00>
ST_6 : Operation 399 [1/1] (0.00ns)   --->   "%store_ln97 = store i8 %seg_buf_37_loc_load, i8 %seg_buf_5" [sha1/sha2561.cpp:97]   --->   Operation 399 'store' 'store_ln97' <Predicate = (!tmp)> <Delay = 0.00>
ST_6 : Operation 400 [1/1] (0.00ns)   --->   "%store_ln97 = store i8 %seg_buf_36_loc_load, i8 %seg_buf_4" [sha1/sha2561.cpp:97]   --->   Operation 400 'store' 'store_ln97' <Predicate = (!tmp)> <Delay = 0.00>
ST_6 : Operation 401 [1/1] (0.00ns)   --->   "%store_ln97 = store i8 %seg_buf_35_loc_load, i8 %seg_buf_3" [sha1/sha2561.cpp:97]   --->   Operation 401 'store' 'store_ln97' <Predicate = (!tmp)> <Delay = 0.00>
ST_6 : Operation 402 [1/1] (0.00ns)   --->   "%store_ln97 = store i8 %seg_buf_34_loc_load, i8 %seg_buf_2" [sha1/sha2561.cpp:97]   --->   Operation 402 'store' 'store_ln97' <Predicate = (!tmp)> <Delay = 0.00>
ST_6 : Operation 403 [1/1] (0.00ns)   --->   "%store_ln97 = store i8 %seg_buf_33_loc_load, i8 %seg_buf_1" [sha1/sha2561.cpp:97]   --->   Operation 403 'store' 'store_ln97' <Predicate = (!tmp)> <Delay = 0.00>
ST_6 : Operation 404 [1/1] (0.00ns)   --->   "%store_ln97 = store i8 %seg_buf_32_loc_load, i8 %seg_buf" [sha1/sha2561.cpp:97]   --->   Operation 404 'store' 'store_ln97' <Predicate = (!tmp)> <Delay = 0.00>
ST_6 : Operation 405 [1/1] (0.38ns)   --->   "%store_ln97 = store i32 %sha256ctx_bitlen_1_loc_load, i32 %p_lcssa1317" [sha1/sha2561.cpp:97]   --->   Operation 405 'store' 'store_ln97' <Predicate = (!tmp)> <Delay = 0.38>
ST_6 : Operation 406 [1/1] (0.38ns)   --->   "%store_ln97 = store i32 %sha256ctx_bitlen_0_loc_load, i32 %p_lcssa1215" [sha1/sha2561.cpp:97]   --->   Operation 406 'store' 'store_ln97' <Predicate = (!tmp)> <Delay = 0.38>
ST_6 : Operation 407 [1/1] (0.00ns)   --->   "%br_ln97 = br void %VITIS_LOOP_92_2" [sha1/sha2561.cpp:97]   --->   Operation 407 'br' 'br_ln97' <Predicate = (!tmp)> <Delay = 0.00>
ST_6 : Operation 408 [1/1] (0.00ns)   --->   "%trunc_ln145_2 = partselect i6 @_ssdm_op_PartSelect.i6.i584.i32.i32, i584 %input_r_read, i32 576, i32 581" [/share/xilinx/Vitis_HLS/2022.1/common/technology/autopilot/hls_stream_39.h:145]   --->   Operation 408 'partselect' 'trunc_ln145_2' <Predicate = (tmp)> <Delay = 0.00>
ST_6 : Operation 409 [2/2] (0.85ns)   --->   "%call_ret = call i256 @sha256_final, i8 %sha256ctx_data, i32 %sha256ctx_datalen_loc_load, i32 %sha256ctx_bitlen_0_loc_load, i32 %sha256ctx_bitlen_1_loc_load, i32 %sha256ctx_state_0_1_loc_load, i32 %sha256ctx_state_1_1_loc_load, i32 %sha256ctx_state_2_1_loc_load, i32 %sha256ctx_state_3_1_loc_load, i32 %sha256ctx_state_4_1_loc_load, i32 %sha256ctx_state_5_1_loc_load, i32 %sha256ctx_state_6_1_loc_load, i32 %sha256ctx_state_7_1_loc_load, i8 %seg_buf_96_loc_load, i8 %seg_buf_95_loc_load, i8 %seg_buf_94_loc_load, i8 %seg_buf_93_loc_load, i8 %seg_buf_92_loc_load, i8 %seg_buf_91_loc_load, i8 %seg_buf_90_loc_load, i8 %seg_buf_89_loc_load, i8 %seg_buf_88_loc_load, i8 %seg_buf_87_loc_load, i8 %seg_buf_86_loc_load, i8 %seg_buf_85_loc_load, i8 %seg_buf_84_loc_load, i8 %seg_buf_83_loc_load, i8 %seg_buf_82_loc_load, i8 %seg_buf_81_loc_load, i8 %seg_buf_80_loc_load, i8 %seg_buf_79_loc_load, i8 %seg_buf_78_loc_load, i8 %seg_buf_77_loc_load, i8 %seg_buf_76_loc_load, i8 %seg_buf_75_loc_load, i8 %seg_buf_74_loc_load, i8 %seg_buf_73_loc_load, i8 %seg_buf_72_loc_load, i8 %seg_buf_71_loc_load, i8 %seg_buf_70_loc_load, i8 %seg_buf_69_loc_load, i8 %seg_buf_68_loc_load, i8 %seg_buf_67_loc_load, i8 %seg_buf_66_loc_load, i8 %seg_buf_65_loc_load" [sha1/sha2561.cpp:100]   --->   Operation 409 'call' 'call_ret' <Predicate = (tmp)> <Delay = 0.85> <CoreType = "Generic">   --->   Core 0 '' <Latency = 0> <II = 1> <Delay = 1.00> <Generic> <Opcode : >

State 7 <SV = 6> <Delay = 0.30>
ST_7 : Operation 410 [1/2] (0.30ns)   --->   "%call_ret = call i256 @sha256_final, i8 %sha256ctx_data, i32 %sha256ctx_datalen_loc_load, i32 %sha256ctx_bitlen_0_loc_load, i32 %sha256ctx_bitlen_1_loc_load, i32 %sha256ctx_state_0_1_loc_load, i32 %sha256ctx_state_1_1_loc_load, i32 %sha256ctx_state_2_1_loc_load, i32 %sha256ctx_state_3_1_loc_load, i32 %sha256ctx_state_4_1_loc_load, i32 %sha256ctx_state_5_1_loc_load, i32 %sha256ctx_state_6_1_loc_load, i32 %sha256ctx_state_7_1_loc_load, i8 %seg_buf_96_loc_load, i8 %seg_buf_95_loc_load, i8 %seg_buf_94_loc_load, i8 %seg_buf_93_loc_load, i8 %seg_buf_92_loc_load, i8 %seg_buf_91_loc_load, i8 %seg_buf_90_loc_load, i8 %seg_buf_89_loc_load, i8 %seg_buf_88_loc_load, i8 %seg_buf_87_loc_load, i8 %seg_buf_86_loc_load, i8 %seg_buf_85_loc_load, i8 %seg_buf_84_loc_load, i8 %seg_buf_83_loc_load, i8 %seg_buf_82_loc_load, i8 %seg_buf_81_loc_load, i8 %seg_buf_80_loc_load, i8 %seg_buf_79_loc_load, i8 %seg_buf_78_loc_load, i8 %seg_buf_77_loc_load, i8 %seg_buf_76_loc_load, i8 %seg_buf_75_loc_load, i8 %seg_buf_74_loc_load, i8 %seg_buf_73_loc_load, i8 %seg_buf_72_loc_load, i8 %seg_buf_71_loc_load, i8 %seg_buf_70_loc_load, i8 %seg_buf_69_loc_load, i8 %seg_buf_68_loc_load, i8 %seg_buf_67_loc_load, i8 %seg_buf_66_loc_load, i8 %seg_buf_65_loc_load" [sha1/sha2561.cpp:100]   --->   Operation 410 'call' 'call_ret' <Predicate = true> <Delay = 0.30> <CoreType = "Generic">   --->   Core 0 '' <Latency = 0> <II = 1> <Delay = 1.00> <Generic> <Opcode : >
ST_7 : Operation 411 [1/1] (0.00ns)   --->   "%seg_buf_129 = extractvalue i256 %call_ret" [sha1/sha2561.cpp:100]   --->   Operation 411 'extractvalue' 'seg_buf_129' <Predicate = true> <Delay = 0.00>
ST_7 : Operation 412 [1/1] (0.00ns)   --->   "%seg_buf_32 = extractvalue i256 %call_ret" [sha1/sha2561.cpp:100]   --->   Operation 412 'extractvalue' 'seg_buf_32' <Predicate = true> <Delay = 0.00>
ST_7 : Operation 413 [1/1] (0.00ns)   --->   "%seg_buf_33 = extractvalue i256 %call_ret" [sha1/sha2561.cpp:100]   --->   Operation 413 'extractvalue' 'seg_buf_33' <Predicate = true> <Delay = 0.00>
ST_7 : Operation 414 [1/1] (0.00ns)   --->   "%seg_buf_34 = extractvalue i256 %call_ret" [sha1/sha2561.cpp:100]   --->   Operation 414 'extractvalue' 'seg_buf_34' <Predicate = true> <Delay = 0.00>
ST_7 : Operation 415 [1/1] (0.00ns)   --->   "%seg_buf_35 = extractvalue i256 %call_ret" [sha1/sha2561.cpp:100]   --->   Operation 415 'extractvalue' 'seg_buf_35' <Predicate = true> <Delay = 0.00>
ST_7 : Operation 416 [1/1] (0.00ns)   --->   "%seg_buf_36 = extractvalue i256 %call_ret" [sha1/sha2561.cpp:100]   --->   Operation 416 'extractvalue' 'seg_buf_36' <Predicate = true> <Delay = 0.00>
ST_7 : Operation 417 [1/1] (0.00ns)   --->   "%seg_buf_37 = extractvalue i256 %call_ret" [sha1/sha2561.cpp:100]   --->   Operation 417 'extractvalue' 'seg_buf_37' <Predicate = true> <Delay = 0.00>
ST_7 : Operation 418 [1/1] (0.00ns)   --->   "%seg_buf_38 = extractvalue i256 %call_ret" [sha1/sha2561.cpp:100]   --->   Operation 418 'extractvalue' 'seg_buf_38' <Predicate = true> <Delay = 0.00>
ST_7 : Operation 419 [1/1] (0.00ns)   --->   "%seg_buf_39 = extractvalue i256 %call_ret" [sha1/sha2561.cpp:100]   --->   Operation 419 'extractvalue' 'seg_buf_39' <Predicate = true> <Delay = 0.00>
ST_7 : Operation 420 [1/1] (0.00ns)   --->   "%seg_buf_40 = extractvalue i256 %call_ret" [sha1/sha2561.cpp:100]   --->   Operation 420 'extractvalue' 'seg_buf_40' <Predicate = true> <Delay = 0.00>
ST_7 : Operation 421 [1/1] (0.00ns)   --->   "%seg_buf_41 = extractvalue i256 %call_ret" [sha1/sha2561.cpp:100]   --->   Operation 421 'extractvalue' 'seg_buf_41' <Predicate = true> <Delay = 0.00>
ST_7 : Operation 422 [1/1] (0.00ns)   --->   "%seg_buf_42 = extractvalue i256 %call_ret" [sha1/sha2561.cpp:100]   --->   Operation 422 'extractvalue' 'seg_buf_42' <Predicate = true> <Delay = 0.00>
ST_7 : Operation 423 [1/1] (0.00ns)   --->   "%seg_buf_43 = extractvalue i256 %call_ret" [sha1/sha2561.cpp:100]   --->   Operation 423 'extractvalue' 'seg_buf_43' <Predicate = true> <Delay = 0.00>
ST_7 : Operation 424 [1/1] (0.00ns)   --->   "%seg_buf_44 = extractvalue i256 %call_ret" [sha1/sha2561.cpp:100]   --->   Operation 424 'extractvalue' 'seg_buf_44' <Predicate = true> <Delay = 0.00>
ST_7 : Operation 425 [1/1] (0.00ns)   --->   "%seg_buf_45 = extractvalue i256 %call_ret" [sha1/sha2561.cpp:100]   --->   Operation 425 'extractvalue' 'seg_buf_45' <Predicate = true> <Delay = 0.00>
ST_7 : Operation 426 [1/1] (0.00ns)   --->   "%seg_buf_46 = extractvalue i256 %call_ret" [sha1/sha2561.cpp:100]   --->   Operation 426 'extractvalue' 'seg_buf_46' <Predicate = true> <Delay = 0.00>
ST_7 : Operation 427 [1/1] (0.00ns)   --->   "%seg_buf_47 = extractvalue i256 %call_ret" [sha1/sha2561.cpp:100]   --->   Operation 427 'extractvalue' 'seg_buf_47' <Predicate = true> <Delay = 0.00>
ST_7 : Operation 428 [1/1] (0.00ns)   --->   "%seg_buf_48 = extractvalue i256 %call_ret" [sha1/sha2561.cpp:100]   --->   Operation 428 'extractvalue' 'seg_buf_48' <Predicate = true> <Delay = 0.00>
ST_7 : Operation 429 [1/1] (0.00ns)   --->   "%seg_buf_49 = extractvalue i256 %call_ret" [sha1/sha2561.cpp:100]   --->   Operation 429 'extractvalue' 'seg_buf_49' <Predicate = true> <Delay = 0.00>
ST_7 : Operation 430 [1/1] (0.00ns)   --->   "%seg_buf_50 = extractvalue i256 %call_ret" [sha1/sha2561.cpp:100]   --->   Operation 430 'extractvalue' 'seg_buf_50' <Predicate = true> <Delay = 0.00>
ST_7 : Operation 431 [1/1] (0.00ns)   --->   "%seg_buf_51 = extractvalue i256 %call_ret" [sha1/sha2561.cpp:100]   --->   Operation 431 'extractvalue' 'seg_buf_51' <Predicate = true> <Delay = 0.00>
ST_7 : Operation 432 [1/1] (0.00ns)   --->   "%seg_buf_52 = extractvalue i256 %call_ret" [sha1/sha2561.cpp:100]   --->   Operation 432 'extractvalue' 'seg_buf_52' <Predicate = true> <Delay = 0.00>
ST_7 : Operation 433 [1/1] (0.00ns)   --->   "%seg_buf_53 = extractvalue i256 %call_ret" [sha1/sha2561.cpp:100]   --->   Operation 433 'extractvalue' 'seg_buf_53' <Predicate = true> <Delay = 0.00>
ST_7 : Operation 434 [1/1] (0.00ns)   --->   "%seg_buf_54 = extractvalue i256 %call_ret" [sha1/sha2561.cpp:100]   --->   Operation 434 'extractvalue' 'seg_buf_54' <Predicate = true> <Delay = 0.00>
ST_7 : Operation 435 [1/1] (0.00ns)   --->   "%seg_buf_55 = extractvalue i256 %call_ret" [sha1/sha2561.cpp:100]   --->   Operation 435 'extractvalue' 'seg_buf_55' <Predicate = true> <Delay = 0.00>
ST_7 : Operation 436 [1/1] (0.00ns)   --->   "%seg_buf_56 = extractvalue i256 %call_ret" [sha1/sha2561.cpp:100]   --->   Operation 436 'extractvalue' 'seg_buf_56' <Predicate = true> <Delay = 0.00>
ST_7 : Operation 437 [1/1] (0.00ns)   --->   "%seg_buf_57 = extractvalue i256 %call_ret" [sha1/sha2561.cpp:100]   --->   Operation 437 'extractvalue' 'seg_buf_57' <Predicate = true> <Delay = 0.00>
ST_7 : Operation 438 [1/1] (0.00ns)   --->   "%seg_buf_58 = extractvalue i256 %call_ret" [sha1/sha2561.cpp:100]   --->   Operation 438 'extractvalue' 'seg_buf_58' <Predicate = true> <Delay = 0.00>
ST_7 : Operation 439 [1/1] (0.00ns)   --->   "%seg_buf_59 = extractvalue i256 %call_ret" [sha1/sha2561.cpp:100]   --->   Operation 439 'extractvalue' 'seg_buf_59' <Predicate = true> <Delay = 0.00>
ST_7 : Operation 440 [1/1] (0.00ns)   --->   "%seg_buf_60 = extractvalue i256 %call_ret" [sha1/sha2561.cpp:100]   --->   Operation 440 'extractvalue' 'seg_buf_60' <Predicate = true> <Delay = 0.00>
ST_7 : Operation 441 [1/1] (0.00ns)   --->   "%seg_buf_61 = extractvalue i256 %call_ret" [sha1/sha2561.cpp:100]   --->   Operation 441 'extractvalue' 'seg_buf_61' <Predicate = true> <Delay = 0.00>
ST_7 : Operation 442 [1/1] (0.00ns)   --->   "%seg_buf_62 = extractvalue i256 %call_ret" [sha1/sha2561.cpp:100]   --->   Operation 442 'extractvalue' 'seg_buf_62' <Predicate = true> <Delay = 0.00>
ST_7 : Operation 443 [1/1] (0.00ns)   --->   "%tmp_s = bitconcatenate i256 @_ssdm_op_BitConcatenate.i256.i8.i8.i8.i8.i8.i8.i8.i8.i8.i8.i8.i8.i8.i8.i8.i8.i8.i8.i8.i8.i8.i8.i8.i8.i8.i8.i8.i8.i8.i8.i8.i8, i8 %seg_buf_129, i8 %seg_buf_32, i8 %seg_buf_33, i8 %seg_buf_34, i8 %seg_buf_35, i8 %seg_buf_36, i8 %seg_buf_37, i8 %seg_buf_38, i8 %seg_buf_39, i8 %seg_buf_40, i8 %seg_buf_41, i8 %seg_buf_42, i8 %seg_buf_43, i8 %seg_buf_44, i8 %seg_buf_45, i8 %seg_buf_46, i8 %seg_buf_47, i8 %seg_buf_48, i8 %seg_buf_49, i8 %seg_buf_50, i8 %seg_buf_51, i8 %seg_buf_52, i8 %seg_buf_53, i8 %seg_buf_54, i8 %seg_buf_55, i8 %seg_buf_56, i8 %seg_buf_57, i8 %seg_buf_58, i8 %seg_buf_59, i8 %seg_buf_60, i8 %seg_buf_61, i8 %seg_buf_62"   --->   Operation 443 'bitconcatenate' 'tmp_s' <Predicate = true> <Delay = 0.00>
ST_7 : Operation 444 [1/1] (0.00ns)   --->   "%zext_ln904 = zext i256 %tmp_s"   --->   Operation 444 'zext' 'zext_ln904' <Predicate = true> <Delay = 0.00>
ST_7 : Operation 445 [1/1] (0.00ns)   --->   "%newret6 = insertvalue i518 <undef>, i512 %zext_ln904"   --->   Operation 445 'insertvalue' 'newret6' <Predicate = true> <Delay = 0.00>
ST_7 : Operation 446 [1/1] (0.00ns)   --->   "%newret8 = insertvalue i518 %newret6, i6 %trunc_ln145_2"   --->   Operation 446 'insertvalue' 'newret8' <Predicate = true> <Delay = 0.00>
ST_7 : Operation 447 [1/1] (0.00ns)   --->   "%ret_ln904 = ret i518 %newret8"   --->   Operation 447 'ret' 'ret_ln904' <Predicate = true> <Delay = 0.00>


============================================================
+ Verbose Summary: Timing violations
============================================================
Target clock period: 10ns, clock uncertainty: 2.7ns.

 <State 1>: 0.387ns
The critical path consists of the following:
	'alloca' operation ('sha256ctx_state_5_0') [76]  (0 ns)
	'store' operation ('store_ln90', sha1/sha2561.cpp:90) of constant 2600822924 on local variable 'sha256ctx_state_5_0' [155]  (0.387 ns)

 <State 2>: 1.83ns
The critical path consists of the following:
	'load' operation ('seg_buf') on local variable 'seg_buf' [170]  (0 ns)
	'call' operation ('call_ln145', /share/xilinx/Vitis_HLS/2022.1/common/technology/autopilot/hls_stream_39.h:145) to 'sha2561_Pipeline_VITIS_LOOP_92_2' [247]  (1.83 ns)

 <State 3>: 0.987ns
The critical path consists of the following:
	'call' operation ('call_ln145', /share/xilinx/Vitis_HLS/2022.1/common/technology/autopilot/hls_stream_39.h:145) to 'sha2561_Pipeline_VITIS_LOOP_92_2' [247]  (0.987 ns)

 <State 4>: 0.42ns
The critical path consists of the following:
	'load' operation ('p_lcssa1215_load') on local variable 'p_lcssa1215' [168]  (0 ns)
	'call' operation ('call_ln0') to 'sha2561_Pipeline_VITIS_LOOP_90_1' [312]  (0.42 ns)

 <State 5>: 0.6ns
The critical path consists of the following:
	'call' operation ('call_ln0') to 'sha2561_Pipeline_VITIS_LOOP_90_1' [312]  (0.6 ns)

 <State 6>: 0.859ns
The critical path consists of the following:
	'load' operation ('sha256ctx_state_5_1_loc_load') on local variable 'sha256ctx_state_5_1_loc' [313]  (0 ns)
	'call' operation ('call_ret', sha1/sha2561.cpp:100) to 'sha256_final' [404]  (0.859 ns)

 <State 7>: 0.303ns
The critical path consists of the following:
	'call' operation ('call_ret', sha1/sha2561.cpp:100) to 'sha256_final' [404]  (0.303 ns)


============================================================
+ Verbose Summary: Binding
============================================================
N/A
* FSMD analyzer results:
  - Output states:
 - Input state : 
  - Chain level:
	State 1
	State 2
	State 3
	State 4
	State 5
	State 6
	State 7


============================================================
+ Verbose Summary: Datapath Resource usage 
============================================================
N/A
