

================================================================
== Vitis HLS Report for 'sha2561_Pipeline_VITIS_LOOP_90_1'
================================================================
* Date:           Thu Jul 27 12:24:08 2023

* Version:        2022.1 (Build 3526262 on Mon Apr 18 15:47:01 MDT 2022)
* Project:        shat
* Solution:       solution1 (Vivado IP Flow Target)
* Product family: virtexuplus
* Target device:  xcu280-fsvh2892-2L-e


================================================================
== Performance Estimates
================================================================
+ Timing: 
    * Summary: 
    +--------+----------+----------+------------+
    |  Clock |  Target  | Estimated| Uncertainty|
    +--------+----------+----------+------------+
    |ap_clk  |  10.00 ns|  7.175 ns|     2.70 ns|
    +--------+----------+----------+------------+

+ Latency: 
    * Summary: 
    +---------+---------+-----------+-----------+------+------+---------+
    |  Latency (cycles) |   Latency (absolute)  |   Interval  | Pipeline|
    |   min   |   max   |    min    |    max    |  min |  max |   Type  |
    +---------+---------+-----------+-----------+------+------+---------+
    |     3330|     3330|  33.300 us|  33.300 us|  3330|  3330|       no|
    +---------+---------+-----------+-----------+------+------+---------+

    + Detail: 
        * Instance: 
        N/A

        * Loop: 
        +-------------------+---------+---------+----------+-----------+-----------+------+----------+
        |                   |  Latency (cycles) | Iteration|  Initiation Interval  | Trip |          |
        |     Loop Name     |   min   |   max   |  Latency |  achieved |   target  | Count| Pipelined|
        +-------------------+---------+---------+----------+-----------+-----------+------+----------+
        |- VITIS_LOOP_90_1  |     3328|     3328|        52|         52|          1|    64|       yes|
        +-------------------+---------+---------+----------+-----------+-----------+------+----------+

============================================================
+ Verbose Summary: Synthesis Manager
============================================================
InlineROM: 1
ExposeGlobal: 0
============================================================
+ Verbose Summary: CDFG Model
============================================================
IsTopModel: 0
ResetActiveHigh: 1
IsCombinational: 0
IsDatapathOnly: 0
HasWiredReturn: 1
HasMFsm: 2
HasVarLatency: 1
IsPipeline: 0
IsRtlPipelined: 0
IsInstanceOverlapped: 0
IsDontTouch: 0
HasImplIP: 0
IsGatedGlobalClock: 0

+ Individual pipeline summary: 
  * Pipeline-0: initiation interval (II) = 52, depth = 53


============================================================
+ Verbose Summary: Schedule
============================================================
* Number of FSM states : 53
* Pipeline : 1
  Pipeline-0 : II = 52, D = 53, States = { 1 2 3 4 5 6 7 8 9 10 11 12 13 14 15 16 17 18 19 20 21 22 23 24 25 26 27 28 29 30 31 32 33 34 35 36 37 38 39 40 41 42 43 44 45 46 47 48 49 50 51 52 53 }
* Dataflow Pipeline: 0

* FSM state transitions: 
1 --> 2 
2 --> 3 
3 --> 4 
4 --> 5 
5 --> 6 
6 --> 7 
7 --> 8 
8 --> 9 
9 --> 10 
10 --> 11 
11 --> 12 
12 --> 13 
13 --> 14 
14 --> 15 
15 --> 16 
16 --> 17 
17 --> 18 
18 --> 19 
19 --> 20 
20 --> 21 
21 --> 22 
22 --> 23 
23 --> 24 
24 --> 25 
25 --> 26 
26 --> 27 
27 --> 28 
28 --> 29 
29 --> 30 
30 --> 31 
31 --> 32 
32 --> 33 
33 --> 34 
34 --> 35 
35 --> 36 
36 --> 37 
37 --> 38 
38 --> 39 
39 --> 40 
40 --> 41 
41 --> 42 
42 --> 43 
43 --> 44 
44 --> 45 
45 --> 46 
46 --> 47 
47 --> 48 
48 --> 49 
49 --> 50 
50 --> 51 
51 --> 52 
52 --> 53 
53 --> 

* FSM state operations: 

State 1 <SV = 0> <Delay = 0.41>
ST_1 : Operation 55 [1/1] (0.00ns)   --->   "%sha256ctx_datalen = alloca i32 1"   --->   Operation 55 'alloca' 'sha256ctx_datalen' <Predicate = true> <Delay = 0.00>
ST_1 : Operation 56 [1/1] (0.00ns)   --->   "%i_5 = alloca i32 1"   --->   Operation 56 'alloca' 'i_5' <Predicate = true> <Delay = 0.00>
ST_1 : Operation 57 [1/1] (0.00ns)   --->   "%sha256ctx_bitlen_0 = alloca i32 1"   --->   Operation 57 'alloca' 'sha256ctx_bitlen_0' <Predicate = true> <Delay = 0.00>
ST_1 : Operation 58 [1/1] (0.00ns)   --->   "%sha256ctx_bitlen_1 = alloca i32 1"   --->   Operation 58 'alloca' 'sha256ctx_bitlen_1' <Predicate = true> <Delay = 0.00>
ST_1 : Operation 59 [1/1] (0.00ns)   --->   "%sha256ctx_state_7_1 = alloca i32 1"   --->   Operation 59 'alloca' 'sha256ctx_state_7_1' <Predicate = true> <Delay = 0.00>
ST_1 : Operation 60 [1/1] (0.00ns)   --->   "%sha256ctx_state_6_1 = alloca i32 1"   --->   Operation 60 'alloca' 'sha256ctx_state_6_1' <Predicate = true> <Delay = 0.00>
ST_1 : Operation 61 [1/1] (0.00ns)   --->   "%sha256ctx_state_0_1 = alloca i32 1"   --->   Operation 61 'alloca' 'sha256ctx_state_0_1' <Predicate = true> <Delay = 0.00>
ST_1 : Operation 62 [1/1] (0.00ns)   --->   "%sha256ctx_state_1_1 = alloca i32 1"   --->   Operation 62 'alloca' 'sha256ctx_state_1_1' <Predicate = true> <Delay = 0.00>
ST_1 : Operation 63 [1/1] (0.00ns)   --->   "%sha256ctx_state_2_1 = alloca i32 1"   --->   Operation 63 'alloca' 'sha256ctx_state_2_1' <Predicate = true> <Delay = 0.00>
ST_1 : Operation 64 [1/1] (0.00ns)   --->   "%sha256ctx_state_3_1 = alloca i32 1"   --->   Operation 64 'alloca' 'sha256ctx_state_3_1' <Predicate = true> <Delay = 0.00>
ST_1 : Operation 65 [1/1] (0.00ns)   --->   "%sha256ctx_state_4_1 = alloca i32 1"   --->   Operation 65 'alloca' 'sha256ctx_state_4_1' <Predicate = true> <Delay = 0.00>
ST_1 : Operation 66 [1/1] (0.00ns)   --->   "%sha256ctx_state_5_1 = alloca i32 1"   --->   Operation 66 'alloca' 'sha256ctx_state_5_1' <Predicate = true> <Delay = 0.00>
ST_1 : Operation 67 [1/1] (0.00ns)   --->   "%seg_buf_63_reload_read = read i8 @_ssdm_op_Read.ap_auto.i8, i8 %seg_buf_63_reload"   --->   Operation 67 'read' 'seg_buf_63_reload_read' <Predicate = true> <Delay = 0.00>
ST_1 : Operation 68 [1/1] (0.00ns)   --->   "%seg_buf_62_reload_read = read i8 @_ssdm_op_Read.ap_auto.i8, i8 %seg_buf_62_reload"   --->   Operation 68 'read' 'seg_buf_62_reload_read' <Predicate = true> <Delay = 0.00>
ST_1 : Operation 69 [1/1] (0.00ns)   --->   "%seg_buf_61_reload_read = read i8 @_ssdm_op_Read.ap_auto.i8, i8 %seg_buf_61_reload"   --->   Operation 69 'read' 'seg_buf_61_reload_read' <Predicate = true> <Delay = 0.00>
ST_1 : Operation 70 [1/1] (0.00ns)   --->   "%seg_buf_60_reload_read = read i8 @_ssdm_op_Read.ap_auto.i8, i8 %seg_buf_60_reload"   --->   Operation 70 'read' 'seg_buf_60_reload_read' <Predicate = true> <Delay = 0.00>
ST_1 : Operation 71 [1/1] (0.00ns)   --->   "%seg_buf_59_reload_read = read i8 @_ssdm_op_Read.ap_auto.i8, i8 %seg_buf_59_reload"   --->   Operation 71 'read' 'seg_buf_59_reload_read' <Predicate = true> <Delay = 0.00>
ST_1 : Operation 72 [1/1] (0.00ns)   --->   "%seg_buf_58_reload_read = read i8 @_ssdm_op_Read.ap_auto.i8, i8 %seg_buf_58_reload"   --->   Operation 72 'read' 'seg_buf_58_reload_read' <Predicate = true> <Delay = 0.00>
ST_1 : Operation 73 [1/1] (0.00ns)   --->   "%seg_buf_57_reload_read = read i8 @_ssdm_op_Read.ap_auto.i8, i8 %seg_buf_57_reload"   --->   Operation 73 'read' 'seg_buf_57_reload_read' <Predicate = true> <Delay = 0.00>
ST_1 : Operation 74 [1/1] (0.00ns)   --->   "%seg_buf_56_reload_read = read i8 @_ssdm_op_Read.ap_auto.i8, i8 %seg_buf_56_reload"   --->   Operation 74 'read' 'seg_buf_56_reload_read' <Predicate = true> <Delay = 0.00>
ST_1 : Operation 75 [1/1] (0.00ns)   --->   "%seg_buf_55_reload_read = read i8 @_ssdm_op_Read.ap_auto.i8, i8 %seg_buf_55_reload"   --->   Operation 75 'read' 'seg_buf_55_reload_read' <Predicate = true> <Delay = 0.00>
ST_1 : Operation 76 [1/1] (0.00ns)   --->   "%seg_buf_54_reload_read = read i8 @_ssdm_op_Read.ap_auto.i8, i8 %seg_buf_54_reload"   --->   Operation 76 'read' 'seg_buf_54_reload_read' <Predicate = true> <Delay = 0.00>
ST_1 : Operation 77 [1/1] (0.00ns)   --->   "%seg_buf_53_reload_read = read i8 @_ssdm_op_Read.ap_auto.i8, i8 %seg_buf_53_reload"   --->   Operation 77 'read' 'seg_buf_53_reload_read' <Predicate = true> <Delay = 0.00>
ST_1 : Operation 78 [1/1] (0.00ns)   --->   "%seg_buf_52_reload_read = read i8 @_ssdm_op_Read.ap_auto.i8, i8 %seg_buf_52_reload"   --->   Operation 78 'read' 'seg_buf_52_reload_read' <Predicate = true> <Delay = 0.00>
ST_1 : Operation 79 [1/1] (0.00ns)   --->   "%seg_buf_51_reload_read = read i8 @_ssdm_op_Read.ap_auto.i8, i8 %seg_buf_51_reload"   --->   Operation 79 'read' 'seg_buf_51_reload_read' <Predicate = true> <Delay = 0.00>
ST_1 : Operation 80 [1/1] (0.00ns)   --->   "%seg_buf_50_reload_read = read i8 @_ssdm_op_Read.ap_auto.i8, i8 %seg_buf_50_reload"   --->   Operation 80 'read' 'seg_buf_50_reload_read' <Predicate = true> <Delay = 0.00>
ST_1 : Operation 81 [1/1] (0.00ns)   --->   "%seg_buf_49_reload_read = read i8 @_ssdm_op_Read.ap_auto.i8, i8 %seg_buf_49_reload"   --->   Operation 81 'read' 'seg_buf_49_reload_read' <Predicate = true> <Delay = 0.00>
ST_1 : Operation 82 [1/1] (0.00ns)   --->   "%seg_buf_48_reload_read = read i8 @_ssdm_op_Read.ap_auto.i8, i8 %seg_buf_48_reload"   --->   Operation 82 'read' 'seg_buf_48_reload_read' <Predicate = true> <Delay = 0.00>
ST_1 : Operation 83 [1/1] (0.00ns)   --->   "%seg_buf_47_reload_read = read i8 @_ssdm_op_Read.ap_auto.i8, i8 %seg_buf_47_reload"   --->   Operation 83 'read' 'seg_buf_47_reload_read' <Predicate = true> <Delay = 0.00>
ST_1 : Operation 84 [1/1] (0.00ns)   --->   "%seg_buf_46_reload_read = read i8 @_ssdm_op_Read.ap_auto.i8, i8 %seg_buf_46_reload"   --->   Operation 84 'read' 'seg_buf_46_reload_read' <Predicate = true> <Delay = 0.00>
ST_1 : Operation 85 [1/1] (0.00ns)   --->   "%seg_buf_45_reload_read = read i8 @_ssdm_op_Read.ap_auto.i8, i8 %seg_buf_45_reload"   --->   Operation 85 'read' 'seg_buf_45_reload_read' <Predicate = true> <Delay = 0.00>
ST_1 : Operation 86 [1/1] (0.00ns)   --->   "%seg_buf_44_reload_read = read i8 @_ssdm_op_Read.ap_auto.i8, i8 %seg_buf_44_reload"   --->   Operation 86 'read' 'seg_buf_44_reload_read' <Predicate = true> <Delay = 0.00>
ST_1 : Operation 87 [1/1] (0.00ns)   --->   "%seg_buf_43_reload_read = read i8 @_ssdm_op_Read.ap_auto.i8, i8 %seg_buf_43_reload"   --->   Operation 87 'read' 'seg_buf_43_reload_read' <Predicate = true> <Delay = 0.00>
ST_1 : Operation 88 [1/1] (0.00ns)   --->   "%seg_buf_42_reload_read = read i8 @_ssdm_op_Read.ap_auto.i8, i8 %seg_buf_42_reload"   --->   Operation 88 'read' 'seg_buf_42_reload_read' <Predicate = true> <Delay = 0.00>
ST_1 : Operation 89 [1/1] (0.00ns)   --->   "%seg_buf_41_reload_read = read i8 @_ssdm_op_Read.ap_auto.i8, i8 %seg_buf_41_reload"   --->   Operation 89 'read' 'seg_buf_41_reload_read' <Predicate = true> <Delay = 0.00>
ST_1 : Operation 90 [1/1] (0.00ns)   --->   "%seg_buf_40_reload_read = read i8 @_ssdm_op_Read.ap_auto.i8, i8 %seg_buf_40_reload"   --->   Operation 90 'read' 'seg_buf_40_reload_read' <Predicate = true> <Delay = 0.00>
ST_1 : Operation 91 [1/1] (0.00ns)   --->   "%seg_buf_39_reload_read = read i8 @_ssdm_op_Read.ap_auto.i8, i8 %seg_buf_39_reload"   --->   Operation 91 'read' 'seg_buf_39_reload_read' <Predicate = true> <Delay = 0.00>
ST_1 : Operation 92 [1/1] (0.00ns)   --->   "%seg_buf_38_reload_read = read i8 @_ssdm_op_Read.ap_auto.i8, i8 %seg_buf_38_reload"   --->   Operation 92 'read' 'seg_buf_38_reload_read' <Predicate = true> <Delay = 0.00>
ST_1 : Operation 93 [1/1] (0.00ns)   --->   "%seg_buf_37_reload_read = read i8 @_ssdm_op_Read.ap_auto.i8, i8 %seg_buf_37_reload"   --->   Operation 93 'read' 'seg_buf_37_reload_read' <Predicate = true> <Delay = 0.00>
ST_1 : Operation 94 [1/1] (0.00ns)   --->   "%seg_buf_36_reload_read = read i8 @_ssdm_op_Read.ap_auto.i8, i8 %seg_buf_36_reload"   --->   Operation 94 'read' 'seg_buf_36_reload_read' <Predicate = true> <Delay = 0.00>
ST_1 : Operation 95 [1/1] (0.00ns)   --->   "%seg_buf_35_reload_read = read i8 @_ssdm_op_Read.ap_auto.i8, i8 %seg_buf_35_reload"   --->   Operation 95 'read' 'seg_buf_35_reload_read' <Predicate = true> <Delay = 0.00>
ST_1 : Operation 96 [1/1] (0.00ns)   --->   "%seg_buf_34_reload_read = read i8 @_ssdm_op_Read.ap_auto.i8, i8 %seg_buf_34_reload"   --->   Operation 96 'read' 'seg_buf_34_reload_read' <Predicate = true> <Delay = 0.00>
ST_1 : Operation 97 [1/1] (0.00ns)   --->   "%seg_buf_33_reload_read = read i8 @_ssdm_op_Read.ap_auto.i8, i8 %seg_buf_33_reload"   --->   Operation 97 'read' 'seg_buf_33_reload_read' <Predicate = true> <Delay = 0.00>
ST_1 : Operation 98 [1/1] (0.00ns)   --->   "%seg_buf_32_reload_read = read i8 @_ssdm_op_Read.ap_auto.i8, i8 %seg_buf_32_reload"   --->   Operation 98 'read' 'seg_buf_32_reload_read' <Predicate = true> <Delay = 0.00>
ST_1 : Operation 99 [1/1] (0.00ns)   --->   "%seg_buf_65_reload_read = read i8 @_ssdm_op_Read.ap_auto.i8, i8 %seg_buf_65_reload"   --->   Operation 99 'read' 'seg_buf_65_reload_read' <Predicate = true> <Delay = 0.00>
ST_1 : Operation 100 [1/1] (0.00ns)   --->   "%seg_buf_66_reload_read = read i8 @_ssdm_op_Read.ap_auto.i8, i8 %seg_buf_66_reload"   --->   Operation 100 'read' 'seg_buf_66_reload_read' <Predicate = true> <Delay = 0.00>
ST_1 : Operation 101 [1/1] (0.00ns)   --->   "%seg_buf_67_reload_read = read i8 @_ssdm_op_Read.ap_auto.i8, i8 %seg_buf_67_reload"   --->   Operation 101 'read' 'seg_buf_67_reload_read' <Predicate = true> <Delay = 0.00>
ST_1 : Operation 102 [1/1] (0.00ns)   --->   "%seg_buf_68_reload_read = read i8 @_ssdm_op_Read.ap_auto.i8, i8 %seg_buf_68_reload"   --->   Operation 102 'read' 'seg_buf_68_reload_read' <Predicate = true> <Delay = 0.00>
ST_1 : Operation 103 [1/1] (0.00ns)   --->   "%seg_buf_69_reload_read = read i8 @_ssdm_op_Read.ap_auto.i8, i8 %seg_buf_69_reload"   --->   Operation 103 'read' 'seg_buf_69_reload_read' <Predicate = true> <Delay = 0.00>
ST_1 : Operation 104 [1/1] (0.00ns)   --->   "%seg_buf_70_reload_read = read i8 @_ssdm_op_Read.ap_auto.i8, i8 %seg_buf_70_reload"   --->   Operation 104 'read' 'seg_buf_70_reload_read' <Predicate = true> <Delay = 0.00>
ST_1 : Operation 105 [1/1] (0.00ns)   --->   "%seg_buf_71_reload_read = read i8 @_ssdm_op_Read.ap_auto.i8, i8 %seg_buf_71_reload"   --->   Operation 105 'read' 'seg_buf_71_reload_read' <Predicate = true> <Delay = 0.00>
ST_1 : Operation 106 [1/1] (0.00ns)   --->   "%seg_buf_72_reload_read = read i8 @_ssdm_op_Read.ap_auto.i8, i8 %seg_buf_72_reload"   --->   Operation 106 'read' 'seg_buf_72_reload_read' <Predicate = true> <Delay = 0.00>
ST_1 : Operation 107 [1/1] (0.00ns)   --->   "%seg_buf_73_reload_read = read i8 @_ssdm_op_Read.ap_auto.i8, i8 %seg_buf_73_reload"   --->   Operation 107 'read' 'seg_buf_73_reload_read' <Predicate = true> <Delay = 0.00>
ST_1 : Operation 108 [1/1] (0.00ns)   --->   "%seg_buf_74_reload_read = read i8 @_ssdm_op_Read.ap_auto.i8, i8 %seg_buf_74_reload"   --->   Operation 108 'read' 'seg_buf_74_reload_read' <Predicate = true> <Delay = 0.00>
ST_1 : Operation 109 [1/1] (0.00ns)   --->   "%seg_buf_75_reload_read = read i8 @_ssdm_op_Read.ap_auto.i8, i8 %seg_buf_75_reload"   --->   Operation 109 'read' 'seg_buf_75_reload_read' <Predicate = true> <Delay = 0.00>
ST_1 : Operation 110 [1/1] (0.00ns)   --->   "%seg_buf_76_reload_read = read i8 @_ssdm_op_Read.ap_auto.i8, i8 %seg_buf_76_reload"   --->   Operation 110 'read' 'seg_buf_76_reload_read' <Predicate = true> <Delay = 0.00>
ST_1 : Operation 111 [1/1] (0.00ns)   --->   "%seg_buf_77_reload_read = read i8 @_ssdm_op_Read.ap_auto.i8, i8 %seg_buf_77_reload"   --->   Operation 111 'read' 'seg_buf_77_reload_read' <Predicate = true> <Delay = 0.00>
ST_1 : Operation 112 [1/1] (0.00ns)   --->   "%seg_buf_78_reload_read = read i8 @_ssdm_op_Read.ap_auto.i8, i8 %seg_buf_78_reload"   --->   Operation 112 'read' 'seg_buf_78_reload_read' <Predicate = true> <Delay = 0.00>
ST_1 : Operation 113 [1/1] (0.00ns)   --->   "%seg_buf_79_reload_read = read i8 @_ssdm_op_Read.ap_auto.i8, i8 %seg_buf_79_reload"   --->   Operation 113 'read' 'seg_buf_79_reload_read' <Predicate = true> <Delay = 0.00>
ST_1 : Operation 114 [1/1] (0.00ns)   --->   "%seg_buf_80_reload_read = read i8 @_ssdm_op_Read.ap_auto.i8, i8 %seg_buf_80_reload"   --->   Operation 114 'read' 'seg_buf_80_reload_read' <Predicate = true> <Delay = 0.00>
ST_1 : Operation 115 [1/1] (0.00ns)   --->   "%seg_buf_81_reload_read = read i8 @_ssdm_op_Read.ap_auto.i8, i8 %seg_buf_81_reload"   --->   Operation 115 'read' 'seg_buf_81_reload_read' <Predicate = true> <Delay = 0.00>
ST_1 : Operation 116 [1/1] (0.00ns)   --->   "%seg_buf_82_reload_read = read i8 @_ssdm_op_Read.ap_auto.i8, i8 %seg_buf_82_reload"   --->   Operation 116 'read' 'seg_buf_82_reload_read' <Predicate = true> <Delay = 0.00>
ST_1 : Operation 117 [1/1] (0.00ns)   --->   "%seg_buf_83_reload_read = read i8 @_ssdm_op_Read.ap_auto.i8, i8 %seg_buf_83_reload"   --->   Operation 117 'read' 'seg_buf_83_reload_read' <Predicate = true> <Delay = 0.00>
ST_1 : Operation 118 [1/1] (0.00ns)   --->   "%seg_buf_84_reload_read = read i8 @_ssdm_op_Read.ap_auto.i8, i8 %seg_buf_84_reload"   --->   Operation 118 'read' 'seg_buf_84_reload_read' <Predicate = true> <Delay = 0.00>
ST_1 : Operation 119 [1/1] (0.00ns)   --->   "%seg_buf_85_reload_read = read i8 @_ssdm_op_Read.ap_auto.i8, i8 %seg_buf_85_reload"   --->   Operation 119 'read' 'seg_buf_85_reload_read' <Predicate = true> <Delay = 0.00>
ST_1 : Operation 120 [1/1] (0.00ns)   --->   "%seg_buf_86_reload_read = read i8 @_ssdm_op_Read.ap_auto.i8, i8 %seg_buf_86_reload"   --->   Operation 120 'read' 'seg_buf_86_reload_read' <Predicate = true> <Delay = 0.00>
ST_1 : Operation 121 [1/1] (0.00ns)   --->   "%seg_buf_87_reload_read = read i8 @_ssdm_op_Read.ap_auto.i8, i8 %seg_buf_87_reload"   --->   Operation 121 'read' 'seg_buf_87_reload_read' <Predicate = true> <Delay = 0.00>
ST_1 : Operation 122 [1/1] (0.00ns)   --->   "%seg_buf_88_reload_read = read i8 @_ssdm_op_Read.ap_auto.i8, i8 %seg_buf_88_reload"   --->   Operation 122 'read' 'seg_buf_88_reload_read' <Predicate = true> <Delay = 0.00>
ST_1 : Operation 123 [1/1] (0.00ns)   --->   "%seg_buf_89_reload_read = read i8 @_ssdm_op_Read.ap_auto.i8, i8 %seg_buf_89_reload"   --->   Operation 123 'read' 'seg_buf_89_reload_read' <Predicate = true> <Delay = 0.00>
ST_1 : Operation 124 [1/1] (0.00ns)   --->   "%seg_buf_90_reload_read = read i8 @_ssdm_op_Read.ap_auto.i8, i8 %seg_buf_90_reload"   --->   Operation 124 'read' 'seg_buf_90_reload_read' <Predicate = true> <Delay = 0.00>
ST_1 : Operation 125 [1/1] (0.00ns)   --->   "%seg_buf_91_reload_read = read i8 @_ssdm_op_Read.ap_auto.i8, i8 %seg_buf_91_reload"   --->   Operation 125 'read' 'seg_buf_91_reload_read' <Predicate = true> <Delay = 0.00>
ST_1 : Operation 126 [1/1] (0.00ns)   --->   "%seg_buf_92_reload_read = read i8 @_ssdm_op_Read.ap_auto.i8, i8 %seg_buf_92_reload"   --->   Operation 126 'read' 'seg_buf_92_reload_read' <Predicate = true> <Delay = 0.00>
ST_1 : Operation 127 [1/1] (0.00ns)   --->   "%seg_buf_93_reload_read = read i8 @_ssdm_op_Read.ap_auto.i8, i8 %seg_buf_93_reload"   --->   Operation 127 'read' 'seg_buf_93_reload_read' <Predicate = true> <Delay = 0.00>
ST_1 : Operation 128 [1/1] (0.00ns)   --->   "%seg_buf_94_reload_read = read i8 @_ssdm_op_Read.ap_auto.i8, i8 %seg_buf_94_reload"   --->   Operation 128 'read' 'seg_buf_94_reload_read' <Predicate = true> <Delay = 0.00>
ST_1 : Operation 129 [1/1] (0.00ns)   --->   "%seg_buf_95_reload_read = read i8 @_ssdm_op_Read.ap_auto.i8, i8 %seg_buf_95_reload"   --->   Operation 129 'read' 'seg_buf_95_reload_read' <Predicate = true> <Delay = 0.00>
ST_1 : Operation 130 [1/1] (0.00ns)   --->   "%seg_buf_96_reload_read = read i8 @_ssdm_op_Read.ap_auto.i8, i8 %seg_buf_96_reload"   --->   Operation 130 'read' 'seg_buf_96_reload_read' <Predicate = true> <Delay = 0.00>
ST_1 : Operation 131 [1/1] (0.00ns)   --->   "%p_lcssa140_read = read i32 @_ssdm_op_Read.ap_auto.i32, i32 %p_lcssa140"   --->   Operation 131 'read' 'p_lcssa140_read' <Predicate = true> <Delay = 0.00>
ST_1 : Operation 132 [1/1] (0.00ns)   --->   "%p_lcssa1215_read = read i32 @_ssdm_op_Read.ap_auto.i32, i32 %p_lcssa1215"   --->   Operation 132 'read' 'p_lcssa1215_read' <Predicate = true> <Delay = 0.00>
ST_1 : Operation 133 [1/1] (0.00ns)   --->   "%p_lcssa1317_read = read i32 @_ssdm_op_Read.ap_auto.i32, i32 %p_lcssa1317"   --->   Operation 133 'read' 'p_lcssa1317_read' <Predicate = true> <Delay = 0.00>
ST_1 : Operation 134 [1/1] (0.00ns)   --->   "%sha256ctx_state_7_0_read = read i32 @_ssdm_op_Read.ap_auto.i32, i32 %sha256ctx_state_7_0"   --->   Operation 134 'read' 'sha256ctx_state_7_0_read' <Predicate = true> <Delay = 0.00>
ST_1 : Operation 135 [1/1] (0.00ns)   --->   "%sha256ctx_state_6_0_read = read i32 @_ssdm_op_Read.ap_auto.i32, i32 %sha256ctx_state_6_0"   --->   Operation 135 'read' 'sha256ctx_state_6_0_read' <Predicate = true> <Delay = 0.00>
ST_1 : Operation 136 [1/1] (0.00ns)   --->   "%sha256ctx_state_0_0_read = read i32 @_ssdm_op_Read.ap_auto.i32, i32 %sha256ctx_state_0_0"   --->   Operation 136 'read' 'sha256ctx_state_0_0_read' <Predicate = true> <Delay = 0.00>
ST_1 : Operation 137 [1/1] (0.00ns)   --->   "%sha256ctx_state_1_0_read = read i32 @_ssdm_op_Read.ap_auto.i32, i32 %sha256ctx_state_1_0"   --->   Operation 137 'read' 'sha256ctx_state_1_0_read' <Predicate = true> <Delay = 0.00>
ST_1 : Operation 138 [1/1] (0.00ns)   --->   "%sha256ctx_state_2_0_read = read i32 @_ssdm_op_Read.ap_auto.i32, i32 %sha256ctx_state_2_0"   --->   Operation 138 'read' 'sha256ctx_state_2_0_read' <Predicate = true> <Delay = 0.00>
ST_1 : Operation 139 [1/1] (0.00ns)   --->   "%sha256ctx_state_3_0_read = read i32 @_ssdm_op_Read.ap_auto.i32, i32 %sha256ctx_state_3_0"   --->   Operation 139 'read' 'sha256ctx_state_3_0_read' <Predicate = true> <Delay = 0.00>
ST_1 : Operation 140 [1/1] (0.00ns)   --->   "%sha256ctx_state_4_0_read = read i32 @_ssdm_op_Read.ap_auto.i32, i32 %sha256ctx_state_4_0"   --->   Operation 140 'read' 'sha256ctx_state_4_0_read' <Predicate = true> <Delay = 0.00>
ST_1 : Operation 141 [1/1] (0.00ns)   --->   "%sha256ctx_state_5_0_read = read i32 @_ssdm_op_Read.ap_auto.i32, i32 %sha256ctx_state_5_0"   --->   Operation 141 'read' 'sha256ctx_state_5_0_read' <Predicate = true> <Delay = 0.00>
ST_1 : Operation 142 [1/1] (0.38ns)   --->   "%store_ln0 = store i32 %sha256ctx_state_5_0_read, i32 %sha256ctx_state_5_1"   --->   Operation 142 'store' 'store_ln0' <Predicate = true> <Delay = 0.38>
ST_1 : Operation 143 [1/1] (0.38ns)   --->   "%store_ln0 = store i32 %sha256ctx_state_4_0_read, i32 %sha256ctx_state_4_1"   --->   Operation 143 'store' 'store_ln0' <Predicate = true> <Delay = 0.38>
ST_1 : Operation 144 [1/1] (0.38ns)   --->   "%store_ln0 = store i32 %sha256ctx_state_3_0_read, i32 %sha256ctx_state_3_1"   --->   Operation 144 'store' 'store_ln0' <Predicate = true> <Delay = 0.38>
ST_1 : Operation 145 [1/1] (0.38ns)   --->   "%store_ln0 = store i32 %sha256ctx_state_2_0_read, i32 %sha256ctx_state_2_1"   --->   Operation 145 'store' 'store_ln0' <Predicate = true> <Delay = 0.38>
ST_1 : Operation 146 [1/1] (0.38ns)   --->   "%store_ln0 = store i32 %sha256ctx_state_1_0_read, i32 %sha256ctx_state_1_1"   --->   Operation 146 'store' 'store_ln0' <Predicate = true> <Delay = 0.38>
ST_1 : Operation 147 [1/1] (0.38ns)   --->   "%store_ln0 = store i32 %sha256ctx_state_0_0_read, i32 %sha256ctx_state_0_1"   --->   Operation 147 'store' 'store_ln0' <Predicate = true> <Delay = 0.38>
ST_1 : Operation 148 [1/1] (0.38ns)   --->   "%store_ln0 = store i32 %sha256ctx_state_6_0_read, i32 %sha256ctx_state_6_1"   --->   Operation 148 'store' 'store_ln0' <Predicate = true> <Delay = 0.38>
ST_1 : Operation 149 [1/1] (0.38ns)   --->   "%store_ln0 = store i32 %sha256ctx_state_7_0_read, i32 %sha256ctx_state_7_1"   --->   Operation 149 'store' 'store_ln0' <Predicate = true> <Delay = 0.38>
ST_1 : Operation 150 [1/1] (0.38ns)   --->   "%store_ln0 = store i32 %p_lcssa1317_read, i32 %sha256ctx_bitlen_1"   --->   Operation 150 'store' 'store_ln0' <Predicate = true> <Delay = 0.38>
ST_1 : Operation 151 [1/1] (0.38ns)   --->   "%store_ln0 = store i32 %p_lcssa1215_read, i32 %sha256ctx_bitlen_0"   --->   Operation 151 'store' 'store_ln0' <Predicate = true> <Delay = 0.38>
ST_1 : Operation 152 [1/1] (0.38ns)   --->   "%store_ln0 = store i7 0, i7 %i_5"   --->   Operation 152 'store' 'store_ln0' <Predicate = true> <Delay = 0.38>
ST_1 : Operation 153 [1/1] (0.41ns)   --->   "%store_ln0 = store i32 %p_lcssa140_read, i32 %sha256ctx_datalen"   --->   Operation 153 'store' 'store_ln0' <Predicate = true> <Delay = 0.41>
ST_1 : Operation 154 [1/1] (0.00ns)   --->   "%br_ln0 = br void %for.body.i"   --->   Operation 154 'br' 'br_ln0' <Predicate = true> <Delay = 0.00>

State 2 <SV = 1> <Delay = 2.28>
ST_2 : Operation 155 [1/1] (0.00ns)   --->   "%i = load i7 %i_5" [sha1/sha256_impl1.cpp:90]   --->   Operation 155 'load' 'i' <Predicate = true> <Delay = 0.00>
ST_2 : Operation 156 [1/1] (0.00ns)   --->   "%specpipeline_ln0 = specpipeline void @_ssdm_op_SpecPipeline, i32 4294967295, i32 0, i32 1, i32 0, void @p_str"   --->   Operation 156 'specpipeline' 'specpipeline_ln0' <Predicate = true> <Delay = 0.00>
ST_2 : Operation 157 [1/1] (0.59ns)   --->   "%icmp_ln90 = icmp_eq  i7 %i, i7 64" [sha1/sha256_impl1.cpp:90]   --->   Operation 157 'icmp' 'icmp_ln90' <Predicate = true> <Delay = 0.59> <CoreInst = "Cmp">   --->   Core 9 'Cmp' <Latency = 0> <II = 1> <Delay = 0.59> <FuncUnit> <Opcode : 'icmp'> <InPorts = 2> <OutPorts = 1>
ST_2 : Operation 158 [1/1] (0.00ns)   --->   "%empty = speclooptripcount i32 @_ssdm_op_SpecLoopTripCount, i64 64, i64 64, i64 64"   --->   Operation 158 'speclooptripcount' 'empty' <Predicate = true> <Delay = 0.00>
ST_2 : Operation 159 [1/1] (0.70ns)   --->   "%add_ln90 = add i7 %i, i7 1" [sha1/sha256_impl1.cpp:90]   --->   Operation 159 'add' 'add_ln90' <Predicate = true> <Delay = 0.70> <CoreInst = "Adder">   --->   Core 1 'Adder' <Latency = 0> <II = 1> <Delay = 0.70> <FuncUnit> <Opcode : 'add' 'sub'> <InPorts = 2> <OutPorts = 1>
ST_2 : Operation 160 [1/1] (0.00ns)   --->   "%br_ln90 = br i1 %icmp_ln90, void %for.body.i.split, void %_Z13sha256_updateP10SHA256_CTXPhj.exit.exitStub" [sha1/sha256_impl1.cpp:90]   --->   Operation 160 'br' 'br_ln90' <Predicate = true> <Delay = 0.00>
ST_2 : Operation 161 [1/1] (0.00ns)   --->   "%sha256ctx_datalen_load = load i32 %sha256ctx_datalen" [sha1/sha256_impl1.cpp:92]   --->   Operation 161 'load' 'sha256ctx_datalen_load' <Predicate = (!icmp_ln90)> <Delay = 0.00>
ST_2 : Operation 162 [1/1] (0.00ns)   --->   "%specloopname_ln88 = specloopname void @_ssdm_op_SpecLoopName, void @empty_9" [sha1/sha256_impl1.cpp:88]   --->   Operation 162 'specloopname' 'specloopname_ln88' <Predicate = (!icmp_ln90)> <Delay = 0.00>
ST_2 : Operation 163 [1/1] (0.75ns)   --->   "%tmp_1 = mux i8 @_ssdm_op_Mux.ap_auto.64i8.i7, i8 %seg_buf_96_reload_read, i8 %seg_buf_95_reload_read, i8 %seg_buf_94_reload_read, i8 %seg_buf_93_reload_read, i8 %seg_buf_92_reload_read, i8 %seg_buf_91_reload_read, i8 %seg_buf_90_reload_read, i8 %seg_buf_89_reload_read, i8 %seg_buf_88_reload_read, i8 %seg_buf_87_reload_read, i8 %seg_buf_86_reload_read, i8 %seg_buf_85_reload_read, i8 %seg_buf_84_reload_read, i8 %seg_buf_83_reload_read, i8 %seg_buf_82_reload_read, i8 %seg_buf_81_reload_read, i8 %seg_buf_80_reload_read, i8 %seg_buf_79_reload_read, i8 %seg_buf_78_reload_read, i8 %seg_buf_77_reload_read, i8 %seg_buf_76_reload_read, i8 %seg_buf_75_reload_read, i8 %seg_buf_74_reload_read, i8 %seg_buf_73_reload_read, i8 %seg_buf_72_reload_read, i8 %seg_buf_71_reload_read, i8 %seg_buf_70_reload_read, i8 %seg_buf_69_reload_read, i8 %seg_buf_68_reload_read, i8 %seg_buf_67_reload_read, i8 %seg_buf_66_reload_read, i8 %seg_buf_65_reload_read, i8 %seg_buf_32_reload_read, i8 %seg_buf_33_reload_read, i8 %seg_buf_34_reload_read, i8 %seg_buf_35_reload_read, i8 %seg_buf_36_reload_read, i8 %seg_buf_37_reload_read, i8 %seg_buf_38_reload_read, i8 %seg_buf_39_reload_read, i8 %seg_buf_40_reload_read, i8 %seg_buf_41_reload_read, i8 %seg_buf_42_reload_read, i8 %seg_buf_43_reload_read, i8 %seg_buf_44_reload_read, i8 %seg_buf_45_reload_read, i8 %seg_buf_46_reload_read, i8 %seg_buf_47_reload_read, i8 %seg_buf_48_reload_read, i8 %seg_buf_49_reload_read, i8 %seg_buf_50_reload_read, i8 %seg_buf_51_reload_read, i8 %seg_buf_52_reload_read, i8 %seg_buf_53_reload_read, i8 %seg_buf_54_reload_read, i8 %seg_buf_55_reload_read, i8 %seg_buf_56_reload_read, i8 %seg_buf_57_reload_read, i8 %seg_buf_58_reload_read, i8 %seg_buf_59_reload_read, i8 %seg_buf_60_reload_read, i8 %seg_buf_61_reload_read, i8 %seg_buf_62_reload_read, i8 %seg_buf_63_reload_read, i7 %i" [sha1/sha256_impl1.cpp:91]   --->   Operation 163 'mux' 'tmp_1' <Predicate = (!icmp_ln90)> <Delay = 0.75> <CoreInst = "Multiplexer">   --->   Core 76 'Multiplexer' <Latency = 0> <II = 1> <Delay = 0.75> <FuncUnit> <Opcode : 'mux'> <InPorts = 2> <OutPorts = 1>
ST_2 : Operation 164 [1/1] (0.00ns)   --->   "%zext_ln91 = zext i32 %sha256ctx_datalen_load" [sha1/sha256_impl1.cpp:91]   --->   Operation 164 'zext' 'zext_ln91' <Predicate = (!icmp_ln90)> <Delay = 0.00>
ST_2 : Operation 165 [1/1] (0.00ns)   --->   "%sha256ctx_data_addr = getelementptr i8 %sha256ctx_data, i64 0, i64 %zext_ln91" [sha1/sha256_impl1.cpp:91]   --->   Operation 165 'getelementptr' 'sha256ctx_data_addr' <Predicate = (!icmp_ln90)> <Delay = 0.00>
ST_2 : Operation 166 [1/1] (0.66ns)   --->   "%store_ln91 = store i8 %tmp_1, i6 %sha256ctx_data_addr" [sha1/sha256_impl1.cpp:91]   --->   Operation 166 'store' 'store_ln91' <Predicate = (!icmp_ln90)> <Delay = 0.66> <CoreInst = "RAM">   --->   Core 83 'RAM' <Latency = 1> <II = 1> <Delay = 0.66> <Storage> <Opcode : 'load' 'store'> <Ports = 2> <Width = 8> <Depth = 64> <RAM>
ST_2 : Operation 167 [1/1] (0.88ns)   --->   "%add_ln92 = add i32 %sha256ctx_datalen_load, i32 1" [sha1/sha256_impl1.cpp:92]   --->   Operation 167 'add' 'add_ln92' <Predicate = (!icmp_ln90)> <Delay = 0.88> <CoreInst = "Adder">   --->   Core 1 'Adder' <Latency = 0> <II = 1> <Delay = 0.88> <FuncUnit> <Opcode : 'add' 'sub'> <InPorts = 2> <OutPorts = 1>
ST_2 : Operation 168 [1/1] (0.85ns)   --->   "%icmp_ln93 = icmp_eq  i32 %add_ln92, i32 64" [sha1/sha256_impl1.cpp:93]   --->   Operation 168 'icmp' 'icmp_ln93' <Predicate = (!icmp_ln90)> <Delay = 0.85> <CoreInst = "Cmp">   --->   Core 9 'Cmp' <Latency = 0> <II = 1> <Delay = 0.85> <FuncUnit> <Opcode : 'icmp'> <InPorts = 2> <OutPorts = 1>
ST_2 : Operation 169 [1/1] (0.00ns)   --->   "%br_ln93 = br i1 %icmp_ln93, void %for.body.i.split.for.inc.i_crit_edge, void %if.then.i" [sha1/sha256_impl1.cpp:93]   --->   Operation 169 'br' 'br_ln93' <Predicate = (!icmp_ln90)> <Delay = 0.00>
ST_2 : Operation 170 [1/1] (0.41ns)   --->   "%store_ln93 = store i32 %add_ln92, i32 %sha256ctx_datalen" [sha1/sha256_impl1.cpp:93]   --->   Operation 170 'store' 'store_ln93' <Predicate = (!icmp_ln90 & !icmp_ln93)> <Delay = 0.41>
ST_2 : Operation 171 [1/1] (0.00ns)   --->   "%br_ln93 = br void %for.inc.i" [sha1/sha256_impl1.cpp:93]   --->   Operation 171 'br' 'br_ln93' <Predicate = (!icmp_ln90 & !icmp_ln93)> <Delay = 0.00>
ST_2 : Operation 259 [1/1] (0.00ns)   --->   "%sha256ctx_datalen_load_1 = load i32 %sha256ctx_datalen"   --->   Operation 259 'load' 'sha256ctx_datalen_load_1' <Predicate = (icmp_ln90)> <Delay = 0.00>
ST_2 : Operation 260 [1/1] (0.00ns)   --->   "%sha256ctx_bitlen_0_load_1 = load i32 %sha256ctx_bitlen_0"   --->   Operation 260 'load' 'sha256ctx_bitlen_0_load_1' <Predicate = (icmp_ln90)> <Delay = 0.00>
ST_2 : Operation 261 [1/1] (0.00ns)   --->   "%sha256ctx_bitlen_1_load_1 = load i32 %sha256ctx_bitlen_1"   --->   Operation 261 'load' 'sha256ctx_bitlen_1_load_1' <Predicate = (icmp_ln90)> <Delay = 0.00>
ST_2 : Operation 262 [1/1] (0.00ns)   --->   "%sha256ctx_state_7_1_load = load i32 %sha256ctx_state_7_1"   --->   Operation 262 'load' 'sha256ctx_state_7_1_load' <Predicate = (icmp_ln90)> <Delay = 0.00>
ST_2 : Operation 263 [1/1] (0.00ns)   --->   "%sha256ctx_state_6_1_load = load i32 %sha256ctx_state_6_1"   --->   Operation 263 'load' 'sha256ctx_state_6_1_load' <Predicate = (icmp_ln90)> <Delay = 0.00>
ST_2 : Operation 264 [1/1] (0.00ns)   --->   "%sha256ctx_state_0_1_load = load i32 %sha256ctx_state_0_1"   --->   Operation 264 'load' 'sha256ctx_state_0_1_load' <Predicate = (icmp_ln90)> <Delay = 0.00>
ST_2 : Operation 265 [1/1] (0.00ns)   --->   "%sha256ctx_state_1_1_load = load i32 %sha256ctx_state_1_1"   --->   Operation 265 'load' 'sha256ctx_state_1_1_load' <Predicate = (icmp_ln90)> <Delay = 0.00>
ST_2 : Operation 266 [1/1] (0.00ns)   --->   "%sha256ctx_state_2_1_load = load i32 %sha256ctx_state_2_1"   --->   Operation 266 'load' 'sha256ctx_state_2_1_load' <Predicate = (icmp_ln90)> <Delay = 0.00>
ST_2 : Operation 267 [1/1] (0.00ns)   --->   "%sha256ctx_state_3_1_load = load i32 %sha256ctx_state_3_1"   --->   Operation 267 'load' 'sha256ctx_state_3_1_load' <Predicate = (icmp_ln90)> <Delay = 0.00>
ST_2 : Operation 268 [1/1] (0.00ns)   --->   "%sha256ctx_state_4_1_load = load i32 %sha256ctx_state_4_1"   --->   Operation 268 'load' 'sha256ctx_state_4_1_load' <Predicate = (icmp_ln90)> <Delay = 0.00>
ST_2 : Operation 269 [1/1] (0.00ns)   --->   "%sha256ctx_state_5_1_load = load i32 %sha256ctx_state_5_1"   --->   Operation 269 'load' 'sha256ctx_state_5_1_load' <Predicate = (icmp_ln90)> <Delay = 0.00>
ST_2 : Operation 270 [1/1] (0.00ns)   --->   "%write_ln0 = write void @_ssdm_op_Write.ap_auto.i32P0A, i32 %sha256ctx_state_5_1_out, i32 %sha256ctx_state_5_1_load"   --->   Operation 270 'write' 'write_ln0' <Predicate = (icmp_ln90)> <Delay = 0.00>
ST_2 : Operation 271 [1/1] (0.00ns)   --->   "%write_ln0 = write void @_ssdm_op_Write.ap_auto.i32P0A, i32 %sha256ctx_state_4_1_out, i32 %sha256ctx_state_4_1_load"   --->   Operation 271 'write' 'write_ln0' <Predicate = (icmp_ln90)> <Delay = 0.00>
ST_2 : Operation 272 [1/1] (0.00ns)   --->   "%write_ln0 = write void @_ssdm_op_Write.ap_auto.i32P0A, i32 %sha256ctx_state_3_1_out, i32 %sha256ctx_state_3_1_load"   --->   Operation 272 'write' 'write_ln0' <Predicate = (icmp_ln90)> <Delay = 0.00>
ST_2 : Operation 273 [1/1] (0.00ns)   --->   "%write_ln0 = write void @_ssdm_op_Write.ap_auto.i32P0A, i32 %sha256ctx_state_2_1_out, i32 %sha256ctx_state_2_1_load"   --->   Operation 273 'write' 'write_ln0' <Predicate = (icmp_ln90)> <Delay = 0.00>
ST_2 : Operation 274 [1/1] (0.00ns)   --->   "%write_ln0 = write void @_ssdm_op_Write.ap_auto.i32P0A, i32 %sha256ctx_state_1_1_out, i32 %sha256ctx_state_1_1_load"   --->   Operation 274 'write' 'write_ln0' <Predicate = (icmp_ln90)> <Delay = 0.00>
ST_2 : Operation 275 [1/1] (0.00ns)   --->   "%write_ln0 = write void @_ssdm_op_Write.ap_auto.i32P0A, i32 %sha256ctx_state_0_1_out, i32 %sha256ctx_state_0_1_load"   --->   Operation 275 'write' 'write_ln0' <Predicate = (icmp_ln90)> <Delay = 0.00>
ST_2 : Operation 276 [1/1] (0.00ns)   --->   "%write_ln0 = write void @_ssdm_op_Write.ap_auto.i32P0A, i32 %sha256ctx_state_6_1_out, i32 %sha256ctx_state_6_1_load"   --->   Operation 276 'write' 'write_ln0' <Predicate = (icmp_ln90)> <Delay = 0.00>
ST_2 : Operation 277 [1/1] (0.00ns)   --->   "%write_ln0 = write void @_ssdm_op_Write.ap_auto.i32P0A, i32 %sha256ctx_state_7_1_out, i32 %sha256ctx_state_7_1_load"   --->   Operation 277 'write' 'write_ln0' <Predicate = (icmp_ln90)> <Delay = 0.00>
ST_2 : Operation 278 [1/1] (0.00ns)   --->   "%write_ln0 = write void @_ssdm_op_Write.ap_auto.i32P0A, i32 %sha256ctx_bitlen_1_out, i32 %sha256ctx_bitlen_1_load_1"   --->   Operation 278 'write' 'write_ln0' <Predicate = (icmp_ln90)> <Delay = 0.00>
ST_2 : Operation 279 [1/1] (0.00ns)   --->   "%write_ln0 = write void @_ssdm_op_Write.ap_auto.i32P0A, i32 %sha256ctx_bitlen_0_out, i32 %sha256ctx_bitlen_0_load_1"   --->   Operation 279 'write' 'write_ln0' <Predicate = (icmp_ln90)> <Delay = 0.00>
ST_2 : Operation 280 [1/1] (0.00ns)   --->   "%write_ln0 = write void @_ssdm_op_Write.ap_auto.i32P0A, i32 %sha256ctx_datalen_out, i32 %sha256ctx_datalen_load_1"   --->   Operation 280 'write' 'write_ln0' <Predicate = (icmp_ln90)> <Delay = 0.00>
ST_2 : Operation 281 [1/1] (0.00ns)   --->   "%ret_ln0 = ret"   --->   Operation 281 'ret' 'ret_ln0' <Predicate = (icmp_ln90)> <Delay = 0.00>

State 3 <SV = 2> <Delay = 7.13>
ST_3 : Operation 172 [1/1] (0.00ns)   --->   "%sha256ctx_bitlen_0_load = load i32 %sha256ctx_bitlen_0" [sha1/sha256_impl1.cpp:95]   --->   Operation 172 'load' 'sha256ctx_bitlen_0_load' <Predicate = (!icmp_ln90 & icmp_ln93)> <Delay = 0.00>
ST_3 : Operation 173 [1/1] (0.00ns)   --->   "%sha256ctx_bitlen_1_load = load i32 %sha256ctx_bitlen_1" [sha1/sha256_impl1.cpp:95]   --->   Operation 173 'load' 'sha256ctx_bitlen_1_load' <Predicate = (!icmp_ln90 & icmp_ln93)> <Delay = 0.00>
ST_3 : Operation 174 [1/1] (0.00ns)   --->   "%sha256ctx_state_7_1_load_1 = load i32 %sha256ctx_state_7_1" [sha1/sha256_impl1.cpp:94]   --->   Operation 174 'load' 'sha256ctx_state_7_1_load_1' <Predicate = (!icmp_ln90 & icmp_ln93)> <Delay = 0.00>
ST_3 : Operation 175 [1/1] (0.00ns)   --->   "%sha256ctx_state_6_1_load_1 = load i32 %sha256ctx_state_6_1" [sha1/sha256_impl1.cpp:94]   --->   Operation 175 'load' 'sha256ctx_state_6_1_load_1' <Predicate = (!icmp_ln90 & icmp_ln93)> <Delay = 0.00>
ST_3 : Operation 176 [1/1] (0.00ns)   --->   "%sha256ctx_state_0_1_load_1 = load i32 %sha256ctx_state_0_1" [sha1/sha256_impl1.cpp:94]   --->   Operation 176 'load' 'sha256ctx_state_0_1_load_1' <Predicate = (!icmp_ln90 & icmp_ln93)> <Delay = 0.00>
ST_3 : Operation 177 [1/1] (0.00ns)   --->   "%sha256ctx_state_1_1_load_1 = load i32 %sha256ctx_state_1_1" [sha1/sha256_impl1.cpp:94]   --->   Operation 177 'load' 'sha256ctx_state_1_1_load_1' <Predicate = (!icmp_ln90 & icmp_ln93)> <Delay = 0.00>
ST_3 : Operation 178 [1/1] (0.00ns)   --->   "%sha256ctx_state_2_1_load_1 = load i32 %sha256ctx_state_2_1" [sha1/sha256_impl1.cpp:94]   --->   Operation 178 'load' 'sha256ctx_state_2_1_load_1' <Predicate = (!icmp_ln90 & icmp_ln93)> <Delay = 0.00>
ST_3 : Operation 179 [1/1] (0.00ns)   --->   "%sha256ctx_state_3_1_load_1 = load i32 %sha256ctx_state_3_1" [sha1/sha256_impl1.cpp:94]   --->   Operation 179 'load' 'sha256ctx_state_3_1_load_1' <Predicate = (!icmp_ln90 & icmp_ln93)> <Delay = 0.00>
ST_3 : Operation 180 [1/1] (0.00ns)   --->   "%sha256ctx_state_4_1_load_1 = load i32 %sha256ctx_state_4_1" [sha1/sha256_impl1.cpp:94]   --->   Operation 180 'load' 'sha256ctx_state_4_1_load_1' <Predicate = (!icmp_ln90 & icmp_ln93)> <Delay = 0.00>
ST_3 : Operation 181 [1/1] (0.00ns)   --->   "%sha256ctx_state_5_1_load_1 = load i32 %sha256ctx_state_5_1" [sha1/sha256_impl1.cpp:94]   --->   Operation 181 'load' 'sha256ctx_state_5_1_load_1' <Predicate = (!icmp_ln90 & icmp_ln93)> <Delay = 0.00>
ST_3 : Operation 182 [51/51] (7.13ns)   --->   "%call_ret2 = call i256 @sha256_transform, i32 %sha256ctx_state_0_1_load_1, i32 %sha256ctx_state_1_1_load_1, i32 %sha256ctx_state_2_1_load_1, i32 %sha256ctx_state_3_1_load_1, i32 %sha256ctx_state_4_1_load_1, i32 %sha256ctx_state_5_1_load_1, i32 %sha256ctx_state_6_1_load_1, i32 %sha256ctx_state_7_1_load_1, i8 %sha256ctx_data" [sha1/sha256_impl1.cpp:94]   --->   Operation 182 'call' 'call_ret2' <Predicate = (!icmp_ln90 & icmp_ln93)> <Delay = 7.13> <CoreType = "Generic">   --->   Core 0 '' <Latency = 0> <II = 1> <Delay = 1.00> <Generic> <Opcode : >
ST_3 : Operation 183 [1/1] (0.85ns)   --->   "%icmp_ln95 = icmp_ugt  i32 %sha256ctx_bitlen_0_load, i32 4294966783" [sha1/sha256_impl1.cpp:95]   --->   Operation 183 'icmp' 'icmp_ln95' <Predicate = (!icmp_ln90 & icmp_ln93)> <Delay = 0.85> <CoreInst = "Cmp">   --->   Core 9 'Cmp' <Latency = 0> <II = 1> <Delay = 0.85> <FuncUnit> <Opcode : 'icmp'> <InPorts = 2> <OutPorts = 1>
ST_3 : Operation 184 [1/1] (0.88ns)   --->   "%add_ln95 = add i32 %sha256ctx_bitlen_1_load, i32 1" [sha1/sha256_impl1.cpp:95]   --->   Operation 184 'add' 'add_ln95' <Predicate = (!icmp_ln90 & icmp_ln93)> <Delay = 0.88> <CoreInst = "Adder">   --->   Core 1 'Adder' <Latency = 0> <II = 1> <Delay = 0.88> <FuncUnit> <Opcode : 'add' 'sub'> <InPorts = 2> <OutPorts = 1>
ST_3 : Operation 185 [1/1] (0.22ns)   --->   "%select_ln95 = select i1 %icmp_ln95, i32 %add_ln95, i32 %sha256ctx_bitlen_1_load" [sha1/sha256_impl1.cpp:95]   --->   Operation 185 'select' 'select_ln95' <Predicate = (!icmp_ln90 & icmp_ln93)> <Delay = 0.22> <CoreInst = "Sel">   --->   Core 73 'Sel' <Latency = 0> <II = 1> <Delay = 0.22> <FuncUnit> <Opcode : 'select'> <InPorts = 3> <OutPorts = 1>
ST_3 : Operation 186 [1/1] (0.88ns)   --->   "%add_ln95_1 = add i32 %sha256ctx_bitlen_0_load, i32 512" [sha1/sha256_impl1.cpp:95]   --->   Operation 186 'add' 'add_ln95_1' <Predicate = (!icmp_ln90 & icmp_ln93)> <Delay = 0.88> <CoreInst = "Adder">   --->   Core 1 'Adder' <Latency = 0> <II = 1> <Delay = 0.88> <FuncUnit> <Opcode : 'add' 'sub'> <InPorts = 2> <OutPorts = 1>
ST_3 : Operation 187 [1/1] (0.38ns)   --->   "%store_ln97 = store i32 %select_ln95, i32 %sha256ctx_bitlen_1" [sha1/sha256_impl1.cpp:97]   --->   Operation 187 'store' 'store_ln97' <Predicate = (!icmp_ln90 & icmp_ln93)> <Delay = 0.38>
ST_3 : Operation 188 [1/1] (0.38ns)   --->   "%store_ln97 = store i32 %add_ln95_1, i32 %sha256ctx_bitlen_0" [sha1/sha256_impl1.cpp:97]   --->   Operation 188 'store' 'store_ln97' <Predicate = (!icmp_ln90 & icmp_ln93)> <Delay = 0.38>
ST_3 : Operation 189 [1/1] (0.41ns)   --->   "%store_ln97 = store i32 0, i32 %sha256ctx_datalen" [sha1/sha256_impl1.cpp:97]   --->   Operation 189 'store' 'store_ln97' <Predicate = (!icmp_ln90 & icmp_ln93)> <Delay = 0.41>

State 4 <SV = 3> <Delay = 7.17>
ST_4 : Operation 190 [50/51] (7.17ns)   --->   "%call_ret2 = call i256 @sha256_transform, i32 %sha256ctx_state_0_1_load_1, i32 %sha256ctx_state_1_1_load_1, i32 %sha256ctx_state_2_1_load_1, i32 %sha256ctx_state_3_1_load_1, i32 %sha256ctx_state_4_1_load_1, i32 %sha256ctx_state_5_1_load_1, i32 %sha256ctx_state_6_1_load_1, i32 %sha256ctx_state_7_1_load_1, i8 %sha256ctx_data" [sha1/sha256_impl1.cpp:94]   --->   Operation 190 'call' 'call_ret2' <Predicate = (!icmp_ln90 & icmp_ln93)> <Delay = 7.17> <CoreType = "Generic">   --->   Core 0 '' <Latency = 0> <II = 1> <Delay = 1.00> <Generic> <Opcode : >

State 5 <SV = 4> <Delay = 7.17>
ST_5 : Operation 191 [49/51] (7.17ns)   --->   "%call_ret2 = call i256 @sha256_transform, i32 %sha256ctx_state_0_1_load_1, i32 %sha256ctx_state_1_1_load_1, i32 %sha256ctx_state_2_1_load_1, i32 %sha256ctx_state_3_1_load_1, i32 %sha256ctx_state_4_1_load_1, i32 %sha256ctx_state_5_1_load_1, i32 %sha256ctx_state_6_1_load_1, i32 %sha256ctx_state_7_1_load_1, i8 %sha256ctx_data" [sha1/sha256_impl1.cpp:94]   --->   Operation 191 'call' 'call_ret2' <Predicate = (!icmp_ln90 & icmp_ln93)> <Delay = 7.17> <CoreType = "Generic">   --->   Core 0 '' <Latency = 0> <II = 1> <Delay = 1.00> <Generic> <Opcode : >

State 6 <SV = 5> <Delay = 7.17>
ST_6 : Operation 192 [48/51] (7.17ns)   --->   "%call_ret2 = call i256 @sha256_transform, i32 %sha256ctx_state_0_1_load_1, i32 %sha256ctx_state_1_1_load_1, i32 %sha256ctx_state_2_1_load_1, i32 %sha256ctx_state_3_1_load_1, i32 %sha256ctx_state_4_1_load_1, i32 %sha256ctx_state_5_1_load_1, i32 %sha256ctx_state_6_1_load_1, i32 %sha256ctx_state_7_1_load_1, i8 %sha256ctx_data" [sha1/sha256_impl1.cpp:94]   --->   Operation 192 'call' 'call_ret2' <Predicate = (!icmp_ln90 & icmp_ln93)> <Delay = 7.17> <CoreType = "Generic">   --->   Core 0 '' <Latency = 0> <II = 1> <Delay = 1.00> <Generic> <Opcode : >

State 7 <SV = 6> <Delay = 7.17>
ST_7 : Operation 193 [47/51] (7.17ns)   --->   "%call_ret2 = call i256 @sha256_transform, i32 %sha256ctx_state_0_1_load_1, i32 %sha256ctx_state_1_1_load_1, i32 %sha256ctx_state_2_1_load_1, i32 %sha256ctx_state_3_1_load_1, i32 %sha256ctx_state_4_1_load_1, i32 %sha256ctx_state_5_1_load_1, i32 %sha256ctx_state_6_1_load_1, i32 %sha256ctx_state_7_1_load_1, i8 %sha256ctx_data" [sha1/sha256_impl1.cpp:94]   --->   Operation 193 'call' 'call_ret2' <Predicate = (!icmp_ln90 & icmp_ln93)> <Delay = 7.17> <CoreType = "Generic">   --->   Core 0 '' <Latency = 0> <II = 1> <Delay = 1.00> <Generic> <Opcode : >

State 8 <SV = 7> <Delay = 7.17>
ST_8 : Operation 194 [46/51] (7.17ns)   --->   "%call_ret2 = call i256 @sha256_transform, i32 %sha256ctx_state_0_1_load_1, i32 %sha256ctx_state_1_1_load_1, i32 %sha256ctx_state_2_1_load_1, i32 %sha256ctx_state_3_1_load_1, i32 %sha256ctx_state_4_1_load_1, i32 %sha256ctx_state_5_1_load_1, i32 %sha256ctx_state_6_1_load_1, i32 %sha256ctx_state_7_1_load_1, i8 %sha256ctx_data" [sha1/sha256_impl1.cpp:94]   --->   Operation 194 'call' 'call_ret2' <Predicate = (!icmp_ln90 & icmp_ln93)> <Delay = 7.17> <CoreType = "Generic">   --->   Core 0 '' <Latency = 0> <II = 1> <Delay = 1.00> <Generic> <Opcode : >

State 9 <SV = 8> <Delay = 7.17>
ST_9 : Operation 195 [45/51] (7.17ns)   --->   "%call_ret2 = call i256 @sha256_transform, i32 %sha256ctx_state_0_1_load_1, i32 %sha256ctx_state_1_1_load_1, i32 %sha256ctx_state_2_1_load_1, i32 %sha256ctx_state_3_1_load_1, i32 %sha256ctx_state_4_1_load_1, i32 %sha256ctx_state_5_1_load_1, i32 %sha256ctx_state_6_1_load_1, i32 %sha256ctx_state_7_1_load_1, i8 %sha256ctx_data" [sha1/sha256_impl1.cpp:94]   --->   Operation 195 'call' 'call_ret2' <Predicate = (!icmp_ln90 & icmp_ln93)> <Delay = 7.17> <CoreType = "Generic">   --->   Core 0 '' <Latency = 0> <II = 1> <Delay = 1.00> <Generic> <Opcode : >

State 10 <SV = 9> <Delay = 7.17>
ST_10 : Operation 196 [44/51] (7.17ns)   --->   "%call_ret2 = call i256 @sha256_transform, i32 %sha256ctx_state_0_1_load_1, i32 %sha256ctx_state_1_1_load_1, i32 %sha256ctx_state_2_1_load_1, i32 %sha256ctx_state_3_1_load_1, i32 %sha256ctx_state_4_1_load_1, i32 %sha256ctx_state_5_1_load_1, i32 %sha256ctx_state_6_1_load_1, i32 %sha256ctx_state_7_1_load_1, i8 %sha256ctx_data" [sha1/sha256_impl1.cpp:94]   --->   Operation 196 'call' 'call_ret2' <Predicate = (!icmp_ln90 & icmp_ln93)> <Delay = 7.17> <CoreType = "Generic">   --->   Core 0 '' <Latency = 0> <II = 1> <Delay = 1.00> <Generic> <Opcode : >

State 11 <SV = 10> <Delay = 7.17>
ST_11 : Operation 197 [43/51] (7.17ns)   --->   "%call_ret2 = call i256 @sha256_transform, i32 %sha256ctx_state_0_1_load_1, i32 %sha256ctx_state_1_1_load_1, i32 %sha256ctx_state_2_1_load_1, i32 %sha256ctx_state_3_1_load_1, i32 %sha256ctx_state_4_1_load_1, i32 %sha256ctx_state_5_1_load_1, i32 %sha256ctx_state_6_1_load_1, i32 %sha256ctx_state_7_1_load_1, i8 %sha256ctx_data" [sha1/sha256_impl1.cpp:94]   --->   Operation 197 'call' 'call_ret2' <Predicate = (!icmp_ln90 & icmp_ln93)> <Delay = 7.17> <CoreType = "Generic">   --->   Core 0 '' <Latency = 0> <II = 1> <Delay = 1.00> <Generic> <Opcode : >

State 12 <SV = 11> <Delay = 7.17>
ST_12 : Operation 198 [42/51] (7.17ns)   --->   "%call_ret2 = call i256 @sha256_transform, i32 %sha256ctx_state_0_1_load_1, i32 %sha256ctx_state_1_1_load_1, i32 %sha256ctx_state_2_1_load_1, i32 %sha256ctx_state_3_1_load_1, i32 %sha256ctx_state_4_1_load_1, i32 %sha256ctx_state_5_1_load_1, i32 %sha256ctx_state_6_1_load_1, i32 %sha256ctx_state_7_1_load_1, i8 %sha256ctx_data" [sha1/sha256_impl1.cpp:94]   --->   Operation 198 'call' 'call_ret2' <Predicate = (!icmp_ln90 & icmp_ln93)> <Delay = 7.17> <CoreType = "Generic">   --->   Core 0 '' <Latency = 0> <II = 1> <Delay = 1.00> <Generic> <Opcode : >

State 13 <SV = 12> <Delay = 7.17>
ST_13 : Operation 199 [41/51] (7.17ns)   --->   "%call_ret2 = call i256 @sha256_transform, i32 %sha256ctx_state_0_1_load_1, i32 %sha256ctx_state_1_1_load_1, i32 %sha256ctx_state_2_1_load_1, i32 %sha256ctx_state_3_1_load_1, i32 %sha256ctx_state_4_1_load_1, i32 %sha256ctx_state_5_1_load_1, i32 %sha256ctx_state_6_1_load_1, i32 %sha256ctx_state_7_1_load_1, i8 %sha256ctx_data" [sha1/sha256_impl1.cpp:94]   --->   Operation 199 'call' 'call_ret2' <Predicate = (!icmp_ln90 & icmp_ln93)> <Delay = 7.17> <CoreType = "Generic">   --->   Core 0 '' <Latency = 0> <II = 1> <Delay = 1.00> <Generic> <Opcode : >

State 14 <SV = 13> <Delay = 7.17>
ST_14 : Operation 200 [40/51] (7.17ns)   --->   "%call_ret2 = call i256 @sha256_transform, i32 %sha256ctx_state_0_1_load_1, i32 %sha256ctx_state_1_1_load_1, i32 %sha256ctx_state_2_1_load_1, i32 %sha256ctx_state_3_1_load_1, i32 %sha256ctx_state_4_1_load_1, i32 %sha256ctx_state_5_1_load_1, i32 %sha256ctx_state_6_1_load_1, i32 %sha256ctx_state_7_1_load_1, i8 %sha256ctx_data" [sha1/sha256_impl1.cpp:94]   --->   Operation 200 'call' 'call_ret2' <Predicate = (!icmp_ln90 & icmp_ln93)> <Delay = 7.17> <CoreType = "Generic">   --->   Core 0 '' <Latency = 0> <II = 1> <Delay = 1.00> <Generic> <Opcode : >

State 15 <SV = 14> <Delay = 7.17>
ST_15 : Operation 201 [39/51] (7.17ns)   --->   "%call_ret2 = call i256 @sha256_transform, i32 %sha256ctx_state_0_1_load_1, i32 %sha256ctx_state_1_1_load_1, i32 %sha256ctx_state_2_1_load_1, i32 %sha256ctx_state_3_1_load_1, i32 %sha256ctx_state_4_1_load_1, i32 %sha256ctx_state_5_1_load_1, i32 %sha256ctx_state_6_1_load_1, i32 %sha256ctx_state_7_1_load_1, i8 %sha256ctx_data" [sha1/sha256_impl1.cpp:94]   --->   Operation 201 'call' 'call_ret2' <Predicate = (!icmp_ln90 & icmp_ln93)> <Delay = 7.17> <CoreType = "Generic">   --->   Core 0 '' <Latency = 0> <II = 1> <Delay = 1.00> <Generic> <Opcode : >

State 16 <SV = 15> <Delay = 7.17>
ST_16 : Operation 202 [38/51] (7.17ns)   --->   "%call_ret2 = call i256 @sha256_transform, i32 %sha256ctx_state_0_1_load_1, i32 %sha256ctx_state_1_1_load_1, i32 %sha256ctx_state_2_1_load_1, i32 %sha256ctx_state_3_1_load_1, i32 %sha256ctx_state_4_1_load_1, i32 %sha256ctx_state_5_1_load_1, i32 %sha256ctx_state_6_1_load_1, i32 %sha256ctx_state_7_1_load_1, i8 %sha256ctx_data" [sha1/sha256_impl1.cpp:94]   --->   Operation 202 'call' 'call_ret2' <Predicate = (!icmp_ln90 & icmp_ln93)> <Delay = 7.17> <CoreType = "Generic">   --->   Core 0 '' <Latency = 0> <II = 1> <Delay = 1.00> <Generic> <Opcode : >

State 17 <SV = 16> <Delay = 7.17>
ST_17 : Operation 203 [37/51] (7.17ns)   --->   "%call_ret2 = call i256 @sha256_transform, i32 %sha256ctx_state_0_1_load_1, i32 %sha256ctx_state_1_1_load_1, i32 %sha256ctx_state_2_1_load_1, i32 %sha256ctx_state_3_1_load_1, i32 %sha256ctx_state_4_1_load_1, i32 %sha256ctx_state_5_1_load_1, i32 %sha256ctx_state_6_1_load_1, i32 %sha256ctx_state_7_1_load_1, i8 %sha256ctx_data" [sha1/sha256_impl1.cpp:94]   --->   Operation 203 'call' 'call_ret2' <Predicate = (!icmp_ln90 & icmp_ln93)> <Delay = 7.17> <CoreType = "Generic">   --->   Core 0 '' <Latency = 0> <II = 1> <Delay = 1.00> <Generic> <Opcode : >

State 18 <SV = 17> <Delay = 7.17>
ST_18 : Operation 204 [36/51] (7.17ns)   --->   "%call_ret2 = call i256 @sha256_transform, i32 %sha256ctx_state_0_1_load_1, i32 %sha256ctx_state_1_1_load_1, i32 %sha256ctx_state_2_1_load_1, i32 %sha256ctx_state_3_1_load_1, i32 %sha256ctx_state_4_1_load_1, i32 %sha256ctx_state_5_1_load_1, i32 %sha256ctx_state_6_1_load_1, i32 %sha256ctx_state_7_1_load_1, i8 %sha256ctx_data" [sha1/sha256_impl1.cpp:94]   --->   Operation 204 'call' 'call_ret2' <Predicate = (!icmp_ln90 & icmp_ln93)> <Delay = 7.17> <CoreType = "Generic">   --->   Core 0 '' <Latency = 0> <II = 1> <Delay = 1.00> <Generic> <Opcode : >

State 19 <SV = 18> <Delay = 7.17>
ST_19 : Operation 205 [35/51] (7.17ns)   --->   "%call_ret2 = call i256 @sha256_transform, i32 %sha256ctx_state_0_1_load_1, i32 %sha256ctx_state_1_1_load_1, i32 %sha256ctx_state_2_1_load_1, i32 %sha256ctx_state_3_1_load_1, i32 %sha256ctx_state_4_1_load_1, i32 %sha256ctx_state_5_1_load_1, i32 %sha256ctx_state_6_1_load_1, i32 %sha256ctx_state_7_1_load_1, i8 %sha256ctx_data" [sha1/sha256_impl1.cpp:94]   --->   Operation 205 'call' 'call_ret2' <Predicate = (!icmp_ln90 & icmp_ln93)> <Delay = 7.17> <CoreType = "Generic">   --->   Core 0 '' <Latency = 0> <II = 1> <Delay = 1.00> <Generic> <Opcode : >

State 20 <SV = 19> <Delay = 7.17>
ST_20 : Operation 206 [34/51] (7.17ns)   --->   "%call_ret2 = call i256 @sha256_transform, i32 %sha256ctx_state_0_1_load_1, i32 %sha256ctx_state_1_1_load_1, i32 %sha256ctx_state_2_1_load_1, i32 %sha256ctx_state_3_1_load_1, i32 %sha256ctx_state_4_1_load_1, i32 %sha256ctx_state_5_1_load_1, i32 %sha256ctx_state_6_1_load_1, i32 %sha256ctx_state_7_1_load_1, i8 %sha256ctx_data" [sha1/sha256_impl1.cpp:94]   --->   Operation 206 'call' 'call_ret2' <Predicate = (!icmp_ln90 & icmp_ln93)> <Delay = 7.17> <CoreType = "Generic">   --->   Core 0 '' <Latency = 0> <II = 1> <Delay = 1.00> <Generic> <Opcode : >

State 21 <SV = 20> <Delay = 7.17>
ST_21 : Operation 207 [33/51] (7.17ns)   --->   "%call_ret2 = call i256 @sha256_transform, i32 %sha256ctx_state_0_1_load_1, i32 %sha256ctx_state_1_1_load_1, i32 %sha256ctx_state_2_1_load_1, i32 %sha256ctx_state_3_1_load_1, i32 %sha256ctx_state_4_1_load_1, i32 %sha256ctx_state_5_1_load_1, i32 %sha256ctx_state_6_1_load_1, i32 %sha256ctx_state_7_1_load_1, i8 %sha256ctx_data" [sha1/sha256_impl1.cpp:94]   --->   Operation 207 'call' 'call_ret2' <Predicate = (!icmp_ln90 & icmp_ln93)> <Delay = 7.17> <CoreType = "Generic">   --->   Core 0 '' <Latency = 0> <II = 1> <Delay = 1.00> <Generic> <Opcode : >

State 22 <SV = 21> <Delay = 7.17>
ST_22 : Operation 208 [32/51] (7.17ns)   --->   "%call_ret2 = call i256 @sha256_transform, i32 %sha256ctx_state_0_1_load_1, i32 %sha256ctx_state_1_1_load_1, i32 %sha256ctx_state_2_1_load_1, i32 %sha256ctx_state_3_1_load_1, i32 %sha256ctx_state_4_1_load_1, i32 %sha256ctx_state_5_1_load_1, i32 %sha256ctx_state_6_1_load_1, i32 %sha256ctx_state_7_1_load_1, i8 %sha256ctx_data" [sha1/sha256_impl1.cpp:94]   --->   Operation 208 'call' 'call_ret2' <Predicate = (!icmp_ln90 & icmp_ln93)> <Delay = 7.17> <CoreType = "Generic">   --->   Core 0 '' <Latency = 0> <II = 1> <Delay = 1.00> <Generic> <Opcode : >

State 23 <SV = 22> <Delay = 7.17>
ST_23 : Operation 209 [31/51] (7.17ns)   --->   "%call_ret2 = call i256 @sha256_transform, i32 %sha256ctx_state_0_1_load_1, i32 %sha256ctx_state_1_1_load_1, i32 %sha256ctx_state_2_1_load_1, i32 %sha256ctx_state_3_1_load_1, i32 %sha256ctx_state_4_1_load_1, i32 %sha256ctx_state_5_1_load_1, i32 %sha256ctx_state_6_1_load_1, i32 %sha256ctx_state_7_1_load_1, i8 %sha256ctx_data" [sha1/sha256_impl1.cpp:94]   --->   Operation 209 'call' 'call_ret2' <Predicate = (!icmp_ln90 & icmp_ln93)> <Delay = 7.17> <CoreType = "Generic">   --->   Core 0 '' <Latency = 0> <II = 1> <Delay = 1.00> <Generic> <Opcode : >

State 24 <SV = 23> <Delay = 7.17>
ST_24 : Operation 210 [30/51] (7.17ns)   --->   "%call_ret2 = call i256 @sha256_transform, i32 %sha256ctx_state_0_1_load_1, i32 %sha256ctx_state_1_1_load_1, i32 %sha256ctx_state_2_1_load_1, i32 %sha256ctx_state_3_1_load_1, i32 %sha256ctx_state_4_1_load_1, i32 %sha256ctx_state_5_1_load_1, i32 %sha256ctx_state_6_1_load_1, i32 %sha256ctx_state_7_1_load_1, i8 %sha256ctx_data" [sha1/sha256_impl1.cpp:94]   --->   Operation 210 'call' 'call_ret2' <Predicate = (!icmp_ln90 & icmp_ln93)> <Delay = 7.17> <CoreType = "Generic">   --->   Core 0 '' <Latency = 0> <II = 1> <Delay = 1.00> <Generic> <Opcode : >

State 25 <SV = 24> <Delay = 7.17>
ST_25 : Operation 211 [29/51] (7.17ns)   --->   "%call_ret2 = call i256 @sha256_transform, i32 %sha256ctx_state_0_1_load_1, i32 %sha256ctx_state_1_1_load_1, i32 %sha256ctx_state_2_1_load_1, i32 %sha256ctx_state_3_1_load_1, i32 %sha256ctx_state_4_1_load_1, i32 %sha256ctx_state_5_1_load_1, i32 %sha256ctx_state_6_1_load_1, i32 %sha256ctx_state_7_1_load_1, i8 %sha256ctx_data" [sha1/sha256_impl1.cpp:94]   --->   Operation 211 'call' 'call_ret2' <Predicate = (!icmp_ln90 & icmp_ln93)> <Delay = 7.17> <CoreType = "Generic">   --->   Core 0 '' <Latency = 0> <II = 1> <Delay = 1.00> <Generic> <Opcode : >

State 26 <SV = 25> <Delay = 7.17>
ST_26 : Operation 212 [28/51] (7.17ns)   --->   "%call_ret2 = call i256 @sha256_transform, i32 %sha256ctx_state_0_1_load_1, i32 %sha256ctx_state_1_1_load_1, i32 %sha256ctx_state_2_1_load_1, i32 %sha256ctx_state_3_1_load_1, i32 %sha256ctx_state_4_1_load_1, i32 %sha256ctx_state_5_1_load_1, i32 %sha256ctx_state_6_1_load_1, i32 %sha256ctx_state_7_1_load_1, i8 %sha256ctx_data" [sha1/sha256_impl1.cpp:94]   --->   Operation 212 'call' 'call_ret2' <Predicate = (!icmp_ln90 & icmp_ln93)> <Delay = 7.17> <CoreType = "Generic">   --->   Core 0 '' <Latency = 0> <II = 1> <Delay = 1.00> <Generic> <Opcode : >

State 27 <SV = 26> <Delay = 7.17>
ST_27 : Operation 213 [27/51] (7.17ns)   --->   "%call_ret2 = call i256 @sha256_transform, i32 %sha256ctx_state_0_1_load_1, i32 %sha256ctx_state_1_1_load_1, i32 %sha256ctx_state_2_1_load_1, i32 %sha256ctx_state_3_1_load_1, i32 %sha256ctx_state_4_1_load_1, i32 %sha256ctx_state_5_1_load_1, i32 %sha256ctx_state_6_1_load_1, i32 %sha256ctx_state_7_1_load_1, i8 %sha256ctx_data" [sha1/sha256_impl1.cpp:94]   --->   Operation 213 'call' 'call_ret2' <Predicate = (!icmp_ln90 & icmp_ln93)> <Delay = 7.17> <CoreType = "Generic">   --->   Core 0 '' <Latency = 0> <II = 1> <Delay = 1.00> <Generic> <Opcode : >

State 28 <SV = 27> <Delay = 7.17>
ST_28 : Operation 214 [26/51] (7.17ns)   --->   "%call_ret2 = call i256 @sha256_transform, i32 %sha256ctx_state_0_1_load_1, i32 %sha256ctx_state_1_1_load_1, i32 %sha256ctx_state_2_1_load_1, i32 %sha256ctx_state_3_1_load_1, i32 %sha256ctx_state_4_1_load_1, i32 %sha256ctx_state_5_1_load_1, i32 %sha256ctx_state_6_1_load_1, i32 %sha256ctx_state_7_1_load_1, i8 %sha256ctx_data" [sha1/sha256_impl1.cpp:94]   --->   Operation 214 'call' 'call_ret2' <Predicate = (!icmp_ln90 & icmp_ln93)> <Delay = 7.17> <CoreType = "Generic">   --->   Core 0 '' <Latency = 0> <II = 1> <Delay = 1.00> <Generic> <Opcode : >

State 29 <SV = 28> <Delay = 7.17>
ST_29 : Operation 215 [25/51] (7.17ns)   --->   "%call_ret2 = call i256 @sha256_transform, i32 %sha256ctx_state_0_1_load_1, i32 %sha256ctx_state_1_1_load_1, i32 %sha256ctx_state_2_1_load_1, i32 %sha256ctx_state_3_1_load_1, i32 %sha256ctx_state_4_1_load_1, i32 %sha256ctx_state_5_1_load_1, i32 %sha256ctx_state_6_1_load_1, i32 %sha256ctx_state_7_1_load_1, i8 %sha256ctx_data" [sha1/sha256_impl1.cpp:94]   --->   Operation 215 'call' 'call_ret2' <Predicate = (!icmp_ln90 & icmp_ln93)> <Delay = 7.17> <CoreType = "Generic">   --->   Core 0 '' <Latency = 0> <II = 1> <Delay = 1.00> <Generic> <Opcode : >

State 30 <SV = 29> <Delay = 7.17>
ST_30 : Operation 216 [24/51] (7.17ns)   --->   "%call_ret2 = call i256 @sha256_transform, i32 %sha256ctx_state_0_1_load_1, i32 %sha256ctx_state_1_1_load_1, i32 %sha256ctx_state_2_1_load_1, i32 %sha256ctx_state_3_1_load_1, i32 %sha256ctx_state_4_1_load_1, i32 %sha256ctx_state_5_1_load_1, i32 %sha256ctx_state_6_1_load_1, i32 %sha256ctx_state_7_1_load_1, i8 %sha256ctx_data" [sha1/sha256_impl1.cpp:94]   --->   Operation 216 'call' 'call_ret2' <Predicate = (!icmp_ln90 & icmp_ln93)> <Delay = 7.17> <CoreType = "Generic">   --->   Core 0 '' <Latency = 0> <II = 1> <Delay = 1.00> <Generic> <Opcode : >

State 31 <SV = 30> <Delay = 7.17>
ST_31 : Operation 217 [23/51] (7.17ns)   --->   "%call_ret2 = call i256 @sha256_transform, i32 %sha256ctx_state_0_1_load_1, i32 %sha256ctx_state_1_1_load_1, i32 %sha256ctx_state_2_1_load_1, i32 %sha256ctx_state_3_1_load_1, i32 %sha256ctx_state_4_1_load_1, i32 %sha256ctx_state_5_1_load_1, i32 %sha256ctx_state_6_1_load_1, i32 %sha256ctx_state_7_1_load_1, i8 %sha256ctx_data" [sha1/sha256_impl1.cpp:94]   --->   Operation 217 'call' 'call_ret2' <Predicate = (!icmp_ln90 & icmp_ln93)> <Delay = 7.17> <CoreType = "Generic">   --->   Core 0 '' <Latency = 0> <II = 1> <Delay = 1.00> <Generic> <Opcode : >

State 32 <SV = 31> <Delay = 7.17>
ST_32 : Operation 218 [22/51] (7.17ns)   --->   "%call_ret2 = call i256 @sha256_transform, i32 %sha256ctx_state_0_1_load_1, i32 %sha256ctx_state_1_1_load_1, i32 %sha256ctx_state_2_1_load_1, i32 %sha256ctx_state_3_1_load_1, i32 %sha256ctx_state_4_1_load_1, i32 %sha256ctx_state_5_1_load_1, i32 %sha256ctx_state_6_1_load_1, i32 %sha256ctx_state_7_1_load_1, i8 %sha256ctx_data" [sha1/sha256_impl1.cpp:94]   --->   Operation 218 'call' 'call_ret2' <Predicate = (!icmp_ln90 & icmp_ln93)> <Delay = 7.17> <CoreType = "Generic">   --->   Core 0 '' <Latency = 0> <II = 1> <Delay = 1.00> <Generic> <Opcode : >

State 33 <SV = 32> <Delay = 7.17>
ST_33 : Operation 219 [21/51] (7.17ns)   --->   "%call_ret2 = call i256 @sha256_transform, i32 %sha256ctx_state_0_1_load_1, i32 %sha256ctx_state_1_1_load_1, i32 %sha256ctx_state_2_1_load_1, i32 %sha256ctx_state_3_1_load_1, i32 %sha256ctx_state_4_1_load_1, i32 %sha256ctx_state_5_1_load_1, i32 %sha256ctx_state_6_1_load_1, i32 %sha256ctx_state_7_1_load_1, i8 %sha256ctx_data" [sha1/sha256_impl1.cpp:94]   --->   Operation 219 'call' 'call_ret2' <Predicate = (!icmp_ln90 & icmp_ln93)> <Delay = 7.17> <CoreType = "Generic">   --->   Core 0 '' <Latency = 0> <II = 1> <Delay = 1.00> <Generic> <Opcode : >

State 34 <SV = 33> <Delay = 7.17>
ST_34 : Operation 220 [20/51] (7.17ns)   --->   "%call_ret2 = call i256 @sha256_transform, i32 %sha256ctx_state_0_1_load_1, i32 %sha256ctx_state_1_1_load_1, i32 %sha256ctx_state_2_1_load_1, i32 %sha256ctx_state_3_1_load_1, i32 %sha256ctx_state_4_1_load_1, i32 %sha256ctx_state_5_1_load_1, i32 %sha256ctx_state_6_1_load_1, i32 %sha256ctx_state_7_1_load_1, i8 %sha256ctx_data" [sha1/sha256_impl1.cpp:94]   --->   Operation 220 'call' 'call_ret2' <Predicate = (!icmp_ln90 & icmp_ln93)> <Delay = 7.17> <CoreType = "Generic">   --->   Core 0 '' <Latency = 0> <II = 1> <Delay = 1.00> <Generic> <Opcode : >

State 35 <SV = 34> <Delay = 7.17>
ST_35 : Operation 221 [19/51] (7.17ns)   --->   "%call_ret2 = call i256 @sha256_transform, i32 %sha256ctx_state_0_1_load_1, i32 %sha256ctx_state_1_1_load_1, i32 %sha256ctx_state_2_1_load_1, i32 %sha256ctx_state_3_1_load_1, i32 %sha256ctx_state_4_1_load_1, i32 %sha256ctx_state_5_1_load_1, i32 %sha256ctx_state_6_1_load_1, i32 %sha256ctx_state_7_1_load_1, i8 %sha256ctx_data" [sha1/sha256_impl1.cpp:94]   --->   Operation 221 'call' 'call_ret2' <Predicate = (!icmp_ln90 & icmp_ln93)> <Delay = 7.17> <CoreType = "Generic">   --->   Core 0 '' <Latency = 0> <II = 1> <Delay = 1.00> <Generic> <Opcode : >

State 36 <SV = 35> <Delay = 7.17>
ST_36 : Operation 222 [18/51] (7.17ns)   --->   "%call_ret2 = call i256 @sha256_transform, i32 %sha256ctx_state_0_1_load_1, i32 %sha256ctx_state_1_1_load_1, i32 %sha256ctx_state_2_1_load_1, i32 %sha256ctx_state_3_1_load_1, i32 %sha256ctx_state_4_1_load_1, i32 %sha256ctx_state_5_1_load_1, i32 %sha256ctx_state_6_1_load_1, i32 %sha256ctx_state_7_1_load_1, i8 %sha256ctx_data" [sha1/sha256_impl1.cpp:94]   --->   Operation 222 'call' 'call_ret2' <Predicate = (!icmp_ln90 & icmp_ln93)> <Delay = 7.17> <CoreType = "Generic">   --->   Core 0 '' <Latency = 0> <II = 1> <Delay = 1.00> <Generic> <Opcode : >

State 37 <SV = 36> <Delay = 7.17>
ST_37 : Operation 223 [17/51] (7.17ns)   --->   "%call_ret2 = call i256 @sha256_transform, i32 %sha256ctx_state_0_1_load_1, i32 %sha256ctx_state_1_1_load_1, i32 %sha256ctx_state_2_1_load_1, i32 %sha256ctx_state_3_1_load_1, i32 %sha256ctx_state_4_1_load_1, i32 %sha256ctx_state_5_1_load_1, i32 %sha256ctx_state_6_1_load_1, i32 %sha256ctx_state_7_1_load_1, i8 %sha256ctx_data" [sha1/sha256_impl1.cpp:94]   --->   Operation 223 'call' 'call_ret2' <Predicate = (!icmp_ln90 & icmp_ln93)> <Delay = 7.17> <CoreType = "Generic">   --->   Core 0 '' <Latency = 0> <II = 1> <Delay = 1.00> <Generic> <Opcode : >

State 38 <SV = 37> <Delay = 7.17>
ST_38 : Operation 224 [16/51] (7.17ns)   --->   "%call_ret2 = call i256 @sha256_transform, i32 %sha256ctx_state_0_1_load_1, i32 %sha256ctx_state_1_1_load_1, i32 %sha256ctx_state_2_1_load_1, i32 %sha256ctx_state_3_1_load_1, i32 %sha256ctx_state_4_1_load_1, i32 %sha256ctx_state_5_1_load_1, i32 %sha256ctx_state_6_1_load_1, i32 %sha256ctx_state_7_1_load_1, i8 %sha256ctx_data" [sha1/sha256_impl1.cpp:94]   --->   Operation 224 'call' 'call_ret2' <Predicate = (!icmp_ln90 & icmp_ln93)> <Delay = 7.17> <CoreType = "Generic">   --->   Core 0 '' <Latency = 0> <II = 1> <Delay = 1.00> <Generic> <Opcode : >

State 39 <SV = 38> <Delay = 7.17>
ST_39 : Operation 225 [15/51] (7.17ns)   --->   "%call_ret2 = call i256 @sha256_transform, i32 %sha256ctx_state_0_1_load_1, i32 %sha256ctx_state_1_1_load_1, i32 %sha256ctx_state_2_1_load_1, i32 %sha256ctx_state_3_1_load_1, i32 %sha256ctx_state_4_1_load_1, i32 %sha256ctx_state_5_1_load_1, i32 %sha256ctx_state_6_1_load_1, i32 %sha256ctx_state_7_1_load_1, i8 %sha256ctx_data" [sha1/sha256_impl1.cpp:94]   --->   Operation 225 'call' 'call_ret2' <Predicate = (!icmp_ln90 & icmp_ln93)> <Delay = 7.17> <CoreType = "Generic">   --->   Core 0 '' <Latency = 0> <II = 1> <Delay = 1.00> <Generic> <Opcode : >

State 40 <SV = 39> <Delay = 7.17>
ST_40 : Operation 226 [14/51] (7.17ns)   --->   "%call_ret2 = call i256 @sha256_transform, i32 %sha256ctx_state_0_1_load_1, i32 %sha256ctx_state_1_1_load_1, i32 %sha256ctx_state_2_1_load_1, i32 %sha256ctx_state_3_1_load_1, i32 %sha256ctx_state_4_1_load_1, i32 %sha256ctx_state_5_1_load_1, i32 %sha256ctx_state_6_1_load_1, i32 %sha256ctx_state_7_1_load_1, i8 %sha256ctx_data" [sha1/sha256_impl1.cpp:94]   --->   Operation 226 'call' 'call_ret2' <Predicate = (!icmp_ln90 & icmp_ln93)> <Delay = 7.17> <CoreType = "Generic">   --->   Core 0 '' <Latency = 0> <II = 1> <Delay = 1.00> <Generic> <Opcode : >

State 41 <SV = 40> <Delay = 7.17>
ST_41 : Operation 227 [13/51] (7.17ns)   --->   "%call_ret2 = call i256 @sha256_transform, i32 %sha256ctx_state_0_1_load_1, i32 %sha256ctx_state_1_1_load_1, i32 %sha256ctx_state_2_1_load_1, i32 %sha256ctx_state_3_1_load_1, i32 %sha256ctx_state_4_1_load_1, i32 %sha256ctx_state_5_1_load_1, i32 %sha256ctx_state_6_1_load_1, i32 %sha256ctx_state_7_1_load_1, i8 %sha256ctx_data" [sha1/sha256_impl1.cpp:94]   --->   Operation 227 'call' 'call_ret2' <Predicate = (!icmp_ln90 & icmp_ln93)> <Delay = 7.17> <CoreType = "Generic">   --->   Core 0 '' <Latency = 0> <II = 1> <Delay = 1.00> <Generic> <Opcode : >

State 42 <SV = 41> <Delay = 7.17>
ST_42 : Operation 228 [12/51] (7.17ns)   --->   "%call_ret2 = call i256 @sha256_transform, i32 %sha256ctx_state_0_1_load_1, i32 %sha256ctx_state_1_1_load_1, i32 %sha256ctx_state_2_1_load_1, i32 %sha256ctx_state_3_1_load_1, i32 %sha256ctx_state_4_1_load_1, i32 %sha256ctx_state_5_1_load_1, i32 %sha256ctx_state_6_1_load_1, i32 %sha256ctx_state_7_1_load_1, i8 %sha256ctx_data" [sha1/sha256_impl1.cpp:94]   --->   Operation 228 'call' 'call_ret2' <Predicate = (!icmp_ln90 & icmp_ln93)> <Delay = 7.17> <CoreType = "Generic">   --->   Core 0 '' <Latency = 0> <II = 1> <Delay = 1.00> <Generic> <Opcode : >

State 43 <SV = 42> <Delay = 7.17>
ST_43 : Operation 229 [11/51] (7.17ns)   --->   "%call_ret2 = call i256 @sha256_transform, i32 %sha256ctx_state_0_1_load_1, i32 %sha256ctx_state_1_1_load_1, i32 %sha256ctx_state_2_1_load_1, i32 %sha256ctx_state_3_1_load_1, i32 %sha256ctx_state_4_1_load_1, i32 %sha256ctx_state_5_1_load_1, i32 %sha256ctx_state_6_1_load_1, i32 %sha256ctx_state_7_1_load_1, i8 %sha256ctx_data" [sha1/sha256_impl1.cpp:94]   --->   Operation 229 'call' 'call_ret2' <Predicate = (!icmp_ln90 & icmp_ln93)> <Delay = 7.17> <CoreType = "Generic">   --->   Core 0 '' <Latency = 0> <II = 1> <Delay = 1.00> <Generic> <Opcode : >

State 44 <SV = 43> <Delay = 7.17>
ST_44 : Operation 230 [10/51] (7.17ns)   --->   "%call_ret2 = call i256 @sha256_transform, i32 %sha256ctx_state_0_1_load_1, i32 %sha256ctx_state_1_1_load_1, i32 %sha256ctx_state_2_1_load_1, i32 %sha256ctx_state_3_1_load_1, i32 %sha256ctx_state_4_1_load_1, i32 %sha256ctx_state_5_1_load_1, i32 %sha256ctx_state_6_1_load_1, i32 %sha256ctx_state_7_1_load_1, i8 %sha256ctx_data" [sha1/sha256_impl1.cpp:94]   --->   Operation 230 'call' 'call_ret2' <Predicate = (!icmp_ln90 & icmp_ln93)> <Delay = 7.17> <CoreType = "Generic">   --->   Core 0 '' <Latency = 0> <II = 1> <Delay = 1.00> <Generic> <Opcode : >

State 45 <SV = 44> <Delay = 7.17>
ST_45 : Operation 231 [9/51] (7.17ns)   --->   "%call_ret2 = call i256 @sha256_transform, i32 %sha256ctx_state_0_1_load_1, i32 %sha256ctx_state_1_1_load_1, i32 %sha256ctx_state_2_1_load_1, i32 %sha256ctx_state_3_1_load_1, i32 %sha256ctx_state_4_1_load_1, i32 %sha256ctx_state_5_1_load_1, i32 %sha256ctx_state_6_1_load_1, i32 %sha256ctx_state_7_1_load_1, i8 %sha256ctx_data" [sha1/sha256_impl1.cpp:94]   --->   Operation 231 'call' 'call_ret2' <Predicate = (!icmp_ln90 & icmp_ln93)> <Delay = 7.17> <CoreType = "Generic">   --->   Core 0 '' <Latency = 0> <II = 1> <Delay = 1.00> <Generic> <Opcode : >

State 46 <SV = 45> <Delay = 7.17>
ST_46 : Operation 232 [8/51] (7.17ns)   --->   "%call_ret2 = call i256 @sha256_transform, i32 %sha256ctx_state_0_1_load_1, i32 %sha256ctx_state_1_1_load_1, i32 %sha256ctx_state_2_1_load_1, i32 %sha256ctx_state_3_1_load_1, i32 %sha256ctx_state_4_1_load_1, i32 %sha256ctx_state_5_1_load_1, i32 %sha256ctx_state_6_1_load_1, i32 %sha256ctx_state_7_1_load_1, i8 %sha256ctx_data" [sha1/sha256_impl1.cpp:94]   --->   Operation 232 'call' 'call_ret2' <Predicate = (!icmp_ln90 & icmp_ln93)> <Delay = 7.17> <CoreType = "Generic">   --->   Core 0 '' <Latency = 0> <II = 1> <Delay = 1.00> <Generic> <Opcode : >

State 47 <SV = 46> <Delay = 7.17>
ST_47 : Operation 233 [7/51] (7.17ns)   --->   "%call_ret2 = call i256 @sha256_transform, i32 %sha256ctx_state_0_1_load_1, i32 %sha256ctx_state_1_1_load_1, i32 %sha256ctx_state_2_1_load_1, i32 %sha256ctx_state_3_1_load_1, i32 %sha256ctx_state_4_1_load_1, i32 %sha256ctx_state_5_1_load_1, i32 %sha256ctx_state_6_1_load_1, i32 %sha256ctx_state_7_1_load_1, i8 %sha256ctx_data" [sha1/sha256_impl1.cpp:94]   --->   Operation 233 'call' 'call_ret2' <Predicate = (!icmp_ln90 & icmp_ln93)> <Delay = 7.17> <CoreType = "Generic">   --->   Core 0 '' <Latency = 0> <II = 1> <Delay = 1.00> <Generic> <Opcode : >

State 48 <SV = 47> <Delay = 7.17>
ST_48 : Operation 234 [6/51] (7.17ns)   --->   "%call_ret2 = call i256 @sha256_transform, i32 %sha256ctx_state_0_1_load_1, i32 %sha256ctx_state_1_1_load_1, i32 %sha256ctx_state_2_1_load_1, i32 %sha256ctx_state_3_1_load_1, i32 %sha256ctx_state_4_1_load_1, i32 %sha256ctx_state_5_1_load_1, i32 %sha256ctx_state_6_1_load_1, i32 %sha256ctx_state_7_1_load_1, i8 %sha256ctx_data" [sha1/sha256_impl1.cpp:94]   --->   Operation 234 'call' 'call_ret2' <Predicate = (!icmp_ln90 & icmp_ln93)> <Delay = 7.17> <CoreType = "Generic">   --->   Core 0 '' <Latency = 0> <II = 1> <Delay = 1.00> <Generic> <Opcode : >

State 49 <SV = 48> <Delay = 7.17>
ST_49 : Operation 235 [5/51] (7.17ns)   --->   "%call_ret2 = call i256 @sha256_transform, i32 %sha256ctx_state_0_1_load_1, i32 %sha256ctx_state_1_1_load_1, i32 %sha256ctx_state_2_1_load_1, i32 %sha256ctx_state_3_1_load_1, i32 %sha256ctx_state_4_1_load_1, i32 %sha256ctx_state_5_1_load_1, i32 %sha256ctx_state_6_1_load_1, i32 %sha256ctx_state_7_1_load_1, i8 %sha256ctx_data" [sha1/sha256_impl1.cpp:94]   --->   Operation 235 'call' 'call_ret2' <Predicate = (!icmp_ln90 & icmp_ln93)> <Delay = 7.17> <CoreType = "Generic">   --->   Core 0 '' <Latency = 0> <II = 1> <Delay = 1.00> <Generic> <Opcode : >

State 50 <SV = 49> <Delay = 7.17>
ST_50 : Operation 236 [4/51] (7.17ns)   --->   "%call_ret2 = call i256 @sha256_transform, i32 %sha256ctx_state_0_1_load_1, i32 %sha256ctx_state_1_1_load_1, i32 %sha256ctx_state_2_1_load_1, i32 %sha256ctx_state_3_1_load_1, i32 %sha256ctx_state_4_1_load_1, i32 %sha256ctx_state_5_1_load_1, i32 %sha256ctx_state_6_1_load_1, i32 %sha256ctx_state_7_1_load_1, i8 %sha256ctx_data" [sha1/sha256_impl1.cpp:94]   --->   Operation 236 'call' 'call_ret2' <Predicate = (!icmp_ln90 & icmp_ln93)> <Delay = 7.17> <CoreType = "Generic">   --->   Core 0 '' <Latency = 0> <II = 1> <Delay = 1.00> <Generic> <Opcode : >

State 51 <SV = 50> <Delay = 7.17>
ST_51 : Operation 237 [3/51] (7.17ns)   --->   "%call_ret2 = call i256 @sha256_transform, i32 %sha256ctx_state_0_1_load_1, i32 %sha256ctx_state_1_1_load_1, i32 %sha256ctx_state_2_1_load_1, i32 %sha256ctx_state_3_1_load_1, i32 %sha256ctx_state_4_1_load_1, i32 %sha256ctx_state_5_1_load_1, i32 %sha256ctx_state_6_1_load_1, i32 %sha256ctx_state_7_1_load_1, i8 %sha256ctx_data" [sha1/sha256_impl1.cpp:94]   --->   Operation 237 'call' 'call_ret2' <Predicate = (!icmp_ln90 & icmp_ln93)> <Delay = 7.17> <CoreType = "Generic">   --->   Core 0 '' <Latency = 0> <II = 1> <Delay = 1.00> <Generic> <Opcode : >

State 52 <SV = 51> <Delay = 7.17>
ST_52 : Operation 238 [2/51] (7.17ns)   --->   "%call_ret2 = call i256 @sha256_transform, i32 %sha256ctx_state_0_1_load_1, i32 %sha256ctx_state_1_1_load_1, i32 %sha256ctx_state_2_1_load_1, i32 %sha256ctx_state_3_1_load_1, i32 %sha256ctx_state_4_1_load_1, i32 %sha256ctx_state_5_1_load_1, i32 %sha256ctx_state_6_1_load_1, i32 %sha256ctx_state_7_1_load_1, i8 %sha256ctx_data" [sha1/sha256_impl1.cpp:94]   --->   Operation 238 'call' 'call_ret2' <Predicate = (!icmp_ln90 & icmp_ln93)> <Delay = 7.17> <CoreType = "Generic">   --->   Core 0 '' <Latency = 0> <II = 1> <Delay = 1.00> <Generic> <Opcode : >

State 53 <SV = 52> <Delay = 6.98>
ST_53 : Operation 239 [1/51] (6.59ns)   --->   "%call_ret2 = call i256 @sha256_transform, i32 %sha256ctx_state_0_1_load_1, i32 %sha256ctx_state_1_1_load_1, i32 %sha256ctx_state_2_1_load_1, i32 %sha256ctx_state_3_1_load_1, i32 %sha256ctx_state_4_1_load_1, i32 %sha256ctx_state_5_1_load_1, i32 %sha256ctx_state_6_1_load_1, i32 %sha256ctx_state_7_1_load_1, i8 %sha256ctx_data" [sha1/sha256_impl1.cpp:94]   --->   Operation 239 'call' 'call_ret2' <Predicate = (!icmp_ln90 & icmp_ln93)> <Delay = 6.59> <CoreType = "Generic">   --->   Core 0 '' <Latency = 0> <II = 1> <Delay = 1.00> <Generic> <Opcode : >
ST_53 : Operation 240 [1/1] (0.00ns)   --->   "%sha256ctx_state_0 = extractvalue i256 %call_ret2" [sha1/sha256_impl1.cpp:94]   --->   Operation 240 'extractvalue' 'sha256ctx_state_0' <Predicate = (!icmp_ln90 & icmp_ln93)> <Delay = 0.00>
ST_53 : Operation 241 [1/1] (0.00ns)   --->   "%sha256ctx_state_1 = extractvalue i256 %call_ret2" [sha1/sha256_impl1.cpp:94]   --->   Operation 241 'extractvalue' 'sha256ctx_state_1' <Predicate = (!icmp_ln90 & icmp_ln93)> <Delay = 0.00>
ST_53 : Operation 242 [1/1] (0.00ns)   --->   "%sha256ctx_state_2 = extractvalue i256 %call_ret2" [sha1/sha256_impl1.cpp:94]   --->   Operation 242 'extractvalue' 'sha256ctx_state_2' <Predicate = (!icmp_ln90 & icmp_ln93)> <Delay = 0.00>
ST_53 : Operation 243 [1/1] (0.00ns)   --->   "%sha256ctx_state_3 = extractvalue i256 %call_ret2" [sha1/sha256_impl1.cpp:94]   --->   Operation 243 'extractvalue' 'sha256ctx_state_3' <Predicate = (!icmp_ln90 & icmp_ln93)> <Delay = 0.00>
ST_53 : Operation 244 [1/1] (0.00ns)   --->   "%sha256ctx_state_4 = extractvalue i256 %call_ret2" [sha1/sha256_impl1.cpp:94]   --->   Operation 244 'extractvalue' 'sha256ctx_state_4' <Predicate = (!icmp_ln90 & icmp_ln93)> <Delay = 0.00>
ST_53 : Operation 245 [1/1] (0.00ns)   --->   "%sha256ctx_state_5 = extractvalue i256 %call_ret2" [sha1/sha256_impl1.cpp:94]   --->   Operation 245 'extractvalue' 'sha256ctx_state_5' <Predicate = (!icmp_ln90 & icmp_ln93)> <Delay = 0.00>
ST_53 : Operation 246 [1/1] (0.00ns)   --->   "%sha256ctx_state_6 = extractvalue i256 %call_ret2" [sha1/sha256_impl1.cpp:94]   --->   Operation 246 'extractvalue' 'sha256ctx_state_6' <Predicate = (!icmp_ln90 & icmp_ln93)> <Delay = 0.00>
ST_53 : Operation 247 [1/1] (0.00ns)   --->   "%sha256ctx_state_7 = extractvalue i256 %call_ret2" [sha1/sha256_impl1.cpp:94]   --->   Operation 247 'extractvalue' 'sha256ctx_state_7' <Predicate = (!icmp_ln90 & icmp_ln93)> <Delay = 0.00>
ST_53 : Operation 248 [1/1] (0.38ns)   --->   "%store_ln97 = store i32 %sha256ctx_state_5, i32 %sha256ctx_state_5_1" [sha1/sha256_impl1.cpp:97]   --->   Operation 248 'store' 'store_ln97' <Predicate = (!icmp_ln90 & icmp_ln93)> <Delay = 0.38>
ST_53 : Operation 249 [1/1] (0.38ns)   --->   "%store_ln97 = store i32 %sha256ctx_state_4, i32 %sha256ctx_state_4_1" [sha1/sha256_impl1.cpp:97]   --->   Operation 249 'store' 'store_ln97' <Predicate = (!icmp_ln90 & icmp_ln93)> <Delay = 0.38>
ST_53 : Operation 250 [1/1] (0.38ns)   --->   "%store_ln97 = store i32 %sha256ctx_state_3, i32 %sha256ctx_state_3_1" [sha1/sha256_impl1.cpp:97]   --->   Operation 250 'store' 'store_ln97' <Predicate = (!icmp_ln90 & icmp_ln93)> <Delay = 0.38>
ST_53 : Operation 251 [1/1] (0.38ns)   --->   "%store_ln97 = store i32 %sha256ctx_state_2, i32 %sha256ctx_state_2_1" [sha1/sha256_impl1.cpp:97]   --->   Operation 251 'store' 'store_ln97' <Predicate = (!icmp_ln90 & icmp_ln93)> <Delay = 0.38>
ST_53 : Operation 252 [1/1] (0.38ns)   --->   "%store_ln97 = store i32 %sha256ctx_state_1, i32 %sha256ctx_state_1_1" [sha1/sha256_impl1.cpp:97]   --->   Operation 252 'store' 'store_ln97' <Predicate = (!icmp_ln90 & icmp_ln93)> <Delay = 0.38>
ST_53 : Operation 253 [1/1] (0.38ns)   --->   "%store_ln97 = store i32 %sha256ctx_state_0, i32 %sha256ctx_state_0_1" [sha1/sha256_impl1.cpp:97]   --->   Operation 253 'store' 'store_ln97' <Predicate = (!icmp_ln90 & icmp_ln93)> <Delay = 0.38>
ST_53 : Operation 254 [1/1] (0.38ns)   --->   "%store_ln97 = store i32 %sha256ctx_state_6, i32 %sha256ctx_state_6_1" [sha1/sha256_impl1.cpp:97]   --->   Operation 254 'store' 'store_ln97' <Predicate = (!icmp_ln90 & icmp_ln93)> <Delay = 0.38>
ST_53 : Operation 255 [1/1] (0.38ns)   --->   "%store_ln97 = store i32 %sha256ctx_state_7, i32 %sha256ctx_state_7_1" [sha1/sha256_impl1.cpp:97]   --->   Operation 255 'store' 'store_ln97' <Predicate = (!icmp_ln90 & icmp_ln93)> <Delay = 0.38>
ST_53 : Operation 256 [1/1] (0.00ns)   --->   "%br_ln97 = br void %for.inc.i" [sha1/sha256_impl1.cpp:97]   --->   Operation 256 'br' 'br_ln97' <Predicate = (!icmp_ln90 & icmp_ln93)> <Delay = 0.00>
ST_53 : Operation 257 [1/1] (0.38ns)   --->   "%store_ln90 = store i7 %add_ln90, i7 %i_5" [sha1/sha256_impl1.cpp:90]   --->   Operation 257 'store' 'store_ln90' <Predicate = (!icmp_ln90)> <Delay = 0.38>
ST_53 : Operation 258 [1/1] (0.00ns)   --->   "%br_ln90 = br void %for.body.i" [sha1/sha256_impl1.cpp:90]   --->   Operation 258 'br' 'br_ln90' <Predicate = (!icmp_ln90)> <Delay = 0.00>


============================================================
+ Verbose Summary: Timing violations
============================================================
Target clock period: 10ns, clock uncertainty: 2.7ns.

 <State 1>: 0.42ns
The critical path consists of the following:
	'alloca' operation ('sha256ctx_datalen') [88]  (0 ns)
	'store' operation ('store_ln0') of variable 'p_lcssa140_read' on local variable 'sha256ctx_datalen' [186]  (0.42 ns)

 <State 2>: 2.28ns
The critical path consists of the following:
	'load' operation ('sha256ctx_datalen_load', sha1/sha256_impl1.cpp:92) on local variable 'sha256ctx_datalen' [196]  (0 ns)
	'add' operation ('add_ln92', sha1/sha256_impl1.cpp:92) [202]  (0.88 ns)
	'icmp' operation ('icmp_ln93', sha1/sha256_impl1.cpp:93) [203]  (0.859 ns)
	blocking operation 0.542 ns on control path)

 <State 3>: 7.13ns
The critical path consists of the following:
	'load' operation ('sha256ctx_state_7_1_load_1', sha1/sha256_impl1.cpp:94) on local variable 'sha256ctx.state[7]' [211]  (0 ns)
	'call' operation ('call_ret2', sha1/sha256_impl1.cpp:94) to 'sha256_transform' [219]  (7.13 ns)

 <State 4>: 7.17ns
The critical path consists of the following:
	'call' operation ('call_ret2', sha1/sha256_impl1.cpp:94) to 'sha256_transform' [219]  (7.17 ns)

 <State 5>: 7.17ns
The critical path consists of the following:
	'call' operation ('call_ret2', sha1/sha256_impl1.cpp:94) to 'sha256_transform' [219]  (7.17 ns)

 <State 6>: 7.17ns
The critical path consists of the following:
	'call' operation ('call_ret2', sha1/sha256_impl1.cpp:94) to 'sha256_transform' [219]  (7.17 ns)

 <State 7>: 7.17ns
The critical path consists of the following:
	'call' operation ('call_ret2', sha1/sha256_impl1.cpp:94) to 'sha256_transform' [219]  (7.17 ns)

 <State 8>: 7.17ns
The critical path consists of the following:
	'call' operation ('call_ret2', sha1/sha256_impl1.cpp:94) to 'sha256_transform' [219]  (7.17 ns)

 <State 9>: 7.17ns
The critical path consists of the following:
	'call' operation ('call_ret2', sha1/sha256_impl1.cpp:94) to 'sha256_transform' [219]  (7.17 ns)

 <State 10>: 7.17ns
The critical path consists of the following:
	'call' operation ('call_ret2', sha1/sha256_impl1.cpp:94) to 'sha256_transform' [219]  (7.17 ns)

 <State 11>: 7.17ns
The critical path consists of the following:
	'call' operation ('call_ret2', sha1/sha256_impl1.cpp:94) to 'sha256_transform' [219]  (7.17 ns)

 <State 12>: 7.17ns
The critical path consists of the following:
	'call' operation ('call_ret2', sha1/sha256_impl1.cpp:94) to 'sha256_transform' [219]  (7.17 ns)

 <State 13>: 7.17ns
The critical path consists of the following:
	'call' operation ('call_ret2', sha1/sha256_impl1.cpp:94) to 'sha256_transform' [219]  (7.17 ns)

 <State 14>: 7.17ns
The critical path consists of the following:
	'call' operation ('call_ret2', sha1/sha256_impl1.cpp:94) to 'sha256_transform' [219]  (7.17 ns)

 <State 15>: 7.17ns
The critical path consists of the following:
	'call' operation ('call_ret2', sha1/sha256_impl1.cpp:94) to 'sha256_transform' [219]  (7.17 ns)

 <State 16>: 7.17ns
The critical path consists of the following:
	'call' operation ('call_ret2', sha1/sha256_impl1.cpp:94) to 'sha256_transform' [219]  (7.17 ns)

 <State 17>: 7.17ns
The critical path consists of the following:
	'call' operation ('call_ret2', sha1/sha256_impl1.cpp:94) to 'sha256_transform' [219]  (7.17 ns)

 <State 18>: 7.17ns
The critical path consists of the following:
	'call' operation ('call_ret2', sha1/sha256_impl1.cpp:94) to 'sha256_transform' [219]  (7.17 ns)

 <State 19>: 7.17ns
The critical path consists of the following:
	'call' operation ('call_ret2', sha1/sha256_impl1.cpp:94) to 'sha256_transform' [219]  (7.17 ns)

 <State 20>: 7.17ns
The critical path consists of the following:
	'call' operation ('call_ret2', sha1/sha256_impl1.cpp:94) to 'sha256_transform' [219]  (7.17 ns)

 <State 21>: 7.17ns
The critical path consists of the following:
	'call' operation ('call_ret2', sha1/sha256_impl1.cpp:94) to 'sha256_transform' [219]  (7.17 ns)

 <State 22>: 7.17ns
The critical path consists of the following:
	'call' operation ('call_ret2', sha1/sha256_impl1.cpp:94) to 'sha256_transform' [219]  (7.17 ns)

 <State 23>: 7.17ns
The critical path consists of the following:
	'call' operation ('call_ret2', sha1/sha256_impl1.cpp:94) to 'sha256_transform' [219]  (7.17 ns)

 <State 24>: 7.17ns
The critical path consists of the following:
	'call' operation ('call_ret2', sha1/sha256_impl1.cpp:94) to 'sha256_transform' [219]  (7.17 ns)

 <State 25>: 7.17ns
The critical path consists of the following:
	'call' operation ('call_ret2', sha1/sha256_impl1.cpp:94) to 'sha256_transform' [219]  (7.17 ns)

 <State 26>: 7.17ns
The critical path consists of the following:
	'call' operation ('call_ret2', sha1/sha256_impl1.cpp:94) to 'sha256_transform' [219]  (7.17 ns)

 <State 27>: 7.17ns
The critical path consists of the following:
	'call' operation ('call_ret2', sha1/sha256_impl1.cpp:94) to 'sha256_transform' [219]  (7.17 ns)

 <State 28>: 7.17ns
The critical path consists of the following:
	'call' operation ('call_ret2', sha1/sha256_impl1.cpp:94) to 'sha256_transform' [219]  (7.17 ns)

 <State 29>: 7.17ns
The critical path consists of the following:
	'call' operation ('call_ret2', sha1/sha256_impl1.cpp:94) to 'sha256_transform' [219]  (7.17 ns)

 <State 30>: 7.17ns
The critical path consists of the following:
	'call' operation ('call_ret2', sha1/sha256_impl1.cpp:94) to 'sha256_transform' [219]  (7.17 ns)

 <State 31>: 7.17ns
The critical path consists of the following:
	'call' operation ('call_ret2', sha1/sha256_impl1.cpp:94) to 'sha256_transform' [219]  (7.17 ns)

 <State 32>: 7.17ns
The critical path consists of the following:
	'call' operation ('call_ret2', sha1/sha256_impl1.cpp:94) to 'sha256_transform' [219]  (7.17 ns)

 <State 33>: 7.17ns
The critical path consists of the following:
	'call' operation ('call_ret2', sha1/sha256_impl1.cpp:94) to 'sha256_transform' [219]  (7.17 ns)

 <State 34>: 7.17ns
The critical path consists of the following:
	'call' operation ('call_ret2', sha1/sha256_impl1.cpp:94) to 'sha256_transform' [219]  (7.17 ns)

 <State 35>: 7.17ns
The critical path consists of the following:
	'call' operation ('call_ret2', sha1/sha256_impl1.cpp:94) to 'sha256_transform' [219]  (7.17 ns)

 <State 36>: 7.17ns
The critical path consists of the following:
	'call' operation ('call_ret2', sha1/sha256_impl1.cpp:94) to 'sha256_transform' [219]  (7.17 ns)

 <State 37>: 7.17ns
The critical path consists of the following:
	'call' operation ('call_ret2', sha1/sha256_impl1.cpp:94) to 'sha256_transform' [219]  (7.17 ns)

 <State 38>: 7.17ns
The critical path consists of the following:
	'call' operation ('call_ret2', sha1/sha256_impl1.cpp:94) to 'sha256_transform' [219]  (7.17 ns)

 <State 39>: 7.17ns
The critical path consists of the following:
	'call' operation ('call_ret2', sha1/sha256_impl1.cpp:94) to 'sha256_transform' [219]  (7.17 ns)

 <State 40>: 7.17ns
The critical path consists of the following:
	'call' operation ('call_ret2', sha1/sha256_impl1.cpp:94) to 'sha256_transform' [219]  (7.17 ns)

 <State 41>: 7.17ns
The critical path consists of the following:
	'call' operation ('call_ret2', sha1/sha256_impl1.cpp:94) to 'sha256_transform' [219]  (7.17 ns)

 <State 42>: 7.17ns
The critical path consists of the following:
	'call' operation ('call_ret2', sha1/sha256_impl1.cpp:94) to 'sha256_transform' [219]  (7.17 ns)

 <State 43>: 7.17ns
The critical path consists of the following:
	'call' operation ('call_ret2', sha1/sha256_impl1.cpp:94) to 'sha256_transform' [219]  (7.17 ns)

 <State 44>: 7.17ns
The critical path consists of the following:
	'call' operation ('call_ret2', sha1/sha256_impl1.cpp:94) to 'sha256_transform' [219]  (7.17 ns)

 <State 45>: 7.17ns
The critical path consists of the following:
	'call' operation ('call_ret2', sha1/sha256_impl1.cpp:94) to 'sha256_transform' [219]  (7.17 ns)

 <State 46>: 7.17ns
The critical path consists of the following:
	'call' operation ('call_ret2', sha1/sha256_impl1.cpp:94) to 'sha256_transform' [219]  (7.17 ns)

 <State 47>: 7.17ns
The critical path consists of the following:
	'call' operation ('call_ret2', sha1/sha256_impl1.cpp:94) to 'sha256_transform' [219]  (7.17 ns)

 <State 48>: 7.17ns
The critical path consists of the following:
	'call' operation ('call_ret2', sha1/sha256_impl1.cpp:94) to 'sha256_transform' [219]  (7.17 ns)

 <State 49>: 7.17ns
The critical path consists of the following:
	'call' operation ('call_ret2', sha1/sha256_impl1.cpp:94) to 'sha256_transform' [219]  (7.17 ns)

 <State 50>: 7.17ns
The critical path consists of the following:
	'call' operation ('call_ret2', sha1/sha256_impl1.cpp:94) to 'sha256_transform' [219]  (7.17 ns)

 <State 51>: 7.17ns
The critical path consists of the following:
	'call' operation ('call_ret2', sha1/sha256_impl1.cpp:94) to 'sha256_transform' [219]  (7.17 ns)

 <State 52>: 7.17ns
The critical path consists of the following:
	'call' operation ('call_ret2', sha1/sha256_impl1.cpp:94) to 'sha256_transform' [219]  (7.17 ns)

 <State 53>: 6.98ns
The critical path consists of the following:
	'call' operation ('call_ret2', sha1/sha256_impl1.cpp:94) to 'sha256_transform' [219]  (6.59 ns)
	'store' operation ('store_ln97', sha1/sha256_impl1.cpp:97) of variable 'sha256ctx.state[5]', sha1/sha256_impl1.cpp:94 on local variable 'sha256ctx.state[5]' [232]  (0.387 ns)


============================================================
+ Verbose Summary: Binding
============================================================
N/A
* FSMD analyzer results:
  - Output states:
 - Input state : 
  - Chain level:
	State 1
	State 2
	State 3
	State 4
	State 5
	State 6
	State 7
	State 8
	State 9
	State 10
	State 11
	State 12
	State 13
	State 14
	State 15
	State 16
	State 17
	State 18
	State 19
	State 20
	State 21
	State 22
	State 23
	State 24
	State 25
	State 26
	State 27
	State 28
	State 29
	State 30
	State 31
	State 32
	State 33
	State 34
	State 35
	State 36
	State 37
	State 38
	State 39
	State 40
	State 41
	State 42
	State 43
	State 44
	State 45
	State 46
	State 47
	State 48
	State 49
	State 50
	State 51
	State 52
	State 53


============================================================
+ Verbose Summary: Datapath Resource usage 
============================================================
N/A
