

================================================================
== Vitis HLS Report for 'sha256_final_Pipeline_VITIS_LOOP_115_2'
================================================================
* Date:           Thu Jul 27 12:24:46 2023

* Version:        2022.1 (Build 3526262 on Mon Apr 18 15:47:01 MDT 2022)
* Project:        shat
* Solution:       solution1 (Vivado IP Flow Target)
* Product family: virtexuplus
* Target device:  xcu280-fsvh2892-2L-e


================================================================
== Performance Estimates
================================================================
+ Timing: 
    * Summary: 
    +--------+----------+----------+------------+
    |  Clock |  Target  | Estimated| Uncertainty|
    +--------+----------+----------+------------+
    |ap_clk  |  10.00 ns|  2.337 ns|     2.70 ns|
    +--------+----------+----------+------------+

+ Latency: 
    * Summary: 
    +---------+---------+----------+----------+-----+-----+---------+
    |  Latency (cycles) |  Latency (absolute) |  Interval | Pipeline|
    |   min   |   max   |    min   |    max   | min | max |   Type  |
    +---------+---------+----------+----------+-----+-----+---------+
    |        ?|        ?|         ?|         ?|    ?|    ?|       no|
    +---------+---------+----------+----------+-----+-----+---------+

    + Detail: 
        * Instance: 
        N/A

        * Loop: 
        +--------------------+---------+---------+----------+-----------+-----------+------+----------+
        |                    |  Latency (cycles) | Iteration|  Initiation Interval  | Trip |          |
        |      Loop Name     |   min   |   max   |  Latency |  achieved |   target  | Count| Pipelined|
        +--------------------+---------+---------+----------+-----------+-----------+------+----------+
        |- VITIS_LOOP_115_2  |        ?|        ?|         1|          1|          1|     ?|       yes|
        +--------------------+---------+---------+----------+-----------+-----------+------+----------+



================================================================
== Utilization Estimates
================================================================
* Summary: 
+---------------------+---------+------+---------+---------+-----+
|         Name        | BRAM_18K|  DSP |    FF   |   LUT   | URAM|
+---------------------+---------+------+---------+---------+-----+
|DSP                  |        -|     -|        -|        -|    -|
|Expression           |        -|     -|        0|       72|    -|
|FIFO                 |        -|     -|        -|        -|    -|
|Instance             |        -|     -|        -|        -|    -|
|Memory               |        -|     -|        -|        -|    -|
|Multiplexer          |        -|     -|        -|       36|    -|
|Register             |        -|     -|       42|        -|    -|
+---------------------+---------+------+---------+---------+-----+
|Total                |        0|     0|       42|      108|    0|
+---------------------+---------+------+---------+---------+-----+
|Available SLR        |     1344|  3008|   869120|   434560|  320|
+---------------------+---------+------+---------+---------+-----+
|Utilization SLR (%)  |        0|     0|       ~0|       ~0|    0|
+---------------------+---------+------+---------+---------+-----+
|Available            |     4032|  9024|  2607360|  1303680|  960|
+---------------------+---------+------+---------+---------+-----+
|Utilization (%)      |        0|     0|       ~0|       ~0|    0|
+---------------------+---------+------+---------+---------+-----+

+ Detail: 
    * Instance: 
    N/A

    * DSP: 
    N/A

    * Memory: 
    N/A

    * FIFO: 
    N/A

    * Expression: 
    +----------------------+----------+----+---+----+------------+------------+
    |     Variable Name    | Operation| DSP| FF| LUT| Bitwidth P0| Bitwidth P1|
    +----------------------+----------+----+---+----+------------+------------+
    |i_4_fu_85_p2          |         +|   0|  0|  39|          32|           1|
    |i_5_fu_110_p2         |         +|   0|  0|  14|           7|           1|
    |icmp_ln115_fu_101_p2  |      icmp|   0|  0|  17|          26|           1|
    |ap_enable_pp0         |       xor|   0|  0|   2|           1|           2|
    +----------------------+----------+----+---+----+------------+------------+
    |Total                 |          |   0|  0|  72|          66|           5|
    +----------------------+----------+----+---+----+------------+------------+

    * Multiplexer: 
    +-------------------------+----+-----------+-----+-----------+
    |           Name          | LUT| Input Size| Bits| Total Bits|
    +-------------------------+----+-----------+-----+-----------+
    |ap_done_int              |   9|          2|    1|          2|
    |ap_enable_reg_pp0_iter1  |   9|          2|    1|          2|
    |i_3_fu_42                |   9|          2|    7|         14|
    |i_fu_38                  |   9|          2|   32|         64|
    +-------------------------+----+-----------+-----+-----------+
    |Total                    |  36|          8|   41|         82|
    +-------------------------+----+-----------+-----+-----------+

    * Register: 
    +-------------------------+----+----+-----+-----------+
    |           Name          | FF | LUT| Bits| Const Bits|
    +-------------------------+----+----+-----+-----------+
    |ap_CS_fsm                |   1|   0|    1|          0|
    |ap_done_reg              |   1|   0|    1|          0|
    |ap_enable_reg_pp0_iter1  |   1|   0|    1|          0|
    |i_3_fu_42                |   7|   0|    7|          0|
    |i_fu_38                  |  32|   0|   32|          0|
    +-------------------------+----+----+-----+-----------+
    |Total                    |  42|   0|   42|          0|
    +-------------------------+----+----+-----+-----------+



================================================================
== Interface
================================================================
* Summary: 
+-------------------+-----+-----+------------+----------------------------------------+--------------+
|     RTL Ports     | Dir | Bits|  Protocol  |              Source Object             |    C Type    |
+-------------------+-----+-----+------------+----------------------------------------+--------------+
|ap_clk             |   in|    1|  ap_ctrl_hs|  sha256_final_Pipeline_VITIS_LOOP_115_2|  return value|
|ap_rst             |   in|    1|  ap_ctrl_hs|  sha256_final_Pipeline_VITIS_LOOP_115_2|  return value|
|ap_start           |   in|    1|  ap_ctrl_hs|  sha256_final_Pipeline_VITIS_LOOP_115_2|  return value|
|ap_done            |  out|    1|  ap_ctrl_hs|  sha256_final_Pipeline_VITIS_LOOP_115_2|  return value|
|ap_idle            |  out|    1|  ap_ctrl_hs|  sha256_final_Pipeline_VITIS_LOOP_115_2|  return value|
|ap_ready           |  out|    1|  ap_ctrl_hs|  sha256_final_Pipeline_VITIS_LOOP_115_2|  return value|
|trunc_ln           |   in|    7|     ap_none|                                trunc_ln|        scalar|
|p_read             |   in|   32|     ap_none|                                  p_read|        scalar|
|ctx_data_address0  |  out|    6|   ap_memory|                                ctx_data|         array|
|ctx_data_ce0       |  out|    1|   ap_memory|                                ctx_data|         array|
|ctx_data_we0       |  out|    1|   ap_memory|                                ctx_data|         array|
|ctx_data_d0        |  out|    8|   ap_memory|                                ctx_data|         array|
+-------------------+-----+-----+------------+----------------------------------------+--------------+

============================================================
+ Verbose Summary: Synthesis Manager
============================================================
InlineROM: 1
ExposeGlobal: 0
============================================================
+ Verbose Summary: CDFG Model
============================================================
IsTopModel: 0
ResetActiveHigh: 1
IsCombinational: 2
IsDatapathOnly: 2
HasWiredReturn: 1
HasMFsm: 2
HasVarLatency: 1
IsPipeline: 0
IsRtlPipelined: 0
IsInstanceOverlapped: 0
IsDontTouch: 0
HasImplIP: 0
IsGatedGlobalClock: 0

+ Individual pipeline summary: 
  * Pipeline-0: initiation interval (II) = 1, depth = 2


============================================================
+ Verbose Summary: Schedule
============================================================
* Number of FSM states : 2
* Pipeline : 1
  Pipeline-0 : II = 1, D = 2, States = { 1 2 }
* Dataflow Pipeline: 0

* FSM state transitions: 
1 --> 2 
2 --> 

* FSM state operations: 

State 1 <SV = 0> <Delay = 0.38>
ST_1 : Operation 4 [1/1] (0.00ns)   --->   "%i = alloca i32 1"   --->   Operation 4 'alloca' 'i' <Predicate = true> <Delay = 0.00>
ST_1 : Operation 5 [1/1] (0.00ns)   --->   "%i_3 = alloca i32 1"   --->   Operation 5 'alloca' 'i_3' <Predicate = true> <Delay = 0.00>
ST_1 : Operation 6 [1/1] (0.00ns)   --->   "%p_read_1 = read i32 @_ssdm_op_Read.ap_auto.i32, i32 %p_read"   --->   Operation 6 'read' 'p_read_1' <Predicate = true> <Delay = 0.00>
ST_1 : Operation 7 [1/1] (0.00ns)   --->   "%trunc_ln_read = read i7 @_ssdm_op_Read.ap_auto.i7, i7 %trunc_ln"   --->   Operation 7 'read' 'trunc_ln_read' <Predicate = true> <Delay = 0.00>
ST_1 : Operation 8 [1/1] (0.38ns)   --->   "%store_ln0 = store i7 %trunc_ln_read, i7 %i_3"   --->   Operation 8 'store' 'store_ln0' <Predicate = true> <Delay = 0.38>
ST_1 : Operation 9 [1/1] (0.38ns)   --->   "%store_ln0 = store i32 %p_read_1, i32 %i"   --->   Operation 9 'store' 'store_ln0' <Predicate = true> <Delay = 0.38>
ST_1 : Operation 10 [1/1] (0.00ns)   --->   "%br_ln0 = br void %while.body13"   --->   Operation 10 'br' 'br_ln0' <Predicate = true> <Delay = 0.00>

State 2 <SV = 1> <Delay = 2.33>
ST_2 : Operation 11 [1/1] (0.00ns)   --->   "%i_load = load i32 %i" [sha1/sha256_impl1.cpp:103]   --->   Operation 11 'load' 'i_load' <Predicate = true> <Delay = 0.00>
ST_2 : Operation 12 [1/1] (0.88ns)   --->   "%i_4 = add i32 %i_load, i32 1" [sha1/sha256_impl1.cpp:103]   --->   Operation 12 'add' 'i_4' <Predicate = true> <Delay = 0.88> <CoreInst = "Adder">   --->   Core 1 'Adder' <Latency = 0> <II = 1> <Delay = 0.88> <FuncUnit> <Opcode : 'add' 'sub'> <InPorts = 2> <OutPorts = 1>
ST_2 : Operation 13 [1/1] (0.00ns)   --->   "%specpipeline_ln0 = specpipeline void @_ssdm_op_SpecPipeline, i32 4294967295, i32 0, i32 1, i32 0, void @p_str"   --->   Operation 13 'specpipeline' 'specpipeline_ln0' <Predicate = true> <Delay = 0.00>
ST_2 : Operation 14 [1/1] (0.00ns)   --->   "%tmp = partselect i26 @_ssdm_op_PartSelect.i26.i32.i32.i32, i32 %i_4, i32 6, i32 31" [sha1/sha256_impl1.cpp:115]   --->   Operation 14 'partselect' 'tmp' <Predicate = true> <Delay = 0.00>
ST_2 : Operation 15 [1/1] (0.79ns)   --->   "%icmp_ln115 = icmp_eq  i26 %tmp, i26 0" [sha1/sha256_impl1.cpp:115]   --->   Operation 15 'icmp' 'icmp_ln115' <Predicate = true> <Delay = 0.79> <CoreInst = "Cmp">   --->   Core 9 'Cmp' <Latency = 0> <II = 1> <Delay = 0.79> <FuncUnit> <Opcode : 'icmp'> <InPorts = 2> <OutPorts = 1>
ST_2 : Operation 16 [1/1] (0.00ns)   --->   "%br_ln115 = br i1 %icmp_ln115, void %while.end18.loopexit.exitStub, void %while.body13.split" [sha1/sha256_impl1.cpp:115]   --->   Operation 16 'br' 'br_ln115' <Predicate = true> <Delay = 0.00>
ST_2 : Operation 17 [1/1] (0.00ns)   --->   "%i_3_load = load i7 %i_3" [sha1/sha256_impl1.cpp:116]   --->   Operation 17 'load' 'i_3_load' <Predicate = (icmp_ln115)> <Delay = 0.00>
ST_2 : Operation 18 [1/1] (0.70ns)   --->   "%i_5 = add i7 %i_3_load, i7 1" [sha1/sha256_impl1.cpp:116]   --->   Operation 18 'add' 'i_5' <Predicate = (icmp_ln115)> <Delay = 0.70> <CoreInst = "Adder">   --->   Core 1 'Adder' <Latency = 0> <II = 1> <Delay = 0.70> <FuncUnit> <Opcode : 'add' 'sub'> <InPorts = 2> <OutPorts = 1>
ST_2 : Operation 19 [1/1] (0.00ns)   --->   "%i_2_cast = zext i7 %i_5" [sha1/sha256_impl1.cpp:116]   --->   Operation 19 'zext' 'i_2_cast' <Predicate = (icmp_ln115)> <Delay = 0.00>
ST_2 : Operation 20 [1/1] (0.00ns)   --->   "%specloopname_ln103 = specloopname void @_ssdm_op_SpecLoopName, void @empty_7" [sha1/sha256_impl1.cpp:103]   --->   Operation 20 'specloopname' 'specloopname_ln103' <Predicate = (icmp_ln115)> <Delay = 0.00>
ST_2 : Operation 21 [1/1] (0.00ns)   --->   "%ctx_data_addr = getelementptr i8 %ctx_data, i64 0, i64 %i_2_cast" [sha1/sha256_impl1.cpp:116]   --->   Operation 21 'getelementptr' 'ctx_data_addr' <Predicate = (icmp_ln115)> <Delay = 0.00>
ST_2 : Operation 22 [1/1] (0.66ns)   --->   "%store_ln116 = store i8 0, i6 %ctx_data_addr" [sha1/sha256_impl1.cpp:116]   --->   Operation 22 'store' 'store_ln116' <Predicate = (icmp_ln115)> <Delay = 0.66> <CoreInst = "RAM">   --->   Core 83 'RAM' <Latency = 1> <II = 1> <Delay = 0.66> <Storage> <Opcode : 'load' 'store'> <Ports = 2> <Width = 8> <Depth = 64> <RAM>
ST_2 : Operation 23 [1/1] (0.38ns)   --->   "%store_ln115 = store i7 %i_5, i7 %i_3" [sha1/sha256_impl1.cpp:115]   --->   Operation 23 'store' 'store_ln115' <Predicate = (icmp_ln115)> <Delay = 0.38>
ST_2 : Operation 24 [1/1] (0.38ns)   --->   "%store_ln115 = store i32 %i_4, i32 %i" [sha1/sha256_impl1.cpp:115]   --->   Operation 24 'store' 'store_ln115' <Predicate = (icmp_ln115)> <Delay = 0.38>
ST_2 : Operation 25 [1/1] (0.00ns)   --->   "%br_ln115 = br void %while.body13" [sha1/sha256_impl1.cpp:115]   --->   Operation 25 'br' 'br_ln115' <Predicate = (icmp_ln115)> <Delay = 0.00>
ST_2 : Operation 26 [1/1] (0.00ns)   --->   "%ret_ln0 = ret"   --->   Operation 26 'ret' 'ret_ln0' <Predicate = (!icmp_ln115)> <Delay = 0.00>


============================================================
+ Verbose Summary: Binding
============================================================
STG Binding: 
---------------- STG Properties BEGIN ----------------
- Is combinational: 0
- Is one-state seq: 0
- Is datapath-only: 0
- Is pipelined: 0
- Is top level: 0
Port [ Return ] is wired: 1; IO mode=ap_ctrl_hs:ce=0
Port [ trunc_ln]:  wired=1; compound=0; hidden=0; nouse=0; global=0; static=0; extern=0; dir=0; type=0; pingpong=0; private_global=0; IO mode=ap_none:ce=0
Port [ p_read]:  wired=1; compound=0; hidden=0; nouse=0; global=0; static=0; extern=0; dir=0; type=0; pingpong=0; private_global=0; IO mode=ap_none:ce=0
Port [ ctx_data]:  wired=1; compound=1; hidden=0; nouse=0; global=0; static=0; extern=0; dir=1; type=1; pingpong=0; private_global=0; MemPort=[03]; IO mode=ap_memory:ce=0
---------------- STG Properties END ------------------

---------------- Datapath Model BEGIN ----------------

<LifeTime>
<method=bitvector/>
i                  (alloca       ) [ 011]
i_3                (alloca       ) [ 011]
p_read_1           (read         ) [ 000]
trunc_ln_read      (read         ) [ 000]
store_ln0          (store        ) [ 000]
store_ln0          (store        ) [ 000]
br_ln0             (br           ) [ 000]
i_load             (load         ) [ 000]
i_4                (add          ) [ 000]
specpipeline_ln0   (specpipeline ) [ 000]
tmp                (partselect   ) [ 000]
icmp_ln115         (icmp         ) [ 011]
br_ln115           (br           ) [ 000]
i_3_load           (load         ) [ 000]
i_5                (add          ) [ 000]
i_2_cast           (zext         ) [ 000]
specloopname_ln103 (specloopname ) [ 000]
ctx_data_addr      (getelementptr) [ 000]
store_ln116        (store        ) [ 000]
store_ln115        (store        ) [ 000]
store_ln115        (store        ) [ 000]
br_ln115           (br           ) [ 000]
ret_ln0            (ret          ) [ 000]
</LifeTime>

<model>

<comp_list>
<comp id="0" class="1000" name="trunc_ln">
<pin_list>
<pin id="1" dir="1" index="0" bw="1" slack="0"/>
</pin_list>
<bind>
<StgValue><ssdm name="trunc_ln"/></StgValue>
</bind>
</comp>

<comp id="2" class="1000" name="p_read">
<pin_list>
<pin id="3" dir="1" index="0" bw="1" slack="0"/>
</pin_list>
<bind>
<StgValue><ssdm name="p_read"/></StgValue>
</bind>
</comp>

<comp id="4" class="1000" name="ctx_data">
<pin_list>
<pin id="5" dir="1" index="0" bw="1" slack="0"/>
</pin_list>
<bind>
<StgValue><ssdm name="ctx_data"/><MemPortTyVec>0 3 </MemPortTyVec>
</StgValue>
</bind>
</comp>

<comp id="6" class="1001" name="const_6">
<pin_list>
<pin id="7" dir="1" index="0" bw="1" slack="0"/>
</pin_list>
<bind>
<StgValue><ssdm name=""/></StgValue>
</bind>
</comp>

<comp id="8" class="1001" name="const_8">
<pin_list>
<pin id="9" dir="1" index="0" bw="1" slack="0"/>
</pin_list>
<bind>
<StgValue><ssdm name="_ssdm_op_Read.ap_auto.i32"/></StgValue>
</bind>
</comp>

<comp id="10" class="1001" name="const_10">
<pin_list>
<pin id="11" dir="1" index="0" bw="1" slack="0"/>
</pin_list>
<bind>
<StgValue><ssdm name="_ssdm_op_Read.ap_auto.i7"/></StgValue>
</bind>
</comp>

<comp id="12" class="1001" name="const_12">
<pin_list>
<pin id="13" dir="1" index="0" bw="1" slack="2147483647"/>
</pin_list>
<bind>
<StgValue><ssdm name="_ssdm_op_SpecPipeline"/></StgValue>
</bind>
</comp>

<comp id="14" class="1001" name="const_14">
<pin_list>
<pin id="15" dir="1" index="0" bw="1" slack="2147483647"/>
</pin_list>
<bind>
<StgValue><ssdm name=""/></StgValue>
</bind>
</comp>

<comp id="16" class="1001" name="const_16">
<pin_list>
<pin id="17" dir="1" index="0" bw="1" slack="2147483647"/>
</pin_list>
<bind>
<StgValue><ssdm name=""/></StgValue>
</bind>
</comp>

<comp id="18" class="1001" name="const_18">
<pin_list>
<pin id="19" dir="1" index="0" bw="1" slack="2147483647"/>
</pin_list>
<bind>
<StgValue><ssdm name="p_str"/></StgValue>
</bind>
</comp>

<comp id="20" class="1001" name="const_20">
<pin_list>
<pin id="21" dir="1" index="0" bw="1" slack="0"/>
</pin_list>
<bind>
<StgValue><ssdm name="_ssdm_op_PartSelect.i26.i32.i32.i32"/></StgValue>
</bind>
</comp>

<comp id="22" class="1001" name="const_22">
<pin_list>
<pin id="23" dir="1" index="0" bw="1" slack="0"/>
</pin_list>
<bind>
<StgValue><ssdm name=""/></StgValue>
</bind>
</comp>

<comp id="24" class="1001" name="const_24">
<pin_list>
<pin id="25" dir="1" index="0" bw="1" slack="0"/>
</pin_list>
<bind>
<StgValue><ssdm name=""/></StgValue>
</bind>
</comp>

<comp id="26" class="1001" name="const_26">
<pin_list>
<pin id="27" dir="1" index="0" bw="1" slack="0"/>
</pin_list>
<bind>
<StgValue><ssdm name=""/></StgValue>
</bind>
</comp>

<comp id="28" class="1001" name="const_28">
<pin_list>
<pin id="29" dir="1" index="0" bw="1" slack="0"/>
</pin_list>
<bind>
<StgValue><ssdm name=""/></StgValue>
</bind>
</comp>

<comp id="30" class="1001" name="const_30">
<pin_list>
<pin id="31" dir="1" index="0" bw="1" slack="2147483647"/>
</pin_list>
<bind>
<StgValue><ssdm name="_ssdm_op_SpecLoopName"/></StgValue>
</bind>
</comp>

<comp id="32" class="1001" name="const_32">
<pin_list>
<pin id="33" dir="1" index="0" bw="1" slack="2147483647"/>
</pin_list>
<bind>
<StgValue><ssdm name="empty_7"/></StgValue>
</bind>
</comp>

<comp id="34" class="1001" name="const_34">
<pin_list>
<pin id="35" dir="1" index="0" bw="1" slack="0"/>
</pin_list>
<bind>
<StgValue><ssdm name=""/></StgValue>
</bind>
</comp>

<comp id="36" class="1001" name="const_36">
<pin_list>
<pin id="37" dir="1" index="0" bw="1" slack="0"/>
</pin_list>
<bind>
<StgValue><ssdm name=""/></StgValue>
</bind>
</comp>

<comp id="38" class="1004" name="i_fu_38">
<pin_list>
<pin id="39" dir="0" index="0" bw="1" slack="0"/>
<pin id="40" dir="1" index="1" bw="32" slack="0"/>
</pin_list>
<bind>
<opcode="alloca(26) " fcode="alloca"/>
<opset="i/1 "/>
</bind>
</comp>

<comp id="42" class="1004" name="i_3_fu_42">
<pin_list>
<pin id="43" dir="0" index="0" bw="1" slack="0"/>
<pin id="44" dir="1" index="1" bw="7" slack="0"/>
</pin_list>
<bind>
<opcode="alloca(26) " fcode="alloca"/>
<opset="i_3/1 "/>
</bind>
</comp>

<comp id="46" class="1004" name="p_read_1_read_fu_46">
<pin_list>
<pin id="47" dir="0" index="0" bw="32" slack="0"/>
<pin id="48" dir="0" index="1" bw="32" slack="0"/>
<pin id="49" dir="1" index="2" bw="32" slack="0"/>
</pin_list>
<bind>
<opcode="read(1150) " fcode="read"/>
<opset="p_read_1/1 "/>
</bind>
</comp>

<comp id="52" class="1004" name="trunc_ln_read_read_fu_52">
<pin_list>
<pin id="53" dir="0" index="0" bw="7" slack="0"/>
<pin id="54" dir="0" index="1" bw="7" slack="0"/>
<pin id="55" dir="1" index="2" bw="7" slack="0"/>
</pin_list>
<bind>
<opcode="read(1150) " fcode="read"/>
<opset="trunc_ln_read/1 "/>
</bind>
</comp>

<comp id="58" class="1004" name="ctx_data_addr_gep_fu_58">
<pin_list>
<pin id="59" dir="0" index="0" bw="8" slack="0"/>
<pin id="60" dir="0" index="1" bw="1" slack="0"/>
<pin id="61" dir="0" index="2" bw="7" slack="0"/>
<pin id="62" dir="1" index="3" bw="6" slack="0"/>
</pin_list>
<bind>
<opcode="getelementptr(29) " fcode="getelementptr"/>
<opset="ctx_data_addr/2 "/>
</bind>
</comp>

<comp id="65" class="1004" name="store_ln116_access_fu_65">
<pin_list>
<pin id="66" dir="0" index="0" bw="6" slack="0"/>
<pin id="67" dir="0" index="1" bw="8" slack="0"/>
<pin id="68" dir="0" index="2" bw="0" slack="2147483647"/>
<pin id="69" dir="1" index="3" bw="8" slack="2147483647"/>
</pin_list>
<bind>
<opcode="store(28) " fcode="store"/>
<opset="store_ln116/2 "/>
</bind>
</comp>

<comp id="72" class="1004" name="store_ln0_store_fu_72">
<pin_list>
<pin id="73" dir="0" index="0" bw="7" slack="0"/>
<pin id="74" dir="0" index="1" bw="7" slack="0"/>
<pin id="75" dir="1" index="2" bw="0" slack="2147483647"/>
</pin_list>
<bind>
<opcode="store(28) " fcode="store"/>
<opset="store_ln0/1 "/>
</bind>
</comp>

<comp id="77" class="1004" name="store_ln0_store_fu_77">
<pin_list>
<pin id="78" dir="0" index="0" bw="32" slack="0"/>
<pin id="79" dir="0" index="1" bw="32" slack="0"/>
<pin id="80" dir="1" index="2" bw="0" slack="2147483647"/>
</pin_list>
<bind>
<opcode="store(28) " fcode="store"/>
<opset="store_ln0/1 "/>
</bind>
</comp>

<comp id="82" class="1004" name="i_load_load_fu_82">
<pin_list>
<pin id="83" dir="0" index="0" bw="32" slack="1"/>
<pin id="84" dir="1" index="1" bw="32" slack="0"/>
</pin_list>
<bind>
<opcode="load(27) " fcode="load"/>
<opset="i_load/2 "/>
</bind>
</comp>

<comp id="85" class="1004" name="i_4_fu_85">
<pin_list>
<pin id="86" dir="0" index="0" bw="32" slack="0"/>
<pin id="87" dir="0" index="1" bw="1" slack="0"/>
<pin id="88" dir="1" index="2" bw="32" slack="0"/>
</pin_list>
<bind>
<opcode="add(8) " fcode="add"/>
<opset="i_4/2 "/>
</bind>
</comp>

<comp id="91" class="1004" name="tmp_fu_91">
<pin_list>
<pin id="92" dir="0" index="0" bw="26" slack="0"/>
<pin id="93" dir="0" index="1" bw="32" slack="0"/>
<pin id="94" dir="0" index="2" bw="4" slack="0"/>
<pin id="95" dir="0" index="3" bw="6" slack="0"/>
<pin id="96" dir="1" index="4" bw="26" slack="0"/>
</pin_list>
<bind>
<opcode="partselect(1002) " fcode="partselect"/>
<opset="tmp/2 "/>
</bind>
</comp>

<comp id="101" class="1004" name="icmp_ln115_fu_101">
<pin_list>
<pin id="102" dir="0" index="0" bw="26" slack="0"/>
<pin id="103" dir="0" index="1" bw="26" slack="0"/>
<pin id="104" dir="1" index="2" bw="1" slack="2147483647"/>
</pin_list>
<bind>
<opcode="icmp(45) " fcode="icmp"/>
<opset="icmp_ln115/2 "/>
</bind>
</comp>

<comp id="107" class="1004" name="i_3_load_load_fu_107">
<pin_list>
<pin id="108" dir="0" index="0" bw="7" slack="1"/>
<pin id="109" dir="1" index="1" bw="7" slack="0"/>
</pin_list>
<bind>
<opcode="load(27) " fcode="load"/>
<opset="i_3_load/2 "/>
</bind>
</comp>

<comp id="110" class="1004" name="i_5_fu_110">
<pin_list>
<pin id="111" dir="0" index="0" bw="7" slack="0"/>
<pin id="112" dir="0" index="1" bw="1" slack="0"/>
<pin id="113" dir="1" index="2" bw="7" slack="0"/>
</pin_list>
<bind>
<opcode="add(8) " fcode="add"/>
<opset="i_5/2 "/>
</bind>
</comp>

<comp id="116" class="1004" name="i_2_cast_fu_116">
<pin_list>
<pin id="117" dir="0" index="0" bw="7" slack="0"/>
<pin id="118" dir="1" index="1" bw="64" slack="0"/>
</pin_list>
<bind>
<opcode="zext(34) " fcode="zext"/>
<opset="i_2_cast/2 "/>
</bind>
</comp>

<comp id="121" class="1004" name="store_ln115_store_fu_121">
<pin_list>
<pin id="122" dir="0" index="0" bw="7" slack="0"/>
<pin id="123" dir="0" index="1" bw="7" slack="1"/>
<pin id="124" dir="1" index="2" bw="0" slack="2147483647"/>
</pin_list>
<bind>
<opcode="store(28) " fcode="store"/>
<opset="store_ln115/2 "/>
</bind>
</comp>

<comp id="126" class="1004" name="store_ln115_store_fu_126">
<pin_list>
<pin id="127" dir="0" index="0" bw="32" slack="0"/>
<pin id="128" dir="0" index="1" bw="32" slack="1"/>
<pin id="129" dir="1" index="2" bw="0" slack="2147483647"/>
</pin_list>
<bind>
<opcode="store(28) " fcode="store"/>
<opset="store_ln115/2 "/>
</bind>
</comp>

<comp id="131" class="1005" name="i_reg_131">
<pin_list>
<pin id="132" dir="0" index="0" bw="32" slack="0"/>
<pin id="133" dir="1" index="1" bw="32" slack="0"/>
</pin_list>
<bind>
<opset="i "/>
</bind>
</comp>

<comp id="138" class="1005" name="i_3_reg_138">
<pin_list>
<pin id="139" dir="0" index="0" bw="7" slack="0"/>
<pin id="140" dir="1" index="1" bw="7" slack="0"/>
</pin_list>
<bind>
<opset="i_3 "/>
</bind>
</comp>

</comp_list>

<net_list>
<net id="41"><net_src comp="6" pin="0"/><net_sink comp="38" pin=0"/></net>

<net id="45"><net_src comp="6" pin="0"/><net_sink comp="42" pin=0"/></net>

<net id="50"><net_src comp="8" pin="0"/><net_sink comp="46" pin=0"/></net>

<net id="51"><net_src comp="2" pin="0"/><net_sink comp="46" pin=1"/></net>

<net id="56"><net_src comp="10" pin="0"/><net_sink comp="52" pin=0"/></net>

<net id="57"><net_src comp="0" pin="0"/><net_sink comp="52" pin=1"/></net>

<net id="63"><net_src comp="4" pin="0"/><net_sink comp="58" pin=0"/></net>

<net id="64"><net_src comp="34" pin="0"/><net_sink comp="58" pin=1"/></net>

<net id="70"><net_src comp="36" pin="0"/><net_sink comp="65" pin=1"/></net>

<net id="71"><net_src comp="58" pin="3"/><net_sink comp="65" pin=0"/></net>

<net id="76"><net_src comp="52" pin="2"/><net_sink comp="72" pin=0"/></net>

<net id="81"><net_src comp="46" pin="2"/><net_sink comp="77" pin=0"/></net>

<net id="89"><net_src comp="82" pin="1"/><net_sink comp="85" pin=0"/></net>

<net id="90"><net_src comp="6" pin="0"/><net_sink comp="85" pin=1"/></net>

<net id="97"><net_src comp="20" pin="0"/><net_sink comp="91" pin=0"/></net>

<net id="98"><net_src comp="85" pin="2"/><net_sink comp="91" pin=1"/></net>

<net id="99"><net_src comp="22" pin="0"/><net_sink comp="91" pin=2"/></net>

<net id="100"><net_src comp="24" pin="0"/><net_sink comp="91" pin=3"/></net>

<net id="105"><net_src comp="91" pin="4"/><net_sink comp="101" pin=0"/></net>

<net id="106"><net_src comp="26" pin="0"/><net_sink comp="101" pin=1"/></net>

<net id="114"><net_src comp="107" pin="1"/><net_sink comp="110" pin=0"/></net>

<net id="115"><net_src comp="28" pin="0"/><net_sink comp="110" pin=1"/></net>

<net id="119"><net_src comp="110" pin="2"/><net_sink comp="116" pin=0"/></net>

<net id="120"><net_src comp="116" pin="1"/><net_sink comp="58" pin=2"/></net>

<net id="125"><net_src comp="110" pin="2"/><net_sink comp="121" pin=0"/></net>

<net id="130"><net_src comp="85" pin="2"/><net_sink comp="126" pin=0"/></net>

<net id="134"><net_src comp="38" pin="1"/><net_sink comp="131" pin=0"/></net>

<net id="135"><net_src comp="131" pin="1"/><net_sink comp="77" pin=1"/></net>

<net id="136"><net_src comp="131" pin="1"/><net_sink comp="82" pin=0"/></net>

<net id="137"><net_src comp="131" pin="1"/><net_sink comp="126" pin=1"/></net>

<net id="141"><net_src comp="42" pin="1"/><net_sink comp="138" pin=0"/></net>

<net id="142"><net_src comp="138" pin="1"/><net_sink comp="72" pin=1"/></net>

<net id="143"><net_src comp="138" pin="1"/><net_sink comp="107" pin=0"/></net>

<net id="144"><net_src comp="138" pin="1"/><net_sink comp="121" pin=1"/></net>

</net_list>

</model> 
---------------- Datapath Model END ------------------

* FSMD analyzer results:
  - Output states:
	Port: ctx_data | {2 }
 - Input state : 
	Port: sha256_final_Pipeline_VITIS_LOOP_115_2 : trunc_ln | {1 }
	Port: sha256_final_Pipeline_VITIS_LOOP_115_2 : p_read | {1 }
	Port: sha256_final_Pipeline_VITIS_LOOP_115_2 : ctx_data | {}
  - Chain level:
	State 1
	State 2
		i_4 : 1
		tmp : 2
		icmp_ln115 : 3
		br_ln115 : 4
		i_5 : 1
		i_2_cast : 2
		ctx_data_addr : 3
		store_ln116 : 4
		store_ln115 : 2
		store_ln115 : 2


============================================================
+ Verbose Summary: Datapath Resource usage 
============================================================

* Functional unit list:
|----------|--------------------------|---------|---------|
| Operation|      Functional Unit     |    FF   |   LUT   |
|----------|--------------------------|---------|---------|
|    add   |         i_4_fu_85        |    0    |    39   |
|          |        i_5_fu_110        |    0    |    14   |
|----------|--------------------------|---------|---------|
|   icmp   |     icmp_ln115_fu_101    |    0    |    17   |
|----------|--------------------------|---------|---------|
|   read   |    p_read_1_read_fu_46   |    0    |    0    |
|          | trunc_ln_read_read_fu_52 |    0    |    0    |
|----------|--------------------------|---------|---------|
|partselect|         tmp_fu_91        |    0    |    0    |
|----------|--------------------------|---------|---------|
|   zext   |      i_2_cast_fu_116     |    0    |    0    |
|----------|--------------------------|---------|---------|
|   Total  |                          |    0    |    70   |
|----------|--------------------------|---------|---------|

Memories:
N/A

* Register list:
+-----------+--------+
|           |   FF   |
+-----------+--------+
|i_3_reg_138|    7   |
| i_reg_131 |   32   |
+-----------+--------+
|   Total   |   39   |
+-----------+--------+

* Multiplexer (MUX) list: 
|--------|------|------|------|--------|
|  Comp  |  Pin | Size |  BW  | S x BW |
|--------|------|------|------|--------|
|  Total |      |      |      |    0   |
|--------|------|------|------|--------|



* Summary:
+-----------+--------+--------+
|           |   FF   |   LUT  |
+-----------+--------+--------+
|  Function |    0   |   70   |
|   Memory  |    -   |    -   |
|Multiplexer|    -   |    -   |
|  Register |   39   |    -   |
+-----------+--------+--------+
|   Total   |   39   |   70   |
+-----------+--------+--------+
