

================================================================
== Vitis HLS Report for 'sha256'
================================================================
* Date:           Thu Jul 27 12:24:28 2023

* Version:        2022.1 (Build 3526262 on Mon Apr 18 15:47:01 MDT 2022)
* Project:        shat
* Solution:       solution1 (Vivado IP Flow Target)
* Product family: virtexuplus
* Target device:  xcu280-fsvh2892-2L-e


================================================================
== Performance Estimates
================================================================
+ Timing: 
    * Summary: 
    +--------+----------+----------+------------+
    |  Clock |  Target  | Estimated| Uncertainty|
    +--------+----------+----------+------------+
    |ap_clk  |  10.00 ns|  7.175 ns|     2.70 ns|
    +--------+----------+----------+------------+

+ Latency: 
    * Summary: 
    +---------+---------+----------+----------+-----+-----+---------+
    |  Latency (cycles) |  Latency (absolute) |  Interval | Pipeline|
    |   min   |   max   |    min   |    max   | min | max |   Type  |
    +---------+---------+----------+----------+-----+-----+---------+
    |        ?|        ?|         ?|         ?|    ?|    ?|       no|
    +---------+---------+----------+----------+-----+-----+---------+

    + Detail: 
        * Instance: 
        +-------------------+---------+---------+---------+----------+----------+-----+-----+---------+
        |                   |         |  Latency (cycles) |  Latency (absolute) |  Interval | Pipeline|
        |      Instance     |  Module |   min   |   max   |    min   |    max   | min | max |   Type  |
        +-------------------+---------+---------+---------+----------+----------+-----+-----+---------+
        |grp_sha2561_fu_43  |sha2561  |        ?|        ?|         ?|         ?|    ?|    ?|       no|
        +-------------------+---------+---------+---------+----------+----------+-----+-----+---------+

        * Loop: 
        N/A

============================================================
+ Verbose Summary: Synthesis Manager
============================================================
InlineROM: 1
ExposeGlobal: 0
============================================================
+ Verbose Summary: CDFG Model
============================================================
IsTopModel: 1
ResetActiveHigh: 1
IsCombinational: 0
IsDatapathOnly: 0
HasWiredReturn: 1
HasMFsm: 0
HasVarLatency: 1
IsPipeline: 0
IsRtlPipelined: 0
IsInstanceOverlapped: 0
IsDontTouch: 0
HasImplIP: 0
IsGatedGlobalClock: 0


============================================================
+ Verbose Summary: Schedule
============================================================
* Number of FSM states : 4
* Pipeline : 0
* Dataflow Pipeline: 0

* FSM state transitions: 
1 --> 2 
2 --> 3 
3 --> 4 
4 --> 

* FSM state operations: 

State 1 <SV = 0> <Delay = 0.00>

State 2 <SV = 1> <Delay = 1.83>
ST_2 : Operation 5 [2/2] (1.83ns)   --->   "%call_ret = call i518 @sha2561, i584 %input_r" [sha256.cpp:54]   --->   Operation 5 'call' 'call_ret' <Predicate = true> <Delay = 1.83> <CoreType = "Generic">   --->   Core 0 '' <Latency = 0> <II = 1> <Delay = 1.00> <Generic> <Opcode : >

State 3 <SV = 2> <Delay = 0.30>
ST_3 : Operation 6 [1/2] (0.30ns)   --->   "%call_ret = call i518 @sha2561, i584 %input_r" [sha256.cpp:54]   --->   Operation 6 'call' 'call_ret' <Predicate = true> <Delay = 0.30> <CoreType = "Generic">   --->   Core 0 '' <Latency = 0> <II = 1> <Delay = 1.00> <Generic> <Opcode : >
ST_3 : Operation 7 [1/1] (0.00ns)   --->   "%hash_tdata_V = extractvalue i518 %call_ret" [sha256.cpp:54]   --->   Operation 7 'extractvalue' 'hash_tdata_V' <Predicate = true> <Delay = 0.00>
ST_3 : Operation 8 [1/1] (0.00ns)   --->   "%hash_tid_V = extractvalue i518 %call_ret" [sha256.cpp:54]   --->   Operation 8 'extractvalue' 'hash_tid_V' <Predicate = true> <Delay = 0.00>
ST_3 : Operation 9 [1/1] (0.00ns)   --->   "%zext_ln174_cast = bitconcatenate i583 @_ssdm_op_BitConcatenate.i583.i1.i6.i64.i512, i1 1, i6 %hash_tid_V, i64 18446744073709551615, i512 %hash_tdata_V" [/share/xilinx/Vitis_HLS/2022.1/common/technology/autopilot/hls_stream_39.h:174]   --->   Operation 9 'bitconcatenate' 'zext_ln174_cast' <Predicate = true> <Delay = 0.00>
ST_3 : Operation 10 [1/1] (0.00ns)   --->   "%zext_ln174 = zext i583 %zext_ln174_cast" [/share/xilinx/Vitis_HLS/2022.1/common/technology/autopilot/hls_stream_39.h:174]   --->   Operation 10 'zext' 'zext_ln174' <Predicate = true> <Delay = 0.00>
ST_3 : Operation 11 [2/2] (0.00ns)   --->   "%write_ln174 = write void @_ssdm_op_Write.axis.volatile.i584P128A, i584 %output_r, i584 %zext_ln174" [/share/xilinx/Vitis_HLS/2022.1/common/technology/autopilot/hls_stream_39.h:174]   --->   Operation 11 'write' 'write_ln174' <Predicate = true> <Delay = 0.00> <CoreInst = "axis">   --->   Core 123 'axis' <Latency = 0> <II = 1> <Delay = 1.00> <Adapter> <Opcode : >

State 4 <SV = 3> <Delay = 0.00>
ST_4 : Operation 12 [1/1] (0.00ns)   --->   "%spectopmodule_ln41 = spectopmodule void @_ssdm_op_SpecTopModule, void @empty_2" [sha256.cpp:41]   --->   Operation 12 'spectopmodule' 'spectopmodule_ln41' <Predicate = true> <Delay = 0.00>
ST_4 : Operation 13 [1/1] (0.00ns)   --->   "%specinterface_ln41 = specinterface void @_ssdm_op_SpecInterface, i32 0, void @empty_3, i32 0, i32 0, void @empty_1, i32 0, i32 0, void @empty_1, void @empty_1, void @empty_1, i32 0, i32 0, i32 0, i32 0, void @empty_1, void @empty_1, i32 4294967295, i32 0" [sha256.cpp:41]   --->   Operation 13 'specinterface' 'specinterface_ln41' <Predicate = true> <Delay = 0.00>
ST_4 : Operation 14 [1/1] (0.00ns)   --->   "%specinterface_ln0 = specinterface void @_ssdm_op_SpecInterface, i584 %input_r, void @empty, i32 1, i32 1, void @empty_0, i32 0, i32 0, void @empty_1, void @empty_1, void @empty_1, i32 0, i32 0, i32 0, i32 0, void @empty_1, void @empty_1, i32 4294967295, i32 0"   --->   Operation 14 'specinterface' 'specinterface_ln0' <Predicate = true> <Delay = 0.00>
ST_4 : Operation 15 [1/1] (0.00ns)   --->   "%specbitsmap_ln0 = specbitsmap void @_ssdm_op_SpecBitsMap, i584 %input_r"   --->   Operation 15 'specbitsmap' 'specbitsmap_ln0' <Predicate = true> <Delay = 0.00>
ST_4 : Operation 16 [1/1] (0.00ns)   --->   "%specinterface_ln0 = specinterface void @_ssdm_op_SpecInterface, i584 %output_r, void @empty, i32 1, i32 1, void @empty_0, i32 0, i32 0, void @empty_1, void @empty_1, void @empty_1, i32 0, i32 0, i32 0, i32 0, void @empty_1, void @empty_1, i32 4294967295, i32 0"   --->   Operation 16 'specinterface' 'specinterface_ln0' <Predicate = true> <Delay = 0.00>
ST_4 : Operation 17 [1/1] (0.00ns)   --->   "%specbitsmap_ln0 = specbitsmap void @_ssdm_op_SpecBitsMap, i584 %output_r"   --->   Operation 17 'specbitsmap' 'specbitsmap_ln0' <Predicate = true> <Delay = 0.00>
ST_4 : Operation 18 [1/2] (0.00ns)   --->   "%write_ln174 = write void @_ssdm_op_Write.axis.volatile.i584P128A, i584 %output_r, i584 %zext_ln174" [/share/xilinx/Vitis_HLS/2022.1/common/technology/autopilot/hls_stream_39.h:174]   --->   Operation 18 'write' 'write_ln174' <Predicate = true> <Delay = 0.00> <CoreInst = "axis">   --->   Core 123 'axis' <Latency = 0> <II = 1> <Delay = 1.00> <Adapter> <Opcode : >
ST_4 : Operation 19 [1/1] (0.00ns)   --->   "%ret_ln96 = ret" [sha256.cpp:96]   --->   Operation 19 'ret' 'ret_ln96' <Predicate = true> <Delay = 0.00>


============================================================
+ Verbose Summary: Binding
============================================================
STG Binding: 
---------------- STG Properties BEGIN ----------------
- Is combinational: 0
- Is one-state seq: 0
- Is datapath-only: 0
- Is pipelined: 0
- Is top level: 1
Port [ Return ] is wired: 1; IO mode=ap_ctrl_none:ce=0
Port [ input_r]:  wired=1; compound=1; hidden=0; nouse=0; global=0; static=0; extern=0; dir=0; type=0; pingpong=0; private_global=0; IO mode=axis:ce=0
Port [ output_r]:  wired=1; compound=1; hidden=0; nouse=0; global=0; static=0; extern=0; dir=1; type=0; pingpong=0; private_global=0; IO mode=axis:ce=0
---------------- STG Properties END ------------------

---------------- Datapath Model BEGIN ----------------

<LifeTime>
<method=bitvector/>
call_ret           (call          ) [ 00000]
hash_tdata_V       (extractvalue  ) [ 00000]
hash_tid_V         (extractvalue  ) [ 00000]
zext_ln174_cast    (bitconcatenate) [ 00000]
zext_ln174         (zext          ) [ 00001]
spectopmodule_ln41 (spectopmodule ) [ 00000]
specinterface_ln41 (specinterface ) [ 00000]
specinterface_ln0  (specinterface ) [ 00000]
specbitsmap_ln0    (specbitsmap   ) [ 00000]
specinterface_ln0  (specinterface ) [ 00000]
specbitsmap_ln0    (specbitsmap   ) [ 00000]
write_ln174        (write         ) [ 00000]
ret_ln96           (ret           ) [ 00000]
</LifeTime>

<model>

<comp_list>
<comp id="0" class="1000" name="input_r">
<pin_list>
<pin id="1" dir="1" index="0" bw="1" slack="0"/>
</pin_list>
<bind>
<StgValue><ssdm name="input_r"/></StgValue>
</bind>
</comp>

<comp id="2" class="1000" name="output_r">
<pin_list>
<pin id="3" dir="1" index="0" bw="1" slack="0"/>
</pin_list>
<bind>
<StgValue><ssdm name="output_r"/></StgValue>
</bind>
</comp>

<comp id="4" class="1001" name="const_4">
<pin_list>
<pin id="5" dir="1" index="0" bw="1" slack="0"/>
</pin_list>
<bind>
<StgValue><ssdm name="sha2561"/></StgValue>
</bind>
</comp>

<comp id="6" class="1001" name="const_6">
<pin_list>
<pin id="7" dir="1" index="0" bw="1" slack="0"/>
</pin_list>
<bind>
<StgValue><ssdm name="_ssdm_op_BitConcatenate.i583.i1.i6.i64.i512"/></StgValue>
</bind>
</comp>

<comp id="8" class="1001" name="const_8">
<pin_list>
<pin id="9" dir="1" index="0" bw="1" slack="0"/>
</pin_list>
<bind>
<StgValue><ssdm name=""/></StgValue>
</bind>
</comp>

<comp id="10" class="1001" name="const_10">
<pin_list>
<pin id="11" dir="1" index="0" bw="1" slack="0"/>
</pin_list>
<bind>
<StgValue><ssdm name=""/></StgValue>
</bind>
</comp>

<comp id="12" class="1001" name="const_12">
<pin_list>
<pin id="13" dir="1" index="0" bw="1" slack="0"/>
</pin_list>
<bind>
<StgValue><ssdm name="_ssdm_op_Write.axis.volatile.i584P128A"/></StgValue>
</bind>
</comp>

<comp id="14" class="1001" name="const_14">
<pin_list>
<pin id="15" dir="1" index="0" bw="1" slack="2147483647"/>
</pin_list>
<bind>
<StgValue><ssdm name="_ssdm_op_SpecTopModule"/></StgValue>
</bind>
</comp>

<comp id="16" class="1001" name="const_16">
<pin_list>
<pin id="17" dir="1" index="0" bw="1" slack="2147483647"/>
</pin_list>
<bind>
<StgValue><ssdm name="empty_2"/></StgValue>
</bind>
</comp>

<comp id="18" class="1001" name="const_18">
<pin_list>
<pin id="19" dir="1" index="0" bw="1" slack="2147483647"/>
</pin_list>
<bind>
<StgValue><ssdm name="_ssdm_op_SpecInterface"/></StgValue>
</bind>
</comp>

<comp id="20" class="1001" name="const_20">
<pin_list>
<pin id="21" dir="1" index="0" bw="1" slack="2147483647"/>
</pin_list>
<bind>
<StgValue><ssdm name=""/></StgValue>
</bind>
</comp>

<comp id="22" class="1001" name="const_22">
<pin_list>
<pin id="23" dir="1" index="0" bw="1" slack="2147483647"/>
</pin_list>
<bind>
<StgValue><ssdm name="empty_3"/></StgValue>
</bind>
</comp>

<comp id="24" class="1001" name="const_24">
<pin_list>
<pin id="25" dir="1" index="0" bw="1" slack="2147483647"/>
</pin_list>
<bind>
<StgValue><ssdm name="empty_1"/></StgValue>
</bind>
</comp>

<comp id="26" class="1001" name="const_26">
<pin_list>
<pin id="27" dir="1" index="0" bw="1" slack="2147483647"/>
</pin_list>
<bind>
<StgValue><ssdm name=""/></StgValue>
</bind>
</comp>

<comp id="28" class="1001" name="const_28">
<pin_list>
<pin id="29" dir="1" index="0" bw="1" slack="2147483647"/>
</pin_list>
<bind>
<StgValue><ssdm name="empty"/></StgValue>
</bind>
</comp>

<comp id="30" class="1001" name="const_30">
<pin_list>
<pin id="31" dir="1" index="0" bw="1" slack="2147483647"/>
</pin_list>
<bind>
<StgValue><ssdm name=""/></StgValue>
</bind>
</comp>

<comp id="32" class="1001" name="const_32">
<pin_list>
<pin id="33" dir="1" index="0" bw="1" slack="2147483647"/>
</pin_list>
<bind>
<StgValue><ssdm name="empty_0"/></StgValue>
</bind>
</comp>

<comp id="34" class="1001" name="const_34">
<pin_list>
<pin id="35" dir="1" index="0" bw="1" slack="2147483647"/>
</pin_list>
<bind>
<StgValue><ssdm name="_ssdm_op_SpecBitsMap"/></StgValue>
</bind>
</comp>

<comp id="36" class="1004" name="grp_write_fu_36">
<pin_list>
<pin id="37" dir="0" index="0" bw="0" slack="0"/>
<pin id="38" dir="0" index="1" bw="584" slack="0"/>
<pin id="39" dir="0" index="2" bw="583" slack="0"/>
<pin id="40" dir="1" index="3" bw="0" slack="2147483647"/>
</pin_list>
<bind>
<opcode="write(1151) " fcode="write"/>
<opset="write_ln174/3 "/>
</bind>
</comp>

<comp id="43" class="1004" name="grp_sha2561_fu_43">
<pin_list>
<pin id="44" dir="0" index="0" bw="518" slack="0"/>
<pin id="45" dir="0" index="1" bw="584" slack="0"/>
<pin id="46" dir="1" index="2" bw="518" slack="0"/>
</pin_list>
<bind>
<opcode="call(48) " fcode="call"/>
<opset="call_ret/2 "/>
</bind>
</comp>

<comp id="49" class="1004" name="hash_tdata_V_fu_49">
<pin_list>
<pin id="50" dir="0" index="0" bw="518" slack="0"/>
<pin id="51" dir="1" index="1" bw="512" slack="0"/>
</pin_list>
<bind>
<opcode="extractvalue(56) " fcode="extractvalue"/>
<opset="hash_tdata_V/3 "/>
</bind>
</comp>

<comp id="53" class="1004" name="hash_tid_V_fu_53">
<pin_list>
<pin id="54" dir="0" index="0" bw="518" slack="0"/>
<pin id="55" dir="1" index="1" bw="6" slack="0"/>
</pin_list>
<bind>
<opcode="extractvalue(56) " fcode="extractvalue"/>
<opset="hash_tid_V/3 "/>
</bind>
</comp>

<comp id="57" class="1004" name="zext_ln174_cast_fu_57">
<pin_list>
<pin id="58" dir="0" index="0" bw="583" slack="0"/>
<pin id="59" dir="0" index="1" bw="1" slack="0"/>
<pin id="60" dir="0" index="2" bw="6" slack="0"/>
<pin id="61" dir="0" index="3" bw="1" slack="0"/>
<pin id="62" dir="0" index="4" bw="512" slack="0"/>
<pin id="63" dir="1" index="5" bw="583" slack="0"/>
</pin_list>
<bind>
<opcode="bitconcatenate(1004) " fcode="bitconcatenate"/>
<opset="zext_ln174_cast/3 "/>
</bind>
</comp>

<comp id="69" class="1004" name="zext_ln174_fu_69">
<pin_list>
<pin id="70" dir="0" index="0" bw="583" slack="0"/>
<pin id="71" dir="1" index="1" bw="584" slack="0"/>
</pin_list>
<bind>
<opcode="zext(34) " fcode="zext"/>
<opset="zext_ln174/3 "/>
</bind>
</comp>

<comp id="74" class="1005" name="zext_ln174_reg_74">
<pin_list>
<pin id="75" dir="0" index="0" bw="584" slack="1"/>
<pin id="76" dir="1" index="1" bw="584" slack="1"/>
</pin_list>
<bind>
<opset="zext_ln174 "/>
</bind>
</comp>

</comp_list>

<net_list>
<net id="41"><net_src comp="12" pin="0"/><net_sink comp="36" pin=0"/></net>

<net id="42"><net_src comp="2" pin="0"/><net_sink comp="36" pin=1"/></net>

<net id="47"><net_src comp="4" pin="0"/><net_sink comp="43" pin=0"/></net>

<net id="48"><net_src comp="0" pin="0"/><net_sink comp="43" pin=1"/></net>

<net id="52"><net_src comp="43" pin="2"/><net_sink comp="49" pin=0"/></net>

<net id="56"><net_src comp="43" pin="2"/><net_sink comp="53" pin=0"/></net>

<net id="64"><net_src comp="6" pin="0"/><net_sink comp="57" pin=0"/></net>

<net id="65"><net_src comp="8" pin="0"/><net_sink comp="57" pin=1"/></net>

<net id="66"><net_src comp="53" pin="1"/><net_sink comp="57" pin=2"/></net>

<net id="67"><net_src comp="10" pin="0"/><net_sink comp="57" pin=3"/></net>

<net id="68"><net_src comp="49" pin="1"/><net_sink comp="57" pin=4"/></net>

<net id="72"><net_src comp="57" pin="5"/><net_sink comp="69" pin=0"/></net>

<net id="73"><net_src comp="69" pin="1"/><net_sink comp="36" pin=2"/></net>

<net id="77"><net_src comp="69" pin="1"/><net_sink comp="74" pin=0"/></net>

<net id="78"><net_src comp="74" pin="1"/><net_sink comp="36" pin=2"/></net>

</net_list>

</model> 
---------------- Datapath Model END ------------------

* FSMD analyzer results:
  - Output states:
	Port: output_r | {4 }
 - Input state : 
	Port: sha256 : input_r | {2 3 }
  - Chain level:
	State 1
	State 2
	State 3
		hash_tdata_V : 1
		hash_tid_V : 1
		zext_ln174_cast : 2
		zext_ln174 : 3
		write_ln174 : 4
	State 4


============================================================
+ Verbose Summary: Datapath Resource usage 
============================================================

* Functional unit list:
|----------|-----------------------|---------|---------|---------|---------|---------|
| Operation|    Functional Unit    |   BRAM  |  Delay  |    FF   |   LUT   |   URAM  |
|----------|-----------------------|---------|---------|---------|---------|---------|
|   call   |   grp_sha2561_fu_43   |    0    | 11.4596 |  25292  |  107038 |    0    |
|----------|-----------------------|---------|---------|---------|---------|---------|
|   write  |    grp_write_fu_36    |    0    |    0    |    0    |    0    |    0    |
|----------|-----------------------|---------|---------|---------|---------|---------|
|extractvalue|   hash_tdata_V_fu_49  |    0    |    0    |    0    |    0    |    0    |
|          |    hash_tid_V_fu_53   |    0    |    0    |    0    |    0    |    0    |
|----------|-----------------------|---------|---------|---------|---------|---------|
|bitconcatenate| zext_ln174_cast_fu_57 |    0    |    0    |    0    |    0    |    0    |
|----------|-----------------------|---------|---------|---------|---------|---------|
|   zext   |    zext_ln174_fu_69   |    0    |    0    |    0    |    0    |    0    |
|----------|-----------------------|---------|---------|---------|---------|---------|
|   Total  |                       |    0    | 11.4596 |  25292  |  107038 |    0    |
|----------|-----------------------|---------|---------|---------|---------|---------|

Memories:
N/A

* Register list:
+-----------------+--------+
|                 |   FF   |
+-----------------+--------+
|zext_ln174_reg_74|   584  |
+-----------------+--------+
|      Total      |   584  |
+-----------------+--------+

* Multiplexer (MUX) list: 
|-----------------|------|------|------|--------||---------||---------|
|       Comp      |  Pin | Size |  BW  | S x BW ||  Delay  ||   LUT   |
|-----------------|------|------|------|--------||---------||---------|
| grp_write_fu_36 |  p2  |   2  |  583 |  1166  ||    9    |
|-----------------|------|------|------|--------||---------||---------|
|      Total      |      |      |      |  1166  ||  0.387  ||    9    |
|-----------------|------|------|------|--------||---------||---------|



* Summary:
+-----------+--------+--------+--------+--------+--------+
|           |  BRAM  |  Delay |   FF   |   LUT  |  URAM  |
+-----------+--------+--------+--------+--------+--------+
|  Function |    0   |   11   |  25292 | 107038 |    0   |
|   Memory  |    -   |    -   |    -   |    -   |    -   |
|Multiplexer|    -   |    0   |    -   |    9   |    -   |
|  Register |    -   |    -   |   584  |    -   |    -   |
+-----------+--------+--------+--------+--------+--------+
|   Total   |    0   |   11   |  25876 | 107047 |    0   |
+-----------+--------+--------+--------+--------+--------+
