

================================================================
== Vitis HLS Report for 'sha256'
================================================================
* Date:           Thu Jul 27 12:24:26 2023

* Version:        2022.1 (Build 3526262 on Mon Apr 18 15:47:01 MDT 2022)
* Project:        shat
* Solution:       solution1 (Vivado IP Flow Target)
* Product family: virtexuplus
* Target device:  xcu280-fsvh2892-2L-e


================================================================
== Performance Estimates
================================================================
+ Timing: 
    * Summary: 
    +--------+----------+----------+------------+
    |  Clock |  Target  | Estimated| Uncertainty|
    +--------+----------+----------+------------+
    |ap_clk  |  10.00 ns|  7.175 ns|     2.70 ns|
    +--------+----------+----------+------------+

+ Latency: 
    * Summary: 
    +---------+---------+----------+----------+-----+-----+---------+
    |  Latency (cycles) |  Latency (absolute) |  Interval | Pipeline|
    |   min   |   max   |    min   |    max   | min | max |   Type  |
    +---------+---------+----------+----------+-----+-----+---------+
    |        ?|        ?|         ?|         ?|    ?|    ?|       no|
    +---------+---------+----------+----------+-----+-----+---------+

    + Detail: 
        * Instance: 
        N/A

        * Loop: 
        N/A

============================================================
+ Verbose Summary: Synthesis Manager
============================================================
InlineROM: 1
ExposeGlobal: 0
============================================================
+ Verbose Summary: CDFG Model
============================================================
IsTopModel: 1
ResetActiveHigh: 1
IsCombinational: 0
IsDatapathOnly: 0
HasWiredReturn: 1
HasMFsm: 0
HasVarLatency: 1
IsPipeline: 0
IsRtlPipelined: 0
IsInstanceOverlapped: 0
IsDontTouch: 0
HasImplIP: 0
IsGatedGlobalClock: 0


============================================================
+ Verbose Summary: Schedule
============================================================
* Number of FSM states : 4
* Pipeline : 0
* Dataflow Pipeline: 0

* FSM state transitions: 
1 --> 2 
2 --> 3 
3 --> 4 
4 --> 

* FSM state operations: 

State 1 <SV = 0> <Delay = 0.00>

State 2 <SV = 1> <Delay = 1.83>
ST_2 : Operation 5 [2/2] (1.83ns)   --->   "%call_ret = call i518 @sha2561, i584 %input_r" [sha256.cpp:54]   --->   Operation 5 'call' 'call_ret' <Predicate = true> <Delay = 1.83> <CoreType = "Generic">   --->   Core 0 '' <Latency = 0> <II = 1> <Delay = 1.00> <Generic> <Opcode : >

State 3 <SV = 2> <Delay = 0.30>
ST_3 : Operation 6 [1/2] (0.30ns)   --->   "%call_ret = call i518 @sha2561, i584 %input_r" [sha256.cpp:54]   --->   Operation 6 'call' 'call_ret' <Predicate = true> <Delay = 0.30> <CoreType = "Generic">   --->   Core 0 '' <Latency = 0> <II = 1> <Delay = 1.00> <Generic> <Opcode : >
ST_3 : Operation 7 [1/1] (0.00ns)   --->   "%hash_tdata_V = extractvalue i518 %call_ret" [sha256.cpp:54]   --->   Operation 7 'extractvalue' 'hash_tdata_V' <Predicate = true> <Delay = 0.00>
ST_3 : Operation 8 [1/1] (0.00ns)   --->   "%hash_tid_V = extractvalue i518 %call_ret" [sha256.cpp:54]   --->   Operation 8 'extractvalue' 'hash_tid_V' <Predicate = true> <Delay = 0.00>
ST_3 : Operation 9 [1/1] (0.00ns)   --->   "%zext_ln174_cast = bitconcatenate i583 @_ssdm_op_BitConcatenate.i583.i1.i6.i64.i512, i1 1, i6 %hash_tid_V, i64 18446744073709551615, i512 %hash_tdata_V" [/share/xilinx/Vitis_HLS/2022.1/common/technology/autopilot/hls_stream_39.h:174]   --->   Operation 9 'bitconcatenate' 'zext_ln174_cast' <Predicate = true> <Delay = 0.00>
ST_3 : Operation 10 [1/1] (0.00ns)   --->   "%zext_ln174 = zext i583 %zext_ln174_cast" [/share/xilinx/Vitis_HLS/2022.1/common/technology/autopilot/hls_stream_39.h:174]   --->   Operation 10 'zext' 'zext_ln174' <Predicate = true> <Delay = 0.00>
ST_3 : Operation 11 [2/2] (0.00ns)   --->   "%write_ln174 = write void @_ssdm_op_Write.axis.volatile.i584P128A, i584 %output_r, i584 %zext_ln174" [/share/xilinx/Vitis_HLS/2022.1/common/technology/autopilot/hls_stream_39.h:174]   --->   Operation 11 'write' 'write_ln174' <Predicate = true> <Delay = 0.00> <CoreInst = "axis">   --->   Core 123 'axis' <Latency = 0> <II = 1> <Delay = 1.00> <Adapter> <Opcode : >

State 4 <SV = 3> <Delay = 0.00>
ST_4 : Operation 12 [1/1] (0.00ns)   --->   "%spectopmodule_ln41 = spectopmodule void @_ssdm_op_SpecTopModule, void @empty_2" [sha256.cpp:41]   --->   Operation 12 'spectopmodule' 'spectopmodule_ln41' <Predicate = true> <Delay = 0.00>
ST_4 : Operation 13 [1/1] (0.00ns)   --->   "%specinterface_ln41 = specinterface void @_ssdm_op_SpecInterface, i32 0, void @empty_3, i32 0, i32 0, void @empty_1, i32 0, i32 0, void @empty_1, void @empty_1, void @empty_1, i32 0, i32 0, i32 0, i32 0, void @empty_1, void @empty_1, i32 4294967295, i32 0" [sha256.cpp:41]   --->   Operation 13 'specinterface' 'specinterface_ln41' <Predicate = true> <Delay = 0.00>
ST_4 : Operation 14 [1/1] (0.00ns)   --->   "%specinterface_ln0 = specinterface void @_ssdm_op_SpecInterface, i584 %input_r, void @empty, i32 1, i32 1, void @empty_0, i32 0, i32 0, void @empty_1, void @empty_1, void @empty_1, i32 0, i32 0, i32 0, i32 0, void @empty_1, void @empty_1, i32 4294967295, i32 0"   --->   Operation 14 'specinterface' 'specinterface_ln0' <Predicate = true> <Delay = 0.00>
ST_4 : Operation 15 [1/1] (0.00ns)   --->   "%specbitsmap_ln0 = specbitsmap void @_ssdm_op_SpecBitsMap, i584 %input_r"   --->   Operation 15 'specbitsmap' 'specbitsmap_ln0' <Predicate = true> <Delay = 0.00>
ST_4 : Operation 16 [1/1] (0.00ns)   --->   "%specinterface_ln0 = specinterface void @_ssdm_op_SpecInterface, i584 %output_r, void @empty, i32 1, i32 1, void @empty_0, i32 0, i32 0, void @empty_1, void @empty_1, void @empty_1, i32 0, i32 0, i32 0, i32 0, void @empty_1, void @empty_1, i32 4294967295, i32 0"   --->   Operation 16 'specinterface' 'specinterface_ln0' <Predicate = true> <Delay = 0.00>
ST_4 : Operation 17 [1/1] (0.00ns)   --->   "%specbitsmap_ln0 = specbitsmap void @_ssdm_op_SpecBitsMap, i584 %output_r"   --->   Operation 17 'specbitsmap' 'specbitsmap_ln0' <Predicate = true> <Delay = 0.00>
ST_4 : Operation 18 [1/2] (0.00ns)   --->   "%write_ln174 = write void @_ssdm_op_Write.axis.volatile.i584P128A, i584 %output_r, i584 %zext_ln174" [/share/xilinx/Vitis_HLS/2022.1/common/technology/autopilot/hls_stream_39.h:174]   --->   Operation 18 'write' 'write_ln174' <Predicate = true> <Delay = 0.00> <CoreInst = "axis">   --->   Core 123 'axis' <Latency = 0> <II = 1> <Delay = 1.00> <Adapter> <Opcode : >
ST_4 : Operation 19 [1/1] (0.00ns)   --->   "%ret_ln96 = ret" [sha256.cpp:96]   --->   Operation 19 'ret' 'ret_ln96' <Predicate = true> <Delay = 0.00>


============================================================
+ Verbose Summary: Timing violations
============================================================
Target clock period: 10ns, clock uncertainty: 2.7ns.

 <State 1>: 0ns
The critical path consists of the following:

 <State 2>: 1.83ns
The critical path consists of the following:
	'call' operation ('call_ret', sha256.cpp:54) to 'sha2561' [9]  (1.83 ns)

 <State 3>: 0.303ns
The critical path consists of the following:
	'call' operation ('call_ret', sha256.cpp:54) to 'sha2561' [9]  (0.303 ns)

 <State 4>: 0ns
The critical path consists of the following:


============================================================
+ Verbose Summary: Binding
============================================================
N/A
* FSMD analyzer results:
  - Output states:
 - Input state : 
  - Chain level:
	State 1
	State 2
	State 3
	State 4


============================================================
+ Verbose Summary: Datapath Resource usage 
============================================================
N/A
