

================================================================
== Vitis HLS Report for 'generateMsgSchedule'
================================================================
* Date:           Thu Aug  3 15:02:49 2023

* Version:        2022.1 (Build 3526262 on Mon Apr 18 15:47:01 MDT 2022)
* Project:        SHA512_01
* Solution:       solution1 (Vivado IP Flow Target)
* Product family: virtexuplus
* Target device:  xcu280-fsvh2892-2L-e


================================================================
== Performance Estimates
================================================================
+ Timing: 
    * Summary: 
    +--------+---------+----------+------------+
    |  Clock |  Target | Estimated| Uncertainty|
    +--------+---------+----------+------------+
    |ap_clk  |  4.00 ns|  2.819 ns|     1.08 ns|
    +--------+---------+----------+------------+

+ Latency: 
    * Summary: 
    +---------+---------+----------+----------+-----+-----+---------+
    |  Latency (cycles) |  Latency (absolute) |  Interval | Pipeline|
    |   min   |   max   |    min   |    max   | min | max |   Type  |
    +---------+---------+----------+----------+-----+-----+---------+
    |       91|       91|  0.364 us|  0.364 us|   91|   91|       no|
    +---------+---------+----------+----------+-----+-----+---------+

    + Detail: 
        * Instance: 
        +--------------------------------------------------------------+---------------------------------------------------+---------+---------+-----------+-----------+-----+-----+---------+
        |                                                              |                                                   |  Latency (cycles) |   Latency (absolute)  |  Interval | Pipeline|
        |                           Instance                           |                       Module                      |   min   |   max   |    min    |    max    | min | max |   Type  |
        +--------------------------------------------------------------+---------------------------------------------------+---------+---------+-----------+-----------+-----+-----+---------+
        |grp_generateMsgSchedule_Pipeline_LOOP_SHA512_GEN_WT16_fu_180  |generateMsgSchedule_Pipeline_LOOP_SHA512_GEN_WT16  |       18|       18|  72.000 ns|  72.000 ns|   18|   18|       no|
        |grp_generateMsgSchedule_Pipeline_LOOP_SHA1_GEN_WT64_fu_218    |generateMsgSchedule_Pipeline_LOOP_SHA1_GEN_WT64    |       66|       66|   0.264 us|   0.264 us|   66|   66|       no|
        +--------------------------------------------------------------+---------------------------------------------------+---------+---------+-----------+-----------+-----+-----+---------+

        * Loop: 
        +-------------------+---------+---------+----------+-----------+-----------+------+----------+
        |                   |  Latency (cycles) | Iteration|  Initiation Interval  | Trip |          |
        |     Loop Name     |   min   |   max   |  Latency |  achieved |   target  | Count| Pipelined|
        +-------------------+---------+---------+----------+-----------+-----------+------+----------+
        |- LOOP_GEN_W_NBLK  |       90|       90|        90|          -|          -|     1|        no|
        +-------------------+---------+---------+----------+-----------+-----------+------+----------+

============================================================
+ Verbose Summary: Synthesis Manager
============================================================
InlineROM: 1
ExposeGlobal: 0
============================================================
+ Verbose Summary: CDFG Model
============================================================
IsTopModel: 0
ResetActiveHigh: 1
IsCombinational: 2
IsDatapathOnly: 0
HasWiredReturn: 1
HasMFsm: 0
HasVarLatency: 1
IsPipeline: 0
IsRtlPipelined: 0
IsInstanceOverlapped: 0
IsDontTouch: 0
HasImplIP: 0
IsGatedGlobalClock: 0


============================================================
+ Verbose Summary: Schedule
============================================================
* Number of FSM states : 7
* Pipeline : 0
* Dataflow Pipeline: 0

* FSM state transitions: 
1 --> 2 
2 --> 3 
3 --> 4 
4 --> 5 
5 --> 6 
6 --> 7 
7 --> 2 

* FSM state operations: 

State 1 <SV = 0> <Delay = 0.00>
ST_1 : Operation 8 [1/1] (0.00ns)   --->   "%W_V_loc = alloca i64 1"   --->   Operation 8 'alloca' 'W_V_loc' <Predicate = true> <Delay = 0.00>
ST_1 : Operation 9 [1/1] (0.00ns)   --->   "%W_V_1_loc = alloca i64 1"   --->   Operation 9 'alloca' 'W_V_1_loc' <Predicate = true> <Delay = 0.00>
ST_1 : Operation 10 [1/1] (0.00ns)   --->   "%W_V_2_loc = alloca i64 1"   --->   Operation 10 'alloca' 'W_V_2_loc' <Predicate = true> <Delay = 0.00>
ST_1 : Operation 11 [1/1] (0.00ns)   --->   "%W_V_3_loc = alloca i64 1"   --->   Operation 11 'alloca' 'W_V_3_loc' <Predicate = true> <Delay = 0.00>
ST_1 : Operation 12 [1/1] (0.00ns)   --->   "%W_V_4_loc = alloca i64 1"   --->   Operation 12 'alloca' 'W_V_4_loc' <Predicate = true> <Delay = 0.00>
ST_1 : Operation 13 [1/1] (0.00ns)   --->   "%W_V_5_loc = alloca i64 1"   --->   Operation 13 'alloca' 'W_V_5_loc' <Predicate = true> <Delay = 0.00>
ST_1 : Operation 14 [1/1] (0.00ns)   --->   "%W_V_6_loc = alloca i64 1"   --->   Operation 14 'alloca' 'W_V_6_loc' <Predicate = true> <Delay = 0.00>
ST_1 : Operation 15 [1/1] (0.00ns)   --->   "%W_V_7_loc = alloca i64 1"   --->   Operation 15 'alloca' 'W_V_7_loc' <Predicate = true> <Delay = 0.00>
ST_1 : Operation 16 [1/1] (0.00ns)   --->   "%W_V_8_loc = alloca i64 1"   --->   Operation 16 'alloca' 'W_V_8_loc' <Predicate = true> <Delay = 0.00>
ST_1 : Operation 17 [1/1] (0.00ns)   --->   "%W_V_9_loc = alloca i64 1"   --->   Operation 17 'alloca' 'W_V_9_loc' <Predicate = true> <Delay = 0.00>
ST_1 : Operation 18 [1/1] (0.00ns)   --->   "%W_V_10_loc = alloca i64 1"   --->   Operation 18 'alloca' 'W_V_10_loc' <Predicate = true> <Delay = 0.00>
ST_1 : Operation 19 [1/1] (0.00ns)   --->   "%W_V_11_loc = alloca i64 1"   --->   Operation 19 'alloca' 'W_V_11_loc' <Predicate = true> <Delay = 0.00>
ST_1 : Operation 20 [1/1] (0.00ns)   --->   "%W_V_12_loc = alloca i64 1"   --->   Operation 20 'alloca' 'W_V_12_loc' <Predicate = true> <Delay = 0.00>
ST_1 : Operation 21 [1/1] (0.00ns)   --->   "%W_V_13_loc = alloca i64 1"   --->   Operation 21 'alloca' 'W_V_13_loc' <Predicate = true> <Delay = 0.00>
ST_1 : Operation 22 [1/1] (0.00ns)   --->   "%W_V_14_loc = alloca i64 1"   --->   Operation 22 'alloca' 'W_V_14_loc' <Predicate = true> <Delay = 0.00>
ST_1 : Operation 23 [1/1] (0.00ns)   --->   "%W_V_15_loc = alloca i64 1"   --->   Operation 23 'alloca' 'W_V_15_loc' <Predicate = true> <Delay = 0.00>
ST_1 : Operation 24 [1/1] (0.00ns)   --->   "%specmemcore_ln0 = specmemcore void @_ssdm_op_SpecMemCore, i64 %w_strm34, i64 666, i64 9, i64 18446744073709551615"   --->   Operation 24 'specmemcore' 'specmemcore_ln0' <Predicate = true> <Delay = 0.00>
ST_1 : Operation 25 [1/1] (0.00ns)   --->   "%specmemcore_ln0 = specmemcore void @_ssdm_op_SpecMemCore, i1 %end_nblk_strm132, i64 666, i64 9, i64 18446744073709551615"   --->   Operation 25 'specmemcore' 'specmemcore_ln0' <Predicate = true> <Delay = 0.00>
ST_1 : Operation 26 [1/1] (0.00ns)   --->   "%specmemcore_ln0 = specmemcore void @_ssdm_op_SpecMemCore, i1024 %blk_strm, i64 666, i64 9, i64 18446744073709551615"   --->   Operation 26 'specmemcore' 'specmemcore_ln0' <Predicate = true> <Delay = 0.00>
ST_1 : Operation 27 [1/1] (0.00ns)   --->   "%specinterface_ln0 = specinterface void @_ssdm_op_SpecInterface, i64 %w_strm34, void @empty_1, i32 0, i32 0, void @empty_6, i32 0, i32 0, void @empty_6, void @empty_6, void @empty_6, i32 0, i32 0, i32 0, i32 0, void @empty_6, void @empty_6, i32 4294967295, i32 0"   --->   Operation 27 'specinterface' 'specinterface_ln0' <Predicate = true> <Delay = 0.00>
ST_1 : Operation 28 [1/1] (0.00ns)   --->   "%specinterface_ln0 = specinterface void @_ssdm_op_SpecInterface, i1 %end_nblk_strm132, void @empty_1, i32 0, i32 0, void @empty_6, i32 0, i32 0, void @empty_6, void @empty_6, void @empty_6, i32 0, i32 0, i32 0, i32 0, void @empty_6, void @empty_6, i32 4294967295, i32 0"   --->   Operation 28 'specinterface' 'specinterface_ln0' <Predicate = true> <Delay = 0.00>
ST_1 : Operation 29 [1/1] (0.00ns)   --->   "%specinterface_ln0 = specinterface void @_ssdm_op_SpecInterface, i1024 %blk_strm, void @empty_1, i32 0, i32 0, void @empty_6, i32 0, i32 0, void @empty_6, void @empty_6, void @empty_6, i32 0, i32 0, i32 0, i32 0, void @empty_6, void @empty_6, i32 4294967295, i32 0"   --->   Operation 29 'specinterface' 'specinterface_ln0' <Predicate = true> <Delay = 0.00>
ST_1 : Operation 30 [1/1] (0.00ns)   --->   "%br_ln496 = br void %do.body" [SHA512CODE/sha512.cpp:496]   --->   Operation 30 'br' 'br_ln496' <Predicate = true> <Delay = 0.00>

State 2 <SV = 1> <Delay = 2.81>
ST_2 : Operation 31 [1/1] (0.00ns)   --->   "%speclooptripcount_ln497 = speclooptripcount void @_ssdm_op_SpecLoopTripCount, i64 1, i64 1, i64 1" [SHA512CODE/sha512.cpp:497]   --->   Operation 31 'speclooptripcount' 'speclooptripcount_ln497' <Predicate = true> <Delay = 0.00>
ST_2 : Operation 32 [1/1] (0.00ns)   --->   "%specloopname_ln0 = specloopname void @_ssdm_op_SpecLoopName, void @empty_2" [/share/xilinx/Vitis_HLS/2022.1/common/technology/autopilot/hls_stream_39.h:0]   --->   Operation 32 'specloopname' 'specloopname_ln0' <Predicate = true> <Delay = 0.00>
ST_2 : Operation 33 [1/1] (1.35ns)   --->   "%tmp = read i1 @_ssdm_op_Read.ap_fifo.volatile.i1P0A, i1 %end_nblk_strm132" [/share/xilinx/Vitis_HLS/2022.1/common/technology/autopilot/hls_stream_39.h:145]   --->   Operation 33 'read' 'tmp' <Predicate = true> <Delay = 1.35> <CoreInst = "FIFO_LUTRAM">   --->   Core 80 'FIFO_LUTRAM' <Latency = 0> <II = 1> <Delay = 1.35> <Storage> <Opcode : 'read' 'write' 'nbread' 'nbwrite'> <Ports = 0> <Width = 1> <Depth = 32> <FIFO>
ST_2 : Operation 34 [1/1] (0.00ns)   --->   "%br_ln499 = br i1 %tmp, void %if.then, void %do.end" [SHA512CODE/sha512.cpp:499]   --->   Operation 34 'br' 'br_ln499' <Predicate = true> <Delay = 0.00>
ST_2 : Operation 35 [1/1] (1.46ns)   --->   "%blk_strm_read = read i1024 @_ssdm_op_Read.ap_fifo.volatile.i1024P0A, i1024 %blk_strm" [/share/xilinx/Vitis_HLS/2022.1/common/technology/autopilot/hls_stream_39.h:145]   --->   Operation 35 'read' 'blk_strm_read' <Predicate = (!tmp)> <Delay = 1.46> <CoreInst = "FIFO_LUTRAM">   --->   Core 80 'FIFO_LUTRAM' <Latency = 0> <II = 1> <Delay = 1.53> <Storage> <Opcode : 'read' 'write' 'nbread' 'nbwrite'> <Ports = 0> <Width = 1024> <Depth = 32> <FIFO>
ST_2 : Operation 36 [1/1] (0.00ns)   --->   "%blk_M_V = trunc i1024 %blk_strm_read" [/share/xilinx/Vitis_HLS/2022.1/common/technology/autopilot/hls_stream_39.h:145]   --->   Operation 36 'trunc' 'blk_M_V' <Predicate = (!tmp)> <Delay = 0.00>
ST_2 : Operation 37 [1/1] (0.00ns)   --->   "%blk_M_V_14 = partselect i64 @_ssdm_op_PartSelect.i64.i1024.i32.i32, i1024 %blk_strm_read, i32 896, i32 959" [/share/xilinx/Vitis_HLS/2022.1/common/technology/autopilot/hls_stream_39.h:145]   --->   Operation 37 'partselect' 'blk_M_V_14' <Predicate = (!tmp)> <Delay = 0.00>
ST_2 : Operation 38 [1/1] (0.00ns)   --->   "%blk_M_V_15 = partselect i64 @_ssdm_op_PartSelect.i64.i1024.i32.i32, i1024 %blk_strm_read, i32 960, i32 1023" [/share/xilinx/Vitis_HLS/2022.1/common/technology/autopilot/hls_stream_39.h:145]   --->   Operation 38 'partselect' 'blk_M_V_15' <Predicate = (!tmp)> <Delay = 0.00>
ST_2 : Operation 39 [1/1] (0.00ns)   --->   "%blk_M_V_1 = partselect i64 @_ssdm_op_PartSelect.i64.i1024.i32.i32, i1024 %blk_strm_read, i32 64, i32 127" [/share/xilinx/Vitis_HLS/2022.1/common/technology/autopilot/hls_stream_39.h:145]   --->   Operation 39 'partselect' 'blk_M_V_1' <Predicate = (!tmp)> <Delay = 0.00>
ST_2 : Operation 40 [1/1] (0.00ns)   --->   "%blk_M_V_2 = partselect i64 @_ssdm_op_PartSelect.i64.i1024.i32.i32, i1024 %blk_strm_read, i32 128, i32 191" [/share/xilinx/Vitis_HLS/2022.1/common/technology/autopilot/hls_stream_39.h:145]   --->   Operation 40 'partselect' 'blk_M_V_2' <Predicate = (!tmp)> <Delay = 0.00>
ST_2 : Operation 41 [1/1] (0.00ns)   --->   "%blk_M_V_3 = partselect i64 @_ssdm_op_PartSelect.i64.i1024.i32.i32, i1024 %blk_strm_read, i32 192, i32 255" [/share/xilinx/Vitis_HLS/2022.1/common/technology/autopilot/hls_stream_39.h:145]   --->   Operation 41 'partselect' 'blk_M_V_3' <Predicate = (!tmp)> <Delay = 0.00>
ST_2 : Operation 42 [1/1] (0.00ns)   --->   "%blk_M_V_4 = partselect i64 @_ssdm_op_PartSelect.i64.i1024.i32.i32, i1024 %blk_strm_read, i32 256, i32 319" [/share/xilinx/Vitis_HLS/2022.1/common/technology/autopilot/hls_stream_39.h:145]   --->   Operation 42 'partselect' 'blk_M_V_4' <Predicate = (!tmp)> <Delay = 0.00>
ST_2 : Operation 43 [1/1] (0.00ns)   --->   "%blk_M_V_5 = partselect i64 @_ssdm_op_PartSelect.i64.i1024.i32.i32, i1024 %blk_strm_read, i32 320, i32 383" [/share/xilinx/Vitis_HLS/2022.1/common/technology/autopilot/hls_stream_39.h:145]   --->   Operation 43 'partselect' 'blk_M_V_5' <Predicate = (!tmp)> <Delay = 0.00>
ST_2 : Operation 44 [1/1] (0.00ns)   --->   "%blk_M_V_6 = partselect i64 @_ssdm_op_PartSelect.i64.i1024.i32.i32, i1024 %blk_strm_read, i32 384, i32 447" [/share/xilinx/Vitis_HLS/2022.1/common/technology/autopilot/hls_stream_39.h:145]   --->   Operation 44 'partselect' 'blk_M_V_6' <Predicate = (!tmp)> <Delay = 0.00>
ST_2 : Operation 45 [1/1] (0.00ns)   --->   "%blk_M_V_7 = partselect i64 @_ssdm_op_PartSelect.i64.i1024.i32.i32, i1024 %blk_strm_read, i32 448, i32 511" [/share/xilinx/Vitis_HLS/2022.1/common/technology/autopilot/hls_stream_39.h:145]   --->   Operation 45 'partselect' 'blk_M_V_7' <Predicate = (!tmp)> <Delay = 0.00>
ST_2 : Operation 46 [1/1] (0.00ns)   --->   "%blk_M_V_8 = partselect i64 @_ssdm_op_PartSelect.i64.i1024.i32.i32, i1024 %blk_strm_read, i32 512, i32 575" [/share/xilinx/Vitis_HLS/2022.1/common/technology/autopilot/hls_stream_39.h:145]   --->   Operation 46 'partselect' 'blk_M_V_8' <Predicate = (!tmp)> <Delay = 0.00>
ST_2 : Operation 47 [1/1] (0.00ns)   --->   "%blk_M_V_9 = partselect i64 @_ssdm_op_PartSelect.i64.i1024.i32.i32, i1024 %blk_strm_read, i32 576, i32 639" [/share/xilinx/Vitis_HLS/2022.1/common/technology/autopilot/hls_stream_39.h:145]   --->   Operation 47 'partselect' 'blk_M_V_9' <Predicate = (!tmp)> <Delay = 0.00>
ST_2 : Operation 48 [1/1] (0.00ns)   --->   "%blk_M_V_10 = partselect i64 @_ssdm_op_PartSelect.i64.i1024.i32.i32, i1024 %blk_strm_read, i32 640, i32 703" [/share/xilinx/Vitis_HLS/2022.1/common/technology/autopilot/hls_stream_39.h:145]   --->   Operation 48 'partselect' 'blk_M_V_10' <Predicate = (!tmp)> <Delay = 0.00>
ST_2 : Operation 49 [1/1] (0.00ns)   --->   "%blk_M_V_11 = partselect i64 @_ssdm_op_PartSelect.i64.i1024.i32.i32, i1024 %blk_strm_read, i32 704, i32 767" [/share/xilinx/Vitis_HLS/2022.1/common/technology/autopilot/hls_stream_39.h:145]   --->   Operation 49 'partselect' 'blk_M_V_11' <Predicate = (!tmp)> <Delay = 0.00>
ST_2 : Operation 50 [1/1] (0.00ns)   --->   "%blk_M_V_12 = partselect i64 @_ssdm_op_PartSelect.i64.i1024.i32.i32, i1024 %blk_strm_read, i32 768, i32 831" [/share/xilinx/Vitis_HLS/2022.1/common/technology/autopilot/hls_stream_39.h:145]   --->   Operation 50 'partselect' 'blk_M_V_12' <Predicate = (!tmp)> <Delay = 0.00>
ST_2 : Operation 51 [1/1] (0.00ns)   --->   "%blk_M_V_13 = partselect i64 @_ssdm_op_PartSelect.i64.i1024.i32.i32, i1024 %blk_strm_read, i32 832, i32 895" [/share/xilinx/Vitis_HLS/2022.1/common/technology/autopilot/hls_stream_39.h:145]   --->   Operation 51 'partselect' 'blk_M_V_13' <Predicate = (!tmp)> <Delay = 0.00>
ST_2 : Operation 52 [1/1] (0.00ns)   --->   "%ret_ln528 = ret" [SHA512CODE/sha512.cpp:528]   --->   Operation 52 'ret' 'ret_ln528' <Predicate = (tmp)> <Delay = 0.00>

State 3 <SV = 2> <Delay = 0.49>
ST_3 : Operation 53 [1/1] (0.00ns)   --->   "%empty = wait i32 @_ssdm_op_Wait"   --->   Operation 53 'wait' 'empty' <Predicate = true> <Delay = 0.00>
ST_3 : Operation 54 [2/2] (0.49ns)   --->   "%call_ln145 = call void @generateMsgSchedule_Pipeline_LOOP_SHA512_GEN_WT16, i64 %w_strm34, i64 %blk_M_V, i64 %blk_M_V_1, i64 %blk_M_V_2, i64 %blk_M_V_3, i64 %blk_M_V_4, i64 %blk_M_V_5, i64 %blk_M_V_6, i64 %blk_M_V_7, i64 %blk_M_V_8, i64 %blk_M_V_9, i64 %blk_M_V_10, i64 %blk_M_V_11, i64 %blk_M_V_12, i64 %blk_M_V_13, i64 %blk_M_V_14, i64 %blk_M_V_15, i64 %W_V_15_loc, i64 %W_V_14_loc, i64 %W_V_13_loc, i64 %W_V_12_loc, i64 %W_V_11_loc, i64 %W_V_10_loc, i64 %W_V_9_loc, i64 %W_V_8_loc, i64 %W_V_7_loc, i64 %W_V_6_loc, i64 %W_V_5_loc, i64 %W_V_4_loc, i64 %W_V_3_loc, i64 %W_V_2_loc, i64 %W_V_1_loc, i64 %W_V_loc" [/share/xilinx/Vitis_HLS/2022.1/common/technology/autopilot/hls_stream_39.h:145]   --->   Operation 54 'call' 'call_ln145' <Predicate = true> <Delay = 0.49> <CoreType = "Generic">   --->   Core 0 '' <Latency = 0> <II = 1> <Delay = 1.00> <Generic> <Opcode : >

State 4 <SV = 3> <Delay = 1.02>
ST_4 : Operation 55 [1/2] (1.02ns)   --->   "%call_ln145 = call void @generateMsgSchedule_Pipeline_LOOP_SHA512_GEN_WT16, i64 %w_strm34, i64 %blk_M_V, i64 %blk_M_V_1, i64 %blk_M_V_2, i64 %blk_M_V_3, i64 %blk_M_V_4, i64 %blk_M_V_5, i64 %blk_M_V_6, i64 %blk_M_V_7, i64 %blk_M_V_8, i64 %blk_M_V_9, i64 %blk_M_V_10, i64 %blk_M_V_11, i64 %blk_M_V_12, i64 %blk_M_V_13, i64 %blk_M_V_14, i64 %blk_M_V_15, i64 %W_V_15_loc, i64 %W_V_14_loc, i64 %W_V_13_loc, i64 %W_V_12_loc, i64 %W_V_11_loc, i64 %W_V_10_loc, i64 %W_V_9_loc, i64 %W_V_8_loc, i64 %W_V_7_loc, i64 %W_V_6_loc, i64 %W_V_5_loc, i64 %W_V_4_loc, i64 %W_V_3_loc, i64 %W_V_2_loc, i64 %W_V_1_loc, i64 %W_V_loc" [/share/xilinx/Vitis_HLS/2022.1/common/technology/autopilot/hls_stream_39.h:145]   --->   Operation 55 'call' 'call_ln145' <Predicate = true> <Delay = 1.02> <CoreType = "Generic">   --->   Core 0 '' <Latency = 0> <II = 1> <Delay = 1.00> <Generic> <Opcode : >

State 5 <SV = 4> <Delay = 0.00>
ST_5 : Operation 56 [1/1] (0.00ns)   --->   "%empty_36 = wait i32 @_ssdm_op_Wait"   --->   Operation 56 'wait' 'empty_36' <Predicate = true> <Delay = 0.00>

State 6 <SV = 5> <Delay = 0.38>
ST_6 : Operation 57 [1/1] (0.00ns)   --->   "%W_V_15_loc_load = load i64 %W_V_15_loc"   --->   Operation 57 'load' 'W_V_15_loc_load' <Predicate = true> <Delay = 0.00>
ST_6 : Operation 58 [1/1] (0.00ns)   --->   "%W_V_14_loc_load = load i64 %W_V_14_loc"   --->   Operation 58 'load' 'W_V_14_loc_load' <Predicate = true> <Delay = 0.00>
ST_6 : Operation 59 [1/1] (0.00ns)   --->   "%W_V_13_loc_load = load i64 %W_V_13_loc"   --->   Operation 59 'load' 'W_V_13_loc_load' <Predicate = true> <Delay = 0.00>
ST_6 : Operation 60 [1/1] (0.00ns)   --->   "%W_V_12_loc_load = load i64 %W_V_12_loc"   --->   Operation 60 'load' 'W_V_12_loc_load' <Predicate = true> <Delay = 0.00>
ST_6 : Operation 61 [1/1] (0.00ns)   --->   "%W_V_11_loc_load = load i64 %W_V_11_loc"   --->   Operation 61 'load' 'W_V_11_loc_load' <Predicate = true> <Delay = 0.00>
ST_6 : Operation 62 [1/1] (0.00ns)   --->   "%W_V_10_loc_load = load i64 %W_V_10_loc"   --->   Operation 62 'load' 'W_V_10_loc_load' <Predicate = true> <Delay = 0.00>
ST_6 : Operation 63 [1/1] (0.00ns)   --->   "%W_V_9_loc_load = load i64 %W_V_9_loc"   --->   Operation 63 'load' 'W_V_9_loc_load' <Predicate = true> <Delay = 0.00>
ST_6 : Operation 64 [1/1] (0.00ns)   --->   "%W_V_8_loc_load = load i64 %W_V_8_loc"   --->   Operation 64 'load' 'W_V_8_loc_load' <Predicate = true> <Delay = 0.00>
ST_6 : Operation 65 [1/1] (0.00ns)   --->   "%W_V_7_loc_load = load i64 %W_V_7_loc"   --->   Operation 65 'load' 'W_V_7_loc_load' <Predicate = true> <Delay = 0.00>
ST_6 : Operation 66 [1/1] (0.00ns)   --->   "%W_V_6_loc_load = load i64 %W_V_6_loc"   --->   Operation 66 'load' 'W_V_6_loc_load' <Predicate = true> <Delay = 0.00>
ST_6 : Operation 67 [1/1] (0.00ns)   --->   "%W_V_5_loc_load = load i64 %W_V_5_loc"   --->   Operation 67 'load' 'W_V_5_loc_load' <Predicate = true> <Delay = 0.00>
ST_6 : Operation 68 [1/1] (0.00ns)   --->   "%W_V_4_loc_load = load i64 %W_V_4_loc"   --->   Operation 68 'load' 'W_V_4_loc_load' <Predicate = true> <Delay = 0.00>
ST_6 : Operation 69 [1/1] (0.00ns)   --->   "%W_V_3_loc_load = load i64 %W_V_3_loc"   --->   Operation 69 'load' 'W_V_3_loc_load' <Predicate = true> <Delay = 0.00>
ST_6 : Operation 70 [1/1] (0.00ns)   --->   "%W_V_2_loc_load = load i64 %W_V_2_loc"   --->   Operation 70 'load' 'W_V_2_loc_load' <Predicate = true> <Delay = 0.00>
ST_6 : Operation 71 [1/1] (0.00ns)   --->   "%W_V_1_loc_load = load i64 %W_V_1_loc"   --->   Operation 71 'load' 'W_V_1_loc_load' <Predicate = true> <Delay = 0.00>
ST_6 : Operation 72 [1/1] (0.00ns)   --->   "%W_V_loc_load = load i64 %W_V_loc"   --->   Operation 72 'load' 'W_V_loc_load' <Predicate = true> <Delay = 0.00>
ST_6 : Operation 73 [1/1] (0.00ns)   --->   "%empty_37 = wait i32 @_ssdm_op_Wait"   --->   Operation 73 'wait' 'empty_37' <Predicate = true> <Delay = 0.00>
ST_6 : Operation 74 [2/2] (0.38ns)   --->   "%call_ln0 = call void @generateMsgSchedule_Pipeline_LOOP_SHA1_GEN_WT64, i64 %W_V_loc_load, i64 %W_V_2_loc_load, i64 %W_V_3_loc_load, i64 %W_V_4_loc_load, i64 %W_V_5_loc_load, i64 %W_V_7_loc_load, i64 %W_V_8_loc_load, i64 %W_V_9_loc_load, i64 %W_V_10_loc_load, i64 %W_V_11_loc_load, i64 %W_V_12_loc_load, i64 %W_V_13_loc_load, i64 %W_V_15_loc_load, i64 %W_V_14_loc_load, i64 %W_V_6_loc_load, i64 %W_V_1_loc_load, i64 %w_strm34"   --->   Operation 74 'call' 'call_ln0' <Predicate = true> <Delay = 0.38> <CoreType = "Generic">   --->   Core 0 '' <Latency = 0> <II = 1> <Delay = 1.00> <Generic> <Opcode : >

State 7 <SV = 6> <Delay = 0.00>
ST_7 : Operation 75 [1/2] (0.00ns)   --->   "%call_ln0 = call void @generateMsgSchedule_Pipeline_LOOP_SHA1_GEN_WT64, i64 %W_V_loc_load, i64 %W_V_2_loc_load, i64 %W_V_3_loc_load, i64 %W_V_4_loc_load, i64 %W_V_5_loc_load, i64 %W_V_7_loc_load, i64 %W_V_8_loc_load, i64 %W_V_9_loc_load, i64 %W_V_10_loc_load, i64 %W_V_11_loc_load, i64 %W_V_12_loc_load, i64 %W_V_13_loc_load, i64 %W_V_15_loc_load, i64 %W_V_14_loc_load, i64 %W_V_6_loc_load, i64 %W_V_1_loc_load, i64 %w_strm34"   --->   Operation 75 'call' 'call_ln0' <Predicate = true> <Delay = 0.00> <CoreType = "Generic">   --->   Core 0 '' <Latency = 0> <II = 1> <Delay = 1.00> <Generic> <Opcode : >
ST_7 : Operation 76 [1/1] (0.00ns)   --->   "%br_ln526 = br void %do.body" [SHA512CODE/sha512.cpp:526]   --->   Operation 76 'br' 'br_ln526' <Predicate = true> <Delay = 0.00>


============================================================
+ Verbose Summary: Binding
============================================================
STG Binding: 
---------------- STG Properties BEGIN ----------------
- Is combinational: 0
- Is one-state seq: 0
- Is datapath-only: 0
- Is pipelined: 0
- Is top level: 0
Port [ Return ] is wired: 1; IO mode=ap_ctrl_hs:ce=0
Port [ blk_strm]:  wired=1; compound=1; hidden=0; nouse=0; global=0; static=0; extern=0; dir=0; type=3; pingpong=0; private_global=0; IO mode=ap_fifo:ce=0
Port [ end_nblk_strm132]:  wired=1; compound=1; hidden=0; nouse=0; global=0; static=0; extern=0; dir=0; type=3; pingpong=0; private_global=0; IO mode=ap_fifo:ce=0
Port [ w_strm34]:  wired=1; compound=1; hidden=0; nouse=0; global=0; static=0; extern=0; dir=1; type=3; pingpong=0; private_global=0; IO mode=ap_fifo:ce=0
---------------- STG Properties END ------------------

---------------- Datapath Model BEGIN ----------------

<LifeTime>
<method=bitvector/>
W_V_loc                 (alloca           ) [ 00111111]
W_V_1_loc               (alloca           ) [ 00111111]
W_V_2_loc               (alloca           ) [ 00111111]
W_V_3_loc               (alloca           ) [ 00111111]
W_V_4_loc               (alloca           ) [ 00111111]
W_V_5_loc               (alloca           ) [ 00111111]
W_V_6_loc               (alloca           ) [ 00111111]
W_V_7_loc               (alloca           ) [ 00111111]
W_V_8_loc               (alloca           ) [ 00111111]
W_V_9_loc               (alloca           ) [ 00111111]
W_V_10_loc              (alloca           ) [ 00111111]
W_V_11_loc              (alloca           ) [ 00111111]
W_V_12_loc              (alloca           ) [ 00111111]
W_V_13_loc              (alloca           ) [ 00111111]
W_V_14_loc              (alloca           ) [ 00111111]
W_V_15_loc              (alloca           ) [ 00111111]
specmemcore_ln0         (specmemcore      ) [ 00000000]
specmemcore_ln0         (specmemcore      ) [ 00000000]
specmemcore_ln0         (specmemcore      ) [ 00000000]
specinterface_ln0       (specinterface    ) [ 00000000]
specinterface_ln0       (specinterface    ) [ 00000000]
specinterface_ln0       (specinterface    ) [ 00000000]
br_ln496                (br               ) [ 00000000]
speclooptripcount_ln497 (speclooptripcount) [ 00000000]
specloopname_ln0        (specloopname     ) [ 00000000]
tmp                     (read             ) [ 00111111]
br_ln499                (br               ) [ 00000000]
blk_strm_read           (read             ) [ 00000000]
blk_M_V                 (trunc            ) [ 00011000]
blk_M_V_14              (partselect       ) [ 00011000]
blk_M_V_15              (partselect       ) [ 00011000]
blk_M_V_1               (partselect       ) [ 00011000]
blk_M_V_2               (partselect       ) [ 00011000]
blk_M_V_3               (partselect       ) [ 00011000]
blk_M_V_4               (partselect       ) [ 00011000]
blk_M_V_5               (partselect       ) [ 00011000]
blk_M_V_6               (partselect       ) [ 00011000]
blk_M_V_7               (partselect       ) [ 00011000]
blk_M_V_8               (partselect       ) [ 00011000]
blk_M_V_9               (partselect       ) [ 00011000]
blk_M_V_10              (partselect       ) [ 00011000]
blk_M_V_11              (partselect       ) [ 00011000]
blk_M_V_12              (partselect       ) [ 00011000]
blk_M_V_13              (partselect       ) [ 00011000]
ret_ln528               (ret              ) [ 00000000]
empty                   (wait             ) [ 00000000]
call_ln145              (call             ) [ 00000000]
empty_36                (wait             ) [ 00000000]
W_V_15_loc_load         (load             ) [ 00000001]
W_V_14_loc_load         (load             ) [ 00000001]
W_V_13_loc_load         (load             ) [ 00000001]
W_V_12_loc_load         (load             ) [ 00000001]
W_V_11_loc_load         (load             ) [ 00000001]
W_V_10_loc_load         (load             ) [ 00000001]
W_V_9_loc_load          (load             ) [ 00000001]
W_V_8_loc_load          (load             ) [ 00000001]
W_V_7_loc_load          (load             ) [ 00000001]
W_V_6_loc_load          (load             ) [ 00000001]
W_V_5_loc_load          (load             ) [ 00000001]
W_V_4_loc_load          (load             ) [ 00000001]
W_V_3_loc_load          (load             ) [ 00000001]
W_V_2_loc_load          (load             ) [ 00000001]
W_V_1_loc_load          (load             ) [ 00000001]
W_V_loc_load            (load             ) [ 00000001]
empty_37                (wait             ) [ 00000000]
call_ln0                (call             ) [ 00000000]
br_ln526                (br               ) [ 00000000]
</LifeTime>

<model>

<comp_list>
<comp id="0" class="1000" name="blk_strm">
<pin_list>
<pin id="1" dir="1" index="0" bw="1" slack="0"/>
</pin_list>
<bind>
<StgValue><ssdm name="blk_strm"/></StgValue>
</bind>
</comp>

<comp id="2" class="1000" name="end_nblk_strm132">
<pin_list>
<pin id="3" dir="1" index="0" bw="1" slack="0"/>
</pin_list>
<bind>
<StgValue><ssdm name="end_nblk_strm132"/></StgValue>
</bind>
</comp>

<comp id="4" class="1000" name="w_strm34">
<pin_list>
<pin id="5" dir="1" index="0" bw="1" slack="0"/>
</pin_list>
<bind>
<StgValue><ssdm name="w_strm34"/></StgValue>
</bind>
</comp>

<comp id="6" class="1001" name="const_6">
<pin_list>
<pin id="7" dir="1" index="0" bw="1" slack="0"/>
</pin_list>
<bind>
<StgValue><ssdm name=""/></StgValue>
</bind>
</comp>

<comp id="8" class="1001" name="const_8">
<pin_list>
<pin id="9" dir="1" index="0" bw="1" slack="2147483647"/>
</pin_list>
<bind>
<StgValue><ssdm name="_ssdm_op_SpecMemCore"/></StgValue>
</bind>
</comp>

<comp id="10" class="1001" name="const_10">
<pin_list>
<pin id="11" dir="1" index="0" bw="1" slack="2147483647"/>
</pin_list>
<bind>
<StgValue><ssdm name=""/></StgValue>
</bind>
</comp>

<comp id="12" class="1001" name="const_12">
<pin_list>
<pin id="13" dir="1" index="0" bw="1" slack="2147483647"/>
</pin_list>
<bind>
<StgValue><ssdm name=""/></StgValue>
</bind>
</comp>

<comp id="14" class="1001" name="const_14">
<pin_list>
<pin id="15" dir="1" index="0" bw="1" slack="2147483647"/>
</pin_list>
<bind>
<StgValue><ssdm name=""/></StgValue>
</bind>
</comp>

<comp id="16" class="1001" name="const_16">
<pin_list>
<pin id="17" dir="1" index="0" bw="1" slack="2147483647"/>
</pin_list>
<bind>
<StgValue><ssdm name="_ssdm_op_SpecInterface"/></StgValue>
</bind>
</comp>

<comp id="18" class="1001" name="const_18">
<pin_list>
<pin id="19" dir="1" index="0" bw="1" slack="2147483647"/>
</pin_list>
<bind>
<StgValue><ssdm name="empty_1"/></StgValue>
</bind>
</comp>

<comp id="20" class="1001" name="const_20">
<pin_list>
<pin id="21" dir="1" index="0" bw="1" slack="2147483647"/>
</pin_list>
<bind>
<StgValue><ssdm name=""/></StgValue>
</bind>
</comp>

<comp id="22" class="1001" name="const_22">
<pin_list>
<pin id="23" dir="1" index="0" bw="1" slack="2147483647"/>
</pin_list>
<bind>
<StgValue><ssdm name="empty_6"/></StgValue>
</bind>
</comp>

<comp id="24" class="1001" name="const_24">
<pin_list>
<pin id="25" dir="1" index="0" bw="1" slack="2147483647"/>
</pin_list>
<bind>
<StgValue><ssdm name=""/></StgValue>
</bind>
</comp>

<comp id="26" class="1001" name="const_26">
<pin_list>
<pin id="27" dir="1" index="0" bw="1" slack="2147483647"/>
</pin_list>
<bind>
<StgValue><ssdm name="_ssdm_op_SpecLoopTripCount"/></StgValue>
</bind>
</comp>

<comp id="28" class="1001" name="const_28">
<pin_list>
<pin id="29" dir="1" index="0" bw="1" slack="2147483647"/>
</pin_list>
<bind>
<StgValue><ssdm name="_ssdm_op_SpecLoopName"/></StgValue>
</bind>
</comp>

<comp id="30" class="1001" name="const_30">
<pin_list>
<pin id="31" dir="1" index="0" bw="1" slack="2147483647"/>
</pin_list>
<bind>
<StgValue><ssdm name="empty_2"/></StgValue>
</bind>
</comp>

<comp id="32" class="1001" name="const_32">
<pin_list>
<pin id="33" dir="1" index="0" bw="1" slack="0"/>
</pin_list>
<bind>
<StgValue><ssdm name="_ssdm_op_Read.ap_fifo.volatile.i1P0A"/></StgValue>
</bind>
</comp>

<comp id="34" class="1001" name="const_34">
<pin_list>
<pin id="35" dir="1" index="0" bw="1" slack="0"/>
</pin_list>
<bind>
<StgValue><ssdm name="_ssdm_op_Read.ap_fifo.volatile.i1024P0A"/></StgValue>
</bind>
</comp>

<comp id="36" class="1001" name="const_36">
<pin_list>
<pin id="37" dir="1" index="0" bw="1" slack="0"/>
</pin_list>
<bind>
<StgValue><ssdm name="_ssdm_op_PartSelect.i64.i1024.i32.i32"/></StgValue>
</bind>
</comp>

<comp id="38" class="1001" name="const_38">
<pin_list>
<pin id="39" dir="1" index="0" bw="1" slack="0"/>
</pin_list>
<bind>
<StgValue><ssdm name=""/></StgValue>
</bind>
</comp>

<comp id="40" class="1001" name="const_40">
<pin_list>
<pin id="41" dir="1" index="0" bw="1" slack="0"/>
</pin_list>
<bind>
<StgValue><ssdm name=""/></StgValue>
</bind>
</comp>

<comp id="42" class="1001" name="const_42">
<pin_list>
<pin id="43" dir="1" index="0" bw="1" slack="0"/>
</pin_list>
<bind>
<StgValue><ssdm name=""/></StgValue>
</bind>
</comp>

<comp id="44" class="1001" name="const_44">
<pin_list>
<pin id="45" dir="1" index="0" bw="1" slack="0"/>
</pin_list>
<bind>
<StgValue><ssdm name=""/></StgValue>
</bind>
</comp>

<comp id="46" class="1001" name="const_46">
<pin_list>
<pin id="47" dir="1" index="0" bw="1" slack="0"/>
</pin_list>
<bind>
<StgValue><ssdm name=""/></StgValue>
</bind>
</comp>

<comp id="48" class="1001" name="const_48">
<pin_list>
<pin id="49" dir="1" index="0" bw="1" slack="0"/>
</pin_list>
<bind>
<StgValue><ssdm name=""/></StgValue>
</bind>
</comp>

<comp id="50" class="1001" name="const_50">
<pin_list>
<pin id="51" dir="1" index="0" bw="1" slack="0"/>
</pin_list>
<bind>
<StgValue><ssdm name=""/></StgValue>
</bind>
</comp>

<comp id="52" class="1001" name="const_52">
<pin_list>
<pin id="53" dir="1" index="0" bw="1" slack="0"/>
</pin_list>
<bind>
<StgValue><ssdm name=""/></StgValue>
</bind>
</comp>

<comp id="54" class="1001" name="const_54">
<pin_list>
<pin id="55" dir="1" index="0" bw="1" slack="0"/>
</pin_list>
<bind>
<StgValue><ssdm name=""/></StgValue>
</bind>
</comp>

<comp id="56" class="1001" name="const_56">
<pin_list>
<pin id="57" dir="1" index="0" bw="1" slack="0"/>
</pin_list>
<bind>
<StgValue><ssdm name=""/></StgValue>
</bind>
</comp>

<comp id="58" class="1001" name="const_58">
<pin_list>
<pin id="59" dir="1" index="0" bw="1" slack="0"/>
</pin_list>
<bind>
<StgValue><ssdm name=""/></StgValue>
</bind>
</comp>

<comp id="60" class="1001" name="const_60">
<pin_list>
<pin id="61" dir="1" index="0" bw="1" slack="0"/>
</pin_list>
<bind>
<StgValue><ssdm name=""/></StgValue>
</bind>
</comp>

<comp id="62" class="1001" name="const_62">
<pin_list>
<pin id="63" dir="1" index="0" bw="1" slack="0"/>
</pin_list>
<bind>
<StgValue><ssdm name=""/></StgValue>
</bind>
</comp>

<comp id="64" class="1001" name="const_64">
<pin_list>
<pin id="65" dir="1" index="0" bw="1" slack="0"/>
</pin_list>
<bind>
<StgValue><ssdm name=""/></StgValue>
</bind>
</comp>

<comp id="66" class="1001" name="const_66">
<pin_list>
<pin id="67" dir="1" index="0" bw="1" slack="0"/>
</pin_list>
<bind>
<StgValue><ssdm name=""/></StgValue>
</bind>
</comp>

<comp id="68" class="1001" name="const_68">
<pin_list>
<pin id="69" dir="1" index="0" bw="1" slack="0"/>
</pin_list>
<bind>
<StgValue><ssdm name=""/></StgValue>
</bind>
</comp>

<comp id="70" class="1001" name="const_70">
<pin_list>
<pin id="71" dir="1" index="0" bw="1" slack="0"/>
</pin_list>
<bind>
<StgValue><ssdm name=""/></StgValue>
</bind>
</comp>

<comp id="72" class="1001" name="const_72">
<pin_list>
<pin id="73" dir="1" index="0" bw="1" slack="0"/>
</pin_list>
<bind>
<StgValue><ssdm name=""/></StgValue>
</bind>
</comp>

<comp id="74" class="1001" name="const_74">
<pin_list>
<pin id="75" dir="1" index="0" bw="1" slack="0"/>
</pin_list>
<bind>
<StgValue><ssdm name=""/></StgValue>
</bind>
</comp>

<comp id="76" class="1001" name="const_76">
<pin_list>
<pin id="77" dir="1" index="0" bw="1" slack="0"/>
</pin_list>
<bind>
<StgValue><ssdm name=""/></StgValue>
</bind>
</comp>

<comp id="78" class="1001" name="const_78">
<pin_list>
<pin id="79" dir="1" index="0" bw="1" slack="0"/>
</pin_list>
<bind>
<StgValue><ssdm name=""/></StgValue>
</bind>
</comp>

<comp id="80" class="1001" name="const_80">
<pin_list>
<pin id="81" dir="1" index="0" bw="1" slack="0"/>
</pin_list>
<bind>
<StgValue><ssdm name=""/></StgValue>
</bind>
</comp>

<comp id="82" class="1001" name="const_82">
<pin_list>
<pin id="83" dir="1" index="0" bw="1" slack="0"/>
</pin_list>
<bind>
<StgValue><ssdm name=""/></StgValue>
</bind>
</comp>

<comp id="84" class="1001" name="const_84">
<pin_list>
<pin id="85" dir="1" index="0" bw="1" slack="0"/>
</pin_list>
<bind>
<StgValue><ssdm name=""/></StgValue>
</bind>
</comp>

<comp id="86" class="1001" name="const_86">
<pin_list>
<pin id="87" dir="1" index="0" bw="1" slack="0"/>
</pin_list>
<bind>
<StgValue><ssdm name=""/></StgValue>
</bind>
</comp>

<comp id="88" class="1001" name="const_88">
<pin_list>
<pin id="89" dir="1" index="0" bw="1" slack="0"/>
</pin_list>
<bind>
<StgValue><ssdm name=""/></StgValue>
</bind>
</comp>

<comp id="90" class="1001" name="const_90">
<pin_list>
<pin id="91" dir="1" index="0" bw="1" slack="0"/>
</pin_list>
<bind>
<StgValue><ssdm name=""/></StgValue>
</bind>
</comp>

<comp id="92" class="1001" name="const_92">
<pin_list>
<pin id="93" dir="1" index="0" bw="1" slack="0"/>
</pin_list>
<bind>
<StgValue><ssdm name=""/></StgValue>
</bind>
</comp>

<comp id="94" class="1001" name="const_94">
<pin_list>
<pin id="95" dir="1" index="0" bw="1" slack="0"/>
</pin_list>
<bind>
<StgValue><ssdm name=""/></StgValue>
</bind>
</comp>

<comp id="96" class="1001" name="const_96">
<pin_list>
<pin id="97" dir="1" index="0" bw="1" slack="0"/>
</pin_list>
<bind>
<StgValue><ssdm name=""/></StgValue>
</bind>
</comp>

<comp id="98" class="1001" name="const_98">
<pin_list>
<pin id="99" dir="1" index="0" bw="1" slack="2147483647"/>
</pin_list>
<bind>
<StgValue><ssdm name="_ssdm_op_Wait"/></StgValue>
</bind>
</comp>

<comp id="100" class="1001" name="const_100">
<pin_list>
<pin id="101" dir="1" index="0" bw="1" slack="0"/>
</pin_list>
<bind>
<StgValue><ssdm name="generateMsgSchedule_Pipeline_LOOP_SHA512_GEN_WT16"/></StgValue>
</bind>
</comp>

<comp id="102" class="1001" name="const_102">
<pin_list>
<pin id="103" dir="1" index="0" bw="1" slack="0"/>
</pin_list>
<bind>
<StgValue><ssdm name="generateMsgSchedule_Pipeline_LOOP_SHA1_GEN_WT64"/></StgValue>
</bind>
</comp>

<comp id="104" class="1004" name="W_V_loc_fu_104">
<pin_list>
<pin id="105" dir="0" index="0" bw="1" slack="0"/>
<pin id="106" dir="1" index="1" bw="64" slack="2"/>
</pin_list>
<bind>
<opcode="alloca(26) " fcode="alloca"/>
<opset="W_V_loc/1 "/>
</bind>
</comp>

<comp id="108" class="1004" name="W_V_1_loc_fu_108">
<pin_list>
<pin id="109" dir="0" index="0" bw="1" slack="0"/>
<pin id="110" dir="1" index="1" bw="64" slack="2"/>
</pin_list>
<bind>
<opcode="alloca(26) " fcode="alloca"/>
<opset="W_V_1_loc/1 "/>
</bind>
</comp>

<comp id="112" class="1004" name="W_V_2_loc_fu_112">
<pin_list>
<pin id="113" dir="0" index="0" bw="1" slack="0"/>
<pin id="114" dir="1" index="1" bw="64" slack="2"/>
</pin_list>
<bind>
<opcode="alloca(26) " fcode="alloca"/>
<opset="W_V_2_loc/1 "/>
</bind>
</comp>

<comp id="116" class="1004" name="W_V_3_loc_fu_116">
<pin_list>
<pin id="117" dir="0" index="0" bw="1" slack="0"/>
<pin id="118" dir="1" index="1" bw="64" slack="2"/>
</pin_list>
<bind>
<opcode="alloca(26) " fcode="alloca"/>
<opset="W_V_3_loc/1 "/>
</bind>
</comp>

<comp id="120" class="1004" name="W_V_4_loc_fu_120">
<pin_list>
<pin id="121" dir="0" index="0" bw="1" slack="0"/>
<pin id="122" dir="1" index="1" bw="64" slack="2"/>
</pin_list>
<bind>
<opcode="alloca(26) " fcode="alloca"/>
<opset="W_V_4_loc/1 "/>
</bind>
</comp>

<comp id="124" class="1004" name="W_V_5_loc_fu_124">
<pin_list>
<pin id="125" dir="0" index="0" bw="1" slack="0"/>
<pin id="126" dir="1" index="1" bw="64" slack="2"/>
</pin_list>
<bind>
<opcode="alloca(26) " fcode="alloca"/>
<opset="W_V_5_loc/1 "/>
</bind>
</comp>

<comp id="128" class="1004" name="W_V_6_loc_fu_128">
<pin_list>
<pin id="129" dir="0" index="0" bw="1" slack="0"/>
<pin id="130" dir="1" index="1" bw="64" slack="2"/>
</pin_list>
<bind>
<opcode="alloca(26) " fcode="alloca"/>
<opset="W_V_6_loc/1 "/>
</bind>
</comp>

<comp id="132" class="1004" name="W_V_7_loc_fu_132">
<pin_list>
<pin id="133" dir="0" index="0" bw="1" slack="0"/>
<pin id="134" dir="1" index="1" bw="64" slack="2"/>
</pin_list>
<bind>
<opcode="alloca(26) " fcode="alloca"/>
<opset="W_V_7_loc/1 "/>
</bind>
</comp>

<comp id="136" class="1004" name="W_V_8_loc_fu_136">
<pin_list>
<pin id="137" dir="0" index="0" bw="1" slack="0"/>
<pin id="138" dir="1" index="1" bw="64" slack="2"/>
</pin_list>
<bind>
<opcode="alloca(26) " fcode="alloca"/>
<opset="W_V_8_loc/1 "/>
</bind>
</comp>

<comp id="140" class="1004" name="W_V_9_loc_fu_140">
<pin_list>
<pin id="141" dir="0" index="0" bw="1" slack="0"/>
<pin id="142" dir="1" index="1" bw="64" slack="2"/>
</pin_list>
<bind>
<opcode="alloca(26) " fcode="alloca"/>
<opset="W_V_9_loc/1 "/>
</bind>
</comp>

<comp id="144" class="1004" name="W_V_10_loc_fu_144">
<pin_list>
<pin id="145" dir="0" index="0" bw="1" slack="0"/>
<pin id="146" dir="1" index="1" bw="64" slack="2"/>
</pin_list>
<bind>
<opcode="alloca(26) " fcode="alloca"/>
<opset="W_V_10_loc/1 "/>
</bind>
</comp>

<comp id="148" class="1004" name="W_V_11_loc_fu_148">
<pin_list>
<pin id="149" dir="0" index="0" bw="1" slack="0"/>
<pin id="150" dir="1" index="1" bw="64" slack="2"/>
</pin_list>
<bind>
<opcode="alloca(26) " fcode="alloca"/>
<opset="W_V_11_loc/1 "/>
</bind>
</comp>

<comp id="152" class="1004" name="W_V_12_loc_fu_152">
<pin_list>
<pin id="153" dir="0" index="0" bw="1" slack="0"/>
<pin id="154" dir="1" index="1" bw="64" slack="2"/>
</pin_list>
<bind>
<opcode="alloca(26) " fcode="alloca"/>
<opset="W_V_12_loc/1 "/>
</bind>
</comp>

<comp id="156" class="1004" name="W_V_13_loc_fu_156">
<pin_list>
<pin id="157" dir="0" index="0" bw="1" slack="0"/>
<pin id="158" dir="1" index="1" bw="64" slack="2"/>
</pin_list>
<bind>
<opcode="alloca(26) " fcode="alloca"/>
<opset="W_V_13_loc/1 "/>
</bind>
</comp>

<comp id="160" class="1004" name="W_V_14_loc_fu_160">
<pin_list>
<pin id="161" dir="0" index="0" bw="1" slack="0"/>
<pin id="162" dir="1" index="1" bw="64" slack="2"/>
</pin_list>
<bind>
<opcode="alloca(26) " fcode="alloca"/>
<opset="W_V_14_loc/1 "/>
</bind>
</comp>

<comp id="164" class="1004" name="W_V_15_loc_fu_164">
<pin_list>
<pin id="165" dir="0" index="0" bw="1" slack="0"/>
<pin id="166" dir="1" index="1" bw="64" slack="2"/>
</pin_list>
<bind>
<opcode="alloca(26) " fcode="alloca"/>
<opset="W_V_15_loc/1 "/>
</bind>
</comp>

<comp id="168" class="1004" name="tmp_read_fu_168">
<pin_list>
<pin id="169" dir="0" index="0" bw="1" slack="0"/>
<pin id="170" dir="0" index="1" bw="1" slack="0"/>
<pin id="171" dir="1" index="2" bw="1" slack="2147483647"/>
</pin_list>
<bind>
<opcode="read(1150) " fcode="read"/>
<opset="tmp/2 "/>
</bind>
</comp>

<comp id="174" class="1004" name="blk_strm_read_read_fu_174">
<pin_list>
<pin id="175" dir="0" index="0" bw="1024" slack="0"/>
<pin id="176" dir="0" index="1" bw="1024" slack="0"/>
<pin id="177" dir="1" index="2" bw="1024" slack="0"/>
</pin_list>
<bind>
<opcode="read(1150) " fcode="read"/>
<opset="blk_strm_read/2 "/>
</bind>
</comp>

<comp id="180" class="1004" name="grp_generateMsgSchedule_Pipeline_LOOP_SHA512_GEN_WT16_fu_180">
<pin_list>
<pin id="181" dir="0" index="0" bw="0" slack="0"/>
<pin id="182" dir="0" index="1" bw="64" slack="0"/>
<pin id="183" dir="0" index="2" bw="64" slack="1"/>
<pin id="184" dir="0" index="3" bw="64" slack="1"/>
<pin id="185" dir="0" index="4" bw="64" slack="1"/>
<pin id="186" dir="0" index="5" bw="64" slack="1"/>
<pin id="187" dir="0" index="6" bw="64" slack="1"/>
<pin id="188" dir="0" index="7" bw="64" slack="1"/>
<pin id="189" dir="0" index="8" bw="64" slack="1"/>
<pin id="190" dir="0" index="9" bw="64" slack="1"/>
<pin id="191" dir="0" index="10" bw="64" slack="1"/>
<pin id="192" dir="0" index="11" bw="64" slack="1"/>
<pin id="193" dir="0" index="12" bw="64" slack="1"/>
<pin id="194" dir="0" index="13" bw="64" slack="1"/>
<pin id="195" dir="0" index="14" bw="64" slack="1"/>
<pin id="196" dir="0" index="15" bw="64" slack="1"/>
<pin id="197" dir="0" index="16" bw="64" slack="1"/>
<pin id="198" dir="0" index="17" bw="64" slack="1"/>
<pin id="199" dir="0" index="18" bw="64" slack="2"/>
<pin id="200" dir="0" index="19" bw="64" slack="2"/>
<pin id="201" dir="0" index="20" bw="64" slack="2"/>
<pin id="202" dir="0" index="21" bw="64" slack="2"/>
<pin id="203" dir="0" index="22" bw="64" slack="2"/>
<pin id="204" dir="0" index="23" bw="64" slack="2"/>
<pin id="205" dir="0" index="24" bw="64" slack="2"/>
<pin id="206" dir="0" index="25" bw="64" slack="2"/>
<pin id="207" dir="0" index="26" bw="64" slack="2"/>
<pin id="208" dir="0" index="27" bw="64" slack="2"/>
<pin id="209" dir="0" index="28" bw="64" slack="2"/>
<pin id="210" dir="0" index="29" bw="64" slack="2"/>
<pin id="211" dir="0" index="30" bw="64" slack="2"/>
<pin id="212" dir="0" index="31" bw="64" slack="2"/>
<pin id="213" dir="0" index="32" bw="64" slack="2"/>
<pin id="214" dir="0" index="33" bw="64" slack="2"/>
<pin id="215" dir="1" index="34" bw="0" slack="2147483647"/>
</pin_list>
<bind>
<opcode="call(48) " fcode="call"/>
<opset="call_ln145/3 "/>
</bind>
</comp>

<comp id="218" class="1004" name="grp_generateMsgSchedule_Pipeline_LOOP_SHA1_GEN_WT64_fu_218">
<pin_list>
<pin id="219" dir="0" index="0" bw="0" slack="0"/>
<pin id="220" dir="0" index="1" bw="64" slack="0"/>
<pin id="221" dir="0" index="2" bw="64" slack="0"/>
<pin id="222" dir="0" index="3" bw="64" slack="0"/>
<pin id="223" dir="0" index="4" bw="64" slack="0"/>
<pin id="224" dir="0" index="5" bw="64" slack="0"/>
<pin id="225" dir="0" index="6" bw="64" slack="0"/>
<pin id="226" dir="0" index="7" bw="64" slack="0"/>
<pin id="227" dir="0" index="8" bw="64" slack="0"/>
<pin id="228" dir="0" index="9" bw="64" slack="0"/>
<pin id="229" dir="0" index="10" bw="64" slack="0"/>
<pin id="230" dir="0" index="11" bw="64" slack="0"/>
<pin id="231" dir="0" index="12" bw="64" slack="0"/>
<pin id="232" dir="0" index="13" bw="64" slack="0"/>
<pin id="233" dir="0" index="14" bw="64" slack="0"/>
<pin id="234" dir="0" index="15" bw="64" slack="0"/>
<pin id="235" dir="0" index="16" bw="64" slack="0"/>
<pin id="236" dir="0" index="17" bw="64" slack="0"/>
<pin id="237" dir="1" index="18" bw="0" slack="2147483647"/>
</pin_list>
<bind>
<opcode="call(48) " fcode="call"/>
<opset="call_ln0/6 "/>
</bind>
</comp>

<comp id="240" class="1004" name="blk_M_V_fu_240">
<pin_list>
<pin id="241" dir="0" index="0" bw="1024" slack="0"/>
<pin id="242" dir="1" index="1" bw="64" slack="1"/>
</pin_list>
<bind>
<opcode="trunc(33) " fcode="trunc"/>
<opset="blk_M_V/2 "/>
</bind>
</comp>

<comp id="244" class="1004" name="blk_M_V_14_fu_244">
<pin_list>
<pin id="245" dir="0" index="0" bw="64" slack="0"/>
<pin id="246" dir="0" index="1" bw="1024" slack="0"/>
<pin id="247" dir="0" index="2" bw="11" slack="0"/>
<pin id="248" dir="0" index="3" bw="11" slack="0"/>
<pin id="249" dir="1" index="4" bw="64" slack="1"/>
</pin_list>
<bind>
<opcode="partselect(1002) " fcode="partselect"/>
<opset="blk_M_V_14/2 "/>
</bind>
</comp>

<comp id="254" class="1004" name="blk_M_V_15_fu_254">
<pin_list>
<pin id="255" dir="0" index="0" bw="64" slack="0"/>
<pin id="256" dir="0" index="1" bw="1024" slack="0"/>
<pin id="257" dir="0" index="2" bw="11" slack="0"/>
<pin id="258" dir="0" index="3" bw="11" slack="0"/>
<pin id="259" dir="1" index="4" bw="64" slack="1"/>
</pin_list>
<bind>
<opcode="partselect(1002) " fcode="partselect"/>
<opset="blk_M_V_15/2 "/>
</bind>
</comp>

<comp id="264" class="1004" name="blk_M_V_1_fu_264">
<pin_list>
<pin id="265" dir="0" index="0" bw="64" slack="0"/>
<pin id="266" dir="0" index="1" bw="1024" slack="0"/>
<pin id="267" dir="0" index="2" bw="8" slack="0"/>
<pin id="268" dir="0" index="3" bw="8" slack="0"/>
<pin id="269" dir="1" index="4" bw="64" slack="1"/>
</pin_list>
<bind>
<opcode="partselect(1002) " fcode="partselect"/>
<opset="blk_M_V_1/2 "/>
</bind>
</comp>

<comp id="274" class="1004" name="blk_M_V_2_fu_274">
<pin_list>
<pin id="275" dir="0" index="0" bw="64" slack="0"/>
<pin id="276" dir="0" index="1" bw="1024" slack="0"/>
<pin id="277" dir="0" index="2" bw="9" slack="0"/>
<pin id="278" dir="0" index="3" bw="9" slack="0"/>
<pin id="279" dir="1" index="4" bw="64" slack="1"/>
</pin_list>
<bind>
<opcode="partselect(1002) " fcode="partselect"/>
<opset="blk_M_V_2/2 "/>
</bind>
</comp>

<comp id="284" class="1004" name="blk_M_V_3_fu_284">
<pin_list>
<pin id="285" dir="0" index="0" bw="64" slack="0"/>
<pin id="286" dir="0" index="1" bw="1024" slack="0"/>
<pin id="287" dir="0" index="2" bw="9" slack="0"/>
<pin id="288" dir="0" index="3" bw="9" slack="0"/>
<pin id="289" dir="1" index="4" bw="64" slack="1"/>
</pin_list>
<bind>
<opcode="partselect(1002) " fcode="partselect"/>
<opset="blk_M_V_3/2 "/>
</bind>
</comp>

<comp id="294" class="1004" name="blk_M_V_4_fu_294">
<pin_list>
<pin id="295" dir="0" index="0" bw="64" slack="0"/>
<pin id="296" dir="0" index="1" bw="1024" slack="0"/>
<pin id="297" dir="0" index="2" bw="10" slack="0"/>
<pin id="298" dir="0" index="3" bw="10" slack="0"/>
<pin id="299" dir="1" index="4" bw="64" slack="1"/>
</pin_list>
<bind>
<opcode="partselect(1002) " fcode="partselect"/>
<opset="blk_M_V_4/2 "/>
</bind>
</comp>

<comp id="304" class="1004" name="blk_M_V_5_fu_304">
<pin_list>
<pin id="305" dir="0" index="0" bw="64" slack="0"/>
<pin id="306" dir="0" index="1" bw="1024" slack="0"/>
<pin id="307" dir="0" index="2" bw="10" slack="0"/>
<pin id="308" dir="0" index="3" bw="10" slack="0"/>
<pin id="309" dir="1" index="4" bw="64" slack="1"/>
</pin_list>
<bind>
<opcode="partselect(1002) " fcode="partselect"/>
<opset="blk_M_V_5/2 "/>
</bind>
</comp>

<comp id="314" class="1004" name="blk_M_V_6_fu_314">
<pin_list>
<pin id="315" dir="0" index="0" bw="64" slack="0"/>
<pin id="316" dir="0" index="1" bw="1024" slack="0"/>
<pin id="317" dir="0" index="2" bw="10" slack="0"/>
<pin id="318" dir="0" index="3" bw="10" slack="0"/>
<pin id="319" dir="1" index="4" bw="64" slack="1"/>
</pin_list>
<bind>
<opcode="partselect(1002) " fcode="partselect"/>
<opset="blk_M_V_6/2 "/>
</bind>
</comp>

<comp id="324" class="1004" name="blk_M_V_7_fu_324">
<pin_list>
<pin id="325" dir="0" index="0" bw="64" slack="0"/>
<pin id="326" dir="0" index="1" bw="1024" slack="0"/>
<pin id="327" dir="0" index="2" bw="10" slack="0"/>
<pin id="328" dir="0" index="3" bw="10" slack="0"/>
<pin id="329" dir="1" index="4" bw="64" slack="1"/>
</pin_list>
<bind>
<opcode="partselect(1002) " fcode="partselect"/>
<opset="blk_M_V_7/2 "/>
</bind>
</comp>

<comp id="334" class="1004" name="blk_M_V_8_fu_334">
<pin_list>
<pin id="335" dir="0" index="0" bw="64" slack="0"/>
<pin id="336" dir="0" index="1" bw="1024" slack="0"/>
<pin id="337" dir="0" index="2" bw="11" slack="0"/>
<pin id="338" dir="0" index="3" bw="11" slack="0"/>
<pin id="339" dir="1" index="4" bw="64" slack="1"/>
</pin_list>
<bind>
<opcode="partselect(1002) " fcode="partselect"/>
<opset="blk_M_V_8/2 "/>
</bind>
</comp>

<comp id="344" class="1004" name="blk_M_V_9_fu_344">
<pin_list>
<pin id="345" dir="0" index="0" bw="64" slack="0"/>
<pin id="346" dir="0" index="1" bw="1024" slack="0"/>
<pin id="347" dir="0" index="2" bw="11" slack="0"/>
<pin id="348" dir="0" index="3" bw="11" slack="0"/>
<pin id="349" dir="1" index="4" bw="64" slack="1"/>
</pin_list>
<bind>
<opcode="partselect(1002) " fcode="partselect"/>
<opset="blk_M_V_9/2 "/>
</bind>
</comp>

<comp id="354" class="1004" name="blk_M_V_10_fu_354">
<pin_list>
<pin id="355" dir="0" index="0" bw="64" slack="0"/>
<pin id="356" dir="0" index="1" bw="1024" slack="0"/>
<pin id="357" dir="0" index="2" bw="11" slack="0"/>
<pin id="358" dir="0" index="3" bw="11" slack="0"/>
<pin id="359" dir="1" index="4" bw="64" slack="1"/>
</pin_list>
<bind>
<opcode="partselect(1002) " fcode="partselect"/>
<opset="blk_M_V_10/2 "/>
</bind>
</comp>

<comp id="364" class="1004" name="blk_M_V_11_fu_364">
<pin_list>
<pin id="365" dir="0" index="0" bw="64" slack="0"/>
<pin id="366" dir="0" index="1" bw="1024" slack="0"/>
<pin id="367" dir="0" index="2" bw="11" slack="0"/>
<pin id="368" dir="0" index="3" bw="11" slack="0"/>
<pin id="369" dir="1" index="4" bw="64" slack="1"/>
</pin_list>
<bind>
<opcode="partselect(1002) " fcode="partselect"/>
<opset="blk_M_V_11/2 "/>
</bind>
</comp>

<comp id="374" class="1004" name="blk_M_V_12_fu_374">
<pin_list>
<pin id="375" dir="0" index="0" bw="64" slack="0"/>
<pin id="376" dir="0" index="1" bw="1024" slack="0"/>
<pin id="377" dir="0" index="2" bw="11" slack="0"/>
<pin id="378" dir="0" index="3" bw="11" slack="0"/>
<pin id="379" dir="1" index="4" bw="64" slack="1"/>
</pin_list>
<bind>
<opcode="partselect(1002) " fcode="partselect"/>
<opset="blk_M_V_12/2 "/>
</bind>
</comp>

<comp id="384" class="1004" name="blk_M_V_13_fu_384">
<pin_list>
<pin id="385" dir="0" index="0" bw="64" slack="0"/>
<pin id="386" dir="0" index="1" bw="1024" slack="0"/>
<pin id="387" dir="0" index="2" bw="11" slack="0"/>
<pin id="388" dir="0" index="3" bw="11" slack="0"/>
<pin id="389" dir="1" index="4" bw="64" slack="1"/>
</pin_list>
<bind>
<opcode="partselect(1002) " fcode="partselect"/>
<opset="blk_M_V_13/2 "/>
</bind>
</comp>

<comp id="394" class="1004" name="W_V_15_loc_load_load_fu_394">
<pin_list>
<pin id="395" dir="0" index="0" bw="64" slack="5"/>
<pin id="396" dir="1" index="1" bw="64" slack="0"/>
</pin_list>
<bind>
<opcode="load(27) " fcode="load"/>
<opset="W_V_15_loc_load/6 "/>
</bind>
</comp>

<comp id="398" class="1004" name="W_V_14_loc_load_load_fu_398">
<pin_list>
<pin id="399" dir="0" index="0" bw="64" slack="5"/>
<pin id="400" dir="1" index="1" bw="64" slack="0"/>
</pin_list>
<bind>
<opcode="load(27) " fcode="load"/>
<opset="W_V_14_loc_load/6 "/>
</bind>
</comp>

<comp id="402" class="1004" name="W_V_13_loc_load_load_fu_402">
<pin_list>
<pin id="403" dir="0" index="0" bw="64" slack="5"/>
<pin id="404" dir="1" index="1" bw="64" slack="0"/>
</pin_list>
<bind>
<opcode="load(27) " fcode="load"/>
<opset="W_V_13_loc_load/6 "/>
</bind>
</comp>

<comp id="406" class="1004" name="W_V_12_loc_load_load_fu_406">
<pin_list>
<pin id="407" dir="0" index="0" bw="64" slack="5"/>
<pin id="408" dir="1" index="1" bw="64" slack="0"/>
</pin_list>
<bind>
<opcode="load(27) " fcode="load"/>
<opset="W_V_12_loc_load/6 "/>
</bind>
</comp>

<comp id="410" class="1004" name="W_V_11_loc_load_load_fu_410">
<pin_list>
<pin id="411" dir="0" index="0" bw="64" slack="5"/>
<pin id="412" dir="1" index="1" bw="64" slack="0"/>
</pin_list>
<bind>
<opcode="load(27) " fcode="load"/>
<opset="W_V_11_loc_load/6 "/>
</bind>
</comp>

<comp id="414" class="1004" name="W_V_10_loc_load_load_fu_414">
<pin_list>
<pin id="415" dir="0" index="0" bw="64" slack="5"/>
<pin id="416" dir="1" index="1" bw="64" slack="0"/>
</pin_list>
<bind>
<opcode="load(27) " fcode="load"/>
<opset="W_V_10_loc_load/6 "/>
</bind>
</comp>

<comp id="418" class="1004" name="W_V_9_loc_load_load_fu_418">
<pin_list>
<pin id="419" dir="0" index="0" bw="64" slack="5"/>
<pin id="420" dir="1" index="1" bw="64" slack="0"/>
</pin_list>
<bind>
<opcode="load(27) " fcode="load"/>
<opset="W_V_9_loc_load/6 "/>
</bind>
</comp>

<comp id="422" class="1004" name="W_V_8_loc_load_load_fu_422">
<pin_list>
<pin id="423" dir="0" index="0" bw="64" slack="5"/>
<pin id="424" dir="1" index="1" bw="64" slack="0"/>
</pin_list>
<bind>
<opcode="load(27) " fcode="load"/>
<opset="W_V_8_loc_load/6 "/>
</bind>
</comp>

<comp id="426" class="1004" name="W_V_7_loc_load_load_fu_426">
<pin_list>
<pin id="427" dir="0" index="0" bw="64" slack="5"/>
<pin id="428" dir="1" index="1" bw="64" slack="0"/>
</pin_list>
<bind>
<opcode="load(27) " fcode="load"/>
<opset="W_V_7_loc_load/6 "/>
</bind>
</comp>

<comp id="430" class="1004" name="W_V_6_loc_load_load_fu_430">
<pin_list>
<pin id="431" dir="0" index="0" bw="64" slack="5"/>
<pin id="432" dir="1" index="1" bw="64" slack="0"/>
</pin_list>
<bind>
<opcode="load(27) " fcode="load"/>
<opset="W_V_6_loc_load/6 "/>
</bind>
</comp>

<comp id="434" class="1004" name="W_V_5_loc_load_load_fu_434">
<pin_list>
<pin id="435" dir="0" index="0" bw="64" slack="5"/>
<pin id="436" dir="1" index="1" bw="64" slack="0"/>
</pin_list>
<bind>
<opcode="load(27) " fcode="load"/>
<opset="W_V_5_loc_load/6 "/>
</bind>
</comp>

<comp id="438" class="1004" name="W_V_4_loc_load_load_fu_438">
<pin_list>
<pin id="439" dir="0" index="0" bw="64" slack="5"/>
<pin id="440" dir="1" index="1" bw="64" slack="0"/>
</pin_list>
<bind>
<opcode="load(27) " fcode="load"/>
<opset="W_V_4_loc_load/6 "/>
</bind>
</comp>

<comp id="442" class="1004" name="W_V_3_loc_load_load_fu_442">
<pin_list>
<pin id="443" dir="0" index="0" bw="64" slack="5"/>
<pin id="444" dir="1" index="1" bw="64" slack="0"/>
</pin_list>
<bind>
<opcode="load(27) " fcode="load"/>
<opset="W_V_3_loc_load/6 "/>
</bind>
</comp>

<comp id="446" class="1004" name="W_V_2_loc_load_load_fu_446">
<pin_list>
<pin id="447" dir="0" index="0" bw="64" slack="5"/>
<pin id="448" dir="1" index="1" bw="64" slack="0"/>
</pin_list>
<bind>
<opcode="load(27) " fcode="load"/>
<opset="W_V_2_loc_load/6 "/>
</bind>
</comp>

<comp id="450" class="1004" name="W_V_1_loc_load_load_fu_450">
<pin_list>
<pin id="451" dir="0" index="0" bw="64" slack="5"/>
<pin id="452" dir="1" index="1" bw="64" slack="0"/>
</pin_list>
<bind>
<opcode="load(27) " fcode="load"/>
<opset="W_V_1_loc_load/6 "/>
</bind>
</comp>

<comp id="454" class="1004" name="W_V_loc_load_load_fu_454">
<pin_list>
<pin id="455" dir="0" index="0" bw="64" slack="5"/>
<pin id="456" dir="1" index="1" bw="64" slack="0"/>
</pin_list>
<bind>
<opcode="load(27) " fcode="load"/>
<opset="W_V_loc_load/6 "/>
</bind>
</comp>

<comp id="458" class="1005" name="W_V_loc_reg_458">
<pin_list>
<pin id="459" dir="0" index="0" bw="64" slack="2"/>
<pin id="460" dir="1" index="1" bw="64" slack="2"/>
</pin_list>
<bind>
<opset="W_V_loc "/>
</bind>
</comp>

<comp id="464" class="1005" name="W_V_1_loc_reg_464">
<pin_list>
<pin id="465" dir="0" index="0" bw="64" slack="2"/>
<pin id="466" dir="1" index="1" bw="64" slack="2"/>
</pin_list>
<bind>
<opset="W_V_1_loc "/>
</bind>
</comp>

<comp id="470" class="1005" name="W_V_2_loc_reg_470">
<pin_list>
<pin id="471" dir="0" index="0" bw="64" slack="2"/>
<pin id="472" dir="1" index="1" bw="64" slack="2"/>
</pin_list>
<bind>
<opset="W_V_2_loc "/>
</bind>
</comp>

<comp id="476" class="1005" name="W_V_3_loc_reg_476">
<pin_list>
<pin id="477" dir="0" index="0" bw="64" slack="2"/>
<pin id="478" dir="1" index="1" bw="64" slack="2"/>
</pin_list>
<bind>
<opset="W_V_3_loc "/>
</bind>
</comp>

<comp id="482" class="1005" name="W_V_4_loc_reg_482">
<pin_list>
<pin id="483" dir="0" index="0" bw="64" slack="2"/>
<pin id="484" dir="1" index="1" bw="64" slack="2"/>
</pin_list>
<bind>
<opset="W_V_4_loc "/>
</bind>
</comp>

<comp id="488" class="1005" name="W_V_5_loc_reg_488">
<pin_list>
<pin id="489" dir="0" index="0" bw="64" slack="2"/>
<pin id="490" dir="1" index="1" bw="64" slack="2"/>
</pin_list>
<bind>
<opset="W_V_5_loc "/>
</bind>
</comp>

<comp id="494" class="1005" name="W_V_6_loc_reg_494">
<pin_list>
<pin id="495" dir="0" index="0" bw="64" slack="2"/>
<pin id="496" dir="1" index="1" bw="64" slack="2"/>
</pin_list>
<bind>
<opset="W_V_6_loc "/>
</bind>
</comp>

<comp id="500" class="1005" name="W_V_7_loc_reg_500">
<pin_list>
<pin id="501" dir="0" index="0" bw="64" slack="2"/>
<pin id="502" dir="1" index="1" bw="64" slack="2"/>
</pin_list>
<bind>
<opset="W_V_7_loc "/>
</bind>
</comp>

<comp id="506" class="1005" name="W_V_8_loc_reg_506">
<pin_list>
<pin id="507" dir="0" index="0" bw="64" slack="2"/>
<pin id="508" dir="1" index="1" bw="64" slack="2"/>
</pin_list>
<bind>
<opset="W_V_8_loc "/>
</bind>
</comp>

<comp id="512" class="1005" name="W_V_9_loc_reg_512">
<pin_list>
<pin id="513" dir="0" index="0" bw="64" slack="2"/>
<pin id="514" dir="1" index="1" bw="64" slack="2"/>
</pin_list>
<bind>
<opset="W_V_9_loc "/>
</bind>
</comp>

<comp id="518" class="1005" name="W_V_10_loc_reg_518">
<pin_list>
<pin id="519" dir="0" index="0" bw="64" slack="2"/>
<pin id="520" dir="1" index="1" bw="64" slack="2"/>
</pin_list>
<bind>
<opset="W_V_10_loc "/>
</bind>
</comp>

<comp id="524" class="1005" name="W_V_11_loc_reg_524">
<pin_list>
<pin id="525" dir="0" index="0" bw="64" slack="2"/>
<pin id="526" dir="1" index="1" bw="64" slack="2"/>
</pin_list>
<bind>
<opset="W_V_11_loc "/>
</bind>
</comp>

<comp id="530" class="1005" name="W_V_12_loc_reg_530">
<pin_list>
<pin id="531" dir="0" index="0" bw="64" slack="2"/>
<pin id="532" dir="1" index="1" bw="64" slack="2"/>
</pin_list>
<bind>
<opset="W_V_12_loc "/>
</bind>
</comp>

<comp id="536" class="1005" name="W_V_13_loc_reg_536">
<pin_list>
<pin id="537" dir="0" index="0" bw="64" slack="2"/>
<pin id="538" dir="1" index="1" bw="64" slack="2"/>
</pin_list>
<bind>
<opset="W_V_13_loc "/>
</bind>
</comp>

<comp id="542" class="1005" name="W_V_14_loc_reg_542">
<pin_list>
<pin id="543" dir="0" index="0" bw="64" slack="2"/>
<pin id="544" dir="1" index="1" bw="64" slack="2"/>
</pin_list>
<bind>
<opset="W_V_14_loc "/>
</bind>
</comp>

<comp id="548" class="1005" name="W_V_15_loc_reg_548">
<pin_list>
<pin id="549" dir="0" index="0" bw="64" slack="2"/>
<pin id="550" dir="1" index="1" bw="64" slack="2"/>
</pin_list>
<bind>
<opset="W_V_15_loc "/>
</bind>
</comp>

<comp id="557" class="1005" name="blk_M_V_reg_557">
<pin_list>
<pin id="558" dir="0" index="0" bw="64" slack="1"/>
<pin id="559" dir="1" index="1" bw="64" slack="1"/>
</pin_list>
<bind>
<opset="blk_M_V "/>
</bind>
</comp>

<comp id="562" class="1005" name="blk_M_V_14_reg_562">
<pin_list>
<pin id="563" dir="0" index="0" bw="64" slack="1"/>
<pin id="564" dir="1" index="1" bw="64" slack="1"/>
</pin_list>
<bind>
<opset="blk_M_V_14 "/>
</bind>
</comp>

<comp id="567" class="1005" name="blk_M_V_15_reg_567">
<pin_list>
<pin id="568" dir="0" index="0" bw="64" slack="1"/>
<pin id="569" dir="1" index="1" bw="64" slack="1"/>
</pin_list>
<bind>
<opset="blk_M_V_15 "/>
</bind>
</comp>

<comp id="572" class="1005" name="blk_M_V_1_reg_572">
<pin_list>
<pin id="573" dir="0" index="0" bw="64" slack="1"/>
<pin id="574" dir="1" index="1" bw="64" slack="1"/>
</pin_list>
<bind>
<opset="blk_M_V_1 "/>
</bind>
</comp>

<comp id="577" class="1005" name="blk_M_V_2_reg_577">
<pin_list>
<pin id="578" dir="0" index="0" bw="64" slack="1"/>
<pin id="579" dir="1" index="1" bw="64" slack="1"/>
</pin_list>
<bind>
<opset="blk_M_V_2 "/>
</bind>
</comp>

<comp id="582" class="1005" name="blk_M_V_3_reg_582">
<pin_list>
<pin id="583" dir="0" index="0" bw="64" slack="1"/>
<pin id="584" dir="1" index="1" bw="64" slack="1"/>
</pin_list>
<bind>
<opset="blk_M_V_3 "/>
</bind>
</comp>

<comp id="587" class="1005" name="blk_M_V_4_reg_587">
<pin_list>
<pin id="588" dir="0" index="0" bw="64" slack="1"/>
<pin id="589" dir="1" index="1" bw="64" slack="1"/>
</pin_list>
<bind>
<opset="blk_M_V_4 "/>
</bind>
</comp>

<comp id="592" class="1005" name="blk_M_V_5_reg_592">
<pin_list>
<pin id="593" dir="0" index="0" bw="64" slack="1"/>
<pin id="594" dir="1" index="1" bw="64" slack="1"/>
</pin_list>
<bind>
<opset="blk_M_V_5 "/>
</bind>
</comp>

<comp id="597" class="1005" name="blk_M_V_6_reg_597">
<pin_list>
<pin id="598" dir="0" index="0" bw="64" slack="1"/>
<pin id="599" dir="1" index="1" bw="64" slack="1"/>
</pin_list>
<bind>
<opset="blk_M_V_6 "/>
</bind>
</comp>

<comp id="602" class="1005" name="blk_M_V_7_reg_602">
<pin_list>
<pin id="603" dir="0" index="0" bw="64" slack="1"/>
<pin id="604" dir="1" index="1" bw="64" slack="1"/>
</pin_list>
<bind>
<opset="blk_M_V_7 "/>
</bind>
</comp>

<comp id="607" class="1005" name="blk_M_V_8_reg_607">
<pin_list>
<pin id="608" dir="0" index="0" bw="64" slack="1"/>
<pin id="609" dir="1" index="1" bw="64" slack="1"/>
</pin_list>
<bind>
<opset="blk_M_V_8 "/>
</bind>
</comp>

<comp id="612" class="1005" name="blk_M_V_9_reg_612">
<pin_list>
<pin id="613" dir="0" index="0" bw="64" slack="1"/>
<pin id="614" dir="1" index="1" bw="64" slack="1"/>
</pin_list>
<bind>
<opset="blk_M_V_9 "/>
</bind>
</comp>

<comp id="617" class="1005" name="blk_M_V_10_reg_617">
<pin_list>
<pin id="618" dir="0" index="0" bw="64" slack="1"/>
<pin id="619" dir="1" index="1" bw="64" slack="1"/>
</pin_list>
<bind>
<opset="blk_M_V_10 "/>
</bind>
</comp>

<comp id="622" class="1005" name="blk_M_V_11_reg_622">
<pin_list>
<pin id="623" dir="0" index="0" bw="64" slack="1"/>
<pin id="624" dir="1" index="1" bw="64" slack="1"/>
</pin_list>
<bind>
<opset="blk_M_V_11 "/>
</bind>
</comp>

<comp id="627" class="1005" name="blk_M_V_12_reg_627">
<pin_list>
<pin id="628" dir="0" index="0" bw="64" slack="1"/>
<pin id="629" dir="1" index="1" bw="64" slack="1"/>
</pin_list>
<bind>
<opset="blk_M_V_12 "/>
</bind>
</comp>

<comp id="632" class="1005" name="blk_M_V_13_reg_632">
<pin_list>
<pin id="633" dir="0" index="0" bw="64" slack="1"/>
<pin id="634" dir="1" index="1" bw="64" slack="1"/>
</pin_list>
<bind>
<opset="blk_M_V_13 "/>
</bind>
</comp>

</comp_list>

<net_list>
<net id="107"><net_src comp="6" pin="0"/><net_sink comp="104" pin=0"/></net>

<net id="111"><net_src comp="6" pin="0"/><net_sink comp="108" pin=0"/></net>

<net id="115"><net_src comp="6" pin="0"/><net_sink comp="112" pin=0"/></net>

<net id="119"><net_src comp="6" pin="0"/><net_sink comp="116" pin=0"/></net>

<net id="123"><net_src comp="6" pin="0"/><net_sink comp="120" pin=0"/></net>

<net id="127"><net_src comp="6" pin="0"/><net_sink comp="124" pin=0"/></net>

<net id="131"><net_src comp="6" pin="0"/><net_sink comp="128" pin=0"/></net>

<net id="135"><net_src comp="6" pin="0"/><net_sink comp="132" pin=0"/></net>

<net id="139"><net_src comp="6" pin="0"/><net_sink comp="136" pin=0"/></net>

<net id="143"><net_src comp="6" pin="0"/><net_sink comp="140" pin=0"/></net>

<net id="147"><net_src comp="6" pin="0"/><net_sink comp="144" pin=0"/></net>

<net id="151"><net_src comp="6" pin="0"/><net_sink comp="148" pin=0"/></net>

<net id="155"><net_src comp="6" pin="0"/><net_sink comp="152" pin=0"/></net>

<net id="159"><net_src comp="6" pin="0"/><net_sink comp="156" pin=0"/></net>

<net id="163"><net_src comp="6" pin="0"/><net_sink comp="160" pin=0"/></net>

<net id="167"><net_src comp="6" pin="0"/><net_sink comp="164" pin=0"/></net>

<net id="172"><net_src comp="32" pin="0"/><net_sink comp="168" pin=0"/></net>

<net id="173"><net_src comp="2" pin="0"/><net_sink comp="168" pin=1"/></net>

<net id="178"><net_src comp="34" pin="0"/><net_sink comp="174" pin=0"/></net>

<net id="179"><net_src comp="0" pin="0"/><net_sink comp="174" pin=1"/></net>

<net id="216"><net_src comp="100" pin="0"/><net_sink comp="180" pin=0"/></net>

<net id="217"><net_src comp="4" pin="0"/><net_sink comp="180" pin=1"/></net>

<net id="238"><net_src comp="102" pin="0"/><net_sink comp="218" pin=0"/></net>

<net id="239"><net_src comp="4" pin="0"/><net_sink comp="218" pin=17"/></net>

<net id="243"><net_src comp="174" pin="2"/><net_sink comp="240" pin=0"/></net>

<net id="250"><net_src comp="36" pin="0"/><net_sink comp="244" pin=0"/></net>

<net id="251"><net_src comp="174" pin="2"/><net_sink comp="244" pin=1"/></net>

<net id="252"><net_src comp="38" pin="0"/><net_sink comp="244" pin=2"/></net>

<net id="253"><net_src comp="40" pin="0"/><net_sink comp="244" pin=3"/></net>

<net id="260"><net_src comp="36" pin="0"/><net_sink comp="254" pin=0"/></net>

<net id="261"><net_src comp="174" pin="2"/><net_sink comp="254" pin=1"/></net>

<net id="262"><net_src comp="42" pin="0"/><net_sink comp="254" pin=2"/></net>

<net id="263"><net_src comp="44" pin="0"/><net_sink comp="254" pin=3"/></net>

<net id="270"><net_src comp="36" pin="0"/><net_sink comp="264" pin=0"/></net>

<net id="271"><net_src comp="174" pin="2"/><net_sink comp="264" pin=1"/></net>

<net id="272"><net_src comp="46" pin="0"/><net_sink comp="264" pin=2"/></net>

<net id="273"><net_src comp="48" pin="0"/><net_sink comp="264" pin=3"/></net>

<net id="280"><net_src comp="36" pin="0"/><net_sink comp="274" pin=0"/></net>

<net id="281"><net_src comp="174" pin="2"/><net_sink comp="274" pin=1"/></net>

<net id="282"><net_src comp="50" pin="0"/><net_sink comp="274" pin=2"/></net>

<net id="283"><net_src comp="52" pin="0"/><net_sink comp="274" pin=3"/></net>

<net id="290"><net_src comp="36" pin="0"/><net_sink comp="284" pin=0"/></net>

<net id="291"><net_src comp="174" pin="2"/><net_sink comp="284" pin=1"/></net>

<net id="292"><net_src comp="54" pin="0"/><net_sink comp="284" pin=2"/></net>

<net id="293"><net_src comp="56" pin="0"/><net_sink comp="284" pin=3"/></net>

<net id="300"><net_src comp="36" pin="0"/><net_sink comp="294" pin=0"/></net>

<net id="301"><net_src comp="174" pin="2"/><net_sink comp="294" pin=1"/></net>

<net id="302"><net_src comp="58" pin="0"/><net_sink comp="294" pin=2"/></net>

<net id="303"><net_src comp="60" pin="0"/><net_sink comp="294" pin=3"/></net>

<net id="310"><net_src comp="36" pin="0"/><net_sink comp="304" pin=0"/></net>

<net id="311"><net_src comp="174" pin="2"/><net_sink comp="304" pin=1"/></net>

<net id="312"><net_src comp="62" pin="0"/><net_sink comp="304" pin=2"/></net>

<net id="313"><net_src comp="64" pin="0"/><net_sink comp="304" pin=3"/></net>

<net id="320"><net_src comp="36" pin="0"/><net_sink comp="314" pin=0"/></net>

<net id="321"><net_src comp="174" pin="2"/><net_sink comp="314" pin=1"/></net>

<net id="322"><net_src comp="66" pin="0"/><net_sink comp="314" pin=2"/></net>

<net id="323"><net_src comp="68" pin="0"/><net_sink comp="314" pin=3"/></net>

<net id="330"><net_src comp="36" pin="0"/><net_sink comp="324" pin=0"/></net>

<net id="331"><net_src comp="174" pin="2"/><net_sink comp="324" pin=1"/></net>

<net id="332"><net_src comp="70" pin="0"/><net_sink comp="324" pin=2"/></net>

<net id="333"><net_src comp="72" pin="0"/><net_sink comp="324" pin=3"/></net>

<net id="340"><net_src comp="36" pin="0"/><net_sink comp="334" pin=0"/></net>

<net id="341"><net_src comp="174" pin="2"/><net_sink comp="334" pin=1"/></net>

<net id="342"><net_src comp="74" pin="0"/><net_sink comp="334" pin=2"/></net>

<net id="343"><net_src comp="76" pin="0"/><net_sink comp="334" pin=3"/></net>

<net id="350"><net_src comp="36" pin="0"/><net_sink comp="344" pin=0"/></net>

<net id="351"><net_src comp="174" pin="2"/><net_sink comp="344" pin=1"/></net>

<net id="352"><net_src comp="78" pin="0"/><net_sink comp="344" pin=2"/></net>

<net id="353"><net_src comp="80" pin="0"/><net_sink comp="344" pin=3"/></net>

<net id="360"><net_src comp="36" pin="0"/><net_sink comp="354" pin=0"/></net>

<net id="361"><net_src comp="174" pin="2"/><net_sink comp="354" pin=1"/></net>

<net id="362"><net_src comp="82" pin="0"/><net_sink comp="354" pin=2"/></net>

<net id="363"><net_src comp="84" pin="0"/><net_sink comp="354" pin=3"/></net>

<net id="370"><net_src comp="36" pin="0"/><net_sink comp="364" pin=0"/></net>

<net id="371"><net_src comp="174" pin="2"/><net_sink comp="364" pin=1"/></net>

<net id="372"><net_src comp="86" pin="0"/><net_sink comp="364" pin=2"/></net>

<net id="373"><net_src comp="88" pin="0"/><net_sink comp="364" pin=3"/></net>

<net id="380"><net_src comp="36" pin="0"/><net_sink comp="374" pin=0"/></net>

<net id="381"><net_src comp="174" pin="2"/><net_sink comp="374" pin=1"/></net>

<net id="382"><net_src comp="90" pin="0"/><net_sink comp="374" pin=2"/></net>

<net id="383"><net_src comp="92" pin="0"/><net_sink comp="374" pin=3"/></net>

<net id="390"><net_src comp="36" pin="0"/><net_sink comp="384" pin=0"/></net>

<net id="391"><net_src comp="174" pin="2"/><net_sink comp="384" pin=1"/></net>

<net id="392"><net_src comp="94" pin="0"/><net_sink comp="384" pin=2"/></net>

<net id="393"><net_src comp="96" pin="0"/><net_sink comp="384" pin=3"/></net>

<net id="397"><net_src comp="394" pin="1"/><net_sink comp="218" pin=13"/></net>

<net id="401"><net_src comp="398" pin="1"/><net_sink comp="218" pin=14"/></net>

<net id="405"><net_src comp="402" pin="1"/><net_sink comp="218" pin=12"/></net>

<net id="409"><net_src comp="406" pin="1"/><net_sink comp="218" pin=11"/></net>

<net id="413"><net_src comp="410" pin="1"/><net_sink comp="218" pin=10"/></net>

<net id="417"><net_src comp="414" pin="1"/><net_sink comp="218" pin=9"/></net>

<net id="421"><net_src comp="418" pin="1"/><net_sink comp="218" pin=8"/></net>

<net id="425"><net_src comp="422" pin="1"/><net_sink comp="218" pin=7"/></net>

<net id="429"><net_src comp="426" pin="1"/><net_sink comp="218" pin=6"/></net>

<net id="433"><net_src comp="430" pin="1"/><net_sink comp="218" pin=15"/></net>

<net id="437"><net_src comp="434" pin="1"/><net_sink comp="218" pin=5"/></net>

<net id="441"><net_src comp="438" pin="1"/><net_sink comp="218" pin=4"/></net>

<net id="445"><net_src comp="442" pin="1"/><net_sink comp="218" pin=3"/></net>

<net id="449"><net_src comp="446" pin="1"/><net_sink comp="218" pin=2"/></net>

<net id="453"><net_src comp="450" pin="1"/><net_sink comp="218" pin=16"/></net>

<net id="457"><net_src comp="454" pin="1"/><net_sink comp="218" pin=1"/></net>

<net id="461"><net_src comp="104" pin="1"/><net_sink comp="458" pin=0"/></net>

<net id="462"><net_src comp="458" pin="1"/><net_sink comp="180" pin=33"/></net>

<net id="463"><net_src comp="458" pin="1"/><net_sink comp="454" pin=0"/></net>

<net id="467"><net_src comp="108" pin="1"/><net_sink comp="464" pin=0"/></net>

<net id="468"><net_src comp="464" pin="1"/><net_sink comp="180" pin=32"/></net>

<net id="469"><net_src comp="464" pin="1"/><net_sink comp="450" pin=0"/></net>

<net id="473"><net_src comp="112" pin="1"/><net_sink comp="470" pin=0"/></net>

<net id="474"><net_src comp="470" pin="1"/><net_sink comp="180" pin=31"/></net>

<net id="475"><net_src comp="470" pin="1"/><net_sink comp="446" pin=0"/></net>

<net id="479"><net_src comp="116" pin="1"/><net_sink comp="476" pin=0"/></net>

<net id="480"><net_src comp="476" pin="1"/><net_sink comp="180" pin=30"/></net>

<net id="481"><net_src comp="476" pin="1"/><net_sink comp="442" pin=0"/></net>

<net id="485"><net_src comp="120" pin="1"/><net_sink comp="482" pin=0"/></net>

<net id="486"><net_src comp="482" pin="1"/><net_sink comp="180" pin=29"/></net>

<net id="487"><net_src comp="482" pin="1"/><net_sink comp="438" pin=0"/></net>

<net id="491"><net_src comp="124" pin="1"/><net_sink comp="488" pin=0"/></net>

<net id="492"><net_src comp="488" pin="1"/><net_sink comp="180" pin=28"/></net>

<net id="493"><net_src comp="488" pin="1"/><net_sink comp="434" pin=0"/></net>

<net id="497"><net_src comp="128" pin="1"/><net_sink comp="494" pin=0"/></net>

<net id="498"><net_src comp="494" pin="1"/><net_sink comp="180" pin=27"/></net>

<net id="499"><net_src comp="494" pin="1"/><net_sink comp="430" pin=0"/></net>

<net id="503"><net_src comp="132" pin="1"/><net_sink comp="500" pin=0"/></net>

<net id="504"><net_src comp="500" pin="1"/><net_sink comp="180" pin=26"/></net>

<net id="505"><net_src comp="500" pin="1"/><net_sink comp="426" pin=0"/></net>

<net id="509"><net_src comp="136" pin="1"/><net_sink comp="506" pin=0"/></net>

<net id="510"><net_src comp="506" pin="1"/><net_sink comp="180" pin=25"/></net>

<net id="511"><net_src comp="506" pin="1"/><net_sink comp="422" pin=0"/></net>

<net id="515"><net_src comp="140" pin="1"/><net_sink comp="512" pin=0"/></net>

<net id="516"><net_src comp="512" pin="1"/><net_sink comp="180" pin=24"/></net>

<net id="517"><net_src comp="512" pin="1"/><net_sink comp="418" pin=0"/></net>

<net id="521"><net_src comp="144" pin="1"/><net_sink comp="518" pin=0"/></net>

<net id="522"><net_src comp="518" pin="1"/><net_sink comp="180" pin=23"/></net>

<net id="523"><net_src comp="518" pin="1"/><net_sink comp="414" pin=0"/></net>

<net id="527"><net_src comp="148" pin="1"/><net_sink comp="524" pin=0"/></net>

<net id="528"><net_src comp="524" pin="1"/><net_sink comp="180" pin=22"/></net>

<net id="529"><net_src comp="524" pin="1"/><net_sink comp="410" pin=0"/></net>

<net id="533"><net_src comp="152" pin="1"/><net_sink comp="530" pin=0"/></net>

<net id="534"><net_src comp="530" pin="1"/><net_sink comp="180" pin=21"/></net>

<net id="535"><net_src comp="530" pin="1"/><net_sink comp="406" pin=0"/></net>

<net id="539"><net_src comp="156" pin="1"/><net_sink comp="536" pin=0"/></net>

<net id="540"><net_src comp="536" pin="1"/><net_sink comp="180" pin=20"/></net>

<net id="541"><net_src comp="536" pin="1"/><net_sink comp="402" pin=0"/></net>

<net id="545"><net_src comp="160" pin="1"/><net_sink comp="542" pin=0"/></net>

<net id="546"><net_src comp="542" pin="1"/><net_sink comp="180" pin=19"/></net>

<net id="547"><net_src comp="542" pin="1"/><net_sink comp="398" pin=0"/></net>

<net id="551"><net_src comp="164" pin="1"/><net_sink comp="548" pin=0"/></net>

<net id="552"><net_src comp="548" pin="1"/><net_sink comp="180" pin=18"/></net>

<net id="553"><net_src comp="548" pin="1"/><net_sink comp="394" pin=0"/></net>

<net id="560"><net_src comp="240" pin="1"/><net_sink comp="557" pin=0"/></net>

<net id="561"><net_src comp="557" pin="1"/><net_sink comp="180" pin=2"/></net>

<net id="565"><net_src comp="244" pin="4"/><net_sink comp="562" pin=0"/></net>

<net id="566"><net_src comp="562" pin="1"/><net_sink comp="180" pin=16"/></net>

<net id="570"><net_src comp="254" pin="4"/><net_sink comp="567" pin=0"/></net>

<net id="571"><net_src comp="567" pin="1"/><net_sink comp="180" pin=17"/></net>

<net id="575"><net_src comp="264" pin="4"/><net_sink comp="572" pin=0"/></net>

<net id="576"><net_src comp="572" pin="1"/><net_sink comp="180" pin=3"/></net>

<net id="580"><net_src comp="274" pin="4"/><net_sink comp="577" pin=0"/></net>

<net id="581"><net_src comp="577" pin="1"/><net_sink comp="180" pin=4"/></net>

<net id="585"><net_src comp="284" pin="4"/><net_sink comp="582" pin=0"/></net>

<net id="586"><net_src comp="582" pin="1"/><net_sink comp="180" pin=5"/></net>

<net id="590"><net_src comp="294" pin="4"/><net_sink comp="587" pin=0"/></net>

<net id="591"><net_src comp="587" pin="1"/><net_sink comp="180" pin=6"/></net>

<net id="595"><net_src comp="304" pin="4"/><net_sink comp="592" pin=0"/></net>

<net id="596"><net_src comp="592" pin="1"/><net_sink comp="180" pin=7"/></net>

<net id="600"><net_src comp="314" pin="4"/><net_sink comp="597" pin=0"/></net>

<net id="601"><net_src comp="597" pin="1"/><net_sink comp="180" pin=8"/></net>

<net id="605"><net_src comp="324" pin="4"/><net_sink comp="602" pin=0"/></net>

<net id="606"><net_src comp="602" pin="1"/><net_sink comp="180" pin=9"/></net>

<net id="610"><net_src comp="334" pin="4"/><net_sink comp="607" pin=0"/></net>

<net id="611"><net_src comp="607" pin="1"/><net_sink comp="180" pin=10"/></net>

<net id="615"><net_src comp="344" pin="4"/><net_sink comp="612" pin=0"/></net>

<net id="616"><net_src comp="612" pin="1"/><net_sink comp="180" pin=11"/></net>

<net id="620"><net_src comp="354" pin="4"/><net_sink comp="617" pin=0"/></net>

<net id="621"><net_src comp="617" pin="1"/><net_sink comp="180" pin=12"/></net>

<net id="625"><net_src comp="364" pin="4"/><net_sink comp="622" pin=0"/></net>

<net id="626"><net_src comp="622" pin="1"/><net_sink comp="180" pin=13"/></net>

<net id="630"><net_src comp="374" pin="4"/><net_sink comp="627" pin=0"/></net>

<net id="631"><net_src comp="627" pin="1"/><net_sink comp="180" pin=14"/></net>

<net id="635"><net_src comp="384" pin="4"/><net_sink comp="632" pin=0"/></net>

<net id="636"><net_src comp="632" pin="1"/><net_sink comp="180" pin=15"/></net>

</net_list>

</model> 
---------------- Datapath Model END ------------------

* FSMD analyzer results:
  - Output states:
	Port: w_strm34 | {3 4 6 7 }
 - Input state : 
	Port: generateMsgSchedule : blk_strm | {2 }
	Port: generateMsgSchedule : end_nblk_strm132 | {2 }
  - Chain level:
	State 1
	State 2
	State 3
	State 4
	State 5
	State 6
		call_ln0 : 1
	State 7


============================================================
+ Verbose Summary: Datapath Resource usage 
============================================================

* Functional unit list:
|----------|--------------------------------------------------------------|---------|---------|
| Operation|                        Functional Unit                       |    FF   |   LUT   |
|----------|--------------------------------------------------------------|---------|---------|
|   call   | grp_generateMsgSchedule_Pipeline_LOOP_SHA512_GEN_WT16_fu_180 |   1093  |    86   |
|          |  grp_generateMsgSchedule_Pipeline_LOOP_SHA1_GEN_WT64_fu_218  |   1095  |   479   |
|----------|--------------------------------------------------------------|---------|---------|
|   read   |                        tmp_read_fu_168                       |    0    |    0    |
|          |                   blk_strm_read_read_fu_174                  |    0    |    0    |
|----------|--------------------------------------------------------------|---------|---------|
|   trunc  |                        blk_M_V_fu_240                        |    0    |    0    |
|----------|--------------------------------------------------------------|---------|---------|
|          |                       blk_M_V_14_fu_244                      |    0    |    0    |
|          |                       blk_M_V_15_fu_254                      |    0    |    0    |
|          |                       blk_M_V_1_fu_264                       |    0    |    0    |
|          |                       blk_M_V_2_fu_274                       |    0    |    0    |
|          |                       blk_M_V_3_fu_284                       |    0    |    0    |
|          |                       blk_M_V_4_fu_294                       |    0    |    0    |
|          |                       blk_M_V_5_fu_304                       |    0    |    0    |
|partselect|                       blk_M_V_6_fu_314                       |    0    |    0    |
|          |                       blk_M_V_7_fu_324                       |    0    |    0    |
|          |                       blk_M_V_8_fu_334                       |    0    |    0    |
|          |                       blk_M_V_9_fu_344                       |    0    |    0    |
|          |                       blk_M_V_10_fu_354                      |    0    |    0    |
|          |                       blk_M_V_11_fu_364                      |    0    |    0    |
|          |                       blk_M_V_12_fu_374                      |    0    |    0    |
|          |                       blk_M_V_13_fu_384                      |    0    |    0    |
|----------|--------------------------------------------------------------|---------|---------|
|   Total  |                                                              |   2188  |   565   |
|----------|--------------------------------------------------------------|---------|---------|

Memories:
N/A

* Register list:
+------------------+--------+
|                  |   FF   |
+------------------+--------+
|W_V_10_loc_reg_518|   64   |
|W_V_11_loc_reg_524|   64   |
|W_V_12_loc_reg_530|   64   |
|W_V_13_loc_reg_536|   64   |
|W_V_14_loc_reg_542|   64   |
|W_V_15_loc_reg_548|   64   |
| W_V_1_loc_reg_464|   64   |
| W_V_2_loc_reg_470|   64   |
| W_V_3_loc_reg_476|   64   |
| W_V_4_loc_reg_482|   64   |
| W_V_5_loc_reg_488|   64   |
| W_V_6_loc_reg_494|   64   |
| W_V_7_loc_reg_500|   64   |
| W_V_8_loc_reg_506|   64   |
| W_V_9_loc_reg_512|   64   |
|  W_V_loc_reg_458 |   64   |
|blk_M_V_10_reg_617|   64   |
|blk_M_V_11_reg_622|   64   |
|blk_M_V_12_reg_627|   64   |
|blk_M_V_13_reg_632|   64   |
|blk_M_V_14_reg_562|   64   |
|blk_M_V_15_reg_567|   64   |
| blk_M_V_1_reg_572|   64   |
| blk_M_V_2_reg_577|   64   |
| blk_M_V_3_reg_582|   64   |
| blk_M_V_4_reg_587|   64   |
| blk_M_V_5_reg_592|   64   |
| blk_M_V_6_reg_597|   64   |
| blk_M_V_7_reg_602|   64   |
| blk_M_V_8_reg_607|   64   |
| blk_M_V_9_reg_612|   64   |
|  blk_M_V_reg_557 |   64   |
+------------------+--------+
|       Total      |  2048  |
+------------------+--------+

* Multiplexer (MUX) list: 
|--------|------|------|------|--------|
|  Comp  |  Pin | Size |  BW  | S x BW |
|--------|------|------|------|--------|
|  Total |      |      |      |    0   |
|--------|------|------|------|--------|



* Summary:
+-----------+--------+--------+
|           |   FF   |   LUT  |
+-----------+--------+--------+
|  Function |  2188  |   565  |
|   Memory  |    -   |    -   |
|Multiplexer|    -   |    -   |
|  Register |  2048  |    -   |
+-----------+--------+--------+
|   Total   |  4236  |   565  |
+-----------+--------+--------+
