

================================================================
== Vitis HLS Report for 'sha256_final'
================================================================
* Date:           Thu Jul 27 12:24:47 2023

* Version:        2022.1 (Build 3526262 on Mon Apr 18 15:47:01 MDT 2022)
* Project:        shat
* Solution:       solution1 (Vivado IP Flow Target)
* Product family: virtexuplus
* Target device:  xcu280-fsvh2892-2L-e


================================================================
== Performance Estimates
================================================================
+ Timing: 
    * Summary: 
    +--------+----------+----------+------------+
    |  Clock |  Target  | Estimated| Uncertainty|
    +--------+----------+----------+------------+
    |ap_clk  |  10.00 ns|  7.175 ns|     2.70 ns|
    +--------+----------+----------+------------+

+ Latency: 
    * Summary: 
    +---------+---------+----------+----------+-----+-----+---------+
    |  Latency (cycles) |  Latency (absolute) |  Interval | Pipeline|
    |   min   |   max   |    min   |    max   | min | max |   Type  |
    +---------+---------+----------+----------+-----+-----+---------+
    |        ?|        ?|         ?|         ?|    ?|    ?|       no|
    +---------+---------+----------+----------+-----+-----+---------+

    + Detail: 
        * Instance: 
        +---------------------------------------------------+----------------------------------------+---------+---------+-----------+-----------+-----+-----+---------+
        |                                                   |                                        |  Latency (cycles) |   Latency (absolute)  |  Interval | Pipeline|
        |                      Instance                     |                 Module                 |   min   |   max   |    min    |    max    | min | max |   Type  |
        +---------------------------------------------------+----------------------------------------+---------+---------+-----------+-----------+-----+-----+---------+
        |grp_sha256_final_Pipeline_VITIS_LOOP_115_2_fu_844  |sha256_final_Pipeline_VITIS_LOOP_115_2  |        ?|        ?|          ?|          ?|    ?|    ?|       no|
        |grp_sha256_transform_fu_852                        |sha256_transform                        |       50|       50|   0.500 us|   0.500 us|   32|   32|      yes|
        |grp_sha256_final_Pipeline_VITIS_LOOP_118_3_fu_874  |sha256_final_Pipeline_VITIS_LOOP_118_3  |       58|       58|   0.580 us|   0.580 us|   58|   58|       no|
        |grp_sha256_final_Pipeline_VITIS_LOOP_110_1_fu_880  |sha256_final_Pipeline_VITIS_LOOP_110_1  |        ?|        ?|          ?|          ?|    ?|    ?|       no|
        |grp_sha256_final_Pipeline_VITIS_LOOP_138_4_fu_887  |sha256_final_Pipeline_VITIS_LOOP_138_4  |        6|        6|  60.000 ns|  60.000 ns|    6|    6|       no|
        +---------------------------------------------------+----------------------------------------+---------+---------+-----------+-----------+-----+-----+---------+

        * Loop: 
        N/A



================================================================
== Utilization Estimates
================================================================
* Summary: 
+---------------------+---------+------+---------+---------+-----+
|         Name        | BRAM_18K|  DSP |    FF   |   LUT   | URAM|
+---------------------+---------+------+---------+---------+-----+
|DSP                  |        -|     -|        -|        -|    -|
|Expression           |        -|     -|        0|      509|    -|
|FIFO                 |        -|     -|        -|        -|    -|
|Instance             |        -|     -|     9772|    52322|    -|
|Memory               |        -|     -|        -|        -|    -|
|Multiplexer          |        -|     -|        -|     1222|    -|
|Register             |        -|     -|      747|        -|    -|
+---------------------+---------+------+---------+---------+-----+
|Total                |        0|     0|    10519|    54053|    0|
+---------------------+---------+------+---------+---------+-----+
|Available SLR        |     1344|  3008|   869120|   434560|  320|
+---------------------+---------+------+---------+---------+-----+
|Utilization SLR (%)  |        0|     0|        1|       12|    0|
+---------------------+---------+------+---------+---------+-----+
|Available            |     4032|  9024|  2607360|  1303680|  960|
+---------------------+---------+------+---------+---------+-----+
|Utilization (%)      |        0|     0|       ~0|        4|    0|
+---------------------+---------+------+---------+---------+-----+

+ Detail: 
    * Instance: 
    +---------------------------------------------------+----------------------------------------+---------+----+------+-------+-----+
    |                      Instance                     |                 Module                 | BRAM_18K| DSP|  FF  |  LUT  | URAM|
    +---------------------------------------------------+----------------------------------------+---------+----+------+-------+-----+
    |grp_sha256_final_Pipeline_VITIS_LOOP_110_1_fu_880  |sha256_final_Pipeline_VITIS_LOOP_110_1  |        0|   0|    67|    120|    0|
    |grp_sha256_final_Pipeline_VITIS_LOOP_115_2_fu_844  |sha256_final_Pipeline_VITIS_LOOP_115_2  |        0|   0|    42|    108|    0|
    |grp_sha256_final_Pipeline_VITIS_LOOP_118_3_fu_874  |sha256_final_Pipeline_VITIS_LOOP_118_3  |        0|   0|     8|     50|    0|
    |grp_sha256_final_Pipeline_VITIS_LOOP_138_4_fu_887  |sha256_final_Pipeline_VITIS_LOOP_138_4  |        0|   0|   293|    794|    0|
    |grp_sha256_transform_fu_852                        |sha256_transform                        |        0|   0|  9362|  51250|    0|
    +---------------------------------------------------+----------------------------------------+---------+----+------+-------+-----+
    |Total                                              |                                        |        0|   0|  9772|  52322|    0|
    +---------------------------------------------------+----------------------------------------+---------+----+------+-------+-----+

    * DSP: 
    N/A

    * Memory: 
    N/A

    * FIFO: 
    N/A

    * Expression: 
    +----------------------------------+----------+----+---+----+------------+------------+
    |           Variable Name          | Operation| DSP| FF| LUT| Bitwidth P0| Bitwidth P1|
    +----------------------------------+----------+----+---+----+------------+------------+
    |add_ln125_1_fu_1132_p2            |         +|   0|  0|  39|          32|          32|
    |add_ln125_fu_1078_p2              |         +|   0|  0|  39|          32|           1|
    |add_ln126_1_fu_1137_p2            |         +|   0|  0|  31|          24|          24|
    |add_ln126_2_fu_1143_p2            |         +|   0|  0|  23|          16|          16|
    |add_ln126_fu_1149_p2              |         +|   0|  0|  15|           8|           8|
    |ap_block_state85_on_subcall_done  |       and|   0|  0|   2|           1|           1|
    |icmp_ln108_fu_1043_p2             |      icmp|   0|  0|  20|          32|           6|
    |icmp_ln125_fu_1073_p2             |      icmp|   0|  0|  20|          32|          32|
    |select_ln125_fu_1083_p3           |    select|   0|  0|  32|           1|          32|
    |select_ln148_10_fu_1481_p3        |    select|   0|  0|   8|           1|           8|
    |select_ln148_11_fu_1488_p3        |    select|   0|  0|   8|           1|           8|
    |select_ln148_12_fu_1495_p3        |    select|   0|  0|   8|           1|           8|
    |select_ln148_13_fu_1502_p3        |    select|   0|  0|   8|           1|           8|
    |select_ln148_14_fu_1509_p3        |    select|   0|  0|   8|           1|           8|
    |select_ln148_15_fu_1516_p3        |    select|   0|  0|   8|           1|           8|
    |select_ln148_16_fu_1523_p3        |    select|   0|  0|   8|           1|           8|
    |select_ln148_17_fu_1530_p3        |    select|   0|  0|   8|           1|           8|
    |select_ln148_18_fu_1537_p3        |    select|   0|  0|   8|           1|           8|
    |select_ln148_19_fu_1544_p3        |    select|   0|  0|   8|           1|           8|
    |select_ln148_1_fu_1418_p3         |    select|   0|  0|   8|           1|           8|
    |select_ln148_20_fu_1551_p3        |    select|   0|  0|   8|           1|           8|
    |select_ln148_21_fu_1558_p3        |    select|   0|  0|   8|           1|           8|
    |select_ln148_22_fu_1565_p3        |    select|   0|  0|   8|           1|           8|
    |select_ln148_23_fu_1572_p3        |    select|   0|  0|   8|           1|           8|
    |select_ln148_24_fu_1579_p3        |    select|   0|  0|   8|           1|           8|
    |select_ln148_25_fu_1586_p3        |    select|   0|  0|   8|           1|           8|
    |select_ln148_26_fu_1593_p3        |    select|   0|  0|   8|           1|           8|
    |select_ln148_27_fu_1600_p3        |    select|   0|  0|   8|           1|           8|
    |select_ln148_28_fu_1607_p3        |    select|   0|  0|   8|           1|           8|
    |select_ln148_29_fu_1614_p3        |    select|   0|  0|   8|           1|           8|
    |select_ln148_2_fu_1425_p3         |    select|   0|  0|   8|           1|           8|
    |select_ln148_30_fu_1621_p3        |    select|   0|  0|   8|           1|           8|
    |select_ln148_31_fu_1628_p3        |    select|   0|  0|   8|           1|           8|
    |select_ln148_3_fu_1432_p3         |    select|   0|  0|   8|           1|           8|
    |select_ln148_4_fu_1439_p3         |    select|   0|  0|   8|           1|           8|
    |select_ln148_5_fu_1446_p3         |    select|   0|  0|   8|           1|           8|
    |select_ln148_6_fu_1453_p3         |    select|   0|  0|   8|           1|           8|
    |select_ln148_7_fu_1460_p3         |    select|   0|  0|   8|           1|           8|
    |select_ln148_8_fu_1467_p3         |    select|   0|  0|   8|           1|           8|
    |select_ln148_9_fu_1474_p3         |    select|   0|  0|   8|           1|           8|
    |select_ln148_fu_1411_p3           |    select|   0|  0|   8|           1|           8|
    |xor_ln125_fu_1067_p2              |       xor|   0|  0|  32|          32|           2|
    +----------------------------------+----------+----+---+----+------------+------------+
    |Total                             |          |   0|  0| 509|         242|         410|
    +----------------------------------+----------+----+---+----+------------+------------+

    * Multiplexer: 
    +----------------------------------------------+-----+-----------+-----+-----------+
    |                     Name                     | LUT | Input Size| Bits| Total Bits|
    +----------------------------------------------+-----+-----------+-----+-----------+
    |ap_NS_fsm                                     |  807|        153|    1|        153|
    |ctx_data_address0                             |   54|         10|    6|         60|
    |ctx_data_address1                             |   31|          6|    6|         36|
    |ctx_data_ce0                                  |   31|          6|    1|          6|
    |ctx_data_ce1                                  |   14|          3|    1|          3|
    |ctx_data_d0                                   |   49|          9|    8|         72|
    |ctx_data_d1                                   |   26|          5|    8|         40|
    |ctx_data_we0                                  |   26|          5|    1|          5|
    |ctx_state_0_0_reg_764                         |    9|          2|   32|         64|
    |ctx_state_1_0_reg_774                         |    9|          2|   32|         64|
    |ctx_state_2_0_reg_784                         |    9|          2|   32|         64|
    |ctx_state_3_0_reg_794                         |    9|          2|   32|         64|
    |ctx_state_4_0_reg_804                         |    9|          2|   32|         64|
    |ctx_state_5_0_reg_814                         |    9|          2|   32|         64|
    |ctx_state_6_0_reg_824                         |    9|          2|   32|         64|
    |ctx_state_7_0_reg_834                         |    9|          2|   32|         64|
    |grp_sha256_transform_fu_852_ctx_state_0_read  |   14|          3|   32|         96|
    |grp_sha256_transform_fu_852_ctx_state_1_read  |   14|          3|   32|         96|
    |grp_sha256_transform_fu_852_ctx_state_2_read  |   14|          3|   32|         96|
    |grp_sha256_transform_fu_852_ctx_state_3_read  |   14|          3|   32|         96|
    |grp_sha256_transform_fu_852_ctx_state_4_read  |   14|          3|   32|         96|
    |grp_sha256_transform_fu_852_ctx_state_5_read  |   14|          3|   32|         96|
    |grp_sha256_transform_fu_852_ctx_state_6_read  |   14|          3|   32|         96|
    |grp_sha256_transform_fu_852_ctx_state_7_read  |   14|          3|   32|         96|
    +----------------------------------------------+-----+-----------+-----+-----------+
    |Total                                         | 1222|        237|  544|       1655|
    +----------------------------------------------+-----+-----------+-----+-----------+

    * Register: 
    +----------------------------------------------------------------+-----+----+-----+-----------+
    |                              Name                              |  FF | LUT| Bits| Const Bits|
    +----------------------------------------------------------------+-----+----+-----+-----------+
    |add_ln126_reg_2457                                              |    8|   0|    8|          0|
    |ap_CS_fsm                                                       |  152|   0|  152|          0|
    |ctx_state_0_0_reg_764                                           |   32|   0|   32|          0|
    |ctx_state_1_0_reg_774                                           |   32|   0|   32|          0|
    |ctx_state_2_0_reg_784                                           |   32|   0|   32|          0|
    |ctx_state_3_0_reg_794                                           |   32|   0|   32|          0|
    |ctx_state_4_0_reg_804                                           |   32|   0|   32|          0|
    |ctx_state_5_0_reg_814                                           |   32|   0|   32|          0|
    |ctx_state_6_0_reg_824                                           |   32|   0|   32|          0|
    |ctx_state_7_0_reg_834                                           |   32|   0|   32|          0|
    |grp_sha256_final_Pipeline_VITIS_LOOP_110_1_fu_880_ap_start_reg  |    1|   0|    1|          0|
    |grp_sha256_final_Pipeline_VITIS_LOOP_115_2_fu_844_ap_start_reg  |    1|   0|    1|          0|
    |grp_sha256_final_Pipeline_VITIS_LOOP_118_3_fu_874_ap_start_reg  |    1|   0|    1|          0|
    |grp_sha256_final_Pipeline_VITIS_LOOP_138_4_fu_887_ap_start_reg  |    1|   0|    1|          0|
    |grp_sha256_transform_fu_852_ap_start_reg                        |    1|   0|    1|          0|
    |icmp_ln108_reg_2443                                             |    1|   0|    1|          0|
    |reg_1001                                                        |   32|   0|   32|          0|
    |reg_1007                                                        |   32|   0|   32|          0|
    |reg_1013                                                        |   32|   0|   32|          0|
    |reg_1019                                                        |   32|   0|   32|          0|
    |reg_1025                                                        |   32|   0|   32|          0|
    |reg_1031                                                        |   32|   0|   32|          0|
    |reg_1037                                                        |   32|   0|   32|          0|
    |reg_995                                                         |   32|   0|   32|          0|
    |trunc_ln109_1_reg_2452                                          |    6|   0|    6|          0|
    |trunc_ln109_reg_2447                                            |    7|   0|    7|          0|
    |trunc_ln130_reg_2477                                            |    8|   0|    8|          0|
    |trunc_ln2_reg_2462                                              |    8|   0|    8|          0|
    |trunc_ln3_reg_2467                                              |    8|   0|    8|          0|
    |trunc_ln4_reg_2472                                              |    8|   0|    8|          0|
    |trunc_ln6_reg_2482                                              |    8|   0|    8|          0|
    |trunc_ln7_reg_2487                                              |    8|   0|    8|          0|
    |trunc_ln8_reg_2492                                              |    8|   0|    8|          0|
    +----------------------------------------------------------------+-----+----+-----+-----------+
    |Total                                                           |  747|   0|  747|          0|
    +----------------------------------------------------------------+-----+----+-----+-----------+



================================================================
== Interface
================================================================
* Summary: 
+-------------------+-----+-----+------------+-------------------+--------------+
|     RTL Ports     | Dir | Bits|  Protocol  |   Source Object   |    C Type    |
+-------------------+-----+-----+------------+-------------------+--------------+
|ap_clk             |   in|    1|  ap_ctrl_hs|       sha256_final|  return value|
|ap_rst             |   in|    1|  ap_ctrl_hs|       sha256_final|  return value|
|ap_start           |   in|    1|  ap_ctrl_hs|       sha256_final|  return value|
|ap_done            |  out|    1|  ap_ctrl_hs|       sha256_final|  return value|
|ap_idle            |  out|    1|  ap_ctrl_hs|       sha256_final|  return value|
|ap_ready           |  out|    1|  ap_ctrl_hs|       sha256_final|  return value|
|ap_return_0        |  out|    8|  ap_ctrl_hs|       sha256_final|  return value|
|ap_return_1        |  out|    8|  ap_ctrl_hs|       sha256_final|  return value|
|ap_return_2        |  out|    8|  ap_ctrl_hs|       sha256_final|  return value|
|ap_return_3        |  out|    8|  ap_ctrl_hs|       sha256_final|  return value|
|ap_return_4        |  out|    8|  ap_ctrl_hs|       sha256_final|  return value|
|ap_return_5        |  out|    8|  ap_ctrl_hs|       sha256_final|  return value|
|ap_return_6        |  out|    8|  ap_ctrl_hs|       sha256_final|  return value|
|ap_return_7        |  out|    8|  ap_ctrl_hs|       sha256_final|  return value|
|ap_return_8        |  out|    8|  ap_ctrl_hs|       sha256_final|  return value|
|ap_return_9        |  out|    8|  ap_ctrl_hs|       sha256_final|  return value|
|ap_return_10       |  out|    8|  ap_ctrl_hs|       sha256_final|  return value|
|ap_return_11       |  out|    8|  ap_ctrl_hs|       sha256_final|  return value|
|ap_return_12       |  out|    8|  ap_ctrl_hs|       sha256_final|  return value|
|ap_return_13       |  out|    8|  ap_ctrl_hs|       sha256_final|  return value|
|ap_return_14       |  out|    8|  ap_ctrl_hs|       sha256_final|  return value|
|ap_return_15       |  out|    8|  ap_ctrl_hs|       sha256_final|  return value|
|ap_return_16       |  out|    8|  ap_ctrl_hs|       sha256_final|  return value|
|ap_return_17       |  out|    8|  ap_ctrl_hs|       sha256_final|  return value|
|ap_return_18       |  out|    8|  ap_ctrl_hs|       sha256_final|  return value|
|ap_return_19       |  out|    8|  ap_ctrl_hs|       sha256_final|  return value|
|ap_return_20       |  out|    8|  ap_ctrl_hs|       sha256_final|  return value|
|ap_return_21       |  out|    8|  ap_ctrl_hs|       sha256_final|  return value|
|ap_return_22       |  out|    8|  ap_ctrl_hs|       sha256_final|  return value|
|ap_return_23       |  out|    8|  ap_ctrl_hs|       sha256_final|  return value|
|ap_return_24       |  out|    8|  ap_ctrl_hs|       sha256_final|  return value|
|ap_return_25       |  out|    8|  ap_ctrl_hs|       sha256_final|  return value|
|ap_return_26       |  out|    8|  ap_ctrl_hs|       sha256_final|  return value|
|ap_return_27       |  out|    8|  ap_ctrl_hs|       sha256_final|  return value|
|ap_return_28       |  out|    8|  ap_ctrl_hs|       sha256_final|  return value|
|ap_return_29       |  out|    8|  ap_ctrl_hs|       sha256_final|  return value|
|ap_return_30       |  out|    8|  ap_ctrl_hs|       sha256_final|  return value|
|ap_return_31       |  out|    8|  ap_ctrl_hs|       sha256_final|  return value|
|ctx_data_address0  |  out|    6|   ap_memory|           ctx_data|         array|
|ctx_data_ce0       |  out|    1|   ap_memory|           ctx_data|         array|
|ctx_data_we0       |  out|    1|   ap_memory|           ctx_data|         array|
|ctx_data_d0        |  out|    8|   ap_memory|           ctx_data|         array|
|ctx_data_q0        |   in|    8|   ap_memory|           ctx_data|         array|
|ctx_data_address1  |  out|    6|   ap_memory|           ctx_data|         array|
|ctx_data_ce1       |  out|    1|   ap_memory|           ctx_data|         array|
|ctx_data_we1       |  out|    1|   ap_memory|           ctx_data|         array|
|ctx_data_d1        |  out|    8|   ap_memory|           ctx_data|         array|
|ctx_data_q1        |   in|    8|   ap_memory|           ctx_data|         array|
|p_read             |   in|   32|     ap_none|             p_read|        scalar|
|ctx_bitlen_0_read  |   in|   32|     ap_none|  ctx_bitlen_0_read|        scalar|
|p_read3            |   in|   32|     ap_none|            p_read3|        scalar|
|p_read2            |   in|   32|     ap_none|            p_read2|        scalar|
|p_read4            |   in|   32|     ap_none|            p_read4|        scalar|
|p_read5            |   in|   32|     ap_none|            p_read5|        scalar|
|p_read6            |   in|   32|     ap_none|            p_read6|        scalar|
|p_read7            |   in|   32|     ap_none|            p_read7|        scalar|
|p_read8            |   in|   32|     ap_none|            p_read8|        scalar|
|p_read9            |   in|   32|     ap_none|            p_read9|        scalar|
|p_read10           |   in|   32|     ap_none|           p_read10|        scalar|
|p_read12           |   in|    8|     ap_none|           p_read12|        scalar|
|p_read211          |   in|    8|     ap_none|          p_read211|        scalar|
|p_read34           |   in|    8|     ap_none|           p_read34|        scalar|
|p_read412          |   in|    8|     ap_none|          p_read412|        scalar|
|p_read513          |   in|    8|     ap_none|          p_read513|        scalar|
|p_read614          |   in|    8|     ap_none|          p_read614|        scalar|
|p_read715          |   in|    8|     ap_none|          p_read715|        scalar|
|p_read816          |   in|    8|     ap_none|          p_read816|        scalar|
|p_read917          |   in|    8|     ap_none|          p_read917|        scalar|
|p_read1018         |   in|    8|     ap_none|         p_read1018|        scalar|
|p_read11           |   in|    8|     ap_none|           p_read11|        scalar|
|p_read123          |   in|    8|     ap_none|          p_read123|        scalar|
|p_read13           |   in|    8|     ap_none|           p_read13|        scalar|
|p_read14           |   in|    8|     ap_none|           p_read14|        scalar|
|p_read15           |   in|    8|     ap_none|           p_read15|        scalar|
|p_read16           |   in|    8|     ap_none|           p_read16|        scalar|
|p_read17           |   in|    8|     ap_none|           p_read17|        scalar|
|p_read18           |   in|    8|     ap_none|           p_read18|        scalar|
|p_read19           |   in|    8|     ap_none|           p_read19|        scalar|
|p_read20           |   in|    8|     ap_none|           p_read20|        scalar|
|p_read21           |   in|    8|     ap_none|           p_read21|        scalar|
|p_read22           |   in|    8|     ap_none|           p_read22|        scalar|
|p_read23           |   in|    8|     ap_none|           p_read23|        scalar|
|p_read24           |   in|    8|     ap_none|           p_read24|        scalar|
|p_read25           |   in|    8|     ap_none|           p_read25|        scalar|
|p_read26           |   in|    8|     ap_none|           p_read26|        scalar|
|p_read27           |   in|    8|     ap_none|           p_read27|        scalar|
|p_read28           |   in|    8|     ap_none|           p_read28|        scalar|
|p_read29           |   in|    8|     ap_none|           p_read29|        scalar|
|p_read30           |   in|    8|     ap_none|           p_read30|        scalar|
|p_read31           |   in|    8|     ap_none|           p_read31|        scalar|
|p_read32           |   in|    8|     ap_none|           p_read32|        scalar|
+-------------------+-----+-----+------------+-------------------+--------------+

