

================================================================
== Vitis HLS Report for 'sha256_final_Pipeline_VITIS_LOOP_138_4'
================================================================
* Date:           Thu Jul 27 12:24:47 2023

* Version:        2022.1 (Build 3526262 on Mon Apr 18 15:47:01 MDT 2022)
* Project:        shat
* Solution:       solution1 (Vivado IP Flow Target)
* Product family: virtexuplus
* Target device:  xcu280-fsvh2892-2L-e


================================================================
== Performance Estimates
================================================================
+ Timing: 
    * Summary: 
    +--------+----------+----------+------------+
    |  Clock |  Target  | Estimated| Uncertainty|
    +--------+----------+----------+------------+
    |ap_clk  |  10.00 ns|  1.760 ns|     2.70 ns|
    +--------+----------+----------+------------+

+ Latency: 
    * Summary: 
    +---------+---------+-----------+-----------+-----+-----+---------+
    |  Latency (cycles) |   Latency (absolute)  |  Interval | Pipeline|
    |   min   |   max   |    min    |    max    | min | max |   Type  |
    +---------+---------+-----------+-----------+-----+-----+---------+
    |        6|        6|  60.000 ns|  60.000 ns|    6|    6|       no|
    +---------+---------+-----------+-----------+-----+-----+---------+

    + Detail: 
        * Instance: 
        N/A

        * Loop: 
        +--------------------+---------+---------+----------+-----------+-----------+------+----------+
        |                    |  Latency (cycles) | Iteration|  Initiation Interval  | Trip |          |
        |      Loop Name     |   min   |   max   |  Latency |  achieved |   target  | Count| Pipelined|
        +--------------------+---------+---------+----------+-----------+-----------+------+----------+
        |- VITIS_LOOP_138_4  |        4|        4|         1|          1|          1|     4|       yes|
        +--------------------+---------+---------+----------+-----------+-----------+------+----------+



================================================================
== Utilization Estimates
================================================================
* Summary: 
+---------------------+---------+------+---------+---------+-----+
|         Name        | BRAM_18K|  DSP |    FF   |   LUT   | URAM|
+---------------------+---------+------+---------+---------+-----+
|DSP                  |        -|     -|        -|        -|    -|
|Expression           |        -|     -|        0|      767|    -|
|FIFO                 |        -|     -|        -|        -|    -|
|Instance             |        -|     -|        -|        -|    -|
|Memory               |        -|     -|        -|        -|    -|
|Multiplexer          |        -|     -|        -|       27|    -|
|Register             |        -|     -|      293|        -|    -|
+---------------------+---------+------+---------+---------+-----+
|Total                |        0|     0|      293|      794|    0|
+---------------------+---------+------+---------+---------+-----+
|Available SLR        |     1344|  3008|   869120|   434560|  320|
+---------------------+---------+------+---------+---------+-----+
|Utilization SLR (%)  |        0|     0|       ~0|       ~0|    0|
+---------------------+---------+------+---------+---------+-----+
|Available            |     4032|  9024|  2607360|  1303680|  960|
+---------------------+---------+------+---------+---------+-----+
|Utilization (%)      |        0|     0|       ~0|       ~0|    0|
+---------------------+---------+------+---------+---------+-----+

+ Detail: 
    * Instance: 
    N/A

    * DSP: 
    N/A

    * Memory: 
    N/A

    * FIFO: 
    N/A

    * Expression: 
    +-----------------------+----------+----+---+----+------------+------------+
    |     Variable Name     | Operation| DSP| FF| LUT| Bitwidth P0| Bitwidth P1|
    +-----------------------+----------+----+---+----+------------+------------+
    |add_ln138_fu_1118_p2   |         +|   0|  0|  10|           3|           1|
    |sub_ln139_fu_1136_p2   |         -|   0|  0|  12|           5|           5|
    |icmp_ln138_fu_1112_p2  |      icmp|   0|  0|   9|           3|           4|
    |lshr_ln139_fu_1146_p2  |      lshr|   0|  0|  92|          32|          32|
    |lshr_ln140_fu_1156_p2  |      lshr|   0|  0|  92|          32|          32|
    |lshr_ln141_fu_1166_p2  |      lshr|   0|  0|  92|          32|          32|
    |lshr_ln142_fu_1176_p2  |      lshr|   0|  0|  92|          32|          32|
    |lshr_ln143_fu_1186_p2  |      lshr|   0|  0|  92|          32|          32|
    |lshr_ln144_fu_1196_p2  |      lshr|   0|  0|  92|          32|          32|
    |lshr_ln145_fu_1206_p2  |      lshr|   0|  0|  92|          32|          32|
    |lshr_ln146_fu_1216_p2  |      lshr|   0|  0|  92|          32|          32|
    +-----------------------+----------+----+---+----+------------+------------+
    |Total                  |          |   0|  0| 767|         267|         266|
    +-----------------------+----------+----+---+----+------------+------------+

    * Multiplexer: 
    +----------------------+----+-----------+-----+-----------+
    |         Name         | LUT| Input Size| Bits| Total Bits|
    +----------------------+----+-----------+-----+-----------+
    |ap_done_int           |   9|          2|    1|          2|
    |ap_sig_allocacmp_i_1  |   9|          2|    3|          6|
    |i_fu_188              |   9|          2|    3|          6|
    +----------------------+----+-----------+-----+-----------+
    |Total                 |  27|          6|    7|         14|
    +----------------------+----+-----------+-----+-----------+

    * Register: 
    +-----------------------+---+----+-----+-----------+
    |          Name         | FF| LUT| Bits| Const Bits|
    +-----------------------+---+----+-----+-----------+
    |ap_CS_fsm              |  1|   0|    1|          0|
    |ap_done_reg            |  1|   0|    1|          0|
    |hash_0_035_fu_208      |  8|   0|    8|          0|
    |hash_10_064_fu_444     |  8|   0|    8|          0|
    |hash_11_063_fu_432     |  8|   0|    8|          0|
    |hash_12_061_fu_420     |  8|   0|    8|          0|
    |hash_13_060_fu_408     |  8|   0|    8|          0|
    |hash_1445_058_fu_396   |  8|   0|    8|          0|
    |hash_15_057_fu_384     |  8|   0|    8|          0|
    |hash_16_055_fu_372     |  8|   0|    8|          0|
    |hash_17_054_fu_360     |  8|   0|    8|          0|
    |hash_18_052_fu_348     |  8|   0|    8|          0|
    |hash_19_051_fu_336     |  8|   0|    8|          0|
    |hash_1_038_fu_232      |  8|   0|    8|          0|
    |hash_20_049_fu_324     |  8|   0|    8|          0|
    |hash_21_048_fu_312     |  8|   0|    8|          0|
    |hash_22_046_fu_300     |  8|   0|    8|          0|
    |hash_23_045_fu_288     |  8|   0|    8|          0|
    |hash_24_043_fu_276     |  8|   0|    8|          0|
    |hash_25_042_fu_264     |  8|   0|    8|          0|
    |hash_26_040_fu_252     |  8|   0|    8|          0|
    |hash_2786_039_fu_240   |  8|   0|    8|          0|
    |hash_28_037_fu_228     |  8|   0|    8|          0|
    |hash_29_036_fu_216     |  8|   0|    8|          0|
    |hash_2_041_fu_256      |  8|   0|    8|          0|
    |hash_30_034_fu_204     |  8|   0|    8|          0|
    |hash_31_033_fu_192     |  8|   0|    8|          0|
    |hash_3_044_fu_280      |  8|   0|    8|          0|
    |hash_4_047_fu_304      |  8|   0|    8|          0|
    |hash_5_050_fu_328      |  8|   0|    8|          0|
    |hash_6_053_fu_352      |  8|   0|    8|          0|
    |hash_7_056_fu_376      |  8|   0|    8|          0|
    |hash_8_059_fu_400      |  8|   0|    8|          0|
    |hash_9_062_fu_424      |  8|   0|    8|          0|
    |i_fu_188               |  3|   0|    3|          0|
    |write_flag12_0_fu_292  |  1|   0|    1|          0|
    |write_flag15_0_fu_316  |  1|   0|    1|          0|
    |write_flag18_0_fu_340  |  1|   0|    1|          0|
    |write_flag21_0_fu_364  |  1|   0|    1|          0|
    |write_flag24_0_fu_388  |  1|   0|    1|          0|
    |write_flag27_0_fu_412  |  1|   0|    1|          0|
    |write_flag30_0_fu_436  |  1|   0|    1|          0|
    |write_flag33_0_fu_440  |  1|   0|    1|          0|
    |write_flag36_0_fu_428  |  1|   0|    1|          0|
    |write_flag39_0_fu_416  |  1|   0|    1|          0|
    |write_flag3_0_fu_220   |  1|   0|    1|          0|
    |write_flag43_0_fu_404  |  1|   0|    1|          0|
    |write_flag47_0_fu_392  |  1|   0|    1|          0|
    |write_flag50_0_fu_380  |  1|   0|    1|          0|
    |write_flag53_0_fu_368  |  1|   0|    1|          0|
    |write_flag56_0_fu_356  |  1|   0|    1|          0|
    |write_flag59_0_fu_344  |  1|   0|    1|          0|
    |write_flag62_0_fu_332  |  1|   0|    1|          0|
    |write_flag65_0_fu_320  |  1|   0|    1|          0|
    |write_flag68_0_fu_308  |  1|   0|    1|          0|
    |write_flag6_0_fu_244   |  1|   0|    1|          0|
    |write_flag71_0_fu_296  |  1|   0|    1|          0|
    |write_flag74_0_fu_284  |  1|   0|    1|          0|
    |write_flag77_0_fu_272  |  1|   0|    1|          0|
    |write_flag80_0_fu_260  |  1|   0|    1|          0|
    |write_flag84_0_fu_248  |  1|   0|    1|          0|
    |write_flag88_0_fu_236  |  1|   0|    1|          0|
    |write_flag91_0_fu_224  |  1|   0|    1|          0|
    |write_flag94_0_fu_212  |  1|   0|    1|          0|
    |write_flag97_0_fu_200  |  1|   0|    1|          0|
    |write_flag9_0_fu_268   |  1|   0|    1|          0|
    |write_flag_0_fu_196    |  1|   0|    1|          0|
    +-----------------------+---+----+-----+-----------+
    |Total                  |293|   0|  293|          0|
    +-----------------------+---+----+-----+-----------+



================================================================
== Interface
================================================================
* Summary: 
+---------------------------+-----+-----+------------+----------------------------------------+--------------+
|         RTL Ports         | Dir | Bits|  Protocol  |              Source Object             |    C Type    |
+---------------------------+-----+-----+------------+----------------------------------------+--------------+
|ap_clk                     |   in|    1|  ap_ctrl_hs|  sha256_final_Pipeline_VITIS_LOOP_138_4|  return value|
|ap_rst                     |   in|    1|  ap_ctrl_hs|  sha256_final_Pipeline_VITIS_LOOP_138_4|  return value|
|ap_start                   |   in|    1|  ap_ctrl_hs|  sha256_final_Pipeline_VITIS_LOOP_138_4|  return value|
|ap_done                    |  out|    1|  ap_ctrl_hs|  sha256_final_Pipeline_VITIS_LOOP_138_4|  return value|
|ap_idle                    |  out|    1|  ap_ctrl_hs|  sha256_final_Pipeline_VITIS_LOOP_138_4|  return value|
|ap_ready                   |  out|    1|  ap_ctrl_hs|  sha256_final_Pipeline_VITIS_LOOP_138_4|  return value|
|ctx_state_0_ret1           |   in|   32|     ap_none|                        ctx_state_0_ret1|        scalar|
|ctx_state_1_ret1           |   in|   32|     ap_none|                        ctx_state_1_ret1|        scalar|
|ctx_state_2_ret1           |   in|   32|     ap_none|                        ctx_state_2_ret1|        scalar|
|ctx_state_3_ret1           |   in|   32|     ap_none|                        ctx_state_3_ret1|        scalar|
|ctx_state_4_ret1           |   in|   32|     ap_none|                        ctx_state_4_ret1|        scalar|
|ctx_state_5_ret1           |   in|   32|     ap_none|                        ctx_state_5_ret1|        scalar|
|ctx_state_6_ret1           |   in|   32|     ap_none|                        ctx_state_6_ret1|        scalar|
|ctx_state_7_ret1           |   in|   32|     ap_none|                        ctx_state_7_ret1|        scalar|
|hash_10_064_out            |  out|    8|      ap_vld|                         hash_10_064_out|       pointer|
|hash_10_064_out_ap_vld     |  out|    1|      ap_vld|                         hash_10_064_out|       pointer|
|write_flag33_0_out         |  out|    1|      ap_vld|                      write_flag33_0_out|       pointer|
|write_flag33_0_out_ap_vld  |  out|    1|      ap_vld|                      write_flag33_0_out|       pointer|
|write_flag30_0_out         |  out|    1|      ap_vld|                      write_flag30_0_out|       pointer|
|write_flag30_0_out_ap_vld  |  out|    1|      ap_vld|                      write_flag30_0_out|       pointer|
|hash_11_063_out            |  out|    8|      ap_vld|                         hash_11_063_out|       pointer|
|hash_11_063_out_ap_vld     |  out|    1|      ap_vld|                         hash_11_063_out|       pointer|
|write_flag36_0_out         |  out|    1|      ap_vld|                      write_flag36_0_out|       pointer|
|write_flag36_0_out_ap_vld  |  out|    1|      ap_vld|                      write_flag36_0_out|       pointer|
|hash_9_062_out             |  out|    8|      ap_vld|                          hash_9_062_out|       pointer|
|hash_9_062_out_ap_vld      |  out|    1|      ap_vld|                          hash_9_062_out|       pointer|
|hash_12_061_out            |  out|    8|      ap_vld|                         hash_12_061_out|       pointer|
|hash_12_061_out_ap_vld     |  out|    1|      ap_vld|                         hash_12_061_out|       pointer|
|write_flag39_0_out         |  out|    1|      ap_vld|                      write_flag39_0_out|       pointer|
|write_flag39_0_out_ap_vld  |  out|    1|      ap_vld|                      write_flag39_0_out|       pointer|
|write_flag27_0_out         |  out|    1|      ap_vld|                      write_flag27_0_out|       pointer|
|write_flag27_0_out_ap_vld  |  out|    1|      ap_vld|                      write_flag27_0_out|       pointer|
|hash_13_060_out            |  out|    8|      ap_vld|                         hash_13_060_out|       pointer|
|hash_13_060_out_ap_vld     |  out|    1|      ap_vld|                         hash_13_060_out|       pointer|
|write_flag43_0_out         |  out|    1|      ap_vld|                      write_flag43_0_out|       pointer|
|write_flag43_0_out_ap_vld  |  out|    1|      ap_vld|                      write_flag43_0_out|       pointer|
|hash_8_059_out             |  out|    8|      ap_vld|                          hash_8_059_out|       pointer|
|hash_8_059_out_ap_vld      |  out|    1|      ap_vld|                          hash_8_059_out|       pointer|
|hash_1445_058_out          |  out|    8|      ap_vld|                       hash_1445_058_out|       pointer|
|hash_1445_058_out_ap_vld   |  out|    1|      ap_vld|                       hash_1445_058_out|       pointer|
|write_flag47_0_out         |  out|    1|      ap_vld|                      write_flag47_0_out|       pointer|
|write_flag47_0_out_ap_vld  |  out|    1|      ap_vld|                      write_flag47_0_out|       pointer|
|write_flag24_0_out         |  out|    1|      ap_vld|                      write_flag24_0_out|       pointer|
|write_flag24_0_out_ap_vld  |  out|    1|      ap_vld|                      write_flag24_0_out|       pointer|
|hash_15_057_out            |  out|    8|      ap_vld|                         hash_15_057_out|       pointer|
|hash_15_057_out_ap_vld     |  out|    1|      ap_vld|                         hash_15_057_out|       pointer|
|write_flag50_0_out         |  out|    1|      ap_vld|                      write_flag50_0_out|       pointer|
|write_flag50_0_out_ap_vld  |  out|    1|      ap_vld|                      write_flag50_0_out|       pointer|
|hash_7_056_out             |  out|    8|      ap_vld|                          hash_7_056_out|       pointer|
|hash_7_056_out_ap_vld      |  out|    1|      ap_vld|                          hash_7_056_out|       pointer|
|hash_16_055_out            |  out|    8|      ap_vld|                         hash_16_055_out|       pointer|
|hash_16_055_out_ap_vld     |  out|    1|      ap_vld|                         hash_16_055_out|       pointer|
|write_flag53_0_out         |  out|    1|      ap_vld|                      write_flag53_0_out|       pointer|
|write_flag53_0_out_ap_vld  |  out|    1|      ap_vld|                      write_flag53_0_out|       pointer|
|write_flag21_0_out         |  out|    1|      ap_vld|                      write_flag21_0_out|       pointer|
|write_flag21_0_out_ap_vld  |  out|    1|      ap_vld|                      write_flag21_0_out|       pointer|
|hash_17_054_out            |  out|    8|      ap_vld|                         hash_17_054_out|       pointer|
|hash_17_054_out_ap_vld     |  out|    1|      ap_vld|                         hash_17_054_out|       pointer|
|write_flag56_0_out         |  out|    1|      ap_vld|                      write_flag56_0_out|       pointer|
|write_flag56_0_out_ap_vld  |  out|    1|      ap_vld|                      write_flag56_0_out|       pointer|
|hash_6_053_out             |  out|    8|      ap_vld|                          hash_6_053_out|       pointer|
|hash_6_053_out_ap_vld      |  out|    1|      ap_vld|                          hash_6_053_out|       pointer|
|hash_18_052_out            |  out|    8|      ap_vld|                         hash_18_052_out|       pointer|
|hash_18_052_out_ap_vld     |  out|    1|      ap_vld|                         hash_18_052_out|       pointer|
|write_flag59_0_out         |  out|    1|      ap_vld|                      write_flag59_0_out|       pointer|
|write_flag59_0_out_ap_vld  |  out|    1|      ap_vld|                      write_flag59_0_out|       pointer|
|write_flag18_0_out         |  out|    1|      ap_vld|                      write_flag18_0_out|       pointer|
|write_flag18_0_out_ap_vld  |  out|    1|      ap_vld|                      write_flag18_0_out|       pointer|
|hash_19_051_out            |  out|    8|      ap_vld|                         hash_19_051_out|       pointer|
|hash_19_051_out_ap_vld     |  out|    1|      ap_vld|                         hash_19_051_out|       pointer|
|write_flag62_0_out         |  out|    1|      ap_vld|                      write_flag62_0_out|       pointer|
|write_flag62_0_out_ap_vld  |  out|    1|      ap_vld|                      write_flag62_0_out|       pointer|
|hash_5_050_out             |  out|    8|      ap_vld|                          hash_5_050_out|       pointer|
|hash_5_050_out_ap_vld      |  out|    1|      ap_vld|                          hash_5_050_out|       pointer|
|hash_20_049_out            |  out|    8|      ap_vld|                         hash_20_049_out|       pointer|
|hash_20_049_out_ap_vld     |  out|    1|      ap_vld|                         hash_20_049_out|       pointer|
|write_flag65_0_out         |  out|    1|      ap_vld|                      write_flag65_0_out|       pointer|
|write_flag65_0_out_ap_vld  |  out|    1|      ap_vld|                      write_flag65_0_out|       pointer|
|write_flag15_0_out         |  out|    1|      ap_vld|                      write_flag15_0_out|       pointer|
|write_flag15_0_out_ap_vld  |  out|    1|      ap_vld|                      write_flag15_0_out|       pointer|
|hash_21_048_out            |  out|    8|      ap_vld|                         hash_21_048_out|       pointer|
|hash_21_048_out_ap_vld     |  out|    1|      ap_vld|                         hash_21_048_out|       pointer|
|write_flag68_0_out         |  out|    1|      ap_vld|                      write_flag68_0_out|       pointer|
|write_flag68_0_out_ap_vld  |  out|    1|      ap_vld|                      write_flag68_0_out|       pointer|
|hash_4_047_out             |  out|    8|      ap_vld|                          hash_4_047_out|       pointer|
|hash_4_047_out_ap_vld      |  out|    1|      ap_vld|                          hash_4_047_out|       pointer|
|hash_22_046_out            |  out|    8|      ap_vld|                         hash_22_046_out|       pointer|
|hash_22_046_out_ap_vld     |  out|    1|      ap_vld|                         hash_22_046_out|       pointer|
|write_flag71_0_out         |  out|    1|      ap_vld|                      write_flag71_0_out|       pointer|
|write_flag71_0_out_ap_vld  |  out|    1|      ap_vld|                      write_flag71_0_out|       pointer|
|write_flag12_0_out         |  out|    1|      ap_vld|                      write_flag12_0_out|       pointer|
|write_flag12_0_out_ap_vld  |  out|    1|      ap_vld|                      write_flag12_0_out|       pointer|
|hash_23_045_out            |  out|    8|      ap_vld|                         hash_23_045_out|       pointer|
|hash_23_045_out_ap_vld     |  out|    1|      ap_vld|                         hash_23_045_out|       pointer|
|write_flag74_0_out         |  out|    1|      ap_vld|                      write_flag74_0_out|       pointer|
|write_flag74_0_out_ap_vld  |  out|    1|      ap_vld|                      write_flag74_0_out|       pointer|
|hash_3_044_out             |  out|    8|      ap_vld|                          hash_3_044_out|       pointer|
|hash_3_044_out_ap_vld      |  out|    1|      ap_vld|                          hash_3_044_out|       pointer|
|hash_24_043_out            |  out|    8|      ap_vld|                         hash_24_043_out|       pointer|
|hash_24_043_out_ap_vld     |  out|    1|      ap_vld|                         hash_24_043_out|       pointer|
|write_flag77_0_out         |  out|    1|      ap_vld|                      write_flag77_0_out|       pointer|
|write_flag77_0_out_ap_vld  |  out|    1|      ap_vld|                      write_flag77_0_out|       pointer|
|write_flag9_0_out          |  out|    1|      ap_vld|                       write_flag9_0_out|       pointer|
|write_flag9_0_out_ap_vld   |  out|    1|      ap_vld|                       write_flag9_0_out|       pointer|
|hash_25_042_out            |  out|    8|      ap_vld|                         hash_25_042_out|       pointer|
|hash_25_042_out_ap_vld     |  out|    1|      ap_vld|                         hash_25_042_out|       pointer|
|write_flag80_0_out         |  out|    1|      ap_vld|                      write_flag80_0_out|       pointer|
|write_flag80_0_out_ap_vld  |  out|    1|      ap_vld|                      write_flag80_0_out|       pointer|
|hash_2_041_out             |  out|    8|      ap_vld|                          hash_2_041_out|       pointer|
|hash_2_041_out_ap_vld      |  out|    1|      ap_vld|                          hash_2_041_out|       pointer|
|hash_26_040_out            |  out|    8|      ap_vld|                         hash_26_040_out|       pointer|
|hash_26_040_out_ap_vld     |  out|    1|      ap_vld|                         hash_26_040_out|       pointer|
|write_flag84_0_out         |  out|    1|      ap_vld|                      write_flag84_0_out|       pointer|
|write_flag84_0_out_ap_vld  |  out|    1|      ap_vld|                      write_flag84_0_out|       pointer|
|write_flag6_0_out          |  out|    1|      ap_vld|                       write_flag6_0_out|       pointer|
|write_flag6_0_out_ap_vld   |  out|    1|      ap_vld|                       write_flag6_0_out|       pointer|
|hash_2786_039_out          |  out|    8|      ap_vld|                       hash_2786_039_out|       pointer|
|hash_2786_039_out_ap_vld   |  out|    1|      ap_vld|                       hash_2786_039_out|       pointer|
|write_flag88_0_out         |  out|    1|      ap_vld|                      write_flag88_0_out|       pointer|
|write_flag88_0_out_ap_vld  |  out|    1|      ap_vld|                      write_flag88_0_out|       pointer|
|hash_1_038_out             |  out|    8|      ap_vld|                          hash_1_038_out|       pointer|
|hash_1_038_out_ap_vld      |  out|    1|      ap_vld|                          hash_1_038_out|       pointer|
|hash_28_037_out            |  out|    8|      ap_vld|                         hash_28_037_out|       pointer|
|hash_28_037_out_ap_vld     |  out|    1|      ap_vld|                         hash_28_037_out|       pointer|
|write_flag91_0_out         |  out|    1|      ap_vld|                      write_flag91_0_out|       pointer|
|write_flag91_0_out_ap_vld  |  out|    1|      ap_vld|                      write_flag91_0_out|       pointer|
|write_flag3_0_out          |  out|    1|      ap_vld|                       write_flag3_0_out|       pointer|
|write_flag3_0_out_ap_vld   |  out|    1|      ap_vld|                       write_flag3_0_out|       pointer|
|hash_29_036_out            |  out|    8|      ap_vld|                         hash_29_036_out|       pointer|
|hash_29_036_out_ap_vld     |  out|    1|      ap_vld|                         hash_29_036_out|       pointer|
|write_flag94_0_out         |  out|    1|      ap_vld|                      write_flag94_0_out|       pointer|
|write_flag94_0_out_ap_vld  |  out|    1|      ap_vld|                      write_flag94_0_out|       pointer|
|hash_0_035_out             |  out|    8|      ap_vld|                          hash_0_035_out|       pointer|
|hash_0_035_out_ap_vld      |  out|    1|      ap_vld|                          hash_0_035_out|       pointer|
|hash_30_034_out            |  out|    8|      ap_vld|                         hash_30_034_out|       pointer|
|hash_30_034_out_ap_vld     |  out|    1|      ap_vld|                         hash_30_034_out|       pointer|
|write_flag97_0_out         |  out|    1|      ap_vld|                      write_flag97_0_out|       pointer|
|write_flag97_0_out_ap_vld  |  out|    1|      ap_vld|                      write_flag97_0_out|       pointer|
|write_flag_0_out           |  out|    1|      ap_vld|                        write_flag_0_out|       pointer|
|write_flag_0_out_ap_vld    |  out|    1|      ap_vld|                        write_flag_0_out|       pointer|
|hash_31_033_out            |  out|    8|      ap_vld|                         hash_31_033_out|       pointer|
|hash_31_033_out_ap_vld     |  out|    1|      ap_vld|                         hash_31_033_out|       pointer|
+---------------------------+-----+-----+------------+----------------------------------------+--------------+

