

================================================================
== Vitis HLS Report for 'sha2561_Pipeline_VITIS_LOOP_90_1'
================================================================
* Date:           Thu Jul 27 12:24:43 2023

* Version:        2022.1 (Build 3526262 on Mon Apr 18 15:47:01 MDT 2022)
* Project:        shat
* Solution:       solution1 (Vivado IP Flow Target)
* Product family: virtexuplus
* Target device:  xcu280-fsvh2892-2L-e


================================================================
== Performance Estimates
================================================================
+ Timing: 
    * Summary: 
    +--------+----------+----------+------------+
    |  Clock |  Target  | Estimated| Uncertainty|
    +--------+----------+----------+------------+
    |ap_clk  |  10.00 ns|  7.175 ns|     2.70 ns|
    +--------+----------+----------+------------+

+ Latency: 
    * Summary: 
    +---------+---------+-----------+-----------+------+------+---------+
    |  Latency (cycles) |   Latency (absolute)  |   Interval  | Pipeline|
    |   min   |   max   |    min    |    max    |  min |  max |   Type  |
    +---------+---------+-----------+-----------+------+------+---------+
    |     3330|     3330|  33.300 us|  33.300 us|  3330|  3330|       no|
    +---------+---------+-----------+-----------+------+------+---------+

    + Detail: 
        * Instance: 
        +-----------------------------+------------------+---------+---------+----------+----------+-----+-----+---------+
        |                             |                  |  Latency (cycles) |  Latency (absolute) |  Interval | Pipeline|
        |           Instance          |      Module      |   min   |   max   |    min   |    max   | min | max |   Type  |
        +-----------------------------+------------------+---------+---------+----------+----------+-----+-----+---------+
        |grp_sha256_transform_fu_804  |sha256_transform  |       50|       50|  0.500 us|  0.500 us|   32|   32|      yes|
        +-----------------------------+------------------+---------+---------+----------+----------+-----+-----+---------+

        * Loop: 
        +-------------------+---------+---------+----------+-----------+-----------+------+----------+
        |                   |  Latency (cycles) | Iteration|  Initiation Interval  | Trip |          |
        |     Loop Name     |   min   |   max   |  Latency |  achieved |   target  | Count| Pipelined|
        +-------------------+---------+---------+----------+-----------+-----------+------+----------+
        |- VITIS_LOOP_90_1  |     3328|     3328|        52|         52|          1|    64|       yes|
        +-------------------+---------+---------+----------+-----------+-----------+------+----------+



================================================================
== Utilization Estimates
================================================================
* Summary: 
+---------------------+---------+------+---------+---------+-----+
|         Name        | BRAM_18K|  DSP |    FF   |   LUT   | URAM|
+---------------------+---------+------+---------+---------+-----+
|DSP                  |        -|     -|        -|        -|    -|
|Expression           |        -|     -|        0|      220|    -|
|FIFO                 |        -|     -|        -|        -|    -|
|Instance             |        -|     -|     9362|    51523|    -|
|Memory               |        -|     -|        -|        -|    -|
|Multiplexer          |        -|     -|        -|      415|    -|
|Register             |        -|     -|      424|        -|    -|
+---------------------+---------+------+---------+---------+-----+
|Total                |        0|     0|     9786|    52158|    0|
+---------------------+---------+------+---------+---------+-----+
|Available SLR        |     1344|  3008|   869120|   434560|  320|
+---------------------+---------+------+---------+---------+-----+
|Utilization SLR (%)  |        0|     0|        1|       12|    0|
+---------------------+---------+------+---------+---------+-----+
|Available            |     4032|  9024|  2607360|  1303680|  960|
+---------------------+---------+------+---------+---------+-----+
|Utilization (%)      |        0|     0|       ~0|        4|    0|
+---------------------+---------+------+---------+---------+-----+

+ Detail: 
    * Instance: 
    +-----------------------------+------------------+---------+----+------+-------+-----+
    |           Instance          |      Module      | BRAM_18K| DSP|  FF  |  LUT  | URAM|
    +-----------------------------+------------------+---------+----+------+-------+-----+
    |mux_647_8_1_1_U139           |mux_647_8_1_1     |        0|   0|     0|    273|    0|
    |grp_sha256_transform_fu_804  |sha256_transform  |        0|   0|  9362|  51250|    0|
    +-----------------------------+------------------+---------+----+------+-------+-----+
    |Total                        |                  |        0|   0|  9362|  51523|    0|
    +-----------------------------+------------------+---------+----+------+-------+-----+

    * DSP: 
    N/A

    * Memory: 
    N/A

    * FIFO: 
    N/A

    * Expression: 
    +---------------------------------------+----------+----+---+----+------------+------------+
    |             Variable Name             | Operation| DSP| FF| LUT| Bitwidth P0| Bitwidth P1|
    +---------------------------------------+----------+----+---+----+------------+------------+
    |add_ln90_fu_887_p2                     |         +|   0|  0|  14|           7|           1|
    |add_ln92_fu_972_p2                     |         +|   0|  0|  39|          32|           1|
    |add_ln95_1_fu_1047_p2                  |         +|   0|  0|  39|          32|          10|
    |add_ln95_fu_1033_p2                    |         +|   0|  0|  39|          32|           1|
    |ap_condition_1441                      |       and|   0|  0|   2|           1|           1|
    |ap_predicate_op182_call_state3_state2  |       and|   0|  0|   2|           1|           1|
    |icmp_ln90_fu_881_p2                    |      icmp|   0|  0|  11|           7|           8|
    |icmp_ln93_fu_978_p2                    |      icmp|   0|  0|  20|          32|           7|
    |icmp_ln95_fu_1027_p2                   |      icmp|   0|  0|  20|          32|          11|
    |select_ln95_fu_1039_p3                 |    select|   0|  0|  32|           1|          32|
    |ap_enable_pp0                          |       xor|   0|  0|   2|           1|           2|
    +---------------------------------------+----------+----+---+----+------------+------------+
    |Total                                  |          |   0|  0| 220|         178|          75|
    +---------------------------------------+----------+----+---+----+------------+------------+

    * Multiplexer: 
    +-----------------------------+-----+-----------+-----+-----------+
    |             Name            | LUT | Input Size| Bits| Total Bits|
    +-----------------------------+-----+-----------+-----+-----------+
    |ap_NS_fsm                    |  229|         53|    1|         53|
    |ap_done_int                  |    9|          2|    1|          2|
    |ap_enable_reg_pp0_iter0      |    9|          2|    1|          2|
    |ap_enable_reg_pp0_iter0_reg  |    9|          2|    1|          2|
    |ap_enable_reg_pp0_iter1      |    9|          2|    1|          2|
    |i_5_fu_220                   |    9|          2|    7|         14|
    |sha256ctx_bitlen_0_fu_224    |    9|          2|   32|         64|
    |sha256ctx_bitlen_1_fu_228    |    9|          2|   32|         64|
    |sha256ctx_data_address0      |   14|          3|    6|         18|
    |sha256ctx_data_ce0           |   14|          3|    1|          3|
    |sha256ctx_data_ce1           |    9|          2|    1|          2|
    |sha256ctx_datalen_fu_216     |   14|          3|   32|         96|
    |sha256ctx_state_0_1_fu_240   |    9|          2|   32|         64|
    |sha256ctx_state_1_1_fu_244   |    9|          2|   32|         64|
    |sha256ctx_state_2_1_fu_248   |    9|          2|   32|         64|
    |sha256ctx_state_3_1_fu_252   |    9|          2|   32|         64|
    |sha256ctx_state_4_1_fu_256   |    9|          2|   32|         64|
    |sha256ctx_state_5_1_fu_260   |    9|          2|   32|         64|
    |sha256ctx_state_6_1_fu_236   |    9|          2|   32|         64|
    |sha256ctx_state_7_1_fu_232   |    9|          2|   32|         64|
    +-----------------------------+-----+-----------+-----+-----------+
    |Total                        |  415|         94|  372|        834|
    +-----------------------------+-----+-----------+-----+-----------+

    * Register: 
    +------------------------------------------+----+----+-----+-----------+
    |                   Name                   | FF | LUT| Bits| Const Bits|
    +------------------------------------------+----+----+-----+-----------+
    |add_ln90_reg_1608                         |   7|   0|    7|          0|
    |ap_CS_fsm                                 |  52|   0|   52|          0|
    |ap_done_reg                               |   1|   0|    1|          0|
    |ap_enable_reg_pp0_iter0_reg               |   1|   0|    1|          0|
    |ap_enable_reg_pp0_iter1                   |   1|   0|    1|          0|
    |grp_sha256_transform_fu_804_ap_start_reg  |   1|   0|    1|          0|
    |i_5_fu_220                                |   7|   0|    7|          0|
    |icmp_ln90_reg_1604                        |   1|   0|    1|          0|
    |icmp_ln93_reg_1613                        |   1|   0|    1|          0|
    |sha256ctx_bitlen_0_fu_224                 |  32|   0|   32|          0|
    |sha256ctx_bitlen_1_fu_228                 |  32|   0|   32|          0|
    |sha256ctx_datalen_fu_216                  |  32|   0|   32|          0|
    |sha256ctx_state_0_1_fu_240                |  32|   0|   32|          0|
    |sha256ctx_state_1_1_fu_244                |  32|   0|   32|          0|
    |sha256ctx_state_2_1_fu_248                |  32|   0|   32|          0|
    |sha256ctx_state_3_1_fu_252                |  32|   0|   32|          0|
    |sha256ctx_state_4_1_fu_256                |  32|   0|   32|          0|
    |sha256ctx_state_5_1_fu_260                |  32|   0|   32|          0|
    |sha256ctx_state_6_1_fu_236                |  32|   0|   32|          0|
    |sha256ctx_state_7_1_fu_232                |  32|   0|   32|          0|
    +------------------------------------------+----+----+-----+-----------+
    |Total                                     | 424|   0|  424|          0|
    +------------------------------------------+----+----+-----+-----------+



================================================================
== Interface
================================================================
* Summary: 
+--------------------------------+-----+-----+------------+----------------------------------+--------------+
|            RTL Ports           | Dir | Bits|  Protocol  |           Source Object          |    C Type    |
+--------------------------------+-----+-----+------------+----------------------------------+--------------+
|ap_clk                          |   in|    1|  ap_ctrl_hs|  sha2561_Pipeline_VITIS_LOOP_90_1|  return value|
|ap_rst                          |   in|    1|  ap_ctrl_hs|  sha2561_Pipeline_VITIS_LOOP_90_1|  return value|
|ap_start                        |   in|    1|  ap_ctrl_hs|  sha2561_Pipeline_VITIS_LOOP_90_1|  return value|
|ap_done                         |  out|    1|  ap_ctrl_hs|  sha2561_Pipeline_VITIS_LOOP_90_1|  return value|
|ap_idle                         |  out|    1|  ap_ctrl_hs|  sha2561_Pipeline_VITIS_LOOP_90_1|  return value|
|ap_ready                        |  out|    1|  ap_ctrl_hs|  sha2561_Pipeline_VITIS_LOOP_90_1|  return value|
|sha256ctx_state_5_0             |   in|   32|     ap_none|               sha256ctx_state_5_0|        scalar|
|sha256ctx_state_4_0             |   in|   32|     ap_none|               sha256ctx_state_4_0|        scalar|
|sha256ctx_state_3_0             |   in|   32|     ap_none|               sha256ctx_state_3_0|        scalar|
|sha256ctx_state_2_0             |   in|   32|     ap_none|               sha256ctx_state_2_0|        scalar|
|sha256ctx_state_1_0             |   in|   32|     ap_none|               sha256ctx_state_1_0|        scalar|
|sha256ctx_state_0_0             |   in|   32|     ap_none|               sha256ctx_state_0_0|        scalar|
|sha256ctx_state_6_0             |   in|   32|     ap_none|               sha256ctx_state_6_0|        scalar|
|sha256ctx_state_7_0             |   in|   32|     ap_none|               sha256ctx_state_7_0|        scalar|
|p_lcssa1317                     |   in|   32|     ap_none|                       p_lcssa1317|        scalar|
|p_lcssa1215                     |   in|   32|     ap_none|                       p_lcssa1215|        scalar|
|p_lcssa140                      |   in|   32|     ap_none|                        p_lcssa140|        scalar|
|seg_buf_96_reload               |   in|    8|     ap_none|                 seg_buf_96_reload|        scalar|
|seg_buf_95_reload               |   in|    8|     ap_none|                 seg_buf_95_reload|        scalar|
|seg_buf_94_reload               |   in|    8|     ap_none|                 seg_buf_94_reload|        scalar|
|seg_buf_93_reload               |   in|    8|     ap_none|                 seg_buf_93_reload|        scalar|
|seg_buf_92_reload               |   in|    8|     ap_none|                 seg_buf_92_reload|        scalar|
|seg_buf_91_reload               |   in|    8|     ap_none|                 seg_buf_91_reload|        scalar|
|seg_buf_90_reload               |   in|    8|     ap_none|                 seg_buf_90_reload|        scalar|
|seg_buf_89_reload               |   in|    8|     ap_none|                 seg_buf_89_reload|        scalar|
|seg_buf_88_reload               |   in|    8|     ap_none|                 seg_buf_88_reload|        scalar|
|seg_buf_87_reload               |   in|    8|     ap_none|                 seg_buf_87_reload|        scalar|
|seg_buf_86_reload               |   in|    8|     ap_none|                 seg_buf_86_reload|        scalar|
|seg_buf_85_reload               |   in|    8|     ap_none|                 seg_buf_85_reload|        scalar|
|seg_buf_84_reload               |   in|    8|     ap_none|                 seg_buf_84_reload|        scalar|
|seg_buf_83_reload               |   in|    8|     ap_none|                 seg_buf_83_reload|        scalar|
|seg_buf_82_reload               |   in|    8|     ap_none|                 seg_buf_82_reload|        scalar|
|seg_buf_81_reload               |   in|    8|     ap_none|                 seg_buf_81_reload|        scalar|
|seg_buf_80_reload               |   in|    8|     ap_none|                 seg_buf_80_reload|        scalar|
|seg_buf_79_reload               |   in|    8|     ap_none|                 seg_buf_79_reload|        scalar|
|seg_buf_78_reload               |   in|    8|     ap_none|                 seg_buf_78_reload|        scalar|
|seg_buf_77_reload               |   in|    8|     ap_none|                 seg_buf_77_reload|        scalar|
|seg_buf_76_reload               |   in|    8|     ap_none|                 seg_buf_76_reload|        scalar|
|seg_buf_75_reload               |   in|    8|     ap_none|                 seg_buf_75_reload|        scalar|
|seg_buf_74_reload               |   in|    8|     ap_none|                 seg_buf_74_reload|        scalar|
|seg_buf_73_reload               |   in|    8|     ap_none|                 seg_buf_73_reload|        scalar|
|seg_buf_72_reload               |   in|    8|     ap_none|                 seg_buf_72_reload|        scalar|
|seg_buf_71_reload               |   in|    8|     ap_none|                 seg_buf_71_reload|        scalar|
|seg_buf_70_reload               |   in|    8|     ap_none|                 seg_buf_70_reload|        scalar|
|seg_buf_69_reload               |   in|    8|     ap_none|                 seg_buf_69_reload|        scalar|
|seg_buf_68_reload               |   in|    8|     ap_none|                 seg_buf_68_reload|        scalar|
|seg_buf_67_reload               |   in|    8|     ap_none|                 seg_buf_67_reload|        scalar|
|seg_buf_66_reload               |   in|    8|     ap_none|                 seg_buf_66_reload|        scalar|
|seg_buf_65_reload               |   in|    8|     ap_none|                 seg_buf_65_reload|        scalar|
|seg_buf_32_reload               |   in|    8|     ap_none|                 seg_buf_32_reload|        scalar|
|seg_buf_33_reload               |   in|    8|     ap_none|                 seg_buf_33_reload|        scalar|
|seg_buf_34_reload               |   in|    8|     ap_none|                 seg_buf_34_reload|        scalar|
|seg_buf_35_reload               |   in|    8|     ap_none|                 seg_buf_35_reload|        scalar|
|seg_buf_36_reload               |   in|    8|     ap_none|                 seg_buf_36_reload|        scalar|
|seg_buf_37_reload               |   in|    8|     ap_none|                 seg_buf_37_reload|        scalar|
|seg_buf_38_reload               |   in|    8|     ap_none|                 seg_buf_38_reload|        scalar|
|seg_buf_39_reload               |   in|    8|     ap_none|                 seg_buf_39_reload|        scalar|
|seg_buf_40_reload               |   in|    8|     ap_none|                 seg_buf_40_reload|        scalar|
|seg_buf_41_reload               |   in|    8|     ap_none|                 seg_buf_41_reload|        scalar|
|seg_buf_42_reload               |   in|    8|     ap_none|                 seg_buf_42_reload|        scalar|
|seg_buf_43_reload               |   in|    8|     ap_none|                 seg_buf_43_reload|        scalar|
|seg_buf_44_reload               |   in|    8|     ap_none|                 seg_buf_44_reload|        scalar|
|seg_buf_45_reload               |   in|    8|     ap_none|                 seg_buf_45_reload|        scalar|
|seg_buf_46_reload               |   in|    8|     ap_none|                 seg_buf_46_reload|        scalar|
|seg_buf_47_reload               |   in|    8|     ap_none|                 seg_buf_47_reload|        scalar|
|seg_buf_48_reload               |   in|    8|     ap_none|                 seg_buf_48_reload|        scalar|
|seg_buf_49_reload               |   in|    8|     ap_none|                 seg_buf_49_reload|        scalar|
|seg_buf_50_reload               |   in|    8|     ap_none|                 seg_buf_50_reload|        scalar|
|seg_buf_51_reload               |   in|    8|     ap_none|                 seg_buf_51_reload|        scalar|
|seg_buf_52_reload               |   in|    8|     ap_none|                 seg_buf_52_reload|        scalar|
|seg_buf_53_reload               |   in|    8|     ap_none|                 seg_buf_53_reload|        scalar|
|seg_buf_54_reload               |   in|    8|     ap_none|                 seg_buf_54_reload|        scalar|
|seg_buf_55_reload               |   in|    8|     ap_none|                 seg_buf_55_reload|        scalar|
|seg_buf_56_reload               |   in|    8|     ap_none|                 seg_buf_56_reload|        scalar|
|seg_buf_57_reload               |   in|    8|     ap_none|                 seg_buf_57_reload|        scalar|
|seg_buf_58_reload               |   in|    8|     ap_none|                 seg_buf_58_reload|        scalar|
|seg_buf_59_reload               |   in|    8|     ap_none|                 seg_buf_59_reload|        scalar|
|seg_buf_60_reload               |   in|    8|     ap_none|                 seg_buf_60_reload|        scalar|
|seg_buf_61_reload               |   in|    8|     ap_none|                 seg_buf_61_reload|        scalar|
|seg_buf_62_reload               |   in|    8|     ap_none|                 seg_buf_62_reload|        scalar|
|seg_buf_63_reload               |   in|    8|     ap_none|                 seg_buf_63_reload|        scalar|
|sha256ctx_data_address0         |  out|    6|   ap_memory|                    sha256ctx_data|         array|
|sha256ctx_data_ce0              |  out|    1|   ap_memory|                    sha256ctx_data|         array|
|sha256ctx_data_we0              |  out|    1|   ap_memory|                    sha256ctx_data|         array|
|sha256ctx_data_d0               |  out|    8|   ap_memory|                    sha256ctx_data|         array|
|sha256ctx_data_q0               |   in|    8|   ap_memory|                    sha256ctx_data|         array|
|sha256ctx_data_address1         |  out|    6|   ap_memory|                    sha256ctx_data|         array|
|sha256ctx_data_ce1              |  out|    1|   ap_memory|                    sha256ctx_data|         array|
|sha256ctx_data_q1               |   in|    8|   ap_memory|                    sha256ctx_data|         array|
|sha256ctx_state_5_1_out         |  out|   32|      ap_vld|           sha256ctx_state_5_1_out|       pointer|
|sha256ctx_state_5_1_out_ap_vld  |  out|    1|      ap_vld|           sha256ctx_state_5_1_out|       pointer|
|sha256ctx_state_4_1_out         |  out|   32|      ap_vld|           sha256ctx_state_4_1_out|       pointer|
|sha256ctx_state_4_1_out_ap_vld  |  out|    1|      ap_vld|           sha256ctx_state_4_1_out|       pointer|
|sha256ctx_state_3_1_out         |  out|   32|      ap_vld|           sha256ctx_state_3_1_out|       pointer|
|sha256ctx_state_3_1_out_ap_vld  |  out|    1|      ap_vld|           sha256ctx_state_3_1_out|       pointer|
|sha256ctx_state_2_1_out         |  out|   32|      ap_vld|           sha256ctx_state_2_1_out|       pointer|
|sha256ctx_state_2_1_out_ap_vld  |  out|    1|      ap_vld|           sha256ctx_state_2_1_out|       pointer|
|sha256ctx_state_1_1_out         |  out|   32|      ap_vld|           sha256ctx_state_1_1_out|       pointer|
|sha256ctx_state_1_1_out_ap_vld  |  out|    1|      ap_vld|           sha256ctx_state_1_1_out|       pointer|
|sha256ctx_state_0_1_out         |  out|   32|      ap_vld|           sha256ctx_state_0_1_out|       pointer|
|sha256ctx_state_0_1_out_ap_vld  |  out|    1|      ap_vld|           sha256ctx_state_0_1_out|       pointer|
|sha256ctx_state_6_1_out         |  out|   32|      ap_vld|           sha256ctx_state_6_1_out|       pointer|
|sha256ctx_state_6_1_out_ap_vld  |  out|    1|      ap_vld|           sha256ctx_state_6_1_out|       pointer|
|sha256ctx_state_7_1_out         |  out|   32|      ap_vld|           sha256ctx_state_7_1_out|       pointer|
|sha256ctx_state_7_1_out_ap_vld  |  out|    1|      ap_vld|           sha256ctx_state_7_1_out|       pointer|
|sha256ctx_bitlen_1_out          |  out|   32|      ap_vld|            sha256ctx_bitlen_1_out|       pointer|
|sha256ctx_bitlen_1_out_ap_vld   |  out|    1|      ap_vld|            sha256ctx_bitlen_1_out|       pointer|
|sha256ctx_bitlen_0_out          |  out|   32|      ap_vld|            sha256ctx_bitlen_0_out|       pointer|
|sha256ctx_bitlen_0_out_ap_vld   |  out|    1|      ap_vld|            sha256ctx_bitlen_0_out|       pointer|
|sha256ctx_datalen_out           |  out|   32|      ap_vld|             sha256ctx_datalen_out|       pointer|
|sha256ctx_datalen_out_ap_vld    |  out|    1|      ap_vld|             sha256ctx_datalen_out|       pointer|
+--------------------------------+-----+-----+------------+----------------------------------+--------------+

