

================================================================
== Vitis HLS Report for 'sha256_final_Pipeline_VITIS_LOOP_118_3'
================================================================
* Date:           Thu Jul 27 12:24:46 2023

* Version:        2022.1 (Build 3526262 on Mon Apr 18 15:47:01 MDT 2022)
* Project:        shat
* Solution:       solution1 (Vivado IP Flow Target)
* Product family: virtexuplus
* Target device:  xcu280-fsvh2892-2L-e


================================================================
== Performance Estimates
================================================================
+ Timing: 
    * Summary: 
    +--------+----------+----------+------------+
    |  Clock |  Target  | Estimated| Uncertainty|
    +--------+----------+----------+------------+
    |ap_clk  |  10.00 ns|  1.286 ns|     2.70 ns|
    +--------+----------+----------+------------+

+ Latency: 
    * Summary: 
    +---------+---------+----------+----------+-----+-----+---------+
    |  Latency (cycles) |  Latency (absolute) |  Interval | Pipeline|
    |   min   |   max   |    min   |    max   | min | max |   Type  |
    +---------+---------+----------+----------+-----+-----+---------+
    |       58|       58|  0.580 us|  0.580 us|   58|   58|       no|
    +---------+---------+----------+----------+-----+-----+---------+

    + Detail: 
        * Instance: 
        N/A

        * Loop: 
        +--------------------+---------+---------+----------+-----------+-----------+------+----------+
        |                    |  Latency (cycles) | Iteration|  Initiation Interval  | Trip |          |
        |      Loop Name     |   min   |   max   |  Latency |  achieved |   target  | Count| Pipelined|
        +--------------------+---------+---------+----------+-----------+-----------+------+----------+
        |- VITIS_LOOP_118_3  |       56|       56|         1|          1|          1|    56|       yes|
        +--------------------+---------+---------+----------+-----------+-----------+------+----------+



================================================================
== Utilization Estimates
================================================================
* Summary: 
+---------------------+---------+------+---------+---------+-----+
|         Name        | BRAM_18K|  DSP |    FF   |   LUT   | URAM|
+---------------------+---------+------+---------+---------+-----+
|DSP                  |        -|     -|        -|        -|    -|
|Expression           |        -|     -|        0|       23|    -|
|FIFO                 |        -|     -|        -|        -|    -|
|Instance             |        -|     -|        -|        -|    -|
|Memory               |        -|     -|        -|        -|    -|
|Multiplexer          |        -|     -|        -|       27|    -|
|Register             |        -|     -|        8|        -|    -|
+---------------------+---------+------+---------+---------+-----+
|Total                |        0|     0|        8|       50|    0|
+---------------------+---------+------+---------+---------+-----+
|Available SLR        |     1344|  3008|   869120|   434560|  320|
+---------------------+---------+------+---------+---------+-----+
|Utilization SLR (%)  |        0|     0|       ~0|       ~0|    0|
+---------------------+---------+------+---------+---------+-----+
|Available            |     4032|  9024|  2607360|  1303680|  960|
+---------------------+---------+------+---------+---------+-----+
|Utilization (%)      |        0|     0|       ~0|       ~0|    0|
+---------------------+---------+------+---------+---------+-----+

+ Detail: 
    * Instance: 
    N/A

    * DSP: 
    N/A

    * Memory: 
    N/A

    * FIFO: 
    N/A

    * Expression: 
    +---------------------+----------+----+---+----+------------+------------+
    |    Variable Name    | Operation| DSP| FF| LUT| Bitwidth P0| Bitwidth P1|
    +---------------------+----------+----+---+----+------------+------------+
    |add_ln118_fu_62_p2   |         +|   0|  0|  13|           6|           1|
    |icmp_ln118_fu_56_p2  |      icmp|   0|  0|  10|           6|           5|
    +---------------------+----------+----+---+----+------------+------------+
    |Total                |          |   0|  0|  23|          12|           6|
    +---------------------+----------+----+---+----+------------+------------+

    * Multiplexer: 
    +----------------------+----+-----------+-----+-----------+
    |         Name         | LUT| Input Size| Bits| Total Bits|
    +----------------------+----+-----------+-----+-----------+
    |ap_done_int           |   9|          2|    1|          2|
    |ap_sig_allocacmp_i_2  |   9|          2|    6|         12|
    |i_fu_30               |   9|          2|    6|         12|
    +----------------------+----+-----------+-----+-----------+
    |Total                 |  27|          6|   13|         26|
    +----------------------+----+-----------+-----+-----------+

    * Register: 
    +-------------+---+----+-----+-----------+
    |     Name    | FF| LUT| Bits| Const Bits|
    +-------------+---+----+-----+-----------+
    |ap_CS_fsm    |  1|   0|    1|          0|
    |ap_done_reg  |  1|   0|    1|          0|
    |i_fu_30      |  6|   0|    6|          0|
    +-------------+---+----+-----+-----------+
    |Total        |  8|   0|    8|          0|
    +-------------+---+----+-----+-----------+



================================================================
== Interface
================================================================
* Summary: 
+-------------------+-----+-----+------------+----------------------------------------+--------------+
|     RTL Ports     | Dir | Bits|  Protocol  |              Source Object             |    C Type    |
+-------------------+-----+-----+------------+----------------------------------------+--------------+
|ap_clk             |   in|    1|  ap_ctrl_hs|  sha256_final_Pipeline_VITIS_LOOP_118_3|  return value|
|ap_rst             |   in|    1|  ap_ctrl_hs|  sha256_final_Pipeline_VITIS_LOOP_118_3|  return value|
|ap_start           |   in|    1|  ap_ctrl_hs|  sha256_final_Pipeline_VITIS_LOOP_118_3|  return value|
|ap_done            |  out|    1|  ap_ctrl_hs|  sha256_final_Pipeline_VITIS_LOOP_118_3|  return value|
|ap_idle            |  out|    1|  ap_ctrl_hs|  sha256_final_Pipeline_VITIS_LOOP_118_3|  return value|
|ap_ready           |  out|    1|  ap_ctrl_hs|  sha256_final_Pipeline_VITIS_LOOP_118_3|  return value|
|ctx_data_address0  |  out|    6|   ap_memory|                                ctx_data|         array|
|ctx_data_ce0       |  out|    1|   ap_memory|                                ctx_data|         array|
|ctx_data_we0       |  out|    1|   ap_memory|                                ctx_data|         array|
|ctx_data_d0        |  out|    8|   ap_memory|                                ctx_data|         array|
+-------------------+-----+-----+------------+----------------------------------------+--------------+

